[0.925s] Invoking command in '/home/zx/ws_moveit2/src/tihu_2': PYTHONPATH=/home/zx/ws_moveit2/build/tihu_2/prefix_override:/home/zx/ws_moveit2/install/tihu_2/lib/python3.10/site-packages:${PYTHONPATH} /usr/bin/python3 setup.py egg_info --egg-base ../../build/tihu_2 build --build-base /home/zx/ws_moveit2/build/tihu_2/build install --record /home/zx/ws_moveit2/build/tihu_2/install.log --single-version-externally-managed
[1.198s] running egg_info
[1.199s] writing ../../build/tihu_2/tihu_2.egg-info/PKG-INFO
[1.199s] writing dependency_links to ../../build/tihu_2/tihu_2.egg-info/dependency_links.txt
[1.199s] writing entry points to ../../build/tihu_2/tihu_2.egg-info/entry_points.txt
[1.199s] writing requirements to ../../build/tihu_2/tihu_2.egg-info/requires.txt
[1.200s] writing top-level names to ../../build/tihu_2/tihu_2.egg-info/top_level.txt
[1.201s] reading manifest file '../../build/tihu_2/tihu_2.egg-info/SOURCES.txt'
[1.201s] writing manifest file '../../build/tihu_2/tihu_2.egg-info/SOURCES.txt'
[1.202s] running build
[1.202s] running build_py
[1.202s] running install
[1.202s] running install_lib
[1.203s] running install_data
[1.204s] running install_egg_info
[1.205s] removing '/home/zx/ws_moveit2/install/tihu_2/lib/python3.10/site-packages/tihu_2-0.0.0-py3.10.egg-info' (and everything under it)
[1.205s] Copying ../../build/tihu_2/tihu_2.egg-info to /home/zx/ws_moveit2/install/tihu_2/lib/python3.10/site-packages/tihu_2-0.0.0-py3.10.egg-info
[1.206s] running install_scripts
[1.225s] writing list of installed files to '/home/zx/ws_moveit2/build/tihu_2/install.log'
[1.259s] Invoked command in '/home/zx/ws_moveit2/src/tihu_2' returned '0': PYTHONPATH=/home/zx/ws_moveit2/build/tihu_2/prefix_override:/home/zx/ws_moveit2/install/tihu_2/lib/python3.10/site-packages:${PYTHONPATH} /usr/bin/python3 setup.py egg_info --egg-base ../../build/tihu_2 build --build-base /home/zx/ws_moveit2/build/tihu_2/build install --record /home/zx/ws_moveit2/build/tihu_2/install.log --single-version-externally-managed
