[0.038s] Invoking command in '/home/zx/ws_moveit2/build/moveit_common': CMAKE_PREFIX_PATH=/opt/ros/humble /usr/bin/cmake --build /home/zx/ws_moveit2/build/moveit_common -- -j12 -l12
[0.436s] Invoked command in '/home/zx/ws_moveit2/build/moveit_common' returned '0': CMAKE_PREFIX_PATH=/opt/ros/humble /usr/bin/cmake --build /home/zx/ws_moveit2/build/moveit_common -- -j12 -l12
[0.466s] Invoking command in '/home/zx/ws_moveit2/build/moveit_common': CMAKE_PREFIX_PATH=/opt/ros/humble /usr/bin/cmake --install /home/zx/ws_moveit2/build/moveit_common
[0.490s] -- Install configuration: ""
[0.491s] -- Up-to-date: /home/zx/ws_moveit2/install/moveit_common/share/ament_index/resource_index/package_run_dependencies/moveit_common
[0.491s] -- Up-to-date: /home/zx/ws_moveit2/install/moveit_common/share/ament_index/resource_index/parent_prefix_path/moveit_common
[0.492s] -- Up-to-date: /home/zx/ws_moveit2/install/moveit_common/share/moveit_common/environment/ament_prefix_path.sh
[0.492s] -- Up-to-date: /home/zx/ws_moveit2/install/moveit_common/share/moveit_common/environment/ament_prefix_path.dsv
[0.492s] -- Up-to-date: /home/zx/ws_moveit2/install/moveit_common/share/moveit_common/environment/path.sh
[0.492s] -- Up-to-date: /home/zx/ws_moveit2/install/moveit_common/share/moveit_common/environment/path.dsv
[0.492s] -- Up-to-date: /home/zx/ws_moveit2/install/moveit_common/share/moveit_common/local_setup.bash
[0.492s] -- Up-to-date: /home/zx/ws_moveit2/install/moveit_common/share/moveit_common/local_setup.sh
[0.492s] -- Up-to-date: /home/zx/ws_moveit2/install/moveit_common/share/moveit_common/local_setup.zsh
[0.492s] -- Up-to-date: /home/zx/ws_moveit2/install/moveit_common/share/moveit_common/local_setup.dsv
[0.492s] -- Installing: /home/zx/ws_moveit2/install/moveit_common/share/moveit_common/package.dsv
[0.492s] -- Up-to-date: /home/zx/ws_moveit2/install/moveit_common/share/ament_index/resource_index/packages/moveit_common
[0.493s] -- Up-to-date: /home/zx/ws_moveit2/install/moveit_common/share/moveit_common/cmake/moveit_common-extras.cmake
[0.493s] -- Up-to-date: /home/zx/ws_moveit2/install/moveit_common/share/moveit_common/cmake/moveit_commonConfig.cmake
[0.493s] -- Up-to-date: /home/zx/ws_moveit2/install/moveit_common/share/moveit_common/cmake/moveit_commonConfig-version.cmake
[0.493s] -- Up-to-date: /home/zx/ws_moveit2/install/moveit_common/share/moveit_common/package.xml
[0.493s] -- Up-to-date: /home/zx/ws_moveit2/install/moveit_common/share/moveit_common/cmake
[0.497s] -- Up-to-date: /home/zx/ws_moveit2/install/moveit_common/share/moveit_common/cmake/moveit_package.cmake
[0.539s] Invoked command in '/home/zx/ws_moveit2/build/moveit_common' returned '0': CMAKE_PREFIX_PATH=/opt/ros/humble /usr/bin/cmake --install /home/zx/ws_moveit2/build/moveit_common
