[0.610s] Invoking command in '/home/zx/ws_moveit2/build/rosparam_shortcuts': CMAKE_PREFIX_PATH=${CMAKE_PREFIX_PATH}:/home/zx/ws_moveit2/install/tihu_2:/home/zx/ws_moveit2/install/moveit_configs_utils:/home/zx/ws_moveit2/install/launch_param_builder:/opt/ros/humble /usr/bin/cmake --build /home/zx/ws_moveit2/build/rosparam_shortcuts -- -j12 -l12
[0.802s] [ 15%] Built target gtest_main
[0.802s] [ 30%] Built target gtest
[0.806s] [ 53%] Built target rosparam_shortcuts
[0.806s] [ 84%] Built target rosparam_shortcuts_node_parameters_example
[0.807s] [ 84%] Built target test_node_parameters
[0.807s] [100%] Built target rosparam_shortcuts_example
[0.854s] Invoked command in '/home/zx/ws_moveit2/build/rosparam_shortcuts' returned '0': CMAKE_PREFIX_PATH=${CMAKE_PREFIX_PATH}:/home/zx/ws_moveit2/install/tihu_2:/home/zx/ws_moveit2/install/moveit_configs_utils:/home/zx/ws_moveit2/install/launch_param_builder:/opt/ros/humble /usr/bin/cmake --build /home/zx/ws_moveit2/build/rosparam_shortcuts -- -j12 -l12
[1.012s] Invoking command in '/home/zx/ws_moveit2/build/rosparam_shortcuts': CMAKE_PREFIX_PATH=${CMAKE_PREFIX_PATH}:/home/zx/ws_moveit2/install/tihu_2:/home/zx/ws_moveit2/install/moveit_configs_utils:/home/zx/ws_moveit2/install/launch_param_builder:/opt/ros/humble /usr/bin/cmake --install /home/zx/ws_moveit2/build/rosparam_shortcuts
[1.025s] -- Install configuration: "Release"
[1.028s] -- Up-to-date: /home/zx/ws_moveit2/install/rosparam_shortcuts/lib/librosparam_shortcuts.so
[1.028s] -- Up-to-date: /home/zx/ws_moveit2/install/rosparam_shortcuts/lib/rosparam_shortcuts/example
[1.028s] -- Up-to-date: /home/zx/ws_moveit2/install/rosparam_shortcuts/lib/rosparam_shortcuts/node_parameters_example
[1.028s] -- Up-to-date: /home/zx/ws_moveit2/install/rosparam_shortcuts/include
[1.028s] -- Up-to-date: /home/zx/ws_moveit2/install/rosparam_shortcuts/include/rosparam_shortcuts
[1.028s] -- Up-to-date: /home/zx/ws_moveit2/install/rosparam_shortcuts/include/rosparam_shortcuts/node_parameters.h
[1.029s] -- Up-to-date: /home/zx/ws_moveit2/install/rosparam_shortcuts/include/rosparam_shortcuts/rosparam_shortcuts.h
[1.029s] -- Up-to-date: /home/zx/ws_moveit2/install/rosparam_shortcuts/share/rosparam_shortcuts/launch
[1.029s] -- Up-to-date: /home/zx/ws_moveit2/install/rosparam_shortcuts/share/rosparam_shortcuts/launch/example.launch.py
[1.029s] -- Up-to-date: /home/zx/ws_moveit2/install/rosparam_shortcuts/share/rosparam_shortcuts/config
[1.029s] -- Up-to-date: /home/zx/ws_moveit2/install/rosparam_shortcuts/share/rosparam_shortcuts/config/example.yaml
[1.029s] -- Up-to-date: /home/zx/ws_moveit2/install/rosparam_shortcuts/share/rosparam_shortcuts/environment/library_path.sh
[1.029s] -- Up-to-date: /home/zx/ws_moveit2/install/rosparam_shortcuts/share/rosparam_shortcuts/environment/library_path.dsv
[1.029s] -- Up-to-date: /home/zx/ws_moveit2/install/rosparam_shortcuts/share/ament_index/resource_index/package_run_dependencies/rosparam_shortcuts
[1.029s] -- Up-to-date: /home/zx/ws_moveit2/install/rosparam_shortcuts/share/ament_index/resource_index/parent_prefix_path/rosparam_shortcuts
[1.029s] -- Up-to-date: /home/zx/ws_moveit2/install/rosparam_shortcuts/share/rosparam_shortcuts/environment/ament_prefix_path.sh
[1.029s] -- Up-to-date: /home/zx/ws_moveit2/install/rosparam_shortcuts/share/rosparam_shortcuts/environment/ament_prefix_path.dsv
[1.029s] -- Up-to-date: /home/zx/ws_moveit2/install/rosparam_shortcuts/share/rosparam_shortcuts/environment/path.sh
[1.029s] -- Up-to-date: /home/zx/ws_moveit2/install/rosparam_shortcuts/share/rosparam_shortcuts/environment/path.dsv
[1.030s] -- Up-to-date: /home/zx/ws_moveit2/install/rosparam_shortcuts/share/rosparam_shortcuts/local_setup.bash
[1.030s] -- Up-to-date: /home/zx/ws_moveit2/install/rosparam_shortcuts/share/rosparam_shortcuts/local_setup.sh
[1.030s] -- Up-to-date: /home/zx/ws_moveit2/install/rosparam_shortcuts/share/rosparam_shortcuts/local_setup.zsh
[1.030s] -- Up-to-date: /home/zx/ws_moveit2/install/rosparam_shortcuts/share/rosparam_shortcuts/local_setup.dsv
[1.030s] -- Installing: /home/zx/ws_moveit2/install/rosparam_shortcuts/share/rosparam_shortcuts/package.dsv
[1.030s] -- Up-to-date: /home/zx/ws_moveit2/install/rosparam_shortcuts/share/ament_index/resource_index/packages/rosparam_shortcuts
[1.030s] -- Up-to-date: /home/zx/ws_moveit2/install/rosparam_shortcuts/share/rosparam_shortcuts/cmake/export_rosparam_shortcutsExport.cmake
[1.031s] -- Up-to-date: /home/zx/ws_moveit2/install/rosparam_shortcuts/share/rosparam_shortcuts/cmake/export_rosparam_shortcutsExport-release.cmake
[1.031s] -- Up-to-date: /home/zx/ws_moveit2/install/rosparam_shortcuts/share/rosparam_shortcuts/cmake/ament_cmake_export_targets-extras.cmake
[1.031s] -- Up-to-date: /home/zx/ws_moveit2/install/rosparam_shortcuts/share/rosparam_shortcuts/cmake/ament_cmake_export_dependencies-extras.cmake
[1.031s] -- Up-to-date: /home/zx/ws_moveit2/install/rosparam_shortcuts/share/rosparam_shortcuts/cmake/rosparam_shortcutsConfig.cmake
[1.032s] -- Up-to-date: /home/zx/ws_moveit2/install/rosparam_shortcuts/share/rosparam_shortcuts/cmake/rosparam_shortcutsConfig-version.cmake
[1.032s] -- Up-to-date: /home/zx/ws_moveit2/install/rosparam_shortcuts/share/rosparam_shortcuts/package.xml
[1.083s] Invoked command in '/home/zx/ws_moveit2/build/rosparam_shortcuts' returned '0': CMAKE_PREFIX_PATH=${CMAKE_PREFIX_PATH}:/home/zx/ws_moveit2/install/tihu_2:/home/zx/ws_moveit2/install/moveit_configs_utils:/home/zx/ws_moveit2/install/launch_param_builder:/opt/ros/humble /usr/bin/cmake --install /home/zx/ws_moveit2/build/rosparam_shortcuts
