[0.047s] Invoking command in '/home/zx/ws_moveit2/build/srdfdom': CMAKE_PREFIX_PATH=${CMAKE_PREFIX_PATH}:/home/zx/ws_moveit2/install/tihu_2:/home/zx/ws_moveit2/install/moveit_configs_utils:/home/zx/ws_moveit2/install/launch_param_builder:/opt/ros/humble /usr/bin/cmake /home/zx/ws_moveit2/src/srdfdom -DCMAKE_BUILD_TYPE=Release -DCMAKE_INSTALL_PREFIX=/home/zx/ws_moveit2/install/srdfdom
[0.600s] -- The CXX compiler identification is GNU 11.4.0
[0.601s] -- Detecting CXX compiler ABI info
[0.602s] -- Detecting CXX compiler ABI info - done
[0.602s] -- Check for working CXX compiler: /usr/bin/c++ - skipped
[0.603s] -- Detecting CXX compile features
[0.603s] -- Detecting CXX compile features - done
[0.603s] -- Found Boost: /usr/lib/x86_64-linux-gnu/cmake/Boost-1.74.0/BoostConfig.cmake (found version "1.74.0")  
[0.603s] -- Found ament_cmake: 1.3.5 (/opt/ros/humble/share/ament_cmake/cmake)
[0.603s] -- Found Python3: /usr/bin/python3.10 (found version "3.10.12") found components: Interpreter 
[0.603s] -- Found urdf: 2.6.0 (/opt/ros/humble/share/urdf/cmake)
[0.631s] -- Found TinyXML2: /usr/lib/x86_64-linux-gnu/libtinyxml2.so  
[0.772s] -- Found ament_cmake_gtest: 1.3.5 (/opt/ros/humble/share/ament_cmake_gtest/cmake)
[0.776s] -- Found ament_cmake_pytest: 1.3.5 (/opt/ros/humble/share/ament_cmake_pytest/cmake)
[1.374s] -- Found gtest sources under '/opt/ros/humble/src/gtest_vendor': C++ tests using 'Google Test' will be built
[1.465s] -- The C compiler identification is GNU 11.4.0
[1.503s] -- Detecting C compiler ABI info
[1.684s] -- Detecting C compiler ABI info - done
[1.686s] -- Check for working C compiler: /usr/bin/cc - skipped
[1.686s] -- Detecting C compile features
[1.687s] -- Detecting C compile features - done
[1.691s] -- Looking for C++ include pthread.h
[1.815s] -- Looking for C++ include pthread.h - found
[1.816s] -- Performing Test CMAKE_HAVE_LIBC_PTHREAD
[1.946s] -- Performing Test CMAKE_HAVE_LIBC_PTHREAD - Success
[1.947s] -- Found Threads: TRUE  
[1.952s] -- Found ament_lint_auto: 0.12.7 (/opt/ros/humble/share/ament_lint_auto/cmake)
[1.969s] -- Configuring done
[1.984s] -- Generating done
[1.986s] -- Build files have been written to: /home/zx/ws_moveit2/build/srdfdom
[1.996s] Invoked command in '/home/zx/ws_moveit2/build/srdfdom' returned '0': CMAKE_PREFIX_PATH=${CMAKE_PREFIX_PATH}:/home/zx/ws_moveit2/install/tihu_2:/home/zx/ws_moveit2/install/moveit_configs_utils:/home/zx/ws_moveit2/install/launch_param_builder:/opt/ros/humble /usr/bin/cmake /home/zx/ws_moveit2/src/srdfdom -DCMAKE_BUILD_TYPE=Release -DCMAKE_INSTALL_PREFIX=/home/zx/ws_moveit2/install/srdfdom
[1.996s] Invoking command in '/home/zx/ws_moveit2/build/srdfdom': CMAKE_PREFIX_PATH=${CMAKE_PREFIX_PATH}:/home/zx/ws_moveit2/install/tihu_2:/home/zx/ws_moveit2/install/moveit_configs_utils:/home/zx/ws_moveit2/install/launch_param_builder:/opt/ros/humble /usr/bin/cmake --build /home/zx/ws_moveit2/build/srdfdom -- -j12 -l12
[2.081s] [  9%] [32mBuilding CXX object gtest/CMakeFiles/gtest.dir/src/gtest-all.cc.o[0m
[2.084s] [ 18%] [32mBuilding CXX object CMakeFiles/srdfdom.dir/src/model.cpp.o[0m
[2.085s] [ 27%] [32mBuilding CXX object CMakeFiles/srdfdom.dir/src/srdf_writer.cpp.o[0m
[2.100s] [ 36%] [32mBuilding CXX object gtest/CMakeFiles/gtest_main.dir/src/gtest_main.cc.o[0m
[2.130s] [ 36%] Built target ament_cmake_python_copy_srdfdom
[2.560s] running egg_info
[2.560s] creating srdfdom.egg-info
[2.561s] writing srdfdom.egg-info/PKG-INFO
[2.561s] writing dependency_links to srdfdom.egg-info/dependency_links.txt
[2.561s] writing top-level names to srdfdom.egg-info/top_level.txt
[2.561s] writing manifest file 'srdfdom.egg-info/SOURCES.txt'
[2.564s] reading manifest file 'srdfdom.egg-info/SOURCES.txt'
[2.565s] writing manifest file 'srdfdom.egg-info/SOURCES.txt'
[2.607s] [ 36%] Built target ament_cmake_python_build_srdfdom_egg
[2.943s] [ 45%] [32m[1mLinking CXX static library libgtest_main.a[0m
[2.993s] [ 45%] Built target gtest_main
[6.506s] [ 54%] [32m[1mLinking CXX shared library libsrdfdom.so[0m
[6.658s] [ 54%] Built target srdfdom
[12.903s] [ 63%] [32m[1mLinking CXX static library libgtest.a[0m
[13.148s] [ 63%] Built target gtest
[13.221s] [ 72%] [32mBuilding CXX object CMakeFiles/test_cpp_nl_NL.UTF-8.dir/test/test_parser.cpp.o[0m
[13.276s] [ 81%] [32mBuilding CXX object CMakeFiles/test_cpp_C.dir/test/test_parser.cpp.o[0m
[16.289s] [ 90%] [32m[1mLinking CXX executable test_cpp_C[0m
[16.391s] [ 90%] Built target test_cpp_C
[16.790s] [100%] [32m[1mLinking CXX executable test_cpp_nl_NL.UTF-8[0m
[16.886s] [100%] Built target test_cpp_nl_NL.UTF-8
[16.898s] Invoked command in '/home/zx/ws_moveit2/build/srdfdom' returned '0': CMAKE_PREFIX_PATH=${CMAKE_PREFIX_PATH}:/home/zx/ws_moveit2/install/tihu_2:/home/zx/ws_moveit2/install/moveit_configs_utils:/home/zx/ws_moveit2/install/launch_param_builder:/opt/ros/humble /usr/bin/cmake --build /home/zx/ws_moveit2/build/srdfdom -- -j12 -l12
[16.973s] Invoking command in '/home/zx/ws_moveit2/build/srdfdom': CMAKE_PREFIX_PATH=${CMAKE_PREFIX_PATH}:/home/zx/ws_moveit2/install/tihu_2:/home/zx/ws_moveit2/install/moveit_configs_utils:/home/zx/ws_moveit2/install/launch_param_builder:/opt/ros/humble /usr/bin/cmake --install /home/zx/ws_moveit2/build/srdfdom
[16.984s] -- Install configuration: "Release"
[16.984s] -- Installing: /home/zx/ws_moveit2/install/srdfdom/lib/libsrdfdom.so.2.0.4
[16.985s] -- Set runtime path of "/home/zx/ws_moveit2/install/srdfdom/lib/libsrdfdom.so.2.0.4" to ""
[16.985s] -- Installing: /home/zx/ws_moveit2/install/srdfdom/lib/libsrdfdom.so
[16.985s] -- Installing: /home/zx/ws_moveit2/install/srdfdom/include/srdfdom
[16.985s] -- Installing: /home/zx/ws_moveit2/install/srdfdom/include/srdfdom/srdf_writer.h
[16.986s] -- Installing: /home/zx/ws_moveit2/install/srdfdom/include/srdfdom/model.h
[16.986s] -- Installing: /home/zx/ws_moveit2/install/srdfdom/include/srdfdom/visibility_control.h
[16.986s] -- Installing: /home/zx/ws_moveit2/install/srdfdom/lib/srdfdom/display_srdf
[16.987s] -- Installing: /home/zx/ws_moveit2/install/srdfdom/share/srdfdom/environment/pythonpath.sh
[16.987s] -- Installing: /home/zx/ws_moveit2/install/srdfdom/share/srdfdom/environment/pythonpath.dsv
[16.987s] -- Installing: /home/zx/ws_moveit2/install/srdfdom/local/lib/python3.10/dist-packages/srdfdom-2.0.4-py3.10.egg-info
[16.988s] -- Installing: /home/zx/ws_moveit2/install/srdfdom/local/lib/python3.10/dist-packages/srdfdom-2.0.4-py3.10.egg-info/dependency_links.txt
[16.988s] -- Installing: /home/zx/ws_moveit2/install/srdfdom/local/lib/python3.10/dist-packages/srdfdom-2.0.4-py3.10.egg-info/top_level.txt
[16.988s] -- Installing: /home/zx/ws_moveit2/install/srdfdom/local/lib/python3.10/dist-packages/srdfdom-2.0.4-py3.10.egg-info/SOURCES.txt
[16.988s] -- Installing: /home/zx/ws_moveit2/install/srdfdom/local/lib/python3.10/dist-packages/srdfdom-2.0.4-py3.10.egg-info/PKG-INFO
[16.988s] -- Installing: /home/zx/ws_moveit2/install/srdfdom/local/lib/python3.10/dist-packages/srdfdom
[16.988s] -- Installing: /home/zx/ws_moveit2/install/srdfdom/local/lib/python3.10/dist-packages/srdfdom/__init__.py
[16.988s] -- Installing: /home/zx/ws_moveit2/install/srdfdom/local/lib/python3.10/dist-packages/srdfdom/srdf.py
[17.028s] Listing '/home/zx/ws_moveit2/install/srdfdom/local/lib/python3.10/dist-packages/srdfdom'...
[17.028s] Compiling '/home/zx/ws_moveit2/install/srdfdom/local/lib/python3.10/dist-packages/srdfdom/__init__.py'...
[17.028s] Compiling '/home/zx/ws_moveit2/install/srdfdom/local/lib/python3.10/dist-packages/srdfdom/srdf.py'...
[17.044s] -- Installing: /home/zx/ws_moveit2/install/srdfdom/share/srdfdom/environment/library_path.sh
[17.045s] -- Installing: /home/zx/ws_moveit2/install/srdfdom/share/srdfdom/environment/library_path.dsv
[17.045s] -- Installing: /home/zx/ws_moveit2/install/srdfdom/share/ament_index/resource_index/package_run_dependencies/srdfdom
[17.045s] -- Installing: /home/zx/ws_moveit2/install/srdfdom/share/ament_index/resource_index/parent_prefix_path/srdfdom
[17.045s] -- Installing: /home/zx/ws_moveit2/install/srdfdom/share/srdfdom/environment/ament_prefix_path.sh
[17.046s] -- Installing: /home/zx/ws_moveit2/install/srdfdom/share/srdfdom/environment/ament_prefix_path.dsv
[17.046s] -- Installing: /home/zx/ws_moveit2/install/srdfdom/share/srdfdom/environment/path.sh
[17.046s] -- Installing: /home/zx/ws_moveit2/install/srdfdom/share/srdfdom/environment/path.dsv
[17.046s] -- Installing: /home/zx/ws_moveit2/install/srdfdom/share/srdfdom/local_setup.bash
[17.047s] -- Installing: /home/zx/ws_moveit2/install/srdfdom/share/srdfdom/local_setup.sh
[17.047s] -- Installing: /home/zx/ws_moveit2/install/srdfdom/share/srdfdom/local_setup.zsh
[17.047s] -- Installing: /home/zx/ws_moveit2/install/srdfdom/share/srdfdom/local_setup.dsv
[17.047s] -- Installing: /home/zx/ws_moveit2/install/srdfdom/share/srdfdom/package.dsv
[17.047s] -- Installing: /home/zx/ws_moveit2/install/srdfdom/share/ament_index/resource_index/packages/srdfdom
[17.047s] -- Installing: /home/zx/ws_moveit2/install/srdfdom/share/srdfdom/cmake/srdfdomTargetsExport.cmake
[17.048s] -- Installing: /home/zx/ws_moveit2/install/srdfdom/share/srdfdom/cmake/srdfdomTargetsExport-release.cmake
[17.048s] -- Installing: /home/zx/ws_moveit2/install/srdfdom/share/srdfdom/cmake/ament_cmake_export_targets-extras.cmake
[17.048s] -- Installing: /home/zx/ws_moveit2/install/srdfdom/share/srdfdom/cmake/ament_cmake_export_dependencies-extras.cmake
[17.048s] -- Installing: /home/zx/ws_moveit2/install/srdfdom/share/srdfdom/cmake/srdfdomConfig.cmake
[17.048s] -- Installing: /home/zx/ws_moveit2/install/srdfdom/share/srdfdom/cmake/srdfdomConfig-version.cmake
[17.048s] -- Installing: /home/zx/ws_moveit2/install/srdfdom/share/srdfdom/package.xml
[17.051s] Invoked command in '/home/zx/ws_moveit2/build/srdfdom' returned '0': CMAKE_PREFIX_PATH=${CMAKE_PREFIX_PATH}:/home/zx/ws_moveit2/install/tihu_2:/home/zx/ws_moveit2/install/moveit_configs_utils:/home/zx/ws_moveit2/install/launch_param_builder:/opt/ros/humble /usr/bin/cmake --install /home/zx/ws_moveit2/build/srdfdom
