[0.961s] Invoking command in '/home/zx/ws_moveit2/src/tihu_2': PYTHONPATH=/home/zx/ws_moveit2/build/tihu_2/prefix_override:/home/zx/ws_moveit2/install/tihu_2/lib/python3.10/site-packages:${PYTHONPATH} /usr/bin/python3 setup.py egg_info --egg-base ../../build/tihu_2 build --build-base /home/zx/ws_moveit2/build/tihu_2/build install --record /home/zx/ws_moveit2/build/tihu_2/install.log --single-version-externally-managed
[1.254s] running egg_info
[1.254s] creating ../../build/tihu_2/tihu_2.egg-info
[1.254s] writing ../../build/tihu_2/tihu_2.egg-info/PKG-INFO
[1.254s] writing dependency_links to ../../build/tihu_2/tihu_2.egg-info/dependency_links.txt
[1.254s] writing entry points to ../../build/tihu_2/tihu_2.egg-info/entry_points.txt
[1.254s] writing requirements to ../../build/tihu_2/tihu_2.egg-info/requires.txt
[1.255s] writing top-level names to ../../build/tihu_2/tihu_2.egg-info/top_level.txt
[1.255s] writing manifest file '../../build/tihu_2/tihu_2.egg-info/SOURCES.txt'
[1.255s] reading manifest file '../../build/tihu_2/tihu_2.egg-info/SOURCES.txt'
[1.255s] writing manifest file '../../build/tihu_2/tihu_2.egg-info/SOURCES.txt'
[1.255s] running build
[1.255s] running build_py
[1.255s] creating /home/zx/ws_moveit2/build/tihu_2/build
[1.256s] creating /home/zx/ws_moveit2/build/tihu_2/build/lib
[1.256s] creating /home/zx/ws_moveit2/build/tihu_2/build/lib/tihu_2
[1.256s] copying tihu_2/__init__.py -> /home/zx/ws_moveit2/build/tihu_2/build/lib/tihu_2
[1.256s] running install
[1.257s] running install_lib
[1.258s] creating /home/zx/ws_moveit2/install/tihu_2/lib/python3.10/site-packages/tihu_2
[1.258s] copying /home/zx/ws_moveit2/build/tihu_2/build/lib/tihu_2/__init__.py -> /home/zx/ws_moveit2/install/tihu_2/lib/python3.10/site-packages/tihu_2
[1.259s] byte-compiling /home/zx/ws_moveit2/install/tihu_2/lib/python3.10/site-packages/tihu_2/__init__.py to __init__.cpython-310.pyc
[1.259s] running install_data
[1.259s] creating /home/zx/ws_moveit2/install/tihu_2/share/ament_index
[1.259s] creating /home/zx/ws_moveit2/install/tihu_2/share/ament_index/resource_index
[1.259s] creating /home/zx/ws_moveit2/install/tihu_2/share/ament_index/resource_index/packages
[1.259s] copying resource/tihu_2 -> /home/zx/ws_moveit2/install/tihu_2/share/ament_index/resource_index/packages
[1.259s] copying package.xml -> /home/zx/ws_moveit2/install/tihu_2/share/tihu_2
[1.259s] creating /home/zx/ws_moveit2/install/tihu_2/share/tihu_2/meshes
[1.259s] copying meshes/A.STL -> /home/zx/ws_moveit2/install/tihu_2/share/tihu_2/meshes
[1.260s] copying meshes/B.STL -> /home/zx/ws_moveit2/install/tihu_2/share/tihu_2/meshes
[1.261s] copying meshes/C.STL -> /home/zx/ws_moveit2/install/tihu_2/share/tihu_2/meshes
[1.261s] copying meshes/D.STL -> /home/zx/ws_moveit2/install/tihu_2/share/tihu_2/meshes
[1.263s] copying meshes/E.STL -> /home/zx/ws_moveit2/install/tihu_2/share/tihu_2/meshes
[1.264s] copying meshes/F.STL -> /home/zx/ws_moveit2/install/tihu_2/share/tihu_2/meshes
[1.264s] copying meshes/base_link.STL -> /home/zx/ws_moveit2/install/tihu_2/share/tihu_2/meshes
[1.264s] creating /home/zx/ws_moveit2/install/tihu_2/share/tihu_2/launch
[1.264s] copying launch/display_rviz2.launch.py -> /home/zx/ws_moveit2/install/tihu_2/share/tihu_2/launch
[1.264s] creating /home/zx/ws_moveit2/install/tihu_2/share/tihu_2/urdf
[1.264s] copying urdf/tihuurdf2kg.urdf -> /home/zx/ws_moveit2/install/tihu_2/share/tihu_2/urdf
[1.264s] copying urdf/tihuurdf2kg.csv -> /home/zx/ws_moveit2/install/tihu_2/share/tihu_2/urdf
[1.265s] running install_egg_info
[1.266s] Copying ../../build/tihu_2/tihu_2.egg-info to /home/zx/ws_moveit2/install/tihu_2/lib/python3.10/site-packages/tihu_2-0.0.0-py3.10.egg-info
[1.267s] running install_scripts
[1.292s] writing list of installed files to '/home/zx/ws_moveit2/build/tihu_2/install.log'
[1.340s] Invoked command in '/home/zx/ws_moveit2/src/tihu_2' returned '0': PYTHONPATH=/home/zx/ws_moveit2/build/tihu_2/prefix_override:/home/zx/ws_moveit2/install/tihu_2/lib/python3.10/site-packages:${PYTHONPATH} /usr/bin/python3 setup.py egg_info --egg-base ../../build/tihu_2 build --build-base /home/zx/ws_moveit2/build/tihu_2/build install --record /home/zx/ws_moveit2/build/tihu_2/install.log --single-version-externally-managed
