[0.015s] Invoking command in '/home/zx/ws_moveit2/build/moveit_ros_perception': AMENT_PREFIX_PATH=/home/zx/ws_moveit2/install/moveit_ros_planning:/home/zx/ws_moveit2/install/moveit_ros_occupancy_map_monitor:/home/zx/ws_moveit2/install/moveit_core:/home/zx/ws_moveit2/install/srdfdom:/home/zx/ws_moveit2/install/moveit_common:${AMENT_PREFIX_PATH} CMAKE_PREFIX_PATH=/home/zx/ws_moveit2/install/moveit_ros_planning:/home/zx/ws_moveit2/install/moveit_ros_occupancy_map_monitor:/home/zx/ws_moveit2/install/moveit_core:/home/zx/ws_moveit2/install/srdfdom:/home/zx/ws_moveit2/install/moveit_common:/opt/ros/humble LD_LIBRARY_PATH=/home/zx/ws_moveit2/install/moveit_ros_planning/lib:/home/zx/ws_moveit2/install/moveit_ros_occupancy_map_monitor/lib:/home/zx/ws_moveit2/install/moveit_core/lib:/home/zx/ws_moveit2/install/srdfdom/lib:${LD_LIBRARY_PATH} PATH=/home/zx/ws_moveit2/install/moveit_core/bin:${PATH} PYTHONPATH=/home/zx/ws_moveit2/install/srdfdom/local/lib/python3.10/dist-packages:${PYTHONPATH} /usr/bin/cmake /home/zx/ws_moveit2/src/moveit2/moveit_ros/perception -DCMAKE_BUILD_TYPE=Release -DCMAKE_INSTALL_PREFIX=/home/zx/ws_moveit2/install/moveit_ros_perception
[0.056s] -- The C compiler identification is GNU 11.4.0
[0.114s] -- The CXX compiler identification is GNU 11.4.0
[0.120s] -- Detecting C compiler ABI info
[0.177s] -- Detecting C compiler ABI info - done
[0.184s] -- Check for working C compiler: /usr/bin/cc - skipped
[0.185s] -- Detecting C compile features
[0.185s] -- Detecting C compile features - done
[0.188s] -- Detecting CXX compiler ABI info
[0.258s] -- Detecting CXX compiler ABI info - done
[0.264s] -- Check for working CXX compiler: /usr/bin/c++ - skipped
[0.264s] -- Detecting CXX compile features
[0.265s] -- Detecting CXX compile features - done
[0.266s] -- Found moveit_common: 2.5.4 (/home/zx/ws_moveit2/install/moveit_common/share/moveit_common/cmake)
[0.268s] -- Found ament_cmake: 1.3.5 (/opt/ros/humble/share/ament_cmake/cmake)
[0.442s] -- Found Python3: /usr/bin/python3.10 (found version "3.10.12") found components: Interpreter 
[0.586s] -- Found libdw: /usr/lib/x86_64-linux-gnu/libdw.so  
[0.591s] -- Could NOT find libbfd (missing: LIBBFD_LIBRARY LIBBFD_INCLUDE_DIR) 
[0.591s] -- BACKWARD_HAS_UNWIND=1
[0.591s] -- BACKWARD_HAS_BACKTRACE=0
[0.591s] -- BACKWARD_HAS_BACKTRACE_SYMBOL=0
[0.591s] -- BACKWARD_HAS_DW=1
[0.591s] -- BACKWARD_HAS_BFD=0
[0.592s] -- Found Backward: /opt/ros/humble/share/backward_ros/cmake  
[0.596s] -- Found OpenGL: /usr/lib/x86_64-linux-gnu/libOpenGL.so   
[0.632s] -- Found GLEW: /usr/include (found version "2.2.0") 
[0.637s] -- Found PkgConfig: /usr/bin/pkg-config (found version "0.29.2") 
[0.638s] -- Checking for module 'glut'
[0.640s] --   No package 'glut' found
[0.643s] -- Found GLUT: /usr/lib/x86_64-linux-gnu/libglut.so  
[0.645s] -- Found cv_bridge: 3.2.1 (/opt/ros/humble/share/cv_bridge/cmake)
[0.682s] -- Found rosidl_generator_c: 3.1.5 (/opt/ros/humble/share/rosidl_generator_c/cmake)
[0.687s] -- Found rosidl_adapter: 3.1.5 (/opt/ros/humble/share/rosidl_adapter/cmake)
[0.696s] -- Found rosidl_generator_cpp: 3.1.5 (/opt/ros/humble/share/rosidl_generator_cpp/cmake)
[0.716s] -- Using all available rosidl_typesupport_c: rosidl_typesupport_fastrtps_c;rosidl_typesupport_introspection_c
[0.744s] -- Using all available rosidl_typesupport_cpp: rosidl_typesupport_fastrtps_cpp;rosidl_typesupport_introspection_cpp
[1.023s] -- Found moveit_core: 2.5.4 (/home/zx/ws_moveit2/install/moveit_core/share/moveit_core/cmake)
[1.238s] -- Found Boost: /usr/lib/x86_64-linux-gnu/cmake/Boost-1.74.0/BoostConfig.cmake (found version "1.74.0") found components: chrono date_time filesystem iostreams program_options regex serialization system thread 
[1.251s] -- Found parameter_traits: 0.3.6 (/opt/ros/humble/share/parameter_traits/cmake)
[1.304s] -- Found rmw_implementation_cmake: 6.1.1 (/opt/ros/humble/share/rmw_implementation_cmake/cmake)
[1.306s] -- Found rmw_fastrtps_cpp: 6.2.3 (/opt/ros/humble/share/rmw_fastrtps_cpp/cmake)
[1.383s] -- Found OpenSSL: /usr/lib/x86_64-linux-gnu/libcrypto.so (found version "3.0.2")  
[1.404s] -- Found FastRTPS: /opt/ros/humble/include  
[1.442s] -- Using RMW implementation 'rmw_fastrtps_cpp' as default
[1.451s] -- Found Threads: TRUE  
[1.568s] -- Found rclcpp_lifecycle: 16.0.5 (/opt/ros/humble/share/rclcpp_lifecycle/cmake)
[1.607s] -- Found Boost: /usr/lib/x86_64-linux-gnu/cmake/Boost-1.74.0/BoostConfig.cmake (found version "1.74.0") found components: filesystem 
[1.681s] -- library: /usr/lib/x86_64-linux-gnu/libcurl.so
[1.849s] -- Found Eigen3: TRUE (found version "3.4.0") 
[1.849s] -- Ensuring Eigen3 include directory is part of orocos-kdl CMake target
[2.728s] -- Found image_transport: 3.1.7 (/opt/ros/humble/share/image_transport/cmake)
[2.740s] -- Found moveit_ros_occupancy_map_monitor: 2.5.4 (/home/zx/ws_moveit2/install/moveit_ros_occupancy_map_monitor/share/moveit_ros_occupancy_map_monitor/cmake)
[3.196s] -- Found OpenMP_C: -fopenmp (found version "4.5") 
[3.294s] -- Found OpenMP_CXX: -fopenmp (found version "4.5") 
[3.294s] -- Found OpenMP: TRUE (found version "4.5")  
[3.296s] -- Found OpenCV: /usr/local (found version "4.7.0") 
[3.300s] -- Found Boost: /usr/lib/x86_64-linux-gnu/cmake/Boost-1.74.0/BoostConfig.cmake (found version "1.74.0") found components: thread 
[3.318s] -- Performing Test COMPILER_HAS_HIDDEN_VISIBILITY
[3.406s] -- Performing Test COMPILER_HAS_HIDDEN_VISIBILITY - Success
[3.407s] -- Performing Test COMPILER_HAS_HIDDEN_INLINE_VISIBILITY
[3.493s] -- Performing Test COMPILER_HAS_HIDDEN_INLINE_VISIBILITY - Success
[3.494s] -- Performing Test COMPILER_HAS_DEPRECATED_ATTR
[3.587s] -- Performing Test COMPILER_HAS_DEPRECATED_ATTR - Success
[3.606s] -- Found ament_lint_auto: 0.12.7 (/opt/ros/humble/share/ament_lint_auto/cmake)
[3.623s] -- Added test 'cppcheck' to perform static code analysis on C / C++ code
[3.623s] -- Configured cppcheck include dirs: /home/zx/ws_moveit2/src/moveit2/moveit_ros/perception/depth_image_octomap_updater/include;/home/zx/ws_moveit2/src/moveit2/moveit_ros/perception/lazy_free_space_updater/include;/home/zx/ws_moveit2/src/moveit2/moveit_ros/perception/mesh_filter/include;/home/zx/ws_moveit2/src/moveit2/moveit_ros/perception/point_containment_filter/include;/home/zx/ws_moveit2/src/moveit2/moveit_ros/perception/pointcloud_octomap_updater/include;/home/zx/ws_moveit2/src/moveit2/moveit_ros/perception/semantic_world/include
[3.623s] -- Configured cppcheck exclude dirs and/or files: 
[3.625s] -- Added test 'lint_cmake' to check CMake code style
[3.626s] -- Added test 'xmllint' to check XML markup files
[3.627s] -- Configuring done
[3.732s] -- Generating done
[3.735s] -- Build files have been written to: /home/zx/ws_moveit2/build/moveit_ros_perception
