[0.020s] Invoking command in '/home/zx/ws_moveit2/build/moveit_planners_ompl': AMENT_PREFIX_PATH=/home/zx/ws_moveit2/install/moveit_ros_planning:/home/zx/ws_moveit2/install/moveit_ros_occupancy_map_monitor:/home/zx/ws_moveit2/install/moveit_core:/home/zx/ws_moveit2/install/moveit_resources_panda_moveit_config:/home/zx/ws_moveit2/install/moveit_resources_fanuc_moveit_config:/home/zx/ws_moveit2/install/srdfdom:/home/zx/ws_moveit2/install/moveit_resources_pr2_description:/home/zx/ws_moveit2/install/moveit_resources_panda_description:/home/zx/ws_moveit2/install/moveit_resources_fanuc_description:/home/zx/ws_moveit2/install/moveit_common:${AMENT_PREFIX_PATH} CMAKE_PREFIX_PATH=/home/zx/ws_moveit2/install/moveit_ros_planning:/home/zx/ws_moveit2/install/moveit_ros_occupancy_map_monitor:/home/zx/ws_moveit2/install/moveit_core:/home/zx/ws_moveit2/install/moveit_resources_panda_moveit_config:/home/zx/ws_moveit2/install/moveit_resources_fanuc_moveit_config:/home/zx/ws_moveit2/install/srdfdom:/home/zx/ws_moveit2/install/moveit_resources_pr2_description:/home/zx/ws_moveit2/install/moveit_resources_panda_description:/home/zx/ws_moveit2/install/moveit_resources_fanuc_description:/home/zx/ws_moveit2/install/moveit_common:/opt/ros/humble LD_LIBRARY_PATH=/home/zx/ws_moveit2/install/moveit_ros_planning/lib:/home/zx/ws_moveit2/install/moveit_ros_occupancy_map_monitor/lib:/home/zx/ws_moveit2/install/moveit_core/lib:/home/zx/ws_moveit2/install/srdfdom/lib:${LD_LIBRARY_PATH} PATH=/home/zx/ws_moveit2/install/moveit_core/bin:${PATH} PYTHONPATH=/home/zx/ws_moveit2/install/srdfdom/local/lib/python3.10/dist-packages:${PYTHONPATH} /usr/bin/cmake --build /home/zx/ws_moveit2/build/moveit_planners_ompl -- -j12 -l12
[0.083s] [35m[1mConsolidate compiler generated dependencies of target moveit_ompl_interface[0m
[0.189s] [ 51%] Built target moveit_ompl_interface
[0.198s] [35m[1mConsolidate compiler generated dependencies of target gtest[0m
[0.209s] [ 56%] Built target gtest
[0.221s] [35m[1mConsolidate compiler generated dependencies of target moveit_ompl_planner_plugin[0m
[0.242s] [ 60%] Built target moveit_ompl_planner_plugin
[0.253s] [35m[1mConsolidate compiler generated dependencies of target moveit_generate_state_database[0m
[0.281s] [ 65%] Built target moveit_generate_state_database
[0.289s] [35m[1mConsolidate compiler generated dependencies of target gtest_main[0m
[0.299s] [ 70%] Built target gtest_main
[0.309s] [35m[1mConsolidate compiler generated dependencies of target test_state_space[0m
[0.326s] [ 75%] Built target test_state_space
[0.336s] [35m[1mConsolidate compiler generated dependencies of target test_threadsafe_state_storage[0m
[0.352s] [ 80%] Built target test_threadsafe_state_storage
[0.361s] [35m[1mConsolidate compiler generated dependencies of target test_constrained_state_validity_checker[0m
[0.385s] [ 85%] Built target test_constrained_state_validity_checker
[0.393s] [35m[1mConsolidate compiler generated dependencies of target test_constrained_planning_state_space[0m
[0.410s] [ 90%] Built target test_constrained_planning_state_space
[0.420s] [35m[1mConsolidate compiler generated dependencies of target test_planning_context_manager[0m
[0.440s] [ 95%] Built target test_planning_context_manager
[0.449s] [35m[1mConsolidate compiler generated dependencies of target test_state_validity_checker[0m
[0.468s] [100%] Built target test_state_validity_checker
[0.476s] Invoked command in '/home/zx/ws_moveit2/build/moveit_planners_ompl' returned '0': AMENT_PREFIX_PATH=/home/zx/ws_moveit2/install/moveit_ros_planning:/home/zx/ws_moveit2/install/moveit_ros_occupancy_map_monitor:/home/zx/ws_moveit2/install/moveit_core:/home/zx/ws_moveit2/install/moveit_resources_panda_moveit_config:/home/zx/ws_moveit2/install/moveit_resources_fanuc_moveit_config:/home/zx/ws_moveit2/install/srdfdom:/home/zx/ws_moveit2/install/moveit_resources_pr2_description:/home/zx/ws_moveit2/install/moveit_resources_panda_description:/home/zx/ws_moveit2/install/moveit_resources_fanuc_description:/home/zx/ws_moveit2/install/moveit_common:${AMENT_PREFIX_PATH} CMAKE_PREFIX_PATH=/home/zx/ws_moveit2/install/moveit_ros_planning:/home/zx/ws_moveit2/install/moveit_ros_occupancy_map_monitor:/home/zx/ws_moveit2/install/moveit_core:/home/zx/ws_moveit2/install/moveit_resources_panda_moveit_config:/home/zx/ws_moveit2/install/moveit_resources_fanuc_moveit_config:/home/zx/ws_moveit2/install/srdfdom:/home/zx/ws_moveit2/install/moveit_resources_pr2_description:/home/zx/ws_moveit2/install/moveit_resources_panda_description:/home/zx/ws_moveit2/install/moveit_resources_fanuc_description:/home/zx/ws_moveit2/install/moveit_common:/opt/ros/humble LD_LIBRARY_PATH=/home/zx/ws_moveit2/install/moveit_ros_planning/lib:/home/zx/ws_moveit2/install/moveit_ros_occupancy_map_monitor/lib:/home/zx/ws_moveit2/install/moveit_core/lib:/home/zx/ws_moveit2/install/srdfdom/lib:${LD_LIBRARY_PATH} PATH=/home/zx/ws_moveit2/install/moveit_core/bin:${PATH} PYTHONPATH=/home/zx/ws_moveit2/install/srdfdom/local/lib/python3.10/dist-packages:${PYTHONPATH} /usr/bin/cmake --build /home/zx/ws_moveit2/build/moveit_planners_ompl -- -j12 -l12
[0.496s] Invoking command in '/home/zx/ws_moveit2/build/moveit_planners_ompl': AMENT_PREFIX_PATH=/home/zx/ws_moveit2/install/moveit_ros_planning:/home/zx/ws_moveit2/install/moveit_ros_occupancy_map_monitor:/home/zx/ws_moveit2/install/moveit_core:/home/zx/ws_moveit2/install/moveit_resources_panda_moveit_config:/home/zx/ws_moveit2/install/moveit_resources_fanuc_moveit_config:/home/zx/ws_moveit2/install/srdfdom:/home/zx/ws_moveit2/install/moveit_resources_pr2_description:/home/zx/ws_moveit2/install/moveit_resources_panda_description:/home/zx/ws_moveit2/install/moveit_resources_fanuc_description:/home/zx/ws_moveit2/install/moveit_common:${AMENT_PREFIX_PATH} CMAKE_PREFIX_PATH=/home/zx/ws_moveit2/install/moveit_ros_planning:/home/zx/ws_moveit2/install/moveit_ros_occupancy_map_monitor:/home/zx/ws_moveit2/install/moveit_core:/home/zx/ws_moveit2/install/moveit_resources_panda_moveit_config:/home/zx/ws_moveit2/install/moveit_resources_fanuc_moveit_config:/home/zx/ws_moveit2/install/srdfdom:/home/zx/ws_moveit2/install/moveit_resources_pr2_description:/home/zx/ws_moveit2/install/moveit_resources_panda_description:/home/zx/ws_moveit2/install/moveit_resources_fanuc_description:/home/zx/ws_moveit2/install/moveit_common:/opt/ros/humble LD_LIBRARY_PATH=/home/zx/ws_moveit2/install/moveit_ros_planning/lib:/home/zx/ws_moveit2/install/moveit_ros_occupancy_map_monitor/lib:/home/zx/ws_moveit2/install/moveit_core/lib:/home/zx/ws_moveit2/install/srdfdom/lib:${LD_LIBRARY_PATH} PATH=/home/zx/ws_moveit2/install/moveit_core/bin:${PATH} PYTHONPATH=/home/zx/ws_moveit2/install/srdfdom/local/lib/python3.10/dist-packages:${PYTHONPATH} /usr/bin/cmake --install /home/zx/ws_moveit2/build/moveit_planners_ompl
[0.501s] -- Install configuration: "Release"
[0.502s] -- Up-to-date: /home/zx/ws_moveit2/install/moveit_planners_ompl/lib/moveit_planners_ompl/generate_state_database
[0.502s] -- Up-to-date: /home/zx/ws_moveit2/install/moveit_planners_ompl/include
[0.502s] -- Up-to-date: /home/zx/ws_moveit2/install/moveit_planners_ompl/include/moveit
[0.502s] -- Up-to-date: /home/zx/ws_moveit2/install/moveit_planners_ompl/include/moveit/ompl_interface
[0.502s] -- Up-to-date: /home/zx/ws_moveit2/install/moveit_planners_ompl/include/moveit/ompl_interface/model_based_planning_context.h
[0.502s] -- Up-to-date: /home/zx/ws_moveit2/install/moveit_planners_ompl/include/moveit/ompl_interface/detail
[0.502s] -- Up-to-date: /home/zx/ws_moveit2/install/moveit_planners_ompl/include/moveit/ompl_interface/detail/projection_evaluators.h
[0.502s] -- Up-to-date: /home/zx/ws_moveit2/install/moveit_planners_ompl/include/moveit/ompl_interface/detail/constraint_approximations.h
[0.502s] -- Up-to-date: /home/zx/ws_moveit2/install/moveit_planners_ompl/include/moveit/ompl_interface/detail/goal_union.h
[0.502s] -- Up-to-date: /home/zx/ws_moveit2/install/moveit_planners_ompl/include/moveit/ompl_interface/detail/constrained_valid_state_sampler.h
[0.502s] -- Up-to-date: /home/zx/ws_moveit2/install/moveit_planners_ompl/include/moveit/ompl_interface/detail/constrained_goal_sampler.h
[0.502s] -- Up-to-date: /home/zx/ws_moveit2/install/moveit_planners_ompl/include/moveit/ompl_interface/detail/constrained_sampler.h
[0.502s] -- Up-to-date: /home/zx/ws_moveit2/install/moveit_planners_ompl/include/moveit/ompl_interface/detail/threadsafe_state_storage.h
[0.502s] -- Up-to-date: /home/zx/ws_moveit2/install/moveit_planners_ompl/include/moveit/ompl_interface/detail/constraints_library.h
[0.503s] -- Up-to-date: /home/zx/ws_moveit2/install/moveit_planners_ompl/include/moveit/ompl_interface/detail/state_validity_checker.h
[0.503s] -- Up-to-date: /home/zx/ws_moveit2/install/moveit_planners_ompl/include/moveit/ompl_interface/detail/ompl_constraints.h
[0.503s] -- Up-to-date: /home/zx/ws_moveit2/install/moveit_planners_ompl/include/moveit/ompl_interface/ompl_interface.h
[0.503s] -- Up-to-date: /home/zx/ws_moveit2/install/moveit_planners_ompl/include/moveit/ompl_interface/parameterization
[0.503s] -- Up-to-date: /home/zx/ws_moveit2/install/moveit_planners_ompl/include/moveit/ompl_interface/parameterization/model_based_state_space_factory.h
[0.503s] -- Up-to-date: /home/zx/ws_moveit2/install/moveit_planners_ompl/include/moveit/ompl_interface/parameterization/work_space
[0.503s] -- Up-to-date: /home/zx/ws_moveit2/install/moveit_planners_ompl/include/moveit/ompl_interface/parameterization/work_space/pose_model_state_space.h
[0.503s] -- Up-to-date: /home/zx/ws_moveit2/install/moveit_planners_ompl/include/moveit/ompl_interface/parameterization/work_space/pose_model_state_space_factory.h
[0.503s] -- Up-to-date: /home/zx/ws_moveit2/install/moveit_planners_ompl/include/moveit/ompl_interface/parameterization/model_based_state_space.h
[0.503s] -- Up-to-date: /home/zx/ws_moveit2/install/moveit_planners_ompl/include/moveit/ompl_interface/parameterization/joint_space
[0.503s] -- Up-to-date: /home/zx/ws_moveit2/install/moveit_planners_ompl/include/moveit/ompl_interface/parameterization/joint_space/joint_model_state_space.h
[0.503s] -- Up-to-date: /home/zx/ws_moveit2/install/moveit_planners_ompl/include/moveit/ompl_interface/parameterization/joint_space/joint_model_state_space_factory.h
[0.503s] -- Up-to-date: /home/zx/ws_moveit2/install/moveit_planners_ompl/include/moveit/ompl_interface/parameterization/joint_space/constrained_planning_state_space.h
[0.503s] -- Up-to-date: /home/zx/ws_moveit2/install/moveit_planners_ompl/include/moveit/ompl_interface/parameterization/joint_space/constrained_planning_state_space_factory.h
[0.503s] -- Up-to-date: /home/zx/ws_moveit2/install/moveit_planners_ompl/include/moveit/ompl_interface/planning_context_manager.h
[0.503s] -- Up-to-date: /home/zx/ws_moveit2/install/moveit_planners_ompl/lib/libmoveit_ompl_interface.so.2.5.4
[0.503s] -- Up-to-date: /home/zx/ws_moveit2/install/moveit_planners_ompl/lib/libmoveit_ompl_interface.so
[0.504s] -- Up-to-date: /home/zx/ws_moveit2/install/moveit_planners_ompl/lib/libmoveit_ompl_planner_plugin.so.2.5.4
[0.504s] -- Up-to-date: /home/zx/ws_moveit2/install/moveit_planners_ompl/lib/libmoveit_ompl_planner_plugin.so
[0.504s] -- Up-to-date: /home/zx/ws_moveit2/install/moveit_planners_ompl/share/moveit_planners_ompl/environment/library_path.sh
[0.504s] -- Up-to-date: /home/zx/ws_moveit2/install/moveit_planners_ompl/share/moveit_planners_ompl/environment/library_path.dsv
[0.504s] -- Up-to-date: /home/zx/ws_moveit2/install/moveit_planners_ompl/share/moveit_planners_ompl/ompl_interface_plugin_description.xml
[0.504s] -- Up-to-date: /home/zx/ws_moveit2/install/moveit_planners_ompl/share/ament_index/resource_index/package_run_dependencies/moveit_planners_ompl
[0.504s] -- Up-to-date: /home/zx/ws_moveit2/install/moveit_planners_ompl/share/ament_index/resource_index/parent_prefix_path/moveit_planners_ompl
[0.504s] -- Up-to-date: /home/zx/ws_moveit2/install/moveit_planners_ompl/share/moveit_planners_ompl/environment/ament_prefix_path.sh
[0.504s] -- Up-to-date: /home/zx/ws_moveit2/install/moveit_planners_ompl/share/moveit_planners_ompl/environment/ament_prefix_path.dsv
[0.504s] -- Up-to-date: /home/zx/ws_moveit2/install/moveit_planners_ompl/share/moveit_planners_ompl/environment/path.sh
[0.504s] -- Up-to-date: /home/zx/ws_moveit2/install/moveit_planners_ompl/share/moveit_planners_ompl/environment/path.dsv
[0.504s] -- Up-to-date: /home/zx/ws_moveit2/install/moveit_planners_ompl/share/moveit_planners_ompl/local_setup.bash
[0.504s] -- Up-to-date: /home/zx/ws_moveit2/install/moveit_planners_ompl/share/moveit_planners_ompl/local_setup.sh
[0.504s] -- Up-to-date: /home/zx/ws_moveit2/install/moveit_planners_ompl/share/moveit_planners_ompl/local_setup.zsh
[0.505s] -- Up-to-date: /home/zx/ws_moveit2/install/moveit_planners_ompl/share/moveit_planners_ompl/local_setup.dsv
[0.505s] -- Installing: /home/zx/ws_moveit2/install/moveit_planners_ompl/share/moveit_planners_ompl/package.dsv
[0.505s] -- Up-to-date: /home/zx/ws_moveit2/install/moveit_planners_ompl/share/ament_index/resource_index/packages/moveit_planners_ompl
[0.505s] -- Up-to-date: /home/zx/ws_moveit2/install/moveit_planners_ompl/share/ament_index/resource_index/moveit_core__pluginlib__plugin/moveit_planners_ompl
[0.505s] -- Up-to-date: /home/zx/ws_moveit2/install/moveit_planners_ompl/share/moveit_planners_ompl/cmake/export_moveit_planners_omplExport.cmake
[0.505s] -- Up-to-date: /home/zx/ws_moveit2/install/moveit_planners_ompl/share/moveit_planners_ompl/cmake/export_moveit_planners_omplExport-release.cmake
[0.505s] -- Up-to-date: /home/zx/ws_moveit2/install/moveit_planners_ompl/share/moveit_planners_ompl/cmake/ament_cmake_export_targets-extras.cmake
[0.505s] -- Up-to-date: /home/zx/ws_moveit2/install/moveit_planners_ompl/share/moveit_planners_ompl/cmake/ament_cmake_export_dependencies-extras.cmake
[0.505s] -- Up-to-date: /home/zx/ws_moveit2/install/moveit_planners_ompl/share/moveit_planners_ompl/cmake/moveit_planners_omplConfig.cmake
[0.505s] -- Up-to-date: /home/zx/ws_moveit2/install/moveit_planners_ompl/share/moveit_planners_ompl/cmake/moveit_planners_omplConfig-version.cmake
[0.505s] -- Up-to-date: /home/zx/ws_moveit2/install/moveit_planners_ompl/share/moveit_planners_ompl/package.xml
[0.508s] Invoked command in '/home/zx/ws_moveit2/build/moveit_planners_ompl' returned '0': AMENT_PREFIX_PATH=/home/zx/ws_moveit2/install/moveit_ros_planning:/home/zx/ws_moveit2/install/moveit_ros_occupancy_map_monitor:/home/zx/ws_moveit2/install/moveit_core:/home/zx/ws_moveit2/install/moveit_resources_panda_moveit_config:/home/zx/ws_moveit2/install/moveit_resources_fanuc_moveit_config:/home/zx/ws_moveit2/install/srdfdom:/home/zx/ws_moveit2/install/moveit_resources_pr2_description:/home/zx/ws_moveit2/install/moveit_resources_panda_description:/home/zx/ws_moveit2/install/moveit_resources_fanuc_description:/home/zx/ws_moveit2/install/moveit_common:${AMENT_PREFIX_PATH} CMAKE_PREFIX_PATH=/home/zx/ws_moveit2/install/moveit_ros_planning:/home/zx/ws_moveit2/install/moveit_ros_occupancy_map_monitor:/home/zx/ws_moveit2/install/moveit_core:/home/zx/ws_moveit2/install/moveit_resources_panda_moveit_config:/home/zx/ws_moveit2/install/moveit_resources_fanuc_moveit_config:/home/zx/ws_moveit2/install/srdfdom:/home/zx/ws_moveit2/install/moveit_resources_pr2_description:/home/zx/ws_moveit2/install/moveit_resources_panda_description:/home/zx/ws_moveit2/install/moveit_resources_fanuc_description:/home/zx/ws_moveit2/install/moveit_common:/opt/ros/humble LD_LIBRARY_PATH=/home/zx/ws_moveit2/install/moveit_ros_planning/lib:/home/zx/ws_moveit2/install/moveit_ros_occupancy_map_monitor/lib:/home/zx/ws_moveit2/install/moveit_core/lib:/home/zx/ws_moveit2/install/srdfdom/lib:${LD_LIBRARY_PATH} PATH=/home/zx/ws_moveit2/install/moveit_core/bin:${PATH} PYTHONPATH=/home/zx/ws_moveit2/install/srdfdom/local/lib/python3.10/dist-packages:${PYTHONPATH} /usr/bin/cmake --install /home/zx/ws_moveit2/build/moveit_planners_ompl
