[0.218s] Invoking command in '/home/zx/ws_moveit2/build/serial': CMAKE_PREFIX_PATH=${CMAKE_PREFIX_PATH}:/home/zx/ws_moveit2/install/tihu_2:/home/zx/ws_moveit2/install/moveit_configs_utils:/home/zx/ws_moveit2/install/launch_param_builder:/opt/ros/humble /usr/bin/cmake --build /home/zx/ws_moveit2/build/serial -- -j12 -l12
[0.511s] [100%] Built target serial
[0.513s] Invoked command in '/home/zx/ws_moveit2/build/serial' returned '0': CMAKE_PREFIX_PATH=${CMAKE_PREFIX_PATH}:/home/zx/ws_moveit2/install/tihu_2:/home/zx/ws_moveit2/install/moveit_configs_utils:/home/zx/ws_moveit2/install/launch_param_builder:/opt/ros/humble /usr/bin/cmake --build /home/zx/ws_moveit2/build/serial -- -j12 -l12
[0.618s] Invoking command in '/home/zx/ws_moveit2/build/serial': CMAKE_PREFIX_PATH=${CMAKE_PREFIX_PATH}:/home/zx/ws_moveit2/install/tihu_2:/home/zx/ws_moveit2/install/moveit_configs_utils:/home/zx/ws_moveit2/install/launch_param_builder:/opt/ros/humble /usr/bin/cmake --install /home/zx/ws_moveit2/build/serial
[0.638s] -- Install configuration: "Release"
[0.643s] -- Up-to-date: /home/zx/ws_moveit2/install/serial/share/serial/environment/library_path.sh
[0.643s] -- Up-to-date: /home/zx/ws_moveit2/install/serial/share/serial/environment/library_path.dsv
[0.643s] -- Up-to-date: /home/zx/ws_moveit2/install/serial/lib/libserial.so
[0.644s] -- Up-to-date: /home/zx/ws_moveit2/install/serial/include/serial/serial.h
[0.644s] -- Up-to-date: /home/zx/ws_moveit2/install/serial/include/serial/v8stdint.h
[0.655s] -- Up-to-date: /home/zx/ws_moveit2/install/serial/share/ament_index/resource_index/package_run_dependencies/serial
[0.656s] -- Up-to-date: /home/zx/ws_moveit2/install/serial/share/ament_index/resource_index/parent_prefix_path/serial
[0.660s] -- Up-to-date: /home/zx/ws_moveit2/install/serial/share/serial/environment/ament_prefix_path.sh
[0.660s] -- Up-to-date: /home/zx/ws_moveit2/install/serial/share/serial/environment/ament_prefix_path.dsv
[0.661s] -- Up-to-date: /home/zx/ws_moveit2/install/serial/share/serial/environment/path.sh
[0.661s] -- Up-to-date: /home/zx/ws_moveit2/install/serial/share/serial/environment/path.dsv
[0.661s] -- Up-to-date: /home/zx/ws_moveit2/install/serial/share/serial/local_setup.bash
[0.661s] -- Up-to-date: /home/zx/ws_moveit2/install/serial/share/serial/local_setup.sh
[0.661s] -- Up-to-date: /home/zx/ws_moveit2/install/serial/share/serial/local_setup.zsh
[0.661s] -- Up-to-date: /home/zx/ws_moveit2/install/serial/share/serial/local_setup.dsv
[0.662s] -- Installing: /home/zx/ws_moveit2/install/serial/share/serial/package.dsv
[0.662s] -- Up-to-date: /home/zx/ws_moveit2/install/serial/share/ament_index/resource_index/packages/serial
[0.662s] -- Up-to-date: /home/zx/ws_moveit2/install/serial/share/serial/cmake/ament_cmake_export_include_directories-extras.cmake
[0.662s] -- Up-to-date: /home/zx/ws_moveit2/install/serial/share/serial/cmake/ament_cmake_export_libraries-extras.cmake
[0.662s] -- Up-to-date: /home/zx/ws_moveit2/install/serial/share/serial/cmake/serialConfig.cmake
[0.662s] -- Up-to-date: /home/zx/ws_moveit2/install/serial/share/serial/cmake/serialConfig-version.cmake
[0.662s] -- Up-to-date: /home/zx/ws_moveit2/install/serial/share/serial/package.xml
[0.708s] Invoked command in '/home/zx/ws_moveit2/build/serial' returned '0': CMAKE_PREFIX_PATH=${CMAKE_PREFIX_PATH}:/home/zx/ws_moveit2/install/tihu_2:/home/zx/ws_moveit2/install/moveit_configs_utils:/home/zx/ws_moveit2/install/launch_param_builder:/opt/ros/humble /usr/bin/cmake --install /home/zx/ws_moveit2/build/serial
