[0.201s] Invoking command in '/home/zx/ws_moveit2/build/serial': CMAKE_PREFIX_PATH=/opt/ros/humble /usr/bin/cmake /home/zx/ws_moveit2/serial -DCMAKE_INSTALL_PREFIX=/home/zx/ws_moveit2/install/serial
[0.488s] -- Found ament_cmake: 1.3.5 (/opt/ros/humble/share/ament_cmake/cmake)
[0.489s] -- Configuring done
[0.490s] -- Generating done
[0.491s] -- Build files have been written to: /home/zx/ws_moveit2/build/serial
[0.493s] Invoked command in '/home/zx/ws_moveit2/build/serial' returned '0': CMAKE_PREFIX_PATH=/opt/ros/humble /usr/bin/cmake /home/zx/ws_moveit2/serial -DCMAKE_INSTALL_PREFIX=/home/zx/ws_moveit2/install/serial
[0.494s] Invoking command in '/home/zx/ws_moveit2/build/serial': CMAKE_PREFIX_PATH=/opt/ros/humble /usr/bin/cmake --build /home/zx/ws_moveit2/build/serial -- -j12 -l12
[0.524s] [35m[1mConsolidate compiler generated dependencies of target serial[0m
[0.549s] [100%] Built target serial
[0.569s] Invoked command in '/home/zx/ws_moveit2/build/serial' returned '0': CMAKE_PREFIX_PATH=/opt/ros/humble /usr/bin/cmake --build /home/zx/ws_moveit2/build/serial -- -j12 -l12
[0.681s] Invoking command in '/home/zx/ws_moveit2/build/serial': CMAKE_PREFIX_PATH=/opt/ros/humble /usr/bin/cmake --install /home/zx/ws_moveit2/build/serial
[0.697s] -- Install configuration: "Release"
[0.698s] -- Up-to-date: /home/zx/ws_moveit2/install/serial/share/serial/environment/library_path.sh
[0.698s] -- Installing: /home/zx/ws_moveit2/install/serial/share/serial/environment/library_path.dsv
[0.698s] -- Up-to-date: /home/zx/ws_moveit2/install/serial/lib/libserial.so
[0.698s] -- Up-to-date: /home/zx/ws_moveit2/install/serial/include/serial/serial.h
[0.698s] -- Up-to-date: /home/zx/ws_moveit2/install/serial/include/serial/v8stdint.h
[0.698s] -- Up-to-date: /home/zx/ws_moveit2/install/serial/share/ament_index/resource_index/package_run_dependencies/serial
[0.698s] -- Up-to-date: /home/zx/ws_moveit2/install/serial/share/ament_index/resource_index/parent_prefix_path/serial
[0.698s] -- Up-to-date: /home/zx/ws_moveit2/install/serial/share/serial/environment/ament_prefix_path.sh
[0.699s] -- Installing: /home/zx/ws_moveit2/install/serial/share/serial/environment/ament_prefix_path.dsv
[0.699s] -- Up-to-date: /home/zx/ws_moveit2/install/serial/share/serial/environment/path.sh
[0.699s] -- Installing: /home/zx/ws_moveit2/install/serial/share/serial/environment/path.dsv
[0.699s] -- Up-to-date: /home/zx/ws_moveit2/install/serial/share/serial/local_setup.bash
[0.699s] -- Up-to-date: /home/zx/ws_moveit2/install/serial/share/serial/local_setup.sh
[0.699s] -- Up-to-date: /home/zx/ws_moveit2/install/serial/share/serial/local_setup.zsh
[0.699s] -- Installing: /home/zx/ws_moveit2/install/serial/share/serial/local_setup.dsv
[0.699s] -- Installing: /home/zx/ws_moveit2/install/serial/share/serial/package.dsv
[0.699s] -- Up-to-date: /home/zx/ws_moveit2/install/serial/share/ament_index/resource_index/packages/serial
[0.699s] -- Up-to-date: /home/zx/ws_moveit2/install/serial/share/serial/cmake/ament_cmake_export_include_directories-extras.cmake
[0.699s] -- Up-to-date: /home/zx/ws_moveit2/install/serial/share/serial/cmake/ament_cmake_export_libraries-extras.cmake
[0.699s] -- Up-to-date: /home/zx/ws_moveit2/install/serial/share/serial/cmake/serialConfig.cmake
[0.699s] -- Up-to-date: /home/zx/ws_moveit2/install/serial/share/serial/cmake/serialConfig-version.cmake
[0.699s] -- Up-to-date: /home/zx/ws_moveit2/install/serial/share/serial/package.xml
[0.740s] Invoked command in '/home/zx/ws_moveit2/build/serial' returned '0': CMAKE_PREFIX_PATH=/opt/ros/humble /usr/bin/cmake --install /home/zx/ws_moveit2/build/serial
