[0.016s] Invoking command in '/home/zx/ws_moveit2/build/serial_demo': AMENT_PREFIX_PATH=/home/zx/ws_moveit2/install/serial:${AMENT_PREFIX_PATH} CMAKE_PREFIX_PATH=/home/zx/ws_moveit2/install/serial:/opt/ros/humble LD_LIBRARY_PATH=/home/zx/ws_moveit2/install/serial/lib:${LD_LIBRARY_PATH} /usr/bin/cmake /home/zx/ws_moveit2/src/serial_demo -DCMAKE_INSTALL_PREFIX=/home/zx/ws_moveit2/install/serial_demo
[0.028s] -- Found ament_cmake: 1.3.5 (/opt/ros/humble/share/ament_cmake/cmake)
[0.199s] -- Found rclcpp: 16.0.5 (/opt/ros/humble/share/rclcpp/cmake)
[0.243s] -- Found rosidl_generator_c: 3.1.5 (/opt/ros/humble/share/rosidl_generator_c/cmake)
[0.246s] -- Found rosidl_adapter: 3.1.5 (/opt/ros/humble/share/rosidl_adapter/cmake)
[0.255s] -- Found rosidl_generator_cpp: 3.1.5 (/opt/ros/humble/share/rosidl_generator_cpp/cmake)
[0.271s] -- Using all available rosidl_typesupport_c: rosidl_typesupport_fastrtps_c;rosidl_typesupport_introspection_c
[0.294s] -- Using all available rosidl_typesupport_cpp: rosidl_typesupport_fastrtps_cpp;rosidl_typesupport_introspection_cpp
[0.376s] -- Found rmw_implementation_cmake: 6.1.1 (/opt/ros/humble/share/rmw_implementation_cmake/cmake)
[0.378s] -- Found rmw_fastrtps_cpp: 6.2.3 (/opt/ros/humble/share/rmw_fastrtps_cpp/cmake)
[0.539s] -- Using RMW implementation 'rmw_fastrtps_cpp' as default
[0.672s] -- Found serial: 1.2.1 (/home/zx/ws_moveit2/install/serial/share/serial/cmake)
[0.674s] -- Found sensor_msgs: 4.2.3 (/opt/ros/humble/share/sensor_msgs/cmake)
[0.783s] -- Found moveit_msgs: 2.2.1 (/opt/ros/humble/share/moveit_msgs/cmake)
[1.420s] -- Found backward_ros: 1.0.2 (/opt/ros/humble/share/backward_ros/cmake)
[1.423s] -- Could NOT find libbfd (missing: LIBBFD_LIBRARY LIBBFD_INCLUDE_DIR) 
[1.424s] -- BACKWARD_HAS_UNWIND=1
[1.424s] -- BACKWARD_HAS_BACKTRACE=0
[1.424s] -- BACKWARD_HAS_BACKTRACE_SYMBOL=0
[1.424s] -- BACKWARD_HAS_DW=1
[1.424s] -- BACKWARD_HAS_BFD=0
[1.424s] -- Found Backward: /opt/ros/humble/share/backward_ros/cmake  
[1.425s] -- Found ament_lint_auto: 0.12.7 (/opt/ros/humble/share/ament_lint_auto/cmake)
[1.485s] -- Added test 'cppcheck' to perform static code analysis on C / C++ code
[1.485s] -- Configured cppcheck include dirs: 
[1.485s] -- Configured cppcheck exclude dirs and/or files: 
[1.486s] -- Added test 'lint_cmake' to check CMake code style
[1.486s] -- Added test 'uncrustify' to check C / C++ code style
[1.486s] -- Configured uncrustify additional arguments: 
[1.487s] -- Added test 'xmllint' to check XML markup files
[1.489s] -- Configuring done
[1.503s] -- Generating done
[1.505s] -- Build files have been written to: /home/zx/ws_moveit2/build/serial_demo
[1.514s] Invoked command in '/home/zx/ws_moveit2/build/serial_demo' returned '0': AMENT_PREFIX_PATH=/home/zx/ws_moveit2/install/serial:${AMENT_PREFIX_PATH} CMAKE_PREFIX_PATH=/home/zx/ws_moveit2/install/serial:/opt/ros/humble LD_LIBRARY_PATH=/home/zx/ws_moveit2/install/serial/lib:${LD_LIBRARY_PATH} /usr/bin/cmake /home/zx/ws_moveit2/src/serial_demo -DCMAKE_INSTALL_PREFIX=/home/zx/ws_moveit2/install/serial_demo
[1.516s] Invoking command in '/home/zx/ws_moveit2/build/serial_demo': AMENT_PREFIX_PATH=/home/zx/ws_moveit2/install/serial:${AMENT_PREFIX_PATH} CMAKE_PREFIX_PATH=/home/zx/ws_moveit2/install/serial:/opt/ros/humble LD_LIBRARY_PATH=/home/zx/ws_moveit2/install/serial/lib:${LD_LIBRARY_PATH} /usr/bin/cmake --build /home/zx/ws_moveit2/build/serial_demo -- -j12 -l12
[1.550s] [35m[1mConsolidate compiler generated dependencies of target serial_demo[0m
[1.563s] [100%] Built target serial_demo
[1.573s] Invoked command in '/home/zx/ws_moveit2/build/serial_demo' returned '0': AMENT_PREFIX_PATH=/home/zx/ws_moveit2/install/serial:${AMENT_PREFIX_PATH} CMAKE_PREFIX_PATH=/home/zx/ws_moveit2/install/serial:/opt/ros/humble LD_LIBRARY_PATH=/home/zx/ws_moveit2/install/serial/lib:${LD_LIBRARY_PATH} /usr/bin/cmake --build /home/zx/ws_moveit2/build/serial_demo -- -j12 -l12
[1.595s] Invoking command in '/home/zx/ws_moveit2/build/serial_demo': AMENT_PREFIX_PATH=/home/zx/ws_moveit2/install/serial:${AMENT_PREFIX_PATH} CMAKE_PREFIX_PATH=/home/zx/ws_moveit2/install/serial:/opt/ros/humble LD_LIBRARY_PATH=/home/zx/ws_moveit2/install/serial/lib:${LD_LIBRARY_PATH} /usr/bin/cmake --install /home/zx/ws_moveit2/build/serial_demo
[1.601s] -- Install configuration: "Release"
[1.601s] -- Up-to-date: /home/zx/ws_moveit2/install/serial_demo/share/ament_index/resource_index/package_run_dependencies/serial_demo
[1.601s] -- Up-to-date: /home/zx/ws_moveit2/install/serial_demo/share/ament_index/resource_index/parent_prefix_path/serial_demo
[1.603s] -- Up-to-date: /home/zx/ws_moveit2/install/serial_demo/share/serial_demo/environment/ament_prefix_path.sh
[1.603s] -- Installing: /home/zx/ws_moveit2/install/serial_demo/share/serial_demo/environment/ament_prefix_path.dsv
[1.603s] -- Up-to-date: /home/zx/ws_moveit2/install/serial_demo/share/serial_demo/environment/path.sh
[1.603s] -- Installing: /home/zx/ws_moveit2/install/serial_demo/share/serial_demo/environment/path.dsv
[1.603s] -- Up-to-date: /home/zx/ws_moveit2/install/serial_demo/share/serial_demo/local_setup.bash
[1.604s] -- Up-to-date: /home/zx/ws_moveit2/install/serial_demo/share/serial_demo/local_setup.sh
[1.604s] -- Up-to-date: /home/zx/ws_moveit2/install/serial_demo/share/serial_demo/local_setup.zsh
[1.604s] -- Installing: /home/zx/ws_moveit2/install/serial_demo/share/serial_demo/local_setup.dsv
[1.604s] -- Installing: /home/zx/ws_moveit2/install/serial_demo/share/serial_demo/package.dsv
[1.604s] -- Up-to-date: /home/zx/ws_moveit2/install/serial_demo/share/ament_index/resource_index/packages/serial_demo
[1.604s] -- Up-to-date: /home/zx/ws_moveit2/install/serial_demo/share/serial_demo/cmake/serial_demoConfig.cmake
[1.604s] -- Up-to-date: /home/zx/ws_moveit2/install/serial_demo/share/serial_demo/cmake/serial_demoConfig-version.cmake
[1.604s] -- Up-to-date: /home/zx/ws_moveit2/install/serial_demo/share/serial_demo/package.xml
[1.604s] -- Up-to-date: /home/zx/ws_moveit2/install/serial_demo/lib/serial_demo/serial_demo
[1.609s] Invoked command in '/home/zx/ws_moveit2/build/serial_demo' returned '0': AMENT_PREFIX_PATH=/home/zx/ws_moveit2/install/serial:${AMENT_PREFIX_PATH} CMAKE_PREFIX_PATH=/home/zx/ws_moveit2/install/serial:/opt/ros/humble LD_LIBRARY_PATH=/home/zx/ws_moveit2/install/serial/lib:${LD_LIBRARY_PATH} /usr/bin/cmake --install /home/zx/ws_moveit2/build/serial_demo
