/home/zx/ws_moveit2/install/tihu_2/lib/python3.10/site-packages/tihu_2/__init__.py
/home/zx/ws_moveit2/install/tihu_2/lib/python3.10/site-packages/tihu_2/__pycache__/__init__.cpython-310.pyc
/home/zx/ws_moveit2/install/tihu_2/share/ament_index/resource_index/packages/tihu_2
/home/zx/ws_moveit2/install/tihu_2/share/tihu_2/package.xml
/home/zx/ws_moveit2/install/tihu_2/share/tihu_2/meshes/A.STL
/home/zx/ws_moveit2/install/tihu_2/share/tihu_2/meshes/B.STL
/home/zx/ws_moveit2/install/tihu_2/share/tihu_2/meshes/C.STL
/home/zx/ws_moveit2/install/tihu_2/share/tihu_2/meshes/D.STL
/home/zx/ws_moveit2/install/tihu_2/share/tihu_2/meshes/E.STL
/home/zx/ws_moveit2/install/tihu_2/share/tihu_2/meshes/F.STL
/home/zx/ws_moveit2/install/tihu_2/share/tihu_2/meshes/base_link.STL
/home/zx/ws_moveit2/install/tihu_2/share/tihu_2/launch/display_rviz2.launch.py
/home/zx/ws_moveit2/install/tihu_2/share/tihu_2/urdf/tihuurdf2kg.urdf
/home/zx/ws_moveit2/install/tihu_2/share/tihu_2/urdf/tihuurdf2kg.csv
/home/zx/ws_moveit2/install/tihu_2/lib/python3.10/site-packages/tihu_2-0.0.0-py3.10.egg-info/dependency_links.txt
/home/zx/ws_moveit2/install/tihu_2/lib/python3.10/site-packages/tihu_2-0.0.0-py3.10.egg-info/top_level.txt
/home/zx/ws_moveit2/install/tihu_2/lib/python3.10/site-packages/tihu_2-0.0.0-py3.10.egg-info/zip-safe
/home/zx/ws_moveit2/install/tihu_2/lib/python3.10/site-packages/tihu_2-0.0.0-py3.10.egg-info/SOURCES.txt
/home/zx/ws_moveit2/install/tihu_2/lib/python3.10/site-packages/tihu_2-0.0.0-py3.10.egg-info/requires.txt
/home/zx/ws_moveit2/install/tihu_2/lib/python3.10/site-packages/tihu_2-0.0.0-py3.10.egg-info/PKG-INFO
/home/zx/ws_moveit2/install/tihu_2/lib/python3.10/site-packages/tihu_2-0.0.0-py3.10.egg-info/entry_points.txt
