[0.016s] Invoking command in '/home/zx/ws_moveit2/build/moveit_ros_perception': AMENT_PREFIX_PATH=/home/zx/ws_moveit2/install/moveit_ros_planning:/home/zx/ws_moveit2/install/moveit_ros_occupancy_map_monitor:/home/zx/ws_moveit2/install/moveit_core:/home/zx/ws_moveit2/install/srdfdom:/home/zx/ws_moveit2/install/moveit_common:${AMENT_PREFIX_PATH} CMAKE_PREFIX_PATH=/home/zx/ws_moveit2/install/moveit_ros_planning:/home/zx/ws_moveit2/install/moveit_ros_occupancy_map_monitor:/home/zx/ws_moveit2/install/moveit_core:/home/zx/ws_moveit2/install/srdfdom:/home/zx/ws_moveit2/install/moveit_common:/opt/ros/humble LD_LIBRARY_PATH=/home/zx/ws_moveit2/install/moveit_ros_planning/lib:/home/zx/ws_moveit2/install/moveit_ros_occupancy_map_monitor/lib:/home/zx/ws_moveit2/install/moveit_core/lib:/home/zx/ws_moveit2/install/srdfdom/lib:${LD_LIBRARY_PATH} PATH=/home/zx/ws_moveit2/install/moveit_core/bin:${PATH} PYTHONPATH=/home/zx/ws_moveit2/install/srdfdom/local/lib/python3.10/dist-packages:${PYTHONPATH} /usr/bin/cmake /home/zx/ws_moveit2/src/moveit2/moveit_ros/perception -DCMAKE_BUILD_TYPE=Release -DCMAKE_INSTALL_PREFIX=/home/zx/ws_moveit2/install/moveit_ros_perception
[0.059s] -- The C compiler identification is GNU 11.4.0
[0.106s] -- The CXX compiler identification is GNU 11.4.0
[0.113s] -- Detecting C compiler ABI info
[0.175s] -- Detecting C compiler ABI info - done
[0.181s] -- Check for working C compiler: /usr/bin/cc - skipped
[0.181s] -- Detecting C compile features
[0.181s] -- Detecting C compile features - done
[0.184s] -- Detecting CXX compiler ABI info
[0.252s] -- Detecting CXX compiler ABI info - done
[0.261s] -- Check for working CXX compiler: /usr/bin/c++ - skipped
[0.261s] -- Detecting CXX compile features
[0.262s] -- Detecting CXX compile features - done
[0.263s] -- Found moveit_common: 2.5.4 (/home/zx/ws_moveit2/install/moveit_common/share/moveit_common/cmake)
[0.265s] -- Found ament_cmake: 1.3.5 (/opt/ros/humble/share/ament_cmake/cmake)
[0.437s] -- Found Python3: /usr/bin/python3.10 (found version "3.10.12") found components: Interpreter 
[0.604s] -- Found libdw: /usr/lib/x86_64-linux-gnu/libdw.so  
[0.610s] -- Could NOT find libbfd (missing: LIBBFD_LIBRARY LIBBFD_INCLUDE_DIR) 
[0.610s] -- BACKWARD_HAS_UNWIND=1
[0.610s] -- BACKWARD_HAS_BACKTRACE=0
[0.610s] -- BACKWARD_HAS_BACKTRACE_SYMBOL=0
[0.610s] -- BACKWARD_HAS_DW=1
[0.610s] -- BACKWARD_HAS_BFD=0
[0.611s] -- Found Backward: /opt/ros/humble/share/backward_ros/cmake  
[0.617s] -- Found OpenGL: /usr/lib/x86_64-linux-gnu/libOpenGL.so   
[0.670s] -- Found GLEW: /usr/include (found version "2.2.0") 
[0.676s] -- Found PkgConfig: /usr/bin/pkg-config (found version "0.29.2") 
[0.676s] -- Checking for module 'glut'
[0.679s] --   No package 'glut' found
[0.682s] -- Found GLUT: /usr/lib/x86_64-linux-gnu/libglut.so  
[0.686s] -- Found cv_bridge: 3.2.1 (/opt/ros/humble/share/cv_bridge/cmake)
[0.736s] -- Found rosidl_generator_c: 3.1.5 (/opt/ros/humble/share/rosidl_generator_c/cmake)
[0.744s] -- Found rosidl_adapter: 3.1.5 (/opt/ros/humble/share/rosidl_adapter/cmake)
[0.755s] -- Found rosidl_generator_cpp: 3.1.5 (/opt/ros/humble/share/rosidl_generator_cpp/cmake)
[0.774s] -- Using all available rosidl_typesupport_c: rosidl_typesupport_fastrtps_c;rosidl_typesupport_introspection_c
[0.798s] -- Using all available rosidl_typesupport_cpp: rosidl_typesupport_fastrtps_cpp;rosidl_typesupport_introspection_cpp
[1.074s] -- Found moveit_core: 2.5.4 (/home/zx/ws_moveit2/install/moveit_core/share/moveit_core/cmake)
[1.283s] -- Found Boost: /usr/lib/x86_64-linux-gnu/cmake/Boost-1.74.0/BoostConfig.cmake (found version "1.74.0") found components: chrono date_time filesystem iostreams program_options regex serialization system thread 
[1.305s] -- Found parameter_traits: 0.3.6 (/opt/ros/humble/share/parameter_traits/cmake)
[1.396s] -- Found rmw_implementation_cmake: 6.1.1 (/opt/ros/humble/share/rmw_implementation_cmake/cmake)
[1.401s] -- Found rmw_fastrtps_cpp: 6.2.3 (/opt/ros/humble/share/rmw_fastrtps_cpp/cmake)
[1.522s] -- Found OpenSSL: /usr/lib/x86_64-linux-gnu/libcrypto.so (found version "3.0.2")  
[1.555s] -- Found FastRTPS: /opt/ros/humble/include  
[1.611s] -- Using RMW implementation 'rmw_fastrtps_cpp' as default
[1.627s] -- Found Threads: TRUE  
[1.828s] -- Found rclcpp_lifecycle: 16.0.5 (/opt/ros/humble/share/rclcpp_lifecycle/cmake)
[1.889s] -- Found Boost: /usr/lib/x86_64-linux-gnu/cmake/Boost-1.74.0/BoostConfig.cmake (found version "1.74.0") found components: filesystem 
[1.996s] -- library: /usr/lib/x86_64-linux-gnu/libcurl.so
[2.277s] -- Found Eigen3: TRUE (found version "3.4.0") 
[2.278s] -- Ensuring Eigen3 include directory is part of orocos-kdl CMake target
[3.732s] -- Found image_transport: 3.1.7 (/opt/ros/humble/share/image_transport/cmake)
[3.752s] -- Found moveit_ros_occupancy_map_monitor: 2.5.4 (/home/zx/ws_moveit2/install/moveit_ros_occupancy_map_monitor/share/moveit_ros_occupancy_map_monitor/cmake)
[4.406s] -- Found OpenMP_C: -fopenmp (found version "4.5") 
[4.539s] -- Found OpenMP_CXX: -fopenmp (found version "4.5") 
[4.539s] -- Found OpenMP: TRUE (found version "4.5")  
[4.542s] -- Found OpenCV: /usr/local (found version "4.7.0") 
[4.547s] -- Found Boost: /usr/lib/x86_64-linux-gnu/cmake/Boost-1.74.0/BoostConfig.cmake (found version "1.74.0") found components: thread 
[4.570s] -- Performing Test COMPILER_HAS_HIDDEN_VISIBILITY
[4.715s] -- Performing Test COMPILER_HAS_HIDDEN_VISIBILITY - Success
[4.716s] -- Performing Test COMPILER_HAS_HIDDEN_INLINE_VISIBILITY
[4.855s] -- Performing Test COMPILER_HAS_HIDDEN_INLINE_VISIBILITY - Success
[4.855s] -- Performing Test COMPILER_HAS_DEPRECATED_ATTR
[4.960s] -- Performing Test COMPILER_HAS_DEPRECATED_ATTR - Success
[4.992s] -- Found ament_lint_auto: 0.12.7 (/opt/ros/humble/share/ament_lint_auto/cmake)
[5.011s] -- Added test 'cppcheck' to perform static code analysis on C / C++ code
[5.012s] -- Configured cppcheck include dirs: /home/zx/ws_moveit2/src/moveit2/moveit_ros/perception/depth_image_octomap_updater/include;/home/zx/ws_moveit2/src/moveit2/moveit_ros/perception/lazy_free_space_updater/include;/home/zx/ws_moveit2/src/moveit2/moveit_ros/perception/mesh_filter/include;/home/zx/ws_moveit2/src/moveit2/moveit_ros/perception/point_containment_filter/include;/home/zx/ws_moveit2/src/moveit2/moveit_ros/perception/pointcloud_octomap_updater/include;/home/zx/ws_moveit2/src/moveit2/moveit_ros/perception/semantic_world/include
[5.012s] -- Configured cppcheck exclude dirs and/or files: 
[5.014s] -- Added test 'lint_cmake' to check CMake code style
[5.015s] -- Added test 'xmllint' to check XML markup files
[5.018s] -- Configuring done
[5.403s] -- Generating done
[5.407s] -- Build files have been written to: /home/zx/ws_moveit2/build/moveit_ros_perception
[5.425s] Invoked command in '/home/zx/ws_moveit2/build/moveit_ros_perception' returned '0': AMENT_PREFIX_PATH=/home/zx/ws_moveit2/install/moveit_ros_planning:/home/zx/ws_moveit2/install/moveit_ros_occupancy_map_monitor:/home/zx/ws_moveit2/install/moveit_core:/home/zx/ws_moveit2/install/srdfdom:/home/zx/ws_moveit2/install/moveit_common:${AMENT_PREFIX_PATH} CMAKE_PREFIX_PATH=/home/zx/ws_moveit2/install/moveit_ros_planning:/home/zx/ws_moveit2/install/moveit_ros_occupancy_map_monitor:/home/zx/ws_moveit2/install/moveit_core:/home/zx/ws_moveit2/install/srdfdom:/home/zx/ws_moveit2/install/moveit_common:/opt/ros/humble LD_LIBRARY_PATH=/home/zx/ws_moveit2/install/moveit_ros_planning/lib:/home/zx/ws_moveit2/install/moveit_ros_occupancy_map_monitor/lib:/home/zx/ws_moveit2/install/moveit_core/lib:/home/zx/ws_moveit2/install/srdfdom/lib:${LD_LIBRARY_PATH} PATH=/home/zx/ws_moveit2/install/moveit_core/bin:${PATH} PYTHONPATH=/home/zx/ws_moveit2/install/srdfdom/local/lib/python3.10/dist-packages:${PYTHONPATH} /usr/bin/cmake /home/zx/ws_moveit2/src/moveit2/moveit_ros/perception -DCMAKE_BUILD_TYPE=Release -DCMAKE_INSTALL_PREFIX=/home/zx/ws_moveit2/install/moveit_ros_perception
[5.427s] Invoking command in '/home/zx/ws_moveit2/build/moveit_ros_perception': AMENT_PREFIX_PATH=/home/zx/ws_moveit2/install/moveit_ros_planning:/home/zx/ws_moveit2/install/moveit_ros_occupancy_map_monitor:/home/zx/ws_moveit2/install/moveit_core:/home/zx/ws_moveit2/install/srdfdom:/home/zx/ws_moveit2/install/moveit_common:${AMENT_PREFIX_PATH} CMAKE_PREFIX_PATH=/home/zx/ws_moveit2/install/moveit_ros_planning:/home/zx/ws_moveit2/install/moveit_ros_occupancy_map_monitor:/home/zx/ws_moveit2/install/moveit_core:/home/zx/ws_moveit2/install/srdfdom:/home/zx/ws_moveit2/install/moveit_common:/opt/ros/humble LD_LIBRARY_PATH=/home/zx/ws_moveit2/install/moveit_ros_planning/lib:/home/zx/ws_moveit2/install/moveit_ros_occupancy_map_monitor/lib:/home/zx/ws_moveit2/install/moveit_core/lib:/home/zx/ws_moveit2/install/srdfdom/lib:${LD_LIBRARY_PATH} PATH=/home/zx/ws_moveit2/install/moveit_core/bin:${PATH} PYTHONPATH=/home/zx/ws_moveit2/install/srdfdom/local/lib/python3.10/dist-packages:${PYTHONPATH} /usr/bin/cmake --build /home/zx/ws_moveit2/build/moveit_ros_perception -- -j12 -l12
[5.488s] [  5%] [32mBuilding CXX object lazy_free_space_updater/CMakeFiles/moveit_lazy_free_space_updater.dir/src/lazy_free_space_updater.cpp.o[0m
[5.490s] [ 20%] [32mBuilding CXX object point_containment_filter/CMakeFiles/moveit_point_containment_filter.dir/src/shape_mask.cpp.o[0m
[5.490s] [ 20%] [32mBuilding CXX object mesh_filter/CMakeFiles/moveit_mesh_filter.dir/src/sensor_model.cpp.o[0m
[5.491s] [ 20%] [32mBuilding CXX object mesh_filter/CMakeFiles/moveit_mesh_filter.dir/src/mesh_filter_base.cpp.o[0m
[5.491s] [ 25%] [32mBuilding CXX object semantic_world/CMakeFiles/moveit_semantic_world.dir/src/semantic_world.cpp.o[0m
[5.503s] [ 30%] [32mBuilding CXX object mesh_filter/CMakeFiles/moveit_mesh_filter.dir/src/gl_renderer.cpp.o[0m
[5.507s] [ 35%] [32mBuilding CXX object mesh_filter/CMakeFiles/moveit_mesh_filter.dir/src/gl_mesh.cpp.o[0m
[5.507s] [ 40%] [32mBuilding CXX object mesh_filter/CMakeFiles/moveit_mesh_filter.dir/src/stereo_camera_model.cpp.o[0m
[14.024s] [ 45%] [32m[1mLinking CXX shared library libmoveit_lazy_free_space_updater.so[0m
[14.874s] [ 45%] Built target moveit_lazy_free_space_updater
[18.613s] [ 50%] [32m[1mLinking CXX shared library libmoveit_point_containment_filter.so[0m
[19.432s] [ 50%] Built target moveit_point_containment_filter
[31.251s] [ 55%] [32m[1mLinking CXX shared library libmoveit_mesh_filter.so[0m
[32.402s] [ 55%] Built target moveit_mesh_filter
[77.809s] [ 60%] [32m[1mLinking CXX shared library libmoveit_semantic_world.so[0m
[78.121s] [ 60%] Built target moveit_semantic_world
[78.144s] [ 65%] [32mBuilding CXX object depth_image_octomap_updater/CMakeFiles/moveit_depth_image_octomap_updater_core.dir/src/depth_image_octomap_updater.cpp.o[0m
[83.760s] [ 70%] [32m[1mLinking CXX shared library libmoveit_depth_image_octomap_updater_core.so[0m
[83.935s] [ 70%] Built target moveit_depth_image_octomap_updater_core
[83.957s] [ 75%] [32mBuilding CXX object pointcloud_octomap_updater/CMakeFiles/moveit_pointcloud_octomap_updater_core.dir/src/pointcloud_octomap_updater.cpp.o[0m
[95.654s] [ 80%] [32m[1mLinking CXX shared library libmoveit_pointcloud_octomap_updater_core.so[0m
[95.851s] [ 80%] Built target moveit_pointcloud_octomap_updater_core
[95.869s] [ 85%] [32mBuilding CXX object depth_image_octomap_updater/CMakeFiles/moveit_depth_image_octomap_updater.dir/src/updater_plugin.cpp.o[0m
[99.124s] [ 90%] [32m[1mLinking CXX shared library libmoveit_depth_image_octomap_updater.so[0m
[99.253s] [ 90%] Built target moveit_depth_image_octomap_updater
[99.273s] [ 95%] [32mBuilding CXX object pointcloud_octomap_updater/CMakeFiles/moveit_pointcloud_octomap_updater.dir/src/plugin_init.cpp.o[0m
[102.986s] [100%] [32m[1mLinking CXX shared library libmoveit_pointcloud_octomap_updater.so[0m
[103.191s] [100%] Built target moveit_pointcloud_octomap_updater
[103.219s] Invoked command in '/home/zx/ws_moveit2/build/moveit_ros_perception' returned '0': AMENT_PREFIX_PATH=/home/zx/ws_moveit2/install/moveit_ros_planning:/home/zx/ws_moveit2/install/moveit_ros_occupancy_map_monitor:/home/zx/ws_moveit2/install/moveit_core:/home/zx/ws_moveit2/install/srdfdom:/home/zx/ws_moveit2/install/moveit_common:${AMENT_PREFIX_PATH} CMAKE_PREFIX_PATH=/home/zx/ws_moveit2/install/moveit_ros_planning:/home/zx/ws_moveit2/install/moveit_ros_occupancy_map_monitor:/home/zx/ws_moveit2/install/moveit_core:/home/zx/ws_moveit2/install/srdfdom:/home/zx/ws_moveit2/install/moveit_common:/opt/ros/humble LD_LIBRARY_PATH=/home/zx/ws_moveit2/install/moveit_ros_planning/lib:/home/zx/ws_moveit2/install/moveit_ros_occupancy_map_monitor/lib:/home/zx/ws_moveit2/install/moveit_core/lib:/home/zx/ws_moveit2/install/srdfdom/lib:${LD_LIBRARY_PATH} PATH=/home/zx/ws_moveit2/install/moveit_core/bin:${PATH} PYTHONPATH=/home/zx/ws_moveit2/install/srdfdom/local/lib/python3.10/dist-packages:${PYTHONPATH} /usr/bin/cmake --build /home/zx/ws_moveit2/build/moveit_ros_perception -- -j12 -l12
[103.248s] Invoking command in '/home/zx/ws_moveit2/build/moveit_ros_perception': AMENT_PREFIX_PATH=/home/zx/ws_moveit2/install/moveit_ros_planning:/home/zx/ws_moveit2/install/moveit_ros_occupancy_map_monitor:/home/zx/ws_moveit2/install/moveit_core:/home/zx/ws_moveit2/install/srdfdom:/home/zx/ws_moveit2/install/moveit_common:${AMENT_PREFIX_PATH} CMAKE_PREFIX_PATH=/home/zx/ws_moveit2/install/moveit_ros_planning:/home/zx/ws_moveit2/install/moveit_ros_occupancy_map_monitor:/home/zx/ws_moveit2/install/moveit_core:/home/zx/ws_moveit2/install/srdfdom:/home/zx/ws_moveit2/install/moveit_common:/opt/ros/humble LD_LIBRARY_PATH=/home/zx/ws_moveit2/install/moveit_ros_planning/lib:/home/zx/ws_moveit2/install/moveit_ros_occupancy_map_monitor/lib:/home/zx/ws_moveit2/install/moveit_core/lib:/home/zx/ws_moveit2/install/srdfdom/lib:${LD_LIBRARY_PATH} PATH=/home/zx/ws_moveit2/install/moveit_core/bin:${PATH} PYTHONPATH=/home/zx/ws_moveit2/install/srdfdom/local/lib/python3.10/dist-packages:${PYTHONPATH} /usr/bin/cmake --install /home/zx/ws_moveit2/build/moveit_ros_perception
[103.257s] -- Install configuration: "Release"
[103.257s] -- Installing: /home/zx/ws_moveit2/install/moveit_ros_perception/include
[103.258s] -- Installing: /home/zx/ws_moveit2/install/moveit_ros_perception/include/moveit
[103.258s] -- Installing: /home/zx/ws_moveit2/install/moveit_ros_perception/include/moveit/lazy_free_space_updater
[103.258s] -- Installing: /home/zx/ws_moveit2/install/moveit_ros_perception/include/moveit/lazy_free_space_updater/lazy_free_space_updater.h
[103.258s] -- Up-to-date: /home/zx/ws_moveit2/install/moveit_ros_perception/include
[103.259s] -- Up-to-date: /home/zx/ws_moveit2/install/moveit_ros_perception/include/moveit
[103.259s] -- Installing: /home/zx/ws_moveit2/install/moveit_ros_perception/include/moveit/point_containment_filter
[103.259s] -- Installing: /home/zx/ws_moveit2/install/moveit_ros_perception/include/moveit/point_containment_filter/shape_mask.h
[103.260s] -- Up-to-date: /home/zx/ws_moveit2/install/moveit_ros_perception/include
[103.260s] -- Up-to-date: /home/zx/ws_moveit2/install/moveit_ros_perception/include/moveit
[103.260s] -- Installing: /home/zx/ws_moveit2/install/moveit_ros_perception/include/moveit/pointcloud_octomap_updater
[103.260s] -- Installing: /home/zx/ws_moveit2/install/moveit_ros_perception/include/moveit/pointcloud_octomap_updater/pointcloud_octomap_updater.h
[103.260s] -- Up-to-date: /home/zx/ws_moveit2/install/moveit_ros_perception/include
[103.260s] -- Up-to-date: /home/zx/ws_moveit2/install/moveit_ros_perception/include/moveit
[103.261s] -- Installing: /home/zx/ws_moveit2/install/moveit_ros_perception/include/moveit/mesh_filter
[103.261s] -- Installing: /home/zx/ws_moveit2/install/moveit_ros_perception/include/moveit/mesh_filter/filter_job.h
[103.261s] -- Installing: /home/zx/ws_moveit2/install/moveit_ros_perception/include/moveit/mesh_filter/mesh_filter_base.h
[103.261s] -- Installing: /home/zx/ws_moveit2/install/moveit_ros_perception/include/moveit/mesh_filter/gl_renderer.h
[103.261s] -- Installing: /home/zx/ws_moveit2/install/moveit_ros_perception/include/moveit/mesh_filter/transform_provider.h
[103.261s] -- Installing: /home/zx/ws_moveit2/install/moveit_ros_perception/include/moveit/mesh_filter/sensor_model.h
[103.261s] -- Installing: /home/zx/ws_moveit2/install/moveit_ros_perception/include/moveit/mesh_filter/depth_self_filter_nodelet.h
[103.261s] -- Installing: /home/zx/ws_moveit2/install/moveit_ros_perception/include/moveit/mesh_filter/gl_mesh.h
[103.261s] -- Installing: /home/zx/ws_moveit2/install/moveit_ros_perception/include/moveit/mesh_filter/stereo_camera_model.h
[103.261s] -- Installing: /home/zx/ws_moveit2/install/moveit_ros_perception/include/moveit/mesh_filter/mesh_filter.h
[103.262s] -- Installing: /home/zx/ws_moveit2/install/moveit_ros_perception/include/moveit_mesh_filter_export.h
[103.262s] -- Up-to-date: /home/zx/ws_moveit2/install/moveit_ros_perception/include
[103.262s] -- Up-to-date: /home/zx/ws_moveit2/install/moveit_ros_perception/include/moveit
[103.262s] -- Installing: /home/zx/ws_moveit2/install/moveit_ros_perception/include/moveit/depth_image_octomap_updater
[103.262s] -- Installing: /home/zx/ws_moveit2/install/moveit_ros_perception/include/moveit/depth_image_octomap_updater/depth_image_octomap_updater.h
[103.263s] -- Up-to-date: /home/zx/ws_moveit2/install/moveit_ros_perception/include
[103.263s] -- Up-to-date: /home/zx/ws_moveit2/install/moveit_ros_perception/include/moveit
[103.263s] -- Installing: /home/zx/ws_moveit2/install/moveit_ros_perception/include/moveit/semantic_world
[103.263s] -- Installing: /home/zx/ws_moveit2/install/moveit_ros_perception/include/moveit/semantic_world/semantic_world.h
[103.263s] -- Installing: /home/zx/ws_moveit2/install/moveit_ros_perception/lib/libmoveit_depth_image_octomap_updater.so.2.5.4
[103.264s] -- Set runtime path of "/home/zx/ws_moveit2/install/moveit_ros_perception/lib/libmoveit_depth_image_octomap_updater.so.2.5.4" to ""
[103.264s] -- Installing: /home/zx/ws_moveit2/install/moveit_ros_perception/lib/libmoveit_depth_image_octomap_updater.so
[103.264s] -- Installing: /home/zx/ws_moveit2/install/moveit_ros_perception/lib/libmoveit_depth_image_octomap_updater_core.so.2.5.4
[103.264s] -- Set runtime path of "/home/zx/ws_moveit2/install/moveit_ros_perception/lib/libmoveit_depth_image_octomap_updater_core.so.2.5.4" to ""
[103.265s] -- Installing: /home/zx/ws_moveit2/install/moveit_ros_perception/lib/libmoveit_depth_image_octomap_updater_core.so
[103.265s] -- Installing: /home/zx/ws_moveit2/install/moveit_ros_perception/lib/libmoveit_lazy_free_space_updater.so.2.5.4
[103.265s] -- Set runtime path of "/home/zx/ws_moveit2/install/moveit_ros_perception/lib/libmoveit_lazy_free_space_updater.so.2.5.4" to ""
[103.265s] -- Installing: /home/zx/ws_moveit2/install/moveit_ros_perception/lib/libmoveit_lazy_free_space_updater.so
[103.265s] -- Installing: /home/zx/ws_moveit2/install/moveit_ros_perception/lib/libmoveit_mesh_filter.so.2.5.4
[103.265s] -- Set runtime path of "/home/zx/ws_moveit2/install/moveit_ros_perception/lib/libmoveit_mesh_filter.so.2.5.4" to ""
[103.265s] -- Installing: /home/zx/ws_moveit2/install/moveit_ros_perception/lib/libmoveit_mesh_filter.so
[103.266s] -- Installing: /home/zx/ws_moveit2/install/moveit_ros_perception/lib/libmoveit_point_containment_filter.so.2.5.4
[103.266s] -- Set runtime path of "/home/zx/ws_moveit2/install/moveit_ros_perception/lib/libmoveit_point_containment_filter.so.2.5.4" to ""
[103.266s] -- Installing: /home/zx/ws_moveit2/install/moveit_ros_perception/lib/libmoveit_point_containment_filter.so
[103.266s] -- Installing: /home/zx/ws_moveit2/install/moveit_ros_perception/lib/libmoveit_pointcloud_octomap_updater.so.2.5.4
[103.266s] -- Set runtime path of "/home/zx/ws_moveit2/install/moveit_ros_perception/lib/libmoveit_pointcloud_octomap_updater.so.2.5.4" to ""
[103.266s] -- Installing: /home/zx/ws_moveit2/install/moveit_ros_perception/lib/libmoveit_pointcloud_octomap_updater.so
[103.266s] -- Installing: /home/zx/ws_moveit2/install/moveit_ros_perception/lib/libmoveit_pointcloud_octomap_updater_core.so.2.5.4
[103.268s] -- Set runtime path of "/home/zx/ws_moveit2/install/moveit_ros_perception/lib/libmoveit_pointcloud_octomap_updater_core.so.2.5.4" to ""
[103.268s] -- Installing: /home/zx/ws_moveit2/install/moveit_ros_perception/lib/libmoveit_pointcloud_octomap_updater_core.so
[103.268s] -- Installing: /home/zx/ws_moveit2/install/moveit_ros_perception/lib/libmoveit_semantic_world.so.2.5.4
[103.270s] -- Set runtime path of "/home/zx/ws_moveit2/install/moveit_ros_perception/lib/libmoveit_semantic_world.so.2.5.4" to ""
[103.270s] -- Installing: /home/zx/ws_moveit2/install/moveit_ros_perception/lib/libmoveit_semantic_world.so
[103.270s] -- Installing: /home/zx/ws_moveit2/install/moveit_ros_perception/share/moveit_ros_perception/environment/library_path.sh
[103.270s] -- Installing: /home/zx/ws_moveit2/install/moveit_ros_perception/share/moveit_ros_perception/environment/library_path.dsv
[103.270s] -- Installing: /home/zx/ws_moveit2/install/moveit_ros_perception/share/moveit_ros_perception/pointcloud_octomap_updater_plugin_description.xml
[103.270s] -- Installing: /home/zx/ws_moveit2/install/moveit_ros_perception/share/moveit_ros_perception/depth_image_octomap_updater_plugin_description.xml
[103.271s] -- Installing: /home/zx/ws_moveit2/install/moveit_ros_perception/share/ament_index/resource_index/package_run_dependencies/moveit_ros_perception
[103.271s] -- Installing: /home/zx/ws_moveit2/install/moveit_ros_perception/share/ament_index/resource_index/parent_prefix_path/moveit_ros_perception
[103.272s] -- Installing: /home/zx/ws_moveit2/install/moveit_ros_perception/share/moveit_ros_perception/environment/ament_prefix_path.sh
[103.272s] -- Installing: /home/zx/ws_moveit2/install/moveit_ros_perception/share/moveit_ros_perception/environment/ament_prefix_path.dsv
[103.272s] -- Installing: /home/zx/ws_moveit2/install/moveit_ros_perception/share/moveit_ros_perception/environment/path.sh
[103.272s] -- Installing: /home/zx/ws_moveit2/install/moveit_ros_perception/share/moveit_ros_perception/environment/path.dsv
[103.272s] -- Installing: /home/zx/ws_moveit2/install/moveit_ros_perception/share/moveit_ros_perception/local_setup.bash
[103.272s] -- Installing: /home/zx/ws_moveit2/install/moveit_ros_perception/share/moveit_ros_perception/local_setup.sh
[103.273s] -- Installing: /home/zx/ws_moveit2/install/moveit_ros_perception/share/moveit_ros_perception/local_setup.zsh
[103.273s] -- Installing: /home/zx/ws_moveit2/install/moveit_ros_perception/share/moveit_ros_perception/local_setup.dsv
[103.273s] -- Installing: /home/zx/ws_moveit2/install/moveit_ros_perception/share/moveit_ros_perception/package.dsv
[103.273s] -- Installing: /home/zx/ws_moveit2/install/moveit_ros_perception/share/ament_index/resource_index/packages/moveit_ros_perception
[103.273s] -- Installing: /home/zx/ws_moveit2/install/moveit_ros_perception/share/ament_index/resource_index/moveit_ros_occupancy_map_monitor__pluginlib__plugin/moveit_ros_perception
[103.274s] -- Installing: /home/zx/ws_moveit2/install/moveit_ros_perception/share/moveit_ros_perception/cmake/export_moveit_ros_perceptionExport.cmake
[103.274s] -- Installing: /home/zx/ws_moveit2/install/moveit_ros_perception/share/moveit_ros_perception/cmake/export_moveit_ros_perceptionExport-release.cmake
[103.275s] -- Installing: /home/zx/ws_moveit2/install/moveit_ros_perception/share/moveit_ros_perception/cmake/ConfigExtras.cmake
[103.275s] -- Installing: /home/zx/ws_moveit2/install/moveit_ros_perception/share/moveit_ros_perception/cmake/ament_cmake_export_targets-extras.cmake
[103.275s] -- Installing: /home/zx/ws_moveit2/install/moveit_ros_perception/share/moveit_ros_perception/cmake/ament_cmake_export_dependencies-extras.cmake
[103.275s] -- Installing: /home/zx/ws_moveit2/install/moveit_ros_perception/share/moveit_ros_perception/cmake/moveit_ros_perceptionConfig.cmake
[103.275s] -- Installing: /home/zx/ws_moveit2/install/moveit_ros_perception/share/moveit_ros_perception/cmake/moveit_ros_perceptionConfig-version.cmake
[103.276s] -- Installing: /home/zx/ws_moveit2/install/moveit_ros_perception/share/moveit_ros_perception/package.xml
[103.281s] Invoked command in '/home/zx/ws_moveit2/build/moveit_ros_perception' returned '0': AMENT_PREFIX_PATH=/home/zx/ws_moveit2/install/moveit_ros_planning:/home/zx/ws_moveit2/install/moveit_ros_occupancy_map_monitor:/home/zx/ws_moveit2/install/moveit_core:/home/zx/ws_moveit2/install/srdfdom:/home/zx/ws_moveit2/install/moveit_common:${AMENT_PREFIX_PATH} CMAKE_PREFIX_PATH=/home/zx/ws_moveit2/install/moveit_ros_planning:/home/zx/ws_moveit2/install/moveit_ros_occupancy_map_monitor:/home/zx/ws_moveit2/install/moveit_core:/home/zx/ws_moveit2/install/srdfdom:/home/zx/ws_moveit2/install/moveit_common:/opt/ros/humble LD_LIBRARY_PATH=/home/zx/ws_moveit2/install/moveit_ros_planning/lib:/home/zx/ws_moveit2/install/moveit_ros_occupancy_map_monitor/lib:/home/zx/ws_moveit2/install/moveit_core/lib:/home/zx/ws_moveit2/install/srdfdom/lib:${LD_LIBRARY_PATH} PATH=/home/zx/ws_moveit2/install/moveit_core/bin:${PATH} PYTHONPATH=/home/zx/ws_moveit2/install/srdfdom/local/lib/python3.10/dist-packages:${PYTHONPATH} /usr/bin/cmake --install /home/zx/ws_moveit2/build/moveit_ros_perception
