[0.012s] Invoking command in '/home/zx/ws_moveit2/build/moveit_ros_control_interface': AMENT_PREFIX_PATH=/home/zx/ws_moveit2/install/moveit_simple_controller_manager:/home/zx/ws_moveit2/install/moveit_core:/home/zx/ws_moveit2/install/srdfdom:/home/zx/ws_moveit2/install/moveit_common:${AMENT_PREFIX_PATH} CMAKE_PREFIX_PATH=/home/zx/ws_moveit2/install/moveit_simple_controller_manager:/home/zx/ws_moveit2/install/moveit_core:/home/zx/ws_moveit2/install/srdfdom:/home/zx/ws_moveit2/install/moveit_common:/opt/ros/humble LD_LIBRARY_PATH=/home/zx/ws_moveit2/install/moveit_simple_controller_manager/lib:/home/zx/ws_moveit2/install/moveit_core/lib:/home/zx/ws_moveit2/install/srdfdom/lib:${LD_LIBRARY_PATH} PATH=/home/zx/ws_moveit2/install/moveit_core/bin:${PATH} PYTHONPATH=/home/zx/ws_moveit2/install/srdfdom/local/lib/python3.10/dist-packages:${PYTHONPATH} /usr/bin/cmake /home/zx/ws_moveit2/src/moveit2/moveit_plugins/moveit_ros_control_interface -DCMAKE_INSTALL_PREFIX=/home/zx/ws_moveit2/install/moveit_ros_control_interface
[0.022s] -- Found ament_cmake: 1.3.5 (/opt/ros/humble/share/ament_cmake/cmake)
[0.134s] -- Found rclcpp_action: 16.0.5 (/opt/ros/humble/share/rclcpp_action/cmake)
[0.156s] -- Found rosidl_generator_c: 3.1.5 (/opt/ros/humble/share/rosidl_generator_c/cmake)
[0.158s] -- Found rosidl_adapter: 3.1.5 (/opt/ros/humble/share/rosidl_adapter/cmake)
[0.162s] -- Found rosidl_generator_cpp: 3.1.5 (/opt/ros/humble/share/rosidl_generator_cpp/cmake)
[0.173s] -- Using all available rosidl_typesupport_c: rosidl_typesupport_fastrtps_c;rosidl_typesupport_introspection_c
[0.186s] -- Using all available rosidl_typesupport_cpp: rosidl_typesupport_fastrtps_cpp;rosidl_typesupport_introspection_cpp
[0.281s] -- Found rmw_implementation_cmake: 6.1.1 (/opt/ros/humble/share/rmw_implementation_cmake/cmake)
[0.282s] -- Found rmw_fastrtps_cpp: 6.2.3 (/opt/ros/humble/share/rmw_fastrtps_cpp/cmake)
[0.373s] -- Using RMW implementation 'rmw_fastrtps_cpp' as default
[0.504s] -- Found controller_manager_msgs: 2.30.0 (/opt/ros/humble/share/controller_manager_msgs/cmake)
[0.545s] -- Found moveit_core: 2.5.4 (/home/zx/ws_moveit2/install/moveit_core/share/moveit_core/cmake)
[0.556s] -- Found Boost: /usr/lib/x86_64-linux-gnu/cmake/Boost-1.74.0/BoostConfig.cmake (found version "1.74.0") found components: chrono date_time filesystem iostreams program_options regex serialization system thread 
[0.561s] -- Found parameter_traits: 0.3.6 (/opt/ros/humble/share/parameter_traits/cmake)
[0.572s] -- Found rclcpp_lifecycle: 16.0.5 (/opt/ros/humble/share/rclcpp_lifecycle/cmake)
[0.590s] -- Found Boost: /usr/lib/x86_64-linux-gnu/cmake/Boost-1.74.0/BoostConfig.cmake (found version "1.74.0") found components: filesystem 
[0.648s] -- library: /usr/lib/x86_64-linux-gnu/libcurl.so
[0.899s] -- Ensuring Eigen3 include directory is part of orocos-kdl CMake target
[1.920s] -- Found moveit_simple_controller_manager: 2.5.4 (/home/zx/ws_moveit2/install/moveit_simple_controller_manager/share/moveit_simple_controller_manager/cmake)
[1.923s] -- Found Boost: /usr/lib/x86_64-linux-gnu/cmake/Boost-1.74.0/BoostConfig.cmake (found version "1.74.0") found components: thread 
[2.241s] -- Found moveit_common: 2.5.4 (/home/zx/ws_moveit2/install/moveit_common/share/moveit_common/cmake)
[2.284s] -- Could NOT find libbfd (missing: LIBBFD_LIBRARY LIBBFD_INCLUDE_DIR) 
[2.284s] -- BACKWARD_HAS_UNWIND=1
[2.284s] -- BACKWARD_HAS_BACKTRACE=0
[2.284s] -- BACKWARD_HAS_BACKTRACE_SYMBOL=0
[2.284s] -- BACKWARD_HAS_DW=1
[2.284s] -- BACKWARD_HAS_BFD=0
[2.285s] -- Found Backward: /opt/ros/humble/share/backward_ros/cmake  
[2.289s] -- Found Boost: /usr/lib/x86_64-linux-gnu/cmake/Boost-1.74.0/BoostConfig.cmake (found version "1.74.0") found components: system thread 
[2.305s] -- Found ament_lint_auto: 0.12.7 (/opt/ros/humble/share/ament_lint_auto/cmake)
[2.314s] -- Added test 'cppcheck' to perform static code analysis on C / C++ code
[2.314s] -- Configured cppcheck include dirs: /home/zx/ws_moveit2/src/moveit2/moveit_plugins/moveit_ros_control_interface/include
[2.314s] -- Configured cppcheck exclude dirs and/or files: 
[2.315s] -- Added test 'lint_cmake' to check CMake code style
[2.315s] -- Added test 'xmllint' to check XML markup files
[2.317s] -- Configuring done
[2.376s] -- Generating done
[2.378s] -- Build files have been written to: /home/zx/ws_moveit2/build/moveit_ros_control_interface
[2.387s] Invoked command in '/home/zx/ws_moveit2/build/moveit_ros_control_interface' returned '0': AMENT_PREFIX_PATH=/home/zx/ws_moveit2/install/moveit_simple_controller_manager:/home/zx/ws_moveit2/install/moveit_core:/home/zx/ws_moveit2/install/srdfdom:/home/zx/ws_moveit2/install/moveit_common:${AMENT_PREFIX_PATH} CMAKE_PREFIX_PATH=/home/zx/ws_moveit2/install/moveit_simple_controller_manager:/home/zx/ws_moveit2/install/moveit_core:/home/zx/ws_moveit2/install/srdfdom:/home/zx/ws_moveit2/install/moveit_common:/opt/ros/humble LD_LIBRARY_PATH=/home/zx/ws_moveit2/install/moveit_simple_controller_manager/lib:/home/zx/ws_moveit2/install/moveit_core/lib:/home/zx/ws_moveit2/install/srdfdom/lib:${LD_LIBRARY_PATH} PATH=/home/zx/ws_moveit2/install/moveit_core/bin:${PATH} PYTHONPATH=/home/zx/ws_moveit2/install/srdfdom/local/lib/python3.10/dist-packages:${PYTHONPATH} /usr/bin/cmake /home/zx/ws_moveit2/src/moveit2/moveit_plugins/moveit_ros_control_interface -DCMAKE_INSTALL_PREFIX=/home/zx/ws_moveit2/install/moveit_ros_control_interface
[2.388s] Invoking command in '/home/zx/ws_moveit2/build/moveit_ros_control_interface': AMENT_PREFIX_PATH=/home/zx/ws_moveit2/install/moveit_simple_controller_manager:/home/zx/ws_moveit2/install/moveit_core:/home/zx/ws_moveit2/install/srdfdom:/home/zx/ws_moveit2/install/moveit_common:${AMENT_PREFIX_PATH} CMAKE_PREFIX_PATH=/home/zx/ws_moveit2/install/moveit_simple_controller_manager:/home/zx/ws_moveit2/install/moveit_core:/home/zx/ws_moveit2/install/srdfdom:/home/zx/ws_moveit2/install/moveit_common:/opt/ros/humble LD_LIBRARY_PATH=/home/zx/ws_moveit2/install/moveit_simple_controller_manager/lib:/home/zx/ws_moveit2/install/moveit_core/lib:/home/zx/ws_moveit2/install/srdfdom/lib:${LD_LIBRARY_PATH} PATH=/home/zx/ws_moveit2/install/moveit_core/bin:${PATH} PYTHONPATH=/home/zx/ws_moveit2/install/srdfdom/local/lib/python3.10/dist-packages:${PYTHONPATH} /usr/bin/cmake --build /home/zx/ws_moveit2/build/moveit_ros_control_interface -- -j12 -l12
[2.414s] [35m[1mConsolidate compiler generated dependencies of target moveit_ros_control_interface_plugin[0m
[2.431s] [ 25%] Built target moveit_ros_control_interface_plugin
[2.439s] [35m[1mConsolidate compiler generated dependencies of target moveit_ros_control_interface_empty_plugin[0m
[2.450s] [ 50%] Built target moveit_ros_control_interface_empty_plugin
[2.457s] [35m[1mConsolidate compiler generated dependencies of target moveit_ros_control_interface_gripper_plugin[0m
[2.469s] [ 75%] Built target moveit_ros_control_interface_gripper_plugin
[2.476s] [35m[1mConsolidate compiler generated dependencies of target moveit_ros_control_interface_trajectory_plugin[0m
[2.489s] [100%] Built target moveit_ros_control_interface_trajectory_plugin
[2.496s] Invoked command in '/home/zx/ws_moveit2/build/moveit_ros_control_interface' returned '0': AMENT_PREFIX_PATH=/home/zx/ws_moveit2/install/moveit_simple_controller_manager:/home/zx/ws_moveit2/install/moveit_core:/home/zx/ws_moveit2/install/srdfdom:/home/zx/ws_moveit2/install/moveit_common:${AMENT_PREFIX_PATH} CMAKE_PREFIX_PATH=/home/zx/ws_moveit2/install/moveit_simple_controller_manager:/home/zx/ws_moveit2/install/moveit_core:/home/zx/ws_moveit2/install/srdfdom:/home/zx/ws_moveit2/install/moveit_common:/opt/ros/humble LD_LIBRARY_PATH=/home/zx/ws_moveit2/install/moveit_simple_controller_manager/lib:/home/zx/ws_moveit2/install/moveit_core/lib:/home/zx/ws_moveit2/install/srdfdom/lib:${LD_LIBRARY_PATH} PATH=/home/zx/ws_moveit2/install/moveit_core/bin:${PATH} PYTHONPATH=/home/zx/ws_moveit2/install/srdfdom/local/lib/python3.10/dist-packages:${PYTHONPATH} /usr/bin/cmake --build /home/zx/ws_moveit2/build/moveit_ros_control_interface -- -j12 -l12
[2.517s] Invoking command in '/home/zx/ws_moveit2/build/moveit_ros_control_interface': AMENT_PREFIX_PATH=/home/zx/ws_moveit2/install/moveit_simple_controller_manager:/home/zx/ws_moveit2/install/moveit_core:/home/zx/ws_moveit2/install/srdfdom:/home/zx/ws_moveit2/install/moveit_common:${AMENT_PREFIX_PATH} CMAKE_PREFIX_PATH=/home/zx/ws_moveit2/install/moveit_simple_controller_manager:/home/zx/ws_moveit2/install/moveit_core:/home/zx/ws_moveit2/install/srdfdom:/home/zx/ws_moveit2/install/moveit_common:/opt/ros/humble LD_LIBRARY_PATH=/home/zx/ws_moveit2/install/moveit_simple_controller_manager/lib:/home/zx/ws_moveit2/install/moveit_core/lib:/home/zx/ws_moveit2/install/srdfdom/lib:${LD_LIBRARY_PATH} PATH=/home/zx/ws_moveit2/install/moveit_core/bin:${PATH} PYTHONPATH=/home/zx/ws_moveit2/install/srdfdom/local/lib/python3.10/dist-packages:${PYTHONPATH} /usr/bin/cmake --install /home/zx/ws_moveit2/build/moveit_ros_control_interface
[2.521s] -- Install configuration: "Release"
[2.522s] -- Up-to-date: /home/zx/ws_moveit2/install/moveit_ros_control_interface/lib/libmoveit_ros_control_interface_plugin.so.2.5.4
[2.522s] -- Up-to-date: /home/zx/ws_moveit2/install/moveit_ros_control_interface/lib/libmoveit_ros_control_interface_plugin.so
[2.522s] -- Up-to-date: /home/zx/ws_moveit2/install/moveit_ros_control_interface/lib/libmoveit_ros_control_interface_trajectory_plugin.so.2.5.4
[2.522s] -- Up-to-date: /home/zx/ws_moveit2/install/moveit_ros_control_interface/lib/libmoveit_ros_control_interface_trajectory_plugin.so
[2.523s] -- Up-to-date: /home/zx/ws_moveit2/install/moveit_ros_control_interface/lib/libmoveit_ros_control_interface_gripper_plugin.so.2.5.4
[2.523s] -- Up-to-date: /home/zx/ws_moveit2/install/moveit_ros_control_interface/lib/libmoveit_ros_control_interface_gripper_plugin.so
[2.523s] -- Up-to-date: /home/zx/ws_moveit2/install/moveit_ros_control_interface/lib/libmoveit_ros_control_interface_empty_plugin.so.2.5.4
[2.523s] -- Up-to-date: /home/zx/ws_moveit2/install/moveit_ros_control_interface/lib/libmoveit_ros_control_interface_empty_plugin.so
[2.523s] -- Up-to-date: /home/zx/ws_moveit2/install/moveit_ros_control_interface/include
[2.523s] -- Up-to-date: /home/zx/ws_moveit2/install/moveit_ros_control_interface/include/moveit_ros_control_interface
[2.523s] -- Up-to-date: /home/zx/ws_moveit2/install/moveit_ros_control_interface/include/moveit_ros_control_interface/ControllerHandle.h
[2.523s] -- Up-to-date: /home/zx/ws_moveit2/install/moveit_ros_control_interface/share/moveit_ros_control_interface/moveit_core_plugins.xml
[2.523s] -- Up-to-date: /home/zx/ws_moveit2/install/moveit_ros_control_interface/share/moveit_ros_control_interface/moveit_ros_control_interface_plugins.xml
[2.523s] -- Up-to-date: /home/zx/ws_moveit2/install/moveit_ros_control_interface/share/moveit_ros_control_interface/environment/library_path.sh
[2.524s] -- Installing: /home/zx/ws_moveit2/install/moveit_ros_control_interface/share/moveit_ros_control_interface/environment/library_path.dsv
[2.524s] -- Up-to-date: /home/zx/ws_moveit2/install/moveit_ros_control_interface/share/ament_index/resource_index/package_run_dependencies/moveit_ros_control_interface
[2.524s] -- Up-to-date: /home/zx/ws_moveit2/install/moveit_ros_control_interface/share/ament_index/resource_index/parent_prefix_path/moveit_ros_control_interface
[2.524s] -- Up-to-date: /home/zx/ws_moveit2/install/moveit_ros_control_interface/share/moveit_ros_control_interface/environment/ament_prefix_path.sh
[2.524s] -- Installing: /home/zx/ws_moveit2/install/moveit_ros_control_interface/share/moveit_ros_control_interface/environment/ament_prefix_path.dsv
[2.524s] -- Up-to-date: /home/zx/ws_moveit2/install/moveit_ros_control_interface/share/moveit_ros_control_interface/environment/path.sh
[2.524s] -- Installing: /home/zx/ws_moveit2/install/moveit_ros_control_interface/share/moveit_ros_control_interface/environment/path.dsv
[2.524s] -- Up-to-date: /home/zx/ws_moveit2/install/moveit_ros_control_interface/share/moveit_ros_control_interface/local_setup.bash
[2.524s] -- Up-to-date: /home/zx/ws_moveit2/install/moveit_ros_control_interface/share/moveit_ros_control_interface/local_setup.sh
[2.524s] -- Up-to-date: /home/zx/ws_moveit2/install/moveit_ros_control_interface/share/moveit_ros_control_interface/local_setup.zsh
[2.524s] -- Installing: /home/zx/ws_moveit2/install/moveit_ros_control_interface/share/moveit_ros_control_interface/local_setup.dsv
[2.524s] -- Installing: /home/zx/ws_moveit2/install/moveit_ros_control_interface/share/moveit_ros_control_interface/package.dsv
[2.524s] -- Up-to-date: /home/zx/ws_moveit2/install/moveit_ros_control_interface/share/ament_index/resource_index/packages/moveit_ros_control_interface
[2.524s] -- Up-to-date: /home/zx/ws_moveit2/install/moveit_ros_control_interface/share/ament_index/resource_index/moveit_core__pluginlib__plugin/moveit_ros_control_interface
[2.525s] -- Up-to-date: /home/zx/ws_moveit2/install/moveit_ros_control_interface/share/ament_index/resource_index/moveit_ros_control_interface__pluginlib__plugin/moveit_ros_control_interface
[2.525s] -- Up-to-date: /home/zx/ws_moveit2/install/moveit_ros_control_interface/share/moveit_ros_control_interface/cmake/export_moveit_ros_control_interfaceExport.cmake
[2.525s] -- Up-to-date: /home/zx/ws_moveit2/install/moveit_ros_control_interface/share/moveit_ros_control_interface/cmake/export_moveit_ros_control_interfaceExport-release.cmake
[2.525s] -- Up-to-date: /home/zx/ws_moveit2/install/moveit_ros_control_interface/share/moveit_ros_control_interface/cmake/ConfigExtras.cmake
[2.525s] -- Up-to-date: /home/zx/ws_moveit2/install/moveit_ros_control_interface/share/moveit_ros_control_interface/cmake/ament_cmake_export_targets-extras.cmake
[2.525s] -- Up-to-date: /home/zx/ws_moveit2/install/moveit_ros_control_interface/share/moveit_ros_control_interface/cmake/ament_cmake_export_dependencies-extras.cmake
[2.525s] -- Up-to-date: /home/zx/ws_moveit2/install/moveit_ros_control_interface/share/moveit_ros_control_interface/cmake/moveit_ros_control_interfaceConfig.cmake
[2.525s] -- Up-to-date: /home/zx/ws_moveit2/install/moveit_ros_control_interface/share/moveit_ros_control_interface/cmake/moveit_ros_control_interfaceConfig-version.cmake
[2.525s] -- Up-to-date: /home/zx/ws_moveit2/install/moveit_ros_control_interface/share/moveit_ros_control_interface/package.xml
[2.528s] Invoked command in '/home/zx/ws_moveit2/build/moveit_ros_control_interface' returned '0': AMENT_PREFIX_PATH=/home/zx/ws_moveit2/install/moveit_simple_controller_manager:/home/zx/ws_moveit2/install/moveit_core:/home/zx/ws_moveit2/install/srdfdom:/home/zx/ws_moveit2/install/moveit_common:${AMENT_PREFIX_PATH} CMAKE_PREFIX_PATH=/home/zx/ws_moveit2/install/moveit_simple_controller_manager:/home/zx/ws_moveit2/install/moveit_core:/home/zx/ws_moveit2/install/srdfdom:/home/zx/ws_moveit2/install/moveit_common:/opt/ros/humble LD_LIBRARY_PATH=/home/zx/ws_moveit2/install/moveit_simple_controller_manager/lib:/home/zx/ws_moveit2/install/moveit_core/lib:/home/zx/ws_moveit2/install/srdfdom/lib:${LD_LIBRARY_PATH} PATH=/home/zx/ws_moveit2/install/moveit_core/bin:${PATH} PYTHONPATH=/home/zx/ws_moveit2/install/srdfdom/local/lib/python3.10/dist-packages:${PYTHONPATH} /usr/bin/cmake --install /home/zx/ws_moveit2/build/moveit_ros_control_interface
