[0.027s] Invoking command in '/home/zx/ws_moveit2/build/moveit_core': CMAKE_PREFIX_PATH=/home/zx/ws_moveit2/install/moveit_resources_panda_moveit_config:/home/zx/ws_moveit2/install/srdfdom:/home/zx/ws_moveit2/install/moveit_resources_pr2_description:/home/zx/ws_moveit2/install/moveit_resources_panda_description:/home/zx/ws_moveit2/install/moveit_common:/home/zx/ws_moveit2/install/urdf_2:/home/zx/ws_moveit2/install/pilz_industrial_motion_planner_testutils:/home/zx/ws_moveit2/install/moveit_runtime:/home/zx/ws_moveit2/install/moveit2_tutorials:/home/zx/ws_moveit2/install/moveit:/home/zx/ws_moveit2/install/moveit_planners:/home/zx/ws_moveit2/install/pilz_industrial_motion_planner:/home/zx/ws_moveit2/install/moveit_visual_tools:/home/zx/ws_moveit2/install/moveit_task_constructor_visualization:/home/zx/ws_moveit2/install/moveit_task_constructor_demo:/home/zx/ws_moveit2/install/moveit_task_constructor_capabilities:/home/zx/ws_moveit2/install/moveit_task_constructor_core:/home/zx/ws_moveit2/install/moveit_ros_control_interface:/home/zx/ws_moveit2/install/moveit_plugins:/home/zx/ws_moveit2/install/moveit_simple_controller_manager:/home/zx/ws_moveit2/install/moveit_setup_assistant:/home/zx/ws_moveit2/install/moveit_setup_srdf_plugins:/home/zx/ws_moveit2/install/moveit_setup_core_plugins:/home/zx/ws_moveit2/install/moveit_setup_controllers:/home/zx/ws_moveit2/install/moveit_setup_app_plugins:/home/zx/ws_moveit2/install/moveit_setup_framework:/home/zx/ws_moveit2/install/moveit_servo:/home/zx/ws_moveit2/install/moveit_ros:/home/zx/ws_moveit2/install/moveit_ros_visualization:/home/zx/ws_moveit2/install/moveit_hybrid_planning:/home/zx/ws_moveit2/install/moveit_ros_planning_interface:/home/zx/ws_moveit2/install/moveit_ros_benchmarks:/home/zx/ws_moveit2/install/moveit_ros_warehouse:/home/zx/ws_moveit2/install/moveit_ros_robot_interaction:/home/zx/ws_moveit2/install/moveit_ros_perception:/home/zx/ws_moveit2/install/moveit_resources_prbt_pg70_support:/home/zx/ws_moveit2/install/moveit_resources_prbt_moveit_config:/home/zx/ws_moveit2/install/moveit_ros_move_group:/home/zx/ws_moveit2/install/moveit_planners_ompl:/home/zx/ws_moveit2/install/moveit_ros_planning:/home/zx/ws_moveit2/install/moveit_ros_occupancy_map_monitor:/home/zx/ws_moveit2/install/moveit_resources_prbt_ikfast_manipulator_plugin:/home/zx/ws_moveit2/install/moveit_planners_chomp:/home/zx/ws_moveit2/install/moveit_kinematics:/home/zx/ws_moveit2/install/moveit_chomp_optimizer_adapter:/home/zx/ws_moveit2/install/chomp_motion_planner:/home/zx/ws_moveit2/install/moveit_core:/home/zx/ws_moveit2/install/serial_demo:/home/zx/ws_moveit2/install/serial_can:/home/zx/ws_moveit2/install/serial:/home/zx/ws_moveit2/install/rviz_marker_tools:/home/zx/ws_moveit2/install/rosparam_shortcuts:/home/zx/ws_moveit2/install/moveit_task_constructor_msgs:/home/zx/ws_moveit2/install/moveit_resources_prbt_support:/home/zx/ws_moveit2/install/moveit_resources:/home/zx/ws_moveit2/install/moveit_resources_fanuc_moveit_config:/home/zx/ws_moveit2/install/moveit_resources_fanuc_description:/home/zx/ws_moveit2/install/tihu_2:/home/zx/ws_moveit2/install/moveit_configs_utils:/home/zx/ws_moveit2/install/launch_param_builder:/opt/ros/humble LD_LIBRARY_PATH=/home/zx/ws_moveit2/install/srdfdom/lib:/home/zx/ws_moveit2/install/pilz_industrial_motion_planner_testutils/lib:/home/zx/ws_moveit2/install/pilz_industrial_motion_planner/lib:/home/zx/ws_moveit2/install/moveit_visual_tools/lib:/home/zx/ws_moveit2/install/moveit_task_constructor_visualization/lib:/home/zx/ws_moveit2/install/moveit_task_constructor_demo/lib:/home/zx/ws_moveit2/install/moveit_task_constructor_capabilities/lib:/home/zx/ws_moveit2/install/moveit_task_constructor_core/lib:/home/zx/ws_moveit2/install/moveit_ros_control_interface/lib:/home/zx/ws_moveit2/install/moveit_simple_controller_manager/lib:/home/zx/ws_moveit2/install/moveit_setup_assistant/lib:/home/zx/ws_moveit2/install/moveit_setup_srdf_plugins/lib:/home/zx/ws_moveit2/install/moveit_setup_core_plugins/lib:/home/zx/ws_moveit2/install/moveit_setup_controllers/lib:/home/zx/ws_moveit2/install/moveit_setup_app_plugins/lib:/home/zx/ws_moveit2/install/moveit_setup_framework/lib:/home/zx/ws_moveit2/install/moveit_servo/lib:/home/zx/ws_moveit2/install/moveit_ros_visualization/lib:/home/zx/ws_moveit2/install/moveit_hybrid_planning/lib:/home/zx/ws_moveit2/install/moveit_ros_planning_interface/lib:/home/zx/ws_moveit2/install/moveit_ros_benchmarks/lib:/home/zx/ws_moveit2/install/moveit_ros_warehouse/lib:/home/zx/ws_moveit2/install/moveit_ros_robot_interaction/lib:/home/zx/ws_moveit2/install/moveit_ros_perception/lib:/home/zx/ws_moveit2/install/moveit_ros_move_group/lib:/home/zx/ws_moveit2/install/moveit_planners_ompl/lib:/home/zx/ws_moveit2/install/moveit_ros_planning/lib:/home/zx/ws_moveit2/install/moveit_ros_occupancy_map_monitor/lib:/home/zx/ws_moveit2/install/moveit_resources_prbt_ikfast_manipulator_plugin/lib:/home/zx/ws_moveit2/install/moveit_planners_chomp/lib:/home/zx/ws_moveit2/install/moveit_kinematics/lib:/home/zx/ws_moveit2/install/moveit_chomp_optimizer_adapter/lib:/home/zx/ws_moveit2/install/chomp_motion_planner/lib:/home/zx/ws_moveit2/install/moveit_core/lib:/home/zx/ws_moveit2/install/serial_can/lib:/home/zx/ws_moveit2/install/serial/lib:/home/zx/ws_moveit2/install/rviz_marker_tools/lib:/home/zx/ws_moveit2/install/rosparam_shortcuts/lib:/home/zx/ws_moveit2/install/moveit_task_constructor_msgs/lib:/opt/ros/humble/opt/rviz_ogre_vendor/lib:/opt/ros/humble/lib/x86_64-linux-gnu:/opt/ros/humble/lib /usr/bin/cmake /home/zx/ws_moveit2/src/moveit2/moveit_core -DCMAKE_BUILD_TYPE=Release -DCMAKE_INSTALL_PREFIX=/home/zx/ws_moveit2/install/moveit_core
[0.152s] -- The CXX compiler identification is GNU 11.4.0
[0.161s] -- Detecting CXX compiler ABI info
[0.436s] -- Detecting CXX compiler ABI info - done
[0.447s] -- Check for working CXX compiler: /usr/bin/c++ - skipped
[0.448s] -- Detecting CXX compile features
[0.448s] -- Detecting CXX compile features - done
[0.450s] -- Found moveit_common: 2.5.4 (/home/zx/ws_moveit2/install/moveit_common/share/moveit_common/cmake)
[0.455s] -- Found ament_cmake: 1.3.5 (/opt/ros/humble/share/ament_cmake/cmake)
[0.804s] -- Found Python3: /usr/bin/python3.10 (found version "3.10.12") found components: Interpreter 
[1.086s] -- Found libdw: /usr/lib/x86_64-linux-gnu/libdw.so  
[1.094s] -- Could NOT find libbfd (missing: LIBBFD_LIBRARY LIBBFD_INCLUDE_DIR) 
[1.094s] -- BACKWARD_HAS_UNWIND=1
[1.095s] -- BACKWARD_HAS_BACKTRACE=0
[1.095s] -- BACKWARD_HAS_BACKTRACE_SYMBOL=0
[1.096s] -- BACKWARD_HAS_DW=1
[1.096s] -- BACKWARD_HAS_BFD=0
[1.097s] -- Found Backward: /opt/ros/humble/share/backward_ros/cmake  
[1.100s] -- Found rclcpp: 16.0.5 (/opt/ros/humble/share/rclcpp/cmake)
[1.176s] -- Found rosidl_generator_c: 3.1.5 (/opt/ros/humble/share/rosidl_generator_c/cmake)
[1.186s] -- Found rosidl_adapter: 3.1.5 (/opt/ros/humble/share/rosidl_adapter/cmake)
[1.206s] -- Found rosidl_generator_cpp: 3.1.5 (/opt/ros/humble/share/rosidl_generator_cpp/cmake)
[1.237s] -- Using all available rosidl_typesupport_c: rosidl_typesupport_fastrtps_c;rosidl_typesupport_introspection_c
[1.270s] -- Using all available rosidl_typesupport_cpp: rosidl_typesupport_fastrtps_cpp;rosidl_typesupport_introspection_cpp
[1.356s] -- Found rmw_implementation_cmake: 6.1.1 (/opt/ros/humble/share/rmw_implementation_cmake/cmake)
[1.362s] -- Found rmw_fastrtps_cpp: 6.2.3 (/opt/ros/humble/share/rmw_fastrtps_cpp/cmake)
[1.511s] -- Found OpenSSL: /usr/lib/x86_64-linux-gnu/libcrypto.so (found version "3.0.2")  
[1.550s] -- Found FastRTPS: /opt/ros/humble/include  
[1.631s] -- Using RMW implementation 'rmw_fastrtps_cpp' as default
[1.651s] -- Looking for C++ include pthread.h
[1.785s] -- Looking for C++ include pthread.h - found
[1.786s] -- Performing Test CMAKE_HAVE_LIBC_PTHREAD
[1.946s] -- Performing Test CMAKE_HAVE_LIBC_PTHREAD - Success
[1.947s] -- Found Threads: TRUE  
[2.175s] -- Found eigen3_cmake_module: 0.1.1 (/opt/ros/humble/share/eigen3_cmake_module/cmake)
[2.185s] -- Found Eigen3: TRUE (found version "3.4.0") 
[2.191s] -- Found PkgConfig: /usr/bin/pkg-config (found version "0.29.2") 
[2.191s] -- Checking for module 'fcl>=0.5.0'
[2.220s] --   Found fcl, version 0.7.0
[2.295s] -- Found Bullet: /usr/lib/x86_64-linux-gnu/libBulletDynamics.so (Required is at least version "2.87") 
[2.298s] -- Found angles: 1.15.0 (/opt/ros/humble/share/angles/cmake)
[2.321s] -- Found urdf: 2.6.0 (/opt/ros/humble/share/urdf/cmake)
[2.359s] -- Found tf2_eigen: 0.25.3 (/opt/ros/humble/share/tf2_eigen/cmake)
[2.705s] -- Found tf2_kdl: 0.25.3 (/opt/ros/humble/share/tf2_kdl/cmake)
[2.719s] -- Ensuring Eigen3 include directory is part of orocos-kdl CMake target
[2.729s] -- Found tf2_geometry_msgs: 0.25.3 (/opt/ros/humble/share/tf2_geometry_msgs/cmake)
[2.740s] -- Found eigen_stl_containers: 1.0.0 (/opt/ros/humble/share/eigen_stl_containers/cmake)
[2.743s] -- Found generate_parameter_library: 0.3.6 (/opt/ros/humble/share/generate_parameter_library/cmake)
[2.746s] -- Found parameter_traits: 0.3.6 (/opt/ros/humble/share/parameter_traits/cmake)
[2.766s] -- Found rclcpp_lifecycle: 16.0.5 (/opt/ros/humble/share/rclcpp_lifecycle/cmake)
[2.800s] -- Found geometric_shapes: 2.1.3 (/opt/ros/humble/share/geometric_shapes/cmake)
[2.810s] -- Found Boost: /usr/lib/x86_64-linux-gnu/cmake/Boost-1.74.0/BoostConfig.cmake (found version "1.74.0") found components: filesystem 
[2.904s] -- library: /usr/lib/x86_64-linux-gnu/libcurl.so
[3.246s] -- Found kdl_parser: 2.6.4 (/opt/ros/humble/share/kdl_parser/cmake)
[3.251s] -- Found moveit_msgs: 2.2.1 (/opt/ros/humble/share/moveit_msgs/cmake)
[3.891s] -- Found srdfdom: 2.0.4 (/home/zx/ws_moveit2/install/srdfdom/share/srdfdom/cmake)
[3.900s] -- Found common_interfaces: 4.2.3 (/opt/ros/humble/share/common_interfaces/cmake)
[3.943s] -- Found Boost: /usr/lib/x86_64-linux-gnu/cmake/Boost-1.74.0/BoostConfig.cmake (found version "1.74.0") found components: chrono date_time filesystem iostreams program_options regex serialization system thread 
[3.945s] --  *** Building MoveIt 2.5.4-Alpha ***
[3.949s] -- Performing Test COMPILER_HAS_HIDDEN_VISIBILITY
[4.043s] -- Performing Test COMPILER_HAS_HIDDEN_VISIBILITY - Success
[4.044s] -- Performing Test COMPILER_HAS_HIDDEN_INLINE_VISIBILITY
[4.136s] -- Performing Test COMPILER_HAS_HIDDEN_INLINE_VISIBILITY - Success
[4.136s] -- Performing Test COMPILER_HAS_DEPRECATED_ATTR
[4.230s] -- Performing Test COMPILER_HAS_DEPRECATED_ATTR - Success
[4.243s] -- Found ament_cmake_gtest: 1.3.5 (/opt/ros/humble/share/ament_cmake_gtest/cmake)
[4.246s] -- Found gtest sources under '/opt/ros/humble/src/gtest_vendor': C++ tests using 'Google Test' will be built
[4.284s] -- The C compiler identification is GNU 11.4.0
[4.291s] -- Detecting C compiler ABI info
[4.374s] -- Detecting C compiler ABI info - done
[4.382s] -- Check for working C compiler: /usr/bin/cc - skipped
[4.382s] -- Detecting C compile features
[4.383s] -- Detecting C compile features - done
[4.408s] -- Found ament_cmake_gmock: 1.3.5 (/opt/ros/humble/share/ament_cmake_gmock/cmake)
[4.412s] -- Found gmock sources under '/opt/ros/humble/src/gmock_vendor': C++ tests using 'Google Mock' will be built
[4.415s] -- Found ament_cmake_gtest: 1.3.5 (/opt/ros/humble/share/ament_cmake_gtest/cmake)
[4.415s] -- Found gtest sources under '/opt/ros/humble/src/gtest_vendor': C++ tests using 'Google Test' will be built
[4.431s] -- Found ament_cmake_gtest: 1.3.5 (/opt/ros/humble/share/ament_cmake_gtest/cmake)
[4.432s] -- Found gtest sources under '/opt/ros/humble/src/gtest_vendor': C++ tests using 'Google Test' will be built
[4.473s] -- Found ament_cmake_gtest: 1.3.5 (/opt/ros/humble/share/ament_cmake_gtest/cmake)
[4.473s] -- Found gtest sources under '/opt/ros/humble/src/gtest_vendor': C++ tests using 'Google Test' will be built
[4.495s] -- Found ament_lint_auto: 0.12.7 (/opt/ros/humble/share/ament_lint_auto/cmake)
[4.495s] -- Found ament_cmake_gtest: 1.3.5 (/opt/ros/humble/share/ament_cmake_gtest/cmake)
[4.496s] -- Found gtest sources under '/opt/ros/humble/src/gtest_vendor': C++ tests using 'Google Test' will be built
[4.526s] -- Found ament_cmake_gtest: 1.3.5 (/opt/ros/humble/share/ament_cmake_gtest/cmake)
[4.526s] -- Found gtest sources under '/opt/ros/humble/src/gtest_vendor': C++ tests using 'Google Test' will be built
[4.548s] -- Found ament_cmake_gtest: 1.3.5 (/opt/ros/humble/share/ament_cmake_gtest/cmake)
[4.549s] -- Found gtest sources under '/opt/ros/humble/src/gtest_vendor': C++ tests using 'Google Test' will be built
[4.563s] -- Found ament_cmake_gtest: 1.3.5 (/opt/ros/humble/share/ament_cmake_gtest/cmake)
[4.564s] -- Found gtest sources under '/opt/ros/humble/src/gtest_vendor': C++ tests using 'Google Test' will be built
[4.577s] -- Found gtest sources under '/opt/ros/humble/src/gtest_vendor': C++ tests using 'Google Test' will be built
[4.590s] -- Found gtest sources under '/opt/ros/humble/src/gtest_vendor': C++ tests using 'Google Test' will be built
[4.607s] -- Found ament_cmake_gtest: 1.3.5 (/opt/ros/humble/share/ament_cmake_gtest/cmake)
[4.607s] -- Found gtest sources under '/opt/ros/humble/src/gtest_vendor': C++ tests using 'Google Test' will be built
[4.642s] -- Found gtest sources under '/opt/ros/humble/src/gtest_vendor': C++ tests using 'Google Test' will be built
[4.664s] -- Found gtest sources under '/opt/ros/humble/src/gtest_vendor': C++ tests using 'Google Test' will be built
[4.684s] -- Found gtest sources under '/opt/ros/humble/src/gtest_vendor': C++ tests using 'Google Test' will be built
[4.689s] -- Found ament_lint_auto: 0.12.7 (/opt/ros/humble/share/ament_lint_auto/cmake)
[4.715s] -- Added test 'cppcheck' to perform static code analysis on C / C++ code
[4.716s] -- Configured cppcheck include dirs: /home/zx/ws_moveit2/src/moveit2/moveit_core/exceptions/include;/home/zx/ws_moveit2/src/moveit2/moveit_core/collision_detection/include;/home/zx/ws_moveit2/src/moveit2/moveit_core/collision_detection_fcl/include;/home/zx/ws_moveit2/src/moveit2/moveit_core/collision_detection_bullet/include;/home/zx/ws_moveit2/src/moveit2/moveit_core/constraint_samplers/include;/home/zx/ws_moveit2/src/moveit2/moveit_core/controller_manager/include;/home/zx/ws_moveit2/src/moveit2/moveit_core/distance_field/include;/home/zx/ws_moveit2/src/moveit2/moveit_core/collision_distance_field/include;/home/zx/ws_moveit2/src/moveit2/moveit_core/dynamics_solver/include;/home/zx/ws_moveit2/src/moveit2/moveit_core/kinematics_base/include;/home/zx/ws_moveit2/src/moveit2/moveit_core/kinematics_metrics/include;/home/zx/ws_moveit2/src/moveit2/moveit_core/robot_model/include;/home/zx/ws_moveit2/src/moveit2/moveit_core/transforms/include;/home/zx/ws_moveit2/src/moveit2/moveit_core/robot_state/include;/home/zx/ws_moveit2/src/moveit2/moveit_core/robot_trajectory/include;/home/zx/ws_moveit2/src/moveit2/moveit_core/kinematic_constraints/include;/home/zx/ws_moveit2/src/moveit2/moveit_core/macros/include;/home/zx/ws_moveit2/src/moveit2/moveit_core/online_signal_smoothing/include;/home/zx/ws_moveit2/src/moveit2/moveit_core/planning_interface/include;/home/zx/ws_moveit2/src/moveit2/moveit_core/planning_request_adapter/include;/home/zx/ws_moveit2/src/moveit2/moveit_core/planning_scene/include;/home/zx/ws_moveit2/src/moveit2/moveit_core/sensor_manager/include;/home/zx/ws_moveit2/src/moveit2/moveit_core/trajectory_processing/include;/home/zx/ws_moveit2/src/moveit2/moveit_core/utils/include
[4.716s] -- Configured cppcheck exclude dirs and/or files: 
[4.719s] -- Added test 'pep257' to check Python code against some of the docstring style conventions in PEP 257
[4.721s] -- Added test 'xmllint' to check XML markup files
[4.724s] -- Configuring done
[5.242s] -- Generating done
[5.249s] -- Build files have been written to: /home/zx/ws_moveit2/build/moveit_core
[5.283s] Invoked command in '/home/zx/ws_moveit2/build/moveit_core' returned '0': CMAKE_PREFIX_PATH=/home/zx/ws_moveit2/install/moveit_resources_panda_moveit_config:/home/zx/ws_moveit2/install/srdfdom:/home/zx/ws_moveit2/install/moveit_resources_pr2_description:/home/zx/ws_moveit2/install/moveit_resources_panda_description:/home/zx/ws_moveit2/install/moveit_common:/home/zx/ws_moveit2/install/urdf_2:/home/zx/ws_moveit2/install/pilz_industrial_motion_planner_testutils:/home/zx/ws_moveit2/install/moveit_runtime:/home/zx/ws_moveit2/install/moveit2_tutorials:/home/zx/ws_moveit2/install/moveit:/home/zx/ws_moveit2/install/moveit_planners:/home/zx/ws_moveit2/install/pilz_industrial_motion_planner:/home/zx/ws_moveit2/install/moveit_visual_tools:/home/zx/ws_moveit2/install/moveit_task_constructor_visualization:/home/zx/ws_moveit2/install/moveit_task_constructor_demo:/home/zx/ws_moveit2/install/moveit_task_constructor_capabilities:/home/zx/ws_moveit2/install/moveit_task_constructor_core:/home/zx/ws_moveit2/install/moveit_ros_control_interface:/home/zx/ws_moveit2/install/moveit_plugins:/home/zx/ws_moveit2/install/moveit_simple_controller_manager:/home/zx/ws_moveit2/install/moveit_setup_assistant:/home/zx/ws_moveit2/install/moveit_setup_srdf_plugins:/home/zx/ws_moveit2/install/moveit_setup_core_plugins:/home/zx/ws_moveit2/install/moveit_setup_controllers:/home/zx/ws_moveit2/install/moveit_setup_app_plugins:/home/zx/ws_moveit2/install/moveit_setup_framework:/home/zx/ws_moveit2/install/moveit_servo:/home/zx/ws_moveit2/install/moveit_ros:/home/zx/ws_moveit2/install/moveit_ros_visualization:/home/zx/ws_moveit2/install/moveit_hybrid_planning:/home/zx/ws_moveit2/install/moveit_ros_planning_interface:/home/zx/ws_moveit2/install/moveit_ros_benchmarks:/home/zx/ws_moveit2/install/moveit_ros_warehouse:/home/zx/ws_moveit2/install/moveit_ros_robot_interaction:/home/zx/ws_moveit2/install/moveit_ros_perception:/home/zx/ws_moveit2/install/moveit_resources_prbt_pg70_support:/home/zx/ws_moveit2/install/moveit_resources_prbt_moveit_config:/home/zx/ws_moveit2/install/moveit_ros_move_group:/home/zx/ws_moveit2/install/moveit_planners_ompl:/home/zx/ws_moveit2/install/moveit_ros_planning:/home/zx/ws_moveit2/install/moveit_ros_occupancy_map_monitor:/home/zx/ws_moveit2/install/moveit_resources_prbt_ikfast_manipulator_plugin:/home/zx/ws_moveit2/install/moveit_planners_chomp:/home/zx/ws_moveit2/install/moveit_kinematics:/home/zx/ws_moveit2/install/moveit_chomp_optimizer_adapter:/home/zx/ws_moveit2/install/chomp_motion_planner:/home/zx/ws_moveit2/install/moveit_core:/home/zx/ws_moveit2/install/serial_demo:/home/zx/ws_moveit2/install/serial_can:/home/zx/ws_moveit2/install/serial:/home/zx/ws_moveit2/install/rviz_marker_tools:/home/zx/ws_moveit2/install/rosparam_shortcuts:/home/zx/ws_moveit2/install/moveit_task_constructor_msgs:/home/zx/ws_moveit2/install/moveit_resources_prbt_support:/home/zx/ws_moveit2/install/moveit_resources:/home/zx/ws_moveit2/install/moveit_resources_fanuc_moveit_config:/home/zx/ws_moveit2/install/moveit_resources_fanuc_description:/home/zx/ws_moveit2/install/tihu_2:/home/zx/ws_moveit2/install/moveit_configs_utils:/home/zx/ws_moveit2/install/launch_param_builder:/opt/ros/humble LD_LIBRARY_PATH=/home/zx/ws_moveit2/install/srdfdom/lib:/home/zx/ws_moveit2/install/pilz_industrial_motion_planner_testutils/lib:/home/zx/ws_moveit2/install/pilz_industrial_motion_planner/lib:/home/zx/ws_moveit2/install/moveit_visual_tools/lib:/home/zx/ws_moveit2/install/moveit_task_constructor_visualization/lib:/home/zx/ws_moveit2/install/moveit_task_constructor_demo/lib:/home/zx/ws_moveit2/install/moveit_task_constructor_capabilities/lib:/home/zx/ws_moveit2/install/moveit_task_constructor_core/lib:/home/zx/ws_moveit2/install/moveit_ros_control_interface/lib:/home/zx/ws_moveit2/install/moveit_simple_controller_manager/lib:/home/zx/ws_moveit2/install/moveit_setup_assistant/lib:/home/zx/ws_moveit2/install/moveit_setup_srdf_plugins/lib:/home/zx/ws_moveit2/install/moveit_setup_core_plugins/lib:/home/zx/ws_moveit2/install/moveit_setup_controllers/lib:/home/zx/ws_moveit2/install/moveit_setup_app_plugins/lib:/home/zx/ws_moveit2/install/moveit_setup_framework/lib:/home/zx/ws_moveit2/install/moveit_servo/lib:/home/zx/ws_moveit2/install/moveit_ros_visualization/lib:/home/zx/ws_moveit2/install/moveit_hybrid_planning/lib:/home/zx/ws_moveit2/install/moveit_ros_planning_interface/lib:/home/zx/ws_moveit2/install/moveit_ros_benchmarks/lib:/home/zx/ws_moveit2/install/moveit_ros_warehouse/lib:/home/zx/ws_moveit2/install/moveit_ros_robot_interaction/lib:/home/zx/ws_moveit2/install/moveit_ros_perception/lib:/home/zx/ws_moveit2/install/moveit_ros_move_group/lib:/home/zx/ws_moveit2/install/moveit_planners_ompl/lib:/home/zx/ws_moveit2/install/moveit_ros_planning/lib:/home/zx/ws_moveit2/install/moveit_ros_occupancy_map_monitor/lib:/home/zx/ws_moveit2/install/moveit_resources_prbt_ikfast_manipulator_plugin/lib:/home/zx/ws_moveit2/install/moveit_planners_chomp/lib:/home/zx/ws_moveit2/install/moveit_kinematics/lib:/home/zx/ws_moveit2/install/moveit_chomp_optimizer_adapter/lib:/home/zx/ws_moveit2/install/chomp_motion_planner/lib:/home/zx/ws_moveit2/install/moveit_core/lib:/home/zx/ws_moveit2/install/serial_can/lib:/home/zx/ws_moveit2/install/serial/lib:/home/zx/ws_moveit2/install/rviz_marker_tools/lib:/home/zx/ws_moveit2/install/rosparam_shortcuts/lib:/home/zx/ws_moveit2/install/moveit_task_constructor_msgs/lib:/opt/ros/humble/opt/rviz_ogre_vendor/lib:/opt/ros/humble/lib/x86_64-linux-gnu:/opt/ros/humble/lib /usr/bin/cmake /home/zx/ws_moveit2/src/moveit2/moveit_core -DCMAKE_BUILD_TYPE=Release -DCMAKE_INSTALL_PREFIX=/home/zx/ws_moveit2/install/moveit_core
[5.284s] Invoking command in '/home/zx/ws_moveit2/build/moveit_core': CMAKE_PREFIX_PATH=/home/zx/ws_moveit2/install/moveit_resources_panda_moveit_config:/home/zx/ws_moveit2/install/srdfdom:/home/zx/ws_moveit2/install/moveit_resources_pr2_description:/home/zx/ws_moveit2/install/moveit_resources_panda_description:/home/zx/ws_moveit2/install/moveit_common:/home/zx/ws_moveit2/install/urdf_2:/home/zx/ws_moveit2/install/pilz_industrial_motion_planner_testutils:/home/zx/ws_moveit2/install/moveit_runtime:/home/zx/ws_moveit2/install/moveit2_tutorials:/home/zx/ws_moveit2/install/moveit:/home/zx/ws_moveit2/install/moveit_planners:/home/zx/ws_moveit2/install/pilz_industrial_motion_planner:/home/zx/ws_moveit2/install/moveit_visual_tools:/home/zx/ws_moveit2/install/moveit_task_constructor_visualization:/home/zx/ws_moveit2/install/moveit_task_constructor_demo:/home/zx/ws_moveit2/install/moveit_task_constructor_capabilities:/home/zx/ws_moveit2/install/moveit_task_constructor_core:/home/zx/ws_moveit2/install/moveit_ros_control_interface:/home/zx/ws_moveit2/install/moveit_plugins:/home/zx/ws_moveit2/install/moveit_simple_controller_manager:/home/zx/ws_moveit2/install/moveit_setup_assistant:/home/zx/ws_moveit2/install/moveit_setup_srdf_plugins:/home/zx/ws_moveit2/install/moveit_setup_core_plugins:/home/zx/ws_moveit2/install/moveit_setup_controllers:/home/zx/ws_moveit2/install/moveit_setup_app_plugins:/home/zx/ws_moveit2/install/moveit_setup_framework:/home/zx/ws_moveit2/install/moveit_servo:/home/zx/ws_moveit2/install/moveit_ros:/home/zx/ws_moveit2/install/moveit_ros_visualization:/home/zx/ws_moveit2/install/moveit_hybrid_planning:/home/zx/ws_moveit2/install/moveit_ros_planning_interface:/home/zx/ws_moveit2/install/moveit_ros_benchmarks:/home/zx/ws_moveit2/install/moveit_ros_warehouse:/home/zx/ws_moveit2/install/moveit_ros_robot_interaction:/home/zx/ws_moveit2/install/moveit_ros_perception:/home/zx/ws_moveit2/install/moveit_resources_prbt_pg70_support:/home/zx/ws_moveit2/install/moveit_resources_prbt_moveit_config:/home/zx/ws_moveit2/install/moveit_ros_move_group:/home/zx/ws_moveit2/install/moveit_planners_ompl:/home/zx/ws_moveit2/install/moveit_ros_planning:/home/zx/ws_moveit2/install/moveit_ros_occupancy_map_monitor:/home/zx/ws_moveit2/install/moveit_resources_prbt_ikfast_manipulator_plugin:/home/zx/ws_moveit2/install/moveit_planners_chomp:/home/zx/ws_moveit2/install/moveit_kinematics:/home/zx/ws_moveit2/install/moveit_chomp_optimizer_adapter:/home/zx/ws_moveit2/install/chomp_motion_planner:/home/zx/ws_moveit2/install/moveit_core:/home/zx/ws_moveit2/install/serial_demo:/home/zx/ws_moveit2/install/serial_can:/home/zx/ws_moveit2/install/serial:/home/zx/ws_moveit2/install/rviz_marker_tools:/home/zx/ws_moveit2/install/rosparam_shortcuts:/home/zx/ws_moveit2/install/moveit_task_constructor_msgs:/home/zx/ws_moveit2/install/moveit_resources_prbt_support:/home/zx/ws_moveit2/install/moveit_resources:/home/zx/ws_moveit2/install/moveit_resources_fanuc_moveit_config:/home/zx/ws_moveit2/install/moveit_resources_fanuc_description:/home/zx/ws_moveit2/install/tihu_2:/home/zx/ws_moveit2/install/moveit_configs_utils:/home/zx/ws_moveit2/install/launch_param_builder:/opt/ros/humble LD_LIBRARY_PATH=/home/zx/ws_moveit2/install/srdfdom/lib:/home/zx/ws_moveit2/install/pilz_industrial_motion_planner_testutils/lib:/home/zx/ws_moveit2/install/pilz_industrial_motion_planner/lib:/home/zx/ws_moveit2/install/moveit_visual_tools/lib:/home/zx/ws_moveit2/install/moveit_task_constructor_visualization/lib:/home/zx/ws_moveit2/install/moveit_task_constructor_demo/lib:/home/zx/ws_moveit2/install/moveit_task_constructor_capabilities/lib:/home/zx/ws_moveit2/install/moveit_task_constructor_core/lib:/home/zx/ws_moveit2/install/moveit_ros_control_interface/lib:/home/zx/ws_moveit2/install/moveit_simple_controller_manager/lib:/home/zx/ws_moveit2/install/moveit_setup_assistant/lib:/home/zx/ws_moveit2/install/moveit_setup_srdf_plugins/lib:/home/zx/ws_moveit2/install/moveit_setup_core_plugins/lib:/home/zx/ws_moveit2/install/moveit_setup_controllers/lib:/home/zx/ws_moveit2/install/moveit_setup_app_plugins/lib:/home/zx/ws_moveit2/install/moveit_setup_framework/lib:/home/zx/ws_moveit2/install/moveit_servo/lib:/home/zx/ws_moveit2/install/moveit_ros_visualization/lib:/home/zx/ws_moveit2/install/moveit_hybrid_planning/lib:/home/zx/ws_moveit2/install/moveit_ros_planning_interface/lib:/home/zx/ws_moveit2/install/moveit_ros_benchmarks/lib:/home/zx/ws_moveit2/install/moveit_ros_warehouse/lib:/home/zx/ws_moveit2/install/moveit_ros_robot_interaction/lib:/home/zx/ws_moveit2/install/moveit_ros_perception/lib:/home/zx/ws_moveit2/install/moveit_ros_move_group/lib:/home/zx/ws_moveit2/install/moveit_planners_ompl/lib:/home/zx/ws_moveit2/install/moveit_ros_planning/lib:/home/zx/ws_moveit2/install/moveit_ros_occupancy_map_monitor/lib:/home/zx/ws_moveit2/install/moveit_resources_prbt_ikfast_manipulator_plugin/lib:/home/zx/ws_moveit2/install/moveit_planners_chomp/lib:/home/zx/ws_moveit2/install/moveit_kinematics/lib:/home/zx/ws_moveit2/install/moveit_chomp_optimizer_adapter/lib:/home/zx/ws_moveit2/install/chomp_motion_planner/lib:/home/zx/ws_moveit2/install/moveit_core/lib:/home/zx/ws_moveit2/install/serial_can/lib:/home/zx/ws_moveit2/install/serial/lib:/home/zx/ws_moveit2/install/rviz_marker_tools/lib:/home/zx/ws_moveit2/install/rosparam_shortcuts/lib:/home/zx/ws_moveit2/install/moveit_task_constructor_msgs/lib:/opt/ros/humble/opt/rviz_ogre_vendor/lib:/opt/ros/humble/lib/x86_64-linux-gnu:/opt/ros/humble/lib /usr/bin/cmake --build /home/zx/ws_moveit2/build/moveit_core -- -j12 -l12
[5.335s] [  0%] [32mBuilding CXX object exceptions/CMakeFiles/moveit_exceptions.dir/src/exceptions.cpp.o[0m
[5.343s] [  1%] [32mBuilding CXX object gtest/CMakeFiles/gtest.dir/src/gtest-all.cc.o[0m
[5.343s] [  1%] [32mBuilding CXX object gmock/CMakeFiles/gmock_main.dir/src/gmock_main.cc.o[0m
[5.343s] [  1%] [32mBuilding CXX object gtest/CMakeFiles/gtest_main.dir/src/gtest_main.cc.o[0m
[5.344s] [  1%] [32mBuilding CXX object transforms/CMakeFiles/moveit_transforms.dir/src/transforms.cpp.o[0m
[5.344s] [  2%] [34m[1mRunning `/opt/ros/humble/bin/generate_parameter_library_cpp /home/zx/ws_moveit2/build/moveit_core/online_signal_smoothing/moveit_butterworth_parameters/include//moveit_butterworth_parameters.hpp /home/zx/ws_moveit2/src/moveit2/moveit_core/online_signal_smoothing/src/butterworth_parameters.yaml `[0m
[5.344s] [  2%] [32mBuilding CXX object kinematics_base/CMakeFiles/moveit_kinematics_base.dir/src/kinematics_base.cpp.o[0m
[5.345s] [  5%] [32mBuilding CXX object version/CMakeFiles/moveit_version.dir/version.cpp.o[0m
[5.345s] [  5%] [32mBuilding CXX object distance_field/CMakeFiles/moveit_distance_field.dir/src/distance_field.cpp.o[0m
[5.345s] [  5%] [32mBuilding CXX object utils/CMakeFiles/moveit_utils.dir/src/lexical_casts.cpp.o[0m
[5.347s] [  5%] [32mBuilding CXX object online_signal_smoothing/CMakeFiles/moveit_smoothing_base.dir/src/smoothing_base_class.cpp.o[0m
[5.356s] [  5%] [32mBuilding CXX object gmock/CMakeFiles/gmock.dir/opt/ros/humble/src/gtest_vendor/src/gtest-all.cc.o[0m
[5.408s] [  6%] [32m[1mLinking CXX executable moveit_version[0m
[5.530s] [  6%] Built target moveit_version
[5.545s] [  6%] [32mBuilding CXX object distance_field/CMakeFiles/moveit_distance_field.dir/src/find_internal_points.cpp.o[0m
[5.565s] [  6%] Built target moveit_butterworth_parameters
[5.578s] [  7%] [32mBuilding CXX object distance_field/CMakeFiles/moveit_distance_field.dir/src/propagation_distance_field.cpp.o[0m
[6.020s] [  7%] [32mBuilding CXX object utils/CMakeFiles/moveit_utils.dir/src/message_checks.cpp.o[0m
[6.426s] [  8%] [32m[1mLinking CXX shared library libmoveit_exceptions.so[0m
[6.645s] [  8%] Built target moveit_exceptions
[6.662s] [  9%] [32mBuilding CXX object utils/CMakeFiles/moveit_utils.dir/src/rclcpp_utils.cpp.o[0m
[6.722s] [  9%] [32m[1mLinking CXX static library libgtest_main.a[0m
[6.860s] [  9%] Built target gtest_main
[6.930s] [ 10%] [32mBuilding CXX object gmock/CMakeFiles/gmock.dir/src/gmock-all.cc.o[0m
[7.054s] [ 11%] [32m[1mLinking CXX static library libgmock_main.a[0m
[7.136s] [ 11%] Built target gmock_main
[7.416s] [ 11%] [32m[1mLinking CXX shared library libmoveit_utils.so[0m
[8.287s] [ 11%] Built target moveit_utils
[9.518s] [ 12%] [32m[1mLinking CXX shared library libmoveit_smoothing_base.so[0m
[9.691s] [ 12%] Built target moveit_smoothing_base
[10.676s] [ 13%] [32m[1mLinking CXX shared library libmoveit_kinematics_base.so[0m
[10.794s] [ 13%] Built target moveit_kinematics_base
[10.824s] [ 15%] [32mBuilding CXX object robot_model/CMakeFiles/moveit_robot_model.dir/src/link_model.cpp.o[0m
[10.824s] [ 15%] [32mBuilding CXX object robot_model/CMakeFiles/moveit_robot_model.dir/src/planar_joint_model.cpp.o[0m
[10.824s] [ 15%] [32mBuilding CXX object robot_model/CMakeFiles/moveit_robot_model.dir/src/floating_joint_model.cpp.o[0m
[10.824s] [ 15%] [32mBuilding CXX object robot_model/CMakeFiles/moveit_robot_model.dir/src/fixed_joint_model.cpp.o[0m
[10.824s] [ 16%] [32mBuilding CXX object robot_model/CMakeFiles/moveit_robot_model.dir/src/aabb.cpp.o[0m
[10.824s] [ 17%] [32mBuilding CXX object robot_model/CMakeFiles/moveit_robot_model.dir/src/joint_model_group.cpp.o[0m
[10.824s] [ 17%] [32mBuilding CXX object robot_model/CMakeFiles/moveit_robot_model.dir/src/joint_model.cpp.o[0m
[13.200s] [ 18%] [32mBuilding CXX object robot_model/CMakeFiles/moveit_robot_model.dir/src/prismatic_joint_model.cpp.o[0m
[13.970s] [ 19%] [32mBuilding CXX object robot_model/CMakeFiles/moveit_robot_model.dir/src/revolute_joint_model.cpp.o[0m
[14.880s] [ 19%] [32mBuilding CXX object robot_model/CMakeFiles/moveit_robot_model.dir/src/robot_model.cpp.o[0m
[14.981s] [ 20%] [32m[1mLinking CXX static library libgtest.a[0m
[15.032s] [ 21%] [32m[1mLinking CXX shared library libmoveit_transforms.so[0m
[15.067s] [ 21%] Built target gtest
[15.197s] [ 21%] [32m[1mLinking CXX shared library libmoveit_distance_field.so[0m
[15.299s] [ 21%] Built target moveit_transforms
[15.344s] [ 21%] [32mBuilding CXX object transforms/CMakeFiles/test_transforms.dir/test/test_transforms.cpp.o[0m
[15.361s] [ 22%] [32m[1mLinking CXX static library libgmock.a[0m
[15.457s] [ 22%] Built target moveit_distance_field
[15.509s] [ 23%] [32mBuilding CXX object distance_field/CMakeFiles/test_voxel_grid.dir/test/test_voxel_grid.cpp.o[0m
[15.509s] [ 23%] [32mBuilding CXX object distance_field/CMakeFiles/test_distance_field.dir/test/test_distance_field.cpp.o[0m
[15.519s] [ 23%] Built target gmock
[18.233s] [ 24%] [32m[1mLinking CXX executable test_transforms[0m
[18.361s] [ 24%] Built target test_transforms
[19.179s] [ 24%] [32m[1mLinking CXX executable test_voxel_grid[0m
[19.277s] [ 24%] Built target test_voxel_grid
[23.650s] [ 25%] [32m[1mLinking CXX shared library libmoveit_robot_model.so[0m
[23.773s] [ 25%] Built target moveit_robot_model
[23.793s] [ 25%] [32mBuilding CXX object robot_state/CMakeFiles/moveit_robot_state.dir/src/attached_body.cpp.o[0m
[23.794s] [ 26%] [32mBuilding CXX object online_signal_smoothing/CMakeFiles/moveit_butterworth_filter.dir/src/butterworth_filter.cpp.o[0m
[23.794s] [ 27%] [32mBuilding CXX object utils/CMakeFiles/moveit_test_utils.dir/src/robot_model_test_utils.cpp.o[0m
[23.795s] [ 29%] [32mBuilding CXX object robot_state/CMakeFiles/moveit_robot_state.dir/src/robot_state.cpp.o[0m
[23.795s] [ 29%] [32mBuilding CXX object robot_state/CMakeFiles/moveit_robot_state.dir/src/conversions.cpp.o[0m
[23.795s] [ 29%] [32mBuilding CXX object robot_state/CMakeFiles/moveit_robot_state.dir/src/cartesian_interpolator.cpp.o[0m
[24.695s] [ 30%] [32m[1mLinking CXX executable test_distance_field[0m
[24.937s] [ 30%] Built target test_distance_field
[30.642s] [ 30%] [32m[1mLinking CXX shared library libmoveit_test_utils.so[0m
[30.766s] [ 30%] Built target moveit_test_utils
[30.785s] [ 31%] [32mBuilding CXX object robot_model/CMakeFiles/test_robot_model.dir/test/test.cpp.o[0m
[30.858s] [ 31%] [32m[1mLinking CXX shared library libmoveit_butterworth_filter.so[0m
[30.991s] [ 31%] Built target moveit_butterworth_filter
[31.014s] [ 31%] [32mBuilding CXX object online_signal_smoothing/CMakeFiles/test_butterworth_filter.dir/test/test_butterworth_filter.cpp.o[0m
[36.125s] [ 31%] [32m[1mLinking CXX executable test_robot_model[0m
[36.308s] [ 31%] Built target test_robot_model
[36.755s] [ 32%] [32m[1mLinking CXX executable test_butterworth_filter[0m
[36.869s] [ 32%] Built target test_butterworth_filter
[41.291s] [ 33%] [32m[1mLinking CXX shared library libmoveit_robot_state.so[0m
[41.411s] [ 33%] Built target moveit_robot_state
[41.434s] [ 33%] [32mBuilding CXX object robot_trajectory/CMakeFiles/moveit_robot_trajectory.dir/src/robot_trajectory.cpp.o[0m
[41.435s] [ 34%] [32mBuilding CXX object collision_detection/CMakeFiles/moveit_collision_detection.dir/src/collision_matrix.cpp.o[0m
[41.435s] [ 34%] [32mBuilding CXX object collision_detection/CMakeFiles/moveit_collision_detection.dir/src/collision_octomap_filter.cpp.o[0m
[41.435s] [ 34%] [32mBuilding CXX object robot_state/CMakeFiles/test_aabb.dir/test/test_aabb.cpp.o[0m
[41.435s] [ 34%] [32mBuilding CXX object collision_detection/CMakeFiles/moveit_collision_detection.dir/src/collision_common.cpp.o[0m
[41.436s] [ 35%] [32mBuilding CXX object collision_detection/CMakeFiles/moveit_collision_detection.dir/src/allvalid/collision_env_allvalid.cpp.o[0m
[41.437s] [ 36%] [32mBuilding CXX object robot_state/CMakeFiles/test_robot_state.dir/test/robot_state_test.cpp.o[0m
[41.438s] [ 36%] [32mBuilding CXX object kinematics_metrics/CMakeFiles/moveit_kinematics_metrics.dir/src/kinematics_metrics.cpp.o[0m
[41.438s] [ 36%] [32mBuilding CXX object robot_state/CMakeFiles/test_robot_state_benchmark.dir/test/robot_state_benchmark.cpp.o[0m
[41.439s] [ 36%] [32mBuilding CXX object robot_state/CMakeFiles/test_cartesian_interpolator.dir/test/test_cartesian_interpolator.cpp.o[0m
[41.443s] [ 37%] [32mBuilding CXX object dynamics_solver/CMakeFiles/moveit_dynamics_solver.dir/src/dynamics_solver.cpp.o[0m
[41.446s] [ 37%] [32mBuilding CXX object robot_state/CMakeFiles/test_robot_state_complex.dir/test/test_kinematic_complex.cpp.o[0m
[48.634s] [ 38%] [32mBuilding CXX object collision_detection/CMakeFiles/moveit_collision_detection.dir/src/collision_tools.cpp.o[0m
[49.809s] [ 39%] [32mBuilding CXX object collision_detection/CMakeFiles/moveit_collision_detection.dir/src/world.cpp.o[0m
[50.632s] [ 39%] [32mBuilding CXX object collision_detection/CMakeFiles/moveit_collision_detection.dir/src/world_diff.cpp.o[0m
[50.738s] [ 40%] [32mBuilding CXX object collision_detection/CMakeFiles/moveit_collision_detection.dir/src/collision_env.cpp.o[0m
[51.166s] [ 41%] [32m[1mLinking CXX shared library libmoveit_dynamics_solver.so[0m
[51.534s] [ 42%] [32m[1mLinking CXX executable test_cartesian_interpolator[0m
[51.540s] [ 42%] Built target moveit_dynamics_solver
[51.557s] [ 42%] [32mBuilding CXX object collision_detection/CMakeFiles/moveit_collision_detection.dir/src/collision_plugin_cache.cpp.o[0m
[51.990s] [ 42%] Built target test_cartesian_interpolator
[52.661s] [ 43%] [32m[1mLinking CXX executable test_robot_state_benchmark[0m
[53.262s] [ 43%] Built target test_robot_state_benchmark
[53.741s] [ 44%] [32m[1mLinking CXX executable test_aabb[0m
[54.166s] [ 44%] Built target test_aabb
[54.898s] [ 45%] [32m[1mLinking CXX executable test_robot_state_complex[0m
[55.233s] [ 45%] Built target test_robot_state_complex
[55.367s] [ 46%] [32m[1mLinking CXX shared library libmoveit_robot_trajectory.so[0m
[55.551s] [ 46%] Built target moveit_robot_trajectory
[55.589s] [ 46%] [32mBuilding CXX object trajectory_processing/CMakeFiles/moveit_trajectory_processing.dir/src/iterative_spline_parameterization.cpp.o[0m
[55.590s] [ 48%] [32mBuilding CXX object trajectory_processing/CMakeFiles/moveit_trajectory_processing.dir/src/ruckig_traj_smoothing.cpp.o[0m
[55.591s] [ 48%] [32mBuilding CXX object robot_trajectory/CMakeFiles/test_robot_trajectory.dir/test/test_robot_trajectory.cpp.o[0m
[55.592s] [ 49%] [32mBuilding CXX object trajectory_processing/CMakeFiles/moveit_trajectory_processing.dir/src/iterative_time_parameterization.cpp.o[0m
[55.603s] [ 50%] [32mBuilding CXX object trajectory_processing/CMakeFiles/moveit_trajectory_processing.dir/src/trajectory_tools.cpp.o[0m
[55.604s] [ 51%] [32mBuilding CXX object planning_interface/CMakeFiles/moveit_planning_interface.dir/src/planning_interface.cpp.o[0m
[55.881s] [ 51%] [32mBuilding CXX object trajectory_processing/CMakeFiles/moveit_trajectory_processing.dir/src/time_optimal_trajectory_generation.cpp.o[0m
[56.600s] [ 52%] [32m[1mLinking CXX executable test_robot_state[0m
[56.924s] [ 52%] [32mBuilding CXX object planning_interface/CMakeFiles/moveit_planning_interface.dir/src/planning_response.cpp.o[0m
[57.088s] [ 52%] Built target test_robot_state
[65.961s] [ 53%] [32m[1mLinking CXX shared library libmoveit_planning_interface.so[0m
[66.101s] [ 53%] Built target moveit_planning_interface
[67.009s] [ 53%] [32m[1mLinking CXX executable test_robot_trajectory[0m
[67.201s] [ 54%] [32m[1mLinking CXX shared library libmoveit_trajectory_processing.so[0m
[67.238s] [ 54%] Built target test_robot_trajectory
[67.344s] [ 54%] Built target moveit_trajectory_processing
[68.023s] [ 55%] [32m[1mLinking CXX shared library libmoveit_collision_detection.so[0m
[68.094s] [ 56%] [32m[1mLinking CXX shared library libmoveit_kinematics_metrics.so[0m
[68.163s] [ 56%] Built target moveit_collision_detection
[68.215s] [ 56%] Built target moveit_kinematics_metrics
[68.232s] [ 57%] [32mBuilding CXX object collision_detection_bullet/CMakeFiles/moveit_collision_detection_bullet.dir/src/bullet_integration/bullet_utils.cpp.o[0m
[72.945s] [ 58%] [32mBuilding CXX object collision_detection_bullet/CMakeFiles/moveit_collision_detection_bullet.dir/src/bullet_integration/bullet_bvh_manager.cpp.o[0m
[75.957s] [ 59%] [32mBuilding CXX object collision_detection_bullet/CMakeFiles/moveit_collision_detection_bullet.dir/src/collision_env_bullet.cpp.o[0m
[75.957s] [ 59%] [32mBuilding CXX object collision_detection_bullet/CMakeFiles/moveit_collision_detection_bullet.dir/src/bullet_integration/contact_checker_common.cpp.o[0m
[76.052s] [ 60%] [32mBuilding CXX object collision_detection_bullet/CMakeFiles/moveit_collision_detection_bullet.dir/src/bullet_integration/bullet_cast_bvh_manager.cpp.o[0m
[79.344s] [ 60%] [32mBuilding CXX object collision_detection_bullet/CMakeFiles/moveit_collision_detection_bullet.dir/src/bullet_integration/bullet_discrete_bvh_manager.cpp.o[0m
[79.344s] [ 60%] [32mBuilding CXX object collision_detection_bullet/CMakeFiles/moveit_collision_detection_bullet.dir/src/bullet_integration/ros_bullet_utils.cpp.o[0m
[83.189s] [ 61%] [32m[1mLinking CXX shared library libmoveit_collision_detection_bullet.so[0m
[83.341s] [ 61%] Built target moveit_collision_detection_bullet
[83.360s] [ 62%] [32mBuilding CXX object collision_detection/CMakeFiles/test_all_valid.dir/test/test_all_valid.cpp.o[0m
[83.360s] [ 62%] [32mBuilding CXX object collision_detection/CMakeFiles/test_world_diff.dir/test/test_world_diff.cpp.o[0m
[86.216s] [ 63%] [32m[1mLinking CXX executable test_world_diff[0m
[86.391s] [ 63%] Built target test_world_diff
[87.508s] [ 64%] [32m[1mLinking CXX executable test_all_valid[0m
[87.687s] [ 64%] Built target test_all_valid
[87.705s] [ 65%] [32mBuilding CXX object collision_detection_bullet/CMakeFiles/test_bullet_continuous_collision_checking.dir/test/test_bullet_continuous_collision_checking.cpp.o[0m
[94.011s] [ 66%] [32m[1mLinking CXX executable test_bullet_continuous_collision_checking[0m
[94.216s] [ 66%] Built target test_bullet_continuous_collision_checking
[94.234s] [ 69%] [32mBuilding CXX object collision_detection_bullet/CMakeFiles/test_bullet_collision_detection.dir/test/test_bullet_collision_detection_pr2.cpp.o[0m
[94.234s] [ 69%] [32mBuilding CXX object collision_detection_bullet/CMakeFiles/test_bullet_collision_detection_panda.dir/test/test_bullet_collision_detection_panda.cpp.o[0m
[94.234s] [ 69%] [32mBuilding CXX object collision_detection/CMakeFiles/test_world.dir/test/test_world.cpp.o[0m
[99.234s] [ 69%] [32m[1mLinking CXX executable test_world[0m
[99.418s] [ 69%] Built target test_world
[99.439s] [ 69%] [32mBuilding CXX object collision_detection_fcl/CMakeFiles/moveit_collision_detection_fcl.dir/src/collision_common.cpp.o[0m
[99.439s] [ 70%] [32mBuilding CXX object collision_detection_fcl/CMakeFiles/moveit_collision_detection_fcl.dir/src/collision_env_fcl.cpp.o[0m
[100.199s] [ 70%] [32m[1mLinking CXX executable test_bullet_collision_detection_panda[0m
[100.438s] [ 70%] Built target test_bullet_collision_detection_panda
[100.459s] [ 71%] [32mBuilding CXX object trajectory_processing/CMakeFiles/test_ruckig_traj_smoothing.dir/test/test_ruckig_traj_smoothing.cpp.o[0m
[103.679s] [ 71%] [32m[1mLinking CXX executable test_bullet_collision_detection[0m
[104.015s] [ 71%] Built target test_bullet_collision_detection
[104.038s] [ 72%] [32mBuilding CXX object trajectory_processing/CMakeFiles/test_time_optimal_trajectory_generation.dir/test/test_time_optimal_trajectory_generation.cpp.o[0m
[106.307s] [ 72%] [32m[1mLinking CXX executable test_ruckig_traj_smoothing[0m
[106.557s] [ 72%] Built target test_ruckig_traj_smoothing
[107.197s] [ 73%] [32m[1mLinking CXX shared library libmoveit_collision_detection_fcl.so[0m
[107.380s] [ 73%] Built target moveit_collision_detection_fcl
[110.180s] [ 74%] [32m[1mLinking CXX executable test_time_optimal_trajectory_generation[0m
[110.382s] [ 74%] Built target test_time_optimal_trajectory_generation
[110.400s] [ 75%] [32mBuilding CXX object collision_detection_fcl/CMakeFiles/test_fcl_collision_detection_panda.dir/test/test_fcl_collision_detection_panda.cpp.o[0m
[116.208s] [ 75%] [32m[1mLinking CXX executable test_fcl_collision_detection_panda[0m
[116.414s] [ 75%] Built target test_fcl_collision_detection_panda
[116.432s] [ 77%] [32mBuilding CXX object collision_detection_fcl/CMakeFiles/test_fcl_collision_detection.dir/test/test_fcl_collision_detection_pr2.cpp.o[0m
[116.432s] [ 77%] [32mBuilding CXX object collision_detection_fcl/CMakeFiles/test_fcl_collision_env.dir/test/test_fcl_env.cpp.o[0m
[122.885s] [ 78%] [32m[1mLinking CXX executable test_fcl_collision_env[0m
[123.107s] [ 78%] Built target test_fcl_collision_env
[123.126s] [ 79%] [32mBuilding CXX object trajectory_processing/CMakeFiles/test_time_parameterization.dir/test/test_time_parameterization.cpp.o[0m
[123.126s] [ 79%] [32mBuilding CXX object kinematic_constraints/CMakeFiles/moveit_kinematic_constraints.dir/src/kinematic_constraint.cpp.o[0m
[123.126s] [ 79%] [32mBuilding CXX object kinematic_constraints/CMakeFiles/moveit_kinematic_constraints.dir/src/utils.cpp.o[0m
[123.938s] [ 79%] [32m[1mLinking CXX executable test_fcl_collision_detection[0m
[124.224s] [ 79%] Built target test_fcl_collision_detection
[130.018s] [ 80%] [32m[1mLinking CXX executable test_time_parameterization[0m
[130.242s] [ 80%] Built target test_time_parameterization
[133.898s] [ 81%] [32m[1mLinking CXX shared library libmoveit_kinematic_constraints.so[0m
[134.051s] [ 81%] Built target moveit_kinematic_constraints
[134.071s] [ 82%] [32mBuilding CXX object kinematic_constraints/CMakeFiles/test_orientation_constraints.dir/test/test_orientation_constraints.cpp.o[0m
[134.071s] [ 82%] [32mBuilding CXX object kinematic_constraints/CMakeFiles/test_constraints.dir/test/test_constraints.cpp.o[0m
[134.071s] [ 82%] [32mBuilding CXX object planning_scene/CMakeFiles/moveit_planning_scene.dir/src/planning_scene.cpp.o[0m
[140.501s] [ 83%] [32m[1mLinking CXX executable test_orientation_constraints[0m
[140.724s] [ 83%] Built target test_orientation_constraints
[145.060s] [ 84%] [32m[1mLinking CXX executable test_constraints[0m
[145.338s] [ 84%] Built target test_constraints
[149.369s] [ 84%] [32m[1mLinking CXX shared library libmoveit_planning_scene.so[0m
[149.519s] [ 84%] Built target moveit_planning_scene
[149.540s] [ 84%] [32mBuilding CXX object constraint_samplers/CMakeFiles/moveit_constraint_samplers.dir/src/constraint_sampler_tools.cpp.o[0m
[149.540s] [ 84%] [32mBuilding CXX object collision_distance_field/CMakeFiles/moveit_collision_distance_field.dir/src/collision_distance_field_types.cpp.o[0m
[149.540s] [ 84%] [32mBuilding CXX object constraint_samplers/CMakeFiles/moveit_constraint_samplers.dir/src/constraint_sampler.cpp.o[0m
[149.540s] [ 85%] [32mBuilding CXX object planning_request_adapter/CMakeFiles/moveit_planning_request_adapter.dir/src/planning_request_adapter.cpp.o[0m
[149.540s] [ 85%] [32mBuilding CXX object planning_scene/CMakeFiles/test_collision_objects.dir/test/test_collision_objects.cpp.o[0m
[149.540s] [ 86%] [32mBuilding CXX object constraint_samplers/CMakeFiles/moveit_constraint_samplers.dir/src/constraint_sampler_manager.cpp.o[0m
[149.540s] [ 86%] [32mBuilding CXX object collision_distance_field/CMakeFiles/moveit_collision_distance_field.dir/src/collision_env_distance_field.cpp.o[0m
[149.541s] [ 86%] [32mBuilding CXX object planning_scene/CMakeFiles/test_multi_threaded.dir/test/test_multi_threaded.cpp.o[0m
[149.541s] [ 87%] [32mBuilding CXX object collision_distance_field/CMakeFiles/moveit_collision_distance_field.dir/src/collision_common_distance_field.cpp.o[0m
[149.541s] [ 88%] [32mBuilding CXX object planning_scene/CMakeFiles/test_planning_scene.dir/test/test_planning_scene.cpp.o[0m
[157.882s] [ 89%] [32mBuilding CXX object collision_distance_field/CMakeFiles/moveit_collision_distance_field.dir/src/collision_env_hybrid.cpp.o[0m
[158.610s] [ 90%] [32mBuilding CXX object constraint_samplers/CMakeFiles/moveit_constraint_samplers.dir/src/default_constraint_samplers.cpp.o[0m
[159.788s] [ 90%] [32mBuilding CXX object constraint_samplers/CMakeFiles/moveit_constraint_samplers.dir/src/union_constraint_sampler.cpp.o[0m
[160.052s] [ 91%] [32m[1mLinking CXX shared library libmoveit_planning_request_adapter.so[0m
[160.384s] [ 91%] Built target moveit_planning_request_adapter
[160.429s] [ 91%] [32mBuilding CXX object collision_detection_fcl/CMakeFiles/collision_detector_fcl_plugin.dir/src/collision_detector_fcl_plugin_loader.cpp.o[0m
[161.301s] [ 92%] [32m[1mLinking CXX executable test_multi_threaded[0m
[161.902s] [ 92%] Built target test_multi_threaded
[161.946s] [ 92%] [32mBuilding CXX object collision_detection_bullet/CMakeFiles/collision_detector_bullet_plugin.dir/src/collision_detector_bullet_plugin_loader.cpp.o[0m
[164.385s] [ 92%] [32m[1mLinking CXX executable test_collision_objects[0m
[164.807s] [ 92%] Built target test_collision_objects
[169.166s] [ 93%] [32m[1mLinking CXX shared library libcollision_detector_bullet_plugin.so[0m
[169.323s] [ 93%] Built target collision_detector_bullet_plugin
[169.445s] [ 93%] [32m[1mLinking CXX executable test_planning_scene[0m
[169.664s] [ 94%] [32m[1mLinking CXX shared library libmoveit_collision_distance_field.so[0m
[169.758s] [ 94%] Built target test_planning_scene
[169.867s] [ 94%] Built target moveit_collision_distance_field
[169.891s] [ 95%] [32mBuilding CXX object collision_distance_field/CMakeFiles/test_collision_distance_field.dir/test/test_collision_distance_field.cpp.o[0m
[170.047s] [ 96%] [32m[1mLinking CXX shared library libcollision_detector_fcl_plugin.so[0m
[170.181s] [ 96%] Built target collision_detector_fcl_plugin
[170.299s] [ 97%] [32m[1mLinking CXX shared library libmoveit_constraint_samplers.so[0m
[170.441s] [ 97%] Built target moveit_constraint_samplers
[170.460s] [ 99%] [32mBuilding CXX object constraint_samplers/CMakeFiles/test_constraint_samplers.dir/test/test_constraint_samplers.cpp.o[0m
[170.460s] [ 99%] [32mBuilding CXX object constraint_samplers/CMakeFiles/test_constraint_samplers.dir/test/pr2_arm_ik.cpp.o[0m
[170.460s] [ 99%] [32mBuilding CXX object constraint_samplers/CMakeFiles/test_constraint_samplers.dir/test/pr2_arm_kinematics_plugin.cpp.o[0m
[180.530s] [ 99%] [32m[1mLinking CXX executable test_collision_distance_field[0m
[180.812s] [ 99%] Built target test_collision_distance_field
[182.955s] [100%] [32m[1mLinking CXX executable test_constraint_samplers[0m
[183.195s] [100%] Built target test_constraint_samplers
[183.206s] Invoked command in '/home/zx/ws_moveit2/build/moveit_core' returned '0': CMAKE_PREFIX_PATH=/home/zx/ws_moveit2/install/moveit_resources_panda_moveit_config:/home/zx/ws_moveit2/install/srdfdom:/home/zx/ws_moveit2/install/moveit_resources_pr2_description:/home/zx/ws_moveit2/install/moveit_resources_panda_description:/home/zx/ws_moveit2/install/moveit_common:/home/zx/ws_moveit2/install/urdf_2:/home/zx/ws_moveit2/install/pilz_industrial_motion_planner_testutils:/home/zx/ws_moveit2/install/moveit_runtime:/home/zx/ws_moveit2/install/moveit2_tutorials:/home/zx/ws_moveit2/install/moveit:/home/zx/ws_moveit2/install/moveit_planners:/home/zx/ws_moveit2/install/pilz_industrial_motion_planner:/home/zx/ws_moveit2/install/moveit_visual_tools:/home/zx/ws_moveit2/install/moveit_task_constructor_visualization:/home/zx/ws_moveit2/install/moveit_task_constructor_demo:/home/zx/ws_moveit2/install/moveit_task_constructor_capabilities:/home/zx/ws_moveit2/install/moveit_task_constructor_core:/home/zx/ws_moveit2/install/moveit_ros_control_interface:/home/zx/ws_moveit2/install/moveit_plugins:/home/zx/ws_moveit2/install/moveit_simple_controller_manager:/home/zx/ws_moveit2/install/moveit_setup_assistant:/home/zx/ws_moveit2/install/moveit_setup_srdf_plugins:/home/zx/ws_moveit2/install/moveit_setup_core_plugins:/home/zx/ws_moveit2/install/moveit_setup_controllers:/home/zx/ws_moveit2/install/moveit_setup_app_plugins:/home/zx/ws_moveit2/install/moveit_setup_framework:/home/zx/ws_moveit2/install/moveit_servo:/home/zx/ws_moveit2/install/moveit_ros:/home/zx/ws_moveit2/install/moveit_ros_visualization:/home/zx/ws_moveit2/install/moveit_hybrid_planning:/home/zx/ws_moveit2/install/moveit_ros_planning_interface:/home/zx/ws_moveit2/install/moveit_ros_benchmarks:/home/zx/ws_moveit2/install/moveit_ros_warehouse:/home/zx/ws_moveit2/install/moveit_ros_robot_interaction:/home/zx/ws_moveit2/install/moveit_ros_perception:/home/zx/ws_moveit2/install/moveit_resources_prbt_pg70_support:/home/zx/ws_moveit2/install/moveit_resources_prbt_moveit_config:/home/zx/ws_moveit2/install/moveit_ros_move_group:/home/zx/ws_moveit2/install/moveit_planners_ompl:/home/zx/ws_moveit2/install/moveit_ros_planning:/home/zx/ws_moveit2/install/moveit_ros_occupancy_map_monitor:/home/zx/ws_moveit2/install/moveit_resources_prbt_ikfast_manipulator_plugin:/home/zx/ws_moveit2/install/moveit_planners_chomp:/home/zx/ws_moveit2/install/moveit_kinematics:/home/zx/ws_moveit2/install/moveit_chomp_optimizer_adapter:/home/zx/ws_moveit2/install/chomp_motion_planner:/home/zx/ws_moveit2/install/moveit_core:/home/zx/ws_moveit2/install/serial_demo:/home/zx/ws_moveit2/install/serial_can:/home/zx/ws_moveit2/install/serial:/home/zx/ws_moveit2/install/rviz_marker_tools:/home/zx/ws_moveit2/install/rosparam_shortcuts:/home/zx/ws_moveit2/install/moveit_task_constructor_msgs:/home/zx/ws_moveit2/install/moveit_resources_prbt_support:/home/zx/ws_moveit2/install/moveit_resources:/home/zx/ws_moveit2/install/moveit_resources_fanuc_moveit_config:/home/zx/ws_moveit2/install/moveit_resources_fanuc_description:/home/zx/ws_moveit2/install/tihu_2:/home/zx/ws_moveit2/install/moveit_configs_utils:/home/zx/ws_moveit2/install/launch_param_builder:/opt/ros/humble LD_LIBRARY_PATH=/home/zx/ws_moveit2/install/srdfdom/lib:/home/zx/ws_moveit2/install/pilz_industrial_motion_planner_testutils/lib:/home/zx/ws_moveit2/install/pilz_industrial_motion_planner/lib:/home/zx/ws_moveit2/install/moveit_visual_tools/lib:/home/zx/ws_moveit2/install/moveit_task_constructor_visualization/lib:/home/zx/ws_moveit2/install/moveit_task_constructor_demo/lib:/home/zx/ws_moveit2/install/moveit_task_constructor_capabilities/lib:/home/zx/ws_moveit2/install/moveit_task_constructor_core/lib:/home/zx/ws_moveit2/install/moveit_ros_control_interface/lib:/home/zx/ws_moveit2/install/moveit_simple_controller_manager/lib:/home/zx/ws_moveit2/install/moveit_setup_assistant/lib:/home/zx/ws_moveit2/install/moveit_setup_srdf_plugins/lib:/home/zx/ws_moveit2/install/moveit_setup_core_plugins/lib:/home/zx/ws_moveit2/install/moveit_setup_controllers/lib:/home/zx/ws_moveit2/install/moveit_setup_app_plugins/lib:/home/zx/ws_moveit2/install/moveit_setup_framework/lib:/home/zx/ws_moveit2/install/moveit_servo/lib:/home/zx/ws_moveit2/install/moveit_ros_visualization/lib:/home/zx/ws_moveit2/install/moveit_hybrid_planning/lib:/home/zx/ws_moveit2/install/moveit_ros_planning_interface/lib:/home/zx/ws_moveit2/install/moveit_ros_benchmarks/lib:/home/zx/ws_moveit2/install/moveit_ros_warehouse/lib:/home/zx/ws_moveit2/install/moveit_ros_robot_interaction/lib:/home/zx/ws_moveit2/install/moveit_ros_perception/lib:/home/zx/ws_moveit2/install/moveit_ros_move_group/lib:/home/zx/ws_moveit2/install/moveit_planners_ompl/lib:/home/zx/ws_moveit2/install/moveit_ros_planning/lib:/home/zx/ws_moveit2/install/moveit_ros_occupancy_map_monitor/lib:/home/zx/ws_moveit2/install/moveit_resources_prbt_ikfast_manipulator_plugin/lib:/home/zx/ws_moveit2/install/moveit_planners_chomp/lib:/home/zx/ws_moveit2/install/moveit_kinematics/lib:/home/zx/ws_moveit2/install/moveit_chomp_optimizer_adapter/lib:/home/zx/ws_moveit2/install/chomp_motion_planner/lib:/home/zx/ws_moveit2/install/moveit_core/lib:/home/zx/ws_moveit2/install/serial_can/lib:/home/zx/ws_moveit2/install/serial/lib:/home/zx/ws_moveit2/install/rviz_marker_tools/lib:/home/zx/ws_moveit2/install/rosparam_shortcuts/lib:/home/zx/ws_moveit2/install/moveit_task_constructor_msgs/lib:/opt/ros/humble/opt/rviz_ogre_vendor/lib:/opt/ros/humble/lib/x86_64-linux-gnu:/opt/ros/humble/lib /usr/bin/cmake --build /home/zx/ws_moveit2/build/moveit_core -- -j12 -l12
[183.297s] Invoking command in '/home/zx/ws_moveit2/build/moveit_core': CMAKE_PREFIX_PATH=/home/zx/ws_moveit2/install/moveit_resources_panda_moveit_config:/home/zx/ws_moveit2/install/srdfdom:/home/zx/ws_moveit2/install/moveit_resources_pr2_description:/home/zx/ws_moveit2/install/moveit_resources_panda_description:/home/zx/ws_moveit2/install/moveit_common:/home/zx/ws_moveit2/install/urdf_2:/home/zx/ws_moveit2/install/pilz_industrial_motion_planner_testutils:/home/zx/ws_moveit2/install/moveit_runtime:/home/zx/ws_moveit2/install/moveit2_tutorials:/home/zx/ws_moveit2/install/moveit:/home/zx/ws_moveit2/install/moveit_planners:/home/zx/ws_moveit2/install/pilz_industrial_motion_planner:/home/zx/ws_moveit2/install/moveit_visual_tools:/home/zx/ws_moveit2/install/moveit_task_constructor_visualization:/home/zx/ws_moveit2/install/moveit_task_constructor_demo:/home/zx/ws_moveit2/install/moveit_task_constructor_capabilities:/home/zx/ws_moveit2/install/moveit_task_constructor_core:/home/zx/ws_moveit2/install/moveit_ros_control_interface:/home/zx/ws_moveit2/install/moveit_plugins:/home/zx/ws_moveit2/install/moveit_simple_controller_manager:/home/zx/ws_moveit2/install/moveit_setup_assistant:/home/zx/ws_moveit2/install/moveit_setup_srdf_plugins:/home/zx/ws_moveit2/install/moveit_setup_core_plugins:/home/zx/ws_moveit2/install/moveit_setup_controllers:/home/zx/ws_moveit2/install/moveit_setup_app_plugins:/home/zx/ws_moveit2/install/moveit_setup_framework:/home/zx/ws_moveit2/install/moveit_servo:/home/zx/ws_moveit2/install/moveit_ros:/home/zx/ws_moveit2/install/moveit_ros_visualization:/home/zx/ws_moveit2/install/moveit_hybrid_planning:/home/zx/ws_moveit2/install/moveit_ros_planning_interface:/home/zx/ws_moveit2/install/moveit_ros_benchmarks:/home/zx/ws_moveit2/install/moveit_ros_warehouse:/home/zx/ws_moveit2/install/moveit_ros_robot_interaction:/home/zx/ws_moveit2/install/moveit_ros_perception:/home/zx/ws_moveit2/install/moveit_resources_prbt_pg70_support:/home/zx/ws_moveit2/install/moveit_resources_prbt_moveit_config:/home/zx/ws_moveit2/install/moveit_ros_move_group:/home/zx/ws_moveit2/install/moveit_planners_ompl:/home/zx/ws_moveit2/install/moveit_ros_planning:/home/zx/ws_moveit2/install/moveit_ros_occupancy_map_monitor:/home/zx/ws_moveit2/install/moveit_resources_prbt_ikfast_manipulator_plugin:/home/zx/ws_moveit2/install/moveit_planners_chomp:/home/zx/ws_moveit2/install/moveit_kinematics:/home/zx/ws_moveit2/install/moveit_chomp_optimizer_adapter:/home/zx/ws_moveit2/install/chomp_motion_planner:/home/zx/ws_moveit2/install/moveit_core:/home/zx/ws_moveit2/install/serial_demo:/home/zx/ws_moveit2/install/serial_can:/home/zx/ws_moveit2/install/serial:/home/zx/ws_moveit2/install/rviz_marker_tools:/home/zx/ws_moveit2/install/rosparam_shortcuts:/home/zx/ws_moveit2/install/moveit_task_constructor_msgs:/home/zx/ws_moveit2/install/moveit_resources_prbt_support:/home/zx/ws_moveit2/install/moveit_resources:/home/zx/ws_moveit2/install/moveit_resources_fanuc_moveit_config:/home/zx/ws_moveit2/install/moveit_resources_fanuc_description:/home/zx/ws_moveit2/install/tihu_2:/home/zx/ws_moveit2/install/moveit_configs_utils:/home/zx/ws_moveit2/install/launch_param_builder:/opt/ros/humble LD_LIBRARY_PATH=/home/zx/ws_moveit2/install/srdfdom/lib:/home/zx/ws_moveit2/install/pilz_industrial_motion_planner_testutils/lib:/home/zx/ws_moveit2/install/pilz_industrial_motion_planner/lib:/home/zx/ws_moveit2/install/moveit_visual_tools/lib:/home/zx/ws_moveit2/install/moveit_task_constructor_visualization/lib:/home/zx/ws_moveit2/install/moveit_task_constructor_demo/lib:/home/zx/ws_moveit2/install/moveit_task_constructor_capabilities/lib:/home/zx/ws_moveit2/install/moveit_task_constructor_core/lib:/home/zx/ws_moveit2/install/moveit_ros_control_interface/lib:/home/zx/ws_moveit2/install/moveit_simple_controller_manager/lib:/home/zx/ws_moveit2/install/moveit_setup_assistant/lib:/home/zx/ws_moveit2/install/moveit_setup_srdf_plugins/lib:/home/zx/ws_moveit2/install/moveit_setup_core_plugins/lib:/home/zx/ws_moveit2/install/moveit_setup_controllers/lib:/home/zx/ws_moveit2/install/moveit_setup_app_plugins/lib:/home/zx/ws_moveit2/install/moveit_setup_framework/lib:/home/zx/ws_moveit2/install/moveit_servo/lib:/home/zx/ws_moveit2/install/moveit_ros_visualization/lib:/home/zx/ws_moveit2/install/moveit_hybrid_planning/lib:/home/zx/ws_moveit2/install/moveit_ros_planning_interface/lib:/home/zx/ws_moveit2/install/moveit_ros_benchmarks/lib:/home/zx/ws_moveit2/install/moveit_ros_warehouse/lib:/home/zx/ws_moveit2/install/moveit_ros_robot_interaction/lib:/home/zx/ws_moveit2/install/moveit_ros_perception/lib:/home/zx/ws_moveit2/install/moveit_ros_move_group/lib:/home/zx/ws_moveit2/install/moveit_planners_ompl/lib:/home/zx/ws_moveit2/install/moveit_ros_planning/lib:/home/zx/ws_moveit2/install/moveit_ros_occupancy_map_monitor/lib:/home/zx/ws_moveit2/install/moveit_resources_prbt_ikfast_manipulator_plugin/lib:/home/zx/ws_moveit2/install/moveit_planners_chomp/lib:/home/zx/ws_moveit2/install/moveit_kinematics/lib:/home/zx/ws_moveit2/install/moveit_chomp_optimizer_adapter/lib:/home/zx/ws_moveit2/install/chomp_motion_planner/lib:/home/zx/ws_moveit2/install/moveit_core/lib:/home/zx/ws_moveit2/install/serial_can/lib:/home/zx/ws_moveit2/install/serial/lib:/home/zx/ws_moveit2/install/rviz_marker_tools/lib:/home/zx/ws_moveit2/install/rosparam_shortcuts/lib:/home/zx/ws_moveit2/install/moveit_task_constructor_msgs/lib:/opt/ros/humble/opt/rviz_ogre_vendor/lib:/opt/ros/humble/lib/x86_64-linux-gnu:/opt/ros/humble/lib /usr/bin/cmake --install /home/zx/ws_moveit2/build/moveit_core
[183.305s] -- Install configuration: "Release"
[183.305s] -- Installing: /home/zx/ws_moveit2/install/moveit_core/include/moveit/version.h
[183.305s] -- Up-to-date: /home/zx/ws_moveit2/install/moveit_core/include
[183.305s] -- Up-to-date: /home/zx/ws_moveit2/install/moveit_core/include/moveit
[183.305s] -- Installing: /home/zx/ws_moveit2/install/moveit_core/include/moveit/collision_distance_field
[183.305s] -- Installing: /home/zx/ws_moveit2/install/moveit_core/include/moveit/collision_distance_field/collision_env_hybrid.h
[183.305s] -- Installing: /home/zx/ws_moveit2/install/moveit_core/include/moveit/collision_distance_field/collision_detector_allocator_hybrid.h
[183.305s] -- Installing: /home/zx/ws_moveit2/install/moveit_core/include/moveit/collision_distance_field/collision_env_distance_field.h
[183.305s] -- Installing: /home/zx/ws_moveit2/install/moveit_core/include/moveit/collision_distance_field/collision_detector_allocator_distance_field.h
[183.305s] -- Installing: /home/zx/ws_moveit2/install/moveit_core/include/moveit/collision_distance_field/collision_distance_field_types.h
[183.305s] -- Installing: /home/zx/ws_moveit2/install/moveit_core/include/moveit/collision_distance_field/collision_common_distance_field.h
[183.305s] -- Installing: /home/zx/ws_moveit2/install/moveit_core/include/moveit_collision_distance_field_export.h
[183.306s] -- Up-to-date: /home/zx/ws_moveit2/install/moveit_core/include
[183.306s] -- Up-to-date: /home/zx/ws_moveit2/install/moveit_core/include/moveit
[183.306s] -- Installing: /home/zx/ws_moveit2/install/moveit_core/include/moveit/constraint_samplers
[183.306s] -- Installing: /home/zx/ws_moveit2/install/moveit_core/include/moveit/constraint_samplers/default_constraint_samplers.h
[183.306s] -- Installing: /home/zx/ws_moveit2/install/moveit_core/include/moveit/constraint_samplers/union_constraint_sampler.h
[183.306s] -- Installing: /home/zx/ws_moveit2/install/moveit_core/include/moveit/constraint_samplers/constraint_sampler_allocator.h
[183.306s] -- Installing: /home/zx/ws_moveit2/install/moveit_core/include/moveit/constraint_samplers/constraint_sampler.h
[183.306s] -- Installing: /home/zx/ws_moveit2/install/moveit_core/include/moveit/constraint_samplers/constraint_sampler_tools.h
[183.306s] -- Installing: /home/zx/ws_moveit2/install/moveit_core/include/moveit/constraint_samplers/constraint_sampler_manager.h
[183.306s] -- Up-to-date: /home/zx/ws_moveit2/install/moveit_core/include
[183.306s] -- Up-to-date: /home/zx/ws_moveit2/install/moveit_core/include/moveit
[183.306s] -- Installing: /home/zx/ws_moveit2/install/moveit_core/include/moveit/controller_manager
[183.306s] -- Installing: /home/zx/ws_moveit2/install/moveit_core/include/moveit/controller_manager/controller_manager.h
[183.309s] -- Up-to-date: /home/zx/ws_moveit2/install/moveit_core/include
[183.309s] -- Up-to-date: /home/zx/ws_moveit2/install/moveit_core/include/moveit
[183.309s] -- Installing: /home/zx/ws_moveit2/install/moveit_core/include/moveit/distance_field
[183.309s] -- Installing: /home/zx/ws_moveit2/install/moveit_core/include/moveit/distance_field/find_internal_points.h
[183.309s] -- Installing: /home/zx/ws_moveit2/install/moveit_core/include/moveit/distance_field/voxel_grid.h
[183.309s] -- Installing: /home/zx/ws_moveit2/install/moveit_core/include/moveit/distance_field/distance_field.h
[183.309s] -- Installing: /home/zx/ws_moveit2/install/moveit_core/include/moveit/distance_field/propagation_distance_field.h
[183.310s] -- Up-to-date: /home/zx/ws_moveit2/install/moveit_core/include
[183.310s] -- Up-to-date: /home/zx/ws_moveit2/install/moveit_core/include/moveit
[183.310s] -- Installing: /home/zx/ws_moveit2/install/moveit_core/include/moveit/dynamics_solver
[183.310s] -- Installing: /home/zx/ws_moveit2/install/moveit_core/include/moveit/dynamics_solver/dynamics_solver.h
[183.310s] -- Up-to-date: /home/zx/ws_moveit2/install/moveit_core/include
[183.310s] -- Up-to-date: /home/zx/ws_moveit2/install/moveit_core/include/moveit
[183.310s] -- Installing: /home/zx/ws_moveit2/install/moveit_core/include/moveit/exceptions
[183.310s] -- Installing: /home/zx/ws_moveit2/install/moveit_core/include/moveit/exceptions/exceptions.h
[183.310s] -- Up-to-date: /home/zx/ws_moveit2/install/moveit_core/include
[183.310s] -- Up-to-date: /home/zx/ws_moveit2/install/moveit_core/include/moveit
[183.310s] -- Installing: /home/zx/ws_moveit2/install/moveit_core/include/moveit/kinematics_base
[183.310s] -- Installing: /home/zx/ws_moveit2/install/moveit_core/include/moveit/kinematics_base/kinematics_base.h
[183.310s] -- Installing: /home/zx/ws_moveit2/install/moveit_core/include/moveit_kinematics_base_export.h
[183.310s] -- Up-to-date: /home/zx/ws_moveit2/install/moveit_core/include
[183.310s] -- Up-to-date: /home/zx/ws_moveit2/install/moveit_core/include/moveit
[183.310s] -- Installing: /home/zx/ws_moveit2/install/moveit_core/include/moveit/kinematic_constraints
[183.310s] -- Installing: /home/zx/ws_moveit2/install/moveit_core/include/moveit/kinematic_constraints/utils.h
[183.310s] -- Installing: /home/zx/ws_moveit2/install/moveit_core/include/moveit/kinematic_constraints/kinematic_constraint.h
[183.311s] -- Up-to-date: /home/zx/ws_moveit2/install/moveit_core/include
[183.311s] -- Up-to-date: /home/zx/ws_moveit2/install/moveit_core/include/moveit
[183.311s] -- Installing: /home/zx/ws_moveit2/install/moveit_core/include/moveit/kinematics_metrics
[183.311s] -- Installing: /home/zx/ws_moveit2/install/moveit_core/include/moveit/kinematics_metrics/kinematics_metrics.h
[183.311s] -- Up-to-date: /home/zx/ws_moveit2/install/moveit_core/include
[183.311s] -- Up-to-date: /home/zx/ws_moveit2/install/moveit_core/include/moveit
[183.311s] -- Installing: /home/zx/ws_moveit2/install/moveit_core/include/moveit/macros
[183.311s] -- Installing: /home/zx/ws_moveit2/install/moveit_core/include/moveit/macros/console_colors.h
[183.311s] -- Installing: /home/zx/ws_moveit2/install/moveit_core/include/moveit/macros/declare_ptr.h
[183.311s] -- Installing: /home/zx/ws_moveit2/install/moveit_core/include/moveit/macros/class_forward.h
[183.311s] -- Installing: /home/zx/ws_moveit2/install/moveit_core/include/moveit/macros/deprecation.h
[183.311s] -- Installing: /home/zx/ws_moveit2/install/moveit_core/include/moveit_butterworth_parameters
[183.311s] -- Installing: /home/zx/ws_moveit2/install/moveit_core/include/moveit_butterworth_parameters/moveit_butterworth_parameters.hpp
[183.311s] -- Up-to-date: /home/zx/ws_moveit2/install/moveit_core/include
[183.311s] -- Up-to-date: /home/zx/ws_moveit2/install/moveit_core/include/moveit
[183.311s] -- Installing: /home/zx/ws_moveit2/install/moveit_core/include/moveit/online_signal_smoothing
[183.312s] -- Installing: /home/zx/ws_moveit2/install/moveit_core/include/moveit/online_signal_smoothing/butterworth_filter.h
[183.312s] -- Installing: /home/zx/ws_moveit2/install/moveit_core/include/moveit/online_signal_smoothing/smoothing_base_class.h
[183.312s] -- Installing: /home/zx/ws_moveit2/install/moveit_core/include/moveit_smoothing_base_export.h
[183.312s] -- Installing: /home/zx/ws_moveit2/install/moveit_core/include/moveit_butterworth_filter_export.h
[183.312s] -- Up-to-date: /home/zx/ws_moveit2/install/moveit_core/include
[183.312s] -- Up-to-date: /home/zx/ws_moveit2/install/moveit_core/include/moveit
[183.312s] -- Installing: /home/zx/ws_moveit2/install/moveit_core/include/moveit/planning_interface
[183.312s] -- Installing: /home/zx/ws_moveit2/install/moveit_core/include/moveit/planning_interface/planning_response.h
[183.312s] -- Installing: /home/zx/ws_moveit2/install/moveit_core/include/moveit/planning_interface/planning_interface.h
[183.312s] -- Installing: /home/zx/ws_moveit2/install/moveit_core/include/moveit/planning_interface/planning_request.h
[183.312s] -- Up-to-date: /home/zx/ws_moveit2/install/moveit_core/include
[183.312s] -- Up-to-date: /home/zx/ws_moveit2/install/moveit_core/include/moveit
[183.312s] -- Installing: /home/zx/ws_moveit2/install/moveit_core/include/moveit/planning_request_adapter
[183.312s] -- Installing: /home/zx/ws_moveit2/install/moveit_core/include/moveit/planning_request_adapter/planning_request_adapter.h
[183.312s] -- Up-to-date: /home/zx/ws_moveit2/install/moveit_core/include
[183.312s] -- Up-to-date: /home/zx/ws_moveit2/install/moveit_core/include/moveit
[183.312s] -- Installing: /home/zx/ws_moveit2/install/moveit_core/include/moveit/planning_scene
[183.312s] -- Installing: /home/zx/ws_moveit2/install/moveit_core/include/moveit/planning_scene/planning_scene.h
[183.312s] -- Installing: /home/zx/ws_moveit2/install/moveit_core/include/moveit_planning_scene_export.h
[183.313s] -- Up-to-date: /home/zx/ws_moveit2/install/moveit_core/include
[183.313s] -- Up-to-date: /home/zx/ws_moveit2/install/moveit_core/include/moveit
[183.313s] -- Installing: /home/zx/ws_moveit2/install/moveit_core/include/moveit/robot_model
[183.313s] -- Installing: /home/zx/ws_moveit2/install/moveit_core/include/moveit/robot_model/prismatic_joint_model.h
[183.313s] -- Installing: /home/zx/ws_moveit2/install/moveit_core/include/moveit/robot_model/fixed_joint_model.h
[183.313s] -- Installing: /home/zx/ws_moveit2/install/moveit_core/include/moveit/robot_model/floating_joint_model.h
[183.313s] -- Installing: /home/zx/ws_moveit2/install/moveit_core/include/moveit/robot_model/joint_model_group.h
[183.313s] -- Installing: /home/zx/ws_moveit2/install/moveit_core/include/moveit/robot_model/revolute_joint_model.h
[183.313s] -- Installing: /home/zx/ws_moveit2/install/moveit_core/include/moveit/robot_model/joint_model.h
[183.313s] -- Installing: /home/zx/ws_moveit2/install/moveit_core/include/moveit/robot_model/aabb.h
[183.313s] -- Installing: /home/zx/ws_moveit2/install/moveit_core/include/moveit/robot_model/link_model.h
[183.313s] -- Installing: /home/zx/ws_moveit2/install/moveit_core/include/moveit/robot_model/planar_joint_model.h
[183.313s] -- Installing: /home/zx/ws_moveit2/install/moveit_core/include/moveit/robot_model/robot_model.h
[183.313s] -- Up-to-date: /home/zx/ws_moveit2/install/moveit_core/include
[183.313s] -- Up-to-date: /home/zx/ws_moveit2/install/moveit_core/include/moveit
[183.313s] -- Installing: /home/zx/ws_moveit2/install/moveit_core/include/moveit/robot_state
[183.313s] -- Installing: /home/zx/ws_moveit2/install/moveit_core/include/moveit/robot_state/attached_body.h
[183.314s] -- Installing: /home/zx/ws_moveit2/install/moveit_core/include/moveit/robot_state/cartesian_interpolator.h
[183.314s] -- Installing: /home/zx/ws_moveit2/install/moveit_core/include/moveit/robot_state/conversions.h
[183.314s] -- Installing: /home/zx/ws_moveit2/install/moveit_core/include/moveit/robot_state/robot_state.h
[183.314s] -- Up-to-date: /home/zx/ws_moveit2/install/moveit_core/include
[183.314s] -- Up-to-date: /home/zx/ws_moveit2/install/moveit_core/include/moveit
[183.314s] -- Installing: /home/zx/ws_moveit2/install/moveit_core/include/moveit/robot_trajectory
[183.314s] -- Installing: /home/zx/ws_moveit2/install/moveit_core/include/moveit/robot_trajectory/robot_trajectory.h
[183.314s] -- Up-to-date: /home/zx/ws_moveit2/install/moveit_core/include
[183.314s] -- Up-to-date: /home/zx/ws_moveit2/install/moveit_core/include/moveit
[183.314s] -- Installing: /home/zx/ws_moveit2/install/moveit_core/include/moveit/sensor_manager
[183.314s] -- Installing: /home/zx/ws_moveit2/install/moveit_core/include/moveit/sensor_manager/sensor_manager.h
[183.315s] -- Up-to-date: /home/zx/ws_moveit2/install/moveit_core/include
[183.315s] -- Up-to-date: /home/zx/ws_moveit2/install/moveit_core/include/moveit
[183.315s] -- Installing: /home/zx/ws_moveit2/install/moveit_core/include/moveit/trajectory_processing
[183.315s] -- Installing: /home/zx/ws_moveit2/install/moveit_core/include/moveit/trajectory_processing/time_optimal_trajectory_generation.h
[183.315s] -- Installing: /home/zx/ws_moveit2/install/moveit_core/include/moveit/trajectory_processing/ruckig_traj_smoothing.h
[183.315s] -- Installing: /home/zx/ws_moveit2/install/moveit_core/include/moveit/trajectory_processing/trajectory_tools.h
[183.315s] -- Installing: /home/zx/ws_moveit2/install/moveit_core/include/moveit/trajectory_processing/time_parameterization.h
[183.315s] -- Installing: /home/zx/ws_moveit2/install/moveit_core/include/moveit/trajectory_processing/iterative_spline_parameterization.h
[183.315s] -- Installing: /home/zx/ws_moveit2/install/moveit_core/include/moveit/trajectory_processing/iterative_time_parameterization.h
[183.315s] -- Up-to-date: /home/zx/ws_moveit2/install/moveit_core/include
[183.315s] -- Up-to-date: /home/zx/ws_moveit2/install/moveit_core/include/moveit
[183.315s] -- Installing: /home/zx/ws_moveit2/install/moveit_core/include/moveit/transforms
[183.315s] -- Installing: /home/zx/ws_moveit2/install/moveit_core/include/moveit/transforms/transforms.h
[183.316s] -- Up-to-date: /home/zx/ws_moveit2/install/moveit_core/include
[183.316s] -- Up-to-date: /home/zx/ws_moveit2/install/moveit_core/include/moveit
[183.316s] -- Installing: /home/zx/ws_moveit2/install/moveit_core/include/moveit/utils
[183.316s] -- Installing: /home/zx/ws_moveit2/install/moveit_core/include/moveit/utils/rclcpp_utils.h
[183.316s] -- Installing: /home/zx/ws_moveit2/install/moveit_core/include/moveit/utils/lexical_casts.h
[183.316s] -- Installing: /home/zx/ws_moveit2/install/moveit_core/include/moveit/utils/robot_model_test_utils.h
[183.316s] -- Installing: /home/zx/ws_moveit2/install/moveit_core/include/moveit/utils/moveit_error_code.h
[183.316s] -- Installing: /home/zx/ws_moveit2/install/moveit_core/include/moveit/utils/message_checks.h
[183.316s] -- Installing: /home/zx/ws_moveit2/install/moveit_core/bin/moveit_version
[183.317s] -- Up-to-date: /home/zx/ws_moveit2/install/moveit_core/include
[183.317s] -- Up-to-date: /home/zx/ws_moveit2/install/moveit_core/include/moveit
[183.317s] -- Installing: /home/zx/ws_moveit2/install/moveit_core/include/moveit/collision_detection
[183.317s] -- Installing: /home/zx/ws_moveit2/install/moveit_core/include/moveit/collision_detection/world.h
[183.317s] -- Installing: /home/zx/ws_moveit2/install/moveit_core/include/moveit/collision_detection/world_diff.h
[183.317s] -- Installing: /home/zx/ws_moveit2/install/moveit_core/include/moveit/collision_detection/collision_octomap_filter.h
[183.317s] -- Installing: /home/zx/ws_moveit2/install/moveit_core/include/moveit/collision_detection/collision_common.h
[183.317s] -- Installing: /home/zx/ws_moveit2/install/moveit_core/include/moveit/collision_detection/test_collision_common_pr2.h
[183.317s] -- Installing: /home/zx/ws_moveit2/install/moveit_core/include/moveit/collision_detection/collision_plugin_cache.h
[183.317s] -- Installing: /home/zx/ws_moveit2/install/moveit_core/include/moveit/collision_detection/collision_tools.h
[183.317s] -- Installing: /home/zx/ws_moveit2/install/moveit_core/include/moveit/collision_detection/collision_matrix.h
[183.317s] -- Installing: /home/zx/ws_moveit2/install/moveit_core/include/moveit/collision_detection/collision_plugin.h
[183.317s] -- Installing: /home/zx/ws_moveit2/install/moveit_core/include/moveit/collision_detection/collision_env.h
[183.317s] -- Installing: /home/zx/ws_moveit2/install/moveit_core/include/moveit/collision_detection/test_collision_common_panda.h
[183.317s] -- Installing: /home/zx/ws_moveit2/install/moveit_core/include/moveit/collision_detection/allvalid
[183.317s] -- Installing: /home/zx/ws_moveit2/install/moveit_core/include/moveit/collision_detection/allvalid/collision_detector_allocator_allvalid.h
[183.317s] -- Installing: /home/zx/ws_moveit2/install/moveit_core/include/moveit/collision_detection/allvalid/collision_env_allvalid.h
[183.317s] -- Installing: /home/zx/ws_moveit2/install/moveit_core/include/moveit/collision_detection/collision_detector_allocator.h
[183.318s] -- Installing: /home/zx/ws_moveit2/install/moveit_core/include/moveit/collision_detection/occupancy_map.h
[183.318s] -- Installing: /home/zx/ws_moveit2/install/moveit_core/include/moveit_collision_detection_export.h
[183.318s] -- Installing: /home/zx/ws_moveit2/install/moveit_core/include/moveit_core
[183.318s] -- Installing: /home/zx/ws_moveit2/install/moveit_core/include/moveit_core/moveit
[183.318s] -- Installing: /home/zx/ws_moveit2/install/moveit_core/include/moveit_core/moveit/collision_detection_bullet
[183.318s] -- Installing: /home/zx/ws_moveit2/install/moveit_core/include/moveit_core/moveit/collision_detection_bullet/bullet_integration
[183.318s] -- Installing: /home/zx/ws_moveit2/install/moveit_core/include/moveit_core/moveit/collision_detection_bullet/bullet_integration/bullet_cast_bvh_manager.h
[183.318s] -- Installing: /home/zx/ws_moveit2/install/moveit_core/include/moveit_core/moveit/collision_detection_bullet/bullet_integration/bullet_discrete_bvh_manager.h
[183.318s] -- Installing: /home/zx/ws_moveit2/install/moveit_core/include/moveit_core/moveit/collision_detection_bullet/bullet_integration/contact_checker_common.h
[183.318s] -- Installing: /home/zx/ws_moveit2/install/moveit_core/include/moveit_core/moveit/collision_detection_bullet/bullet_integration/basic_types.h
[183.318s] -- Installing: /home/zx/ws_moveit2/install/moveit_core/include/moveit_core/moveit/collision_detection_bullet/bullet_integration/bullet_bvh_manager.h
[183.318s] -- Installing: /home/zx/ws_moveit2/install/moveit_core/include/moveit_core/moveit/collision_detection_bullet/bullet_integration/ros_bullet_utils.h
[183.318s] -- Installing: /home/zx/ws_moveit2/install/moveit_core/include/moveit_core/moveit/collision_detection_bullet/bullet_integration/bullet_utils.h
[183.318s] -- Installing: /home/zx/ws_moveit2/install/moveit_core/include/moveit_core/moveit/collision_detection_bullet/collision_env_bullet.h
[183.318s] -- Installing: /home/zx/ws_moveit2/install/moveit_core/include/moveit_core/moveit/collision_detection_bullet/collision_detector_allocator_bullet.h
[183.318s] -- Installing: /home/zx/ws_moveit2/install/moveit_core/include/moveit_core/moveit/collision_detection_bullet/collision_detector_bullet_plugin_loader.h
[183.318s] -- Installing: /home/zx/ws_moveit2/install/moveit_core/include/moveit_core/moveit_collision_detection_bullet_export.h
[183.319s] -- Up-to-date: /home/zx/ws_moveit2/install/moveit_core/include
[183.319s] -- Up-to-date: /home/zx/ws_moveit2/install/moveit_core/include/moveit
[183.319s] -- Installing: /home/zx/ws_moveit2/install/moveit_core/include/moveit/collision_detection_fcl
[183.319s] -- Installing: /home/zx/ws_moveit2/install/moveit_core/include/moveit/collision_detection_fcl/fcl_compat.h
[183.319s] -- Installing: /home/zx/ws_moveit2/install/moveit_core/include/moveit/collision_detection_fcl/collision_detector_allocator_fcl.h
[183.319s] -- Installing: /home/zx/ws_moveit2/install/moveit_core/include/moveit/collision_detection_fcl/collision_common.h
[183.319s] -- Installing: /home/zx/ws_moveit2/install/moveit_core/include/moveit/collision_detection_fcl/collision_env_fcl.h
[183.319s] -- Installing: /home/zx/ws_moveit2/install/moveit_core/include/moveit/collision_detection_fcl/collision_detector_fcl_plugin_loader.h
[183.319s] -- Installing: /home/zx/ws_moveit2/install/moveit_core/include/moveit_collision_detection_fcl_export.h
[183.319s] -- Installing: /home/zx/ws_moveit2/install/moveit_core/lib/libcollision_detector_bullet_plugin.so.2.5.4
[183.319s] -- Set runtime path of "/home/zx/ws_moveit2/install/moveit_core/lib/libcollision_detector_bullet_plugin.so.2.5.4" to ""
[183.319s] -- Installing: /home/zx/ws_moveit2/install/moveit_core/lib/libcollision_detector_bullet_plugin.so
[183.320s] -- Installing: /home/zx/ws_moveit2/install/moveit_core/lib/libmoveit_butterworth_filter.so.2.5.4
[183.320s] -- Set runtime path of "/home/zx/ws_moveit2/install/moveit_core/lib/libmoveit_butterworth_filter.so.2.5.4" to ""
[183.320s] -- Installing: /home/zx/ws_moveit2/install/moveit_core/lib/libmoveit_butterworth_filter.so
[183.320s] -- Installing: /home/zx/ws_moveit2/install/moveit_core/lib/libmoveit_collision_distance_field.so.2.5.4
[183.321s] -- Set runtime path of "/home/zx/ws_moveit2/install/moveit_core/lib/libmoveit_collision_distance_field.so.2.5.4" to ""
[183.321s] -- Installing: /home/zx/ws_moveit2/install/moveit_core/lib/libmoveit_collision_distance_field.so
[183.321s] -- Installing: /home/zx/ws_moveit2/install/moveit_core/lib/libmoveit_collision_detection.so.2.5.4
[183.321s] -- Set runtime path of "/home/zx/ws_moveit2/install/moveit_core/lib/libmoveit_collision_detection.so.2.5.4" to ""
[183.322s] -- Installing: /home/zx/ws_moveit2/install/moveit_core/lib/libmoveit_collision_detection.so
[183.322s] -- Installing: /home/zx/ws_moveit2/install/moveit_core/lib/libmoveit_collision_detection_fcl.so.2.5.4
[183.322s] -- Set runtime path of "/home/zx/ws_moveit2/install/moveit_core/lib/libmoveit_collision_detection_fcl.so.2.5.4" to ""
[183.322s] -- Installing: /home/zx/ws_moveit2/install/moveit_core/lib/libmoveit_collision_detection_fcl.so
[183.322s] -- Installing: /home/zx/ws_moveit2/install/moveit_core/lib/libmoveit_collision_detection_bullet.so.2.5.4
[183.323s] -- Set runtime path of "/home/zx/ws_moveit2/install/moveit_core/lib/libmoveit_collision_detection_bullet.so.2.5.4" to ""
[183.323s] -- Installing: /home/zx/ws_moveit2/install/moveit_core/lib/libmoveit_collision_detection_bullet.so
[183.323s] -- Installing: /home/zx/ws_moveit2/install/moveit_core/lib/libmoveit_dynamics_solver.so.2.5.4
[183.323s] -- Set runtime path of "/home/zx/ws_moveit2/install/moveit_core/lib/libmoveit_dynamics_solver.so.2.5.4" to ""
[183.323s] -- Installing: /home/zx/ws_moveit2/install/moveit_core/lib/libmoveit_dynamics_solver.so
[183.323s] -- Installing: /home/zx/ws_moveit2/install/moveit_core/lib/libmoveit_constraint_samplers.so.2.5.4
[183.324s] -- Set runtime path of "/home/zx/ws_moveit2/install/moveit_core/lib/libmoveit_constraint_samplers.so.2.5.4" to ""
[183.324s] -- Installing: /home/zx/ws_moveit2/install/moveit_core/lib/libmoveit_constraint_samplers.so
[183.324s] -- Installing: /home/zx/ws_moveit2/install/moveit_core/lib/libmoveit_distance_field.so.2.5.4
[183.324s] -- Set runtime path of "/home/zx/ws_moveit2/install/moveit_core/lib/libmoveit_distance_field.so.2.5.4" to ""
[183.324s] -- Installing: /home/zx/ws_moveit2/install/moveit_core/lib/libmoveit_distance_field.so
[183.325s] -- Installing: /home/zx/ws_moveit2/install/moveit_core/lib/libmoveit_exceptions.so.2.5.4
[183.325s] -- Set runtime path of "/home/zx/ws_moveit2/install/moveit_core/lib/libmoveit_exceptions.so.2.5.4" to ""
[183.325s] -- Installing: /home/zx/ws_moveit2/install/moveit_core/lib/libmoveit_exceptions.so
[183.325s] -- Installing: /home/zx/ws_moveit2/install/moveit_core/lib/libmoveit_kinematics_base.so
[183.325s] -- Set runtime path of "/home/zx/ws_moveit2/install/moveit_core/lib/libmoveit_kinematics_base.so" to ""
[183.325s] -- Installing: /home/zx/ws_moveit2/install/moveit_core/lib/libmoveit_kinematic_constraints.so.2.5.4
[183.326s] -- Set runtime path of "/home/zx/ws_moveit2/install/moveit_core/lib/libmoveit_kinematic_constraints.so.2.5.4" to ""
[183.326s] -- Installing: /home/zx/ws_moveit2/install/moveit_core/lib/libmoveit_kinematic_constraints.so
[183.326s] -- Installing: /home/zx/ws_moveit2/install/moveit_core/lib/libmoveit_kinematics_metrics.so.2.5.4
[183.326s] -- Set runtime path of "/home/zx/ws_moveit2/install/moveit_core/lib/libmoveit_kinematics_metrics.so.2.5.4" to ""
[183.326s] -- Installing: /home/zx/ws_moveit2/install/moveit_core/lib/libmoveit_kinematics_metrics.so
[183.326s] -- Installing: /home/zx/ws_moveit2/install/moveit_core/lib/libmoveit_planning_interface.so.2.5.4
[183.327s] -- Set runtime path of "/home/zx/ws_moveit2/install/moveit_core/lib/libmoveit_planning_interface.so.2.5.4" to ""
[183.327s] -- Installing: /home/zx/ws_moveit2/install/moveit_core/lib/libmoveit_planning_interface.so
[183.327s] -- Installing: /home/zx/ws_moveit2/install/moveit_core/lib/libmoveit_planning_scene.so.2.5.4
[183.327s] -- Set runtime path of "/home/zx/ws_moveit2/install/moveit_core/lib/libmoveit_planning_scene.so.2.5.4" to ""
[183.327s] -- Installing: /home/zx/ws_moveit2/install/moveit_core/lib/libmoveit_planning_scene.so
[183.328s] -- Installing: /home/zx/ws_moveit2/install/moveit_core/lib/libmoveit_planning_request_adapter.so.2.5.4
[183.328s] -- Set runtime path of "/home/zx/ws_moveit2/install/moveit_core/lib/libmoveit_planning_request_adapter.so.2.5.4" to ""
[183.328s] -- Installing: /home/zx/ws_moveit2/install/moveit_core/lib/libmoveit_planning_request_adapter.so
[183.328s] -- Installing: /home/zx/ws_moveit2/install/moveit_core/lib/libmoveit_robot_model.so.2.5.4
[183.329s] -- Set runtime path of "/home/zx/ws_moveit2/install/moveit_core/lib/libmoveit_robot_model.so.2.5.4" to ""
[183.329s] -- Installing: /home/zx/ws_moveit2/install/moveit_core/lib/libmoveit_robot_model.so
[183.329s] -- Installing: /home/zx/ws_moveit2/install/moveit_core/lib/libmoveit_robot_state.so.2.5.4
[183.329s] -- Set runtime path of "/home/zx/ws_moveit2/install/moveit_core/lib/libmoveit_robot_state.so.2.5.4" to ""
[183.329s] -- Installing: /home/zx/ws_moveit2/install/moveit_core/lib/libmoveit_robot_state.so
[183.330s] -- Installing: /home/zx/ws_moveit2/install/moveit_core/lib/libmoveit_robot_trajectory.so.2.5.4
[183.330s] -- Set runtime path of "/home/zx/ws_moveit2/install/moveit_core/lib/libmoveit_robot_trajectory.so.2.5.4" to ""
[183.330s] -- Installing: /home/zx/ws_moveit2/install/moveit_core/lib/libmoveit_robot_trajectory.so
[183.330s] -- Installing: /home/zx/ws_moveit2/install/moveit_core/lib/libmoveit_smoothing_base.so.2.5.4
[183.330s] -- Set runtime path of "/home/zx/ws_moveit2/install/moveit_core/lib/libmoveit_smoothing_base.so.2.5.4" to ""
[183.330s] -- Installing: /home/zx/ws_moveit2/install/moveit_core/lib/libmoveit_smoothing_base.so
[183.330s] -- Installing: /home/zx/ws_moveit2/install/moveit_core/lib/libmoveit_test_utils.so.2.5.4
[183.331s] -- Set runtime path of "/home/zx/ws_moveit2/install/moveit_core/lib/libmoveit_test_utils.so.2.5.4" to ""
[183.331s] -- Installing: /home/zx/ws_moveit2/install/moveit_core/lib/libmoveit_test_utils.so
[183.331s] -- Installing: /home/zx/ws_moveit2/install/moveit_core/lib/libmoveit_trajectory_processing.so.2.5.4
[183.332s] -- Set runtime path of "/home/zx/ws_moveit2/install/moveit_core/lib/libmoveit_trajectory_processing.so.2.5.4" to ""
[183.332s] -- Installing: /home/zx/ws_moveit2/install/moveit_core/lib/libmoveit_trajectory_processing.so
[183.332s] -- Installing: /home/zx/ws_moveit2/install/moveit_core/lib/libmoveit_transforms.so.2.5.4
[183.332s] -- Set runtime path of "/home/zx/ws_moveit2/install/moveit_core/lib/libmoveit_transforms.so.2.5.4" to ""
[183.332s] -- Installing: /home/zx/ws_moveit2/install/moveit_core/lib/libmoveit_transforms.so
[183.332s] -- Installing: /home/zx/ws_moveit2/install/moveit_core/lib/libmoveit_utils.so.2.5.4
[183.333s] -- Set runtime path of "/home/zx/ws_moveit2/install/moveit_core/lib/libmoveit_utils.so.2.5.4" to ""
[183.333s] -- Installing: /home/zx/ws_moveit2/install/moveit_core/lib/libmoveit_utils.so
[183.333s] -- Installing: /home/zx/ws_moveit2/install/moveit_core/share/moveit_core/environment/library_path.sh
[183.333s] -- Installing: /home/zx/ws_moveit2/install/moveit_core/share/moveit_core/environment/library_path.dsv
[183.333s] -- Installing: /home/zx/ws_moveit2/install/moveit_core/share/moveit_core/collision_detector_fcl_description.xml
[183.333s] -- Installing: /home/zx/ws_moveit2/install/moveit_core/share/moveit_core/collision_detector_bullet_description.xml
[183.333s] -- Installing: /home/zx/ws_moveit2/install/moveit_core/share/moveit_core/filter_plugin_butterworth.xml
[183.333s] -- Installing: /home/zx/ws_moveit2/install/moveit_core/share/ament_index/resource_index/package_run_dependencies/moveit_core
[183.334s] -- Installing: /home/zx/ws_moveit2/install/moveit_core/share/ament_index/resource_index/parent_prefix_path/moveit_core
[183.334s] -- Installing: /home/zx/ws_moveit2/install/moveit_core/share/moveit_core/environment/ament_prefix_path.sh
[183.334s] -- Installing: /home/zx/ws_moveit2/install/moveit_core/share/moveit_core/environment/ament_prefix_path.dsv
[183.334s] -- Installing: /home/zx/ws_moveit2/install/moveit_core/share/moveit_core/environment/path.sh
[183.334s] -- Installing: /home/zx/ws_moveit2/install/moveit_core/share/moveit_core/environment/path.dsv
[183.334s] -- Installing: /home/zx/ws_moveit2/install/moveit_core/share/moveit_core/local_setup.bash
[183.334s] -- Installing: /home/zx/ws_moveit2/install/moveit_core/share/moveit_core/local_setup.sh
[183.334s] -- Installing: /home/zx/ws_moveit2/install/moveit_core/share/moveit_core/local_setup.zsh
[183.334s] -- Installing: /home/zx/ws_moveit2/install/moveit_core/share/moveit_core/local_setup.dsv
[183.334s] -- Installing: /home/zx/ws_moveit2/install/moveit_core/share/moveit_core/package.dsv
[183.335s] -- Installing: /home/zx/ws_moveit2/install/moveit_core/share/ament_index/resource_index/packages/moveit_core
[183.335s] -- Installing: /home/zx/ws_moveit2/install/moveit_core/share/ament_index/resource_index/moveit_core__pluginlib__plugin/moveit_core
[183.335s] -- Installing: /home/zx/ws_moveit2/install/moveit_core/share/moveit_core/cmake/export_moveit_coreExport.cmake
[183.335s] -- Installing: /home/zx/ws_moveit2/install/moveit_core/share/moveit_core/cmake/export_moveit_coreExport-release.cmake
[183.335s] -- Installing: /home/zx/ws_moveit2/install/moveit_core/share/moveit_core/cmake/ConfigExtras.cmake
[183.335s] -- Installing: /home/zx/ws_moveit2/install/moveit_core/share/moveit_core/cmake/ament_cmake_export_targets-extras.cmake
[183.335s] -- Installing: /home/zx/ws_moveit2/install/moveit_core/share/moveit_core/cmake/ament_cmake_export_dependencies-extras.cmake
[183.335s] -- Installing: /home/zx/ws_moveit2/install/moveit_core/share/moveit_core/cmake/moveit_coreConfig.cmake
[183.336s] -- Installing: /home/zx/ws_moveit2/install/moveit_core/share/moveit_core/cmake/moveit_coreConfig-version.cmake
[183.336s] -- Installing: /home/zx/ws_moveit2/install/moveit_core/share/moveit_core/package.xml
[183.339s] Invoked command in '/home/zx/ws_moveit2/build/moveit_core' returned '0': CMAKE_PREFIX_PATH=/home/zx/ws_moveit2/install/moveit_resources_panda_moveit_config:/home/zx/ws_moveit2/install/srdfdom:/home/zx/ws_moveit2/install/moveit_resources_pr2_description:/home/zx/ws_moveit2/install/moveit_resources_panda_description:/home/zx/ws_moveit2/install/moveit_common:/home/zx/ws_moveit2/install/urdf_2:/home/zx/ws_moveit2/install/pilz_industrial_motion_planner_testutils:/home/zx/ws_moveit2/install/moveit_runtime:/home/zx/ws_moveit2/install/moveit2_tutorials:/home/zx/ws_moveit2/install/moveit:/home/zx/ws_moveit2/install/moveit_planners:/home/zx/ws_moveit2/install/pilz_industrial_motion_planner:/home/zx/ws_moveit2/install/moveit_visual_tools:/home/zx/ws_moveit2/install/moveit_task_constructor_visualization:/home/zx/ws_moveit2/install/moveit_task_constructor_demo:/home/zx/ws_moveit2/install/moveit_task_constructor_capabilities:/home/zx/ws_moveit2/install/moveit_task_constructor_core:/home/zx/ws_moveit2/install/moveit_ros_control_interface:/home/zx/ws_moveit2/install/moveit_plugins:/home/zx/ws_moveit2/install/moveit_simple_controller_manager:/home/zx/ws_moveit2/install/moveit_setup_assistant:/home/zx/ws_moveit2/install/moveit_setup_srdf_plugins:/home/zx/ws_moveit2/install/moveit_setup_core_plugins:/home/zx/ws_moveit2/install/moveit_setup_controllers:/home/zx/ws_moveit2/install/moveit_setup_app_plugins:/home/zx/ws_moveit2/install/moveit_setup_framework:/home/zx/ws_moveit2/install/moveit_servo:/home/zx/ws_moveit2/install/moveit_ros:/home/zx/ws_moveit2/install/moveit_ros_visualization:/home/zx/ws_moveit2/install/moveit_hybrid_planning:/home/zx/ws_moveit2/install/moveit_ros_planning_interface:/home/zx/ws_moveit2/install/moveit_ros_benchmarks:/home/zx/ws_moveit2/install/moveit_ros_warehouse:/home/zx/ws_moveit2/install/moveit_ros_robot_interaction:/home/zx/ws_moveit2/install/moveit_ros_perception:/home/zx/ws_moveit2/install/moveit_resources_prbt_pg70_support:/home/zx/ws_moveit2/install/moveit_resources_prbt_moveit_config:/home/zx/ws_moveit2/install/moveit_ros_move_group:/home/zx/ws_moveit2/install/moveit_planners_ompl:/home/zx/ws_moveit2/install/moveit_ros_planning:/home/zx/ws_moveit2/install/moveit_ros_occupancy_map_monitor:/home/zx/ws_moveit2/install/moveit_resources_prbt_ikfast_manipulator_plugin:/home/zx/ws_moveit2/install/moveit_planners_chomp:/home/zx/ws_moveit2/install/moveit_kinematics:/home/zx/ws_moveit2/install/moveit_chomp_optimizer_adapter:/home/zx/ws_moveit2/install/chomp_motion_planner:/home/zx/ws_moveit2/install/moveit_core:/home/zx/ws_moveit2/install/serial_demo:/home/zx/ws_moveit2/install/serial_can:/home/zx/ws_moveit2/install/serial:/home/zx/ws_moveit2/install/rviz_marker_tools:/home/zx/ws_moveit2/install/rosparam_shortcuts:/home/zx/ws_moveit2/install/moveit_task_constructor_msgs:/home/zx/ws_moveit2/install/moveit_resources_prbt_support:/home/zx/ws_moveit2/install/moveit_resources:/home/zx/ws_moveit2/install/moveit_resources_fanuc_moveit_config:/home/zx/ws_moveit2/install/moveit_resources_fanuc_description:/home/zx/ws_moveit2/install/tihu_2:/home/zx/ws_moveit2/install/moveit_configs_utils:/home/zx/ws_moveit2/install/launch_param_builder:/opt/ros/humble LD_LIBRARY_PATH=/home/zx/ws_moveit2/install/srdfdom/lib:/home/zx/ws_moveit2/install/pilz_industrial_motion_planner_testutils/lib:/home/zx/ws_moveit2/install/pilz_industrial_motion_planner/lib:/home/zx/ws_moveit2/install/moveit_visual_tools/lib:/home/zx/ws_moveit2/install/moveit_task_constructor_visualization/lib:/home/zx/ws_moveit2/install/moveit_task_constructor_demo/lib:/home/zx/ws_moveit2/install/moveit_task_constructor_capabilities/lib:/home/zx/ws_moveit2/install/moveit_task_constructor_core/lib:/home/zx/ws_moveit2/install/moveit_ros_control_interface/lib:/home/zx/ws_moveit2/install/moveit_simple_controller_manager/lib:/home/zx/ws_moveit2/install/moveit_setup_assistant/lib:/home/zx/ws_moveit2/install/moveit_setup_srdf_plugins/lib:/home/zx/ws_moveit2/install/moveit_setup_core_plugins/lib:/home/zx/ws_moveit2/install/moveit_setup_controllers/lib:/home/zx/ws_moveit2/install/moveit_setup_app_plugins/lib:/home/zx/ws_moveit2/install/moveit_setup_framework/lib:/home/zx/ws_moveit2/install/moveit_servo/lib:/home/zx/ws_moveit2/install/moveit_ros_visualization/lib:/home/zx/ws_moveit2/install/moveit_hybrid_planning/lib:/home/zx/ws_moveit2/install/moveit_ros_planning_interface/lib:/home/zx/ws_moveit2/install/moveit_ros_benchmarks/lib:/home/zx/ws_moveit2/install/moveit_ros_warehouse/lib:/home/zx/ws_moveit2/install/moveit_ros_robot_interaction/lib:/home/zx/ws_moveit2/install/moveit_ros_perception/lib:/home/zx/ws_moveit2/install/moveit_ros_move_group/lib:/home/zx/ws_moveit2/install/moveit_planners_ompl/lib:/home/zx/ws_moveit2/install/moveit_ros_planning/lib:/home/zx/ws_moveit2/install/moveit_ros_occupancy_map_monitor/lib:/home/zx/ws_moveit2/install/moveit_resources_prbt_ikfast_manipulator_plugin/lib:/home/zx/ws_moveit2/install/moveit_planners_chomp/lib:/home/zx/ws_moveit2/install/moveit_kinematics/lib:/home/zx/ws_moveit2/install/moveit_chomp_optimizer_adapter/lib:/home/zx/ws_moveit2/install/chomp_motion_planner/lib:/home/zx/ws_moveit2/install/moveit_core/lib:/home/zx/ws_moveit2/install/serial_can/lib:/home/zx/ws_moveit2/install/serial/lib:/home/zx/ws_moveit2/install/rviz_marker_tools/lib:/home/zx/ws_moveit2/install/rosparam_shortcuts/lib:/home/zx/ws_moveit2/install/moveit_task_constructor_msgs/lib:/opt/ros/humble/opt/rviz_ogre_vendor/lib:/opt/ros/humble/lib/x86_64-linux-gnu:/opt/ros/humble/lib /usr/bin/cmake --install /home/zx/ws_moveit2/build/moveit_core
