[0.010s] Invoking command in '/home/zx/ws_moveit2/src/build/rviz_marker_tools': AMENT_PREFIX_PATH=/home/zx/ws_moveit2/src/install/moveit_common:${AMENT_PREFIX_PATH} CMAKE_PREFIX_PATH=/home/zx/ws_moveit2/src/install/moveit_common:/opt/ros/humble /usr/bin/cmake /home/zx/ws_moveit2/src/moveit_task_constructor/rviz_marker_tools -DCMAKE_BUILD_TYPE=Release -DCMAKE_INSTALL_PREFIX=/home/zx/ws_moveit2/src/install/rviz_marker_tools
[0.063s] -- The C compiler identification is GNU 11.4.0
[0.123s] -- The CXX compiler identification is GNU 11.4.0
[0.134s] -- Detecting C compiler ABI info
[0.205s] -- Detecting C compiler ABI info - done
[0.215s] -- Check for working C compiler: /usr/bin/cc - skipped
[0.215s] -- Detecting C compile features
[0.216s] -- Detecting C compile features - done
[0.220s] -- Detecting CXX compiler ABI info
[0.309s] -- Detecting CXX compiler ABI info - done
[0.321s] -- Check for working CXX compiler: /usr/bin/c++ - skipped
[0.321s] -- Detecting CXX compile features
[0.322s] -- Detecting CXX compile features - done
[0.325s] -- Found ament_cmake: 1.3.5 (/opt/ros/humble/share/ament_cmake/cmake)
[0.524s] -- Found Python3: /usr/bin/python3.10 (found version "3.10.12") found components: Interpreter 
[0.612s] -- Found moveit_common: 2.5.4 (/home/zx/ws_moveit2/src/install/moveit_common/share/moveit_common/cmake)
[0.678s] -- Found libdw: /usr/lib/x86_64-linux-gnu/libdw.so  
[0.686s] -- Could NOT find libbfd (missing: LIBBFD_LIBRARY LIBBFD_INCLUDE_DIR) 
[0.686s] -- BACKWARD_HAS_UNWIND=1
[0.686s] -- BACKWARD_HAS_BACKTRACE=0
[0.686s] -- BACKWARD_HAS_BACKTRACE_SYMBOL=0
[0.686s] -- BACKWARD_HAS_DW=1
[0.686s] -- BACKWARD_HAS_BFD=0
[0.687s] -- Found Backward: /opt/ros/humble/share/backward_ros/cmake  
[0.689s] -- Found eigen3_cmake_module: 0.1.1 (/opt/ros/humble/share/eigen3_cmake_module/cmake)
[0.695s] -- Found Eigen3: TRUE (found version "3.4.0") 
[0.696s] -- Found geometry_msgs: 4.2.3 (/opt/ros/humble/share/geometry_msgs/cmake)
[0.727s] -- Found rosidl_generator_c: 3.1.5 (/opt/ros/humble/share/rosidl_generator_c/cmake)
[0.731s] -- Found rosidl_adapter: 3.1.5 (/opt/ros/humble/share/rosidl_adapter/cmake)
[0.739s] -- Found rosidl_generator_cpp: 3.1.5 (/opt/ros/humble/share/rosidl_generator_cpp/cmake)
[0.749s] -- Using all available rosidl_typesupport_c: rosidl_typesupport_fastrtps_c;rosidl_typesupport_introspection_c
[0.767s] -- Using all available rosidl_typesupport_cpp: rosidl_typesupport_fastrtps_cpp;rosidl_typesupport_introspection_cpp
[0.885s] -- Found rclcpp: 16.0.5 (/opt/ros/humble/share/rclcpp/cmake)
[0.957s] -- Found rmw_implementation_cmake: 6.1.1 (/opt/ros/humble/share/rmw_implementation_cmake/cmake)
[0.961s] -- Found rmw_fastrtps_cpp: 6.2.3 (/opt/ros/humble/share/rmw_fastrtps_cpp/cmake)
[1.089s] -- Found OpenSSL: /usr/lib/x86_64-linux-gnu/libcrypto.so (found version "3.0.2")  
[1.122s] -- Found FastRTPS: /opt/ros/humble/include  
[1.190s] -- Using RMW implementation 'rmw_fastrtps_cpp' as default
[1.204s] -- Looking for pthread.h
[1.325s] -- Looking for pthread.h - found
[1.325s] -- Performing Test CMAKE_HAVE_LIBC_PTHREAD
[1.418s] -- Performing Test CMAKE_HAVE_LIBC_PTHREAD - Success
[1.420s] -- Found Threads: TRUE  
[1.607s] -- Found rviz2: 11.2.7 (/opt/ros/humble/share/rviz2/cmake)
[1.610s] -- Found tf2_eigen: 0.25.3 (/opt/ros/humble/share/tf2_eigen/cmake)
[2.095s] -- Found visualization_msgs: 4.2.3 (/opt/ros/humble/share/visualization_msgs/cmake)
[2.365s] -- Configuring done
[2.381s] -- Generating done
[2.383s] -- Build files have been written to: /home/zx/ws_moveit2/src/build/rviz_marker_tools
