[0.013s] Invoking command in '/home/zx/ws_moveit2/build/moveit_ros_planning': AMENT_PREFIX_PATH=/home/zx/ws_moveit2/install/moveit_ros_occupancy_map_monitor:/home/zx/ws_moveit2/install/moveit_core:/home/zx/ws_moveit2/install/moveit_resources_panda_moveit_config:/home/zx/ws_moveit2/install/srdfdom:/home/zx/ws_moveit2/install/moveit_resources_panda_description:/home/zx/ws_moveit2/install/moveit_common:${AMENT_PREFIX_PATH} CMAKE_PREFIX_PATH=/home/zx/ws_moveit2/install/moveit_ros_occupancy_map_monitor:/home/zx/ws_moveit2/install/moveit_core:/home/zx/ws_moveit2/install/moveit_resources_panda_moveit_config:/home/zx/ws_moveit2/install/srdfdom:/home/zx/ws_moveit2/install/moveit_resources_panda_description:/home/zx/ws_moveit2/install/moveit_common:/opt/ros/humble LD_LIBRARY_PATH=/home/zx/ws_moveit2/install/moveit_ros_occupancy_map_monitor/lib:/home/zx/ws_moveit2/install/moveit_core/lib:/home/zx/ws_moveit2/install/srdfdom/lib:${LD_LIBRARY_PATH} PATH=/home/zx/ws_moveit2/install/moveit_core/bin:${PATH} PYTHONPATH=/home/zx/ws_moveit2/install/srdfdom/local/lib/python3.10/dist-packages:${PYTHONPATH} /usr/bin/cmake --build /home/zx/ws_moveit2/build/moveit_ros_planning -- -j12 -l12
[0.072s] [35m[1mConsolidate compiler generated dependencies of target gmock_main[0m
[0.073s] [35m[1mConsolidate compiler generated dependencies of target gmock[0m
[0.073s] [35m[1mConsolidate compiler generated dependencies of target moveit_planning_pipeline[0m
[0.073s] [35m[1mConsolidate compiler generated dependencies of target moveit_list_request_adapter_plugins[0m
[0.073s] [35m[1mConsolidate compiler generated dependencies of target moveit_collision_plugin_loader[0m
[0.073s] [35m[1mConsolidate compiler generated dependencies of target moveit_rdf_loader[0m
[0.086s] [35m[1mConsolidate compiler generated dependencies of target moveit_default_planning_request_adapter_plugins[0m
[0.091s] [  3%] Built target gmock_main
[0.097s] [  8%] Built target gmock
[0.100s] [ 12%] Built target moveit_rdf_loader
[0.101s] [ 16%] Built target moveit_list_request_adapter_plugins
[0.104s] [ 19%] Built target moveit_planning_pipeline
[0.104s] [ 22%] Built target moveit_collision_plugin_loader
[0.112s] [35m[1mConsolidate compiler generated dependencies of target moveit_constraint_sampler_manager_loader[0m
[0.112s] [35m[1mConsolidate compiler generated dependencies of target moveit_kinematics_plugin_loader[0m
[0.133s] [ 25%] Built target moveit_kinematics_plugin_loader
[0.136s] [ 29%] Built target moveit_constraint_sampler_manager_loader
[0.144s] [35m[1mConsolidate compiler generated dependencies of target moveit_robot_model_loader[0m
[0.148s] [ 46%] Built target moveit_default_planning_request_adapter_plugins
[0.162s] [ 50%] Built target moveit_robot_model_loader
[0.173s] [35m[1mConsolidate compiler generated dependencies of target moveit_print_planning_model_info[0m
[0.182s] [35m[1mConsolidate compiler generated dependencies of target moveit_planning_scene_monitor[0m
[0.191s] [ 53%] Built target moveit_print_planning_model_info
[0.218s] [ 62%] Built target moveit_planning_scene_monitor
[0.229s] [35m[1mConsolidate compiler generated dependencies of target current_state_monitor_tests[0m
[0.229s] [35m[1mConsolidate compiler generated dependencies of target moveit_print_planning_scene_info[0m
[0.229s] [35m[1mConsolidate compiler generated dependencies of target demo_scene[0m
[0.230s] [35m[1mConsolidate compiler generated dependencies of target moveit_display_random_state[0m
[0.230s] [35m[1mConsolidate compiler generated dependencies of target moveit_evaluate_collision_checking_speed[0m
[0.231s] [35m[1mConsolidate compiler generated dependencies of target trajectory_monitor_tests[0m
[0.231s] [35m[1mConsolidate compiler generated dependencies of target moveit_visualize_robot_collision_volume[0m
[0.231s] [35m[1mConsolidate compiler generated dependencies of target moveit_publish_scene_from_text[0m
[0.231s] [35m[1mConsolidate compiler generated dependencies of target moveit_trajectory_execution_manager[0m
[0.255s] [ 66%] Built target moveit_display_random_state
[0.256s] [ 69%] Built target moveit_visualize_robot_collision_volume
[0.258s] [ 72%] Built target moveit_print_planning_scene_info
[0.262s] [ 75%] Built target current_state_monitor_tests
[0.262s] [ 79%] Built target moveit_publish_scene_from_text
[0.264s] [ 82%] Built target demo_scene
[0.264s] [ 85%] Built target moveit_trajectory_execution_manager
[0.264s] [ 88%] Built target trajectory_monitor_tests
[0.267s] [ 91%] Built target moveit_evaluate_collision_checking_speed
[0.275s] [35m[1mConsolidate compiler generated dependencies of target moveit_plan_execution[0m
[0.277s] [35m[1mConsolidate compiler generated dependencies of target moveit_cpp[0m
[0.297s] [ 95%] Built target moveit_plan_execution
[0.302s] [100%] Built target moveit_cpp
[0.309s] Invoked command in '/home/zx/ws_moveit2/build/moveit_ros_planning' returned '0': AMENT_PREFIX_PATH=/home/zx/ws_moveit2/install/moveit_ros_occupancy_map_monitor:/home/zx/ws_moveit2/install/moveit_core:/home/zx/ws_moveit2/install/moveit_resources_panda_moveit_config:/home/zx/ws_moveit2/install/srdfdom:/home/zx/ws_moveit2/install/moveit_resources_panda_description:/home/zx/ws_moveit2/install/moveit_common:${AMENT_PREFIX_PATH} CMAKE_PREFIX_PATH=/home/zx/ws_moveit2/install/moveit_ros_occupancy_map_monitor:/home/zx/ws_moveit2/install/moveit_core:/home/zx/ws_moveit2/install/moveit_resources_panda_moveit_config:/home/zx/ws_moveit2/install/srdfdom:/home/zx/ws_moveit2/install/moveit_resources_panda_description:/home/zx/ws_moveit2/install/moveit_common:/opt/ros/humble LD_LIBRARY_PATH=/home/zx/ws_moveit2/install/moveit_ros_occupancy_map_monitor/lib:/home/zx/ws_moveit2/install/moveit_core/lib:/home/zx/ws_moveit2/install/srdfdom/lib:${LD_LIBRARY_PATH} PATH=/home/zx/ws_moveit2/install/moveit_core/bin:${PATH} PYTHONPATH=/home/zx/ws_moveit2/install/srdfdom/local/lib/python3.10/dist-packages:${PYTHONPATH} /usr/bin/cmake --build /home/zx/ws_moveit2/build/moveit_ros_planning -- -j12 -l12
[0.334s] Invoking command in '/home/zx/ws_moveit2/build/moveit_ros_planning': AMENT_PREFIX_PATH=/home/zx/ws_moveit2/install/moveit_ros_occupancy_map_monitor:/home/zx/ws_moveit2/install/moveit_core:/home/zx/ws_moveit2/install/moveit_resources_panda_moveit_config:/home/zx/ws_moveit2/install/srdfdom:/home/zx/ws_moveit2/install/moveit_resources_panda_description:/home/zx/ws_moveit2/install/moveit_common:${AMENT_PREFIX_PATH} CMAKE_PREFIX_PATH=/home/zx/ws_moveit2/install/moveit_ros_occupancy_map_monitor:/home/zx/ws_moveit2/install/moveit_core:/home/zx/ws_moveit2/install/moveit_resources_panda_moveit_config:/home/zx/ws_moveit2/install/srdfdom:/home/zx/ws_moveit2/install/moveit_resources_panda_description:/home/zx/ws_moveit2/install/moveit_common:/opt/ros/humble LD_LIBRARY_PATH=/home/zx/ws_moveit2/install/moveit_ros_occupancy_map_monitor/lib:/home/zx/ws_moveit2/install/moveit_core/lib:/home/zx/ws_moveit2/install/srdfdom/lib:${LD_LIBRARY_PATH} PATH=/home/zx/ws_moveit2/install/moveit_core/bin:${PATH} PYTHONPATH=/home/zx/ws_moveit2/install/srdfdom/local/lib/python3.10/dist-packages:${PYTHONPATH} /usr/bin/cmake --install /home/zx/ws_moveit2/build/moveit_ros_planning
[0.339s] -- Install configuration: "Release"
[0.339s] -- Up-to-date: /home/zx/ws_moveit2/install/moveit_ros_planning/include
[0.339s] -- Up-to-date: /home/zx/ws_moveit2/install/moveit_ros_planning/include/moveit
[0.340s] -- Up-to-date: /home/zx/ws_moveit2/install/moveit_ros_planning/include/moveit/rdf_loader
[0.340s] -- Up-to-date: /home/zx/ws_moveit2/install/moveit_ros_planning/include/moveit/rdf_loader/rdf_loader.h
[0.340s] -- Up-to-date: /home/zx/ws_moveit2/install/moveit_ros_planning/include/moveit/rdf_loader/synchronized_string_parameter.h
[0.340s] -- Up-to-date: /home/zx/ws_moveit2/install/moveit_ros_planning/share/moveit_ros_planning/rdf_loader/test/data
[0.340s] -- Up-to-date: /home/zx/ws_moveit2/install/moveit_ros_planning/share/moveit_ros_planning/rdf_loader/test/data/kermit.urdf
[0.340s] -- Up-to-date: /home/zx/ws_moveit2/install/moveit_ros_planning/share/moveit_ros_planning/rdf_loader/test/data/robin.srdf.xacro
[0.340s] -- Up-to-date: /home/zx/ws_moveit2/install/moveit_ros_planning/share/moveit_ros_planning/rdf_loader/test/data/gonzo.urdf
[0.340s] -- Up-to-date: /home/zx/ws_moveit2/install/moveit_ros_planning/share/moveit_ros_planning/rdf_loader/test/data/kermit.srdf
[0.340s] -- Up-to-date: /home/zx/ws_moveit2/install/moveit_ros_planning/share/moveit_ros_planning/rdf_loader/test/data/gonzo.srdf
[0.340s] -- Up-to-date: /home/zx/ws_moveit2/install/moveit_ros_planning/share/moveit_ros_planning/rdf_loader/test/launch
[0.340s] -- Up-to-date: /home/zx/ws_moveit2/install/moveit_ros_planning/share/moveit_ros_planning/rdf_loader/test/launch/test_rdf_integration.test.py
[0.340s] -- Up-to-date: /home/zx/ws_moveit2/install/moveit_ros_planning/include
[0.340s] -- Up-to-date: /home/zx/ws_moveit2/install/moveit_ros_planning/include/moveit
[0.340s] -- Up-to-date: /home/zx/ws_moveit2/install/moveit_ros_planning/include/moveit/collision_plugin_loader
[0.340s] -- Up-to-date: /home/zx/ws_moveit2/install/moveit_ros_planning/include/moveit/collision_plugin_loader/collision_plugin_loader.h
[0.341s] -- Up-to-date: /home/zx/ws_moveit2/install/moveit_ros_planning/include
[0.341s] -- Up-to-date: /home/zx/ws_moveit2/install/moveit_ros_planning/include/moveit
[0.341s] -- Up-to-date: /home/zx/ws_moveit2/install/moveit_ros_planning/include/moveit/kinematics_plugin_loader
[0.341s] -- Up-to-date: /home/zx/ws_moveit2/install/moveit_ros_planning/include/moveit/kinematics_plugin_loader/kinematics_plugin_loader.h
[0.341s] -- Up-to-date: /home/zx/ws_moveit2/install/moveit_ros_planning/include
[0.341s] -- Up-to-date: /home/zx/ws_moveit2/install/moveit_ros_planning/include/moveit
[0.341s] -- Up-to-date: /home/zx/ws_moveit2/install/moveit_ros_planning/include/moveit/robot_model_loader
[0.341s] -- Up-to-date: /home/zx/ws_moveit2/install/moveit_ros_planning/include/moveit/robot_model_loader/robot_model_loader.h
[0.341s] -- Up-to-date: /home/zx/ws_moveit2/install/moveit_ros_planning/include
[0.341s] -- Up-to-date: /home/zx/ws_moveit2/install/moveit_ros_planning/include/moveit
[0.341s] -- Up-to-date: /home/zx/ws_moveit2/install/moveit_ros_planning/include/moveit/constraint_sampler_manager_loader
[0.341s] -- Up-to-date: /home/zx/ws_moveit2/install/moveit_ros_planning/include/moveit/constraint_sampler_manager_loader/constraint_sampler_manager_loader.h
[0.341s] -- Up-to-date: /home/zx/ws_moveit2/install/moveit_ros_planning/include
[0.341s] -- Up-to-date: /home/zx/ws_moveit2/install/moveit_ros_planning/include/moveit
[0.341s] -- Up-to-date: /home/zx/ws_moveit2/install/moveit_ros_planning/include/moveit/planning_pipeline
[0.341s] -- Up-to-date: /home/zx/ws_moveit2/install/moveit_ros_planning/include/moveit/planning_pipeline/planning_pipeline.h
[0.341s] -- Up-to-date: /home/zx/ws_moveit2/install/moveit_ros_planning/include/moveit_planning_pipeline_export.h
[0.342s] -- Up-to-date: /home/zx/ws_moveit2/install/moveit_ros_planning/lib/moveit_ros_planning/moveit_list_request_adapter_plugins
[0.342s] -- Up-to-date: /home/zx/ws_moveit2/install/moveit_ros_planning/lib/moveit_ros_planning/demo_scene
[0.343s] -- Up-to-date: /home/zx/ws_moveit2/install/moveit_ros_planning/include
[0.343s] -- Up-to-date: /home/zx/ws_moveit2/install/moveit_ros_planning/include/moveit
[0.343s] -- Up-to-date: /home/zx/ws_moveit2/install/moveit_ros_planning/include/moveit/planning_scene_monitor
[0.343s] -- Up-to-date: /home/zx/ws_moveit2/install/moveit_ros_planning/include/moveit/planning_scene_monitor/trajectory_monitor.h
[0.343s] -- Up-to-date: /home/zx/ws_moveit2/install/moveit_ros_planning/include/moveit/planning_scene_monitor/current_state_monitor.h
[0.343s] -- Up-to-date: /home/zx/ws_moveit2/install/moveit_ros_planning/include/moveit/planning_scene_monitor/current_state_monitor_middleware_handle.hpp
[0.343s] -- Up-to-date: /home/zx/ws_moveit2/install/moveit_ros_planning/include/moveit/planning_scene_monitor/planning_scene_monitor.h
[0.343s] -- Up-to-date: /home/zx/ws_moveit2/install/moveit_ros_planning/include/moveit/planning_scene_monitor/trajectory_monitor_middleware_handle.hpp
[0.343s] -- Up-to-date: /home/zx/ws_moveit2/install/moveit_ros_planning/include/moveit_planning_scene_monitor_export.h
[0.344s] -- Up-to-date: /home/zx/ws_moveit2/install/moveit_ros_planning/lib/moveit_ros_planning/moveit_print_planning_model_info
[0.344s] -- Up-to-date: /home/zx/ws_moveit2/install/moveit_ros_planning/lib/moveit_ros_planning/moveit_print_planning_scene_info
[0.344s] -- Up-to-date: /home/zx/ws_moveit2/install/moveit_ros_planning/lib/moveit_ros_planning/moveit_display_random_state
[0.345s] -- Up-to-date: /home/zx/ws_moveit2/install/moveit_ros_planning/lib/moveit_ros_planning/moveit_visualize_robot_collision_volume
[0.345s] -- Up-to-date: /home/zx/ws_moveit2/install/moveit_ros_planning/lib/moveit_ros_planning/moveit_evaluate_collision_checking_speed
[0.346s] -- Up-to-date: /home/zx/ws_moveit2/install/moveit_ros_planning/lib/moveit_ros_planning/moveit_publish_scene_from_text
[0.346s] -- Up-to-date: /home/zx/ws_moveit2/install/moveit_ros_planning/include
[0.346s] -- Up-to-date: /home/zx/ws_moveit2/install/moveit_ros_planning/include/moveit
[0.346s] -- Up-to-date: /home/zx/ws_moveit2/install/moveit_ros_planning/include/moveit/trajectory_execution_manager
[0.346s] -- Up-to-date: /home/zx/ws_moveit2/install/moveit_ros_planning/include/moveit/trajectory_execution_manager/trajectory_execution_manager.h
[0.346s] -- Up-to-date: /home/zx/ws_moveit2/install/moveit_ros_planning/include/moveit_trajectory_execution_manager_export.h
[0.346s] -- Up-to-date: /home/zx/ws_moveit2/install/moveit_ros_planning/include
[0.346s] -- Up-to-date: /home/zx/ws_moveit2/install/moveit_ros_planning/include/moveit
[0.346s] -- Up-to-date: /home/zx/ws_moveit2/install/moveit_ros_planning/include/moveit/plan_execution
[0.346s] -- Up-to-date: /home/zx/ws_moveit2/install/moveit_ros_planning/include/moveit/plan_execution/plan_execution.h
[0.346s] -- Up-to-date: /home/zx/ws_moveit2/install/moveit_ros_planning/include/moveit/plan_execution/plan_representation.h
[0.346s] -- Up-to-date: /home/zx/ws_moveit2/install/moveit_ros_planning/include
[0.346s] -- Up-to-date: /home/zx/ws_moveit2/install/moveit_ros_planning/include/moveit
[0.346s] -- Up-to-date: /home/zx/ws_moveit2/install/moveit_ros_planning/include/moveit/moveit_cpp
[0.346s] -- Up-to-date: /home/zx/ws_moveit2/install/moveit_ros_planning/include/moveit/moveit_cpp/planning_component.h
[0.346s] -- Up-to-date: /home/zx/ws_moveit2/install/moveit_ros_planning/include/moveit/moveit_cpp/moveit_cpp.h
[0.347s] -- Up-to-date: /home/zx/ws_moveit2/install/moveit_ros_planning/lib/libmoveit_rdf_loader.so.2.5.4
[0.347s] -- Up-to-date: /home/zx/ws_moveit2/install/moveit_ros_planning/lib/libmoveit_rdf_loader.so
[0.347s] -- Up-to-date: /home/zx/ws_moveit2/install/moveit_ros_planning/lib/libmoveit_kinematics_plugin_loader.so.2.5.4
[0.347s] -- Up-to-date: /home/zx/ws_moveit2/install/moveit_ros_planning/lib/libmoveit_kinematics_plugin_loader.so
[0.347s] -- Up-to-date: /home/zx/ws_moveit2/install/moveit_ros_planning/lib/libmoveit_robot_model_loader.so.2.5.4
[0.347s] -- Up-to-date: /home/zx/ws_moveit2/install/moveit_ros_planning/lib/libmoveit_robot_model_loader.so
[0.348s] -- Up-to-date: /home/zx/ws_moveit2/install/moveit_ros_planning/lib/libmoveit_constraint_sampler_manager_loader.so.2.5.4
[0.348s] -- Up-to-date: /home/zx/ws_moveit2/install/moveit_ros_planning/lib/libmoveit_constraint_sampler_manager_loader.so
[0.348s] -- Up-to-date: /home/zx/ws_moveit2/install/moveit_ros_planning/lib/libmoveit_planning_pipeline.so.2.5.4
[0.348s] -- Up-to-date: /home/zx/ws_moveit2/install/moveit_ros_planning/lib/libmoveit_planning_pipeline.so
[0.348s] -- Up-to-date: /home/zx/ws_moveit2/install/moveit_ros_planning/lib/libmoveit_trajectory_execution_manager.so.2.5.4
[0.348s] -- Up-to-date: /home/zx/ws_moveit2/install/moveit_ros_planning/lib/libmoveit_trajectory_execution_manager.so
[0.349s] -- Up-to-date: /home/zx/ws_moveit2/install/moveit_ros_planning/lib/libmoveit_plan_execution.so.2.5.4
[0.349s] -- Up-to-date: /home/zx/ws_moveit2/install/moveit_ros_planning/lib/libmoveit_plan_execution.so
[0.349s] -- Up-to-date: /home/zx/ws_moveit2/install/moveit_ros_planning/lib/libmoveit_planning_scene_monitor.so.2.5.4
[0.349s] -- Up-to-date: /home/zx/ws_moveit2/install/moveit_ros_planning/lib/libmoveit_planning_scene_monitor.so
[0.349s] -- Up-to-date: /home/zx/ws_moveit2/install/moveit_ros_planning/lib/libmoveit_collision_plugin_loader.so.2.5.4
[0.349s] -- Up-to-date: /home/zx/ws_moveit2/install/moveit_ros_planning/lib/libmoveit_collision_plugin_loader.so
[0.349s] -- Up-to-date: /home/zx/ws_moveit2/install/moveit_ros_planning/lib/libmoveit_default_planning_request_adapter_plugins.so.2.5.4
[0.350s] -- Up-to-date: /home/zx/ws_moveit2/install/moveit_ros_planning/lib/libmoveit_default_planning_request_adapter_plugins.so
[0.350s] -- Up-to-date: /home/zx/ws_moveit2/install/moveit_ros_planning/lib/libmoveit_cpp.so.2.5.4
[0.350s] -- Up-to-date: /home/zx/ws_moveit2/install/moveit_ros_planning/lib/libmoveit_cpp.so
[0.350s] -- Up-to-date: /home/zx/ws_moveit2/install/moveit_ros_planning/share/moveit_ros_planning/environment/library_path.sh
[0.350s] -- Up-to-date: /home/zx/ws_moveit2/install/moveit_ros_planning/share/moveit_ros_planning/environment/library_path.dsv
[0.350s] -- Up-to-date: /home/zx/ws_moveit2/install/moveit_ros_planning/share/moveit_ros_planning/planning_request_adapters_plugin_description.xml
[0.350s] -- Up-to-date: /home/zx/ws_moveit2/install/moveit_ros_planning/share/ament_index/resource_index/package_run_dependencies/moveit_ros_planning
[0.350s] -- Up-to-date: /home/zx/ws_moveit2/install/moveit_ros_planning/share/ament_index/resource_index/parent_prefix_path/moveit_ros_planning
[0.350s] -- Up-to-date: /home/zx/ws_moveit2/install/moveit_ros_planning/share/moveit_ros_planning/environment/ament_prefix_path.sh
[0.350s] -- Up-to-date: /home/zx/ws_moveit2/install/moveit_ros_planning/share/moveit_ros_planning/environment/ament_prefix_path.dsv
[0.350s] -- Up-to-date: /home/zx/ws_moveit2/install/moveit_ros_planning/share/moveit_ros_planning/environment/path.sh
[0.350s] -- Up-to-date: /home/zx/ws_moveit2/install/moveit_ros_planning/share/moveit_ros_planning/environment/path.dsv
[0.350s] -- Up-to-date: /home/zx/ws_moveit2/install/moveit_ros_planning/share/moveit_ros_planning/local_setup.bash
[0.350s] -- Up-to-date: /home/zx/ws_moveit2/install/moveit_ros_planning/share/moveit_ros_planning/local_setup.sh
[0.350s] -- Up-to-date: /home/zx/ws_moveit2/install/moveit_ros_planning/share/moveit_ros_planning/local_setup.zsh
[0.350s] -- Up-to-date: /home/zx/ws_moveit2/install/moveit_ros_planning/share/moveit_ros_planning/local_setup.dsv
[0.350s] -- Installing: /home/zx/ws_moveit2/install/moveit_ros_planning/share/moveit_ros_planning/package.dsv
[0.351s] -- Up-to-date: /home/zx/ws_moveit2/install/moveit_ros_planning/share/ament_index/resource_index/packages/moveit_ros_planning
[0.351s] -- Up-to-date: /home/zx/ws_moveit2/install/moveit_ros_planning/share/ament_index/resource_index/moveit_core__pluginlib__plugin/moveit_ros_planning
[0.351s] -- Up-to-date: /home/zx/ws_moveit2/install/moveit_ros_planning/share/moveit_ros_planning/cmake/export_moveit_ros_planningExport.cmake
[0.351s] -- Up-to-date: /home/zx/ws_moveit2/install/moveit_ros_planning/share/moveit_ros_planning/cmake/export_moveit_ros_planningExport-release.cmake
[0.351s] -- Up-to-date: /home/zx/ws_moveit2/install/moveit_ros_planning/share/moveit_ros_planning/cmake/ConfigExtras.cmake
[0.351s] -- Up-to-date: /home/zx/ws_moveit2/install/moveit_ros_planning/share/moveit_ros_planning/cmake/ament_cmake_export_targets-extras.cmake
[0.351s] -- Up-to-date: /home/zx/ws_moveit2/install/moveit_ros_planning/share/moveit_ros_planning/cmake/ament_cmake_export_dependencies-extras.cmake
[0.351s] -- Up-to-date: /home/zx/ws_moveit2/install/moveit_ros_planning/share/moveit_ros_planning/cmake/moveit_ros_planningConfig.cmake
[0.351s] -- Up-to-date: /home/zx/ws_moveit2/install/moveit_ros_planning/share/moveit_ros_planning/cmake/moveit_ros_planningConfig-version.cmake
[0.352s] -- Up-to-date: /home/zx/ws_moveit2/install/moveit_ros_planning/share/moveit_ros_planning/package.xml
[0.354s] Invoked command in '/home/zx/ws_moveit2/build/moveit_ros_planning' returned '0': AMENT_PREFIX_PATH=/home/zx/ws_moveit2/install/moveit_ros_occupancy_map_monitor:/home/zx/ws_moveit2/install/moveit_core:/home/zx/ws_moveit2/install/moveit_resources_panda_moveit_config:/home/zx/ws_moveit2/install/srdfdom:/home/zx/ws_moveit2/install/moveit_resources_panda_description:/home/zx/ws_moveit2/install/moveit_common:${AMENT_PREFIX_PATH} CMAKE_PREFIX_PATH=/home/zx/ws_moveit2/install/moveit_ros_occupancy_map_monitor:/home/zx/ws_moveit2/install/moveit_core:/home/zx/ws_moveit2/install/moveit_resources_panda_moveit_config:/home/zx/ws_moveit2/install/srdfdom:/home/zx/ws_moveit2/install/moveit_resources_panda_description:/home/zx/ws_moveit2/install/moveit_common:/opt/ros/humble LD_LIBRARY_PATH=/home/zx/ws_moveit2/install/moveit_ros_occupancy_map_monitor/lib:/home/zx/ws_moveit2/install/moveit_core/lib:/home/zx/ws_moveit2/install/srdfdom/lib:${LD_LIBRARY_PATH} PATH=/home/zx/ws_moveit2/install/moveit_core/bin:${PATH} PYTHONPATH=/home/zx/ws_moveit2/install/srdfdom/local/lib/python3.10/dist-packages:${PYTHONPATH} /usr/bin/cmake --install /home/zx/ws_moveit2/build/moveit_ros_planning
