[0.050s] Invoking command in '/home/zx/ws_moveit2/build/moveit_common': CMAKE_PREFIX_PATH=${CMAKE_PREFIX_PATH}:/home/zx/ws_moveit2/install/tihu_2:/home/zx/ws_moveit2/install/moveit_configs_utils:/home/zx/ws_moveit2/install/launch_param_builder:/opt/ros/humble /usr/bin/cmake /home/zx/ws_moveit2/src/moveit2/moveit_common -DCMAKE_BUILD_TYPE=Release -DCMAKE_INSTALL_PREFIX=/home/zx/ws_moveit2/install/moveit_common
[0.603s] -- Found ament_cmake: 1.3.5 (/opt/ros/humble/share/ament_cmake/cmake)
[0.604s] -- Found Python3: /usr/bin/python3.10 (found version "3.10.12") found components: Interpreter 
[0.605s] -- Found ament_lint_auto: 0.12.7 (/opt/ros/humble/share/ament_lint_auto/cmake)
[0.605s] -- Added test 'copyright' to check source files copyright and LICENSE
[0.605s] -- Added test 'lint_cmake' to check CMake code style
[0.605s] -- Added test 'xmllint' to check XML markup files
[0.605s] -- Configuring done
[0.605s] -- Generating done
[0.605s] -- Build files have been written to: /home/zx/ws_moveit2/build/moveit_common
[0.612s] Invoked command in '/home/zx/ws_moveit2/build/moveit_common' returned '0': CMAKE_PREFIX_PATH=${CMAKE_PREFIX_PATH}:/home/zx/ws_moveit2/install/tihu_2:/home/zx/ws_moveit2/install/moveit_configs_utils:/home/zx/ws_moveit2/install/launch_param_builder:/opt/ros/humble /usr/bin/cmake /home/zx/ws_moveit2/src/moveit2/moveit_common -DCMAKE_BUILD_TYPE=Release -DCMAKE_INSTALL_PREFIX=/home/zx/ws_moveit2/install/moveit_common
[0.615s] Invoking command in '/home/zx/ws_moveit2/build/moveit_common': CMAKE_PREFIX_PATH=${CMAKE_PREFIX_PATH}:/home/zx/ws_moveit2/install/tihu_2:/home/zx/ws_moveit2/install/moveit_configs_utils:/home/zx/ws_moveit2/install/launch_param_builder:/opt/ros/humble /usr/bin/cmake --build /home/zx/ws_moveit2/build/moveit_common -- -j12 -l12
[0.673s] Invoked command in '/home/zx/ws_moveit2/build/moveit_common' returned '0': CMAKE_PREFIX_PATH=${CMAKE_PREFIX_PATH}:/home/zx/ws_moveit2/install/tihu_2:/home/zx/ws_moveit2/install/moveit_configs_utils:/home/zx/ws_moveit2/install/launch_param_builder:/opt/ros/humble /usr/bin/cmake --build /home/zx/ws_moveit2/build/moveit_common -- -j12 -l12
[0.765s] Invoking command in '/home/zx/ws_moveit2/build/moveit_common': CMAKE_PREFIX_PATH=${CMAKE_PREFIX_PATH}:/home/zx/ws_moveit2/install/tihu_2:/home/zx/ws_moveit2/install/moveit_configs_utils:/home/zx/ws_moveit2/install/launch_param_builder:/opt/ros/humble /usr/bin/cmake --install /home/zx/ws_moveit2/build/moveit_common
[1.183s] -- Install configuration: "Release"
[1.183s] -- Installing: /home/zx/ws_moveit2/install/moveit_common/share/ament_index/resource_index/package_run_dependencies/moveit_common
[1.183s] -- Installing: /home/zx/ws_moveit2/install/moveit_common/share/ament_index/resource_index/parent_prefix_path/moveit_common
[1.183s] -- Installing: /home/zx/ws_moveit2/install/moveit_common/share/moveit_common/environment/ament_prefix_path.sh
[1.183s] -- Installing: /home/zx/ws_moveit2/install/moveit_common/share/moveit_common/environment/ament_prefix_path.dsv
[1.183s] -- Installing: /home/zx/ws_moveit2/install/moveit_common/share/moveit_common/environment/path.sh
[1.184s] -- Installing: /home/zx/ws_moveit2/install/moveit_common/share/moveit_common/environment/path.dsv
[1.184s] -- Installing: /home/zx/ws_moveit2/install/moveit_common/share/moveit_common/local_setup.bash
[1.184s] -- Installing: /home/zx/ws_moveit2/install/moveit_common/share/moveit_common/local_setup.sh
[1.184s] -- Installing: /home/zx/ws_moveit2/install/moveit_common/share/moveit_common/local_setup.zsh
[1.184s] -- Installing: /home/zx/ws_moveit2/install/moveit_common/share/moveit_common/local_setup.dsv
[1.184s] -- Installing: /home/zx/ws_moveit2/install/moveit_common/share/moveit_common/package.dsv
[1.184s] -- Installing: /home/zx/ws_moveit2/install/moveit_common/share/ament_index/resource_index/packages/moveit_common
[1.184s] -- Installing: /home/zx/ws_moveit2/install/moveit_common/share/moveit_common/cmake/moveit_common-extras.cmake
[1.184s] -- Installing: /home/zx/ws_moveit2/install/moveit_common/share/moveit_common/cmake/moveit_commonConfig.cmake
[1.184s] -- Installing: /home/zx/ws_moveit2/install/moveit_common/share/moveit_common/cmake/moveit_commonConfig-version.cmake
[1.184s] -- Installing: /home/zx/ws_moveit2/install/moveit_common/share/moveit_common/package.xml
[1.184s] -- Up-to-date: /home/zx/ws_moveit2/install/moveit_common/share/moveit_common/cmake
[1.184s] -- Installing: /home/zx/ws_moveit2/install/moveit_common/share/moveit_common/cmake/moveit_package.cmake
[1.197s] Invoked command in '/home/zx/ws_moveit2/build/moveit_common' returned '0': CMAKE_PREFIX_PATH=${CMAKE_PREFIX_PATH}:/home/zx/ws_moveit2/install/tihu_2:/home/zx/ws_moveit2/install/moveit_configs_utils:/home/zx/ws_moveit2/install/launch_param_builder:/opt/ros/humble /usr/bin/cmake --install /home/zx/ws_moveit2/build/moveit_common
