[0.058s] Invoking command in '/home/zx/ws_moveit2/build/serial_can': AMENT_PREFIX_PATH=/home/zx/ws_moveit2/install/serial:${AMENT_PREFIX_PATH} CMAKE_PREFIX_PATH=/home/zx/ws_moveit2/install/serial:/opt/ros/humble LD_LIBRARY_PATH=/home/zx/ws_moveit2/install/serial/lib:${LD_LIBRARY_PATH} /usr/bin/cmake --build /home/zx/ws_moveit2/build/serial_can -- -j12 -l12
[0.113s] [100%] Built target serial_can
[0.144s] Invoked command in '/home/zx/ws_moveit2/build/serial_can' returned '0': AMENT_PREFIX_PATH=/home/zx/ws_moveit2/install/serial:${AMENT_PREFIX_PATH} CMAKE_PREFIX_PATH=/home/zx/ws_moveit2/install/serial:/opt/ros/humble LD_LIBRARY_PATH=/home/zx/ws_moveit2/install/serial/lib:${LD_LIBRARY_PATH} /usr/bin/cmake --build /home/zx/ws_moveit2/build/serial_can -- -j12 -l12
[0.158s] Invoking command in '/home/zx/ws_moveit2/build/serial_can': AMENT_PREFIX_PATH=/home/zx/ws_moveit2/install/serial:${AMENT_PREFIX_PATH} CMAKE_PREFIX_PATH=/home/zx/ws_moveit2/install/serial:/opt/ros/humble LD_LIBRARY_PATH=/home/zx/ws_moveit2/install/serial/lib:${LD_LIBRARY_PATH} /usr/bin/cmake --install /home/zx/ws_moveit2/build/serial_can
[0.170s] -- Install configuration: "Release"
[0.170s] -- Up-to-date: /home/zx/ws_moveit2/install/serial_can/lib/libcontrolcan.so
[0.170s] -- Up-to-date: /home/zx/ws_moveit2/install/serial_can/lib/libmylibscan.so
[0.170s] -- Up-to-date: /home/zx/ws_moveit2/install/serial_can/lib/serial_can/serial_can
[0.170s] -- Up-to-date: /home/zx/ws_moveit2/install/serial_can/share/ament_index/resource_index/package_run_dependencies/serial_can
[0.170s] -- Up-to-date: /home/zx/ws_moveit2/install/serial_can/share/ament_index/resource_index/parent_prefix_path/serial_can
[0.170s] -- Up-to-date: /home/zx/ws_moveit2/install/serial_can/share/serial_can/environment/ament_prefix_path.sh
[0.170s] -- Up-to-date: /home/zx/ws_moveit2/install/serial_can/share/serial_can/environment/ament_prefix_path.dsv
[0.170s] -- Up-to-date: /home/zx/ws_moveit2/install/serial_can/share/serial_can/environment/path.sh
[0.170s] -- Up-to-date: /home/zx/ws_moveit2/install/serial_can/share/serial_can/environment/path.dsv
[0.170s] -- Up-to-date: /home/zx/ws_moveit2/install/serial_can/share/serial_can/local_setup.bash
[0.170s] -- Up-to-date: /home/zx/ws_moveit2/install/serial_can/share/serial_can/local_setup.sh
[0.170s] -- Up-to-date: /home/zx/ws_moveit2/install/serial_can/share/serial_can/local_setup.zsh
[0.170s] -- Up-to-date: /home/zx/ws_moveit2/install/serial_can/share/serial_can/local_setup.dsv
[0.170s] -- Installing: /home/zx/ws_moveit2/install/serial_can/share/serial_can/package.dsv
[0.170s] -- Up-to-date: /home/zx/ws_moveit2/install/serial_can/share/ament_index/resource_index/packages/serial_can
[0.170s] -- Up-to-date: /home/zx/ws_moveit2/install/serial_can/share/serial_can/cmake/serial_canConfig.cmake
[0.171s] -- Up-to-date: /home/zx/ws_moveit2/install/serial_can/share/serial_can/cmake/serial_canConfig-version.cmake
[0.171s] -- Up-to-date: /home/zx/ws_moveit2/install/serial_can/share/serial_can/package.xml
[0.193s] Invoked command in '/home/zx/ws_moveit2/build/serial_can' returned '0': AMENT_PREFIX_PATH=/home/zx/ws_moveit2/install/serial:${AMENT_PREFIX_PATH} CMAKE_PREFIX_PATH=/home/zx/ws_moveit2/install/serial:/opt/ros/humble LD_LIBRARY_PATH=/home/zx/ws_moveit2/install/serial/lib:${LD_LIBRARY_PATH} /usr/bin/cmake --install /home/zx/ws_moveit2/build/serial_can
