[0.032s] Invoking command in '/home/zx/ws_moveit2/src/build/moveit_common': CMAKE_PREFIX_PATH=/opt/ros/humble /usr/bin/cmake /home/zx/ws_moveit2/src/moveit2/moveit_common -DCMAKE_BUILD_TYPE=Release -DCMAKE_INSTALL_PREFIX=/home/zx/ws_moveit2/src/install/moveit_common
[0.227s] -- Found ament_cmake: 1.3.5 (/opt/ros/humble/share/ament_cmake/cmake)
[0.228s] -- Found Python3: /usr/bin/python3.10 (found version "3.10.12") found components: Interpreter 
[0.252s] -- Found ament_lint_auto: 0.12.7 (/opt/ros/humble/share/ament_lint_auto/cmake)
[0.358s] -- Added test 'copyright' to check source files copyright and LICENSE
[0.360s] -- Added test 'lint_cmake' to check CMake code style
[0.361s] -- Added test 'xmllint' to check XML markup files
[0.363s] -- Configuring done
[0.367s] -- Generating done
[0.368s] -- Build files have been written to: /home/zx/ws_moveit2/src/build/moveit_common
[0.372s] Invoked command in '/home/zx/ws_moveit2/src/build/moveit_common' returned '0': CMAKE_PREFIX_PATH=/opt/ros/humble /usr/bin/cmake /home/zx/ws_moveit2/src/moveit2/moveit_common -DCMAKE_BUILD_TYPE=Release -DCMAKE_INSTALL_PREFIX=/home/zx/ws_moveit2/src/install/moveit_common
[0.375s] Invoking command in '/home/zx/ws_moveit2/src/build/moveit_common': CMAKE_PREFIX_PATH=/opt/ros/humble /usr/bin/cmake --build /home/zx/ws_moveit2/src/build/moveit_common -- -j12 -l12
[0.413s] Invoked command in '/home/zx/ws_moveit2/src/build/moveit_common' returned '0': CMAKE_PREFIX_PATH=/opt/ros/humble /usr/bin/cmake --build /home/zx/ws_moveit2/src/build/moveit_common -- -j12 -l12
[0.448s] Invoking command in '/home/zx/ws_moveit2/src/build/moveit_common': CMAKE_PREFIX_PATH=/opt/ros/humble /usr/bin/cmake --install /home/zx/ws_moveit2/src/build/moveit_common
[0.454s] -- Install configuration: "Release"
[0.455s] -- Installing: /home/zx/ws_moveit2/src/install/moveit_common/share/ament_index/resource_index/package_run_dependencies/moveit_common
[0.455s] -- Installing: /home/zx/ws_moveit2/src/install/moveit_common/share/ament_index/resource_index/parent_prefix_path/moveit_common
[0.455s] -- Installing: /home/zx/ws_moveit2/src/install/moveit_common/share/moveit_common/environment/ament_prefix_path.sh
[0.455s] -- Installing: /home/zx/ws_moveit2/src/install/moveit_common/share/moveit_common/environment/ament_prefix_path.dsv
[0.455s] -- Installing: /home/zx/ws_moveit2/src/install/moveit_common/share/moveit_common/environment/path.sh
[0.455s] -- Installing: /home/zx/ws_moveit2/src/install/moveit_common/share/moveit_common/environment/path.dsv
[0.456s] -- Installing: /home/zx/ws_moveit2/src/install/moveit_common/share/moveit_common/local_setup.bash
[0.456s] -- Installing: /home/zx/ws_moveit2/src/install/moveit_common/share/moveit_common/local_setup.sh
[0.456s] -- Installing: /home/zx/ws_moveit2/src/install/moveit_common/share/moveit_common/local_setup.zsh
[0.456s] -- Installing: /home/zx/ws_moveit2/src/install/moveit_common/share/moveit_common/local_setup.dsv
[0.456s] -- Installing: /home/zx/ws_moveit2/src/install/moveit_common/share/moveit_common/package.dsv
[0.456s] -- Installing: /home/zx/ws_moveit2/src/install/moveit_common/share/ament_index/resource_index/packages/moveit_common
[0.456s] -- Installing: /home/zx/ws_moveit2/src/install/moveit_common/share/moveit_common/cmake/moveit_common-extras.cmake
[0.457s] -- Installing: /home/zx/ws_moveit2/src/install/moveit_common/share/moveit_common/cmake/moveit_commonConfig.cmake
[0.457s] -- Installing: /home/zx/ws_moveit2/src/install/moveit_common/share/moveit_common/cmake/moveit_commonConfig-version.cmake
[0.457s] -- Installing: /home/zx/ws_moveit2/src/install/moveit_common/share/moveit_common/package.xml
[0.457s] -- Up-to-date: /home/zx/ws_moveit2/src/install/moveit_common/share/moveit_common/cmake
[0.457s] -- Installing: /home/zx/ws_moveit2/src/install/moveit_common/share/moveit_common/cmake/moveit_package.cmake
[0.460s] Invoked command in '/home/zx/ws_moveit2/src/build/moveit_common' returned '0': CMAKE_PREFIX_PATH=/opt/ros/humble /usr/bin/cmake --install /home/zx/ws_moveit2/src/build/moveit_common
