[0.043s] Invoking command in '/home/zx/ws_moveit2/build/moveit_common': CMAKE_PREFIX_PATH=/opt/ros/humble /usr/bin/cmake /home/zx/ws_moveit2/src/moveit2/moveit_common -DCMAKE_INSTALL_PREFIX=/home/zx/ws_moveit2/install/moveit_common
[0.625s] -- Found ament_cmake: 1.3.5 (/opt/ros/humble/share/ament_cmake/cmake)
[0.625s] -- Found Python3: /usr/bin/python3.10 (found version "3.10.12") found components: Interpreter 
[0.625s] -- Found ament_lint_auto: 0.12.7 (/opt/ros/humble/share/ament_lint_auto/cmake)
[0.625s] -- Added test 'copyright' to check source files copyright and LICENSE
[0.625s] -- Added test 'lint_cmake' to check CMake code style
[0.625s] -- Added test 'xmllint' to check XML markup files
[0.625s] -- Configuring done
[0.625s] -- Generating done
[0.625s] -- Build files have been written to: /home/zx/ws_moveit2/build/moveit_common
[0.638s] Invoked command in '/home/zx/ws_moveit2/build/moveit_common' returned '0': CMAKE_PREFIX_PATH=/opt/ros/humble /usr/bin/cmake /home/zx/ws_moveit2/src/moveit2/moveit_common -DCMAKE_INSTALL_PREFIX=/home/zx/ws_moveit2/install/moveit_common
[0.639s] Invoking command in '/home/zx/ws_moveit2/build/moveit_common': CMAKE_PREFIX_PATH=/opt/ros/humble /usr/bin/cmake --build /home/zx/ws_moveit2/build/moveit_common -- -j12 -l12
[1.017s] Invoked command in '/home/zx/ws_moveit2/build/moveit_common' returned '0': CMAKE_PREFIX_PATH=/opt/ros/humble /usr/bin/cmake --build /home/zx/ws_moveit2/build/moveit_common -- -j12 -l12
[1.075s] Invoking command in '/home/zx/ws_moveit2/build/moveit_common': CMAKE_PREFIX_PATH=/opt/ros/humble /usr/bin/cmake --install /home/zx/ws_moveit2/build/moveit_common
[1.081s] -- Install configuration: ""
[1.081s] -- Installing: /home/zx/ws_moveit2/install/moveit_common/share/ament_index/resource_index/package_run_dependencies/moveit_common
[1.082s] -- Installing: /home/zx/ws_moveit2/install/moveit_common/share/ament_index/resource_index/parent_prefix_path/moveit_common
[1.083s] -- Installing: /home/zx/ws_moveit2/install/moveit_common/share/moveit_common/environment/ament_prefix_path.sh
[1.083s] -- Installing: /home/zx/ws_moveit2/install/moveit_common/share/moveit_common/environment/ament_prefix_path.dsv
[1.084s] -- Installing: /home/zx/ws_moveit2/install/moveit_common/share/moveit_common/environment/path.sh
[1.085s] -- Installing: /home/zx/ws_moveit2/install/moveit_common/share/moveit_common/environment/path.dsv
[1.085s] -- Installing: /home/zx/ws_moveit2/install/moveit_common/share/moveit_common/local_setup.bash
[1.085s] -- Installing: /home/zx/ws_moveit2/install/moveit_common/share/moveit_common/local_setup.sh
[1.085s] -- Installing: /home/zx/ws_moveit2/install/moveit_common/share/moveit_common/local_setup.zsh
[1.085s] -- Installing: /home/zx/ws_moveit2/install/moveit_common/share/moveit_common/local_setup.dsv
[1.086s] -- Installing: /home/zx/ws_moveit2/install/moveit_common/share/moveit_common/package.dsv
[1.086s] -- Installing: /home/zx/ws_moveit2/install/moveit_common/share/ament_index/resource_index/packages/moveit_common
[1.086s] -- Installing: /home/zx/ws_moveit2/install/moveit_common/share/moveit_common/cmake/moveit_common-extras.cmake
[1.086s] -- Installing: /home/zx/ws_moveit2/install/moveit_common/share/moveit_common/cmake/moveit_commonConfig.cmake
[1.086s] -- Installing: /home/zx/ws_moveit2/install/moveit_common/share/moveit_common/cmake/moveit_commonConfig-version.cmake
[1.086s] -- Installing: /home/zx/ws_moveit2/install/moveit_common/share/moveit_common/package.xml
[1.086s] -- Up-to-date: /home/zx/ws_moveit2/install/moveit_common/share/moveit_common/cmake
[1.086s] -- Installing: /home/zx/ws_moveit2/install/moveit_common/share/moveit_common/cmake/moveit_package.cmake
[1.091s] Invoked command in '/home/zx/ws_moveit2/build/moveit_common' returned '0': CMAKE_PREFIX_PATH=/opt/ros/humble /usr/bin/cmake --install /home/zx/ws_moveit2/build/moveit_common
