[0.018s] Invoking command in '/home/zx/ws_moveit2/build/moveit_ros_visualization': AMENT_PREFIX_PATH=/home/zx/ws_moveit2/install/moveit_ros_planning_interface:/home/zx/ws_moveit2/install/moveit_ros_move_group:/home/zx/ws_moveit2/install/moveit_ros_warehouse:/home/zx/ws_moveit2/install/moveit_ros_robot_interaction:/home/zx/ws_moveit2/install/moveit_kinematics:/home/zx/ws_moveit2/install/moveit_ros_planning:/home/zx/ws_moveit2/install/moveit_ros_occupancy_map_monitor:/home/zx/ws_moveit2/install/moveit_core:/home/zx/ws_moveit2/install/srdfdom:/home/zx/ws_moveit2/install/moveit_common:${AMENT_PREFIX_PATH} CMAKE_PREFIX_PATH=/home/zx/ws_moveit2/install/moveit_ros_planning_interface:/home/zx/ws_moveit2/install/moveit_ros_move_group:/home/zx/ws_moveit2/install/moveit_ros_warehouse:/home/zx/ws_moveit2/install/moveit_ros_robot_interaction:/home/zx/ws_moveit2/install/moveit_kinematics:/home/zx/ws_moveit2/install/moveit_ros_planning:/home/zx/ws_moveit2/install/moveit_ros_occupancy_map_monitor:/home/zx/ws_moveit2/install/moveit_core:/home/zx/ws_moveit2/install/srdfdom:/home/zx/ws_moveit2/install/moveit_common:/opt/ros/humble LD_LIBRARY_PATH=/home/zx/ws_moveit2/install/moveit_ros_planning_interface/lib:/home/zx/ws_moveit2/install/moveit_ros_move_group/lib:/home/zx/ws_moveit2/install/moveit_ros_warehouse/lib:/home/zx/ws_moveit2/install/moveit_ros_robot_interaction/lib:/home/zx/ws_moveit2/install/moveit_kinematics/lib:/home/zx/ws_moveit2/install/moveit_ros_planning/lib:/home/zx/ws_moveit2/install/moveit_ros_occupancy_map_monitor/lib:/home/zx/ws_moveit2/install/moveit_core/lib:/home/zx/ws_moveit2/install/srdfdom/lib:${LD_LIBRARY_PATH} PATH=/home/zx/ws_moveit2/install/moveit_core/bin:${PATH} PYTHONPATH=/home/zx/ws_moveit2/install/srdfdom/local/lib/python3.10/dist-packages:${PYTHONPATH} /usr/bin/cmake /home/zx/ws_moveit2/src/moveit2/moveit_ros/visualization -DCMAKE_INSTALL_PREFIX=/home/zx/ws_moveit2/install/moveit_ros_visualization
[0.029s] -- Found moveit_common: 2.5.4 (/home/zx/ws_moveit2/install/moveit_common/share/moveit_common/cmake)
[0.029s] -- Found ament_cmake: 1.3.5 (/opt/ros/humble/share/ament_cmake/cmake)
[0.210s] -- Could NOT find libbfd (missing: LIBBFD_LIBRARY LIBBFD_INCLUDE_DIR) 
[0.210s] -- BACKWARD_HAS_UNWIND=1
[0.210s] -- BACKWARD_HAS_BACKTRACE=0
[0.210s] -- BACKWARD_HAS_BACKTRACE_SYMBOL=0
[0.210s] -- BACKWARD_HAS_DW=1
[0.210s] -- BACKWARD_HAS_BFD=0
[0.211s] -- Found Backward: /opt/ros/humble/share/backward_ros/cmake  
[0.211s] -- Found class_loader: 2.2.0 (/opt/ros/humble/share/class_loader/cmake)
[0.216s] -- Found geometric_shapes: 2.1.3 (/opt/ros/humble/share/geometric_shapes/cmake)
[0.220s] -- Found Boost: /usr/lib/x86_64-linux-gnu/cmake/Boost-1.74.0/BoostConfig.cmake (found version "1.74.0") found components: filesystem 
[0.234s] -- Found rosidl_generator_c: 3.1.5 (/opt/ros/humble/share/rosidl_generator_c/cmake)
[0.236s] -- Found rosidl_adapter: 3.1.5 (/opt/ros/humble/share/rosidl_adapter/cmake)
[0.240s] -- Found rosidl_generator_cpp: 3.1.5 (/opt/ros/humble/share/rosidl_generator_cpp/cmake)
[0.249s] -- Using all available rosidl_typesupport_c: rosidl_typesupport_fastrtps_c;rosidl_typesupport_introspection_c
[0.258s] -- Using all available rosidl_typesupport_cpp: rosidl_typesupport_fastrtps_cpp;rosidl_typesupport_introspection_cpp
[0.390s] -- Found rmw_implementation_cmake: 6.1.1 (/opt/ros/humble/share/rmw_implementation_cmake/cmake)
[0.391s] -- Found rmw_fastrtps_cpp: 6.2.3 (/opt/ros/humble/share/rmw_fastrtps_cpp/cmake)
[0.514s] -- Using RMW implementation 'rmw_fastrtps_cpp' as default
[0.681s] -- library: /usr/lib/x86_64-linux-gnu/libcurl.so
[0.977s] -- Found interactive_markers: 2.3.2 (/opt/ros/humble/share/interactive_markers/cmake)
[0.995s] -- Found moveit_ros_planning: 2.5.4 (/home/zx/ws_moveit2/install/moveit_ros_planning/share/moveit_ros_planning/cmake)
[1.006s] -- Found Boost: /usr/lib/x86_64-linux-gnu/cmake/Boost-1.74.0/BoostConfig.cmake (found version "1.74.0") found components: system filesystem date_time program_options thread chrono 
[1.427s] -- Found Boost: /usr/lib/x86_64-linux-gnu/cmake/Boost-1.74.0/BoostConfig.cmake (found version "1.74.0") found components: chrono date_time filesystem iostreams program_options regex serialization system thread 
[1.433s] -- Found parameter_traits: 0.3.6 (/opt/ros/humble/share/parameter_traits/cmake)
[1.449s] -- Found rclcpp_lifecycle: 16.0.5 (/opt/ros/humble/share/rclcpp_lifecycle/cmake)
[1.508s] -- Ensuring Eigen3 include directory is part of orocos-kdl CMake target
[2.705s] -- Found moveit_ros_planning_interface: 2.5.4 (/home/zx/ws_moveit2/install/moveit_ros_planning_interface/share/moveit_ros_planning_interface/cmake)
[2.709s] -- Found Boost: /usr/lib/x86_64-linux-gnu/cmake/Boost-1.74.0/BoostConfig.cmake (found version "1.74.0") found components: date_time filesystem program_options system thread 
[2.904s] -- Found Boost: /usr/lib/x86_64-linux-gnu/cmake/Boost-1.74.0/BoostConfig.cmake (found version "1.74.0") found components: thread system filesystem regex date_time program_options 
[3.163s] -- Found Boost: /usr/lib/x86_64-linux-gnu/cmake/Boost-1.74.0/BoostConfig.cmake (found version "1.74.0") found components: system filesystem date_time program_options thread 
[3.632s] -- Found moveit_ros_robot_interaction: 2.5.4 (/home/zx/ws_moveit2/install/moveit_ros_robot_interaction/share/moveit_ros_robot_interaction/cmake)
[3.772s] -- Found rclpy: 3.3.9 (/opt/ros/humble/share/rclpy/cmake)
[3.772s] -- Found rviz2: 11.2.7 (/opt/ros/humble/share/rviz2/cmake)
[3.774s] -- Found rviz_common: 11.2.7 (/opt/ros/humble/share/rviz_common/cmake)
[3.786s] -- Setting OGRE_DIR to: '/opt/ros/humble/share/rviz_ogre_vendor/cmake/../../../opt/rviz_ogre_vendor/lib/OGRE/cmake'
[3.787s] -- Found OGRE
[3.787s] --   static     : OFF
[3.787s] --   components : HLMS;MeshLodGenerator;Overlay;Paging;Property;RTShaderSystem;Terrain;Volume
[3.787s] --   plugins    : Plugin_BSPSceneManager;Plugin_OctreeSceneManager;Plugin_PCZSceneManager;Plugin_ParticleFX;RenderSystem_GL;RenderSystem_GL3Plus;Codec_STBI
[3.788s] --   media      : /opt/ros/humble/opt/rviz_ogre_vendor/share/OGRE/Media
[3.788s] -- OGRE_LIBRARIES: OgreHLMS;OgreMeshLodGenerator;OgreOverlay;OgrePaging;OgreProperty;OgreRTShaderSystem;OgreTerrain;OgreVolume;OgreMain
[3.788s] -- OGRE_LIBRARY_DIRS: /opt/ros/humble/opt/rviz_ogre_vendor/lib
[3.788s] -- OGRE_PLUGINS: Plugin_BSPSceneManager;Plugin_OctreeSceneManager;Plugin_PCZSceneManager;Plugin_ParticleFX;RenderSystem_GL;RenderSystem_GL3Plus;Codec_STBI
[3.788s] -- OGRE_PLUGIN_DIR: /opt/ros/humble/opt/rviz_ogre_vendor/lib/OGRE
[3.788s] -- rviz_ogre_vendor::OgreOverlay for IMPORTED_LOCATION_RELEASE: /opt/ros/humble/opt/rviz_ogre_vendor/lib/libOgreOverlay.so
[3.788s] -- rviz_ogre_vendor::OgreOverlay for IMPORTED_LOCATION_DEBUG: /opt/ros/humble/opt/rviz_ogre_vendor/lib/libOgreOverlay.so
[3.788s] -- rviz_ogre_vendor::OgreMain for IMPORTED_LOCATION_RELEASE: /opt/ros/humble/opt/rviz_ogre_vendor/lib/libOgreMain.so
[3.788s] -- rviz_ogre_vendor::OgreMain for IMPORTED_LOCATION_DEBUG: /opt/ros/humble/opt/rviz_ogre_vendor/lib/libOgreMain.so
[3.789s] -- Could not find freeimage library
[3.831s] -- rviz_ogre_vendor::RenderSystem_GL for IMPORTED_LOCATION_RELEASE: _render_system_gl_static_library_abs-NOTFOUND
[3.831s] -- rviz_ogre_vendor::RenderSystem_GL for IMPORTED_LOCATION_DEBUG: _render_system_gl_static_library_abs-NOTFOUND
[3.906s] -- Found rviz_default_plugins: 11.2.7 (/opt/ros/humble/share/rviz_default_plugins/cmake)
[4.282s] -- Found Boost: /usr/lib/x86_64-linux-gnu/cmake/Boost-1.74.0/BoostConfig.cmake (found version "1.74.0") found components: thread date_time system filesystem 
[4.312s] -- Found ament_lint_auto: 0.12.7 (/opt/ros/humble/share/ament_lint_auto/cmake)
[4.322s] -- Added test 'cppcheck' to perform static code analysis on C / C++ code
[4.322s] -- Configured cppcheck include dirs: /home/zx/ws_moveit2/src/moveit2/moveit_ros/visualization/rviz_plugin_render_tools/include;/home/zx/ws_moveit2/src/moveit2/moveit_ros/visualization/robot_state_rviz_plugin/include;/home/zx/ws_moveit2/src/moveit2/moveit_ros/visualization/planning_scene_rviz_plugin/include;/home/zx/ws_moveit2/src/moveit2/moveit_ros/visualization/motion_planning_rviz_plugin/include;/home/zx/ws_moveit2/src/moveit2/moveit_ros/visualization/trajectory_rviz_plugin/include
[4.322s] -- Configured cppcheck exclude dirs and/or files: 
[4.323s] -- Added test 'lint_cmake' to check CMake code style
[4.323s] -- Added test 'pep257' to check Python code against some of the docstring style conventions in PEP 257
[4.324s] -- Added test 'xmllint' to check XML markup files
[4.325s] -- Configuring done
[4.553s] -- Generating done
[4.557s] -- Build files have been written to: /home/zx/ws_moveit2/build/moveit_ros_visualization
[4.572s] Invoked command in '/home/zx/ws_moveit2/build/moveit_ros_visualization' returned '0': AMENT_PREFIX_PATH=/home/zx/ws_moveit2/install/moveit_ros_planning_interface:/home/zx/ws_moveit2/install/moveit_ros_move_group:/home/zx/ws_moveit2/install/moveit_ros_warehouse:/home/zx/ws_moveit2/install/moveit_ros_robot_interaction:/home/zx/ws_moveit2/install/moveit_kinematics:/home/zx/ws_moveit2/install/moveit_ros_planning:/home/zx/ws_moveit2/install/moveit_ros_occupancy_map_monitor:/home/zx/ws_moveit2/install/moveit_core:/home/zx/ws_moveit2/install/srdfdom:/home/zx/ws_moveit2/install/moveit_common:${AMENT_PREFIX_PATH} CMAKE_PREFIX_PATH=/home/zx/ws_moveit2/install/moveit_ros_planning_interface:/home/zx/ws_moveit2/install/moveit_ros_move_group:/home/zx/ws_moveit2/install/moveit_ros_warehouse:/home/zx/ws_moveit2/install/moveit_ros_robot_interaction:/home/zx/ws_moveit2/install/moveit_kinematics:/home/zx/ws_moveit2/install/moveit_ros_planning:/home/zx/ws_moveit2/install/moveit_ros_occupancy_map_monitor:/home/zx/ws_moveit2/install/moveit_core:/home/zx/ws_moveit2/install/srdfdom:/home/zx/ws_moveit2/install/moveit_common:/opt/ros/humble LD_LIBRARY_PATH=/home/zx/ws_moveit2/install/moveit_ros_planning_interface/lib:/home/zx/ws_moveit2/install/moveit_ros_move_group/lib:/home/zx/ws_moveit2/install/moveit_ros_warehouse/lib:/home/zx/ws_moveit2/install/moveit_ros_robot_interaction/lib:/home/zx/ws_moveit2/install/moveit_kinematics/lib:/home/zx/ws_moveit2/install/moveit_ros_planning/lib:/home/zx/ws_moveit2/install/moveit_ros_occupancy_map_monitor/lib:/home/zx/ws_moveit2/install/moveit_core/lib:/home/zx/ws_moveit2/install/srdfdom/lib:${LD_LIBRARY_PATH} PATH=/home/zx/ws_moveit2/install/moveit_core/bin:${PATH} PYTHONPATH=/home/zx/ws_moveit2/install/srdfdom/local/lib/python3.10/dist-packages:${PYTHONPATH} /usr/bin/cmake /home/zx/ws_moveit2/src/moveit2/moveit_ros/visualization -DCMAKE_INSTALL_PREFIX=/home/zx/ws_moveit2/install/moveit_ros_visualization
[4.573s] Invoking command in '/home/zx/ws_moveit2/build/moveit_ros_visualization': AMENT_PREFIX_PATH=/home/zx/ws_moveit2/install/moveit_ros_planning_interface:/home/zx/ws_moveit2/install/moveit_ros_move_group:/home/zx/ws_moveit2/install/moveit_ros_warehouse:/home/zx/ws_moveit2/install/moveit_ros_robot_interaction:/home/zx/ws_moveit2/install/moveit_kinematics:/home/zx/ws_moveit2/install/moveit_ros_planning:/home/zx/ws_moveit2/install/moveit_ros_occupancy_map_monitor:/home/zx/ws_moveit2/install/moveit_core:/home/zx/ws_moveit2/install/srdfdom:/home/zx/ws_moveit2/install/moveit_common:${AMENT_PREFIX_PATH} CMAKE_PREFIX_PATH=/home/zx/ws_moveit2/install/moveit_ros_planning_interface:/home/zx/ws_moveit2/install/moveit_ros_move_group:/home/zx/ws_moveit2/install/moveit_ros_warehouse:/home/zx/ws_moveit2/install/moveit_ros_robot_interaction:/home/zx/ws_moveit2/install/moveit_kinematics:/home/zx/ws_moveit2/install/moveit_ros_planning:/home/zx/ws_moveit2/install/moveit_ros_occupancy_map_monitor:/home/zx/ws_moveit2/install/moveit_core:/home/zx/ws_moveit2/install/srdfdom:/home/zx/ws_moveit2/install/moveit_common:/opt/ros/humble LD_LIBRARY_PATH=/home/zx/ws_moveit2/install/moveit_ros_planning_interface/lib:/home/zx/ws_moveit2/install/moveit_ros_move_group/lib:/home/zx/ws_moveit2/install/moveit_ros_warehouse/lib:/home/zx/ws_moveit2/install/moveit_ros_robot_interaction/lib:/home/zx/ws_moveit2/install/moveit_kinematics/lib:/home/zx/ws_moveit2/install/moveit_ros_planning/lib:/home/zx/ws_moveit2/install/moveit_ros_occupancy_map_monitor/lib:/home/zx/ws_moveit2/install/moveit_core/lib:/home/zx/ws_moveit2/install/srdfdom/lib:${LD_LIBRARY_PATH} PATH=/home/zx/ws_moveit2/install/moveit_core/bin:${PATH} PYTHONPATH=/home/zx/ws_moveit2/install/srdfdom/local/lib/python3.10/dist-packages:${PYTHONPATH} /usr/bin/cmake --build /home/zx/ws_moveit2/build/moveit_ros_visualization -- -j12 -l12
[4.609s] [  1%] [34m[1mAutomatic MOC for target moveit_rviz_plugin_render_tools[0m
[4.627s] [  1%] Built target moveit_rviz_plugin_render_tools_autogen
[4.643s] [35m[1mConsolidate compiler generated dependencies of target moveit_rviz_plugin_render_tools[0m
[4.680s] [ 18%] Built target moveit_rviz_plugin_render_tools
[4.694s] [ 20%] [34m[1mAutomatic MOC for target moveit_robot_state_rviz_plugin_core[0m
[4.708s] [ 20%] Built target moveit_robot_state_rviz_plugin_core_autogen
[4.721s] [ 22%] [34m[1mAutomatic MOC for target moveit_planning_scene_rviz_plugin_core[0m
[4.734s] [ 22%] Built target moveit_planning_scene_rviz_plugin_core_autogen
[4.744s] [35m[1mConsolidate compiler generated dependencies of target moveit_robot_state_rviz_plugin_core[0m
[4.764s] [ 27%] Built target moveit_robot_state_rviz_plugin_core
[4.775s] [35m[1mConsolidate compiler generated dependencies of target moveit_planning_scene_rviz_plugin_core[0m
[4.801s] [ 34%] Built target moveit_planning_scene_rviz_plugin_core
[4.814s] [ 36%] [34m[1mAutomatic MOC for target moveit_robot_state_rviz_plugin[0m
[4.826s] [ 36%] Built target moveit_robot_state_rviz_plugin_autogen
[4.841s] [ 37%] [34m[1mAutomatic MOC for target moveit_trajectory_rviz_plugin_core[0m
[4.855s] [ 37%] Built target moveit_trajectory_rviz_plugin_core_autogen
[4.863s] [35m[1mConsolidate compiler generated dependencies of target moveit_robot_state_rviz_plugin[0m
[4.880s] [ 43%] Built target moveit_robot_state_rviz_plugin
[4.890s] [35m[1mConsolidate compiler generated dependencies of target moveit_trajectory_rviz_plugin_core[0m
[4.910s] [ 48%] Built target moveit_trajectory_rviz_plugin_core
[4.923s] [ 50%] [34m[1mAutomatic MOC for target moveit_planning_scene_rviz_plugin[0m
[4.937s] [ 50%] Built target moveit_planning_scene_rviz_plugin_autogen
[4.951s] [ 51%] [34m[1mAutomatic MOC for target moveit_trajectory_rviz_plugin[0m
[4.964s] [ 51%] Built target moveit_trajectory_rviz_plugin_autogen
[4.973s] [35m[1mConsolidate compiler generated dependencies of target moveit_planning_scene_rviz_plugin[0m
[4.994s] [ 56%] Built target moveit_planning_scene_rviz_plugin
[5.002s] [35m[1mConsolidate compiler generated dependencies of target moveit_trajectory_rviz_plugin[0m
[5.019s] [ 62%] Built target moveit_trajectory_rviz_plugin
[5.032s] [ 63%] [34m[1mAutomatic MOC for target moveit_motion_planning_rviz_plugin_core[0m
[5.050s] [ 63%] Built target moveit_motion_planning_rviz_plugin_core_autogen
[5.077s] [35m[1mConsolidate compiler generated dependencies of target moveit_motion_planning_rviz_plugin_core[0m
[5.151s] [ 93%] Built target moveit_motion_planning_rviz_plugin_core
[5.165s] [ 94%] [34m[1mAutomatic MOC for target moveit_motion_planning_rviz_plugin[0m
[5.177s] [ 94%] Built target moveit_motion_planning_rviz_plugin_autogen
[5.186s] [35m[1mConsolidate compiler generated dependencies of target moveit_motion_planning_rviz_plugin[0m
[5.211s] [100%] Built target moveit_motion_planning_rviz_plugin
[5.218s] Invoked command in '/home/zx/ws_moveit2/build/moveit_ros_visualization' returned '0': AMENT_PREFIX_PATH=/home/zx/ws_moveit2/install/moveit_ros_planning_interface:/home/zx/ws_moveit2/install/moveit_ros_move_group:/home/zx/ws_moveit2/install/moveit_ros_warehouse:/home/zx/ws_moveit2/install/moveit_ros_robot_interaction:/home/zx/ws_moveit2/install/moveit_kinematics:/home/zx/ws_moveit2/install/moveit_ros_planning:/home/zx/ws_moveit2/install/moveit_ros_occupancy_map_monitor:/home/zx/ws_moveit2/install/moveit_core:/home/zx/ws_moveit2/install/srdfdom:/home/zx/ws_moveit2/install/moveit_common:${AMENT_PREFIX_PATH} CMAKE_PREFIX_PATH=/home/zx/ws_moveit2/install/moveit_ros_planning_interface:/home/zx/ws_moveit2/install/moveit_ros_move_group:/home/zx/ws_moveit2/install/moveit_ros_warehouse:/home/zx/ws_moveit2/install/moveit_ros_robot_interaction:/home/zx/ws_moveit2/install/moveit_kinematics:/home/zx/ws_moveit2/install/moveit_ros_planning:/home/zx/ws_moveit2/install/moveit_ros_occupancy_map_monitor:/home/zx/ws_moveit2/install/moveit_core:/home/zx/ws_moveit2/install/srdfdom:/home/zx/ws_moveit2/install/moveit_common:/opt/ros/humble LD_LIBRARY_PATH=/home/zx/ws_moveit2/install/moveit_ros_planning_interface/lib:/home/zx/ws_moveit2/install/moveit_ros_move_group/lib:/home/zx/ws_moveit2/install/moveit_ros_warehouse/lib:/home/zx/ws_moveit2/install/moveit_ros_robot_interaction/lib:/home/zx/ws_moveit2/install/moveit_kinematics/lib:/home/zx/ws_moveit2/install/moveit_ros_planning/lib:/home/zx/ws_moveit2/install/moveit_ros_occupancy_map_monitor/lib:/home/zx/ws_moveit2/install/moveit_core/lib:/home/zx/ws_moveit2/install/srdfdom/lib:${LD_LIBRARY_PATH} PATH=/home/zx/ws_moveit2/install/moveit_core/bin:${PATH} PYTHONPATH=/home/zx/ws_moveit2/install/srdfdom/local/lib/python3.10/dist-packages:${PYTHONPATH} /usr/bin/cmake --build /home/zx/ws_moveit2/build/moveit_ros_visualization -- -j12 -l12
[5.239s] Invoking command in '/home/zx/ws_moveit2/build/moveit_ros_visualization': AMENT_PREFIX_PATH=/home/zx/ws_moveit2/install/moveit_ros_planning_interface:/home/zx/ws_moveit2/install/moveit_ros_move_group:/home/zx/ws_moveit2/install/moveit_ros_warehouse:/home/zx/ws_moveit2/install/moveit_ros_robot_interaction:/home/zx/ws_moveit2/install/moveit_kinematics:/home/zx/ws_moveit2/install/moveit_ros_planning:/home/zx/ws_moveit2/install/moveit_ros_occupancy_map_monitor:/home/zx/ws_moveit2/install/moveit_core:/home/zx/ws_moveit2/install/srdfdom:/home/zx/ws_moveit2/install/moveit_common:${AMENT_PREFIX_PATH} CMAKE_PREFIX_PATH=/home/zx/ws_moveit2/install/moveit_ros_planning_interface:/home/zx/ws_moveit2/install/moveit_ros_move_group:/home/zx/ws_moveit2/install/moveit_ros_warehouse:/home/zx/ws_moveit2/install/moveit_ros_robot_interaction:/home/zx/ws_moveit2/install/moveit_kinematics:/home/zx/ws_moveit2/install/moveit_ros_planning:/home/zx/ws_moveit2/install/moveit_ros_occupancy_map_monitor:/home/zx/ws_moveit2/install/moveit_core:/home/zx/ws_moveit2/install/srdfdom:/home/zx/ws_moveit2/install/moveit_common:/opt/ros/humble LD_LIBRARY_PATH=/home/zx/ws_moveit2/install/moveit_ros_planning_interface/lib:/home/zx/ws_moveit2/install/moveit_ros_move_group/lib:/home/zx/ws_moveit2/install/moveit_ros_warehouse/lib:/home/zx/ws_moveit2/install/moveit_ros_robot_interaction/lib:/home/zx/ws_moveit2/install/moveit_kinematics/lib:/home/zx/ws_moveit2/install/moveit_ros_planning/lib:/home/zx/ws_moveit2/install/moveit_ros_occupancy_map_monitor/lib:/home/zx/ws_moveit2/install/moveit_core/lib:/home/zx/ws_moveit2/install/srdfdom/lib:${LD_LIBRARY_PATH} PATH=/home/zx/ws_moveit2/install/moveit_core/bin:${PATH} PYTHONPATH=/home/zx/ws_moveit2/install/srdfdom/local/lib/python3.10/dist-packages:${PYTHONPATH} /usr/bin/cmake --install /home/zx/ws_moveit2/build/moveit_ros_visualization
[5.245s] -- Install configuration: "Release"
[5.245s] -- Up-to-date: /home/zx/ws_moveit2/install/moveit_ros_visualization/include
[5.245s] -- Up-to-date: /home/zx/ws_moveit2/install/moveit_ros_visualization/include/moveit
[5.248s] -- Up-to-date: /home/zx/ws_moveit2/install/moveit_ros_visualization/include/moveit/rviz_plugin_render_tools
[5.248s] -- Up-to-date: /home/zx/ws_moveit2/install/moveit_ros_visualization/include/moveit/rviz_plugin_render_tools/octomap_render.h
[5.248s] -- Up-to-date: /home/zx/ws_moveit2/install/moveit_ros_visualization/include/moveit/rviz_plugin_render_tools/robot_state_visualization.h
[5.248s] -- Up-to-date: /home/zx/ws_moveit2/install/moveit_ros_visualization/include/moveit/rviz_plugin_render_tools/planning_link_updater.h
[5.248s] -- Up-to-date: /home/zx/ws_moveit2/install/moveit_ros_visualization/include/moveit/rviz_plugin_render_tools/render_shapes.h
[5.248s] -- Up-to-date: /home/zx/ws_moveit2/install/moveit_ros_visualization/include/moveit/rviz_plugin_render_tools/planning_scene_render.h
[5.248s] -- Up-to-date: /home/zx/ws_moveit2/install/moveit_ros_visualization/include/moveit/rviz_plugin_render_tools/trajectory_visualization.h
[5.248s] -- Up-to-date: /home/zx/ws_moveit2/install/moveit_ros_visualization/include/moveit/rviz_plugin_render_tools/trajectory_panel.h
[5.248s] -- Up-to-date: /home/zx/ws_moveit2/install/moveit_ros_visualization/include/ogre_helpers
[5.248s] -- Up-to-date: /home/zx/ws_moveit2/install/moveit_ros_visualization/include/ogre_helpers/mesh_shape.hpp
[5.248s] -- Up-to-date: /home/zx/ws_moveit2/install/moveit_ros_visualization/include
[5.248s] -- Up-to-date: /home/zx/ws_moveit2/install/moveit_ros_visualization/include/moveit
[5.248s] -- Up-to-date: /home/zx/ws_moveit2/install/moveit_ros_visualization/include/moveit/robot_state_rviz_plugin
[5.248s] -- Up-to-date: /home/zx/ws_moveit2/install/moveit_ros_visualization/include/moveit/robot_state_rviz_plugin/robot_state_display.h
[5.248s] -- Up-to-date: /home/zx/ws_moveit2/install/moveit_ros_visualization/include
[5.248s] -- Up-to-date: /home/zx/ws_moveit2/install/moveit_ros_visualization/include/moveit
[5.248s] -- Up-to-date: /home/zx/ws_moveit2/install/moveit_ros_visualization/include/moveit/planning_scene_rviz_plugin
[5.248s] -- Up-to-date: /home/zx/ws_moveit2/install/moveit_ros_visualization/include/moveit/planning_scene_rviz_plugin/background_processing.hpp
[5.248s] -- Up-to-date: /home/zx/ws_moveit2/install/moveit_ros_visualization/include/moveit/planning_scene_rviz_plugin/planning_scene_display.h
[5.248s] -- Up-to-date: /home/zx/ws_moveit2/install/moveit_ros_visualization/include/moveit_planning_scene_rviz_plugin_core_export.h
[5.248s] -- Up-to-date: /home/zx/ws_moveit2/install/moveit_ros_visualization/include
[5.248s] -- Up-to-date: /home/zx/ws_moveit2/install/moveit_ros_visualization/include/moveit
[5.249s] -- Up-to-date: /home/zx/ws_moveit2/install/moveit_ros_visualization/include/moveit/motion_planning_rviz_plugin
[5.249s] -- Up-to-date: /home/zx/ws_moveit2/install/moveit_ros_visualization/include/moveit/motion_planning_rviz_plugin/interactive_marker_display.h
[5.249s] -- Up-to-date: /home/zx/ws_moveit2/install/moveit_ros_visualization/include/moveit/motion_planning_rviz_plugin/motion_planning_frame.h
[5.249s] -- Up-to-date: /home/zx/ws_moveit2/install/moveit_ros_visualization/include/moveit/motion_planning_rviz_plugin/motion_planning_frame_joints_widget.h
[5.249s] -- Up-to-date: /home/zx/ws_moveit2/install/moveit_ros_visualization/include/moveit/motion_planning_rviz_plugin/motion_planning_param_widget.h
[5.249s] -- Up-to-date: /home/zx/ws_moveit2/install/moveit_ros_visualization/include/moveit/motion_planning_rviz_plugin/motion_planning_display.h
[5.249s] -- Up-to-date: /home/zx/ws_moveit2/install/moveit_ros_visualization/include
[5.249s] -- Up-to-date: /home/zx/ws_moveit2/install/moveit_ros_visualization/include/moveit
[5.249s] -- Up-to-date: /home/zx/ws_moveit2/install/moveit_ros_visualization/include/moveit/trajectory_rviz_plugin
[5.249s] -- Up-to-date: /home/zx/ws_moveit2/install/moveit_ros_visualization/include/moveit/trajectory_rviz_plugin/trajectory_display.h
[5.249s] -- Up-to-date: /home/zx/ws_moveit2/install/moveit_ros_visualization/share/moveit_ros_visualization/icons
[5.249s] -- Up-to-date: /home/zx/ws_moveit2/install/moveit_ros_visualization/share/moveit_ros_visualization/icons/classes
[5.249s] -- Up-to-date: /home/zx/ws_moveit2/install/moveit_ros_visualization/share/moveit_ros_visualization/icons/classes/PlanningScene.png
[5.249s] -- Up-to-date: /home/zx/ws_moveit2/install/moveit_ros_visualization/share/moveit_ros_visualization/icons/classes/Trajectory.png
[5.249s] -- Up-to-date: /home/zx/ws_moveit2/install/moveit_ros_visualization/share/moveit_ros_visualization/icons/classes/MotionPlanning.png
[5.249s] -- Up-to-date: /home/zx/ws_moveit2/install/moveit_ros_visualization/share/moveit_ros_visualization/icons/classes/RobotState.png
[5.249s] -- Up-to-date: /home/zx/ws_moveit2/install/moveit_ros_visualization/share/moveit_ros_visualization/motion_planning_rviz_plugin_description.xml
[5.249s] -- Up-to-date: /home/zx/ws_moveit2/install/moveit_ros_visualization/share/moveit_ros_visualization/trajectory_rviz_plugin_description.xml
[5.249s] -- Up-to-date: /home/zx/ws_moveit2/install/moveit_ros_visualization/share/moveit_ros_visualization/planning_scene_rviz_plugin_description.xml
[5.249s] -- Up-to-date: /home/zx/ws_moveit2/install/moveit_ros_visualization/share/moveit_ros_visualization/robot_state_rviz_plugin_description.xml
[5.249s] -- Up-to-date: /home/zx/ws_moveit2/install/moveit_ros_visualization/lib/libmoveit_motion_planning_rviz_plugin.so.2.5.4
[5.250s] -- Up-to-date: /home/zx/ws_moveit2/install/moveit_ros_visualization/lib/libmoveit_motion_planning_rviz_plugin.so
[5.250s] -- Up-to-date: /home/zx/ws_moveit2/install/moveit_ros_visualization/lib/libmoveit_motion_planning_rviz_plugin_core.so.2.5.4
[5.250s] -- Up-to-date: /home/zx/ws_moveit2/install/moveit_ros_visualization/lib/libmoveit_motion_planning_rviz_plugin_core.so
[5.250s] -- Up-to-date: /home/zx/ws_moveit2/install/moveit_ros_visualization/lib/libmoveit_planning_scene_rviz_plugin.so.2.5.4
[5.250s] -- Up-to-date: /home/zx/ws_moveit2/install/moveit_ros_visualization/lib/libmoveit_planning_scene_rviz_plugin.so
[5.251s] -- Up-to-date: /home/zx/ws_moveit2/install/moveit_ros_visualization/lib/libmoveit_planning_scene_rviz_plugin_core.so.2.5.4
[5.251s] -- Up-to-date: /home/zx/ws_moveit2/install/moveit_ros_visualization/lib/libmoveit_planning_scene_rviz_plugin_core.so
[5.251s] -- Up-to-date: /home/zx/ws_moveit2/install/moveit_ros_visualization/lib/libmoveit_robot_state_rviz_plugin.so.2.5.4
[5.251s] -- Up-to-date: /home/zx/ws_moveit2/install/moveit_ros_visualization/lib/libmoveit_robot_state_rviz_plugin.so
[5.252s] -- Up-to-date: /home/zx/ws_moveit2/install/moveit_ros_visualization/lib/libmoveit_robot_state_rviz_plugin_core.so.2.5.4
[5.252s] -- Up-to-date: /home/zx/ws_moveit2/install/moveit_ros_visualization/lib/libmoveit_robot_state_rviz_plugin_core.so
[5.252s] -- Up-to-date: /home/zx/ws_moveit2/install/moveit_ros_visualization/lib/libmoveit_rviz_plugin_render_tools.so.2.5.4
[5.252s] -- Up-to-date: /home/zx/ws_moveit2/install/moveit_ros_visualization/lib/libmoveit_rviz_plugin_render_tools.so
[5.252s] -- Up-to-date: /home/zx/ws_moveit2/install/moveit_ros_visualization/lib/libmoveit_trajectory_rviz_plugin.so.2.5.4
[5.252s] -- Up-to-date: /home/zx/ws_moveit2/install/moveit_ros_visualization/lib/libmoveit_trajectory_rviz_plugin.so
[5.253s] -- Up-to-date: /home/zx/ws_moveit2/install/moveit_ros_visualization/lib/libmoveit_trajectory_rviz_plugin_core.so.2.5.4
[5.253s] -- Up-to-date: /home/zx/ws_moveit2/install/moveit_ros_visualization/lib/libmoveit_trajectory_rviz_plugin_core.so
[5.253s] -- Up-to-date: /home/zx/ws_moveit2/install/moveit_ros_visualization/share/moveit_ros_visualization/environment/library_path.sh
[5.253s] -- Installing: /home/zx/ws_moveit2/install/moveit_ros_visualization/share/moveit_ros_visualization/environment/library_path.dsv
[5.253s] -- Up-to-date: /home/zx/ws_moveit2/install/moveit_ros_visualization/share/ament_index/resource_index/package_run_dependencies/moveit_ros_visualization
[5.253s] -- Up-to-date: /home/zx/ws_moveit2/install/moveit_ros_visualization/share/ament_index/resource_index/parent_prefix_path/moveit_ros_visualization
[5.253s] -- Up-to-date: /home/zx/ws_moveit2/install/moveit_ros_visualization/share/moveit_ros_visualization/environment/ament_prefix_path.sh
[5.253s] -- Installing: /home/zx/ws_moveit2/install/moveit_ros_visualization/share/moveit_ros_visualization/environment/ament_prefix_path.dsv
[5.253s] -- Up-to-date: /home/zx/ws_moveit2/install/moveit_ros_visualization/share/moveit_ros_visualization/environment/path.sh
[5.253s] -- Installing: /home/zx/ws_moveit2/install/moveit_ros_visualization/share/moveit_ros_visualization/environment/path.dsv
[5.254s] -- Up-to-date: /home/zx/ws_moveit2/install/moveit_ros_visualization/share/moveit_ros_visualization/local_setup.bash
[5.254s] -- Up-to-date: /home/zx/ws_moveit2/install/moveit_ros_visualization/share/moveit_ros_visualization/local_setup.sh
[5.254s] -- Up-to-date: /home/zx/ws_moveit2/install/moveit_ros_visualization/share/moveit_ros_visualization/local_setup.zsh
[5.254s] -- Installing: /home/zx/ws_moveit2/install/moveit_ros_visualization/share/moveit_ros_visualization/local_setup.dsv
[5.254s] -- Installing: /home/zx/ws_moveit2/install/moveit_ros_visualization/share/moveit_ros_visualization/package.dsv
[5.254s] -- Up-to-date: /home/zx/ws_moveit2/install/moveit_ros_visualization/share/ament_index/resource_index/packages/moveit_ros_visualization
[5.254s] -- Up-to-date: /home/zx/ws_moveit2/install/moveit_ros_visualization/share/ament_index/resource_index/rviz_common__pluginlib__plugin/moveit_ros_visualization
[5.254s] -- Up-to-date: /home/zx/ws_moveit2/install/moveit_ros_visualization/share/moveit_ros_visualization/cmake/export_moveit_ros_visualizationExport.cmake
[5.254s] -- Up-to-date: /home/zx/ws_moveit2/install/moveit_ros_visualization/share/moveit_ros_visualization/cmake/export_moveit_ros_visualizationExport-release.cmake
[5.254s] -- Up-to-date: /home/zx/ws_moveit2/install/moveit_ros_visualization/share/moveit_ros_visualization/cmake/ConfigExtras.cmake
[5.254s] -- Up-to-date: /home/zx/ws_moveit2/install/moveit_ros_visualization/share/moveit_ros_visualization/cmake/ament_cmake_export_targets-extras.cmake
[5.254s] -- Up-to-date: /home/zx/ws_moveit2/install/moveit_ros_visualization/share/moveit_ros_visualization/cmake/ament_cmake_export_dependencies-extras.cmake
[5.254s] -- Up-to-date: /home/zx/ws_moveit2/install/moveit_ros_visualization/share/moveit_ros_visualization/cmake/moveit_ros_visualizationConfig.cmake
[5.254s] -- Up-to-date: /home/zx/ws_moveit2/install/moveit_ros_visualization/share/moveit_ros_visualization/cmake/moveit_ros_visualizationConfig-version.cmake
[5.254s] -- Up-to-date: /home/zx/ws_moveit2/install/moveit_ros_visualization/share/moveit_ros_visualization/package.xml
[5.257s] Invoked command in '/home/zx/ws_moveit2/build/moveit_ros_visualization' returned '0': AMENT_PREFIX_PATH=/home/zx/ws_moveit2/install/moveit_ros_planning_interface:/home/zx/ws_moveit2/install/moveit_ros_move_group:/home/zx/ws_moveit2/install/moveit_ros_warehouse:/home/zx/ws_moveit2/install/moveit_ros_robot_interaction:/home/zx/ws_moveit2/install/moveit_kinematics:/home/zx/ws_moveit2/install/moveit_ros_planning:/home/zx/ws_moveit2/install/moveit_ros_occupancy_map_monitor:/home/zx/ws_moveit2/install/moveit_core:/home/zx/ws_moveit2/install/srdfdom:/home/zx/ws_moveit2/install/moveit_common:${AMENT_PREFIX_PATH} CMAKE_PREFIX_PATH=/home/zx/ws_moveit2/install/moveit_ros_planning_interface:/home/zx/ws_moveit2/install/moveit_ros_move_group:/home/zx/ws_moveit2/install/moveit_ros_warehouse:/home/zx/ws_moveit2/install/moveit_ros_robot_interaction:/home/zx/ws_moveit2/install/moveit_kinematics:/home/zx/ws_moveit2/install/moveit_ros_planning:/home/zx/ws_moveit2/install/moveit_ros_occupancy_map_monitor:/home/zx/ws_moveit2/install/moveit_core:/home/zx/ws_moveit2/install/srdfdom:/home/zx/ws_moveit2/install/moveit_common:/opt/ros/humble LD_LIBRARY_PATH=/home/zx/ws_moveit2/install/moveit_ros_planning_interface/lib:/home/zx/ws_moveit2/install/moveit_ros_move_group/lib:/home/zx/ws_moveit2/install/moveit_ros_warehouse/lib:/home/zx/ws_moveit2/install/moveit_ros_robot_interaction/lib:/home/zx/ws_moveit2/install/moveit_kinematics/lib:/home/zx/ws_moveit2/install/moveit_ros_planning/lib:/home/zx/ws_moveit2/install/moveit_ros_occupancy_map_monitor/lib:/home/zx/ws_moveit2/install/moveit_core/lib:/home/zx/ws_moveit2/install/srdfdom/lib:${LD_LIBRARY_PATH} PATH=/home/zx/ws_moveit2/install/moveit_core/bin:${PATH} PYTHONPATH=/home/zx/ws_moveit2/install/srdfdom/local/lib/python3.10/dist-packages:${PYTHONPATH} /usr/bin/cmake --install /home/zx/ws_moveit2/build/moveit_ros_visualization
