[0.205s] Invoking command in '/home/zx/ws_moveit2/build/moveit_resources_panda_description': CMAKE_PREFIX_PATH=/opt/ros/humble /usr/bin/cmake /home/zx/ws_moveit2/src/moveit_resources/panda_description -DCMAKE_BUILD_TYPE=Release -DCMAKE_INSTALL_PREFIX=/home/zx/ws_moveit2/install/moveit_resources_panda_description
[0.514s] -- The C compiler identification is GNU 11.4.0
[0.514s] -- The CXX compiler identification is GNU 11.4.0
[0.514s] -- Detecting C compiler ABI info
[0.514s] -- Detecting C compiler ABI info - done
[0.515s] -- Check for working C compiler: /usr/bin/cc - skipped
[0.515s] -- Detecting C compile features
[0.515s] -- Detecting C compile features - done
[0.515s] -- Detecting CXX compiler ABI info
[0.515s] -- Detecting CXX compiler ABI info - done
[0.515s] -- Check for working CXX compiler: /usr/bin/c++ - skipped
[0.515s] -- Detecting CXX compile features
[0.515s] -- Detecting CXX compile features - done
[0.515s] -- Found ament_cmake: 1.3.5 (/opt/ros/humble/share/ament_cmake/cmake)
[0.691s] -- Found Python3: /usr/bin/python3.10 (found version "3.10.12") found components: Interpreter 
[0.894s] -- Configuring done
[0.898s] -- Generating done
[0.900s] -- Build files have been written to: /home/zx/ws_moveit2/build/moveit_resources_panda_description
[0.908s] Invoked command in '/home/zx/ws_moveit2/build/moveit_resources_panda_description' returned '0': CMAKE_PREFIX_PATH=/opt/ros/humble /usr/bin/cmake /home/zx/ws_moveit2/src/moveit_resources/panda_description -DCMAKE_BUILD_TYPE=Release -DCMAKE_INSTALL_PREFIX=/home/zx/ws_moveit2/install/moveit_resources_panda_description
[0.911s] Invoking command in '/home/zx/ws_moveit2/build/moveit_resources_panda_description': CMAKE_PREFIX_PATH=/opt/ros/humble /usr/bin/cmake --build /home/zx/ws_moveit2/build/moveit_resources_panda_description -- -j12 -l12
[0.965s] Invoked command in '/home/zx/ws_moveit2/build/moveit_resources_panda_description' returned '0': CMAKE_PREFIX_PATH=/opt/ros/humble /usr/bin/cmake --build /home/zx/ws_moveit2/build/moveit_resources_panda_description -- -j12 -l12
[1.027s] Invoking command in '/home/zx/ws_moveit2/build/moveit_resources_panda_description': CMAKE_PREFIX_PATH=/opt/ros/humble /usr/bin/cmake --install /home/zx/ws_moveit2/build/moveit_resources_panda_description
[1.055s] -- Install configuration: "Release"
[1.055s] -- Installing: /home/zx/ws_moveit2/install/moveit_resources_panda_description/share/ament_index/resource_index/package_run_dependencies/moveit_resources_panda_description
[1.056s] -- Installing: /home/zx/ws_moveit2/install/moveit_resources_panda_description/share/ament_index/resource_index/parent_prefix_path/moveit_resources_panda_description
[1.056s] -- Installing: /home/zx/ws_moveit2/install/moveit_resources_panda_description/share/moveit_resources_panda_description/environment/ament_prefix_path.sh
[1.056s] -- Installing: /home/zx/ws_moveit2/install/moveit_resources_panda_description/share/moveit_resources_panda_description/environment/ament_prefix_path.dsv
[1.056s] -- Installing: /home/zx/ws_moveit2/install/moveit_resources_panda_description/share/moveit_resources_panda_description/environment/path.sh
[1.056s] -- Installing: /home/zx/ws_moveit2/install/moveit_resources_panda_description/share/moveit_resources_panda_description/environment/path.dsv
[1.056s] -- Installing: /home/zx/ws_moveit2/install/moveit_resources_panda_description/share/moveit_resources_panda_description/local_setup.bash
[1.056s] -- Installing: /home/zx/ws_moveit2/install/moveit_resources_panda_description/share/moveit_resources_panda_description/local_setup.sh
[1.056s] -- Installing: /home/zx/ws_moveit2/install/moveit_resources_panda_description/share/moveit_resources_panda_description/local_setup.zsh
[1.056s] -- Installing: /home/zx/ws_moveit2/install/moveit_resources_panda_description/share/moveit_resources_panda_description/local_setup.dsv
[1.056s] -- Installing: /home/zx/ws_moveit2/install/moveit_resources_panda_description/share/moveit_resources_panda_description/package.dsv
[1.056s] -- Installing: /home/zx/ws_moveit2/install/moveit_resources_panda_description/share/ament_index/resource_index/packages/moveit_resources_panda_description
[1.056s] -- Installing: /home/zx/ws_moveit2/install/moveit_resources_panda_description/share/moveit_resources_panda_description/cmake/moveit_resources_panda_descriptionConfig.cmake
[1.056s] -- Installing: /home/zx/ws_moveit2/install/moveit_resources_panda_description/share/moveit_resources_panda_description/cmake/moveit_resources_panda_descriptionConfig-version.cmake
[1.056s] -- Installing: /home/zx/ws_moveit2/install/moveit_resources_panda_description/share/moveit_resources_panda_description/package.xml
[1.057s] -- Installing: /home/zx/ws_moveit2/install/moveit_resources_panda_description/share/moveit_resources_panda_description/meshes
[1.057s] -- Installing: /home/zx/ws_moveit2/install/moveit_resources_panda_description/share/moveit_resources_panda_description/meshes/collision
[1.057s] -- Installing: /home/zx/ws_moveit2/install/moveit_resources_panda_description/share/moveit_resources_panda_description/meshes/collision/link1.stl
[1.057s] -- Installing: /home/zx/ws_moveit2/install/moveit_resources_panda_description/share/moveit_resources_panda_description/meshes/collision/link2.stl
[1.057s] -- Installing: /home/zx/ws_moveit2/install/moveit_resources_panda_description/share/moveit_resources_panda_description/meshes/collision/link5.stl
[1.057s] -- Installing: /home/zx/ws_moveit2/install/moveit_resources_panda_description/share/moveit_resources_panda_description/meshes/collision/hand.stl
[1.057s] -- Installing: /home/zx/ws_moveit2/install/moveit_resources_panda_description/share/moveit_resources_panda_description/meshes/collision/link3.stl
[1.057s] -- Installing: /home/zx/ws_moveit2/install/moveit_resources_panda_description/share/moveit_resources_panda_description/meshes/collision/link7.stl
[1.057s] -- Installing: /home/zx/ws_moveit2/install/moveit_resources_panda_description/share/moveit_resources_panda_description/meshes/collision/link6.stl
[1.057s] -- Installing: /home/zx/ws_moveit2/install/moveit_resources_panda_description/share/moveit_resources_panda_description/meshes/collision/link4.stl
[1.057s] -- Installing: /home/zx/ws_moveit2/install/moveit_resources_panda_description/share/moveit_resources_panda_description/meshes/collision/link0.stl
[1.057s] -- Installing: /home/zx/ws_moveit2/install/moveit_resources_panda_description/share/moveit_resources_panda_description/meshes/collision/finger.stl
[1.057s] -- Installing: /home/zx/ws_moveit2/install/moveit_resources_panda_description/share/moveit_resources_panda_description/meshes/visual
[1.058s] -- Installing: /home/zx/ws_moveit2/install/moveit_resources_panda_description/share/moveit_resources_panda_description/meshes/visual/link2.dae
[1.058s] -- Installing: /home/zx/ws_moveit2/install/moveit_resources_panda_description/share/moveit_resources_panda_description/meshes/visual/link1.dae
[1.058s] -- Installing: /home/zx/ws_moveit2/install/moveit_resources_panda_description/share/moveit_resources_panda_description/meshes/visual/link6.dae
[1.058s] -- Installing: /home/zx/ws_moveit2/install/moveit_resources_panda_description/share/moveit_resources_panda_description/meshes/visual/link4.dae
[1.065s] -- Installing: /home/zx/ws_moveit2/install/moveit_resources_panda_description/share/moveit_resources_panda_description/meshes/visual/link3.dae
[1.076s] -- Installing: /home/zx/ws_moveit2/install/moveit_resources_panda_description/share/moveit_resources_panda_description/meshes/visual/link0.dae
[1.077s] -- Installing: /home/zx/ws_moveit2/install/moveit_resources_panda_description/share/moveit_resources_panda_description/meshes/visual/hand.dae
[1.077s] -- Installing: /home/zx/ws_moveit2/install/moveit_resources_panda_description/share/moveit_resources_panda_description/meshes/visual/link7.dae
[1.078s] -- Installing: /home/zx/ws_moveit2/install/moveit_resources_panda_description/share/moveit_resources_panda_description/meshes/visual/link5.dae
[1.081s] -- Installing: /home/zx/ws_moveit2/install/moveit_resources_panda_description/share/moveit_resources_panda_description/meshes/visual/finger.dae
[1.082s] -- Installing: /home/zx/ws_moveit2/install/moveit_resources_panda_description/share/moveit_resources_panda_description/urdf
[1.082s] -- Installing: /home/zx/ws_moveit2/install/moveit_resources_panda_description/share/moveit_resources_panda_description/urdf/panda.urdf
[1.090s] Invoked command in '/home/zx/ws_moveit2/build/moveit_resources_panda_description' returned '0': CMAKE_PREFIX_PATH=/opt/ros/humble /usr/bin/cmake --install /home/zx/ws_moveit2/build/moveit_resources_panda_description
