[0.542s] Invoking command in '/home/zx/ws_moveit2/build/rosparam_shortcuts': CMAKE_PREFIX_PATH=${CMAKE_PREFIX_PATH}:/home/zx/ws_moveit2/install/tihu_2:/home/zx/ws_moveit2/install/moveit_configs_utils:/home/zx/ws_moveit2/install/launch_param_builder:/opt/ros/humble /usr/bin/cmake --build /home/zx/ws_moveit2/build/rosparam_shortcuts -- -j12 -l12
[0.709s] [ 15%] Built target gtest
[0.713s] [ 30%] Built target gtest_main
[0.714s] [ 53%] Built target rosparam_shortcuts
[0.739s] [ 69%] Built target test_node_parameters
[0.742s] [ 84%] Built target rosparam_shortcuts_node_parameters_example
[0.742s] [100%] Built target rosparam_shortcuts_example
[0.784s] Invoked command in '/home/zx/ws_moveit2/build/rosparam_shortcuts' returned '0': CMAKE_PREFIX_PATH=${CMAKE_PREFIX_PATH}:/home/zx/ws_moveit2/install/tihu_2:/home/zx/ws_moveit2/install/moveit_configs_utils:/home/zx/ws_moveit2/install/launch_param_builder:/opt/ros/humble /usr/bin/cmake --build /home/zx/ws_moveit2/build/rosparam_shortcuts -- -j12 -l12
[0.949s] Invoking command in '/home/zx/ws_moveit2/build/rosparam_shortcuts': CMAKE_PREFIX_PATH=${CMAKE_PREFIX_PATH}:/home/zx/ws_moveit2/install/tihu_2:/home/zx/ws_moveit2/install/moveit_configs_utils:/home/zx/ws_moveit2/install/launch_param_builder:/opt/ros/humble /usr/bin/cmake --install /home/zx/ws_moveit2/build/rosparam_shortcuts
[0.988s] -- Install configuration: "Release"
[0.988s] -- Up-to-date: /home/zx/ws_moveit2/install/rosparam_shortcuts/lib/librosparam_shortcuts.so
[0.988s] -- Up-to-date: /home/zx/ws_moveit2/install/rosparam_shortcuts/lib/rosparam_shortcuts/example
[0.988s] -- Up-to-date: /home/zx/ws_moveit2/install/rosparam_shortcuts/lib/rosparam_shortcuts/node_parameters_example
[0.988s] -- Up-to-date: /home/zx/ws_moveit2/install/rosparam_shortcuts/include
[0.988s] -- Up-to-date: /home/zx/ws_moveit2/install/rosparam_shortcuts/include/rosparam_shortcuts
[0.988s] -- Up-to-date: /home/zx/ws_moveit2/install/rosparam_shortcuts/include/rosparam_shortcuts/node_parameters.h
[0.988s] -- Up-to-date: /home/zx/ws_moveit2/install/rosparam_shortcuts/include/rosparam_shortcuts/rosparam_shortcuts.h
[0.988s] -- Up-to-date: /home/zx/ws_moveit2/install/rosparam_shortcuts/share/rosparam_shortcuts/launch
[0.989s] -- Up-to-date: /home/zx/ws_moveit2/install/rosparam_shortcuts/share/rosparam_shortcuts/launch/example.launch.py
[0.989s] -- Up-to-date: /home/zx/ws_moveit2/install/rosparam_shortcuts/share/rosparam_shortcuts/config
[0.989s] -- Up-to-date: /home/zx/ws_moveit2/install/rosparam_shortcuts/share/rosparam_shortcuts/config/example.yaml
[0.989s] -- Up-to-date: /home/zx/ws_moveit2/install/rosparam_shortcuts/share/rosparam_shortcuts/environment/library_path.sh
[0.989s] -- Up-to-date: /home/zx/ws_moveit2/install/rosparam_shortcuts/share/rosparam_shortcuts/environment/library_path.dsv
[0.989s] -- Up-to-date: /home/zx/ws_moveit2/install/rosparam_shortcuts/share/ament_index/resource_index/package_run_dependencies/rosparam_shortcuts
[0.989s] -- Up-to-date: /home/zx/ws_moveit2/install/rosparam_shortcuts/share/ament_index/resource_index/parent_prefix_path/rosparam_shortcuts
[0.989s] -- Up-to-date: /home/zx/ws_moveit2/install/rosparam_shortcuts/share/rosparam_shortcuts/environment/ament_prefix_path.sh
[0.989s] -- Up-to-date: /home/zx/ws_moveit2/install/rosparam_shortcuts/share/rosparam_shortcuts/environment/ament_prefix_path.dsv
[0.989s] -- Up-to-date: /home/zx/ws_moveit2/install/rosparam_shortcuts/share/rosparam_shortcuts/environment/path.sh
[0.989s] -- Up-to-date: /home/zx/ws_moveit2/install/rosparam_shortcuts/share/rosparam_shortcuts/environment/path.dsv
[0.989s] -- Up-to-date: /home/zx/ws_moveit2/install/rosparam_shortcuts/share/rosparam_shortcuts/local_setup.bash
[0.990s] -- Up-to-date: /home/zx/ws_moveit2/install/rosparam_shortcuts/share/rosparam_shortcuts/local_setup.sh
[0.990s] -- Up-to-date: /home/zx/ws_moveit2/install/rosparam_shortcuts/share/rosparam_shortcuts/local_setup.zsh
[0.991s] -- Up-to-date: /home/zx/ws_moveit2/install/rosparam_shortcuts/share/rosparam_shortcuts/local_setup.dsv
[0.991s] -- Installing: /home/zx/ws_moveit2/install/rosparam_shortcuts/share/rosparam_shortcuts/package.dsv
[0.991s] -- Up-to-date: /home/zx/ws_moveit2/install/rosparam_shortcuts/share/ament_index/resource_index/packages/rosparam_shortcuts
[0.997s] -- Up-to-date: /home/zx/ws_moveit2/install/rosparam_shortcuts/share/rosparam_shortcuts/cmake/export_rosparam_shortcutsExport.cmake
[0.998s] -- Up-to-date: /home/zx/ws_moveit2/install/rosparam_shortcuts/share/rosparam_shortcuts/cmake/export_rosparam_shortcutsExport-release.cmake
[0.998s] -- Up-to-date: /home/zx/ws_moveit2/install/rosparam_shortcuts/share/rosparam_shortcuts/cmake/ament_cmake_export_targets-extras.cmake
[0.998s] -- Up-to-date: /home/zx/ws_moveit2/install/rosparam_shortcuts/share/rosparam_shortcuts/cmake/ament_cmake_export_dependencies-extras.cmake
[0.998s] -- Up-to-date: /home/zx/ws_moveit2/install/rosparam_shortcuts/share/rosparam_shortcuts/cmake/rosparam_shortcutsConfig.cmake
[0.998s] -- Up-to-date: /home/zx/ws_moveit2/install/rosparam_shortcuts/share/rosparam_shortcuts/cmake/rosparam_shortcutsConfig-version.cmake
[0.999s] -- Up-to-date: /home/zx/ws_moveit2/install/rosparam_shortcuts/share/rosparam_shortcuts/package.xml
[1.000s] Invoked command in '/home/zx/ws_moveit2/build/rosparam_shortcuts' returned '0': CMAKE_PREFIX_PATH=${CMAKE_PREFIX_PATH}:/home/zx/ws_moveit2/install/tihu_2:/home/zx/ws_moveit2/install/moveit_configs_utils:/home/zx/ws_moveit2/install/launch_param_builder:/opt/ros/humble /usr/bin/cmake --install /home/zx/ws_moveit2/build/rosparam_shortcuts
