[0.031s] Invoking command in '/home/zx/ws_moveit2/build/moveit_task_constructor_core': AMENT_PREFIX_PATH=/home/zx/ws_moveit2/install/moveit_planners:/home/zx/ws_moveit2/install/pilz_industrial_motion_planner:/home/zx/ws_moveit2/install/moveit_ros_planning_interface:/home/zx/ws_moveit2/install/moveit_ros_move_group:/home/zx/ws_moveit2/install/moveit_ros_warehouse:/home/zx/ws_moveit2/install/moveit_planners_ompl:/home/zx/ws_moveit2/install/moveit_kinematics:/home/zx/ws_moveit2/install/moveit_ros_planning:/home/zx/ws_moveit2/install/moveit_ros_occupancy_map_monitor:/home/zx/ws_moveit2/install/moveit_core:/home/zx/ws_moveit2/install/rviz_marker_tools:/home/zx/ws_moveit2/install/moveit_configs_utils:/home/zx/ws_moveit2/install/srdfdom:/home/zx/ws_moveit2/install/moveit_task_constructor_msgs:/home/zx/ws_moveit2/install/moveit_common:/home/zx/ws_moveit2/install/launch_param_builder:${AMENT_PREFIX_PATH} CMAKE_PREFIX_PATH=/home/zx/ws_moveit2/install/moveit_planners:/home/zx/ws_moveit2/install/pilz_industrial_motion_planner:/home/zx/ws_moveit2/install/moveit_ros_planning_interface:/home/zx/ws_moveit2/install/moveit_ros_move_group:/home/zx/ws_moveit2/install/moveit_ros_warehouse:/home/zx/ws_moveit2/install/moveit_planners_ompl:/home/zx/ws_moveit2/install/moveit_kinematics:/home/zx/ws_moveit2/install/moveit_ros_planning:/home/zx/ws_moveit2/install/moveit_ros_occupancy_map_monitor:/home/zx/ws_moveit2/install/moveit_core:/home/zx/ws_moveit2/install/rviz_marker_tools:/home/zx/ws_moveit2/install/srdfdom:/home/zx/ws_moveit2/install/moveit_task_constructor_msgs:/home/zx/ws_moveit2/install/moveit_common:/opt/ros/humble LD_LIBRARY_PATH=/home/zx/ws_moveit2/install/pilz_industrial_motion_planner/lib:/home/zx/ws_moveit2/install/moveit_ros_planning_interface/lib:/home/zx/ws_moveit2/install/moveit_ros_move_group/lib:/home/zx/ws_moveit2/install/moveit_ros_warehouse/lib:/home/zx/ws_moveit2/install/moveit_planners_ompl/lib:/home/zx/ws_moveit2/install/moveit_kinematics/lib:/home/zx/ws_moveit2/install/moveit_ros_planning/lib:/home/zx/ws_moveit2/install/moveit_ros_occupancy_map_monitor/lib:/home/zx/ws_moveit2/install/moveit_core/lib:/home/zx/ws_moveit2/install/rviz_marker_tools/lib:/home/zx/ws_moveit2/install/srdfdom/lib:/home/zx/ws_moveit2/install/moveit_task_constructor_msgs/lib:${LD_LIBRARY_PATH} PATH=/home/zx/ws_moveit2/install/moveit_core/bin:${PATH} PYTHONPATH=/home/zx/ws_moveit2/install/moveit_configs_utils/lib/python3.10/site-packages:/home/zx/ws_moveit2/install/srdfdom/local/lib/python3.10/dist-packages:/home/zx/ws_moveit2/install/moveit_task_constructor_msgs/local/lib/python3.10/dist-packages:/home/zx/ws_moveit2/install/launch_param_builder/lib/python3.10/site-packages:${PYTHONPATH} /usr/bin/cmake /home/zx/ws_moveit2/src/moveit_task_constructor/core -DCMAKE_BUILD_TYPE=Release -DCMAKE_INSTALL_PREFIX=/home/zx/ws_moveit2/install/moveit_task_constructor_core
[0.075s] -- The C compiler identification is GNU 11.4.0
[0.132s] -- The CXX compiler identification is GNU 11.4.0
[0.138s] -- Detecting C compiler ABI info
[0.198s] -- Detecting C compiler ABI info - done
[0.204s] -- Check for working C compiler: /usr/bin/cc - skipped
[0.204s] -- Detecting C compile features
[0.204s] -- Detecting C compile features - done
[0.206s] -- Detecting CXX compiler ABI info
[0.276s] -- Detecting CXX compiler ABI info - done
[0.282s] -- Check for working CXX compiler: /usr/bin/c++ - skipped
[0.282s] -- Detecting CXX compile features
[0.282s] -- Detecting CXX compile features - done
[0.285s] -- Found ament_cmake: 1.3.5 (/opt/ros/humble/share/ament_cmake/cmake)
[0.443s] -- Found Python3: /usr/bin/python3.10 (found version "3.10.12") found components: Interpreter 
[0.538s] -- Found Boost: /usr/lib/x86_64-linux-gnu/cmake/Boost-1.74.0/BoostConfig.cmake (found version "1.74.0")  
[0.540s] -- Found geometry_msgs: 4.2.3 (/opt/ros/humble/share/geometry_msgs/cmake)
[0.582s] -- Found rosidl_generator_c: 3.1.5 (/opt/ros/humble/share/rosidl_generator_c/cmake)
[0.589s] -- Found rosidl_adapter: 3.1.5 (/opt/ros/humble/share/rosidl_adapter/cmake)
[0.598s] -- Found rosidl_generator_cpp: 3.1.5 (/opt/ros/humble/share/rosidl_generator_cpp/cmake)
[0.613s] -- Using all available rosidl_typesupport_c: rosidl_typesupport_fastrtps_c;rosidl_typesupport_introspection_c
[0.631s] -- Using all available rosidl_typesupport_cpp: rosidl_typesupport_fastrtps_cpp;rosidl_typesupport_introspection_cpp
[0.757s] -- Found moveit_common: 2.5.4 (/home/zx/ws_moveit2/install/moveit_common/share/moveit_common/cmake)
[0.814s] -- Found libdw: /usr/lib/x86_64-linux-gnu/libdw.so  
[0.818s] -- Could NOT find libbfd (missing: LIBBFD_LIBRARY LIBBFD_INCLUDE_DIR) 
[0.819s] -- BACKWARD_HAS_UNWIND=1
[0.819s] -- BACKWARD_HAS_BACKTRACE=0
[0.819s] -- BACKWARD_HAS_BACKTRACE_SYMBOL=0
[0.819s] -- BACKWARD_HAS_DW=1
[0.819s] -- BACKWARD_HAS_BFD=0
[0.819s] -- Found Backward: /opt/ros/humble/share/backward_ros/cmake  
[0.820s] -- Found moveit_core: 2.5.4 (/home/zx/ws_moveit2/install/moveit_core/share/moveit_core/cmake)
[1.014s] -- Found Boost: /usr/lib/x86_64-linux-gnu/cmake/Boost-1.74.0/BoostConfig.cmake (found version "1.74.0") found components: chrono date_time filesystem iostreams program_options regex serialization system thread 
[1.033s] -- Found parameter_traits: 0.3.6 (/opt/ros/humble/share/parameter_traits/cmake)
[1.091s] -- Found rmw_implementation_cmake: 6.1.1 (/opt/ros/humble/share/rmw_implementation_cmake/cmake)
[1.094s] -- Found rmw_fastrtps_cpp: 6.2.3 (/opt/ros/humble/share/rmw_fastrtps_cpp/cmake)
[1.182s] -- Found OpenSSL: /usr/lib/x86_64-linux-gnu/libcrypto.so (found version "3.0.2")  
[1.202s] -- Found FastRTPS: /opt/ros/humble/include  
[1.241s] -- Using RMW implementation 'rmw_fastrtps_cpp' as default
[1.251s] -- Found Threads: TRUE  
[1.367s] -- Found rclcpp_lifecycle: 16.0.5 (/opt/ros/humble/share/rclcpp_lifecycle/cmake)
[1.406s] -- Found Boost: /usr/lib/x86_64-linux-gnu/cmake/Boost-1.74.0/BoostConfig.cmake (found version "1.74.0") found components: filesystem 
[1.490s] -- library: /usr/lib/x86_64-linux-gnu/libcurl.so
[1.726s] -- Found Eigen3: TRUE (found version "3.4.0") 
[1.726s] -- Ensuring Eigen3 include directory is part of orocos-kdl CMake target
[2.585s] -- Found moveit_ros_planning: 2.5.4 (/home/zx/ws_moveit2/install/moveit_ros_planning/share/moveit_ros_planning/cmake)
[2.591s] -- Found Boost: /usr/lib/x86_64-linux-gnu/cmake/Boost-1.74.0/BoostConfig.cmake (found version "1.74.0") found components: system filesystem date_time program_options thread chrono 
[2.934s] -- Found moveit_ros_planning_interface: 2.5.4 (/home/zx/ws_moveit2/install/moveit_ros_planning_interface/share/moveit_ros_planning_interface/cmake)
[2.938s] -- Found Boost: /usr/lib/x86_64-linux-gnu/cmake/Boost-1.74.0/BoostConfig.cmake (found version "1.74.0") found components: date_time filesystem program_options system thread 
[3.085s] -- Found Boost: /usr/lib/x86_64-linux-gnu/cmake/Boost-1.74.0/BoostConfig.cmake (found version "1.74.0") found components: thread system filesystem regex date_time program_options 
[3.270s] -- Found Boost: /usr/lib/x86_64-linux-gnu/cmake/Boost-1.74.0/BoostConfig.cmake (found version "1.74.0") found components: system filesystem date_time program_options thread 
[3.604s] -- Found moveit_task_constructor_msgs: 0.1.3 (/home/zx/ws_moveit2/install/moveit_task_constructor_msgs/share/moveit_task_constructor_msgs/cmake)
[3.815s] -- Found rviz_marker_tools: 0.1.3 (/home/zx/ws_moveit2/install/rviz_marker_tools/share/rviz_marker_tools/cmake)
[3.855s] -- Found ament_cmake_gtest: 1.3.5 (/opt/ros/humble/share/ament_cmake_gtest/cmake)
[3.857s] -- Found ament_cmake_gmock: 1.3.5 (/opt/ros/humble/share/ament_cmake_gmock/cmake)
[3.860s] -- Found launch_testing_ament_cmake: 1.0.4 (/opt/ros/humble/share/launch_testing_ament_cmake/cmake)
[3.862s] -- Found python_cmake_module: 0.10.0 (/opt/ros/humble/share/python_cmake_module/cmake)
[3.880s] -- Found PythonInterp: /usr/bin/python3 (found suitable version "3.10.12", minimum required is "3.6") 
[3.887s] -- Found PythonLibs: /usr/lib/x86_64-linux-gnu/libpython3.10.so (found suitable version "3.10.12", minimum required is "3.5") 
[3.887s] -- Using PYTHON_EXECUTABLE: /usr/bin/python3
[3.887s] -- Using PYTHON_INCLUDE_DIRS: /usr/include/python3.10
[3.887s] -- Using PYTHON_LIBRARIES: /usr/lib/x86_64-linux-gnu/libpython3.10.so
[3.906s] -- Found PythonExtra: .so  
[3.909s] -- Found gtest sources under '/opt/ros/humble/src/gtest_vendor': C++ tests using 'Google Test' will be built
[3.926s] -- Found gmock sources under '/opt/ros/humble/src/gmock_vendor': C++ tests using 'Google Mock' will be built
[3.939s] -- Configuring done
[4.263s] -- Generating done
[4.266s] -- Build files have been written to: /home/zx/ws_moveit2/build/moveit_task_constructor_core
[4.285s] Invoked command in '/home/zx/ws_moveit2/build/moveit_task_constructor_core' returned '0': AMENT_PREFIX_PATH=/home/zx/ws_moveit2/install/moveit_planners:/home/zx/ws_moveit2/install/pilz_industrial_motion_planner:/home/zx/ws_moveit2/install/moveit_ros_planning_interface:/home/zx/ws_moveit2/install/moveit_ros_move_group:/home/zx/ws_moveit2/install/moveit_ros_warehouse:/home/zx/ws_moveit2/install/moveit_planners_ompl:/home/zx/ws_moveit2/install/moveit_kinematics:/home/zx/ws_moveit2/install/moveit_ros_planning:/home/zx/ws_moveit2/install/moveit_ros_occupancy_map_monitor:/home/zx/ws_moveit2/install/moveit_core:/home/zx/ws_moveit2/install/rviz_marker_tools:/home/zx/ws_moveit2/install/moveit_configs_utils:/home/zx/ws_moveit2/install/srdfdom:/home/zx/ws_moveit2/install/moveit_task_constructor_msgs:/home/zx/ws_moveit2/install/moveit_common:/home/zx/ws_moveit2/install/launch_param_builder:${AMENT_PREFIX_PATH} CMAKE_PREFIX_PATH=/home/zx/ws_moveit2/install/moveit_planners:/home/zx/ws_moveit2/install/pilz_industrial_motion_planner:/home/zx/ws_moveit2/install/moveit_ros_planning_interface:/home/zx/ws_moveit2/install/moveit_ros_move_group:/home/zx/ws_moveit2/install/moveit_ros_warehouse:/home/zx/ws_moveit2/install/moveit_planners_ompl:/home/zx/ws_moveit2/install/moveit_kinematics:/home/zx/ws_moveit2/install/moveit_ros_planning:/home/zx/ws_moveit2/install/moveit_ros_occupancy_map_monitor:/home/zx/ws_moveit2/install/moveit_core:/home/zx/ws_moveit2/install/rviz_marker_tools:/home/zx/ws_moveit2/install/srdfdom:/home/zx/ws_moveit2/install/moveit_task_constructor_msgs:/home/zx/ws_moveit2/install/moveit_common:/opt/ros/humble LD_LIBRARY_PATH=/home/zx/ws_moveit2/install/pilz_industrial_motion_planner/lib:/home/zx/ws_moveit2/install/moveit_ros_planning_interface/lib:/home/zx/ws_moveit2/install/moveit_ros_move_group/lib:/home/zx/ws_moveit2/install/moveit_ros_warehouse/lib:/home/zx/ws_moveit2/install/moveit_planners_ompl/lib:/home/zx/ws_moveit2/install/moveit_kinematics/lib:/home/zx/ws_moveit2/install/moveit_ros_planning/lib:/home/zx/ws_moveit2/install/moveit_ros_occupancy_map_monitor/lib:/home/zx/ws_moveit2/install/moveit_core/lib:/home/zx/ws_moveit2/install/rviz_marker_tools/lib:/home/zx/ws_moveit2/install/srdfdom/lib:/home/zx/ws_moveit2/install/moveit_task_constructor_msgs/lib:${LD_LIBRARY_PATH} PATH=/home/zx/ws_moveit2/install/moveit_core/bin:${PATH} PYTHONPATH=/home/zx/ws_moveit2/install/moveit_configs_utils/lib/python3.10/site-packages:/home/zx/ws_moveit2/install/srdfdom/local/lib/python3.10/dist-packages:/home/zx/ws_moveit2/install/moveit_task_constructor_msgs/local/lib/python3.10/dist-packages:/home/zx/ws_moveit2/install/launch_param_builder/lib/python3.10/site-packages:${PYTHONPATH} /usr/bin/cmake /home/zx/ws_moveit2/src/moveit_task_constructor/core -DCMAKE_BUILD_TYPE=Release -DCMAKE_INSTALL_PREFIX=/home/zx/ws_moveit2/install/moveit_task_constructor_core
[4.287s] Invoking command in '/home/zx/ws_moveit2/build/moveit_task_constructor_core': AMENT_PREFIX_PATH=/home/zx/ws_moveit2/install/moveit_planners:/home/zx/ws_moveit2/install/pilz_industrial_motion_planner:/home/zx/ws_moveit2/install/moveit_ros_planning_interface:/home/zx/ws_moveit2/install/moveit_ros_move_group:/home/zx/ws_moveit2/install/moveit_ros_warehouse:/home/zx/ws_moveit2/install/moveit_planners_ompl:/home/zx/ws_moveit2/install/moveit_kinematics:/home/zx/ws_moveit2/install/moveit_ros_planning:/home/zx/ws_moveit2/install/moveit_ros_occupancy_map_monitor:/home/zx/ws_moveit2/install/moveit_core:/home/zx/ws_moveit2/install/rviz_marker_tools:/home/zx/ws_moveit2/install/moveit_configs_utils:/home/zx/ws_moveit2/install/srdfdom:/home/zx/ws_moveit2/install/moveit_task_constructor_msgs:/home/zx/ws_moveit2/install/moveit_common:/home/zx/ws_moveit2/install/launch_param_builder:${AMENT_PREFIX_PATH} CMAKE_PREFIX_PATH=/home/zx/ws_moveit2/install/moveit_planners:/home/zx/ws_moveit2/install/pilz_industrial_motion_planner:/home/zx/ws_moveit2/install/moveit_ros_planning_interface:/home/zx/ws_moveit2/install/moveit_ros_move_group:/home/zx/ws_moveit2/install/moveit_ros_warehouse:/home/zx/ws_moveit2/install/moveit_planners_ompl:/home/zx/ws_moveit2/install/moveit_kinematics:/home/zx/ws_moveit2/install/moveit_ros_planning:/home/zx/ws_moveit2/install/moveit_ros_occupancy_map_monitor:/home/zx/ws_moveit2/install/moveit_core:/home/zx/ws_moveit2/install/rviz_marker_tools:/home/zx/ws_moveit2/install/srdfdom:/home/zx/ws_moveit2/install/moveit_task_constructor_msgs:/home/zx/ws_moveit2/install/moveit_common:/opt/ros/humble LD_LIBRARY_PATH=/home/zx/ws_moveit2/install/pilz_industrial_motion_planner/lib:/home/zx/ws_moveit2/install/moveit_ros_planning_interface/lib:/home/zx/ws_moveit2/install/moveit_ros_move_group/lib:/home/zx/ws_moveit2/install/moveit_ros_warehouse/lib:/home/zx/ws_moveit2/install/moveit_planners_ompl/lib:/home/zx/ws_moveit2/install/moveit_kinematics/lib:/home/zx/ws_moveit2/install/moveit_ros_planning/lib:/home/zx/ws_moveit2/install/moveit_ros_occupancy_map_monitor/lib:/home/zx/ws_moveit2/install/moveit_core/lib:/home/zx/ws_moveit2/install/rviz_marker_tools/lib:/home/zx/ws_moveit2/install/srdfdom/lib:/home/zx/ws_moveit2/install/moveit_task_constructor_msgs/lib:${LD_LIBRARY_PATH} PATH=/home/zx/ws_moveit2/install/moveit_core/bin:${PATH} PYTHONPATH=/home/zx/ws_moveit2/install/moveit_configs_utils/lib/python3.10/site-packages:/home/zx/ws_moveit2/install/srdfdom/local/lib/python3.10/dist-packages:/home/zx/ws_moveit2/install/moveit_task_constructor_msgs/local/lib/python3.10/dist-packages:/home/zx/ws_moveit2/install/launch_param_builder/lib/python3.10/site-packages:${PYTHONPATH} /usr/bin/cmake --build /home/zx/ws_moveit2/build/moveit_task_constructor_core -- -j12 -l12
[4.335s] [  1%] [32mBuilding CXX object src/CMakeFiles/moveit_task_constructor_core.dir/container.cpp.o[0m
[6.345s] [  3%] [32mBuilding CXX object src/CMakeFiles/moveit_task_constructor_core.dir/storage.cpp.o[0m
[6.345s] [  3%] [32mBuilding CXX object src/CMakeFiles/moveit_task_constructor_core.dir/stage.cpp.o[0m
[7.356s] [  5%] [32mBuilding CXX object src/CMakeFiles/moveit_task_constructor_core.dir/properties.cpp.o[0m
[8.366s] [  6%] [32mBuilding CXX object src/CMakeFiles/moveit_task_constructor_core.dir/merge.cpp.o[0m
[9.384s] [  7%] [32mBuilding CXX object src/CMakeFiles/moveit_task_constructor_core.dir/marker_tools.cpp.o[0m
[10.234s] [ 10%] [32mBuilding CXX object src/CMakeFiles/moveit_task_constructor_core.dir/cost_terms.cpp.o[0m
[10.235s] [ 10%] [32mBuilding CXX object src/CMakeFiles/moveit_task_constructor_core.dir/introspection.cpp.o[0m
[16.257s] [ 11%] [32mBuilding CXX object src/CMakeFiles/moveit_task_constructor_core.dir/task.cpp.o[0m
[16.910s] [ 13%] [32mBuilding CXX object src/CMakeFiles/moveit_task_constructor_core.dir/utils.cpp.o[0m
[18.157s] [ 14%] [32mBuilding CXX object src/CMakeFiles/moveit_task_constructor_core.dir/solvers/planner_interface.cpp.o[0m
[18.249s] [ 15%] [32mBuilding CXX object src/CMakeFiles/moveit_task_constructor_core.dir/solvers/cartesian_path.cpp.o[0m
[19.295s] [ 17%] [32mBuilding CXX object src/CMakeFiles/moveit_task_constructor_core.dir/solvers/joint_interpolation.cpp.o[0m
[30.320s] [ 18%] [32mBuilding CXX object src/CMakeFiles/moveit_task_constructor_core.dir/solvers/multi_planner.cpp.o[0m
[34.570s] [ 19%] [32mBuilding CXX object src/CMakeFiles/moveit_task_constructor_core.dir/solvers/pipeline_planner.cpp.o[0m
[45.542s] [ 21%] [32m[1mLinking CXX shared library libmoveit_task_constructor_core.so[0m
[45.784s] [ 21%] Built target moveit_task_constructor_core
[45.801s] [ 22%] [32mBuilding CXX object gtest/CMakeFiles/gtest.dir/src/gtest-all.cc.o[0m
[45.803s] [ 23%] [32mBuilding CXX object gmock/CMakeFiles/gmock_main.dir/src/gmock_main.cc.o[0m
[45.803s] [ 25%] [32mBuilding CXX object gtest/CMakeFiles/gtest_main.dir/src/gtest_main.cc.o[0m
[45.803s] [ 26%] [32mBuilding CXX object gmock/CMakeFiles/gmock.dir/opt/ros/humble/src/gtest_vendor/src/gtest-all.cc.o[0m
[45.803s] [ 27%] [32mBuilding CXX object gmock/CMakeFiles/gmock.dir/src/gmock-all.cc.o[0m
[45.803s] [ 28%] [32mBuilding CXX object src/stages/CMakeFiles/moveit_task_constructor_core_stages.dir/modify_planning_scene.cpp.o[0m
[45.804s] [ 30%] [32mBuilding CXX object src/stages/CMakeFiles/moveit_task_constructor_core_stages.dir/fix_collision_objects.cpp.o[0m
[45.805s] [ 31%] [32mBuilding CXX object src/stages/CMakeFiles/moveit_task_constructor_core_stages.dir/current_state.cpp.o[0m
[45.806s] [ 32%] [32mBuilding CXX object src/stages/CMakeFiles/moveit_task_constructor_core_stages.dir/fixed_state.cpp.o[0m
[45.808s] [ 34%] [32mBuilding CXX object test/CMakeFiles/gtest_utils.dir/gtest_value_printers.cpp.o[0m
[45.813s] [ 35%] [32mBuilding CXX object src/stages/CMakeFiles/moveit_task_constructor_core_stages.dir/fixed_cartesian_poses.cpp.o[0m
[45.815s] [ 36%] [32mBuilding CXX object test/CMakeFiles/gtest_utils.dir/models.cpp.o[0m
[46.951s] [ 38%] [32m[1mLinking CXX static library libgtest_main.a[0m
[46.998s] [ 38%] Built target gtest_main
[47.015s] [ 39%] [32mBuilding CXX object src/stages/CMakeFiles/moveit_task_constructor_core_stages.dir/generate_pose.cpp.o[0m
[47.117s] [ 40%] [32m[1mLinking CXX static library libgmock_main.a[0m
[47.158s] [ 40%] Built target gmock_main
[47.169s] [ 42%] [32mBuilding CXX object src/stages/CMakeFiles/moveit_task_constructor_core_stages.dir/generate_grasp_pose.cpp.o[0m
[49.378s] [ 43%] [32mBuilding CXX object src/stages/CMakeFiles/moveit_task_constructor_core_stages.dir/generate_place_pose.cpp.o[0m
[54.564s] [ 44%] [32mBuilding CXX object test/CMakeFiles/gtest_utils.dir/stage_mockups.cpp.o[0m
[56.346s] [ 46%] [32mBuilding CXX object src/stages/CMakeFiles/moveit_task_constructor_core_stages.dir/compute_ik.cpp.o[0m
[57.069s] [ 47%] [32m[1mLinking CXX static library libgtest.a[0m
[57.258s] [ 47%] Built target gtest
[57.762s] [ 48%] [32m[1mLinking CXX static library libgmock.a[0m
[57.848s] [ 48%] Built target gmock
[57.863s] [ 50%] [32mBuilding CXX object src/stages/CMakeFiles/moveit_task_constructor_core_stages.dir/predicate_filter.cpp.o[0m
[59.926s] [ 51%] [32mBuilding CXX object src/stages/CMakeFiles/moveit_task_constructor_core_stages.dir/passthrough.cpp.o[0m
[66.872s] [ 52%] [32m[1mLinking CXX shared library libgtest_utils.so[0m
[67.082s] [ 52%] Built target gtest_utils
[69.824s] [ 53%] [32mBuilding CXX object src/stages/CMakeFiles/moveit_task_constructor_core_stages.dir/pick.cpp.o[0m
[75.346s] [ 55%] [32mBuilding CXX object src/stages/CMakeFiles/moveit_task_constructor_core_stages.dir/simple_grasp.cpp.o[0m
[81.304s] [ 57%] [32mBuilding CXX object src/stages/CMakeFiles/moveit_task_constructor_core_stages.dir/move_relative.cpp.o[0m
[81.305s] [ 57%] [32mBuilding CXX object src/stages/CMakeFiles/moveit_task_constructor_core_stages.dir/move_to.cpp.o[0m
[96.763s] [ 59%] [32mBuilding CXX object src/stages/CMakeFiles/moveit_task_constructor_core_stages.dir/connect.cpp.o[0m
[105.991s] [ 60%] [32m[1mLinking CXX shared library libmoveit_task_constructor_core_stages.so[0m
[106.211s] [ 60%] Built target moveit_task_constructor_core_stages
[106.237s] [ 64%] [32mBuilding CXX object test/CMakeFiles/moveit_task_constructor_core-test-stage.dir/test_stage.cpp.o[0m
[106.237s] [ 64%] [32mBuilding CXX object test/CMakeFiles/moveit_task_constructor_core-test-container.dir/test_container.cpp.o[0m
[106.237s] [ 64%] [32mBuilding CXX object src/stages/CMakeFiles/moveit_task_constructor_core_stage_plugins.dir/plugins.cpp.o[0m
[107.254s] [ 67%] [32mBuilding CXX object test/CMakeFiles/moveit_task_constructor_core-test-move-to.dir/test_move_to.cpp.o[0m
[107.254s] [ 67%] [32mBuilding CXX object test/CMakeFiles/moveit_task_constructor_core-test-move-relative.dir/test_move_relative.cpp.o[0m
[108.282s] [ 69%] [32mBuilding CXX object test/CMakeFiles/moveit_task_constructor_core-test-interface-state.dir/test_interface_state.cpp.o[0m
[108.283s] [ 69%] [32mBuilding CXX object test/CMakeFiles/moveit_task_constructor_core-test-cost-queue.dir/test_cost_queue.cpp.o[0m
[108.414s] [ 71%] [32m[1mLinking CXX shared library libmoveit_task_constructor_core_stage_plugins.so[0m
[108.726s] [ 71%] Built target moveit_task_constructor_core_stage_plugins
[108.762s] [ 72%] [32mBuilding CXX object test/CMakeFiles/moveit_task_constructor_core-test-fallback.dir/test_fallback.cpp.o[0m
[109.829s] [ 75%] [32mBuilding CXX object test/CMakeFiles/moveit_task_constructor_core-test-cost-terms.dir/test_cost_terms.cpp.o[0m
[109.829s] [ 75%] [32mBuilding CXX object test/CMakeFiles/moveit_task_constructor_core-test-properties.dir/test_properties.cpp.o[0m
[109.840s] [ 76%] [32mBuilding CXX object test/CMakeFiles/pick_ur5.dir/pick_ur5.cpp.o[0m
[114.937s] [ 77%] [32m[1mLinking CXX executable moveit_task_constructor_core-test-properties[0m
[115.802s] [ 77%] Built target moveit_task_constructor_core-test-properties
[115.833s] [ 78%] [32m[1mLinking CXX executable moveit_task_constructor_core-test-cost-queue[0m
[116.578s] [ 78%] Built target moveit_task_constructor_core-test-cost-queue
[119.645s] [ 80%] [32m[1mLinking CXX executable moveit_task_constructor_core-test-stage[0m
[120.339s] [ 80%] Built target moveit_task_constructor_core-test-stage
[122.274s] [ 81%] [32m[1mLinking CXX executable moveit_task_constructor_core-test-move-relative[0m
[122.437s] [ 82%] [32m[1mLinking CXX executable moveit_task_constructor_core-test-interface-state[0m
[122.966s] [ 82%] Built target moveit_task_constructor_core-test-move-relative
[123.041s] [ 82%] Built target moveit_task_constructor_core-test-interface-state
[123.423s] [ 84%] [32m[1mLinking CXX executable moveit_task_constructor_core-test-container[0m
[123.722s] [ 85%] [32m[1mLinking CXX executable moveit_task_constructor_core-test-move-to[0m
[124.097s] [ 85%] Built target moveit_task_constructor_core-test-container
[124.210s] [ 85%] Built target moveit_task_constructor_core-test-move-to
[125.107s] [ 86%] [32m[1mLinking CXX executable pick_ur5[0m
[125.416s] [ 88%] [32m[1mLinking CXX executable moveit_task_constructor_core-test-fallback[0m
[125.634s] [ 88%] Built target pick_ur5
[125.788s] [ 88%] Built target moveit_task_constructor_core-test-fallback
[126.581s] [ 89%] [32m[1mLinking CXX executable moveit_task_constructor_core-test-cost-terms[0m
[126.946s] [ 89%] Built target moveit_task_constructor_core-test-cost-terms
[126.966s] [ 90%] [32mBuilding CXX object test/CMakeFiles/pick_pa10.dir/pick_pa10.cpp.o[0m
[136.788s] [ 92%] [32m[1mLinking CXX executable pick_pa10[0m
[137.117s] [ 92%] Built target pick_pa10
[137.136s] [ 93%] [32mBuilding CXX object test/CMakeFiles/pick_pr2.dir/pick_pr2.cpp.o[0m
[144.092s] [ 94%] [32m[1mLinking CXX executable pick_pr2[0m
[144.394s] [ 94%] Built target pick_pr2
[144.416s] [ 96%] [32mBuilding CXX object test/CMakeFiles/moveit_task_constructor_core-test-pruning.dir/test_pruning.cpp.o[0m
[151.816s] [ 97%] [32m[1mLinking CXX executable moveit_task_constructor_core-test-pruning[0m
[152.126s] [ 97%] Built target moveit_task_constructor_core-test-pruning
[152.147s] [ 98%] [32mBuilding CXX object test/CMakeFiles/moveit_task_constructor_core-test-serial.dir/test_serial.cpp.o[0m
[159.362s] [100%] [32m[1mLinking CXX executable moveit_task_constructor_core-test-serial[0m
[159.669s] [100%] Built target moveit_task_constructor_core-test-serial
[159.682s] Invoked command in '/home/zx/ws_moveit2/build/moveit_task_constructor_core' returned '0': AMENT_PREFIX_PATH=/home/zx/ws_moveit2/install/moveit_planners:/home/zx/ws_moveit2/install/pilz_industrial_motion_planner:/home/zx/ws_moveit2/install/moveit_ros_planning_interface:/home/zx/ws_moveit2/install/moveit_ros_move_group:/home/zx/ws_moveit2/install/moveit_ros_warehouse:/home/zx/ws_moveit2/install/moveit_planners_ompl:/home/zx/ws_moveit2/install/moveit_kinematics:/home/zx/ws_moveit2/install/moveit_ros_planning:/home/zx/ws_moveit2/install/moveit_ros_occupancy_map_monitor:/home/zx/ws_moveit2/install/moveit_core:/home/zx/ws_moveit2/install/rviz_marker_tools:/home/zx/ws_moveit2/install/moveit_configs_utils:/home/zx/ws_moveit2/install/srdfdom:/home/zx/ws_moveit2/install/moveit_task_constructor_msgs:/home/zx/ws_moveit2/install/moveit_common:/home/zx/ws_moveit2/install/launch_param_builder:${AMENT_PREFIX_PATH} CMAKE_PREFIX_PATH=/home/zx/ws_moveit2/install/moveit_planners:/home/zx/ws_moveit2/install/pilz_industrial_motion_planner:/home/zx/ws_moveit2/install/moveit_ros_planning_interface:/home/zx/ws_moveit2/install/moveit_ros_move_group:/home/zx/ws_moveit2/install/moveit_ros_warehouse:/home/zx/ws_moveit2/install/moveit_planners_ompl:/home/zx/ws_moveit2/install/moveit_kinematics:/home/zx/ws_moveit2/install/moveit_ros_planning:/home/zx/ws_moveit2/install/moveit_ros_occupancy_map_monitor:/home/zx/ws_moveit2/install/moveit_core:/home/zx/ws_moveit2/install/rviz_marker_tools:/home/zx/ws_moveit2/install/srdfdom:/home/zx/ws_moveit2/install/moveit_task_constructor_msgs:/home/zx/ws_moveit2/install/moveit_common:/opt/ros/humble LD_LIBRARY_PATH=/home/zx/ws_moveit2/install/pilz_industrial_motion_planner/lib:/home/zx/ws_moveit2/install/moveit_ros_planning_interface/lib:/home/zx/ws_moveit2/install/moveit_ros_move_group/lib:/home/zx/ws_moveit2/install/moveit_ros_warehouse/lib:/home/zx/ws_moveit2/install/moveit_planners_ompl/lib:/home/zx/ws_moveit2/install/moveit_kinematics/lib:/home/zx/ws_moveit2/install/moveit_ros_planning/lib:/home/zx/ws_moveit2/install/moveit_ros_occupancy_map_monitor/lib:/home/zx/ws_moveit2/install/moveit_core/lib:/home/zx/ws_moveit2/install/rviz_marker_tools/lib:/home/zx/ws_moveit2/install/srdfdom/lib:/home/zx/ws_moveit2/install/moveit_task_constructor_msgs/lib:${LD_LIBRARY_PATH} PATH=/home/zx/ws_moveit2/install/moveit_core/bin:${PATH} PYTHONPATH=/home/zx/ws_moveit2/install/moveit_configs_utils/lib/python3.10/site-packages:/home/zx/ws_moveit2/install/srdfdom/local/lib/python3.10/dist-packages:/home/zx/ws_moveit2/install/moveit_task_constructor_msgs/local/lib/python3.10/dist-packages:/home/zx/ws_moveit2/install/launch_param_builder/lib/python3.10/site-packages:${PYTHONPATH} /usr/bin/cmake --build /home/zx/ws_moveit2/build/moveit_task_constructor_core -- -j12 -l12
[159.712s] Invoking command in '/home/zx/ws_moveit2/build/moveit_task_constructor_core': AMENT_PREFIX_PATH=/home/zx/ws_moveit2/install/moveit_planners:/home/zx/ws_moveit2/install/pilz_industrial_motion_planner:/home/zx/ws_moveit2/install/moveit_ros_planning_interface:/home/zx/ws_moveit2/install/moveit_ros_move_group:/home/zx/ws_moveit2/install/moveit_ros_warehouse:/home/zx/ws_moveit2/install/moveit_planners_ompl:/home/zx/ws_moveit2/install/moveit_kinematics:/home/zx/ws_moveit2/install/moveit_ros_planning:/home/zx/ws_moveit2/install/moveit_ros_occupancy_map_monitor:/home/zx/ws_moveit2/install/moveit_core:/home/zx/ws_moveit2/install/rviz_marker_tools:/home/zx/ws_moveit2/install/moveit_configs_utils:/home/zx/ws_moveit2/install/srdfdom:/home/zx/ws_moveit2/install/moveit_task_constructor_msgs:/home/zx/ws_moveit2/install/moveit_common:/home/zx/ws_moveit2/install/launch_param_builder:${AMENT_PREFIX_PATH} CMAKE_PREFIX_PATH=/home/zx/ws_moveit2/install/moveit_planners:/home/zx/ws_moveit2/install/pilz_industrial_motion_planner:/home/zx/ws_moveit2/install/moveit_ros_planning_interface:/home/zx/ws_moveit2/install/moveit_ros_move_group:/home/zx/ws_moveit2/install/moveit_ros_warehouse:/home/zx/ws_moveit2/install/moveit_planners_ompl:/home/zx/ws_moveit2/install/moveit_kinematics:/home/zx/ws_moveit2/install/moveit_ros_planning:/home/zx/ws_moveit2/install/moveit_ros_occupancy_map_monitor:/home/zx/ws_moveit2/install/moveit_core:/home/zx/ws_moveit2/install/rviz_marker_tools:/home/zx/ws_moveit2/install/srdfdom:/home/zx/ws_moveit2/install/moveit_task_constructor_msgs:/home/zx/ws_moveit2/install/moveit_common:/opt/ros/humble LD_LIBRARY_PATH=/home/zx/ws_moveit2/install/pilz_industrial_motion_planner/lib:/home/zx/ws_moveit2/install/moveit_ros_planning_interface/lib:/home/zx/ws_moveit2/install/moveit_ros_move_group/lib:/home/zx/ws_moveit2/install/moveit_ros_warehouse/lib:/home/zx/ws_moveit2/install/moveit_planners_ompl/lib:/home/zx/ws_moveit2/install/moveit_kinematics/lib:/home/zx/ws_moveit2/install/moveit_ros_planning/lib:/home/zx/ws_moveit2/install/moveit_ros_occupancy_map_monitor/lib:/home/zx/ws_moveit2/install/moveit_core/lib:/home/zx/ws_moveit2/install/rviz_marker_tools/lib:/home/zx/ws_moveit2/install/srdfdom/lib:/home/zx/ws_moveit2/install/moveit_task_constructor_msgs/lib:${LD_LIBRARY_PATH} PATH=/home/zx/ws_moveit2/install/moveit_core/bin:${PATH} PYTHONPATH=/home/zx/ws_moveit2/install/moveit_configs_utils/lib/python3.10/site-packages:/home/zx/ws_moveit2/install/srdfdom/local/lib/python3.10/dist-packages:/home/zx/ws_moveit2/install/moveit_task_constructor_msgs/local/lib/python3.10/dist-packages:/home/zx/ws_moveit2/install/launch_param_builder/lib/python3.10/site-packages:${PYTHONPATH} /usr/bin/cmake --install /home/zx/ws_moveit2/build/moveit_task_constructor_core
[159.718s] -- Install configuration: "Release"
[159.718s] -- Installing: /home/zx/ws_moveit2/install/moveit_task_constructor_core/include
[159.718s] -- Installing: /home/zx/ws_moveit2/install/moveit_task_constructor_core/include/moveit
[159.719s] -- Installing: /home/zx/ws_moveit2/install/moveit_task_constructor_core/include/moveit/python
[159.719s] -- Installing: /home/zx/ws_moveit2/install/moveit_task_constructor_core/include/moveit/python/python_tools
[159.719s] -- Installing: /home/zx/ws_moveit2/install/moveit_task_constructor_core/include/moveit/python/python_tools/ros_types.h
[159.719s] -- Installing: /home/zx/ws_moveit2/install/moveit_task_constructor_core/include/moveit/python/task_constructor
[159.719s] -- Installing: /home/zx/ws_moveit2/install/moveit_task_constructor_core/include/moveit/python/task_constructor/properties.h
[159.719s] -- Installing: /home/zx/ws_moveit2/install/moveit_task_constructor_core/include/moveit/task_constructor
[159.719s] -- Installing: /home/zx/ws_moveit2/install/moveit_task_constructor_core/include/moveit/task_constructor/type_traits.h
[159.719s] -- Installing: /home/zx/ws_moveit2/install/moveit_task_constructor_core/include/moveit/task_constructor/storage.h
[159.719s] -- Installing: /home/zx/ws_moveit2/install/moveit_task_constructor_core/include/moveit/task_constructor/stages.h
[159.719s] -- Installing: /home/zx/ws_moveit2/install/moveit_task_constructor_core/include/moveit/task_constructor/introspection.h
[159.719s] -- Installing: /home/zx/ws_moveit2/install/moveit_task_constructor_core/include/moveit/task_constructor/cost_terms.h
[159.720s] -- Installing: /home/zx/ws_moveit2/install/moveit_task_constructor_core/include/moveit/task_constructor/stages
[159.720s] -- Installing: /home/zx/ws_moveit2/install/moveit_task_constructor_core/include/moveit/task_constructor/stages/current_state.h
[159.720s] -- Installing: /home/zx/ws_moveit2/install/moveit_task_constructor_core/include/moveit/task_constructor/stages/compute_ik.h
[159.720s] -- Installing: /home/zx/ws_moveit2/install/moveit_task_constructor_core/include/moveit/task_constructor/stages/fixed_cartesian_poses.h
[159.720s] -- Installing: /home/zx/ws_moveit2/install/moveit_task_constructor_core/include/moveit/task_constructor/stages/generate_place_pose.h
[159.720s] -- Installing: /home/zx/ws_moveit2/install/moveit_task_constructor_core/include/moveit/task_constructor/stages/connect.h
[159.720s] -- Installing: /home/zx/ws_moveit2/install/moveit_task_constructor_core/include/moveit/task_constructor/stages/fixed_state.h
[159.720s] -- Installing: /home/zx/ws_moveit2/install/moveit_task_constructor_core/include/moveit/task_constructor/stages/predicate_filter.h
[159.720s] -- Installing: /home/zx/ws_moveit2/install/moveit_task_constructor_core/include/moveit/task_constructor/stages/simple_grasp.h
[159.720s] -- Installing: /home/zx/ws_moveit2/install/moveit_task_constructor_core/include/moveit/task_constructor/stages/modify_planning_scene.h
[159.720s] -- Installing: /home/zx/ws_moveit2/install/moveit_task_constructor_core/include/moveit/task_constructor/stages/generate_grasp_pose.h
[159.720s] -- Installing: /home/zx/ws_moveit2/install/moveit_task_constructor_core/include/moveit/task_constructor/stages/fix_collision_objects.h
[159.720s] -- Installing: /home/zx/ws_moveit2/install/moveit_task_constructor_core/include/moveit/task_constructor/stages/passthrough.h
[159.720s] -- Installing: /home/zx/ws_moveit2/install/moveit_task_constructor_core/include/moveit/task_constructor/stages/move_to.h
[159.720s] -- Installing: /home/zx/ws_moveit2/install/moveit_task_constructor_core/include/moveit/task_constructor/stages/generate_pose.h
[159.721s] -- Installing: /home/zx/ws_moveit2/install/moveit_task_constructor_core/include/moveit/task_constructor/stages/move_relative.h
[159.721s] -- Installing: /home/zx/ws_moveit2/install/moveit_task_constructor_core/include/moveit/task_constructor/stages/pick.h
[159.721s] -- Installing: /home/zx/ws_moveit2/install/moveit_task_constructor_core/include/moveit/task_constructor/solvers.h
[159.721s] -- Installing: /home/zx/ws_moveit2/install/moveit_task_constructor_core/include/moveit/task_constructor/properties.h
[159.721s] -- Installing: /home/zx/ws_moveit2/install/moveit_task_constructor_core/include/moveit/task_constructor/task.h
[159.721s] -- Installing: /home/zx/ws_moveit2/install/moveit_task_constructor_core/include/moveit/task_constructor/utils.h
[159.721s] -- Installing: /home/zx/ws_moveit2/install/moveit_task_constructor_core/include/moveit/task_constructor/marker_tools.h
[159.721s] -- Installing: /home/zx/ws_moveit2/install/moveit_task_constructor_core/include/moveit/task_constructor/merge.h
[159.721s] -- Installing: /home/zx/ws_moveit2/install/moveit_task_constructor_core/include/moveit/task_constructor/moveit_compat.h
[159.721s] -- Installing: /home/zx/ws_moveit2/install/moveit_task_constructor_core/include/moveit/task_constructor/cost_queue.h
[159.721s] -- Installing: /home/zx/ws_moveit2/install/moveit_task_constructor_core/include/moveit/task_constructor/container.h
[159.722s] -- Installing: /home/zx/ws_moveit2/install/moveit_task_constructor_core/include/moveit/task_constructor/stage.h
[159.722s] -- Installing: /home/zx/ws_moveit2/install/moveit_task_constructor_core/include/moveit/task_constructor/solvers
[159.722s] -- Installing: /home/zx/ws_moveit2/install/moveit_task_constructor_core/include/moveit/task_constructor/solvers/multi_planner.h
[159.722s] -- Installing: /home/zx/ws_moveit2/install/moveit_task_constructor_core/include/moveit/task_constructor/solvers/pipeline_planner.h
[159.722s] -- Installing: /home/zx/ws_moveit2/install/moveit_task_constructor_core/include/moveit/task_constructor/solvers/cartesian_path.h
[159.722s] -- Installing: /home/zx/ws_moveit2/install/moveit_task_constructor_core/include/moveit/task_constructor/solvers/planner_interface.h
[159.722s] -- Installing: /home/zx/ws_moveit2/install/moveit_task_constructor_core/include/moveit/task_constructor/solvers/joint_interpolation.h
[159.722s] -- Installing: /home/zx/ws_moveit2/install/moveit_task_constructor_core/share/moveit_task_constructor_core/motion_planning_stages_plugin_description.xml
[159.722s] -- Installing: /home/zx/ws_moveit2/install/moveit_task_constructor_core/share/moveit_task_constructor_core/environment/library_path.sh
[159.722s] -- Installing: /home/zx/ws_moveit2/install/moveit_task_constructor_core/share/moveit_task_constructor_core/environment/library_path.dsv
[159.723s] -- Installing: /home/zx/ws_moveit2/install/moveit_task_constructor_core/share/ament_index/resource_index/package_run_dependencies/moveit_task_constructor_core
[159.723s] -- Installing: /home/zx/ws_moveit2/install/moveit_task_constructor_core/share/ament_index/resource_index/parent_prefix_path/moveit_task_constructor_core
[159.723s] -- Installing: /home/zx/ws_moveit2/install/moveit_task_constructor_core/share/moveit_task_constructor_core/environment/ament_prefix_path.sh
[159.723s] -- Installing: /home/zx/ws_moveit2/install/moveit_task_constructor_core/share/moveit_task_constructor_core/environment/ament_prefix_path.dsv
[159.723s] -- Installing: /home/zx/ws_moveit2/install/moveit_task_constructor_core/share/moveit_task_constructor_core/environment/path.sh
[159.723s] -- Installing: /home/zx/ws_moveit2/install/moveit_task_constructor_core/share/moveit_task_constructor_core/environment/path.dsv
[159.723s] -- Installing: /home/zx/ws_moveit2/install/moveit_task_constructor_core/share/moveit_task_constructor_core/local_setup.bash
[159.723s] -- Installing: /home/zx/ws_moveit2/install/moveit_task_constructor_core/share/moveit_task_constructor_core/local_setup.sh
[159.723s] -- Installing: /home/zx/ws_moveit2/install/moveit_task_constructor_core/share/moveit_task_constructor_core/local_setup.zsh
[159.723s] -- Installing: /home/zx/ws_moveit2/install/moveit_task_constructor_core/share/moveit_task_constructor_core/local_setup.dsv
[159.723s] -- Installing: /home/zx/ws_moveit2/install/moveit_task_constructor_core/share/moveit_task_constructor_core/package.dsv
[159.723s] -- Installing: /home/zx/ws_moveit2/install/moveit_task_constructor_core/share/ament_index/resource_index/packages/moveit_task_constructor_core
[159.724s] -- Installing: /home/zx/ws_moveit2/install/moveit_task_constructor_core/share/ament_index/resource_index/moveit_task_constructor_core__pluginlib__plugin/moveit_task_constructor_core
[159.724s] -- Installing: /home/zx/ws_moveit2/install/moveit_task_constructor_core/share/moveit_task_constructor_core/cmake/moveit_task_constructor_coreTargetsExport.cmake
[159.724s] -- Installing: /home/zx/ws_moveit2/install/moveit_task_constructor_core/share/moveit_task_constructor_core/cmake/moveit_task_constructor_coreTargetsExport-release.cmake
[159.724s] -- Installing: /home/zx/ws_moveit2/install/moveit_task_constructor_core/share/moveit_task_constructor_core/cmake/ament_cmake_export_targets-extras.cmake
[159.724s] -- Installing: /home/zx/ws_moveit2/install/moveit_task_constructor_core/share/moveit_task_constructor_core/cmake/ament_cmake_export_dependencies-extras.cmake
[159.724s] -- Installing: /home/zx/ws_moveit2/install/moveit_task_constructor_core/share/moveit_task_constructor_core/cmake/moveit_task_constructor_coreConfig.cmake
[159.724s] -- Installing: /home/zx/ws_moveit2/install/moveit_task_constructor_core/share/moveit_task_constructor_core/cmake/moveit_task_constructor_coreConfig-version.cmake
[159.724s] -- Installing: /home/zx/ws_moveit2/install/moveit_task_constructor_core/share/moveit_task_constructor_core/package.xml
[159.724s] -- Installing: /home/zx/ws_moveit2/install/moveit_task_constructor_core/lib/libmoveit_task_constructor_core.so
[159.727s] -- Set runtime path of "/home/zx/ws_moveit2/install/moveit_task_constructor_core/lib/libmoveit_task_constructor_core.so" to ""
[159.727s] -- Installing: /home/zx/ws_moveit2/install/moveit_task_constructor_core/lib/libmoveit_task_constructor_core_stages.so
[159.728s] -- Set runtime path of "/home/zx/ws_moveit2/install/moveit_task_constructor_core/lib/libmoveit_task_constructor_core_stages.so" to ""
[159.728s] -- Installing: /home/zx/ws_moveit2/install/moveit_task_constructor_core/lib/libmoveit_task_constructor_core_stage_plugins.so
[159.728s] -- Set runtime path of "/home/zx/ws_moveit2/install/moveit_task_constructor_core/lib/libmoveit_task_constructor_core_stage_plugins.so" to ""
[159.733s] Invoked command in '/home/zx/ws_moveit2/build/moveit_task_constructor_core' returned '0': AMENT_PREFIX_PATH=/home/zx/ws_moveit2/install/moveit_planners:/home/zx/ws_moveit2/install/pilz_industrial_motion_planner:/home/zx/ws_moveit2/install/moveit_ros_planning_interface:/home/zx/ws_moveit2/install/moveit_ros_move_group:/home/zx/ws_moveit2/install/moveit_ros_warehouse:/home/zx/ws_moveit2/install/moveit_planners_ompl:/home/zx/ws_moveit2/install/moveit_kinematics:/home/zx/ws_moveit2/install/moveit_ros_planning:/home/zx/ws_moveit2/install/moveit_ros_occupancy_map_monitor:/home/zx/ws_moveit2/install/moveit_core:/home/zx/ws_moveit2/install/rviz_marker_tools:/home/zx/ws_moveit2/install/moveit_configs_utils:/home/zx/ws_moveit2/install/srdfdom:/home/zx/ws_moveit2/install/moveit_task_constructor_msgs:/home/zx/ws_moveit2/install/moveit_common:/home/zx/ws_moveit2/install/launch_param_builder:${AMENT_PREFIX_PATH} CMAKE_PREFIX_PATH=/home/zx/ws_moveit2/install/moveit_planners:/home/zx/ws_moveit2/install/pilz_industrial_motion_planner:/home/zx/ws_moveit2/install/moveit_ros_planning_interface:/home/zx/ws_moveit2/install/moveit_ros_move_group:/home/zx/ws_moveit2/install/moveit_ros_warehouse:/home/zx/ws_moveit2/install/moveit_planners_ompl:/home/zx/ws_moveit2/install/moveit_kinematics:/home/zx/ws_moveit2/install/moveit_ros_planning:/home/zx/ws_moveit2/install/moveit_ros_occupancy_map_monitor:/home/zx/ws_moveit2/install/moveit_core:/home/zx/ws_moveit2/install/rviz_marker_tools:/home/zx/ws_moveit2/install/srdfdom:/home/zx/ws_moveit2/install/moveit_task_constructor_msgs:/home/zx/ws_moveit2/install/moveit_common:/opt/ros/humble LD_LIBRARY_PATH=/home/zx/ws_moveit2/install/pilz_industrial_motion_planner/lib:/home/zx/ws_moveit2/install/moveit_ros_planning_interface/lib:/home/zx/ws_moveit2/install/moveit_ros_move_group/lib:/home/zx/ws_moveit2/install/moveit_ros_warehouse/lib:/home/zx/ws_moveit2/install/moveit_planners_ompl/lib:/home/zx/ws_moveit2/install/moveit_kinematics/lib:/home/zx/ws_moveit2/install/moveit_ros_planning/lib:/home/zx/ws_moveit2/install/moveit_ros_occupancy_map_monitor/lib:/home/zx/ws_moveit2/install/moveit_core/lib:/home/zx/ws_moveit2/install/rviz_marker_tools/lib:/home/zx/ws_moveit2/install/srdfdom/lib:/home/zx/ws_moveit2/install/moveit_task_constructor_msgs/lib:${LD_LIBRARY_PATH} PATH=/home/zx/ws_moveit2/install/moveit_core/bin:${PATH} PYTHONPATH=/home/zx/ws_moveit2/install/moveit_configs_utils/lib/python3.10/site-packages:/home/zx/ws_moveit2/install/srdfdom/local/lib/python3.10/dist-packages:/home/zx/ws_moveit2/install/moveit_task_constructor_msgs/local/lib/python3.10/dist-packages:/home/zx/ws_moveit2/install/launch_param_builder/lib/python3.10/site-packages:${PYTHONPATH} /usr/bin/cmake --install /home/zx/ws_moveit2/build/moveit_task_constructor_core
