[0.066s] Invoking command in '/home/zx/ws_moveit2/build/moveit_core': AMENT_PREFIX_PATH=/home/zx/ws_moveit2/install/moveit_resources_panda_moveit_config:/home/zx/ws_moveit2/install/srdfdom:/home/zx/ws_moveit2/install/moveit_resources_pr2_description:/home/zx/ws_moveit2/install/moveit_resources_panda_description:/home/zx/ws_moveit2/install/moveit_common:${AMENT_PREFIX_PATH} CMAKE_PREFIX_PATH=/home/zx/ws_moveit2/install/moveit_resources_panda_moveit_config:/home/zx/ws_moveit2/install/srdfdom:/home/zx/ws_moveit2/install/moveit_resources_pr2_description:/home/zx/ws_moveit2/install/moveit_resources_panda_description:/home/zx/ws_moveit2/install/moveit_common:/opt/ros/humble LD_LIBRARY_PATH=/home/zx/ws_moveit2/install/srdfdom/lib:${LD_LIBRARY_PATH} PYTHONPATH=/home/zx/ws_moveit2/install/srdfdom/local/lib/python3.10/dist-packages:${PYTHONPATH} /usr/bin/cmake /home/zx/ws_moveit2/src/moveit2/moveit_core -DCMAKE_INSTALL_PREFIX=/home/zx/ws_moveit2/install/moveit_core
[0.225s] -- The CXX compiler identification is GNU 11.4.0
[0.254s] -- Detecting CXX compiler ABI info
[0.495s] -- Detecting CXX compiler ABI info - done
[0.508s] -- Check for working CXX compiler: /usr/bin/c++ - skipped
[0.508s] -- Detecting CXX compile features
[0.509s] -- Detecting CXX compile features - done
[0.515s] -- Found moveit_common: 2.5.4 (/home/zx/ws_moveit2/install/moveit_common/share/moveit_common/cmake)
[0.515s] -- Found ament_cmake: 1.3.5 (/opt/ros/humble/share/ament_cmake/cmake)
[1.109s] -- Found Python3: /usr/bin/python3.10 (found version "3.10.12") found components: Interpreter 
[1.421s] -- Found libdw: /usr/lib/x86_64-linux-gnu/libdw.so  
[1.443s] -- Could NOT find libbfd (missing: LIBBFD_LIBRARY LIBBFD_INCLUDE_DIR) 
[1.444s] -- BACKWARD_HAS_UNWIND=1
[1.444s] -- BACKWARD_HAS_BACKTRACE=0
[1.444s] -- BACKWARD_HAS_BACKTRACE_SYMBOL=0
[1.444s] -- BACKWARD_HAS_DW=1
[1.444s] -- BACKWARD_HAS_BFD=0
[1.446s] -- Found Backward: /opt/ros/humble/share/backward_ros/cmake  
[1.448s] [0mmoveit_core: You did not request a specific build type: Choosing 'Release' for maximum performance[0m
[1.455s] -- Found rclcpp: 16.0.5 (/opt/ros/humble/share/rclcpp/cmake)
[1.612s] -- Found rosidl_generator_c: 3.1.5 (/opt/ros/humble/share/rosidl_generator_c/cmake)
[1.622s] -- Found rosidl_adapter: 3.1.5 (/opt/ros/humble/share/rosidl_adapter/cmake)
[1.636s] -- Found rosidl_generator_cpp: 3.1.5 (/opt/ros/humble/share/rosidl_generator_cpp/cmake)
[1.659s] -- Using all available rosidl_typesupport_c: rosidl_typesupport_fastrtps_c;rosidl_typesupport_introspection_c
[1.692s] -- Using all available rosidl_typesupport_cpp: rosidl_typesupport_fastrtps_cpp;rosidl_typesupport_introspection_cpp
[1.785s] -- Found rmw_implementation_cmake: 6.1.1 (/opt/ros/humble/share/rmw_implementation_cmake/cmake)
[1.789s] -- Found rmw_fastrtps_cpp: 6.2.3 (/opt/ros/humble/share/rmw_fastrtps_cpp/cmake)
[2.274s] -- Found OpenSSL: /usr/lib/x86_64-linux-gnu/libcrypto.so (found version "3.0.2")  
[2.338s] -- Found FastRTPS: /opt/ros/humble/include  
[2.462s] -- Using RMW implementation 'rmw_fastrtps_cpp' as default
[2.493s] -- Looking for C++ include pthread.h
[2.854s] -- Looking for C++ include pthread.h - found
[2.855s] -- Performing Test CMAKE_HAVE_LIBC_PTHREAD
[3.452s] -- Performing Test CMAKE_HAVE_LIBC_PTHREAD - Success
[3.453s] -- Found Threads: TRUE  
[3.716s] -- Found eigen3_cmake_module: 0.1.1 (/opt/ros/humble/share/eigen3_cmake_module/cmake)
[3.729s] -- Found Eigen3: TRUE (found version "3.4.0") 
[3.739s] -- Found PkgConfig: /usr/bin/pkg-config (found version "0.29.2") 
[3.740s] -- Checking for module 'fcl>=0.5.0'
[3.875s] --   Found fcl, version 0.7.0
[4.207s] -- Found Bullet: /usr/lib/x86_64-linux-gnu/libBulletDynamics.so (Required is at least version "2.87") 
[4.226s] -- Found angles: 1.15.0 (/opt/ros/humble/share/angles/cmake)
[4.271s] -- Found urdf: 2.6.0 (/opt/ros/humble/share/urdf/cmake)
[4.341s] -- Found tf2_eigen: 0.25.3 (/opt/ros/humble/share/tf2_eigen/cmake)
[4.891s] -- Found tf2_kdl: 0.25.3 (/opt/ros/humble/share/tf2_kdl/cmake)
[4.912s] -- Ensuring Eigen3 include directory is part of orocos-kdl CMake target
[4.928s] -- Found tf2_geometry_msgs: 0.25.3 (/opt/ros/humble/share/tf2_geometry_msgs/cmake)
[4.946s] -- Found eigen_stl_containers: 1.0.0 (/opt/ros/humble/share/eigen_stl_containers/cmake)
[4.950s] -- Found generate_parameter_library: 0.3.6 (/opt/ros/humble/share/generate_parameter_library/cmake)
[4.953s] -- Found parameter_traits: 0.3.6 (/opt/ros/humble/share/parameter_traits/cmake)
[4.984s] -- Found rclcpp_lifecycle: 16.0.5 (/opt/ros/humble/share/rclcpp_lifecycle/cmake)
[5.041s] -- Found geometric_shapes: 2.1.3 (/opt/ros/humble/share/geometric_shapes/cmake)
[5.056s] -- Found Boost: /usr/lib/x86_64-linux-gnu/cmake/Boost-1.74.0/BoostConfig.cmake (found version "1.74.0") found components: filesystem 
[5.310s] -- library: /usr/lib/x86_64-linux-gnu/libcurl.so
[5.614s] -- Found kdl_parser: 2.6.4 (/opt/ros/humble/share/kdl_parser/cmake)
[5.619s] -- Found moveit_msgs: 2.2.1 (/opt/ros/humble/share/moveit_msgs/cmake)
[6.122s] -- Found srdfdom: 2.0.4 (/home/zx/ws_moveit2/install/srdfdom/share/srdfdom/cmake)
[6.126s] -- Found common_interfaces: 4.2.3 (/opt/ros/humble/share/common_interfaces/cmake)
[6.155s] -- Found Boost: /usr/lib/x86_64-linux-gnu/cmake/Boost-1.74.0/BoostConfig.cmake (found version "1.74.0") found components: chrono date_time filesystem iostreams program_options regex serialization system thread 
[6.156s] --  *** Building MoveIt 2.5.4-Alpha ***
[6.162s] -- Performing Test COMPILER_HAS_HIDDEN_VISIBILITY
[6.273s] -- Performing Test COMPILER_HAS_HIDDEN_VISIBILITY - Success
[6.274s] -- Performing Test COMPILER_HAS_HIDDEN_INLINE_VISIBILITY
[6.380s] -- Performing Test COMPILER_HAS_HIDDEN_INLINE_VISIBILITY - Success
[6.381s] -- Performing Test COMPILER_HAS_DEPRECATED_ATTR
[6.488s] -- Performing Test COMPILER_HAS_DEPRECATED_ATTR - Success
[6.494s] -- Found ament_cmake_gtest: 1.3.5 (/opt/ros/humble/share/ament_cmake_gtest/cmake)
[6.498s] -- Found gtest sources under '/opt/ros/humble/src/gtest_vendor': C++ tests using 'Google Test' will be built
[6.543s] -- The C compiler identification is GNU 11.4.0
[6.552s] -- Detecting C compiler ABI info
[6.646s] -- Detecting C compiler ABI info - done
[6.657s] -- Check for working C compiler: /usr/bin/cc - skipped
[6.657s] -- Detecting C compile features
[6.657s] -- Detecting C compile features - done
[6.672s] -- Found ament_cmake_gmock: 1.3.5 (/opt/ros/humble/share/ament_cmake_gmock/cmake)
[6.678s] -- Found gmock sources under '/opt/ros/humble/src/gmock_vendor': C++ tests using 'Google Mock' will be built
[6.683s] -- Found ament_cmake_gtest: 1.3.5 (/opt/ros/humble/share/ament_cmake_gtest/cmake)
[6.684s] -- Found gtest sources under '/opt/ros/humble/src/gtest_vendor': C++ tests using 'Google Test' will be built
[6.697s] -- Found ament_cmake_gtest: 1.3.5 (/opt/ros/humble/share/ament_cmake_gtest/cmake)
[6.698s] -- Found gtest sources under '/opt/ros/humble/src/gtest_vendor': C++ tests using 'Google Test' will be built
[6.730s] -- Found ament_cmake_gtest: 1.3.5 (/opt/ros/humble/share/ament_cmake_gtest/cmake)
[6.730s] -- Found gtest sources under '/opt/ros/humble/src/gtest_vendor': C++ tests using 'Google Test' will be built
[6.753s] -- Found ament_lint_auto: 0.12.7 (/opt/ros/humble/share/ament_lint_auto/cmake)
[6.754s] -- Found ament_cmake_gtest: 1.3.5 (/opt/ros/humble/share/ament_cmake_gtest/cmake)
[6.755s] -- Found gtest sources under '/opt/ros/humble/src/gtest_vendor': C++ tests using 'Google Test' will be built
[6.778s] -- Found ament_cmake_gtest: 1.3.5 (/opt/ros/humble/share/ament_cmake_gtest/cmake)
[6.779s] -- Found gtest sources under '/opt/ros/humble/src/gtest_vendor': C++ tests using 'Google Test' will be built
[6.795s] -- Found ament_cmake_gtest: 1.3.5 (/opt/ros/humble/share/ament_cmake_gtest/cmake)
[6.796s] -- Found gtest sources under '/opt/ros/humble/src/gtest_vendor': C++ tests using 'Google Test' will be built
[6.808s] -- Found ament_cmake_gtest: 1.3.5 (/opt/ros/humble/share/ament_cmake_gtest/cmake)
[6.809s] -- Found gtest sources under '/opt/ros/humble/src/gtest_vendor': C++ tests using 'Google Test' will be built
[6.828s] -- Found gtest sources under '/opt/ros/humble/src/gtest_vendor': C++ tests using 'Google Test' will be built
[6.842s] -- Found gtest sources under '/opt/ros/humble/src/gtest_vendor': C++ tests using 'Google Test' will be built
[6.859s] -- Found ament_cmake_gtest: 1.3.5 (/opt/ros/humble/share/ament_cmake_gtest/cmake)
[6.860s] -- Found gtest sources under '/opt/ros/humble/src/gtest_vendor': C++ tests using 'Google Test' will be built
[6.888s] -- Found gtest sources under '/opt/ros/humble/src/gtest_vendor': C++ tests using 'Google Test' will be built
[6.908s] -- Found gtest sources under '/opt/ros/humble/src/gtest_vendor': C++ tests using 'Google Test' will be built
[6.926s] -- Found gtest sources under '/opt/ros/humble/src/gtest_vendor': C++ tests using 'Google Test' will be built
[6.936s] -- Found ament_lint_auto: 0.12.7 (/opt/ros/humble/share/ament_lint_auto/cmake)
[6.988s] -- Added test 'cppcheck' to perform static code analysis on C / C++ code
[6.989s] -- Configured cppcheck include dirs: /home/zx/ws_moveit2/src/moveit2/moveit_core/exceptions/include;/home/zx/ws_moveit2/src/moveit2/moveit_core/collision_detection/include;/home/zx/ws_moveit2/src/moveit2/moveit_core/collision_detection_fcl/include;/home/zx/ws_moveit2/src/moveit2/moveit_core/collision_detection_bullet/include;/home/zx/ws_moveit2/src/moveit2/moveit_core/constraint_samplers/include;/home/zx/ws_moveit2/src/moveit2/moveit_core/controller_manager/include;/home/zx/ws_moveit2/src/moveit2/moveit_core/distance_field/include;/home/zx/ws_moveit2/src/moveit2/moveit_core/collision_distance_field/include;/home/zx/ws_moveit2/src/moveit2/moveit_core/dynamics_solver/include;/home/zx/ws_moveit2/src/moveit2/moveit_core/kinematics_base/include;/home/zx/ws_moveit2/src/moveit2/moveit_core/kinematics_metrics/include;/home/zx/ws_moveit2/src/moveit2/moveit_core/robot_model/include;/home/zx/ws_moveit2/src/moveit2/moveit_core/transforms/include;/home/zx/ws_moveit2/src/moveit2/moveit_core/robot_state/include;/home/zx/ws_moveit2/src/moveit2/moveit_core/robot_trajectory/include;/home/zx/ws_moveit2/src/moveit2/moveit_core/kinematic_constraints/include;/home/zx/ws_moveit2/src/moveit2/moveit_core/macros/include;/home/zx/ws_moveit2/src/moveit2/moveit_core/online_signal_smoothing/include;/home/zx/ws_moveit2/src/moveit2/moveit_core/planning_interface/include;/home/zx/ws_moveit2/src/moveit2/moveit_core/planning_request_adapter/include;/home/zx/ws_moveit2/src/moveit2/moveit_core/planning_scene/include;/home/zx/ws_moveit2/src/moveit2/moveit_core/sensor_manager/include;/home/zx/ws_moveit2/src/moveit2/moveit_core/trajectory_processing/include;/home/zx/ws_moveit2/src/moveit2/moveit_core/utils/include
[6.989s] -- Configured cppcheck exclude dirs and/or files: 
[6.994s] -- Added test 'pep257' to check Python code against some of the docstring style conventions in PEP 257
[6.998s] -- Added test 'xmllint' to check XML markup files
[7.003s] -- Configuring done
[7.696s] -- Generating done
[7.704s] -- Build files have been written to: /home/zx/ws_moveit2/build/moveit_core
[7.748s] Invoked command in '/home/zx/ws_moveit2/build/moveit_core' returned '0': AMENT_PREFIX_PATH=/home/zx/ws_moveit2/install/moveit_resources_panda_moveit_config:/home/zx/ws_moveit2/install/srdfdom:/home/zx/ws_moveit2/install/moveit_resources_pr2_description:/home/zx/ws_moveit2/install/moveit_resources_panda_description:/home/zx/ws_moveit2/install/moveit_common:${AMENT_PREFIX_PATH} CMAKE_PREFIX_PATH=/home/zx/ws_moveit2/install/moveit_resources_panda_moveit_config:/home/zx/ws_moveit2/install/srdfdom:/home/zx/ws_moveit2/install/moveit_resources_pr2_description:/home/zx/ws_moveit2/install/moveit_resources_panda_description:/home/zx/ws_moveit2/install/moveit_common:/opt/ros/humble LD_LIBRARY_PATH=/home/zx/ws_moveit2/install/srdfdom/lib:${LD_LIBRARY_PATH} PYTHONPATH=/home/zx/ws_moveit2/install/srdfdom/local/lib/python3.10/dist-packages:${PYTHONPATH} /usr/bin/cmake /home/zx/ws_moveit2/src/moveit2/moveit_core -DCMAKE_INSTALL_PREFIX=/home/zx/ws_moveit2/install/moveit_core
[7.750s] Invoking command in '/home/zx/ws_moveit2/build/moveit_core': AMENT_PREFIX_PATH=/home/zx/ws_moveit2/install/moveit_resources_panda_moveit_config:/home/zx/ws_moveit2/install/srdfdom:/home/zx/ws_moveit2/install/moveit_resources_pr2_description:/home/zx/ws_moveit2/install/moveit_resources_panda_description:/home/zx/ws_moveit2/install/moveit_common:${AMENT_PREFIX_PATH} CMAKE_PREFIX_PATH=/home/zx/ws_moveit2/install/moveit_resources_panda_moveit_config:/home/zx/ws_moveit2/install/srdfdom:/home/zx/ws_moveit2/install/moveit_resources_pr2_description:/home/zx/ws_moveit2/install/moveit_resources_panda_description:/home/zx/ws_moveit2/install/moveit_common:/opt/ros/humble LD_LIBRARY_PATH=/home/zx/ws_moveit2/install/srdfdom/lib:${LD_LIBRARY_PATH} PYTHONPATH=/home/zx/ws_moveit2/install/srdfdom/local/lib/python3.10/dist-packages:${PYTHONPATH} /usr/bin/cmake --build /home/zx/ws_moveit2/build/moveit_core -- -j12 -l12
[7.817s] [  0%] [32mBuilding CXX object gtest/CMakeFiles/gtest.dir/src/gtest-all.cc.o[0m
[7.819s] [  0%] [32mBuilding CXX object kinematics_base/CMakeFiles/moveit_kinematics_base.dir/src/kinematics_base.cpp.o[0m
[7.831s] [  1%] [32mBuilding CXX object distance_field/CMakeFiles/moveit_distance_field.dir/src/distance_field.cpp.o[0m
[7.834s] [  1%] [32mBuilding CXX object transforms/CMakeFiles/moveit_transforms.dir/src/transforms.cpp.o[0m
[7.836s] [  2%] [32mBuilding CXX object utils/CMakeFiles/moveit_utils.dir/src/lexical_casts.cpp.o[0m
[7.850s] [  3%] [32mBuilding CXX object gtest/CMakeFiles/gtest_main.dir/src/gtest_main.cc.o[0m
[7.865s] [  3%] [32mBuilding CXX object gmock/CMakeFiles/gmock.dir/opt/ros/humble/src/gtest_vendor/src/gtest-all.cc.o[0m
[7.882s] [  3%] [32mBuilding CXX object exceptions/CMakeFiles/moveit_exceptions.dir/src/exceptions.cpp.o[0m
[7.885s] [  3%] [32mBuilding CXX object gmock/CMakeFiles/gmock_main.dir/src/gmock_main.cc.o[0m
[7.893s] [  3%] [32mBuilding CXX object online_signal_smoothing/CMakeFiles/moveit_smoothing_base.dir/src/smoothing_base_class.cpp.o[0m
[7.896s] [  4%] [34m[1mRunning `/opt/ros/humble/bin/generate_parameter_library_cpp /home/zx/ws_moveit2/build/moveit_core/online_signal_smoothing/moveit_butterworth_parameters/include//moveit_butterworth_parameters.hpp /home/zx/ws_moveit2/src/moveit2/moveit_core/online_signal_smoothing/src/butterworth_parameters.yaml `[0m
[7.902s] [  5%] [32mBuilding CXX object version/CMakeFiles/moveit_version.dir/version.cpp.o[0m
[8.033s] [  6%] [32m[1mLinking CXX executable moveit_version[0m
[8.115s] [  6%] Built target moveit_butterworth_parameters
[8.169s] [  7%] [32mBuilding CXX object gmock/CMakeFiles/gmock.dir/src/gmock-all.cc.o[0m
[8.248s] [  7%] Built target moveit_version
[8.263s] [  7%] [32mBuilding CXX object utils/CMakeFiles/moveit_utils.dir/src/message_checks.cpp.o[0m
[9.278s] [  7%] [32m[1mLinking CXX static library libgtest_main.a[0m
[9.443s] [  7%] Built target gtest_main
[9.495s] [  8%] [32mBuilding CXX object utils/CMakeFiles/moveit_utils.dir/src/rclcpp_utils.cpp.o[0m
[9.675s] [  8%] [32mBuilding CXX object distance_field/CMakeFiles/moveit_distance_field.dir/src/find_internal_points.cpp.o[0m
[10.258s] [  9%] [32mBuilding CXX object distance_field/CMakeFiles/moveit_distance_field.dir/src/propagation_distance_field.cpp.o[0m
[10.430s] [ 10%] [32m[1mLinking CXX shared library libmoveit_exceptions.so[0m
[10.458s] [ 11%] [32m[1mLinking CXX static library libgmock_main.a[0m
[10.553s] [ 11%] Built target gmock_main
[10.731s] [ 11%] Built target moveit_exceptions
[10.998s] [ 11%] [32m[1mLinking CXX shared library libmoveit_utils.so[0m
[12.214s] [ 11%] Built target moveit_utils
[13.873s] [ 12%] [32m[1mLinking CXX shared library libmoveit_smoothing_base.so[0m
[14.040s] [ 12%] Built target moveit_smoothing_base
[15.679s] [ 13%] [32m[1mLinking CXX shared library libmoveit_kinematics_base.so[0m
[15.801s] [ 13%] Built target moveit_kinematics_base
[15.823s] [ 13%] [32mBuilding CXX object robot_model/CMakeFiles/moveit_robot_model.dir/src/joint_model_group.cpp.o[0m
[15.823s] [ 15%] [32mBuilding CXX object robot_model/CMakeFiles/moveit_robot_model.dir/src/aabb.cpp.o[0m
[15.824s] [ 15%] [32mBuilding CXX object robot_model/CMakeFiles/moveit_robot_model.dir/src/joint_model.cpp.o[0m
[15.824s] [ 16%] [32mBuilding CXX object robot_model/CMakeFiles/moveit_robot_model.dir/src/floating_joint_model.cpp.o[0m
[15.824s] [ 16%] [32mBuilding CXX object robot_model/CMakeFiles/moveit_robot_model.dir/src/fixed_joint_model.cpp.o[0m
[15.826s] [ 17%] [32mBuilding CXX object robot_model/CMakeFiles/moveit_robot_model.dir/src/link_model.cpp.o[0m
[15.833s] [ 17%] [32mBuilding CXX object robot_model/CMakeFiles/moveit_robot_model.dir/src/planar_joint_model.cpp.o[0m
[17.888s] [ 18%] [32m[1mLinking CXX shared library libmoveit_transforms.so[0m
[18.213s] [ 18%] Built target moveit_transforms
[18.258s] [ 19%] [32mBuilding CXX object robot_model/CMakeFiles/moveit_robot_model.dir/src/prismatic_joint_model.cpp.o[0m
[18.610s] [ 20%] [32m[1mLinking CXX static library libgmock.a[0m
[18.821s] [ 20%] Built target gmock
[18.838s] [ 21%] [32mBuilding CXX object robot_model/CMakeFiles/moveit_robot_model.dir/src/revolute_joint_model.cpp.o[0m
[18.894s] [ 21%] [32mBuilding CXX object robot_model/CMakeFiles/moveit_robot_model.dir/src/robot_model.cpp.o[0m
[19.320s] [ 22%] [32m[1mLinking CXX static library libgtest.a[0m
[19.382s] [ 22%] Built target gtest
[19.425s] [ 22%] [32mBuilding CXX object transforms/CMakeFiles/test_transforms.dir/test/test_transforms.cpp.o[0m
[19.799s] [ 22%] [32m[1mLinking CXX shared library libmoveit_distance_field.so[0m
[20.061s] [ 22%] Built target moveit_distance_field
[20.091s] [ 22%] [32mBuilding CXX object distance_field/CMakeFiles/test_distance_field.dir/test/test_distance_field.cpp.o[0m
[20.093s] [ 23%] [32mBuilding CXX object distance_field/CMakeFiles/test_voxel_grid.dir/test/test_voxel_grid.cpp.o[0m
[23.226s] [ 24%] [32m[1mLinking CXX executable test_transforms[0m
[23.347s] [ 24%] Built target test_transforms
[24.736s] [ 24%] [32m[1mLinking CXX executable test_voxel_grid[0m
[24.841s] [ 24%] Built target test_voxel_grid
[26.908s] [ 25%] [32m[1mLinking CXX shared library libmoveit_robot_model.so[0m
[27.029s] [ 25%] Built target moveit_robot_model
[27.044s] [ 27%] [32mBuilding CXX object robot_state/CMakeFiles/moveit_robot_state.dir/src/cartesian_interpolator.cpp.o[0m
[27.044s] [ 27%] [32mBuilding CXX object robot_state/CMakeFiles/moveit_robot_state.dir/src/attached_body.cpp.o[0m
[27.044s] [ 27%] [32mBuilding CXX object robot_state/CMakeFiles/moveit_robot_state.dir/src/robot_state.cpp.o[0m
[27.044s] [ 27%] [32mBuilding CXX object utils/CMakeFiles/moveit_test_utils.dir/src/robot_model_test_utils.cpp.o[0m
[27.045s] [ 28%] [32mBuilding CXX object online_signal_smoothing/CMakeFiles/moveit_butterworth_filter.dir/src/butterworth_filter.cpp.o[0m
[27.045s] [ 29%] [32mBuilding CXX object robot_state/CMakeFiles/moveit_robot_state.dir/src/conversions.cpp.o[0m
[30.015s] [ 30%] [32m[1mLinking CXX executable test_distance_field[0m
[30.352s] [ 30%] Built target test_distance_field
[34.404s] [ 30%] [32m[1mLinking CXX shared library libmoveit_butterworth_filter.so[0m
[34.410s] [ 30%] [32m[1mLinking CXX shared library libmoveit_test_utils.so[0m
[34.541s] [ 30%] Built target moveit_butterworth_filter
[34.559s] [ 30%] [32mBuilding CXX object online_signal_smoothing/CMakeFiles/test_butterworth_filter.dir/test/test_butterworth_filter.cpp.o[0m
[34.577s] [ 30%] Built target moveit_test_utils
[34.594s] [ 31%] [32mBuilding CXX object robot_model/CMakeFiles/test_robot_model.dir/test/test.cpp.o[0m
[39.509s] [ 32%] [32m[1mLinking CXX executable test_butterworth_filter[0m
[39.629s] [ 32%] Built target test_butterworth_filter
[39.646s] [ 32%] [32m[1mLinking CXX executable test_robot_model[0m
[39.831s] [ 32%] Built target test_robot_model
[45.111s] [ 33%] [32m[1mLinking CXX shared library libmoveit_robot_state.so[0m
[45.231s] [ 33%] Built target moveit_robot_state
[45.248s] [ 33%] [32mBuilding CXX object collision_detection/CMakeFiles/moveit_collision_detection.dir/src/collision_common.cpp.o[0m
[45.249s] [ 34%] [32mBuilding CXX object collision_detection/CMakeFiles/moveit_collision_detection.dir/src/collision_octomap_filter.cpp.o[0m
[45.249s] [ 34%] [32mBuilding CXX object collision_detection/CMakeFiles/moveit_collision_detection.dir/src/collision_matrix.cpp.o[0m
[45.250s] [ 35%] [32mBuilding CXX object collision_detection/CMakeFiles/moveit_collision_detection.dir/src/allvalid/collision_env_allvalid.cpp.o[0m
[45.252s] [ 35%] [32mBuilding CXX object robot_state/CMakeFiles/test_aabb.dir/test/test_aabb.cpp.o[0m
[45.252s] [ 36%] [32mBuilding CXX object dynamics_solver/CMakeFiles/moveit_dynamics_solver.dir/src/dynamics_solver.cpp.o[0m
[45.253s] [ 36%] [32mBuilding CXX object robot_state/CMakeFiles/test_cartesian_interpolator.dir/test/test_cartesian_interpolator.cpp.o[0m
[45.253s] [ 36%] [32mBuilding CXX object robot_trajectory/CMakeFiles/moveit_robot_trajectory.dir/src/robot_trajectory.cpp.o[0m
[45.253s] [ 36%] [32mBuilding CXX object robot_state/CMakeFiles/test_robot_state_complex.dir/test/test_kinematic_complex.cpp.o[0m
[45.253s] [ 36%] [32mBuilding CXX object kinematics_metrics/CMakeFiles/moveit_kinematics_metrics.dir/src/kinematics_metrics.cpp.o[0m
[45.253s] [ 37%] [32mBuilding CXX object robot_state/CMakeFiles/test_robot_state.dir/test/robot_state_test.cpp.o[0m
[45.258s] [ 37%] [32mBuilding CXX object robot_state/CMakeFiles/test_robot_state_benchmark.dir/test/robot_state_benchmark.cpp.o[0m
[54.034s] [ 38%] [32mBuilding CXX object collision_detection/CMakeFiles/moveit_collision_detection.dir/src/collision_tools.cpp.o[0m
[54.907s] [ 39%] [32mBuilding CXX object collision_detection/CMakeFiles/moveit_collision_detection.dir/src/world.cpp.o[0m
[56.319s] [ 40%] [32m[1mLinking CXX shared library libmoveit_dynamics_solver.so[0m
[56.591s] [ 40%] Built target moveit_dynamics_solver
[56.635s] [ 41%] [32m[1mLinking CXX executable test_cartesian_interpolator[0m
[57.011s] [ 41%] Built target test_cartesian_interpolator
[57.906s] [ 42%] [32m[1mLinking CXX executable test_robot_state_benchmark[0m
[58.194s] [ 42%] Built target test_robot_state_benchmark
[58.769s] [ 43%] [32m[1mLinking CXX executable test_aabb[0m
[59.039s] [ 43%] Built target test_aabb
[59.225s] [ 44%] [32m[1mLinking CXX executable test_robot_state_complex[0m
[59.510s] [ 44%] Built target test_robot_state_complex
[59.751s] [ 45%] [32m[1mLinking CXX shared library libmoveit_robot_trajectory.so[0m
[59.902s] [ 45%] Built target moveit_robot_trajectory
[60.915s] [ 46%] [32m[1mLinking CXX executable test_robot_state[0m
[61.153s] [ 46%] Built target test_robot_state
[62.569s] [ 46%] [32mBuilding CXX object collision_detection/CMakeFiles/moveit_collision_detection.dir/src/collision_plugin_cache.cpp.o[0m
[66.373s] [ 47%] [32m[1mLinking CXX shared library libmoveit_kinematics_metrics.so[0m
[66.519s] [ 47%] Built target moveit_kinematics_metrics
[70.609s] [ 48%] [32mBuilding CXX object collision_detection/CMakeFiles/moveit_collision_detection.dir/src/world_diff.cpp.o[0m
[70.609s] [ 48%] [32mBuilding CXX object collision_detection/CMakeFiles/moveit_collision_detection.dir/src/collision_env.cpp.o[0m
[74.869s] [ 49%] [32m[1mLinking CXX shared library libmoveit_collision_detection.so[0m
[75.000s] [ 49%] Built target moveit_collision_detection
[75.013s] [ 51%] [32mBuilding CXX object planning_interface/CMakeFiles/moveit_planning_interface.dir/src/planning_response.cpp.o[0m
[75.013s] [ 51%] [32mBuilding CXX object robot_trajectory/CMakeFiles/test_robot_trajectory.dir/test/test_robot_trajectory.cpp.o[0m
[75.013s] [ 51%] [32mBuilding CXX object planning_interface/CMakeFiles/moveit_planning_interface.dir/src/planning_interface.cpp.o[0m
[80.925s] [ 51%] [32m[1mLinking CXX executable test_robot_trajectory[0m
[81.147s] [ 51%] Built target test_robot_trajectory
[81.163s] [ 53%] [32mBuilding CXX object collision_detection_bullet/CMakeFiles/moveit_collision_detection_bullet.dir/src/bullet_integration/bullet_cast_bvh_manager.cpp.o[0m
[81.163s] [ 53%] [32mBuilding CXX object collision_detection_bullet/CMakeFiles/moveit_collision_detection_bullet.dir/src/bullet_integration/bullet_discrete_bvh_manager.cpp.o[0m
[81.163s] [ 53%] [32mBuilding CXX object collision_detection/CMakeFiles/test_all_valid.dir/test/test_all_valid.cpp.o[0m
[81.163s] [ 53%] [32mBuilding CXX object collision_detection_bullet/CMakeFiles/moveit_collision_detection_bullet.dir/src/bullet_integration/bullet_utils.cpp.o[0m
[81.731s] [ 54%] [32mBuilding CXX object collision_detection_bullet/CMakeFiles/moveit_collision_detection_bullet.dir/src/bullet_integration/contact_checker_common.cpp.o[0m
[82.744s] [ 55%] [32mBuilding CXX object collision_detection_bullet/CMakeFiles/moveit_collision_detection_bullet.dir/src/collision_env_bullet.cpp.o[0m
[82.744s] [ 55%] [32mBuilding CXX object collision_detection_bullet/CMakeFiles/moveit_collision_detection_bullet.dir/src/bullet_integration/bullet_bvh_manager.cpp.o[0m
[84.596s] [ 56%] [32m[1mLinking CXX shared library libmoveit_planning_interface.so[0m
[84.837s] [ 56%] Built target moveit_planning_interface
[84.850s] [ 56%] [32mBuilding CXX object collision_detection_bullet/CMakeFiles/moveit_collision_detection_bullet.dir/src/bullet_integration/ros_bullet_utils.cpp.o[0m
[84.866s] [ 58%] [32mBuilding CXX object collision_detection/CMakeFiles/test_world.dir/test/test_world.cpp.o[0m
[84.866s] [ 58%] [32mBuilding CXX object collision_detection/CMakeFiles/test_world_diff.dir/test/test_world_diff.cpp.o[0m
[87.912s] [ 59%] [32m[1mLinking CXX executable test_all_valid[0m
[88.174s] [ 59%] Built target test_all_valid
[88.200s] [ 60%] [32mBuilding CXX object trajectory_processing/CMakeFiles/moveit_trajectory_processing.dir/src/iterative_spline_parameterization.cpp.o[0m
[88.200s] [ 61%] [32mBuilding CXX object collision_detection_fcl/CMakeFiles/moveit_collision_detection_fcl.dir/src/collision_common.cpp.o[0m
[88.200s] [ 61%] [32mBuilding CXX object trajectory_processing/CMakeFiles/moveit_trajectory_processing.dir/src/iterative_time_parameterization.cpp.o[0m
[88.201s] [ 62%] [32mBuilding CXX object trajectory_processing/CMakeFiles/moveit_trajectory_processing.dir/src/ruckig_traj_smoothing.cpp.o[0m
[88.201s] [ 62%] [32mBuilding CXX object collision_detection_fcl/CMakeFiles/moveit_collision_detection_fcl.dir/src/collision_env_fcl.cpp.o[0m
[89.227s] [ 63%] [32mBuilding CXX object trajectory_processing/CMakeFiles/moveit_trajectory_processing.dir/src/trajectory_tools.cpp.o[0m
[91.488s] [ 64%] [32m[1mLinking CXX executable test_world_diff[0m
[91.800s] [ 64%] Built target test_world_diff
[92.986s] [ 64%] [32m[1mLinking CXX executable test_world[0m
[93.218s] [ 64%] Built target test_world
[93.452s] [ 65%] [32m[1mLinking CXX shared library libmoveit_collision_detection_bullet.so[0m
[93.652s] [ 65%] Built target moveit_collision_detection_bullet
[97.861s] [ 65%] [32mBuilding CXX object trajectory_processing/CMakeFiles/moveit_trajectory_processing.dir/src/time_optimal_trajectory_generation.cpp.o[0m
[97.986s] [ 66%] [32m[1mLinking CXX shared library libmoveit_collision_detection_fcl.so[0m
[98.151s] [ 66%] Built target moveit_collision_detection_fcl
[102.805s] [ 67%] [32m[1mLinking CXX shared library libmoveit_trajectory_processing.so[0m
[102.912s] [ 67%] Built target moveit_trajectory_processing
[102.925s] [ 70%] [32mBuilding CXX object collision_detection_fcl/CMakeFiles/test_fcl_collision_env.dir/test/test_fcl_env.cpp.o[0m
[102.925s] [ 70%] [32mBuilding CXX object kinematic_constraints/CMakeFiles/moveit_kinematic_constraints.dir/src/kinematic_constraint.cpp.o[0m
[102.925s] [ 71%] [32mBuilding CXX object collision_detection_fcl/CMakeFiles/test_fcl_collision_detection_panda.dir/test/test_fcl_collision_detection_panda.cpp.o[0m
[102.925s] [ 71%] [32mBuilding CXX object kinematic_constraints/CMakeFiles/moveit_kinematic_constraints.dir/src/utils.cpp.o[0m
[102.925s] [ 71%] [32mBuilding CXX object collision_detection_fcl/CMakeFiles/test_fcl_collision_detection.dir/test/test_fcl_collision_detection_pr2.cpp.o[0m
[109.828s] [ 72%] [32m[1mLinking CXX executable test_fcl_collision_env[0m
[110.092s] [ 72%] Built target test_fcl_collision_env
[110.109s] [ 74%] [32mBuilding CXX object trajectory_processing/CMakeFiles/test_time_optimal_trajectory_generation.dir/test/test_time_optimal_trajectory_generation.cpp.o[0m
[110.109s] [ 74%] [32mBuilding CXX object trajectory_processing/CMakeFiles/test_ruckig_traj_smoothing.dir/test/test_ruckig_traj_smoothing.cpp.o[0m
[113.552s] [ 75%] [32m[1mLinking CXX shared library libmoveit_kinematic_constraints.so[0m
[113.552s] [ 75%] [32m[1mLinking CXX executable test_fcl_collision_detection_panda[0m
[113.780s] [ 75%] Built target moveit_kinematic_constraints
[113.800s] [ 76%] [32mBuilding CXX object trajectory_processing/CMakeFiles/test_time_parameterization.dir/test/test_time_parameterization.cpp.o[0m
[113.801s] [ 76%] [32mBuilding CXX object collision_detection_bullet/CMakeFiles/test_bullet_collision_detection_panda.dir/test/test_bullet_collision_detection_panda.cpp.o[0m
[113.804s] [ 77%] [32mBuilding CXX object collision_detection_bullet/CMakeFiles/test_bullet_continuous_collision_checking.dir/test/test_bullet_continuous_collision_checking.cpp.o[0m
[113.876s] [ 77%] Built target test_fcl_collision_detection_panda
[113.894s] [ 77%] [32mBuilding CXX object kinematic_constraints/CMakeFiles/test_orientation_constraints.dir/test/test_orientation_constraints.cpp.o[0m
[114.449s] [ 77%] [32m[1mLinking CXX executable test_fcl_collision_detection[0m
[114.753s] [ 77%] Built target test_fcl_collision_detection
[114.772s] [ 77%] [32mBuilding CXX object kinematic_constraints/CMakeFiles/test_constraints.dir/test/test_constraints.cpp.o[0m
[114.780s] [ 78%] [32mBuilding CXX object planning_scene/CMakeFiles/moveit_planning_scene.dir/src/planning_scene.cpp.o[0m
[118.134s] [ 78%] [32m[1mLinking CXX executable test_ruckig_traj_smoothing[0m
[118.578s] [ 78%] Built target test_ruckig_traj_smoothing
[118.607s] [ 79%] [32mBuilding CXX object collision_detection_bullet/CMakeFiles/test_bullet_collision_detection.dir/test/test_bullet_collision_detection_pr2.cpp.o[0m
[119.152s] [ 80%] [32m[1mLinking CXX executable test_time_optimal_trajectory_generation[0m
[119.449s] [ 80%] Built target test_time_optimal_trajectory_generation
[121.419s] [ 80%] [32m[1mLinking CXX executable test_bullet_collision_detection_panda[0m
[121.693s] [ 80%] Built target test_bullet_collision_detection_panda
[123.314s] [ 81%] [32m[1mLinking CXX executable test_bullet_continuous_collision_checking[0m
[123.583s] [ 81%] Built target test_bullet_continuous_collision_checking
[123.805s] [ 82%] [32m[1mLinking CXX executable test_time_parameterization[0m
[124.046s] [ 82%] Built target test_time_parameterization
[124.565s] [ 83%] [32m[1mLinking CXX executable test_orientation_constraints[0m
[124.799s] [ 83%] Built target test_orientation_constraints
[127.365s] [ 84%] [32m[1mLinking CXX executable test_constraints[0m
[127.571s] [ 84%] Built target test_constraints
[129.018s] [ 84%] [32m[1mLinking CXX executable test_bullet_collision_detection[0m
[129.225s] [ 84%] Built target test_bullet_collision_detection
[130.344s] [ 84%] [32m[1mLinking CXX shared library libmoveit_planning_scene.so[0m
[130.475s] [ 84%] Built target moveit_planning_scene
[130.489s] [ 85%] [32mBuilding CXX object constraint_samplers/CMakeFiles/moveit_constraint_samplers.dir/src/constraint_sampler.cpp.o[0m
[130.489s] [ 85%] [32mBuilding CXX object collision_distance_field/CMakeFiles/moveit_collision_distance_field.dir/src/collision_common_distance_field.cpp.o[0m
[130.489s] [ 85%] [32mBuilding CXX object collision_distance_field/CMakeFiles/moveit_collision_distance_field.dir/src/collision_distance_field_types.cpp.o[0m
[130.489s] [ 86%] [32mBuilding CXX object constraint_samplers/CMakeFiles/moveit_constraint_samplers.dir/src/constraint_sampler_manager.cpp.o[0m
[131.497s] [ 86%] [32mBuilding CXX object constraint_samplers/CMakeFiles/moveit_constraint_samplers.dir/src/constraint_sampler_tools.cpp.o[0m
[131.497s] [ 87%] [32mBuilding CXX object constraint_samplers/CMakeFiles/moveit_constraint_samplers.dir/src/default_constraint_samplers.cpp.o[0m
[135.858s] [ 87%] [32mBuilding CXX object collision_distance_field/CMakeFiles/moveit_collision_distance_field.dir/src/collision_env_distance_field.cpp.o[0m
[136.075s] [ 87%] [32mBuilding CXX object constraint_samplers/CMakeFiles/moveit_constraint_samplers.dir/src/union_constraint_sampler.cpp.o[0m
[137.436s] [ 88%] [32mBuilding CXX object collision_distance_field/CMakeFiles/moveit_collision_distance_field.dir/src/collision_env_hybrid.cpp.o[0m
[142.660s] [ 89%] [32m[1mLinking CXX shared library libmoveit_constraint_samplers.so[0m
[142.792s] [ 89%] Built target moveit_constraint_samplers
[142.807s] [ 90%] [32mBuilding CXX object collision_detection_bullet/CMakeFiles/collision_detector_bullet_plugin.dir/src/collision_detector_bullet_plugin_loader.cpp.o[0m
[142.808s] [ 90%] [32mBuilding CXX object collision_detection_fcl/CMakeFiles/collision_detector_fcl_plugin.dir/src/collision_detector_fcl_plugin_loader.cpp.o[0m
[142.808s] [ 90%] [32mBuilding CXX object planning_scene/CMakeFiles/test_multi_threaded.dir/test/test_multi_threaded.cpp.o[0m
[142.808s] [ 90%] [32mBuilding CXX object planning_scene/CMakeFiles/test_collision_objects.dir/test/test_collision_objects.cpp.o[0m
[147.035s] [ 91%] [32m[1mLinking CXX shared library libmoveit_collision_distance_field.so[0m
[147.204s] [ 91%] Built target moveit_collision_distance_field
[147.223s] [ 92%] [32mBuilding CXX object collision_distance_field/CMakeFiles/test_collision_distance_field.dir/test/test_collision_distance_field.cpp.o[0m
[147.223s] [ 93%] [32mBuilding CXX object planning_request_adapter/CMakeFiles/moveit_planning_request_adapter.dir/src/planning_request_adapter.cpp.o[0m
[147.223s] [ 93%] [32mBuilding CXX object planning_scene/CMakeFiles/test_planning_scene.dir/test/test_planning_scene.cpp.o[0m
[147.226s] [ 94%] [32mBuilding CXX object constraint_samplers/CMakeFiles/test_constraint_samplers.dir/test/test_constraint_samplers.cpp.o[0m
[147.226s] [ 94%] [32mBuilding CXX object constraint_samplers/CMakeFiles/test_constraint_samplers.dir/test/pr2_arm_ik.cpp.o[0m
[147.226s] [ 95%] [32mBuilding CXX object constraint_samplers/CMakeFiles/test_constraint_samplers.dir/test/pr2_arm_kinematics_plugin.cpp.o[0m
[151.296s] [ 96%] [32m[1mLinking CXX executable test_multi_threaded[0m
[151.802s] [ 96%] Built target test_multi_threaded
[152.250s] [ 97%] [32m[1mLinking CXX shared library libcollision_detector_bullet_plugin.so[0m
[152.504s] [ 97%] Built target collision_detector_bullet_plugin
[153.257s] [ 98%] [32m[1mLinking CXX shared library libcollision_detector_fcl_plugin.so[0m
[153.494s] [ 98%] Built target collision_detector_fcl_plugin
[154.656s] [ 98%] [32m[1mLinking CXX executable test_collision_objects[0m
[154.923s] [ 98%] Built target test_collision_objects
[156.175s] [ 99%] [32m[1mLinking CXX shared library libmoveit_planning_request_adapter.so[0m
[156.305s] [ 99%] Built target moveit_planning_request_adapter
[159.726s] [100%] [32m[1mLinking CXX executable test_constraint_samplers[0m
[159.956s] [100%] [32m[1mLinking CXX executable test_collision_distance_field[0m
[159.979s] [100%] Built target test_constraint_samplers
[160.163s] [100%] Built target test_collision_distance_field
[160.897s] [100%] [32m[1mLinking CXX executable test_planning_scene[0m
[161.088s] [100%] Built target test_planning_scene
[161.097s] Invoked command in '/home/zx/ws_moveit2/build/moveit_core' returned '0': AMENT_PREFIX_PATH=/home/zx/ws_moveit2/install/moveit_resources_panda_moveit_config:/home/zx/ws_moveit2/install/srdfdom:/home/zx/ws_moveit2/install/moveit_resources_pr2_description:/home/zx/ws_moveit2/install/moveit_resources_panda_description:/home/zx/ws_moveit2/install/moveit_common:${AMENT_PREFIX_PATH} CMAKE_PREFIX_PATH=/home/zx/ws_moveit2/install/moveit_resources_panda_moveit_config:/home/zx/ws_moveit2/install/srdfdom:/home/zx/ws_moveit2/install/moveit_resources_pr2_description:/home/zx/ws_moveit2/install/moveit_resources_panda_description:/home/zx/ws_moveit2/install/moveit_common:/opt/ros/humble LD_LIBRARY_PATH=/home/zx/ws_moveit2/install/srdfdom/lib:${LD_LIBRARY_PATH} PYTHONPATH=/home/zx/ws_moveit2/install/srdfdom/local/lib/python3.10/dist-packages:${PYTHONPATH} /usr/bin/cmake --build /home/zx/ws_moveit2/build/moveit_core -- -j12 -l12
[161.136s] Invoking command in '/home/zx/ws_moveit2/build/moveit_core': AMENT_PREFIX_PATH=/home/zx/ws_moveit2/install/moveit_resources_panda_moveit_config:/home/zx/ws_moveit2/install/srdfdom:/home/zx/ws_moveit2/install/moveit_resources_pr2_description:/home/zx/ws_moveit2/install/moveit_resources_panda_description:/home/zx/ws_moveit2/install/moveit_common:${AMENT_PREFIX_PATH} CMAKE_PREFIX_PATH=/home/zx/ws_moveit2/install/moveit_resources_panda_moveit_config:/home/zx/ws_moveit2/install/srdfdom:/home/zx/ws_moveit2/install/moveit_resources_pr2_description:/home/zx/ws_moveit2/install/moveit_resources_panda_description:/home/zx/ws_moveit2/install/moveit_common:/opt/ros/humble LD_LIBRARY_PATH=/home/zx/ws_moveit2/install/srdfdom/lib:${LD_LIBRARY_PATH} PYTHONPATH=/home/zx/ws_moveit2/install/srdfdom/local/lib/python3.10/dist-packages:${PYTHONPATH} /usr/bin/cmake --install /home/zx/ws_moveit2/build/moveit_core
[161.141s] -- Install configuration: "Release"
[161.141s] -- Installing: /home/zx/ws_moveit2/install/moveit_core/include/moveit/version.h
[161.142s] -- Up-to-date: /home/zx/ws_moveit2/install/moveit_core/include
[161.142s] -- Up-to-date: /home/zx/ws_moveit2/install/moveit_core/include/moveit
[161.142s] -- Installing: /home/zx/ws_moveit2/install/moveit_core/include/moveit/collision_distance_field
[161.142s] -- Installing: /home/zx/ws_moveit2/install/moveit_core/include/moveit/collision_distance_field/collision_env_hybrid.h
[161.142s] -- Installing: /home/zx/ws_moveit2/install/moveit_core/include/moveit/collision_distance_field/collision_detector_allocator_hybrid.h
[161.142s] -- Installing: /home/zx/ws_moveit2/install/moveit_core/include/moveit/collision_distance_field/collision_env_distance_field.h
[161.142s] -- Installing: /home/zx/ws_moveit2/install/moveit_core/include/moveit/collision_distance_field/collision_detector_allocator_distance_field.h
[161.142s] -- Installing: /home/zx/ws_moveit2/install/moveit_core/include/moveit/collision_distance_field/collision_distance_field_types.h
[161.142s] -- Installing: /home/zx/ws_moveit2/install/moveit_core/include/moveit/collision_distance_field/collision_common_distance_field.h
[161.142s] -- Installing: /home/zx/ws_moveit2/install/moveit_core/include/moveit_collision_distance_field_export.h
[161.142s] -- Up-to-date: /home/zx/ws_moveit2/install/moveit_core/include
[161.142s] -- Up-to-date: /home/zx/ws_moveit2/install/moveit_core/include/moveit
[161.143s] -- Installing: /home/zx/ws_moveit2/install/moveit_core/include/moveit/constraint_samplers
[161.143s] -- Installing: /home/zx/ws_moveit2/install/moveit_core/include/moveit/constraint_samplers/default_constraint_samplers.h
[161.143s] -- Installing: /home/zx/ws_moveit2/install/moveit_core/include/moveit/constraint_samplers/union_constraint_sampler.h
[161.143s] -- Installing: /home/zx/ws_moveit2/install/moveit_core/include/moveit/constraint_samplers/constraint_sampler_allocator.h
[161.143s] -- Installing: /home/zx/ws_moveit2/install/moveit_core/include/moveit/constraint_samplers/constraint_sampler.h
[161.143s] -- Installing: /home/zx/ws_moveit2/install/moveit_core/include/moveit/constraint_samplers/constraint_sampler_tools.h
[161.143s] -- Installing: /home/zx/ws_moveit2/install/moveit_core/include/moveit/constraint_samplers/constraint_sampler_manager.h
[161.143s] -- Up-to-date: /home/zx/ws_moveit2/install/moveit_core/include
[161.143s] -- Up-to-date: /home/zx/ws_moveit2/install/moveit_core/include/moveit
[161.143s] -- Installing: /home/zx/ws_moveit2/install/moveit_core/include/moveit/controller_manager
[161.143s] -- Installing: /home/zx/ws_moveit2/install/moveit_core/include/moveit/controller_manager/controller_manager.h
[161.143s] -- Up-to-date: /home/zx/ws_moveit2/install/moveit_core/include
[161.143s] -- Up-to-date: /home/zx/ws_moveit2/install/moveit_core/include/moveit
[161.143s] -- Installing: /home/zx/ws_moveit2/install/moveit_core/include/moveit/distance_field
[161.143s] -- Installing: /home/zx/ws_moveit2/install/moveit_core/include/moveit/distance_field/find_internal_points.h
[161.143s] -- Installing: /home/zx/ws_moveit2/install/moveit_core/include/moveit/distance_field/voxel_grid.h
[161.144s] -- Installing: /home/zx/ws_moveit2/install/moveit_core/include/moveit/distance_field/distance_field.h
[161.144s] -- Installing: /home/zx/ws_moveit2/install/moveit_core/include/moveit/distance_field/propagation_distance_field.h
[161.144s] -- Up-to-date: /home/zx/ws_moveit2/install/moveit_core/include
[161.144s] -- Up-to-date: /home/zx/ws_moveit2/install/moveit_core/include/moveit
[161.144s] -- Installing: /home/zx/ws_moveit2/install/moveit_core/include/moveit/dynamics_solver
[161.144s] -- Installing: /home/zx/ws_moveit2/install/moveit_core/include/moveit/dynamics_solver/dynamics_solver.h
[161.144s] -- Up-to-date: /home/zx/ws_moveit2/install/moveit_core/include
[161.144s] -- Up-to-date: /home/zx/ws_moveit2/install/moveit_core/include/moveit
[161.144s] -- Installing: /home/zx/ws_moveit2/install/moveit_core/include/moveit/exceptions
[161.144s] -- Installing: /home/zx/ws_moveit2/install/moveit_core/include/moveit/exceptions/exceptions.h
[161.144s] -- Up-to-date: /home/zx/ws_moveit2/install/moveit_core/include
[161.144s] -- Up-to-date: /home/zx/ws_moveit2/install/moveit_core/include/moveit
[161.144s] -- Installing: /home/zx/ws_moveit2/install/moveit_core/include/moveit/kinematics_base
[161.144s] -- Installing: /home/zx/ws_moveit2/install/moveit_core/include/moveit/kinematics_base/kinematics_base.h
[161.144s] -- Installing: /home/zx/ws_moveit2/install/moveit_core/include/moveit_kinematics_base_export.h
[161.144s] -- Up-to-date: /home/zx/ws_moveit2/install/moveit_core/include
[161.144s] -- Up-to-date: /home/zx/ws_moveit2/install/moveit_core/include/moveit
[161.144s] -- Installing: /home/zx/ws_moveit2/install/moveit_core/include/moveit/kinematic_constraints
[161.145s] -- Installing: /home/zx/ws_moveit2/install/moveit_core/include/moveit/kinematic_constraints/utils.h
[161.145s] -- Installing: /home/zx/ws_moveit2/install/moveit_core/include/moveit/kinematic_constraints/kinematic_constraint.h
[161.145s] -- Up-to-date: /home/zx/ws_moveit2/install/moveit_core/include
[161.145s] -- Up-to-date: /home/zx/ws_moveit2/install/moveit_core/include/moveit
[161.145s] -- Installing: /home/zx/ws_moveit2/install/moveit_core/include/moveit/kinematics_metrics
[161.145s] -- Installing: /home/zx/ws_moveit2/install/moveit_core/include/moveit/kinematics_metrics/kinematics_metrics.h
[161.145s] -- Up-to-date: /home/zx/ws_moveit2/install/moveit_core/include
[161.145s] -- Up-to-date: /home/zx/ws_moveit2/install/moveit_core/include/moveit
[161.145s] -- Installing: /home/zx/ws_moveit2/install/moveit_core/include/moveit/macros
[161.145s] -- Installing: /home/zx/ws_moveit2/install/moveit_core/include/moveit/macros/console_colors.h
[161.145s] -- Installing: /home/zx/ws_moveit2/install/moveit_core/include/moveit/macros/declare_ptr.h
[161.145s] -- Installing: /home/zx/ws_moveit2/install/moveit_core/include/moveit/macros/class_forward.h
[161.145s] -- Installing: /home/zx/ws_moveit2/install/moveit_core/include/moveit/macros/deprecation.h
[161.145s] -- Installing: /home/zx/ws_moveit2/install/moveit_core/include/moveit_butterworth_parameters
[161.145s] -- Installing: /home/zx/ws_moveit2/install/moveit_core/include/moveit_butterworth_parameters/moveit_butterworth_parameters.hpp
[161.145s] -- Up-to-date: /home/zx/ws_moveit2/install/moveit_core/include
[161.145s] -- Up-to-date: /home/zx/ws_moveit2/install/moveit_core/include/moveit
[161.145s] -- Installing: /home/zx/ws_moveit2/install/moveit_core/include/moveit/online_signal_smoothing
[161.146s] -- Installing: /home/zx/ws_moveit2/install/moveit_core/include/moveit/online_signal_smoothing/butterworth_filter.h
[161.146s] -- Installing: /home/zx/ws_moveit2/install/moveit_core/include/moveit/online_signal_smoothing/smoothing_base_class.h
[161.146s] -- Installing: /home/zx/ws_moveit2/install/moveit_core/include/moveit_smoothing_base_export.h
[161.146s] -- Installing: /home/zx/ws_moveit2/install/moveit_core/include/moveit_butterworth_filter_export.h
[161.146s] -- Up-to-date: /home/zx/ws_moveit2/install/moveit_core/include
[161.146s] -- Up-to-date: /home/zx/ws_moveit2/install/moveit_core/include/moveit
[161.146s] -- Installing: /home/zx/ws_moveit2/install/moveit_core/include/moveit/planning_interface
[161.146s] -- Installing: /home/zx/ws_moveit2/install/moveit_core/include/moveit/planning_interface/planning_response.h
[161.146s] -- Installing: /home/zx/ws_moveit2/install/moveit_core/include/moveit/planning_interface/planning_interface.h
[161.146s] -- Installing: /home/zx/ws_moveit2/install/moveit_core/include/moveit/planning_interface/planning_request.h
[161.146s] -- Up-to-date: /home/zx/ws_moveit2/install/moveit_core/include
[161.146s] -- Up-to-date: /home/zx/ws_moveit2/install/moveit_core/include/moveit
[161.146s] -- Installing: /home/zx/ws_moveit2/install/moveit_core/include/moveit/planning_request_adapter
[161.146s] -- Installing: /home/zx/ws_moveit2/install/moveit_core/include/moveit/planning_request_adapter/planning_request_adapter.h
[161.146s] -- Up-to-date: /home/zx/ws_moveit2/install/moveit_core/include
[161.146s] -- Up-to-date: /home/zx/ws_moveit2/install/moveit_core/include/moveit
[161.146s] -- Installing: /home/zx/ws_moveit2/install/moveit_core/include/moveit/planning_scene
[161.146s] -- Installing: /home/zx/ws_moveit2/install/moveit_core/include/moveit/planning_scene/planning_scene.h
[161.147s] -- Installing: /home/zx/ws_moveit2/install/moveit_core/include/moveit_planning_scene_export.h
[161.147s] -- Up-to-date: /home/zx/ws_moveit2/install/moveit_core/include
[161.147s] -- Up-to-date: /home/zx/ws_moveit2/install/moveit_core/include/moveit
[161.147s] -- Installing: /home/zx/ws_moveit2/install/moveit_core/include/moveit/robot_model
[161.147s] -- Installing: /home/zx/ws_moveit2/install/moveit_core/include/moveit/robot_model/prismatic_joint_model.h
[161.147s] -- Installing: /home/zx/ws_moveit2/install/moveit_core/include/moveit/robot_model/fixed_joint_model.h
[161.147s] -- Installing: /home/zx/ws_moveit2/install/moveit_core/include/moveit/robot_model/floating_joint_model.h
[161.147s] -- Installing: /home/zx/ws_moveit2/install/moveit_core/include/moveit/robot_model/joint_model_group.h
[161.147s] -- Installing: /home/zx/ws_moveit2/install/moveit_core/include/moveit/robot_model/revolute_joint_model.h
[161.147s] -- Installing: /home/zx/ws_moveit2/install/moveit_core/include/moveit/robot_model/joint_model.h
[161.147s] -- Installing: /home/zx/ws_moveit2/install/moveit_core/include/moveit/robot_model/aabb.h
[161.147s] -- Installing: /home/zx/ws_moveit2/install/moveit_core/include/moveit/robot_model/link_model.h
[161.147s] -- Installing: /home/zx/ws_moveit2/install/moveit_core/include/moveit/robot_model/planar_joint_model.h
[161.147s] -- Installing: /home/zx/ws_moveit2/install/moveit_core/include/moveit/robot_model/robot_model.h
[161.147s] -- Up-to-date: /home/zx/ws_moveit2/install/moveit_core/include
[161.147s] -- Up-to-date: /home/zx/ws_moveit2/install/moveit_core/include/moveit
[161.147s] -- Installing: /home/zx/ws_moveit2/install/moveit_core/include/moveit/robot_state
[161.147s] -- Installing: /home/zx/ws_moveit2/install/moveit_core/include/moveit/robot_state/attached_body.h
[161.148s] -- Installing: /home/zx/ws_moveit2/install/moveit_core/include/moveit/robot_state/cartesian_interpolator.h
[161.148s] -- Installing: /home/zx/ws_moveit2/install/moveit_core/include/moveit/robot_state/conversions.h
[161.148s] -- Installing: /home/zx/ws_moveit2/install/moveit_core/include/moveit/robot_state/robot_state.h
[161.148s] -- Up-to-date: /home/zx/ws_moveit2/install/moveit_core/include
[161.148s] -- Up-to-date: /home/zx/ws_moveit2/install/moveit_core/include/moveit
[161.148s] -- Installing: /home/zx/ws_moveit2/install/moveit_core/include/moveit/robot_trajectory
[161.148s] -- Installing: /home/zx/ws_moveit2/install/moveit_core/include/moveit/robot_trajectory/robot_trajectory.h
[161.148s] -- Up-to-date: /home/zx/ws_moveit2/install/moveit_core/include
[161.148s] -- Up-to-date: /home/zx/ws_moveit2/install/moveit_core/include/moveit
[161.148s] -- Installing: /home/zx/ws_moveit2/install/moveit_core/include/moveit/sensor_manager
[161.148s] -- Installing: /home/zx/ws_moveit2/install/moveit_core/include/moveit/sensor_manager/sensor_manager.h
[161.148s] -- Up-to-date: /home/zx/ws_moveit2/install/moveit_core/include
[161.148s] -- Up-to-date: /home/zx/ws_moveit2/install/moveit_core/include/moveit
[161.148s] -- Installing: /home/zx/ws_moveit2/install/moveit_core/include/moveit/trajectory_processing
[161.148s] -- Installing: /home/zx/ws_moveit2/install/moveit_core/include/moveit/trajectory_processing/time_optimal_trajectory_generation.h
[161.148s] -- Installing: /home/zx/ws_moveit2/install/moveit_core/include/moveit/trajectory_processing/ruckig_traj_smoothing.h
[161.148s] -- Installing: /home/zx/ws_moveit2/install/moveit_core/include/moveit/trajectory_processing/trajectory_tools.h
[161.148s] -- Installing: /home/zx/ws_moveit2/install/moveit_core/include/moveit/trajectory_processing/time_parameterization.h
[161.149s] -- Installing: /home/zx/ws_moveit2/install/moveit_core/include/moveit/trajectory_processing/iterative_spline_parameterization.h
[161.149s] -- Installing: /home/zx/ws_moveit2/install/moveit_core/include/moveit/trajectory_processing/iterative_time_parameterization.h
[161.149s] -- Up-to-date: /home/zx/ws_moveit2/install/moveit_core/include
[161.149s] -- Up-to-date: /home/zx/ws_moveit2/install/moveit_core/include/moveit
[161.149s] -- Installing: /home/zx/ws_moveit2/install/moveit_core/include/moveit/transforms
[161.149s] -- Installing: /home/zx/ws_moveit2/install/moveit_core/include/moveit/transforms/transforms.h
[161.149s] -- Up-to-date: /home/zx/ws_moveit2/install/moveit_core/include
[161.149s] -- Up-to-date: /home/zx/ws_moveit2/install/moveit_core/include/moveit
[161.149s] -- Installing: /home/zx/ws_moveit2/install/moveit_core/include/moveit/utils
[161.149s] -- Installing: /home/zx/ws_moveit2/install/moveit_core/include/moveit/utils/rclcpp_utils.h
[161.149s] -- Installing: /home/zx/ws_moveit2/install/moveit_core/include/moveit/utils/lexical_casts.h
[161.149s] -- Installing: /home/zx/ws_moveit2/install/moveit_core/include/moveit/utils/robot_model_test_utils.h
[161.149s] -- Installing: /home/zx/ws_moveit2/install/moveit_core/include/moveit/utils/moveit_error_code.h
[161.149s] -- Installing: /home/zx/ws_moveit2/install/moveit_core/include/moveit/utils/message_checks.h
[161.149s] -- Installing: /home/zx/ws_moveit2/install/moveit_core/bin/moveit_version
[161.149s] -- Up-to-date: /home/zx/ws_moveit2/install/moveit_core/include
[161.149s] -- Up-to-date: /home/zx/ws_moveit2/install/moveit_core/include/moveit
[161.149s] -- Installing: /home/zx/ws_moveit2/install/moveit_core/include/moveit/collision_detection
[161.150s] -- Installing: /home/zx/ws_moveit2/install/moveit_core/include/moveit/collision_detection/world.h
[161.150s] -- Installing: /home/zx/ws_moveit2/install/moveit_core/include/moveit/collision_detection/world_diff.h
[161.150s] -- Installing: /home/zx/ws_moveit2/install/moveit_core/include/moveit/collision_detection/collision_octomap_filter.h
[161.150s] -- Installing: /home/zx/ws_moveit2/install/moveit_core/include/moveit/collision_detection/collision_common.h
[161.150s] -- Installing: /home/zx/ws_moveit2/install/moveit_core/include/moveit/collision_detection/test_collision_common_pr2.h
[161.150s] -- Installing: /home/zx/ws_moveit2/install/moveit_core/include/moveit/collision_detection/collision_plugin_cache.h
[161.150s] -- Installing: /home/zx/ws_moveit2/install/moveit_core/include/moveit/collision_detection/collision_tools.h
[161.150s] -- Installing: /home/zx/ws_moveit2/install/moveit_core/include/moveit/collision_detection/collision_matrix.h
[161.150s] -- Installing: /home/zx/ws_moveit2/install/moveit_core/include/moveit/collision_detection/collision_plugin.h
[161.150s] -- Installing: /home/zx/ws_moveit2/install/moveit_core/include/moveit/collision_detection/collision_env.h
[161.150s] -- Installing: /home/zx/ws_moveit2/install/moveit_core/include/moveit/collision_detection/test_collision_common_panda.h
[161.150s] -- Installing: /home/zx/ws_moveit2/install/moveit_core/include/moveit/collision_detection/allvalid
[161.150s] -- Installing: /home/zx/ws_moveit2/install/moveit_core/include/moveit/collision_detection/allvalid/collision_detector_allocator_allvalid.h
[161.150s] -- Installing: /home/zx/ws_moveit2/install/moveit_core/include/moveit/collision_detection/allvalid/collision_env_allvalid.h
[161.150s] -- Installing: /home/zx/ws_moveit2/install/moveit_core/include/moveit/collision_detection/collision_detector_allocator.h
[161.150s] -- Installing: /home/zx/ws_moveit2/install/moveit_core/include/moveit/collision_detection/occupancy_map.h
[161.150s] -- Installing: /home/zx/ws_moveit2/install/moveit_core/include/moveit_collision_detection_export.h
[161.150s] -- Installing: /home/zx/ws_moveit2/install/moveit_core/include/moveit_core
[161.151s] -- Installing: /home/zx/ws_moveit2/install/moveit_core/include/moveit_core/moveit
[161.151s] -- Installing: /home/zx/ws_moveit2/install/moveit_core/include/moveit_core/moveit/collision_detection_bullet
[161.151s] -- Installing: /home/zx/ws_moveit2/install/moveit_core/include/moveit_core/moveit/collision_detection_bullet/bullet_integration
[161.151s] -- Installing: /home/zx/ws_moveit2/install/moveit_core/include/moveit_core/moveit/collision_detection_bullet/bullet_integration/bullet_cast_bvh_manager.h
[161.151s] -- Installing: /home/zx/ws_moveit2/install/moveit_core/include/moveit_core/moveit/collision_detection_bullet/bullet_integration/bullet_discrete_bvh_manager.h
[161.151s] -- Installing: /home/zx/ws_moveit2/install/moveit_core/include/moveit_core/moveit/collision_detection_bullet/bullet_integration/contact_checker_common.h
[161.151s] -- Installing: /home/zx/ws_moveit2/install/moveit_core/include/moveit_core/moveit/collision_detection_bullet/bullet_integration/basic_types.h
[161.151s] -- Installing: /home/zx/ws_moveit2/install/moveit_core/include/moveit_core/moveit/collision_detection_bullet/bullet_integration/bullet_bvh_manager.h
[161.151s] -- Installing: /home/zx/ws_moveit2/install/moveit_core/include/moveit_core/moveit/collision_detection_bullet/bullet_integration/ros_bullet_utils.h
[161.151s] -- Installing: /home/zx/ws_moveit2/install/moveit_core/include/moveit_core/moveit/collision_detection_bullet/bullet_integration/bullet_utils.h
[161.151s] -- Installing: /home/zx/ws_moveit2/install/moveit_core/include/moveit_core/moveit/collision_detection_bullet/collision_env_bullet.h
[161.151s] -- Installing: /home/zx/ws_moveit2/install/moveit_core/include/moveit_core/moveit/collision_detection_bullet/collision_detector_allocator_bullet.h
[161.151s] -- Installing: /home/zx/ws_moveit2/install/moveit_core/include/moveit_core/moveit/collision_detection_bullet/collision_detector_bullet_plugin_loader.h
[161.151s] -- Installing: /home/zx/ws_moveit2/install/moveit_core/include/moveit_core/moveit_collision_detection_bullet_export.h
[161.151s] -- Up-to-date: /home/zx/ws_moveit2/install/moveit_core/include
[161.151s] -- Up-to-date: /home/zx/ws_moveit2/install/moveit_core/include/moveit
[161.151s] -- Installing: /home/zx/ws_moveit2/install/moveit_core/include/moveit/collision_detection_fcl
[161.151s] -- Installing: /home/zx/ws_moveit2/install/moveit_core/include/moveit/collision_detection_fcl/fcl_compat.h
[161.152s] -- Installing: /home/zx/ws_moveit2/install/moveit_core/include/moveit/collision_detection_fcl/collision_detector_allocator_fcl.h
[161.152s] -- Installing: /home/zx/ws_moveit2/install/moveit_core/include/moveit/collision_detection_fcl/collision_common.h
[161.152s] -- Installing: /home/zx/ws_moveit2/install/moveit_core/include/moveit/collision_detection_fcl/collision_env_fcl.h
[161.152s] -- Installing: /home/zx/ws_moveit2/install/moveit_core/include/moveit/collision_detection_fcl/collision_detector_fcl_plugin_loader.h
[161.152s] -- Installing: /home/zx/ws_moveit2/install/moveit_core/include/moveit_collision_detection_fcl_export.h
[161.152s] -- Installing: /home/zx/ws_moveit2/install/moveit_core/lib/libcollision_detector_bullet_plugin.so.2.5.4
[161.152s] -- Set runtime path of "/home/zx/ws_moveit2/install/moveit_core/lib/libcollision_detector_bullet_plugin.so.2.5.4" to ""
[161.152s] -- Installing: /home/zx/ws_moveit2/install/moveit_core/lib/libcollision_detector_bullet_plugin.so
[161.152s] -- Installing: /home/zx/ws_moveit2/install/moveit_core/lib/libmoveit_butterworth_filter.so.2.5.4
[161.152s] -- Set runtime path of "/home/zx/ws_moveit2/install/moveit_core/lib/libmoveit_butterworth_filter.so.2.5.4" to ""
[161.152s] -- Installing: /home/zx/ws_moveit2/install/moveit_core/lib/libmoveit_butterworth_filter.so
[161.152s] -- Installing: /home/zx/ws_moveit2/install/moveit_core/lib/libmoveit_collision_distance_field.so.2.5.4
[161.153s] -- Set runtime path of "/home/zx/ws_moveit2/install/moveit_core/lib/libmoveit_collision_distance_field.so.2.5.4" to ""
[161.153s] -- Installing: /home/zx/ws_moveit2/install/moveit_core/lib/libmoveit_collision_distance_field.so
[161.153s] -- Installing: /home/zx/ws_moveit2/install/moveit_core/lib/libmoveit_collision_detection.so.2.5.4
[161.154s] -- Set runtime path of "/home/zx/ws_moveit2/install/moveit_core/lib/libmoveit_collision_detection.so.2.5.4" to ""
[161.154s] -- Installing: /home/zx/ws_moveit2/install/moveit_core/lib/libmoveit_collision_detection.so
[161.154s] -- Installing: /home/zx/ws_moveit2/install/moveit_core/lib/libmoveit_collision_detection_fcl.so.2.5.4
[161.155s] -- Set runtime path of "/home/zx/ws_moveit2/install/moveit_core/lib/libmoveit_collision_detection_fcl.so.2.5.4" to ""
[161.155s] -- Installing: /home/zx/ws_moveit2/install/moveit_core/lib/libmoveit_collision_detection_fcl.so
[161.155s] -- Installing: /home/zx/ws_moveit2/install/moveit_core/lib/libmoveit_collision_detection_bullet.so.2.5.4
[161.155s] -- Set runtime path of "/home/zx/ws_moveit2/install/moveit_core/lib/libmoveit_collision_detection_bullet.so.2.5.4" to ""
[161.155s] -- Installing: /home/zx/ws_moveit2/install/moveit_core/lib/libmoveit_collision_detection_bullet.so
[161.155s] -- Installing: /home/zx/ws_moveit2/install/moveit_core/lib/libmoveit_dynamics_solver.so.2.5.4
[161.156s] -- Set runtime path of "/home/zx/ws_moveit2/install/moveit_core/lib/libmoveit_dynamics_solver.so.2.5.4" to ""
[161.156s] -- Installing: /home/zx/ws_moveit2/install/moveit_core/lib/libmoveit_dynamics_solver.so
[161.156s] -- Installing: /home/zx/ws_moveit2/install/moveit_core/lib/libmoveit_constraint_samplers.so.2.5.4
[161.156s] -- Set runtime path of "/home/zx/ws_moveit2/install/moveit_core/lib/libmoveit_constraint_samplers.so.2.5.4" to ""
[161.156s] -- Installing: /home/zx/ws_moveit2/install/moveit_core/lib/libmoveit_constraint_samplers.so
[161.156s] -- Installing: /home/zx/ws_moveit2/install/moveit_core/lib/libmoveit_distance_field.so.2.5.4
[161.157s] -- Set runtime path of "/home/zx/ws_moveit2/install/moveit_core/lib/libmoveit_distance_field.so.2.5.4" to ""
[161.157s] -- Installing: /home/zx/ws_moveit2/install/moveit_core/lib/libmoveit_distance_field.so
[161.157s] -- Installing: /home/zx/ws_moveit2/install/moveit_core/lib/libmoveit_exceptions.so.2.5.4
[161.157s] -- Set runtime path of "/home/zx/ws_moveit2/install/moveit_core/lib/libmoveit_exceptions.so.2.5.4" to ""
[161.157s] -- Installing: /home/zx/ws_moveit2/install/moveit_core/lib/libmoveit_exceptions.so
[161.157s] -- Installing: /home/zx/ws_moveit2/install/moveit_core/lib/libmoveit_kinematics_base.so
[161.157s] -- Set runtime path of "/home/zx/ws_moveit2/install/moveit_core/lib/libmoveit_kinematics_base.so" to ""
[161.157s] -- Installing: /home/zx/ws_moveit2/install/moveit_core/lib/libmoveit_kinematic_constraints.so.2.5.4
[161.158s] -- Set runtime path of "/home/zx/ws_moveit2/install/moveit_core/lib/libmoveit_kinematic_constraints.so.2.5.4" to ""
[161.158s] -- Installing: /home/zx/ws_moveit2/install/moveit_core/lib/libmoveit_kinematic_constraints.so
[161.158s] -- Installing: /home/zx/ws_moveit2/install/moveit_core/lib/libmoveit_kinematics_metrics.so.2.5.4
[161.159s] -- Set runtime path of "/home/zx/ws_moveit2/install/moveit_core/lib/libmoveit_kinematics_metrics.so.2.5.4" to ""
[161.159s] -- Installing: /home/zx/ws_moveit2/install/moveit_core/lib/libmoveit_kinematics_metrics.so
[161.159s] -- Installing: /home/zx/ws_moveit2/install/moveit_core/lib/libmoveit_planning_interface.so.2.5.4
[161.159s] -- Set runtime path of "/home/zx/ws_moveit2/install/moveit_core/lib/libmoveit_planning_interface.so.2.5.4" to ""
[161.159s] -- Installing: /home/zx/ws_moveit2/install/moveit_core/lib/libmoveit_planning_interface.so
[161.159s] -- Installing: /home/zx/ws_moveit2/install/moveit_core/lib/libmoveit_planning_scene.so.2.5.4
[161.160s] -- Set runtime path of "/home/zx/ws_moveit2/install/moveit_core/lib/libmoveit_planning_scene.so.2.5.4" to ""
[161.160s] -- Installing: /home/zx/ws_moveit2/install/moveit_core/lib/libmoveit_planning_scene.so
[161.160s] -- Installing: /home/zx/ws_moveit2/install/moveit_core/lib/libmoveit_planning_request_adapter.so.2.5.4
[161.160s] -- Set runtime path of "/home/zx/ws_moveit2/install/moveit_core/lib/libmoveit_planning_request_adapter.so.2.5.4" to ""
[161.160s] -- Installing: /home/zx/ws_moveit2/install/moveit_core/lib/libmoveit_planning_request_adapter.so
[161.160s] -- Installing: /home/zx/ws_moveit2/install/moveit_core/lib/libmoveit_robot_model.so.2.5.4
[161.161s] -- Set runtime path of "/home/zx/ws_moveit2/install/moveit_core/lib/libmoveit_robot_model.so.2.5.4" to ""
[161.161s] -- Installing: /home/zx/ws_moveit2/install/moveit_core/lib/libmoveit_robot_model.so
[161.161s] -- Installing: /home/zx/ws_moveit2/install/moveit_core/lib/libmoveit_robot_state.so.2.5.4
[161.162s] -- Set runtime path of "/home/zx/ws_moveit2/install/moveit_core/lib/libmoveit_robot_state.so.2.5.4" to ""
[161.162s] -- Installing: /home/zx/ws_moveit2/install/moveit_core/lib/libmoveit_robot_state.so
[161.162s] -- Installing: /home/zx/ws_moveit2/install/moveit_core/lib/libmoveit_robot_trajectory.so.2.5.4
[161.162s] -- Set runtime path of "/home/zx/ws_moveit2/install/moveit_core/lib/libmoveit_robot_trajectory.so.2.5.4" to ""
[161.162s] -- Installing: /home/zx/ws_moveit2/install/moveit_core/lib/libmoveit_robot_trajectory.so
[161.162s] -- Installing: /home/zx/ws_moveit2/install/moveit_core/lib/libmoveit_smoothing_base.so.2.5.4
[161.163s] -- Set runtime path of "/home/zx/ws_moveit2/install/moveit_core/lib/libmoveit_smoothing_base.so.2.5.4" to ""
[161.163s] -- Installing: /home/zx/ws_moveit2/install/moveit_core/lib/libmoveit_smoothing_base.so
[161.163s] -- Installing: /home/zx/ws_moveit2/install/moveit_core/lib/libmoveit_test_utils.so.2.5.4
[161.163s] -- Set runtime path of "/home/zx/ws_moveit2/install/moveit_core/lib/libmoveit_test_utils.so.2.5.4" to ""
[161.163s] -- Installing: /home/zx/ws_moveit2/install/moveit_core/lib/libmoveit_test_utils.so
[161.163s] -- Installing: /home/zx/ws_moveit2/install/moveit_core/lib/libmoveit_trajectory_processing.so.2.5.4
[161.164s] -- Set runtime path of "/home/zx/ws_moveit2/install/moveit_core/lib/libmoveit_trajectory_processing.so.2.5.4" to ""
[161.164s] -- Installing: /home/zx/ws_moveit2/install/moveit_core/lib/libmoveit_trajectory_processing.so
[161.164s] -- Installing: /home/zx/ws_moveit2/install/moveit_core/lib/libmoveit_transforms.so.2.5.4
[161.164s] -- Set runtime path of "/home/zx/ws_moveit2/install/moveit_core/lib/libmoveit_transforms.so.2.5.4" to ""
[161.164s] -- Installing: /home/zx/ws_moveit2/install/moveit_core/lib/libmoveit_transforms.so
[161.164s] -- Installing: /home/zx/ws_moveit2/install/moveit_core/lib/libmoveit_utils.so.2.5.4
[161.164s] -- Set runtime path of "/home/zx/ws_moveit2/install/moveit_core/lib/libmoveit_utils.so.2.5.4" to ""
[161.164s] -- Installing: /home/zx/ws_moveit2/install/moveit_core/lib/libmoveit_utils.so
[161.164s] -- Installing: /home/zx/ws_moveit2/install/moveit_core/share/moveit_core/environment/library_path.sh
[161.164s] -- Installing: /home/zx/ws_moveit2/install/moveit_core/share/moveit_core/environment/library_path.dsv
[161.165s] -- Installing: /home/zx/ws_moveit2/install/moveit_core/share/moveit_core/collision_detector_fcl_description.xml
[161.165s] -- Installing: /home/zx/ws_moveit2/install/moveit_core/share/moveit_core/collision_detector_bullet_description.xml
[161.165s] -- Installing: /home/zx/ws_moveit2/install/moveit_core/share/moveit_core/filter_plugin_butterworth.xml
[161.165s] -- Installing: /home/zx/ws_moveit2/install/moveit_core/share/ament_index/resource_index/package_run_dependencies/moveit_core
[161.165s] -- Installing: /home/zx/ws_moveit2/install/moveit_core/share/ament_index/resource_index/parent_prefix_path/moveit_core
[161.165s] -- Installing: /home/zx/ws_moveit2/install/moveit_core/share/moveit_core/environment/ament_prefix_path.sh
[161.165s] -- Installing: /home/zx/ws_moveit2/install/moveit_core/share/moveit_core/environment/ament_prefix_path.dsv
[161.165s] -- Installing: /home/zx/ws_moveit2/install/moveit_core/share/moveit_core/environment/path.sh
[161.165s] -- Installing: /home/zx/ws_moveit2/install/moveit_core/share/moveit_core/environment/path.dsv
[161.165s] -- Installing: /home/zx/ws_moveit2/install/moveit_core/share/moveit_core/local_setup.bash
[161.166s] -- Installing: /home/zx/ws_moveit2/install/moveit_core/share/moveit_core/local_setup.sh
[161.166s] -- Installing: /home/zx/ws_moveit2/install/moveit_core/share/moveit_core/local_setup.zsh
[161.166s] -- Installing: /home/zx/ws_moveit2/install/moveit_core/share/moveit_core/local_setup.dsv
[161.166s] -- Installing: /home/zx/ws_moveit2/install/moveit_core/share/moveit_core/package.dsv
[161.166s] -- Installing: /home/zx/ws_moveit2/install/moveit_core/share/ament_index/resource_index/packages/moveit_core
[161.166s] -- Installing: /home/zx/ws_moveit2/install/moveit_core/share/ament_index/resource_index/moveit_core__pluginlib__plugin/moveit_core
[161.166s] -- Installing: /home/zx/ws_moveit2/install/moveit_core/share/moveit_core/cmake/export_moveit_coreExport.cmake
[161.166s] -- Installing: /home/zx/ws_moveit2/install/moveit_core/share/moveit_core/cmake/export_moveit_coreExport-release.cmake
[161.166s] -- Installing: /home/zx/ws_moveit2/install/moveit_core/share/moveit_core/cmake/ConfigExtras.cmake
[161.166s] -- Installing: /home/zx/ws_moveit2/install/moveit_core/share/moveit_core/cmake/ament_cmake_export_targets-extras.cmake
[161.166s] -- Installing: /home/zx/ws_moveit2/install/moveit_core/share/moveit_core/cmake/ament_cmake_export_dependencies-extras.cmake
[161.166s] -- Installing: /home/zx/ws_moveit2/install/moveit_core/share/moveit_core/cmake/moveit_coreConfig.cmake
[161.166s] -- Installing: /home/zx/ws_moveit2/install/moveit_core/share/moveit_core/cmake/moveit_coreConfig-version.cmake
[161.166s] -- Installing: /home/zx/ws_moveit2/install/moveit_core/share/moveit_core/package.xml
[161.169s] Invoked command in '/home/zx/ws_moveit2/build/moveit_core' returned '0': AMENT_PREFIX_PATH=/home/zx/ws_moveit2/install/moveit_resources_panda_moveit_config:/home/zx/ws_moveit2/install/srdfdom:/home/zx/ws_moveit2/install/moveit_resources_pr2_description:/home/zx/ws_moveit2/install/moveit_resources_panda_description:/home/zx/ws_moveit2/install/moveit_common:${AMENT_PREFIX_PATH} CMAKE_PREFIX_PATH=/home/zx/ws_moveit2/install/moveit_resources_panda_moveit_config:/home/zx/ws_moveit2/install/srdfdom:/home/zx/ws_moveit2/install/moveit_resources_pr2_description:/home/zx/ws_moveit2/install/moveit_resources_panda_description:/home/zx/ws_moveit2/install/moveit_common:/opt/ros/humble LD_LIBRARY_PATH=/home/zx/ws_moveit2/install/srdfdom/lib:${LD_LIBRARY_PATH} PYTHONPATH=/home/zx/ws_moveit2/install/srdfdom/local/lib/python3.10/dist-packages:${PYTHONPATH} /usr/bin/cmake --install /home/zx/ws_moveit2/build/moveit_core
