[0.018s] Invoking command in '/home/zx/ws_moveit2/build/moveit_visual_tools': AMENT_PREFIX_PATH=/home/zx/ws_moveit2/install/moveit_ros_planning:/home/zx/ws_moveit2/install/moveit_ros_occupancy_map_monitor:/home/zx/ws_moveit2/install/moveit_core:/home/zx/ws_moveit2/install/srdfdom:/home/zx/ws_moveit2/install/moveit_common:${AMENT_PREFIX_PATH} CMAKE_PREFIX_PATH=/home/zx/ws_moveit2/install/moveit_ros_planning:/home/zx/ws_moveit2/install/moveit_ros_occupancy_map_monitor:/home/zx/ws_moveit2/install/moveit_core:/home/zx/ws_moveit2/install/srdfdom:/home/zx/ws_moveit2/install/moveit_common:/opt/ros/humble LD_LIBRARY_PATH=/home/zx/ws_moveit2/install/moveit_ros_planning/lib:/home/zx/ws_moveit2/install/moveit_ros_occupancy_map_monitor/lib:/home/zx/ws_moveit2/install/moveit_core/lib:/home/zx/ws_moveit2/install/srdfdom/lib:${LD_LIBRARY_PATH} PATH=/home/zx/ws_moveit2/install/moveit_core/bin:${PATH} PYTHONPATH=/home/zx/ws_moveit2/install/srdfdom/local/lib/python3.10/dist-packages:${PYTHONPATH} /usr/bin/cmake --build /home/zx/ws_moveit2/build/moveit_visual_tools -- -j12 -l12
[0.072s] [35m[1mConsolidate compiler generated dependencies of target moveit_visual_tools[0m
[0.127s] [ 66%] Built target moveit_visual_tools
[0.158s] [35m[1mConsolidate compiler generated dependencies of target moveit_visual_tools_demo[0m
[0.192s] [100%] Built target moveit_visual_tools_demo
[0.205s] Invoked command in '/home/zx/ws_moveit2/build/moveit_visual_tools' returned '0': AMENT_PREFIX_PATH=/home/zx/ws_moveit2/install/moveit_ros_planning:/home/zx/ws_moveit2/install/moveit_ros_occupancy_map_monitor:/home/zx/ws_moveit2/install/moveit_core:/home/zx/ws_moveit2/install/srdfdom:/home/zx/ws_moveit2/install/moveit_common:${AMENT_PREFIX_PATH} CMAKE_PREFIX_PATH=/home/zx/ws_moveit2/install/moveit_ros_planning:/home/zx/ws_moveit2/install/moveit_ros_occupancy_map_monitor:/home/zx/ws_moveit2/install/moveit_core:/home/zx/ws_moveit2/install/srdfdom:/home/zx/ws_moveit2/install/moveit_common:/opt/ros/humble LD_LIBRARY_PATH=/home/zx/ws_moveit2/install/moveit_ros_planning/lib:/home/zx/ws_moveit2/install/moveit_ros_occupancy_map_monitor/lib:/home/zx/ws_moveit2/install/moveit_core/lib:/home/zx/ws_moveit2/install/srdfdom/lib:${LD_LIBRARY_PATH} PATH=/home/zx/ws_moveit2/install/moveit_core/bin:${PATH} PYTHONPATH=/home/zx/ws_moveit2/install/srdfdom/local/lib/python3.10/dist-packages:${PYTHONPATH} /usr/bin/cmake --build /home/zx/ws_moveit2/build/moveit_visual_tools -- -j12 -l12
[0.236s] Invoking command in '/home/zx/ws_moveit2/build/moveit_visual_tools': AMENT_PREFIX_PATH=/home/zx/ws_moveit2/install/moveit_ros_planning:/home/zx/ws_moveit2/install/moveit_ros_occupancy_map_monitor:/home/zx/ws_moveit2/install/moveit_core:/home/zx/ws_moveit2/install/srdfdom:/home/zx/ws_moveit2/install/moveit_common:${AMENT_PREFIX_PATH} CMAKE_PREFIX_PATH=/home/zx/ws_moveit2/install/moveit_ros_planning:/home/zx/ws_moveit2/install/moveit_ros_occupancy_map_monitor:/home/zx/ws_moveit2/install/moveit_core:/home/zx/ws_moveit2/install/srdfdom:/home/zx/ws_moveit2/install/moveit_common:/opt/ros/humble LD_LIBRARY_PATH=/home/zx/ws_moveit2/install/moveit_ros_planning/lib:/home/zx/ws_moveit2/install/moveit_ros_occupancy_map_monitor/lib:/home/zx/ws_moveit2/install/moveit_core/lib:/home/zx/ws_moveit2/install/srdfdom/lib:${LD_LIBRARY_PATH} PATH=/home/zx/ws_moveit2/install/moveit_core/bin:${PATH} PYTHONPATH=/home/zx/ws_moveit2/install/srdfdom/local/lib/python3.10/dist-packages:${PYTHONPATH} /usr/bin/cmake --install /home/zx/ws_moveit2/build/moveit_visual_tools
[0.245s] -- Install configuration: "Release"
[0.245s] -- Up-to-date: /home/zx/ws_moveit2/install/moveit_visual_tools/share/moveit_visual_tools/environment/library_path.sh
[0.245s] -- Up-to-date: /home/zx/ws_moveit2/install/moveit_visual_tools/share/moveit_visual_tools/environment/library_path.dsv
[0.245s] -- Up-to-date: /home/zx/ws_moveit2/install/moveit_visual_tools/lib/libmoveit_visual_tools.so
[0.245s] -- Up-to-date: /home/zx/ws_moveit2/install/moveit_visual_tools/lib/moveit_visual_tools/moveit_visual_tools_demo
[0.246s] -- Up-to-date: /home/zx/ws_moveit2/install/moveit_visual_tools/include
[0.246s] -- Up-to-date: /home/zx/ws_moveit2/install/moveit_visual_tools/include/moveit_visual_tools
[0.246s] -- Up-to-date: /home/zx/ws_moveit2/install/moveit_visual_tools/include/moveit_visual_tools/imarker_robot_state.h
[0.246s] -- Up-to-date: /home/zx/ws_moveit2/install/moveit_visual_tools/include/moveit_visual_tools/moveit_visual_tools.h
[0.246s] -- Up-to-date: /home/zx/ws_moveit2/install/moveit_visual_tools/include/moveit_visual_tools/imarker_end_effector.h
[0.246s] -- Up-to-date: /home/zx/ws_moveit2/install/moveit_visual_tools/share/moveit_visual_tools/launch
[0.246s] -- Up-to-date: /home/zx/ws_moveit2/install/moveit_visual_tools/share/moveit_visual_tools/launch/demo.rviz
[0.246s] -- Up-to-date: /home/zx/ws_moveit2/install/moveit_visual_tools/share/moveit_visual_tools/launch/demo_rviz.launch.py
[0.246s] -- Up-to-date: /home/zx/ws_moveit2/install/moveit_visual_tools/share/moveit_visual_tools/resources
[0.246s] -- Up-to-date: /home/zx/ws_moveit2/install/moveit_visual_tools/share/moveit_visual_tools/resources/rrbot.urdf
[0.246s] -- Up-to-date: /home/zx/ws_moveit2/install/moveit_visual_tools/share/moveit_visual_tools/resources/demo.png
[0.246s] -- Up-to-date: /home/zx/ws_moveit2/install/moveit_visual_tools/share/moveit_visual_tools/resources/demo_mesh.stl
[0.246s] -- Up-to-date: /home/zx/ws_moveit2/install/moveit_visual_tools/share/moveit_visual_tools/resources/rrbot.srdf
[0.246s] -- Up-to-date: /home/zx/ws_moveit2/install/moveit_visual_tools/share/moveit_visual_tools/resources/screenshot.png
[0.246s] -- Up-to-date: /home/zx/ws_moveit2/install/moveit_visual_tools/share/ament_index/resource_index/package_run_dependencies/moveit_visual_tools
[0.246s] -- Up-to-date: /home/zx/ws_moveit2/install/moveit_visual_tools/share/ament_index/resource_index/parent_prefix_path/moveit_visual_tools
[0.246s] -- Up-to-date: /home/zx/ws_moveit2/install/moveit_visual_tools/share/moveit_visual_tools/environment/ament_prefix_path.sh
[0.246s] -- Up-to-date: /home/zx/ws_moveit2/install/moveit_visual_tools/share/moveit_visual_tools/environment/ament_prefix_path.dsv
[0.246s] -- Up-to-date: /home/zx/ws_moveit2/install/moveit_visual_tools/share/moveit_visual_tools/environment/path.sh
[0.247s] -- Up-to-date: /home/zx/ws_moveit2/install/moveit_visual_tools/share/moveit_visual_tools/environment/path.dsv
[0.247s] -- Up-to-date: /home/zx/ws_moveit2/install/moveit_visual_tools/share/moveit_visual_tools/local_setup.bash
[0.247s] -- Up-to-date: /home/zx/ws_moveit2/install/moveit_visual_tools/share/moveit_visual_tools/local_setup.sh
[0.247s] -- Up-to-date: /home/zx/ws_moveit2/install/moveit_visual_tools/share/moveit_visual_tools/local_setup.zsh
[0.247s] -- Up-to-date: /home/zx/ws_moveit2/install/moveit_visual_tools/share/moveit_visual_tools/local_setup.dsv
[0.247s] -- Installing: /home/zx/ws_moveit2/install/moveit_visual_tools/share/moveit_visual_tools/package.dsv
[0.247s] -- Up-to-date: /home/zx/ws_moveit2/install/moveit_visual_tools/share/ament_index/resource_index/packages/moveit_visual_tools
[0.247s] -- Up-to-date: /home/zx/ws_moveit2/install/moveit_visual_tools/share/moveit_visual_tools/cmake/export_moveit_visual_toolsExport.cmake
[0.247s] -- Up-to-date: /home/zx/ws_moveit2/install/moveit_visual_tools/share/moveit_visual_tools/cmake/export_moveit_visual_toolsExport-release.cmake
[0.247s] -- Up-to-date: /home/zx/ws_moveit2/install/moveit_visual_tools/share/moveit_visual_tools/cmake/ament_cmake_export_targets-extras.cmake
[0.247s] -- Up-to-date: /home/zx/ws_moveit2/install/moveit_visual_tools/share/moveit_visual_tools/cmake/ament_cmake_export_dependencies-extras.cmake
[0.247s] -- Up-to-date: /home/zx/ws_moveit2/install/moveit_visual_tools/share/moveit_visual_tools/cmake/moveit_visual_toolsConfig.cmake
[0.247s] -- Up-to-date: /home/zx/ws_moveit2/install/moveit_visual_tools/share/moveit_visual_tools/cmake/moveit_visual_toolsConfig-version.cmake
[0.247s] -- Up-to-date: /home/zx/ws_moveit2/install/moveit_visual_tools/share/moveit_visual_tools/package.xml
[0.275s] Invoked command in '/home/zx/ws_moveit2/build/moveit_visual_tools' returned '0': AMENT_PREFIX_PATH=/home/zx/ws_moveit2/install/moveit_ros_planning:/home/zx/ws_moveit2/install/moveit_ros_occupancy_map_monitor:/home/zx/ws_moveit2/install/moveit_core:/home/zx/ws_moveit2/install/srdfdom:/home/zx/ws_moveit2/install/moveit_common:${AMENT_PREFIX_PATH} CMAKE_PREFIX_PATH=/home/zx/ws_moveit2/install/moveit_ros_planning:/home/zx/ws_moveit2/install/moveit_ros_occupancy_map_monitor:/home/zx/ws_moveit2/install/moveit_core:/home/zx/ws_moveit2/install/srdfdom:/home/zx/ws_moveit2/install/moveit_common:/opt/ros/humble LD_LIBRARY_PATH=/home/zx/ws_moveit2/install/moveit_ros_planning/lib:/home/zx/ws_moveit2/install/moveit_ros_occupancy_map_monitor/lib:/home/zx/ws_moveit2/install/moveit_core/lib:/home/zx/ws_moveit2/install/srdfdom/lib:${LD_LIBRARY_PATH} PATH=/home/zx/ws_moveit2/install/moveit_core/bin:${PATH} PYTHONPATH=/home/zx/ws_moveit2/install/srdfdom/local/lib/python3.10/dist-packages:${PYTHONPATH} /usr/bin/cmake --install /home/zx/ws_moveit2/build/moveit_visual_tools
