[0.019s] Invoking command in '/home/zx/ws_moveit2/build/moveit_servo': AMENT_PREFIX_PATH=/home/zx/ws_moveit2/install/moveit_ros_planning_interface:/home/zx/ws_moveit2/install/moveit_ros_move_group:/home/zx/ws_moveit2/install/moveit_ros_warehouse:/home/zx/ws_moveit2/install/moveit_kinematics:/home/zx/ws_moveit2/install/moveit_ros_planning:/home/zx/ws_moveit2/install/moveit_ros_occupancy_map_monitor:/home/zx/ws_moveit2/install/moveit_core:/home/zx/ws_moveit2/install/moveit_resources_panda_moveit_config:/home/zx/ws_moveit2/install/moveit_configs_utils:/home/zx/ws_moveit2/install/srdfdom:/home/zx/ws_moveit2/install/moveit_resources_panda_description:/home/zx/ws_moveit2/install/moveit_common:/home/zx/ws_moveit2/install/launch_param_builder:${AMENT_PREFIX_PATH} CMAKE_PREFIX_PATH=/home/zx/ws_moveit2/install/moveit_ros_planning_interface:/home/zx/ws_moveit2/install/moveit_ros_move_group:/home/zx/ws_moveit2/install/moveit_ros_warehouse:/home/zx/ws_moveit2/install/moveit_kinematics:/home/zx/ws_moveit2/install/moveit_ros_planning:/home/zx/ws_moveit2/install/moveit_ros_occupancy_map_monitor:/home/zx/ws_moveit2/install/moveit_core:/home/zx/ws_moveit2/install/moveit_resources_panda_moveit_config:/home/zx/ws_moveit2/install/srdfdom:/home/zx/ws_moveit2/install/moveit_resources_panda_description:/home/zx/ws_moveit2/install/moveit_common:/opt/ros/humble LD_LIBRARY_PATH=/home/zx/ws_moveit2/install/moveit_ros_planning_interface/lib:/home/zx/ws_moveit2/install/moveit_ros_move_group/lib:/home/zx/ws_moveit2/install/moveit_ros_warehouse/lib:/home/zx/ws_moveit2/install/moveit_kinematics/lib:/home/zx/ws_moveit2/install/moveit_ros_planning/lib:/home/zx/ws_moveit2/install/moveit_ros_occupancy_map_monitor/lib:/home/zx/ws_moveit2/install/moveit_core/lib:/home/zx/ws_moveit2/install/srdfdom/lib:${LD_LIBRARY_PATH} PATH=/home/zx/ws_moveit2/install/moveit_core/bin:${PATH} PYTHONPATH=/home/zx/ws_moveit2/install/moveit_configs_utils/lib/python3.10/site-packages:/home/zx/ws_moveit2/install/srdfdom/local/lib/python3.10/dist-packages:/home/zx/ws_moveit2/install/launch_param_builder/lib/python3.10/site-packages:${PYTHONPATH} /usr/bin/cmake --build /home/zx/ws_moveit2/build/moveit_servo -- -j12 -l12
[0.076s] [  6%] Built target fake_command_publisher
[0.076s] [ 12%] Built target gtest_main
[0.076s] [ 18%] Built target gtest
[0.076s] [ 24%] Built target servo_controller_input
[0.083s] [ 33%] Built target moveit_servo_lib_parameters
[0.095s] [35m[1mConsolidate compiler generated dependencies of target test_servo_integration[0m
[0.116s] [ 39%] Built target test_servo_collision
[0.126s] [ 45%] Built target test_servo_integration
[0.133s] [ 63%] Built target moveit_servo_lib
[0.148s] [35m[1mConsolidate compiler generated dependencies of target pose_tracking[0m
[0.183s] [ 69%] Built target servo_node
[0.188s] [ 75%] Built target pose_tracking
[0.204s] [ 81%] Built target servo_calcs_unit_tests
[0.204s] [35m[1mConsolidate compiler generated dependencies of target servo_node_main[0m
[0.217s] [35m[1mConsolidate compiler generated dependencies of target servo_pose_tracking_demo[0m
[0.219s] [35m[1mConsolidate compiler generated dependencies of target test_servo_pose_tracking[0m
[0.250s] [ 87%] Built target servo_node_main
[0.272s] [ 93%] Built target servo_pose_tracking_demo
[0.280s] [100%] Built target test_servo_pose_tracking
[0.312s] Invoked command in '/home/zx/ws_moveit2/build/moveit_servo' returned '0': AMENT_PREFIX_PATH=/home/zx/ws_moveit2/install/moveit_ros_planning_interface:/home/zx/ws_moveit2/install/moveit_ros_move_group:/home/zx/ws_moveit2/install/moveit_ros_warehouse:/home/zx/ws_moveit2/install/moveit_kinematics:/home/zx/ws_moveit2/install/moveit_ros_planning:/home/zx/ws_moveit2/install/moveit_ros_occupancy_map_monitor:/home/zx/ws_moveit2/install/moveit_core:/home/zx/ws_moveit2/install/moveit_resources_panda_moveit_config:/home/zx/ws_moveit2/install/moveit_configs_utils:/home/zx/ws_moveit2/install/srdfdom:/home/zx/ws_moveit2/install/moveit_resources_panda_description:/home/zx/ws_moveit2/install/moveit_common:/home/zx/ws_moveit2/install/launch_param_builder:${AMENT_PREFIX_PATH} CMAKE_PREFIX_PATH=/home/zx/ws_moveit2/install/moveit_ros_planning_interface:/home/zx/ws_moveit2/install/moveit_ros_move_group:/home/zx/ws_moveit2/install/moveit_ros_warehouse:/home/zx/ws_moveit2/install/moveit_kinematics:/home/zx/ws_moveit2/install/moveit_ros_planning:/home/zx/ws_moveit2/install/moveit_ros_occupancy_map_monitor:/home/zx/ws_moveit2/install/moveit_core:/home/zx/ws_moveit2/install/moveit_resources_panda_moveit_config:/home/zx/ws_moveit2/install/srdfdom:/home/zx/ws_moveit2/install/moveit_resources_panda_description:/home/zx/ws_moveit2/install/moveit_common:/opt/ros/humble LD_LIBRARY_PATH=/home/zx/ws_moveit2/install/moveit_ros_planning_interface/lib:/home/zx/ws_moveit2/install/moveit_ros_move_group/lib:/home/zx/ws_moveit2/install/moveit_ros_warehouse/lib:/home/zx/ws_moveit2/install/moveit_kinematics/lib:/home/zx/ws_moveit2/install/moveit_ros_planning/lib:/home/zx/ws_moveit2/install/moveit_ros_occupancy_map_monitor/lib:/home/zx/ws_moveit2/install/moveit_core/lib:/home/zx/ws_moveit2/install/srdfdom/lib:${LD_LIBRARY_PATH} PATH=/home/zx/ws_moveit2/install/moveit_core/bin:${PATH} PYTHONPATH=/home/zx/ws_moveit2/install/moveit_configs_utils/lib/python3.10/site-packages:/home/zx/ws_moveit2/install/srdfdom/local/lib/python3.10/dist-packages:/home/zx/ws_moveit2/install/launch_param_builder/lib/python3.10/site-packages:${PYTHONPATH} /usr/bin/cmake --build /home/zx/ws_moveit2/build/moveit_servo -- -j12 -l12
[0.362s] Invoking command in '/home/zx/ws_moveit2/build/moveit_servo': AMENT_PREFIX_PATH=/home/zx/ws_moveit2/install/moveit_ros_planning_interface:/home/zx/ws_moveit2/install/moveit_ros_move_group:/home/zx/ws_moveit2/install/moveit_ros_warehouse:/home/zx/ws_moveit2/install/moveit_kinematics:/home/zx/ws_moveit2/install/moveit_ros_planning:/home/zx/ws_moveit2/install/moveit_ros_occupancy_map_monitor:/home/zx/ws_moveit2/install/moveit_core:/home/zx/ws_moveit2/install/moveit_resources_panda_moveit_config:/home/zx/ws_moveit2/install/moveit_configs_utils:/home/zx/ws_moveit2/install/srdfdom:/home/zx/ws_moveit2/install/moveit_resources_panda_description:/home/zx/ws_moveit2/install/moveit_common:/home/zx/ws_moveit2/install/launch_param_builder:${AMENT_PREFIX_PATH} CMAKE_PREFIX_PATH=/home/zx/ws_moveit2/install/moveit_ros_planning_interface:/home/zx/ws_moveit2/install/moveit_ros_move_group:/home/zx/ws_moveit2/install/moveit_ros_warehouse:/home/zx/ws_moveit2/install/moveit_kinematics:/home/zx/ws_moveit2/install/moveit_ros_planning:/home/zx/ws_moveit2/install/moveit_ros_occupancy_map_monitor:/home/zx/ws_moveit2/install/moveit_core:/home/zx/ws_moveit2/install/moveit_resources_panda_moveit_config:/home/zx/ws_moveit2/install/srdfdom:/home/zx/ws_moveit2/install/moveit_resources_panda_description:/home/zx/ws_moveit2/install/moveit_common:/opt/ros/humble LD_LIBRARY_PATH=/home/zx/ws_moveit2/install/moveit_ros_planning_interface/lib:/home/zx/ws_moveit2/install/moveit_ros_move_group/lib:/home/zx/ws_moveit2/install/moveit_ros_warehouse/lib:/home/zx/ws_moveit2/install/moveit_kinematics/lib:/home/zx/ws_moveit2/install/moveit_ros_planning/lib:/home/zx/ws_moveit2/install/moveit_ros_occupancy_map_monitor/lib:/home/zx/ws_moveit2/install/moveit_core/lib:/home/zx/ws_moveit2/install/srdfdom/lib:${LD_LIBRARY_PATH} PATH=/home/zx/ws_moveit2/install/moveit_core/bin:${PATH} PYTHONPATH=/home/zx/ws_moveit2/install/moveit_configs_utils/lib/python3.10/site-packages:/home/zx/ws_moveit2/install/srdfdom/local/lib/python3.10/dist-packages:/home/zx/ws_moveit2/install/launch_param_builder/lib/python3.10/site-packages:${PYTHONPATH} /usr/bin/cmake --install /home/zx/ws_moveit2/build/moveit_servo
[0.369s] -- Install configuration: "Release"
[0.369s] -- Up-to-date: /home/zx/ws_moveit2/install/moveit_servo/lib/libmoveit_servo_lib.so.2.5.4
[0.369s] -- Up-to-date: /home/zx/ws_moveit2/install/moveit_servo/lib/libmoveit_servo_lib.so
[0.369s] -- Up-to-date: /home/zx/ws_moveit2/install/moveit_servo/lib/libmoveit_servo_lib_parameters.so.2.5.4
[0.369s] -- Up-to-date: /home/zx/ws_moveit2/install/moveit_servo/lib/libmoveit_servo_lib_parameters.so
[0.369s] -- Up-to-date: /home/zx/ws_moveit2/install/moveit_servo/lib/libpose_tracking.so
[0.369s] -- Up-to-date: /home/zx/ws_moveit2/install/moveit_servo/lib/libservo_node.so
[0.369s] -- Up-to-date: /home/zx/ws_moveit2/install/moveit_servo/lib/libservo_controller_input.so
[0.370s] -- Up-to-date: /home/zx/ws_moveit2/install/moveit_servo/lib/moveit_servo/servo_node_main
[0.370s] -- Up-to-date: /home/zx/ws_moveit2/install/moveit_servo/lib/moveit_servo/servo_pose_tracking_demo
[0.370s] -- Up-to-date: /home/zx/ws_moveit2/install/moveit_servo/lib/moveit_servo/fake_command_publisher
[0.370s] -- Up-to-date: /home/zx/ws_moveit2/install/moveit_servo/include
[0.370s] -- Up-to-date: /home/zx/ws_moveit2/install/moveit_servo/include/moveit_servo
[0.370s] -- Up-to-date: /home/zx/ws_moveit2/install/moveit_servo/include/moveit_servo/pose_tracking.h
[0.370s] -- Up-to-date: /home/zx/ws_moveit2/install/moveit_servo/include/moveit_servo/servo_server.h
[0.370s] -- Up-to-date: /home/zx/ws_moveit2/install/moveit_servo/include/moveit_servo/servo.h
[0.370s] -- Up-to-date: /home/zx/ws_moveit2/install/moveit_servo/include/moveit_servo/servo_node.h
[0.370s] -- Up-to-date: /home/zx/ws_moveit2/install/moveit_servo/include/moveit_servo/utilities.h
[0.370s] -- Up-to-date: /home/zx/ws_moveit2/install/moveit_servo/include/moveit_servo/collision_check.h
[0.370s] -- Up-to-date: /home/zx/ws_moveit2/install/moveit_servo/include/moveit_servo/servo_parameters.h
[0.370s] -- Up-to-date: /home/zx/ws_moveit2/install/moveit_servo/include/moveit_servo/enforce_limits.hpp
[0.370s] -- Up-to-date: /home/zx/ws_moveit2/install/moveit_servo/include/moveit_servo/make_shared_from_pool.h
[0.370s] -- Up-to-date: /home/zx/ws_moveit2/install/moveit_servo/include/moveit_servo/parameter_descriptor_builder.hpp
[0.371s] -- Up-to-date: /home/zx/ws_moveit2/install/moveit_servo/include/moveit_servo/status_codes.h
[0.371s] -- Up-to-date: /home/zx/ws_moveit2/install/moveit_servo/include/moveit_servo/servo_calcs.h
[0.371s] -- Up-to-date: /home/zx/ws_moveit2/install/moveit_servo/share/moveit_servo/launch
[0.371s] -- Up-to-date: /home/zx/ws_moveit2/install/moveit_servo/share/moveit_servo/launch/servo_example.launch.py
[0.371s] -- Up-to-date: /home/zx/ws_moveit2/install/moveit_servo/share/moveit_servo/launch/pose_tracking_example.launch.py
[0.371s] -- Up-to-date: /home/zx/ws_moveit2/install/moveit_servo/share/moveit_servo/config
[0.371s] -- Up-to-date: /home/zx/ws_moveit2/install/moveit_servo/share/moveit_servo/config/demo_rviz_config.rviz
[0.371s] -- Up-to-date: /home/zx/ws_moveit2/install/moveit_servo/share/moveit_servo/config/panda_simulated_config_pose_tracking.yaml
[0.371s] -- Up-to-date: /home/zx/ws_moveit2/install/moveit_servo/share/moveit_servo/config/pose_tracking_settings.yaml
[0.371s] -- Up-to-date: /home/zx/ws_moveit2/install/moveit_servo/share/moveit_servo/config/panda_simulated_config.yaml
[0.371s] -- Up-to-date: /home/zx/ws_moveit2/install/moveit_servo/share/moveit_servo/config/demo_rviz_pose_tracking.rviz
[0.371s] -- Up-to-date: /home/zx/ws_moveit2/install/moveit_servo/share/moveit_servo/environment/library_path.sh
[0.371s] -- Up-to-date: /home/zx/ws_moveit2/install/moveit_servo/share/moveit_servo/environment/library_path.dsv
[0.371s] -- Up-to-date: /home/zx/ws_moveit2/install/moveit_servo/share/ament_index/resource_index/package_run_dependencies/moveit_servo
[0.371s] -- Up-to-date: /home/zx/ws_moveit2/install/moveit_servo/share/ament_index/resource_index/parent_prefix_path/moveit_servo
[0.371s] -- Up-to-date: /home/zx/ws_moveit2/install/moveit_servo/share/moveit_servo/environment/ament_prefix_path.sh
[0.371s] -- Up-to-date: /home/zx/ws_moveit2/install/moveit_servo/share/moveit_servo/environment/ament_prefix_path.dsv
[0.371s] -- Up-to-date: /home/zx/ws_moveit2/install/moveit_servo/share/moveit_servo/environment/path.sh
[0.371s] -- Up-to-date: /home/zx/ws_moveit2/install/moveit_servo/share/moveit_servo/environment/path.dsv
[0.371s] -- Up-to-date: /home/zx/ws_moveit2/install/moveit_servo/share/moveit_servo/local_setup.bash
[0.371s] -- Up-to-date: /home/zx/ws_moveit2/install/moveit_servo/share/moveit_servo/local_setup.sh
[0.371s] -- Up-to-date: /home/zx/ws_moveit2/install/moveit_servo/share/moveit_servo/local_setup.zsh
[0.371s] -- Up-to-date: /home/zx/ws_moveit2/install/moveit_servo/share/moveit_servo/local_setup.dsv
[0.372s] -- Installing: /home/zx/ws_moveit2/install/moveit_servo/share/moveit_servo/package.dsv
[0.372s] -- Up-to-date: /home/zx/ws_moveit2/install/moveit_servo/share/ament_index/resource_index/packages/moveit_servo
[0.372s] -- Up-to-date: /home/zx/ws_moveit2/install/moveit_servo/share/ament_index/resource_index/rclcpp_components/moveit_servo
[0.372s] -- Up-to-date: /home/zx/ws_moveit2/install/moveit_servo/share/moveit_servo/cmake/export_moveit_servoExport.cmake
[0.372s] -- Up-to-date: /home/zx/ws_moveit2/install/moveit_servo/share/moveit_servo/cmake/export_moveit_servoExport-release.cmake
[0.372s] -- Up-to-date: /home/zx/ws_moveit2/install/moveit_servo/share/moveit_servo/cmake/ament_cmake_export_targets-extras.cmake
[0.372s] -- Up-to-date: /home/zx/ws_moveit2/install/moveit_servo/share/moveit_servo/cmake/ament_cmake_export_dependencies-extras.cmake
[0.372s] -- Up-to-date: /home/zx/ws_moveit2/install/moveit_servo/share/moveit_servo/cmake/moveit_servoConfig.cmake
[0.372s] -- Up-to-date: /home/zx/ws_moveit2/install/moveit_servo/share/moveit_servo/cmake/moveit_servoConfig-version.cmake
[0.372s] -- Up-to-date: /home/zx/ws_moveit2/install/moveit_servo/share/moveit_servo/package.xml
[0.374s] Invoked command in '/home/zx/ws_moveit2/build/moveit_servo' returned '0': AMENT_PREFIX_PATH=/home/zx/ws_moveit2/install/moveit_ros_planning_interface:/home/zx/ws_moveit2/install/moveit_ros_move_group:/home/zx/ws_moveit2/install/moveit_ros_warehouse:/home/zx/ws_moveit2/install/moveit_kinematics:/home/zx/ws_moveit2/install/moveit_ros_planning:/home/zx/ws_moveit2/install/moveit_ros_occupancy_map_monitor:/home/zx/ws_moveit2/install/moveit_core:/home/zx/ws_moveit2/install/moveit_resources_panda_moveit_config:/home/zx/ws_moveit2/install/moveit_configs_utils:/home/zx/ws_moveit2/install/srdfdom:/home/zx/ws_moveit2/install/moveit_resources_panda_description:/home/zx/ws_moveit2/install/moveit_common:/home/zx/ws_moveit2/install/launch_param_builder:${AMENT_PREFIX_PATH} CMAKE_PREFIX_PATH=/home/zx/ws_moveit2/install/moveit_ros_planning_interface:/home/zx/ws_moveit2/install/moveit_ros_move_group:/home/zx/ws_moveit2/install/moveit_ros_warehouse:/home/zx/ws_moveit2/install/moveit_kinematics:/home/zx/ws_moveit2/install/moveit_ros_planning:/home/zx/ws_moveit2/install/moveit_ros_occupancy_map_monitor:/home/zx/ws_moveit2/install/moveit_core:/home/zx/ws_moveit2/install/moveit_resources_panda_moveit_config:/home/zx/ws_moveit2/install/srdfdom:/home/zx/ws_moveit2/install/moveit_resources_panda_description:/home/zx/ws_moveit2/install/moveit_common:/opt/ros/humble LD_LIBRARY_PATH=/home/zx/ws_moveit2/install/moveit_ros_planning_interface/lib:/home/zx/ws_moveit2/install/moveit_ros_move_group/lib:/home/zx/ws_moveit2/install/moveit_ros_warehouse/lib:/home/zx/ws_moveit2/install/moveit_kinematics/lib:/home/zx/ws_moveit2/install/moveit_ros_planning/lib:/home/zx/ws_moveit2/install/moveit_ros_occupancy_map_monitor/lib:/home/zx/ws_moveit2/install/moveit_core/lib:/home/zx/ws_moveit2/install/srdfdom/lib:${LD_LIBRARY_PATH} PATH=/home/zx/ws_moveit2/install/moveit_core/bin:${PATH} PYTHONPATH=/home/zx/ws_moveit2/install/moveit_configs_utils/lib/python3.10/site-packages:/home/zx/ws_moveit2/install/srdfdom/local/lib/python3.10/dist-packages:/home/zx/ws_moveit2/install/launch_param_builder/lib/python3.10/site-packages:${PYTHONPATH} /usr/bin/cmake --install /home/zx/ws_moveit2/build/moveit_servo
