[0.052s] Invoking command in '/home/zx/ws_moveit2/build/moveit2_tutorials': AMENT_PREFIX_PATH=/home/zx/ws_moveit2/install/moveit:/home/zx/ws_moveit2/install/moveit_task_constructor_core:/home/zx/ws_moveit2/install/moveit_setup_assistant:/home/zx/ws_moveit2/install/moveit_setup_srdf_plugins:/home/zx/ws_moveit2/install/moveit_setup_core_plugins:/home/zx/ws_moveit2/install/moveit_setup_controllers:/home/zx/ws_moveit2/install/moveit_setup_app_plugins:/home/zx/ws_moveit2/install/moveit_planners:/home/zx/ws_moveit2/install/pilz_industrial_motion_planner:/home/zx/ws_moveit2/install/moveit_setup_framework:/home/zx/ws_moveit2/install/moveit_ros:/home/zx/ws_moveit2/install/moveit_servo:/home/zx/ws_moveit2/install/moveit_ros_visualization:/home/zx/ws_moveit2/install/moveit_hybrid_planning:/home/zx/ws_moveit2/install/moveit_ros_planning_interface:/home/zx/ws_moveit2/install/moveit_ros_move_group:/home/zx/ws_moveit2/install/moveit_ros_benchmarks:/home/zx/ws_moveit2/install/moveit_visual_tools:/home/zx/ws_moveit2/install/moveit_ros_warehouse:/home/zx/ws_moveit2/install/moveit_ros_robot_interaction:/home/zx/ws_moveit2/install/moveit_ros_perception:/home/zx/ws_moveit2/install/moveit_planners_ompl:/home/zx/ws_moveit2/install/moveit_kinematics:/home/zx/ws_moveit2/install/moveit_ros_planning:/home/zx/ws_moveit2/install/moveit_plugins:/home/zx/ws_moveit2/install/moveit_simple_controller_manager:/home/zx/ws_moveit2/install/moveit_ros_occupancy_map_monitor:/home/zx/ws_moveit2/install/moveit_core:/home/zx/ws_moveit2/install/rviz_marker_tools:/home/zx/ws_moveit2/install/moveit_resources_panda_moveit_config:/home/zx/ws_moveit2/install/moveit_configs_utils:/home/zx/ws_moveit2/install/srdfdom:/home/zx/ws_moveit2/install/moveit_task_constructor_msgs:/home/zx/ws_moveit2/install/moveit_resources_panda_description:/home/zx/ws_moveit2/install/moveit_common:/home/zx/ws_moveit2/install/launch_param_builder:${AMENT_PREFIX_PATH} CMAKE_PREFIX_PATH=/home/zx/ws_moveit2/install/moveit:/home/zx/ws_moveit2/install/moveit_task_constructor_core:/home/zx/ws_moveit2/install/moveit_setup_assistant:/home/zx/ws_moveit2/install/moveit_setup_srdf_plugins:/home/zx/ws_moveit2/install/moveit_setup_core_plugins:/home/zx/ws_moveit2/install/moveit_setup_controllers:/home/zx/ws_moveit2/install/moveit_setup_app_plugins:/home/zx/ws_moveit2/install/moveit_planners:/home/zx/ws_moveit2/install/pilz_industrial_motion_planner:/home/zx/ws_moveit2/install/moveit_setup_framework:/home/zx/ws_moveit2/install/moveit_ros:/home/zx/ws_moveit2/install/moveit_servo:/home/zx/ws_moveit2/install/moveit_ros_visualization:/home/zx/ws_moveit2/install/moveit_hybrid_planning:/home/zx/ws_moveit2/install/moveit_ros_planning_interface:/home/zx/ws_moveit2/install/moveit_ros_move_group:/home/zx/ws_moveit2/install/moveit_ros_benchmarks:/home/zx/ws_moveit2/install/moveit_visual_tools:/home/zx/ws_moveit2/install/moveit_ros_warehouse:/home/zx/ws_moveit2/install/moveit_ros_robot_interaction:/home/zx/ws_moveit2/install/moveit_ros_perception:/home/zx/ws_moveit2/install/moveit_planners_ompl:/home/zx/ws_moveit2/install/moveit_kinematics:/home/zx/ws_moveit2/install/moveit_ros_planning:/home/zx/ws_moveit2/install/moveit_plugins:/home/zx/ws_moveit2/install/moveit_simple_controller_manager:/home/zx/ws_moveit2/install/moveit_ros_occupancy_map_monitor:/home/zx/ws_moveit2/install/moveit_core:/home/zx/ws_moveit2/install/rviz_marker_tools:/home/zx/ws_moveit2/install/moveit_resources_panda_moveit_config:/home/zx/ws_moveit2/install/srdfdom:/home/zx/ws_moveit2/install/moveit_task_constructor_msgs:/home/zx/ws_moveit2/install/moveit_resources_panda_description:/home/zx/ws_moveit2/install/moveit_common:/opt/ros/humble LD_LIBRARY_PATH=/home/zx/ws_moveit2/install/moveit_task_constructor_core/lib:/home/zx/ws_moveit2/install/moveit_setup_assistant/lib:/home/zx/ws_moveit2/install/moveit_setup_srdf_plugins/lib:/home/zx/ws_moveit2/install/moveit_setup_core_plugins/lib:/home/zx/ws_moveit2/install/moveit_setup_controllers/lib:/home/zx/ws_moveit2/install/moveit_setup_app_plugins/lib:/home/zx/ws_moveit2/install/pilz_industrial_motion_planner/lib:/home/zx/ws_moveit2/install/moveit_setup_framework/lib:/home/zx/ws_moveit2/install/moveit_servo/lib:/home/zx/ws_moveit2/install/moveit_ros_visualization/lib:/home/zx/ws_moveit2/install/moveit_hybrid_planning/lib:/home/zx/ws_moveit2/install/moveit_ros_planning_interface/lib:/home/zx/ws_moveit2/install/moveit_ros_move_group/lib:/home/zx/ws_moveit2/install/moveit_ros_benchmarks/lib:/home/zx/ws_moveit2/install/moveit_visual_tools/lib:/home/zx/ws_moveit2/install/moveit_ros_warehouse/lib:/home/zx/ws_moveit2/install/moveit_ros_robot_interaction/lib:/home/zx/ws_moveit2/install/moveit_ros_perception/lib:/home/zx/ws_moveit2/install/moveit_planners_ompl/lib:/home/zx/ws_moveit2/install/moveit_kinematics/lib:/home/zx/ws_moveit2/install/moveit_ros_planning/lib:/home/zx/ws_moveit2/install/moveit_simple_controller_manager/lib:/home/zx/ws_moveit2/install/moveit_ros_occupancy_map_monitor/lib:/home/zx/ws_moveit2/install/moveit_core/lib:/home/zx/ws_moveit2/install/rviz_marker_tools/lib:/home/zx/ws_moveit2/install/srdfdom/lib:/home/zx/ws_moveit2/install/moveit_task_constructor_msgs/lib:${LD_LIBRARY_PATH} PATH=/home/zx/ws_moveit2/install/moveit_core/bin:${PATH} PYTHONPATH=/home/zx/ws_moveit2/install/moveit_configs_utils/lib/python3.10/site-packages:/home/zx/ws_moveit2/install/srdfdom/local/lib/python3.10/dist-packages:/home/zx/ws_moveit2/install/moveit_task_constructor_msgs/local/lib/python3.10/dist-packages:/home/zx/ws_moveit2/install/launch_param_builder/lib/python3.10/site-packages:${PYTHONPATH} /usr/bin/cmake /home/zx/ws_moveit2/src/moveit2_tutorials -DCMAKE_INSTALL_PREFIX=/home/zx/ws_moveit2/install/moveit2_tutorials
[0.093s] -- The C compiler identification is GNU 11.4.0
[0.132s] -- The CXX compiler identification is GNU 11.4.0
[0.137s] -- Detecting C compiler ABI info
[0.189s] -- Detecting C compiler ABI info - done
[0.193s] -- Check for working C compiler: /usr/bin/cc - skipped
[0.193s] -- Detecting C compile features
[0.193s] -- Detecting C compile features - done
[0.195s] -- Detecting CXX compiler ABI info
[0.255s] -- Detecting CXX compiler ABI info - done
[0.259s] -- Check for working CXX compiler: /usr/bin/c++ - skipped
[0.259s] -- Detecting CXX compile features
[0.260s] -- Detecting CXX compile features - done
[0.262s] -- Found moveit_common: 2.5.4 (/home/zx/ws_moveit2/install/moveit_common/share/moveit_common/cmake)
[0.266s] -- Found ament_cmake: 1.3.5 (/opt/ros/humble/share/ament_cmake/cmake)
[0.388s] -- Found Python3: /usr/bin/python3.10 (found version "3.10.12") found components: Interpreter 
[0.518s] -- Found libdw: /usr/lib/x86_64-linux-gnu/libdw.so  
[0.522s] -- Could NOT find libbfd (missing: LIBBFD_LIBRARY LIBBFD_INCLUDE_DIR) 
[0.522s] -- BACKWARD_HAS_UNWIND=1
[0.522s] -- BACKWARD_HAS_BACKTRACE=0
[0.522s] -- BACKWARD_HAS_BACKTRACE_SYMBOL=0
[0.522s] -- BACKWARD_HAS_DW=1
[0.522s] -- BACKWARD_HAS_BFD=0
[0.522s] -- Found Backward: /opt/ros/humble/share/backward_ros/cmake  
[0.522s] [0mmoveit2_tutorials: You did not request a specific build type: Choosing 'Release' for maximum performance[0m
[0.699s] -- Found Boost: /usr/lib/x86_64-linux-gnu/cmake/Boost-1.74.0/BoostConfig.cmake (found version "1.74.0") found components: system filesystem date_time thread 
[0.706s] -- Found control_msgs: 4.4.0 (/opt/ros/humble/share/control_msgs/cmake)
[0.745s] -- Found rosidl_generator_c: 3.1.5 (/opt/ros/humble/share/rosidl_generator_c/cmake)
[0.752s] -- Found rosidl_adapter: 3.1.5 (/opt/ros/humble/share/rosidl_adapter/cmake)
[0.761s] -- Found rosidl_generator_cpp: 3.1.5 (/opt/ros/humble/share/rosidl_generator_cpp/cmake)
[0.773s] -- Using all available rosidl_typesupport_c: rosidl_typesupport_fastrtps_c;rosidl_typesupport_introspection_c
[0.792s] -- Using all available rosidl_typesupport_cpp: rosidl_typesupport_fastrtps_cpp;rosidl_typesupport_introspection_cpp
[1.132s] -- Found moveit_core: 2.5.4 (/home/zx/ws_moveit2/install/moveit_core/share/moveit_core/cmake)
[1.152s] -- Found Boost: /usr/lib/x86_64-linux-gnu/cmake/Boost-1.74.0/BoostConfig.cmake (found version "1.74.0") found components: chrono date_time filesystem iostreams program_options regex serialization system thread 
[1.171s] -- Found parameter_traits: 0.3.6 (/opt/ros/humble/share/parameter_traits/cmake)
[1.231s] -- Found rmw_implementation_cmake: 6.1.1 (/opt/ros/humble/share/rmw_implementation_cmake/cmake)
[1.235s] -- Found rmw_fastrtps_cpp: 6.2.3 (/opt/ros/humble/share/rmw_fastrtps_cpp/cmake)
[1.321s] -- Found OpenSSL: /usr/lib/x86_64-linux-gnu/libcrypto.so (found version "3.0.2")  
[1.339s] -- Found FastRTPS: /opt/ros/humble/include  
[1.375s] -- Using RMW implementation 'rmw_fastrtps_cpp' as default
[1.387s] -- Found Threads: TRUE  
[1.485s] -- Found rclcpp_lifecycle: 16.0.5 (/opt/ros/humble/share/rclcpp_lifecycle/cmake)
[1.520s] -- Found Boost: /usr/lib/x86_64-linux-gnu/cmake/Boost-1.74.0/BoostConfig.cmake (found version "1.74.0") found components: filesystem 
[1.607s] -- library: /usr/lib/x86_64-linux-gnu/libcurl.so
[1.749s] -- Found Eigen3: TRUE (found version "3.4.0") 
[1.749s] -- Ensuring Eigen3 include directory is part of orocos-kdl CMake target
[2.380s] -- Found moveit_task_constructor_core: 0.1.3 (/home/zx/ws_moveit2/install/moveit_task_constructor_core/share/moveit_task_constructor_core/cmake)
[2.427s] -- Found Boost: /usr/lib/x86_64-linux-gnu/cmake/Boost-1.74.0/BoostConfig.cmake (found version "1.74.0") found components: system filesystem date_time program_options thread chrono 
[2.769s] -- Found Boost: /usr/lib/x86_64-linux-gnu/cmake/Boost-1.74.0/BoostConfig.cmake (found version "1.74.0") found components: date_time filesystem program_options system thread 
[2.889s] -- Found Boost: /usr/lib/x86_64-linux-gnu/cmake/Boost-1.74.0/BoostConfig.cmake (found version "1.74.0") found components: thread system filesystem regex date_time program_options 
[3.046s] -- Found Boost: /usr/lib/x86_64-linux-gnu/cmake/Boost-1.74.0/BoostConfig.cmake (found version "1.74.0") found components: system filesystem date_time program_options thread 
[3.581s] -- Found moveit_ros_perception: 2.5.4 (/home/zx/ws_moveit2/install/moveit_ros_perception/share/moveit_ros_perception/cmake)
[3.584s] -- Found Boost: /usr/lib/x86_64-linux-gnu/cmake/Boost-1.74.0/BoostConfig.cmake (found version "1.74.0") found components: thread 
[3.784s] -- Found moveit_servo: 2.5.4 (/home/zx/ws_moveit2/install/moveit_servo/share/moveit_servo/cmake)
[4.150s] -- Found interactive_markers: 2.3.2 (/opt/ros/humble/share/interactive_markers/cmake)
[4.163s] -- Found rviz_visual_tools: 4.1.4 (/opt/ros/humble/share/rviz_visual_tools/cmake)
[4.246s] -- Setting OGRE_DIR to: '/opt/ros/humble/share/rviz_ogre_vendor/cmake/../../../opt/rviz_ogre_vendor/lib/OGRE/cmake'
[4.247s] -- Found OGRE
[4.247s] --   static     : OFF
[4.247s] --   components : HLMS;MeshLodGenerator;Overlay;Paging;Property;RTShaderSystem;Terrain;Volume
[4.247s] --   plugins    : Plugin_BSPSceneManager;Plugin_OctreeSceneManager;Plugin_PCZSceneManager;Plugin_ParticleFX;RenderSystem_GL;RenderSystem_GL3Plus;Codec_STBI
[4.247s] --   media      : /opt/ros/humble/opt/rviz_ogre_vendor/share/OGRE/Media
[4.247s] -- OGRE_LIBRARIES: OgreHLMS;OgreMeshLodGenerator;OgreOverlay;OgrePaging;OgreProperty;OgreRTShaderSystem;OgreTerrain;OgreVolume;OgreMain
[4.247s] -- OGRE_LIBRARY_DIRS: /opt/ros/humble/opt/rviz_ogre_vendor/lib
[4.247s] -- OGRE_PLUGINS: Plugin_BSPSceneManager;Plugin_OctreeSceneManager;Plugin_PCZSceneManager;Plugin_ParticleFX;RenderSystem_GL;RenderSystem_GL3Plus;Codec_STBI
[4.247s] -- OGRE_PLUGIN_DIR: /opt/ros/humble/opt/rviz_ogre_vendor/lib/OGRE
[4.247s] -- rviz_ogre_vendor::OgreOverlay for IMPORTED_LOCATION_RELEASE: /opt/ros/humble/opt/rviz_ogre_vendor/lib/libOgreOverlay.so
[4.247s] -- rviz_ogre_vendor::OgreOverlay for IMPORTED_LOCATION_DEBUG: /opt/ros/humble/opt/rviz_ogre_vendor/lib/libOgreOverlay.so
[4.247s] -- rviz_ogre_vendor::OgreMain for IMPORTED_LOCATION_RELEASE: /opt/ros/humble/opt/rviz_ogre_vendor/lib/libOgreMain.so
[4.247s] -- rviz_ogre_vendor::OgreMain for IMPORTED_LOCATION_DEBUG: /opt/ros/humble/opt/rviz_ogre_vendor/lib/libOgreMain.so
[4.248s] -- Could not find freeimage library
[4.263s] -- Found ZLIB: /usr/lib/x86_64-linux-gnu/libz.so (found version "1.2.11") 
[4.268s] -- Found OpenGL: /usr/lib/x86_64-linux-gnu/libOpenGL.so   
[4.348s] -- Found X11: /usr/include   
[4.348s] -- Looking for XOpenDisplay in /usr/lib/x86_64-linux-gnu/libX11.so;/usr/lib/x86_64-linux-gnu/libXext.so
[4.422s] -- Looking for XOpenDisplay in /usr/lib/x86_64-linux-gnu/libX11.so;/usr/lib/x86_64-linux-gnu/libXext.so - found
[4.422s] -- Looking for gethostbyname
[4.491s] -- Looking for gethostbyname - found
[4.491s] -- Looking for connect
[4.561s] -- Looking for connect - found
[4.562s] -- Looking for remove
[4.631s] -- Looking for remove - found
[4.631s] -- Looking for shmat
[4.701s] -- Looking for shmat - found
[4.701s] -- Looking for IceConnectionNumber in ICE
[4.771s] -- Looking for IceConnectionNumber in ICE - found
[4.773s] -- rviz_ogre_vendor::RenderSystem_GL for IMPORTED_LOCATION_RELEASE: _render_system_gl_static_library_abs-NOTFOUND
[4.773s] -- rviz_ogre_vendor::RenderSystem_GL for IMPORTED_LOCATION_DEBUG: _render_system_gl_static_library_abs-NOTFOUND
[5.133s] -- Found moveit_visual_tools: 4.1.0 (/home/zx/ws_moveit2/install/moveit_visual_tools/share/moveit_visual_tools/cmake)
[5.593s] -- Configuring done
[5.828s] -- Generating done
[5.831s] -- Build files have been written to: /home/zx/ws_moveit2/build/moveit2_tutorials
[5.849s] Invoked command in '/home/zx/ws_moveit2/build/moveit2_tutorials' returned '0': AMENT_PREFIX_PATH=/home/zx/ws_moveit2/install/moveit:/home/zx/ws_moveit2/install/moveit_task_constructor_core:/home/zx/ws_moveit2/install/moveit_setup_assistant:/home/zx/ws_moveit2/install/moveit_setup_srdf_plugins:/home/zx/ws_moveit2/install/moveit_setup_core_plugins:/home/zx/ws_moveit2/install/moveit_setup_controllers:/home/zx/ws_moveit2/install/moveit_setup_app_plugins:/home/zx/ws_moveit2/install/moveit_planners:/home/zx/ws_moveit2/install/pilz_industrial_motion_planner:/home/zx/ws_moveit2/install/moveit_setup_framework:/home/zx/ws_moveit2/install/moveit_ros:/home/zx/ws_moveit2/install/moveit_servo:/home/zx/ws_moveit2/install/moveit_ros_visualization:/home/zx/ws_moveit2/install/moveit_hybrid_planning:/home/zx/ws_moveit2/install/moveit_ros_planning_interface:/home/zx/ws_moveit2/install/moveit_ros_move_group:/home/zx/ws_moveit2/install/moveit_ros_benchmarks:/home/zx/ws_moveit2/install/moveit_visual_tools:/home/zx/ws_moveit2/install/moveit_ros_warehouse:/home/zx/ws_moveit2/install/moveit_ros_robot_interaction:/home/zx/ws_moveit2/install/moveit_ros_perception:/home/zx/ws_moveit2/install/moveit_planners_ompl:/home/zx/ws_moveit2/install/moveit_kinematics:/home/zx/ws_moveit2/install/moveit_ros_planning:/home/zx/ws_moveit2/install/moveit_plugins:/home/zx/ws_moveit2/install/moveit_simple_controller_manager:/home/zx/ws_moveit2/install/moveit_ros_occupancy_map_monitor:/home/zx/ws_moveit2/install/moveit_core:/home/zx/ws_moveit2/install/rviz_marker_tools:/home/zx/ws_moveit2/install/moveit_resources_panda_moveit_config:/home/zx/ws_moveit2/install/moveit_configs_utils:/home/zx/ws_moveit2/install/srdfdom:/home/zx/ws_moveit2/install/moveit_task_constructor_msgs:/home/zx/ws_moveit2/install/moveit_resources_panda_description:/home/zx/ws_moveit2/install/moveit_common:/home/zx/ws_moveit2/install/launch_param_builder:${AMENT_PREFIX_PATH} CMAKE_PREFIX_PATH=/home/zx/ws_moveit2/install/moveit:/home/zx/ws_moveit2/install/moveit_task_constructor_core:/home/zx/ws_moveit2/install/moveit_setup_assistant:/home/zx/ws_moveit2/install/moveit_setup_srdf_plugins:/home/zx/ws_moveit2/install/moveit_setup_core_plugins:/home/zx/ws_moveit2/install/moveit_setup_controllers:/home/zx/ws_moveit2/install/moveit_setup_app_plugins:/home/zx/ws_moveit2/install/moveit_planners:/home/zx/ws_moveit2/install/pilz_industrial_motion_planner:/home/zx/ws_moveit2/install/moveit_setup_framework:/home/zx/ws_moveit2/install/moveit_ros:/home/zx/ws_moveit2/install/moveit_servo:/home/zx/ws_moveit2/install/moveit_ros_visualization:/home/zx/ws_moveit2/install/moveit_hybrid_planning:/home/zx/ws_moveit2/install/moveit_ros_planning_interface:/home/zx/ws_moveit2/install/moveit_ros_move_group:/home/zx/ws_moveit2/install/moveit_ros_benchmarks:/home/zx/ws_moveit2/install/moveit_visual_tools:/home/zx/ws_moveit2/install/moveit_ros_warehouse:/home/zx/ws_moveit2/install/moveit_ros_robot_interaction:/home/zx/ws_moveit2/install/moveit_ros_perception:/home/zx/ws_moveit2/install/moveit_planners_ompl:/home/zx/ws_moveit2/install/moveit_kinematics:/home/zx/ws_moveit2/install/moveit_ros_planning:/home/zx/ws_moveit2/install/moveit_plugins:/home/zx/ws_moveit2/install/moveit_simple_controller_manager:/home/zx/ws_moveit2/install/moveit_ros_occupancy_map_monitor:/home/zx/ws_moveit2/install/moveit_core:/home/zx/ws_moveit2/install/rviz_marker_tools:/home/zx/ws_moveit2/install/moveit_resources_panda_moveit_config:/home/zx/ws_moveit2/install/srdfdom:/home/zx/ws_moveit2/install/moveit_task_constructor_msgs:/home/zx/ws_moveit2/install/moveit_resources_panda_description:/home/zx/ws_moveit2/install/moveit_common:/opt/ros/humble LD_LIBRARY_PATH=/home/zx/ws_moveit2/install/moveit_task_constructor_core/lib:/home/zx/ws_moveit2/install/moveit_setup_assistant/lib:/home/zx/ws_moveit2/install/moveit_setup_srdf_plugins/lib:/home/zx/ws_moveit2/install/moveit_setup_core_plugins/lib:/home/zx/ws_moveit2/install/moveit_setup_controllers/lib:/home/zx/ws_moveit2/install/moveit_setup_app_plugins/lib:/home/zx/ws_moveit2/install/pilz_industrial_motion_planner/lib:/home/zx/ws_moveit2/install/moveit_setup_framework/lib:/home/zx/ws_moveit2/install/moveit_servo/lib:/home/zx/ws_moveit2/install/moveit_ros_visualization/lib:/home/zx/ws_moveit2/install/moveit_hybrid_planning/lib:/home/zx/ws_moveit2/install/moveit_ros_planning_interface/lib:/home/zx/ws_moveit2/install/moveit_ros_move_group/lib:/home/zx/ws_moveit2/install/moveit_ros_benchmarks/lib:/home/zx/ws_moveit2/install/moveit_visual_tools/lib:/home/zx/ws_moveit2/install/moveit_ros_warehouse/lib:/home/zx/ws_moveit2/install/moveit_ros_robot_interaction/lib:/home/zx/ws_moveit2/install/moveit_ros_perception/lib:/home/zx/ws_moveit2/install/moveit_planners_ompl/lib:/home/zx/ws_moveit2/install/moveit_kinematics/lib:/home/zx/ws_moveit2/install/moveit_ros_planning/lib:/home/zx/ws_moveit2/install/moveit_simple_controller_manager/lib:/home/zx/ws_moveit2/install/moveit_ros_occupancy_map_monitor/lib:/home/zx/ws_moveit2/install/moveit_core/lib:/home/zx/ws_moveit2/install/rviz_marker_tools/lib:/home/zx/ws_moveit2/install/srdfdom/lib:/home/zx/ws_moveit2/install/moveit_task_constructor_msgs/lib:${LD_LIBRARY_PATH} PATH=/home/zx/ws_moveit2/install/moveit_core/bin:${PATH} PYTHONPATH=/home/zx/ws_moveit2/install/moveit_configs_utils/lib/python3.10/site-packages:/home/zx/ws_moveit2/install/srdfdom/local/lib/python3.10/dist-packages:/home/zx/ws_moveit2/install/moveit_task_constructor_msgs/local/lib/python3.10/dist-packages:/home/zx/ws_moveit2/install/launch_param_builder/lib/python3.10/site-packages:${PYTHONPATH} /usr/bin/cmake /home/zx/ws_moveit2/src/moveit2_tutorials -DCMAKE_INSTALL_PREFIX=/home/zx/ws_moveit2/install/moveit2_tutorials
[5.850s] Invoking command in '/home/zx/ws_moveit2/build/moveit2_tutorials': AMENT_PREFIX_PATH=/home/zx/ws_moveit2/install/moveit:/home/zx/ws_moveit2/install/moveit_task_constructor_core:/home/zx/ws_moveit2/install/moveit_setup_assistant:/home/zx/ws_moveit2/install/moveit_setup_srdf_plugins:/home/zx/ws_moveit2/install/moveit_setup_core_plugins:/home/zx/ws_moveit2/install/moveit_setup_controllers:/home/zx/ws_moveit2/install/moveit_setup_app_plugins:/home/zx/ws_moveit2/install/moveit_planners:/home/zx/ws_moveit2/install/pilz_industrial_motion_planner:/home/zx/ws_moveit2/install/moveit_setup_framework:/home/zx/ws_moveit2/install/moveit_ros:/home/zx/ws_moveit2/install/moveit_servo:/home/zx/ws_moveit2/install/moveit_ros_visualization:/home/zx/ws_moveit2/install/moveit_hybrid_planning:/home/zx/ws_moveit2/install/moveit_ros_planning_interface:/home/zx/ws_moveit2/install/moveit_ros_move_group:/home/zx/ws_moveit2/install/moveit_ros_benchmarks:/home/zx/ws_moveit2/install/moveit_visual_tools:/home/zx/ws_moveit2/install/moveit_ros_warehouse:/home/zx/ws_moveit2/install/moveit_ros_robot_interaction:/home/zx/ws_moveit2/install/moveit_ros_perception:/home/zx/ws_moveit2/install/moveit_planners_ompl:/home/zx/ws_moveit2/install/moveit_kinematics:/home/zx/ws_moveit2/install/moveit_ros_planning:/home/zx/ws_moveit2/install/moveit_plugins:/home/zx/ws_moveit2/install/moveit_simple_controller_manager:/home/zx/ws_moveit2/install/moveit_ros_occupancy_map_monitor:/home/zx/ws_moveit2/install/moveit_core:/home/zx/ws_moveit2/install/rviz_marker_tools:/home/zx/ws_moveit2/install/moveit_resources_panda_moveit_config:/home/zx/ws_moveit2/install/moveit_configs_utils:/home/zx/ws_moveit2/install/srdfdom:/home/zx/ws_moveit2/install/moveit_task_constructor_msgs:/home/zx/ws_moveit2/install/moveit_resources_panda_description:/home/zx/ws_moveit2/install/moveit_common:/home/zx/ws_moveit2/install/launch_param_builder:${AMENT_PREFIX_PATH} CMAKE_PREFIX_PATH=/home/zx/ws_moveit2/install/moveit:/home/zx/ws_moveit2/install/moveit_task_constructor_core:/home/zx/ws_moveit2/install/moveit_setup_assistant:/home/zx/ws_moveit2/install/moveit_setup_srdf_plugins:/home/zx/ws_moveit2/install/moveit_setup_core_plugins:/home/zx/ws_moveit2/install/moveit_setup_controllers:/home/zx/ws_moveit2/install/moveit_setup_app_plugins:/home/zx/ws_moveit2/install/moveit_planners:/home/zx/ws_moveit2/install/pilz_industrial_motion_planner:/home/zx/ws_moveit2/install/moveit_setup_framework:/home/zx/ws_moveit2/install/moveit_ros:/home/zx/ws_moveit2/install/moveit_servo:/home/zx/ws_moveit2/install/moveit_ros_visualization:/home/zx/ws_moveit2/install/moveit_hybrid_planning:/home/zx/ws_moveit2/install/moveit_ros_planning_interface:/home/zx/ws_moveit2/install/moveit_ros_move_group:/home/zx/ws_moveit2/install/moveit_ros_benchmarks:/home/zx/ws_moveit2/install/moveit_visual_tools:/home/zx/ws_moveit2/install/moveit_ros_warehouse:/home/zx/ws_moveit2/install/moveit_ros_robot_interaction:/home/zx/ws_moveit2/install/moveit_ros_perception:/home/zx/ws_moveit2/install/moveit_planners_ompl:/home/zx/ws_moveit2/install/moveit_kinematics:/home/zx/ws_moveit2/install/moveit_ros_planning:/home/zx/ws_moveit2/install/moveit_plugins:/home/zx/ws_moveit2/install/moveit_simple_controller_manager:/home/zx/ws_moveit2/install/moveit_ros_occupancy_map_monitor:/home/zx/ws_moveit2/install/moveit_core:/home/zx/ws_moveit2/install/rviz_marker_tools:/home/zx/ws_moveit2/install/moveit_resources_panda_moveit_config:/home/zx/ws_moveit2/install/srdfdom:/home/zx/ws_moveit2/install/moveit_task_constructor_msgs:/home/zx/ws_moveit2/install/moveit_resources_panda_description:/home/zx/ws_moveit2/install/moveit_common:/opt/ros/humble LD_LIBRARY_PATH=/home/zx/ws_moveit2/install/moveit_task_constructor_core/lib:/home/zx/ws_moveit2/install/moveit_setup_assistant/lib:/home/zx/ws_moveit2/install/moveit_setup_srdf_plugins/lib:/home/zx/ws_moveit2/install/moveit_setup_core_plugins/lib:/home/zx/ws_moveit2/install/moveit_setup_controllers/lib:/home/zx/ws_moveit2/install/moveit_setup_app_plugins/lib:/home/zx/ws_moveit2/install/pilz_industrial_motion_planner/lib:/home/zx/ws_moveit2/install/moveit_setup_framework/lib:/home/zx/ws_moveit2/install/moveit_servo/lib:/home/zx/ws_moveit2/install/moveit_ros_visualization/lib:/home/zx/ws_moveit2/install/moveit_hybrid_planning/lib:/home/zx/ws_moveit2/install/moveit_ros_planning_interface/lib:/home/zx/ws_moveit2/install/moveit_ros_move_group/lib:/home/zx/ws_moveit2/install/moveit_ros_benchmarks/lib:/home/zx/ws_moveit2/install/moveit_visual_tools/lib:/home/zx/ws_moveit2/install/moveit_ros_warehouse/lib:/home/zx/ws_moveit2/install/moveit_ros_robot_interaction/lib:/home/zx/ws_moveit2/install/moveit_ros_perception/lib:/home/zx/ws_moveit2/install/moveit_planners_ompl/lib:/home/zx/ws_moveit2/install/moveit_kinematics/lib:/home/zx/ws_moveit2/install/moveit_ros_planning/lib:/home/zx/ws_moveit2/install/moveit_simple_controller_manager/lib:/home/zx/ws_moveit2/install/moveit_ros_occupancy_map_monitor/lib:/home/zx/ws_moveit2/install/moveit_core/lib:/home/zx/ws_moveit2/install/rviz_marker_tools/lib:/home/zx/ws_moveit2/install/srdfdom/lib:/home/zx/ws_moveit2/install/moveit_task_constructor_msgs/lib:${LD_LIBRARY_PATH} PATH=/home/zx/ws_moveit2/install/moveit_core/bin:${PATH} PYTHONPATH=/home/zx/ws_moveit2/install/moveit_configs_utils/lib/python3.10/site-packages:/home/zx/ws_moveit2/install/srdfdom/local/lib/python3.10/dist-packages:/home/zx/ws_moveit2/install/moveit_task_constructor_msgs/local/lib/python3.10/dist-packages:/home/zx/ws_moveit2/install/launch_param_builder/lib/python3.10/site-packages:${PYTHONPATH} /usr/bin/cmake --build /home/zx/ws_moveit2/build/moveit2_tutorials -- -j12 -l12
[5.904s] [  4%] [32mBuilding CXX object doc/tutorials/pick_and_place_with_moveit_task_constructor/CMakeFiles/mtc_tutorial.dir/src/mtc_node.cpp.o[0m
[5.904s] [  9%] [32mBuilding CXX object doc/tutorials/pick_and_place_with_moveit_task_constructor/CMakeFiles/minimal_mtc_tutorial.dir/src/minimal.cpp.o[0m
[5.904s] [ 13%] [32mBuilding CXX object doc/examples/realtime_servo/CMakeFiles/servo_keyboard_input.dir/src/servo_keyboard_input.cpp.o[0m
[5.905s] [ 18%] [32mBuilding CXX object doc/examples/move_group_interface/CMakeFiles/move_group_interface_tutorial.dir/src/move_group_interface_tutorial.cpp.o[0m
[5.905s] [ 22%] [32mBuilding CXX object doc/examples/motion_planning_api/CMakeFiles/motion_planning_api_tutorial.dir/src/motion_planning_api_tutorial.cpp.o[0m
[5.905s] [ 27%] [32mBuilding CXX object doc/examples/planning_scene/CMakeFiles/planning_scene_tutorial.dir/src/planning_scene_tutorial.cpp.o[0m
[5.906s] [ 36%] [32mBuilding CXX object doc/examples/planning_scene_ros_api/CMakeFiles/planning_scene_ros_api_tutorial.dir/src/planning_scene_ros_api_tutorial.cpp.o[0m
[5.906s] [ 45%] [32mBuilding CXX object doc/examples/realtime_servo/CMakeFiles/servo_cpp_interface_demo.dir/src/servo_cpp_interface_demo.cpp.o[0m
[5.907s] [ 45%] [32mBuilding CXX object doc/examples/robot_model_and_robot_state/CMakeFiles/robot_model_and_robot_state_tutorial.dir/src/robot_model_and_robot_state_tutorial.cpp.o[0m
[5.907s] [ 45%] [32mBuilding CXX object doc/examples/moveit_cpp/CMakeFiles/moveit_cpp_tutorial.dir/src/moveit_cpp_tutorial.cpp.o[0m
[5.914s] [ 50%] [32mBuilding CXX object doc/how_to_guides/using_ompl_constrained_planning/CMakeFiles/ompl_constrained_planning.dir/src/ompl_constrained_planning_tutorial.cpp.o[0m
[14.889s] [ 54%] [32m[1mLinking CXX executable servo_keyboard_input[0m
[15.539s] [ 59%] [32m[1mLinking CXX executable robot_model_and_robot_state_tutorial[0m
[15.751s] [ 59%] Built target servo_keyboard_input
[16.282s] [ 59%] Built target robot_model_and_robot_state_tutorial
[16.317s] [ 63%] [32m[1mLinking CXX executable planning_scene_tutorial[0m
[16.844s] [ 63%] Built target planning_scene_tutorial
[19.573s] [ 68%] [32m[1mLinking CXX executable ompl_constrained_planning[0m
[20.031s] [ 68%] Built target ompl_constrained_planning
[21.870s] [ 72%] [32m[1mLinking CXX executable minimal_mtc_tutorial[0m
[22.382s] [ 77%] [32m[1mLinking CXX executable mtc_tutorial[0m
[22.425s] [ 77%] Built target minimal_mtc_tutorial
[22.983s] [ 81%] Built target mtc_tutorial
[22.983s] [ 81%] [32m[1mLinking CXX executable moveit_cpp_tutorial[0m
[23.007s] [ 86%] [32m[1mLinking CXX executable move_group_interface_tutorial[0m
[23.026s] [ 90%] [32m[1mLinking CXX executable planning_scene_ros_api_tutorial[0m
[23.359s] [ 90%] Built target planning_scene_ros_api_tutorial
[23.431s] [ 90%] Built target move_group_interface_tutorial
[23.451s] [ 90%] Built target moveit_cpp_tutorial
[24.164s] [ 95%] [32m[1mLinking CXX executable servo_cpp_interface_demo[0m
[24.532s] [ 95%] Built target servo_cpp_interface_demo
[27.846s] [100%] [32m[1mLinking CXX executable motion_planning_api_tutorial[0m
[28.174s] [100%] Built target motion_planning_api_tutorial
[28.183s] Invoked command in '/home/zx/ws_moveit2/build/moveit2_tutorials' returned '0': AMENT_PREFIX_PATH=/home/zx/ws_moveit2/install/moveit:/home/zx/ws_moveit2/install/moveit_task_constructor_core:/home/zx/ws_moveit2/install/moveit_setup_assistant:/home/zx/ws_moveit2/install/moveit_setup_srdf_plugins:/home/zx/ws_moveit2/install/moveit_setup_core_plugins:/home/zx/ws_moveit2/install/moveit_setup_controllers:/home/zx/ws_moveit2/install/moveit_setup_app_plugins:/home/zx/ws_moveit2/install/moveit_planners:/home/zx/ws_moveit2/install/pilz_industrial_motion_planner:/home/zx/ws_moveit2/install/moveit_setup_framework:/home/zx/ws_moveit2/install/moveit_ros:/home/zx/ws_moveit2/install/moveit_servo:/home/zx/ws_moveit2/install/moveit_ros_visualization:/home/zx/ws_moveit2/install/moveit_hybrid_planning:/home/zx/ws_moveit2/install/moveit_ros_planning_interface:/home/zx/ws_moveit2/install/moveit_ros_move_group:/home/zx/ws_moveit2/install/moveit_ros_benchmarks:/home/zx/ws_moveit2/install/moveit_visual_tools:/home/zx/ws_moveit2/install/moveit_ros_warehouse:/home/zx/ws_moveit2/install/moveit_ros_robot_interaction:/home/zx/ws_moveit2/install/moveit_ros_perception:/home/zx/ws_moveit2/install/moveit_planners_ompl:/home/zx/ws_moveit2/install/moveit_kinematics:/home/zx/ws_moveit2/install/moveit_ros_planning:/home/zx/ws_moveit2/install/moveit_plugins:/home/zx/ws_moveit2/install/moveit_simple_controller_manager:/home/zx/ws_moveit2/install/moveit_ros_occupancy_map_monitor:/home/zx/ws_moveit2/install/moveit_core:/home/zx/ws_moveit2/install/rviz_marker_tools:/home/zx/ws_moveit2/install/moveit_resources_panda_moveit_config:/home/zx/ws_moveit2/install/moveit_configs_utils:/home/zx/ws_moveit2/install/srdfdom:/home/zx/ws_moveit2/install/moveit_task_constructor_msgs:/home/zx/ws_moveit2/install/moveit_resources_panda_description:/home/zx/ws_moveit2/install/moveit_common:/home/zx/ws_moveit2/install/launch_param_builder:${AMENT_PREFIX_PATH} CMAKE_PREFIX_PATH=/home/zx/ws_moveit2/install/moveit:/home/zx/ws_moveit2/install/moveit_task_constructor_core:/home/zx/ws_moveit2/install/moveit_setup_assistant:/home/zx/ws_moveit2/install/moveit_setup_srdf_plugins:/home/zx/ws_moveit2/install/moveit_setup_core_plugins:/home/zx/ws_moveit2/install/moveit_setup_controllers:/home/zx/ws_moveit2/install/moveit_setup_app_plugins:/home/zx/ws_moveit2/install/moveit_planners:/home/zx/ws_moveit2/install/pilz_industrial_motion_planner:/home/zx/ws_moveit2/install/moveit_setup_framework:/home/zx/ws_moveit2/install/moveit_ros:/home/zx/ws_moveit2/install/moveit_servo:/home/zx/ws_moveit2/install/moveit_ros_visualization:/home/zx/ws_moveit2/install/moveit_hybrid_planning:/home/zx/ws_moveit2/install/moveit_ros_planning_interface:/home/zx/ws_moveit2/install/moveit_ros_move_group:/home/zx/ws_moveit2/install/moveit_ros_benchmarks:/home/zx/ws_moveit2/install/moveit_visual_tools:/home/zx/ws_moveit2/install/moveit_ros_warehouse:/home/zx/ws_moveit2/install/moveit_ros_robot_interaction:/home/zx/ws_moveit2/install/moveit_ros_perception:/home/zx/ws_moveit2/install/moveit_planners_ompl:/home/zx/ws_moveit2/install/moveit_kinematics:/home/zx/ws_moveit2/install/moveit_ros_planning:/home/zx/ws_moveit2/install/moveit_plugins:/home/zx/ws_moveit2/install/moveit_simple_controller_manager:/home/zx/ws_moveit2/install/moveit_ros_occupancy_map_monitor:/home/zx/ws_moveit2/install/moveit_core:/home/zx/ws_moveit2/install/rviz_marker_tools:/home/zx/ws_moveit2/install/moveit_resources_panda_moveit_config:/home/zx/ws_moveit2/install/srdfdom:/home/zx/ws_moveit2/install/moveit_task_constructor_msgs:/home/zx/ws_moveit2/install/moveit_resources_panda_description:/home/zx/ws_moveit2/install/moveit_common:/opt/ros/humble LD_LIBRARY_PATH=/home/zx/ws_moveit2/install/moveit_task_constructor_core/lib:/home/zx/ws_moveit2/install/moveit_setup_assistant/lib:/home/zx/ws_moveit2/install/moveit_setup_srdf_plugins/lib:/home/zx/ws_moveit2/install/moveit_setup_core_plugins/lib:/home/zx/ws_moveit2/install/moveit_setup_controllers/lib:/home/zx/ws_moveit2/install/moveit_setup_app_plugins/lib:/home/zx/ws_moveit2/install/pilz_industrial_motion_planner/lib:/home/zx/ws_moveit2/install/moveit_setup_framework/lib:/home/zx/ws_moveit2/install/moveit_servo/lib:/home/zx/ws_moveit2/install/moveit_ros_visualization/lib:/home/zx/ws_moveit2/install/moveit_hybrid_planning/lib:/home/zx/ws_moveit2/install/moveit_ros_planning_interface/lib:/home/zx/ws_moveit2/install/moveit_ros_move_group/lib:/home/zx/ws_moveit2/install/moveit_ros_benchmarks/lib:/home/zx/ws_moveit2/install/moveit_visual_tools/lib:/home/zx/ws_moveit2/install/moveit_ros_warehouse/lib:/home/zx/ws_moveit2/install/moveit_ros_robot_interaction/lib:/home/zx/ws_moveit2/install/moveit_ros_perception/lib:/home/zx/ws_moveit2/install/moveit_planners_ompl/lib:/home/zx/ws_moveit2/install/moveit_kinematics/lib:/home/zx/ws_moveit2/install/moveit_ros_planning/lib:/home/zx/ws_moveit2/install/moveit_simple_controller_manager/lib:/home/zx/ws_moveit2/install/moveit_ros_occupancy_map_monitor/lib:/home/zx/ws_moveit2/install/moveit_core/lib:/home/zx/ws_moveit2/install/rviz_marker_tools/lib:/home/zx/ws_moveit2/install/srdfdom/lib:/home/zx/ws_moveit2/install/moveit_task_constructor_msgs/lib:${LD_LIBRARY_PATH} PATH=/home/zx/ws_moveit2/install/moveit_core/bin:${PATH} PYTHONPATH=/home/zx/ws_moveit2/install/moveit_configs_utils/lib/python3.10/site-packages:/home/zx/ws_moveit2/install/srdfdom/local/lib/python3.10/dist-packages:/home/zx/ws_moveit2/install/moveit_task_constructor_msgs/local/lib/python3.10/dist-packages:/home/zx/ws_moveit2/install/launch_param_builder/lib/python3.10/site-packages:${PYTHONPATH} /usr/bin/cmake --build /home/zx/ws_moveit2/build/moveit2_tutorials -- -j12 -l12
[28.202s] Invoking command in '/home/zx/ws_moveit2/build/moveit2_tutorials': AMENT_PREFIX_PATH=/home/zx/ws_moveit2/install/moveit:/home/zx/ws_moveit2/install/moveit_task_constructor_core:/home/zx/ws_moveit2/install/moveit_setup_assistant:/home/zx/ws_moveit2/install/moveit_setup_srdf_plugins:/home/zx/ws_moveit2/install/moveit_setup_core_plugins:/home/zx/ws_moveit2/install/moveit_setup_controllers:/home/zx/ws_moveit2/install/moveit_setup_app_plugins:/home/zx/ws_moveit2/install/moveit_planners:/home/zx/ws_moveit2/install/pilz_industrial_motion_planner:/home/zx/ws_moveit2/install/moveit_setup_framework:/home/zx/ws_moveit2/install/moveit_ros:/home/zx/ws_moveit2/install/moveit_servo:/home/zx/ws_moveit2/install/moveit_ros_visualization:/home/zx/ws_moveit2/install/moveit_hybrid_planning:/home/zx/ws_moveit2/install/moveit_ros_planning_interface:/home/zx/ws_moveit2/install/moveit_ros_move_group:/home/zx/ws_moveit2/install/moveit_ros_benchmarks:/home/zx/ws_moveit2/install/moveit_visual_tools:/home/zx/ws_moveit2/install/moveit_ros_warehouse:/home/zx/ws_moveit2/install/moveit_ros_robot_interaction:/home/zx/ws_moveit2/install/moveit_ros_perception:/home/zx/ws_moveit2/install/moveit_planners_ompl:/home/zx/ws_moveit2/install/moveit_kinematics:/home/zx/ws_moveit2/install/moveit_ros_planning:/home/zx/ws_moveit2/install/moveit_plugins:/home/zx/ws_moveit2/install/moveit_simple_controller_manager:/home/zx/ws_moveit2/install/moveit_ros_occupancy_map_monitor:/home/zx/ws_moveit2/install/moveit_core:/home/zx/ws_moveit2/install/rviz_marker_tools:/home/zx/ws_moveit2/install/moveit_resources_panda_moveit_config:/home/zx/ws_moveit2/install/moveit_configs_utils:/home/zx/ws_moveit2/install/srdfdom:/home/zx/ws_moveit2/install/moveit_task_constructor_msgs:/home/zx/ws_moveit2/install/moveit_resources_panda_description:/home/zx/ws_moveit2/install/moveit_common:/home/zx/ws_moveit2/install/launch_param_builder:${AMENT_PREFIX_PATH} CMAKE_PREFIX_PATH=/home/zx/ws_moveit2/install/moveit:/home/zx/ws_moveit2/install/moveit_task_constructor_core:/home/zx/ws_moveit2/install/moveit_setup_assistant:/home/zx/ws_moveit2/install/moveit_setup_srdf_plugins:/home/zx/ws_moveit2/install/moveit_setup_core_plugins:/home/zx/ws_moveit2/install/moveit_setup_controllers:/home/zx/ws_moveit2/install/moveit_setup_app_plugins:/home/zx/ws_moveit2/install/moveit_planners:/home/zx/ws_moveit2/install/pilz_industrial_motion_planner:/home/zx/ws_moveit2/install/moveit_setup_framework:/home/zx/ws_moveit2/install/moveit_ros:/home/zx/ws_moveit2/install/moveit_servo:/home/zx/ws_moveit2/install/moveit_ros_visualization:/home/zx/ws_moveit2/install/moveit_hybrid_planning:/home/zx/ws_moveit2/install/moveit_ros_planning_interface:/home/zx/ws_moveit2/install/moveit_ros_move_group:/home/zx/ws_moveit2/install/moveit_ros_benchmarks:/home/zx/ws_moveit2/install/moveit_visual_tools:/home/zx/ws_moveit2/install/moveit_ros_warehouse:/home/zx/ws_moveit2/install/moveit_ros_robot_interaction:/home/zx/ws_moveit2/install/moveit_ros_perception:/home/zx/ws_moveit2/install/moveit_planners_ompl:/home/zx/ws_moveit2/install/moveit_kinematics:/home/zx/ws_moveit2/install/moveit_ros_planning:/home/zx/ws_moveit2/install/moveit_plugins:/home/zx/ws_moveit2/install/moveit_simple_controller_manager:/home/zx/ws_moveit2/install/moveit_ros_occupancy_map_monitor:/home/zx/ws_moveit2/install/moveit_core:/home/zx/ws_moveit2/install/rviz_marker_tools:/home/zx/ws_moveit2/install/moveit_resources_panda_moveit_config:/home/zx/ws_moveit2/install/srdfdom:/home/zx/ws_moveit2/install/moveit_task_constructor_msgs:/home/zx/ws_moveit2/install/moveit_resources_panda_description:/home/zx/ws_moveit2/install/moveit_common:/opt/ros/humble LD_LIBRARY_PATH=/home/zx/ws_moveit2/install/moveit_task_constructor_core/lib:/home/zx/ws_moveit2/install/moveit_setup_assistant/lib:/home/zx/ws_moveit2/install/moveit_setup_srdf_plugins/lib:/home/zx/ws_moveit2/install/moveit_setup_core_plugins/lib:/home/zx/ws_moveit2/install/moveit_setup_controllers/lib:/home/zx/ws_moveit2/install/moveit_setup_app_plugins/lib:/home/zx/ws_moveit2/install/pilz_industrial_motion_planner/lib:/home/zx/ws_moveit2/install/moveit_setup_framework/lib:/home/zx/ws_moveit2/install/moveit_servo/lib:/home/zx/ws_moveit2/install/moveit_ros_visualization/lib:/home/zx/ws_moveit2/install/moveit_hybrid_planning/lib:/home/zx/ws_moveit2/install/moveit_ros_planning_interface/lib:/home/zx/ws_moveit2/install/moveit_ros_move_group/lib:/home/zx/ws_moveit2/install/moveit_ros_benchmarks/lib:/home/zx/ws_moveit2/install/moveit_visual_tools/lib:/home/zx/ws_moveit2/install/moveit_ros_warehouse/lib:/home/zx/ws_moveit2/install/moveit_ros_robot_interaction/lib:/home/zx/ws_moveit2/install/moveit_ros_perception/lib:/home/zx/ws_moveit2/install/moveit_planners_ompl/lib:/home/zx/ws_moveit2/install/moveit_kinematics/lib:/home/zx/ws_moveit2/install/moveit_ros_planning/lib:/home/zx/ws_moveit2/install/moveit_simple_controller_manager/lib:/home/zx/ws_moveit2/install/moveit_ros_occupancy_map_monitor/lib:/home/zx/ws_moveit2/install/moveit_core/lib:/home/zx/ws_moveit2/install/rviz_marker_tools/lib:/home/zx/ws_moveit2/install/srdfdom/lib:/home/zx/ws_moveit2/install/moveit_task_constructor_msgs/lib:${LD_LIBRARY_PATH} PATH=/home/zx/ws_moveit2/install/moveit_core/bin:${PATH} PYTHONPATH=/home/zx/ws_moveit2/install/moveit_configs_utils/lib/python3.10/site-packages:/home/zx/ws_moveit2/install/srdfdom/local/lib/python3.10/dist-packages:/home/zx/ws_moveit2/install/moveit_task_constructor_msgs/local/lib/python3.10/dist-packages:/home/zx/ws_moveit2/install/launch_param_builder/lib/python3.10/site-packages:${PYTHONPATH} /usr/bin/cmake --install /home/zx/ws_moveit2/build/moveit2_tutorials
[28.208s] -- Install configuration: "Release"
[28.208s] -- Installing: /home/zx/ws_moveit2/install/moveit2_tutorials/share/ament_index/resource_index/package_run_dependencies/moveit2_tutorials
[28.208s] -- Installing: /home/zx/ws_moveit2/install/moveit2_tutorials/share/ament_index/resource_index/parent_prefix_path/moveit2_tutorials
[28.208s] -- Installing: /home/zx/ws_moveit2/install/moveit2_tutorials/share/moveit2_tutorials/environment/ament_prefix_path.sh
[28.208s] -- Installing: /home/zx/ws_moveit2/install/moveit2_tutorials/share/moveit2_tutorials/environment/ament_prefix_path.dsv
[28.209s] -- Installing: /home/zx/ws_moveit2/install/moveit2_tutorials/share/moveit2_tutorials/environment/path.sh
[28.209s] -- Installing: /home/zx/ws_moveit2/install/moveit2_tutorials/share/moveit2_tutorials/environment/path.dsv
[28.209s] -- Installing: /home/zx/ws_moveit2/install/moveit2_tutorials/share/moveit2_tutorials/local_setup.bash
[28.209s] -- Installing: /home/zx/ws_moveit2/install/moveit2_tutorials/share/moveit2_tutorials/local_setup.sh
[28.209s] -- Installing: /home/zx/ws_moveit2/install/moveit2_tutorials/share/moveit2_tutorials/local_setup.zsh
[28.209s] -- Installing: /home/zx/ws_moveit2/install/moveit2_tutorials/share/moveit2_tutorials/local_setup.dsv
[28.209s] -- Installing: /home/zx/ws_moveit2/install/moveit2_tutorials/share/moveit2_tutorials/package.dsv
[28.209s] -- Installing: /home/zx/ws_moveit2/install/moveit2_tutorials/share/ament_index/resource_index/packages/moveit2_tutorials
[28.209s] -- Installing: /home/zx/ws_moveit2/install/moveit2_tutorials/share/moveit2_tutorials/cmake/ament_cmake_export_dependencies-extras.cmake
[28.209s] -- Installing: /home/zx/ws_moveit2/install/moveit2_tutorials/share/moveit2_tutorials/cmake/ament_cmake_export_include_directories-extras.cmake
[28.209s] -- Installing: /home/zx/ws_moveit2/install/moveit2_tutorials/share/moveit2_tutorials/cmake/moveit2_tutorialsConfig.cmake
[28.209s] -- Installing: /home/zx/ws_moveit2/install/moveit2_tutorials/share/moveit2_tutorials/cmake/moveit2_tutorialsConfig-version.cmake
[28.210s] -- Installing: /home/zx/ws_moveit2/install/moveit2_tutorials/share/moveit2_tutorials/package.xml
[28.210s] -- Installing: /home/zx/ws_moveit2/install/moveit2_tutorials/share/moveit2_tutorials/launch
[28.210s] -- Installing: /home/zx/ws_moveit2/install/moveit2_tutorials/share/moveit2_tutorials/launch/panda_moveit_config_demo.rviz
[28.210s] -- Installing: /home/zx/ws_moveit2/install/moveit2_tutorials/share/moveit2_tutorials/launch/panda_hello_moveit.rviz
[28.210s] -- Installing: /home/zx/ws_moveit2/install/moveit2_tutorials/share/moveit2_tutorials/launch/panda_moveit_config_demo_empty.rviz
[28.211s] -- Installing: /home/zx/ws_moveit2/install/moveit2_tutorials/share/moveit2_tutorials/launch/demo.launch.py
[28.211s] -- Installing: /home/zx/ws_moveit2/install/moveit2_tutorials/lib/moveit2_tutorials/mtc_tutorial
[28.220s] -- Set runtime path of "/home/zx/ws_moveit2/install/moveit2_tutorials/lib/moveit2_tutorials/mtc_tutorial" to ""
[28.220s] -- Installing: /home/zx/ws_moveit2/install/moveit2_tutorials/lib/moveit2_tutorials/minimal_mtc_tutorial
[28.228s] -- Set runtime path of "/home/zx/ws_moveit2/install/moveit2_tutorials/lib/moveit2_tutorials/minimal_mtc_tutorial" to ""
[28.228s] -- Up-to-date: /home/zx/ws_moveit2/install/moveit2_tutorials/share/moveit2_tutorials/launch
[28.228s] -- Installing: /home/zx/ws_moveit2/install/moveit2_tutorials/share/moveit2_tutorials/launch/mtc.rviz
[28.228s] -- Installing: /home/zx/ws_moveit2/install/moveit2_tutorials/share/moveit2_tutorials/launch/pick_place_demo.launch.py
[28.228s] -- Installing: /home/zx/ws_moveit2/install/moveit2_tutorials/share/moveit2_tutorials/launch/mtc_demo_minimal.launch.py
[28.228s] -- Installing: /home/zx/ws_moveit2/install/moveit2_tutorials/share/moveit2_tutorials/launch/mtc_demo.launch.py
[28.228s] -- Installing: /home/zx/ws_moveit2/install/moveit2_tutorials/lib/moveit2_tutorials/motion_planning_api_tutorial
[28.229s] -- Set runtime path of "/home/zx/ws_moveit2/install/moveit2_tutorials/lib/moveit2_tutorials/motion_planning_api_tutorial" to ""
[28.229s] -- Up-to-date: /home/zx/ws_moveit2/install/moveit2_tutorials/share/moveit2_tutorials/launch
[28.229s] -- Installing: /home/zx/ws_moveit2/install/moveit2_tutorials/share/moveit2_tutorials/launch/motion_planning_api_tutorial.launch.py
[28.230s] -- Installing: /home/zx/ws_moveit2/install/moveit2_tutorials/lib/moveit2_tutorials/move_group_interface_tutorial
[28.230s] -- Set runtime path of "/home/zx/ws_moveit2/install/moveit2_tutorials/lib/moveit2_tutorials/move_group_interface_tutorial" to ""
[28.230s] -- Up-to-date: /home/zx/ws_moveit2/install/moveit2_tutorials/share/moveit2_tutorials/launch
[28.230s] -- Installing: /home/zx/ws_moveit2/install/moveit2_tutorials/share/moveit2_tutorials/launch/move_group.rviz
[28.230s] -- Installing: /home/zx/ws_moveit2/install/moveit2_tutorials/share/moveit2_tutorials/launch/move_group.launch.py
[28.230s] -- Installing: /home/zx/ws_moveit2/install/moveit2_tutorials/share/moveit2_tutorials/launch/move_group_interface_tutorial.launch.py
[28.230s] -- Installing: /home/zx/ws_moveit2/install/moveit2_tutorials/lib/moveit2_tutorials/planning_scene_tutorial
[28.231s] -- Set runtime path of "/home/zx/ws_moveit2/install/moveit2_tutorials/lib/moveit2_tutorials/planning_scene_tutorial" to ""
[28.231s] -- Up-to-date: /home/zx/ws_moveit2/install/moveit2_tutorials/share/moveit2_tutorials/launch
[28.231s] -- Installing: /home/zx/ws_moveit2/install/moveit2_tutorials/share/moveit2_tutorials/launch/planning_scene_tutorial.launch.py
[28.231s] -- Installing: /home/zx/ws_moveit2/install/moveit2_tutorials/lib/moveit2_tutorials/planning_scene_ros_api_tutorial
[28.232s] -- Set runtime path of "/home/zx/ws_moveit2/install/moveit2_tutorials/lib/moveit2_tutorials/planning_scene_ros_api_tutorial" to ""
[28.232s] -- Up-to-date: /home/zx/ws_moveit2/install/moveit2_tutorials/share/moveit2_tutorials/launch
[28.232s] -- Installing: /home/zx/ws_moveit2/install/moveit2_tutorials/share/moveit2_tutorials/launch/planning_scene_ros_api_tutorial.launch.py
[28.232s] -- Installing: /home/zx/ws_moveit2/install/moveit2_tutorials/lib/moveit2_tutorials/robot_model_and_robot_state_tutorial
[28.232s] -- Set runtime path of "/home/zx/ws_moveit2/install/moveit2_tutorials/lib/moveit2_tutorials/robot_model_and_robot_state_tutorial" to ""
[28.232s] -- Up-to-date: /home/zx/ws_moveit2/install/moveit2_tutorials/share/moveit2_tutorials/launch
[28.232s] -- Installing: /home/zx/ws_moveit2/install/moveit2_tutorials/share/moveit2_tutorials/launch/robot_model_and_robot_state_tutorial.launch.py
[28.232s] -- Installing: /home/zx/ws_moveit2/install/moveit2_tutorials/lib/moveit2_tutorials/moveit_cpp_tutorial
[28.233s] -- Set runtime path of "/home/zx/ws_moveit2/install/moveit2_tutorials/lib/moveit2_tutorials/moveit_cpp_tutorial" to ""
[28.233s] -- Up-to-date: /home/zx/ws_moveit2/install/moveit2_tutorials/share/moveit2_tutorials/launch
[28.233s] -- Installing: /home/zx/ws_moveit2/install/moveit2_tutorials/share/moveit2_tutorials/launch/moveit_cpp_tutorial.launch.py
[28.233s] -- Installing: /home/zx/ws_moveit2/install/moveit2_tutorials/share/moveit2_tutorials/launch/moveit_cpp_tutorial.rviz
[28.233s] -- Installing: /home/zx/ws_moveit2/install/moveit2_tutorials/share/moveit2_tutorials/config
[28.233s] -- Installing: /home/zx/ws_moveit2/install/moveit2_tutorials/share/moveit2_tutorials/config/moveit_cpp.yaml
[28.233s] -- Installing: /home/zx/ws_moveit2/install/moveit2_tutorials/lib/moveit2_tutorials/servo_keyboard_input
[28.234s] -- Set runtime path of "/home/zx/ws_moveit2/install/moveit2_tutorials/lib/moveit2_tutorials/servo_keyboard_input" to ""
[28.234s] -- Installing: /home/zx/ws_moveit2/install/moveit2_tutorials/lib/moveit2_tutorials/servo_cpp_interface_demo
[28.235s] -- Set runtime path of "/home/zx/ws_moveit2/install/moveit2_tutorials/lib/moveit2_tutorials/servo_cpp_interface_demo" to ""
[28.235s] -- Up-to-date: /home/zx/ws_moveit2/install/moveit2_tutorials/share/moveit2_tutorials/launch
[28.235s] -- Installing: /home/zx/ws_moveit2/install/moveit2_tutorials/share/moveit2_tutorials/launch/servo_cpp_interface_demo.launch.py
[28.235s] -- Up-to-date: /home/zx/ws_moveit2/install/moveit2_tutorials/share/moveit2_tutorials/config
[28.235s] -- Installing: /home/zx/ws_moveit2/install/moveit2_tutorials/share/moveit2_tutorials/config/demo_rviz_config.rviz
[28.235s] -- Up-to-date: /home/zx/ws_moveit2/install/moveit2_tutorials/share/moveit2_tutorials/launch
[28.235s] -- Installing: /home/zx/ws_moveit2/install/moveit2_tutorials/share/moveit2_tutorials/launch/chomp_demo.launch.py
[28.235s] -- Up-to-date: /home/zx/ws_moveit2/install/moveit2_tutorials/share/moveit2_tutorials/config
[28.235s] -- Installing: /home/zx/ws_moveit2/install/moveit2_tutorials/share/moveit2_tutorials/config/moveit_chomp.rviz
[28.235s] -- Installing: /home/zx/ws_moveit2/install/moveit2_tutorials/lib/moveit2_tutorials/ompl_constrained_planning
[28.236s] -- Set runtime path of "/home/zx/ws_moveit2/install/moveit2_tutorials/lib/moveit2_tutorials/ompl_constrained_planning" to ""
[28.236s] -- Up-to-date: /home/zx/ws_moveit2/install/moveit2_tutorials/share/moveit2_tutorials/launch
[28.236s] -- Installing: /home/zx/ws_moveit2/install/moveit2_tutorials/share/moveit2_tutorials/launch/ompl_constrained_planning.rviz
[28.236s] -- Installing: /home/zx/ws_moveit2/install/moveit2_tutorials/share/moveit2_tutorials/launch/ompl_constrained_planning.launch.py
[28.239s] Invoked command in '/home/zx/ws_moveit2/build/moveit2_tutorials' returned '0': AMENT_PREFIX_PATH=/home/zx/ws_moveit2/install/moveit:/home/zx/ws_moveit2/install/moveit_task_constructor_core:/home/zx/ws_moveit2/install/moveit_setup_assistant:/home/zx/ws_moveit2/install/moveit_setup_srdf_plugins:/home/zx/ws_moveit2/install/moveit_setup_core_plugins:/home/zx/ws_moveit2/install/moveit_setup_controllers:/home/zx/ws_moveit2/install/moveit_setup_app_plugins:/home/zx/ws_moveit2/install/moveit_planners:/home/zx/ws_moveit2/install/pilz_industrial_motion_planner:/home/zx/ws_moveit2/install/moveit_setup_framework:/home/zx/ws_moveit2/install/moveit_ros:/home/zx/ws_moveit2/install/moveit_servo:/home/zx/ws_moveit2/install/moveit_ros_visualization:/home/zx/ws_moveit2/install/moveit_hybrid_planning:/home/zx/ws_moveit2/install/moveit_ros_planning_interface:/home/zx/ws_moveit2/install/moveit_ros_move_group:/home/zx/ws_moveit2/install/moveit_ros_benchmarks:/home/zx/ws_moveit2/install/moveit_visual_tools:/home/zx/ws_moveit2/install/moveit_ros_warehouse:/home/zx/ws_moveit2/install/moveit_ros_robot_interaction:/home/zx/ws_moveit2/install/moveit_ros_perception:/home/zx/ws_moveit2/install/moveit_planners_ompl:/home/zx/ws_moveit2/install/moveit_kinematics:/home/zx/ws_moveit2/install/moveit_ros_planning:/home/zx/ws_moveit2/install/moveit_plugins:/home/zx/ws_moveit2/install/moveit_simple_controller_manager:/home/zx/ws_moveit2/install/moveit_ros_occupancy_map_monitor:/home/zx/ws_moveit2/install/moveit_core:/home/zx/ws_moveit2/install/rviz_marker_tools:/home/zx/ws_moveit2/install/moveit_resources_panda_moveit_config:/home/zx/ws_moveit2/install/moveit_configs_utils:/home/zx/ws_moveit2/install/srdfdom:/home/zx/ws_moveit2/install/moveit_task_constructor_msgs:/home/zx/ws_moveit2/install/moveit_resources_panda_description:/home/zx/ws_moveit2/install/moveit_common:/home/zx/ws_moveit2/install/launch_param_builder:${AMENT_PREFIX_PATH} CMAKE_PREFIX_PATH=/home/zx/ws_moveit2/install/moveit:/home/zx/ws_moveit2/install/moveit_task_constructor_core:/home/zx/ws_moveit2/install/moveit_setup_assistant:/home/zx/ws_moveit2/install/moveit_setup_srdf_plugins:/home/zx/ws_moveit2/install/moveit_setup_core_plugins:/home/zx/ws_moveit2/install/moveit_setup_controllers:/home/zx/ws_moveit2/install/moveit_setup_app_plugins:/home/zx/ws_moveit2/install/moveit_planners:/home/zx/ws_moveit2/install/pilz_industrial_motion_planner:/home/zx/ws_moveit2/install/moveit_setup_framework:/home/zx/ws_moveit2/install/moveit_ros:/home/zx/ws_moveit2/install/moveit_servo:/home/zx/ws_moveit2/install/moveit_ros_visualization:/home/zx/ws_moveit2/install/moveit_hybrid_planning:/home/zx/ws_moveit2/install/moveit_ros_planning_interface:/home/zx/ws_moveit2/install/moveit_ros_move_group:/home/zx/ws_moveit2/install/moveit_ros_benchmarks:/home/zx/ws_moveit2/install/moveit_visual_tools:/home/zx/ws_moveit2/install/moveit_ros_warehouse:/home/zx/ws_moveit2/install/moveit_ros_robot_interaction:/home/zx/ws_moveit2/install/moveit_ros_perception:/home/zx/ws_moveit2/install/moveit_planners_ompl:/home/zx/ws_moveit2/install/moveit_kinematics:/home/zx/ws_moveit2/install/moveit_ros_planning:/home/zx/ws_moveit2/install/moveit_plugins:/home/zx/ws_moveit2/install/moveit_simple_controller_manager:/home/zx/ws_moveit2/install/moveit_ros_occupancy_map_monitor:/home/zx/ws_moveit2/install/moveit_core:/home/zx/ws_moveit2/install/rviz_marker_tools:/home/zx/ws_moveit2/install/moveit_resources_panda_moveit_config:/home/zx/ws_moveit2/install/srdfdom:/home/zx/ws_moveit2/install/moveit_task_constructor_msgs:/home/zx/ws_moveit2/install/moveit_resources_panda_description:/home/zx/ws_moveit2/install/moveit_common:/opt/ros/humble LD_LIBRARY_PATH=/home/zx/ws_moveit2/install/moveit_task_constructor_core/lib:/home/zx/ws_moveit2/install/moveit_setup_assistant/lib:/home/zx/ws_moveit2/install/moveit_setup_srdf_plugins/lib:/home/zx/ws_moveit2/install/moveit_setup_core_plugins/lib:/home/zx/ws_moveit2/install/moveit_setup_controllers/lib:/home/zx/ws_moveit2/install/moveit_setup_app_plugins/lib:/home/zx/ws_moveit2/install/pilz_industrial_motion_planner/lib:/home/zx/ws_moveit2/install/moveit_setup_framework/lib:/home/zx/ws_moveit2/install/moveit_servo/lib:/home/zx/ws_moveit2/install/moveit_ros_visualization/lib:/home/zx/ws_moveit2/install/moveit_hybrid_planning/lib:/home/zx/ws_moveit2/install/moveit_ros_planning_interface/lib:/home/zx/ws_moveit2/install/moveit_ros_move_group/lib:/home/zx/ws_moveit2/install/moveit_ros_benchmarks/lib:/home/zx/ws_moveit2/install/moveit_visual_tools/lib:/home/zx/ws_moveit2/install/moveit_ros_warehouse/lib:/home/zx/ws_moveit2/install/moveit_ros_robot_interaction/lib:/home/zx/ws_moveit2/install/moveit_ros_perception/lib:/home/zx/ws_moveit2/install/moveit_planners_ompl/lib:/home/zx/ws_moveit2/install/moveit_kinematics/lib:/home/zx/ws_moveit2/install/moveit_ros_planning/lib:/home/zx/ws_moveit2/install/moveit_simple_controller_manager/lib:/home/zx/ws_moveit2/install/moveit_ros_occupancy_map_monitor/lib:/home/zx/ws_moveit2/install/moveit_core/lib:/home/zx/ws_moveit2/install/rviz_marker_tools/lib:/home/zx/ws_moveit2/install/srdfdom/lib:/home/zx/ws_moveit2/install/moveit_task_constructor_msgs/lib:${LD_LIBRARY_PATH} PATH=/home/zx/ws_moveit2/install/moveit_core/bin:${PATH} PYTHONPATH=/home/zx/ws_moveit2/install/moveit_configs_utils/lib/python3.10/site-packages:/home/zx/ws_moveit2/install/srdfdom/local/lib/python3.10/dist-packages:/home/zx/ws_moveit2/install/moveit_task_constructor_msgs/local/lib/python3.10/dist-packages:/home/zx/ws_moveit2/install/launch_param_builder/lib/python3.10/site-packages:${PYTHONPATH} /usr/bin/cmake --install /home/zx/ws_moveit2/build/moveit2_tutorials
