[0.192s] Invoking command in '/home/zx/ws_moveit2/src/build/moveit_resources_fanuc_description': CMAKE_PREFIX_PATH=/opt/ros/humble /usr/bin/cmake --build /home/zx/ws_moveit2/src/build/moveit_resources_fanuc_description -- -j12 -l12
[0.223s] Invoked command in '/home/zx/ws_moveit2/src/build/moveit_resources_fanuc_description' returned '0': CMAKE_PREFIX_PATH=/opt/ros/humble /usr/bin/cmake --build /home/zx/ws_moveit2/src/build/moveit_resources_fanuc_description -- -j12 -l12
[0.254s] Invoking command in '/home/zx/ws_moveit2/src/build/moveit_resources_fanuc_description': CMAKE_PREFIX_PATH=/opt/ros/humble /usr/bin/cmake --install /home/zx/ws_moveit2/src/build/moveit_resources_fanuc_description
[0.262s] -- Install configuration: "Release"
[0.262s] -- Up-to-date: /home/zx/ws_moveit2/src/install/moveit_resources_fanuc_description/share/ament_index/resource_index/package_run_dependencies/moveit_resources_fanuc_description
[0.262s] -- Up-to-date: /home/zx/ws_moveit2/src/install/moveit_resources_fanuc_description/share/ament_index/resource_index/parent_prefix_path/moveit_resources_fanuc_description
[0.262s] -- Up-to-date: /home/zx/ws_moveit2/src/install/moveit_resources_fanuc_description/share/moveit_resources_fanuc_description/environment/ament_prefix_path.sh
[0.262s] -- Up-to-date: /home/zx/ws_moveit2/src/install/moveit_resources_fanuc_description/share/moveit_resources_fanuc_description/environment/ament_prefix_path.dsv
[0.262s] -- Up-to-date: /home/zx/ws_moveit2/src/install/moveit_resources_fanuc_description/share/moveit_resources_fanuc_description/environment/path.sh
[0.262s] -- Up-to-date: /home/zx/ws_moveit2/src/install/moveit_resources_fanuc_description/share/moveit_resources_fanuc_description/environment/path.dsv
[0.262s] -- Up-to-date: /home/zx/ws_moveit2/src/install/moveit_resources_fanuc_description/share/moveit_resources_fanuc_description/local_setup.bash
[0.262s] -- Up-to-date: /home/zx/ws_moveit2/src/install/moveit_resources_fanuc_description/share/moveit_resources_fanuc_description/local_setup.sh
[0.262s] -- Up-to-date: /home/zx/ws_moveit2/src/install/moveit_resources_fanuc_description/share/moveit_resources_fanuc_description/local_setup.zsh
[0.262s] -- Up-to-date: /home/zx/ws_moveit2/src/install/moveit_resources_fanuc_description/share/moveit_resources_fanuc_description/local_setup.dsv
[0.263s] -- Up-to-date: /home/zx/ws_moveit2/src/install/moveit_resources_fanuc_description/share/moveit_resources_fanuc_description/package.dsv
[0.263s] -- Up-to-date: /home/zx/ws_moveit2/src/install/moveit_resources_fanuc_description/share/ament_index/resource_index/packages/moveit_resources_fanuc_description
[0.263s] -- Up-to-date: /home/zx/ws_moveit2/src/install/moveit_resources_fanuc_description/share/moveit_resources_fanuc_description/cmake/moveit_resources_fanuc_descriptionConfig.cmake
[0.263s] -- Up-to-date: /home/zx/ws_moveit2/src/install/moveit_resources_fanuc_description/share/moveit_resources_fanuc_description/cmake/moveit_resources_fanuc_descriptionConfig-version.cmake
[0.264s] -- Up-to-date: /home/zx/ws_moveit2/src/install/moveit_resources_fanuc_description/share/moveit_resources_fanuc_description/package.xml
[0.264s] -- Up-to-date: /home/zx/ws_moveit2/src/install/moveit_resources_fanuc_description/share/moveit_resources_fanuc_description/meshes
[0.264s] -- Up-to-date: /home/zx/ws_moveit2/src/install/moveit_resources_fanuc_description/share/moveit_resources_fanuc_description/meshes/collision
[0.264s] -- Up-to-date: /home/zx/ws_moveit2/src/install/moveit_resources_fanuc_description/share/moveit_resources_fanuc_description/meshes/collision/base_link.stl
[0.264s] -- Up-to-date: /home/zx/ws_moveit2/src/install/moveit_resources_fanuc_description/share/moveit_resources_fanuc_description/meshes/collision/link_1.stl
[0.265s] -- Up-to-date: /home/zx/ws_moveit2/src/install/moveit_resources_fanuc_description/share/moveit_resources_fanuc_description/meshes/collision/link_5.stl
[0.265s] -- Up-to-date: /home/zx/ws_moveit2/src/install/moveit_resources_fanuc_description/share/moveit_resources_fanuc_description/meshes/collision/link_2.stl
[0.265s] -- Up-to-date: /home/zx/ws_moveit2/src/install/moveit_resources_fanuc_description/share/moveit_resources_fanuc_description/meshes/collision/link_6.stl
[0.265s] -- Up-to-date: /home/zx/ws_moveit2/src/install/moveit_resources_fanuc_description/share/moveit_resources_fanuc_description/meshes/collision/link_4.stl
[0.265s] -- Up-to-date: /home/zx/ws_moveit2/src/install/moveit_resources_fanuc_description/share/moveit_resources_fanuc_description/meshes/collision/link_3.stl
[0.265s] -- Up-to-date: /home/zx/ws_moveit2/src/install/moveit_resources_fanuc_description/share/moveit_resources_fanuc_description/meshes/visual
[0.265s] -- Up-to-date: /home/zx/ws_moveit2/src/install/moveit_resources_fanuc_description/share/moveit_resources_fanuc_description/meshes/visual/base_link.stl
[0.265s] -- Up-to-date: /home/zx/ws_moveit2/src/install/moveit_resources_fanuc_description/share/moveit_resources_fanuc_description/meshes/visual/link_1.stl
[0.265s] -- Up-to-date: /home/zx/ws_moveit2/src/install/moveit_resources_fanuc_description/share/moveit_resources_fanuc_description/meshes/visual/link_5.stl
[0.265s] -- Up-to-date: /home/zx/ws_moveit2/src/install/moveit_resources_fanuc_description/share/moveit_resources_fanuc_description/meshes/visual/link_2.stl
[0.266s] -- Up-to-date: /home/zx/ws_moveit2/src/install/moveit_resources_fanuc_description/share/moveit_resources_fanuc_description/meshes/visual/link_6.stl
[0.266s] -- Up-to-date: /home/zx/ws_moveit2/src/install/moveit_resources_fanuc_description/share/moveit_resources_fanuc_description/meshes/visual/link_4.stl
[0.266s] -- Up-to-date: /home/zx/ws_moveit2/src/install/moveit_resources_fanuc_description/share/moveit_resources_fanuc_description/meshes/visual/link_3.stl
[0.266s] -- Up-to-date: /home/zx/ws_moveit2/src/install/moveit_resources_fanuc_description/share/moveit_resources_fanuc_description/urdf
[0.267s] -- Up-to-date: /home/zx/ws_moveit2/src/install/moveit_resources_fanuc_description/share/moveit_resources_fanuc_description/urdf/fanuc.urdf
[0.279s] Invoked command in '/home/zx/ws_moveit2/src/build/moveit_resources_fanuc_description' returned '0': CMAKE_PREFIX_PATH=/opt/ros/humble /usr/bin/cmake --install /home/zx/ws_moveit2/src/build/moveit_resources_fanuc_description
