[0.025s] Invoking command in '/home/zx/ws_moveit2/build/moveit_setup_framework': AMENT_PREFIX_PATH=/home/zx/ws_moveit2/install/moveit_ros_visualization:/home/zx/ws_moveit2/install/moveit_ros_planning_interface:/home/zx/ws_moveit2/install/moveit_ros_move_group:/home/zx/ws_moveit2/install/moveit_ros_warehouse:/home/zx/ws_moveit2/install/moveit_ros_robot_interaction:/home/zx/ws_moveit2/install/moveit_kinematics:/home/zx/ws_moveit2/install/moveit_ros_planning:/home/zx/ws_moveit2/install/moveit_ros_occupancy_map_monitor:/home/zx/ws_moveit2/install/moveit_core:/home/zx/ws_moveit2/install/srdfdom:/home/zx/ws_moveit2/install/moveit_common:${AMENT_PREFIX_PATH} CMAKE_PREFIX_PATH=/home/zx/ws_moveit2/install/moveit_ros_visualization:/home/zx/ws_moveit2/install/moveit_ros_planning_interface:/home/zx/ws_moveit2/install/moveit_ros_move_group:/home/zx/ws_moveit2/install/moveit_ros_warehouse:/home/zx/ws_moveit2/install/moveit_ros_robot_interaction:/home/zx/ws_moveit2/install/moveit_kinematics:/home/zx/ws_moveit2/install/moveit_ros_planning:/home/zx/ws_moveit2/install/moveit_ros_occupancy_map_monitor:/home/zx/ws_moveit2/install/moveit_core:/home/zx/ws_moveit2/install/srdfdom:/home/zx/ws_moveit2/install/moveit_common:/opt/ros/humble LD_LIBRARY_PATH=/home/zx/ws_moveit2/install/moveit_ros_visualization/lib:/home/zx/ws_moveit2/install/moveit_ros_planning_interface/lib:/home/zx/ws_moveit2/install/moveit_ros_move_group/lib:/home/zx/ws_moveit2/install/moveit_ros_warehouse/lib:/home/zx/ws_moveit2/install/moveit_ros_robot_interaction/lib:/home/zx/ws_moveit2/install/moveit_kinematics/lib:/home/zx/ws_moveit2/install/moveit_ros_planning/lib:/home/zx/ws_moveit2/install/moveit_ros_occupancy_map_monitor/lib:/home/zx/ws_moveit2/install/moveit_core/lib:/home/zx/ws_moveit2/install/srdfdom/lib:${LD_LIBRARY_PATH} PATH=/home/zx/ws_moveit2/install/moveit_core/bin:${PATH} PYTHONPATH=/home/zx/ws_moveit2/install/srdfdom/local/lib/python3.10/dist-packages:${PYTHONPATH} /usr/bin/cmake --build /home/zx/ws_moveit2/build/moveit_setup_framework -- -j12 -l12
[0.068s] [35m[1mConsolidate compiler generated dependencies of target moveit_setup_framework[0m
[0.134s] [100%] Built target moveit_setup_framework
[0.146s] Invoked command in '/home/zx/ws_moveit2/build/moveit_setup_framework' returned '0': AMENT_PREFIX_PATH=/home/zx/ws_moveit2/install/moveit_ros_visualization:/home/zx/ws_moveit2/install/moveit_ros_planning_interface:/home/zx/ws_moveit2/install/moveit_ros_move_group:/home/zx/ws_moveit2/install/moveit_ros_warehouse:/home/zx/ws_moveit2/install/moveit_ros_robot_interaction:/home/zx/ws_moveit2/install/moveit_kinematics:/home/zx/ws_moveit2/install/moveit_ros_planning:/home/zx/ws_moveit2/install/moveit_ros_occupancy_map_monitor:/home/zx/ws_moveit2/install/moveit_core:/home/zx/ws_moveit2/install/srdfdom:/home/zx/ws_moveit2/install/moveit_common:${AMENT_PREFIX_PATH} CMAKE_PREFIX_PATH=/home/zx/ws_moveit2/install/moveit_ros_visualization:/home/zx/ws_moveit2/install/moveit_ros_planning_interface:/home/zx/ws_moveit2/install/moveit_ros_move_group:/home/zx/ws_moveit2/install/moveit_ros_warehouse:/home/zx/ws_moveit2/install/moveit_ros_robot_interaction:/home/zx/ws_moveit2/install/moveit_kinematics:/home/zx/ws_moveit2/install/moveit_ros_planning:/home/zx/ws_moveit2/install/moveit_ros_occupancy_map_monitor:/home/zx/ws_moveit2/install/moveit_core:/home/zx/ws_moveit2/install/srdfdom:/home/zx/ws_moveit2/install/moveit_common:/opt/ros/humble LD_LIBRARY_PATH=/home/zx/ws_moveit2/install/moveit_ros_visualization/lib:/home/zx/ws_moveit2/install/moveit_ros_planning_interface/lib:/home/zx/ws_moveit2/install/moveit_ros_move_group/lib:/home/zx/ws_moveit2/install/moveit_ros_warehouse/lib:/home/zx/ws_moveit2/install/moveit_ros_robot_interaction/lib:/home/zx/ws_moveit2/install/moveit_kinematics/lib:/home/zx/ws_moveit2/install/moveit_ros_planning/lib:/home/zx/ws_moveit2/install/moveit_ros_occupancy_map_monitor/lib:/home/zx/ws_moveit2/install/moveit_core/lib:/home/zx/ws_moveit2/install/srdfdom/lib:${LD_LIBRARY_PATH} PATH=/home/zx/ws_moveit2/install/moveit_core/bin:${PATH} PYTHONPATH=/home/zx/ws_moveit2/install/srdfdom/local/lib/python3.10/dist-packages:${PYTHONPATH} /usr/bin/cmake --build /home/zx/ws_moveit2/build/moveit_setup_framework -- -j12 -l12
[0.186s] Invoking command in '/home/zx/ws_moveit2/build/moveit_setup_framework': AMENT_PREFIX_PATH=/home/zx/ws_moveit2/install/moveit_ros_visualization:/home/zx/ws_moveit2/install/moveit_ros_planning_interface:/home/zx/ws_moveit2/install/moveit_ros_move_group:/home/zx/ws_moveit2/install/moveit_ros_warehouse:/home/zx/ws_moveit2/install/moveit_ros_robot_interaction:/home/zx/ws_moveit2/install/moveit_kinematics:/home/zx/ws_moveit2/install/moveit_ros_planning:/home/zx/ws_moveit2/install/moveit_ros_occupancy_map_monitor:/home/zx/ws_moveit2/install/moveit_core:/home/zx/ws_moveit2/install/srdfdom:/home/zx/ws_moveit2/install/moveit_common:${AMENT_PREFIX_PATH} CMAKE_PREFIX_PATH=/home/zx/ws_moveit2/install/moveit_ros_visualization:/home/zx/ws_moveit2/install/moveit_ros_planning_interface:/home/zx/ws_moveit2/install/moveit_ros_move_group:/home/zx/ws_moveit2/install/moveit_ros_warehouse:/home/zx/ws_moveit2/install/moveit_ros_robot_interaction:/home/zx/ws_moveit2/install/moveit_kinematics:/home/zx/ws_moveit2/install/moveit_ros_planning:/home/zx/ws_moveit2/install/moveit_ros_occupancy_map_monitor:/home/zx/ws_moveit2/install/moveit_core:/home/zx/ws_moveit2/install/srdfdom:/home/zx/ws_moveit2/install/moveit_common:/opt/ros/humble LD_LIBRARY_PATH=/home/zx/ws_moveit2/install/moveit_ros_visualization/lib:/home/zx/ws_moveit2/install/moveit_ros_planning_interface/lib:/home/zx/ws_moveit2/install/moveit_ros_move_group/lib:/home/zx/ws_moveit2/install/moveit_ros_warehouse/lib:/home/zx/ws_moveit2/install/moveit_ros_robot_interaction/lib:/home/zx/ws_moveit2/install/moveit_kinematics/lib:/home/zx/ws_moveit2/install/moveit_ros_planning/lib:/home/zx/ws_moveit2/install/moveit_ros_occupancy_map_monitor/lib:/home/zx/ws_moveit2/install/moveit_core/lib:/home/zx/ws_moveit2/install/srdfdom/lib:${LD_LIBRARY_PATH} PATH=/home/zx/ws_moveit2/install/moveit_core/bin:${PATH} PYTHONPATH=/home/zx/ws_moveit2/install/srdfdom/local/lib/python3.10/dist-packages:${PYTHONPATH} /usr/bin/cmake --install /home/zx/ws_moveit2/build/moveit_setup_framework
[0.191s] -- Install configuration: "Release"
[0.191s] -- Up-to-date: /home/zx/ws_moveit2/install/moveit_setup_framework/include
[0.191s] -- Up-to-date: /home/zx/ws_moveit2/install/moveit_setup_framework/include/moveit_setup_framework
[0.191s] -- Up-to-date: /home/zx/ws_moveit2/install/moveit_setup_framework/include/moveit_setup_framework/generated_time.hpp
[0.192s] -- Up-to-date: /home/zx/ws_moveit2/install/moveit_setup_framework/include/moveit_setup_framework/config.hpp
[0.192s] -- Up-to-date: /home/zx/ws_moveit2/install/moveit_setup_framework/include/moveit_setup_framework/templates.hpp
[0.192s] -- Up-to-date: /home/zx/ws_moveit2/install/moveit_setup_framework/include/moveit_setup_framework/generated_file.hpp
[0.192s] -- Up-to-date: /home/zx/ws_moveit2/install/moveit_setup_framework/include/moveit_setup_framework/data_warehouse.hpp
[0.192s] -- Up-to-date: /home/zx/ws_moveit2/install/moveit_setup_framework/include/moveit_setup_framework/setup_step.hpp
[0.192s] -- Up-to-date: /home/zx/ws_moveit2/install/moveit_setup_framework/include/moveit_setup_framework/testing_utils.hpp
[0.192s] -- Up-to-date: /home/zx/ws_moveit2/install/moveit_setup_framework/include/moveit_setup_framework/data
[0.192s] -- Up-to-date: /home/zx/ws_moveit2/install/moveit_setup_framework/include/moveit_setup_framework/data/urdf_config.hpp
[0.192s] -- Up-to-date: /home/zx/ws_moveit2/install/moveit_setup_framework/include/moveit_setup_framework/data/srdf_config.hpp
[0.192s] -- Up-to-date: /home/zx/ws_moveit2/install/moveit_setup_framework/include/moveit_setup_framework/data/package_settings_config.hpp
[0.192s] -- Up-to-date: /home/zx/ws_moveit2/install/moveit_setup_framework/include/moveit_setup_framework/utilities.hpp
[0.192s] -- Up-to-date: /home/zx/ws_moveit2/install/moveit_setup_framework/include/moveit_setup_framework/qt
[0.192s] -- Up-to-date: /home/zx/ws_moveit2/install/moveit_setup_framework/include/moveit_setup_framework/qt/double_list_widget.hpp
[0.192s] -- Up-to-date: /home/zx/ws_moveit2/install/moveit_setup_framework/include/moveit_setup_framework/qt/helper_widgets.hpp
[0.192s] -- Up-to-date: /home/zx/ws_moveit2/install/moveit_setup_framework/include/moveit_setup_framework/qt/setup_step_widget.hpp
[0.192s] -- Up-to-date: /home/zx/ws_moveit2/install/moveit_setup_framework/include/moveit_setup_framework/qt/rviz_panel.hpp
[0.192s] -- Up-to-date: /home/zx/ws_moveit2/install/moveit_setup_framework/include/moveit_setup_framework/qt/xml_syntax_highlighter.hpp
[0.192s] -- Up-to-date: /home/zx/ws_moveit2/install/moveit_setup_framework/share/moveit_setup_framework/moveit_setup_framework_plugins.xml
[0.192s] -- Up-to-date: /home/zx/ws_moveit2/install/moveit_setup_framework/share/moveit_setup_framework/templates
[0.192s] -- Up-to-date: /home/zx/ws_moveit2/install/moveit_setup_framework/share/moveit_setup_framework/templates/config
[0.192s] -- Up-to-date: /home/zx/ws_moveit2/install/moveit_setup_framework/share/moveit_setup_framework/templates/config/pilz_cartesian_limits.yaml
[0.192s] -- Up-to-date: /home/zx/ws_moveit2/install/moveit_setup_framework/share/moveit_setup_framework/templates/CMakeLists.txt
[0.192s] -- Up-to-date: /home/zx/ws_moveit2/install/moveit_setup_framework/share/moveit_setup_framework/templates/package.xml.template
[0.192s] -- Up-to-date: /home/zx/ws_moveit2/install/moveit_setup_framework/share/moveit_setup_framework/environment/library_path.sh
[0.192s] -- Up-to-date: /home/zx/ws_moveit2/install/moveit_setup_framework/share/moveit_setup_framework/environment/library_path.dsv
[0.192s] -- Up-to-date: /home/zx/ws_moveit2/install/moveit_setup_framework/lib/libmoveit_setup_framework.so
[0.192s] -- Up-to-date: /home/zx/ws_moveit2/install/moveit_setup_framework/share/moveit_setup_framework/moveit_setup_framework_plugins.xml
[0.192s] -- Up-to-date: /home/zx/ws_moveit2/install/moveit_setup_framework/share/ament_index/resource_index/package_run_dependencies/moveit_setup_framework
[0.192s] -- Up-to-date: /home/zx/ws_moveit2/install/moveit_setup_framework/share/ament_index/resource_index/parent_prefix_path/moveit_setup_framework
[0.193s] -- Up-to-date: /home/zx/ws_moveit2/install/moveit_setup_framework/share/moveit_setup_framework/environment/ament_prefix_path.sh
[0.193s] -- Up-to-date: /home/zx/ws_moveit2/install/moveit_setup_framework/share/moveit_setup_framework/environment/ament_prefix_path.dsv
[0.193s] -- Up-to-date: /home/zx/ws_moveit2/install/moveit_setup_framework/share/moveit_setup_framework/environment/path.sh
[0.193s] -- Up-to-date: /home/zx/ws_moveit2/install/moveit_setup_framework/share/moveit_setup_framework/environment/path.dsv
[0.193s] -- Up-to-date: /home/zx/ws_moveit2/install/moveit_setup_framework/share/moveit_setup_framework/local_setup.bash
[0.193s] -- Up-to-date: /home/zx/ws_moveit2/install/moveit_setup_framework/share/moveit_setup_framework/local_setup.sh
[0.193s] -- Up-to-date: /home/zx/ws_moveit2/install/moveit_setup_framework/share/moveit_setup_framework/local_setup.zsh
[0.193s] -- Up-to-date: /home/zx/ws_moveit2/install/moveit_setup_framework/share/moveit_setup_framework/local_setup.dsv
[0.193s] -- Installing: /home/zx/ws_moveit2/install/moveit_setup_framework/share/moveit_setup_framework/package.dsv
[0.193s] -- Up-to-date: /home/zx/ws_moveit2/install/moveit_setup_framework/share/ament_index/resource_index/packages/moveit_setup_framework
[0.193s] -- Up-to-date: /home/zx/ws_moveit2/install/moveit_setup_framework/share/ament_index/resource_index/moveit_setup_framework__pluginlib__plugin/moveit_setup_framework
[0.193s] -- Up-to-date: /home/zx/ws_moveit2/install/moveit_setup_framework/share/moveit_setup_framework/cmake/export_moveit_setup_frameworkExport.cmake
[0.193s] -- Up-to-date: /home/zx/ws_moveit2/install/moveit_setup_framework/share/moveit_setup_framework/cmake/export_moveit_setup_frameworkExport-release.cmake
[0.193s] -- Up-to-date: /home/zx/ws_moveit2/install/moveit_setup_framework/share/moveit_setup_framework/cmake/ament_cmake_export_targets-extras.cmake
[0.193s] -- Up-to-date: /home/zx/ws_moveit2/install/moveit_setup_framework/share/moveit_setup_framework/cmake/ament_cmake_export_include_directories-extras.cmake
[0.193s] -- Up-to-date: /home/zx/ws_moveit2/install/moveit_setup_framework/share/moveit_setup_framework/cmake/ament_cmake_export_dependencies-extras.cmake
[0.193s] -- Up-to-date: /home/zx/ws_moveit2/install/moveit_setup_framework/share/moveit_setup_framework/cmake/moveit_setup_frameworkConfig.cmake
[0.193s] -- Up-to-date: /home/zx/ws_moveit2/install/moveit_setup_framework/share/moveit_setup_framework/cmake/moveit_setup_frameworkConfig-version.cmake
[0.193s] -- Up-to-date: /home/zx/ws_moveit2/install/moveit_setup_framework/share/moveit_setup_framework/package.xml
[0.195s] Invoked command in '/home/zx/ws_moveit2/build/moveit_setup_framework' returned '0': AMENT_PREFIX_PATH=/home/zx/ws_moveit2/install/moveit_ros_visualization:/home/zx/ws_moveit2/install/moveit_ros_planning_interface:/home/zx/ws_moveit2/install/moveit_ros_move_group:/home/zx/ws_moveit2/install/moveit_ros_warehouse:/home/zx/ws_moveit2/install/moveit_ros_robot_interaction:/home/zx/ws_moveit2/install/moveit_kinematics:/home/zx/ws_moveit2/install/moveit_ros_planning:/home/zx/ws_moveit2/install/moveit_ros_occupancy_map_monitor:/home/zx/ws_moveit2/install/moveit_core:/home/zx/ws_moveit2/install/srdfdom:/home/zx/ws_moveit2/install/moveit_common:${AMENT_PREFIX_PATH} CMAKE_PREFIX_PATH=/home/zx/ws_moveit2/install/moveit_ros_visualization:/home/zx/ws_moveit2/install/moveit_ros_planning_interface:/home/zx/ws_moveit2/install/moveit_ros_move_group:/home/zx/ws_moveit2/install/moveit_ros_warehouse:/home/zx/ws_moveit2/install/moveit_ros_robot_interaction:/home/zx/ws_moveit2/install/moveit_kinematics:/home/zx/ws_moveit2/install/moveit_ros_planning:/home/zx/ws_moveit2/install/moveit_ros_occupancy_map_monitor:/home/zx/ws_moveit2/install/moveit_core:/home/zx/ws_moveit2/install/srdfdom:/home/zx/ws_moveit2/install/moveit_common:/opt/ros/humble LD_LIBRARY_PATH=/home/zx/ws_moveit2/install/moveit_ros_visualization/lib:/home/zx/ws_moveit2/install/moveit_ros_planning_interface/lib:/home/zx/ws_moveit2/install/moveit_ros_move_group/lib:/home/zx/ws_moveit2/install/moveit_ros_warehouse/lib:/home/zx/ws_moveit2/install/moveit_ros_robot_interaction/lib:/home/zx/ws_moveit2/install/moveit_kinematics/lib:/home/zx/ws_moveit2/install/moveit_ros_planning/lib:/home/zx/ws_moveit2/install/moveit_ros_occupancy_map_monitor/lib:/home/zx/ws_moveit2/install/moveit_core/lib:/home/zx/ws_moveit2/install/srdfdom/lib:${LD_LIBRARY_PATH} PATH=/home/zx/ws_moveit2/install/moveit_core/bin:${PATH} PYTHONPATH=/home/zx/ws_moveit2/install/srdfdom/local/lib/python3.10/dist-packages:${PYTHONPATH} /usr/bin/cmake --install /home/zx/ws_moveit2/build/moveit_setup_framework
