[0.013s] Invoking command in '/home/zx/ws_moveit2/src/build/moveit_resources': AMENT_PREFIX_PATH=/home/zx/ws_moveit2/src/install/moveit_resources_panda_moveit_config:/home/zx/ws_moveit2/src/install/moveit_resources_fanuc_moveit_config:/home/zx/ws_moveit2/src/install/moveit_resources_pr2_description:/home/zx/ws_moveit2/src/install/moveit_resources_panda_description:/home/zx/ws_moveit2/src/install/moveit_resources_fanuc_description:${AMENT_PREFIX_PATH} CMAKE_PREFIX_PATH=/home/zx/ws_moveit2/src/install/moveit_resources_panda_moveit_config:/home/zx/ws_moveit2/src/install/moveit_resources_fanuc_moveit_config:/home/zx/ws_moveit2/src/install/moveit_resources_pr2_description:/home/zx/ws_moveit2/src/install/moveit_resources_panda_description:/home/zx/ws_moveit2/src/install/moveit_resources_fanuc_description:/opt/ros/humble /usr/bin/cmake --build /home/zx/ws_moveit2/src/build/moveit_resources -- -j12 -l12
[0.046s] Invoked command in '/home/zx/ws_moveit2/src/build/moveit_resources' returned '0': AMENT_PREFIX_PATH=/home/zx/ws_moveit2/src/install/moveit_resources_panda_moveit_config:/home/zx/ws_moveit2/src/install/moveit_resources_fanuc_moveit_config:/home/zx/ws_moveit2/src/install/moveit_resources_pr2_description:/home/zx/ws_moveit2/src/install/moveit_resources_panda_description:/home/zx/ws_moveit2/src/install/moveit_resources_fanuc_description:${AMENT_PREFIX_PATH} CMAKE_PREFIX_PATH=/home/zx/ws_moveit2/src/install/moveit_resources_panda_moveit_config:/home/zx/ws_moveit2/src/install/moveit_resources_fanuc_moveit_config:/home/zx/ws_moveit2/src/install/moveit_resources_pr2_description:/home/zx/ws_moveit2/src/install/moveit_resources_panda_description:/home/zx/ws_moveit2/src/install/moveit_resources_fanuc_description:/opt/ros/humble /usr/bin/cmake --build /home/zx/ws_moveit2/src/build/moveit_resources -- -j12 -l12
[0.068s] Invoking command in '/home/zx/ws_moveit2/src/build/moveit_resources': AMENT_PREFIX_PATH=/home/zx/ws_moveit2/src/install/moveit_resources_panda_moveit_config:/home/zx/ws_moveit2/src/install/moveit_resources_fanuc_moveit_config:/home/zx/ws_moveit2/src/install/moveit_resources_pr2_description:/home/zx/ws_moveit2/src/install/moveit_resources_panda_description:/home/zx/ws_moveit2/src/install/moveit_resources_fanuc_description:${AMENT_PREFIX_PATH} CMAKE_PREFIX_PATH=/home/zx/ws_moveit2/src/install/moveit_resources_panda_moveit_config:/home/zx/ws_moveit2/src/install/moveit_resources_fanuc_moveit_config:/home/zx/ws_moveit2/src/install/moveit_resources_pr2_description:/home/zx/ws_moveit2/src/install/moveit_resources_panda_description:/home/zx/ws_moveit2/src/install/moveit_resources_fanuc_description:/opt/ros/humble /usr/bin/cmake --install /home/zx/ws_moveit2/src/build/moveit_resources
[0.074s] -- Install configuration: "Release"
[0.074s] -- Installing: /home/zx/ws_moveit2/src/install/moveit_resources/share/ament_index/resource_index/package_run_dependencies/moveit_resources
[0.074s] -- Installing: /home/zx/ws_moveit2/src/install/moveit_resources/share/ament_index/resource_index/parent_prefix_path/moveit_resources
[0.074s] -- Installing: /home/zx/ws_moveit2/src/install/moveit_resources/share/moveit_resources/environment/ament_prefix_path.sh
[0.074s] -- Installing: /home/zx/ws_moveit2/src/install/moveit_resources/share/moveit_resources/environment/ament_prefix_path.dsv
[0.074s] -- Installing: /home/zx/ws_moveit2/src/install/moveit_resources/share/moveit_resources/environment/path.sh
[0.074s] -- Installing: /home/zx/ws_moveit2/src/install/moveit_resources/share/moveit_resources/environment/path.dsv
[0.074s] -- Installing: /home/zx/ws_moveit2/src/install/moveit_resources/share/moveit_resources/local_setup.bash
[0.074s] -- Installing: /home/zx/ws_moveit2/src/install/moveit_resources/share/moveit_resources/local_setup.sh
[0.075s] -- Installing: /home/zx/ws_moveit2/src/install/moveit_resources/share/moveit_resources/local_setup.zsh
[0.075s] -- Installing: /home/zx/ws_moveit2/src/install/moveit_resources/share/moveit_resources/local_setup.dsv
[0.075s] -- Installing: /home/zx/ws_moveit2/src/install/moveit_resources/share/moveit_resources/package.dsv
[0.075s] -- Installing: /home/zx/ws_moveit2/src/install/moveit_resources/share/ament_index/resource_index/packages/moveit_resources
[0.075s] -- Installing: /home/zx/ws_moveit2/src/install/moveit_resources/share/moveit_resources/cmake/moveit_resourcesConfig.cmake
[0.075s] -- Installing: /home/zx/ws_moveit2/src/install/moveit_resources/share/moveit_resources/cmake/moveit_resourcesConfig-version.cmake
[0.075s] -- Installing: /home/zx/ws_moveit2/src/install/moveit_resources/share/moveit_resources/package.xml
[0.078s] Invoked command in '/home/zx/ws_moveit2/src/build/moveit_resources' returned '0': AMENT_PREFIX_PATH=/home/zx/ws_moveit2/src/install/moveit_resources_panda_moveit_config:/home/zx/ws_moveit2/src/install/moveit_resources_fanuc_moveit_config:/home/zx/ws_moveit2/src/install/moveit_resources_pr2_description:/home/zx/ws_moveit2/src/install/moveit_resources_panda_description:/home/zx/ws_moveit2/src/install/moveit_resources_fanuc_description:${AMENT_PREFIX_PATH} CMAKE_PREFIX_PATH=/home/zx/ws_moveit2/src/install/moveit_resources_panda_moveit_config:/home/zx/ws_moveit2/src/install/moveit_resources_fanuc_moveit_config:/home/zx/ws_moveit2/src/install/moveit_resources_pr2_description:/home/zx/ws_moveit2/src/install/moveit_resources_panda_description:/home/zx/ws_moveit2/src/install/moveit_resources_fanuc_description:/opt/ros/humble /usr/bin/cmake --install /home/zx/ws_moveit2/src/build/moveit_resources
