[0.204s] Invoking command in '/home/zx/ws_moveit2/build/moveit_resources_prbt_support': CMAKE_PREFIX_PATH=${CMAKE_PREFIX_PATH}:/home/zx/ws_moveit2/install/tihu_2:/home/zx/ws_moveit2/install/moveit_configs_utils:/home/zx/ws_moveit2/install/launch_param_builder:/opt/ros/humble /usr/bin/cmake /home/zx/ws_moveit2/src/moveit2/moveit_planners/test_configs/prbt_support -DCMAKE_INSTALL_PREFIX=/home/zx/ws_moveit2/install/moveit_resources_prbt_support
[0.546s] -- The C compiler identification is GNU 11.4.0
[0.546s] -- The CXX compiler identification is GNU 11.4.0
[0.546s] -- Detecting C compiler ABI info
[0.546s] -- Detecting C compiler ABI info - done
[0.546s] -- Check for working C compiler: /usr/bin/cc - skipped
[0.546s] -- Detecting C compile features
[0.546s] -- Detecting C compile features - done
[0.546s] -- Detecting CXX compiler ABI info
[0.546s] -- Detecting CXX compiler ABI info - done
[0.550s] -- Check for working CXX compiler: /usr/bin/c++ - skipped
[0.550s] -- Detecting CXX compile features
[0.550s] -- Detecting CXX compile features - done
[0.550s] -- Found ament_cmake: 1.3.5 (/opt/ros/humble/share/ament_cmake/cmake)
[0.826s] -- Found Python3: /usr/bin/python3.10 (found version "3.10.12") found components: Interpreter 
[1.045s] -- Configuring done
[1.050s] -- Generating done
[1.052s] -- Build files have been written to: /home/zx/ws_moveit2/build/moveit_resources_prbt_support
[1.065s] Invoked command in '/home/zx/ws_moveit2/build/moveit_resources_prbt_support' returned '0': CMAKE_PREFIX_PATH=${CMAKE_PREFIX_PATH}:/home/zx/ws_moveit2/install/tihu_2:/home/zx/ws_moveit2/install/moveit_configs_utils:/home/zx/ws_moveit2/install/launch_param_builder:/opt/ros/humble /usr/bin/cmake /home/zx/ws_moveit2/src/moveit2/moveit_planners/test_configs/prbt_support -DCMAKE_INSTALL_PREFIX=/home/zx/ws_moveit2/install/moveit_resources_prbt_support
[1.066s] Invoking command in '/home/zx/ws_moveit2/build/moveit_resources_prbt_support': CMAKE_PREFIX_PATH=${CMAKE_PREFIX_PATH}:/home/zx/ws_moveit2/install/tihu_2:/home/zx/ws_moveit2/install/moveit_configs_utils:/home/zx/ws_moveit2/install/launch_param_builder:/opt/ros/humble /usr/bin/cmake --build /home/zx/ws_moveit2/build/moveit_resources_prbt_support -- -j12 -l12
[1.133s] Invoked command in '/home/zx/ws_moveit2/build/moveit_resources_prbt_support' returned '0': CMAKE_PREFIX_PATH=${CMAKE_PREFIX_PATH}:/home/zx/ws_moveit2/install/tihu_2:/home/zx/ws_moveit2/install/moveit_configs_utils:/home/zx/ws_moveit2/install/launch_param_builder:/opt/ros/humble /usr/bin/cmake --build /home/zx/ws_moveit2/build/moveit_resources_prbt_support -- -j12 -l12
[1.193s] Invoking command in '/home/zx/ws_moveit2/build/moveit_resources_prbt_support': CMAKE_PREFIX_PATH=${CMAKE_PREFIX_PATH}:/home/zx/ws_moveit2/install/tihu_2:/home/zx/ws_moveit2/install/moveit_configs_utils:/home/zx/ws_moveit2/install/launch_param_builder:/opt/ros/humble /usr/bin/cmake --install /home/zx/ws_moveit2/build/moveit_resources_prbt_support
[1.365s] -- Install configuration: ""
[1.365s] -- Installing: /home/zx/ws_moveit2/install/moveit_resources_prbt_support/share/ament_index/resource_index/package_run_dependencies/moveit_resources_prbt_support
[1.365s] -- Installing: /home/zx/ws_moveit2/install/moveit_resources_prbt_support/share/ament_index/resource_index/parent_prefix_path/moveit_resources_prbt_support
[1.365s] -- Installing: /home/zx/ws_moveit2/install/moveit_resources_prbt_support/share/moveit_resources_prbt_support/environment/ament_prefix_path.sh
[1.365s] -- Installing: /home/zx/ws_moveit2/install/moveit_resources_prbt_support/share/moveit_resources_prbt_support/environment/ament_prefix_path.dsv
[1.365s] -- Installing: /home/zx/ws_moveit2/install/moveit_resources_prbt_support/share/moveit_resources_prbt_support/environment/path.sh
[1.366s] -- Installing: /home/zx/ws_moveit2/install/moveit_resources_prbt_support/share/moveit_resources_prbt_support/environment/path.dsv
[1.366s] -- Installing: /home/zx/ws_moveit2/install/moveit_resources_prbt_support/share/moveit_resources_prbt_support/local_setup.bash
[1.366s] -- Installing: /home/zx/ws_moveit2/install/moveit_resources_prbt_support/share/moveit_resources_prbt_support/local_setup.sh
[1.366s] -- Installing: /home/zx/ws_moveit2/install/moveit_resources_prbt_support/share/moveit_resources_prbt_support/local_setup.zsh
[1.366s] -- Installing: /home/zx/ws_moveit2/install/moveit_resources_prbt_support/share/moveit_resources_prbt_support/local_setup.dsv
[1.366s] -- Installing: /home/zx/ws_moveit2/install/moveit_resources_prbt_support/share/moveit_resources_prbt_support/package.dsv
[1.366s] -- Installing: /home/zx/ws_moveit2/install/moveit_resources_prbt_support/share/ament_index/resource_index/packages/moveit_resources_prbt_support
[1.366s] -- Installing: /home/zx/ws_moveit2/install/moveit_resources_prbt_support/share/moveit_resources_prbt_support/cmake/moveit_resources_prbt_supportConfig.cmake
[1.366s] -- Installing: /home/zx/ws_moveit2/install/moveit_resources_prbt_support/share/moveit_resources_prbt_support/cmake/moveit_resources_prbt_supportConfig-version.cmake
[1.366s] -- Installing: /home/zx/ws_moveit2/install/moveit_resources_prbt_support/share/moveit_resources_prbt_support/package.xml
[1.366s] -- Installing: /home/zx/ws_moveit2/install/moveit_resources_prbt_support/share/moveit_resources_prbt_support/urdf
[1.366s] -- Installing: /home/zx/ws_moveit2/install/moveit_resources_prbt_support/share/moveit_resources_prbt_support/urdf/prbt.xacro
[1.366s] -- Installing: /home/zx/ws_moveit2/install/moveit_resources_prbt_support/share/moveit_resources_prbt_support/urdf/prbt.ros2_control.xacro
[1.366s] -- Installing: /home/zx/ws_moveit2/install/moveit_resources_prbt_support/share/moveit_resources_prbt_support/urdf/prbt_macro.xacro
[1.367s] -- Installing: /home/zx/ws_moveit2/install/moveit_resources_prbt_support/share/moveit_resources_prbt_support/urdf/simple_gripper_brackets.urdf.xacro
[1.367s] -- Installing: /home/zx/ws_moveit2/install/moveit_resources_prbt_support/share/moveit_resources_prbt_support/meshes
[1.367s] -- Installing: /home/zx/ws_moveit2/install/moveit_resources_prbt_support/share/moveit_resources_prbt_support/meshes/flange.stl
[1.367s] -- Installing: /home/zx/ws_moveit2/install/moveit_resources_prbt_support/share/moveit_resources_prbt_support/meshes/link_4.dae
[1.367s] -- Installing: /home/zx/ws_moveit2/install/moveit_resources_prbt_support/share/moveit_resources_prbt_support/meshes/foot.dae
[1.367s] -- Installing: /home/zx/ws_moveit2/install/moveit_resources_prbt_support/share/moveit_resources_prbt_support/meshes/link_1.dae
[1.367s] -- Installing: /home/zx/ws_moveit2/install/moveit_resources_prbt_support/share/moveit_resources_prbt_support/meshes/link_1.stl
[1.367s] -- Installing: /home/zx/ws_moveit2/install/moveit_resources_prbt_support/share/moveit_resources_prbt_support/meshes/link_5.dae
[1.367s] -- Installing: /home/zx/ws_moveit2/install/moveit_resources_prbt_support/share/moveit_resources_prbt_support/meshes/link_5.stl
[1.367s] -- Installing: /home/zx/ws_moveit2/install/moveit_resources_prbt_support/share/moveit_resources_prbt_support/meshes/link_2.stl
[1.367s] -- Installing: /home/zx/ws_moveit2/install/moveit_resources_prbt_support/share/moveit_resources_prbt_support/meshes/flange.dae
[1.367s] -- Installing: /home/zx/ws_moveit2/install/moveit_resources_prbt_support/share/moveit_resources_prbt_support/meshes/link_4.stl
[1.367s] -- Installing: /home/zx/ws_moveit2/install/moveit_resources_prbt_support/share/moveit_resources_prbt_support/meshes/link_2.dae
[1.368s] -- Installing: /home/zx/ws_moveit2/install/moveit_resources_prbt_support/share/moveit_resources_prbt_support/meshes/foot.stl
[1.368s] -- Installing: /home/zx/ws_moveit2/install/moveit_resources_prbt_support/share/moveit_resources_prbt_support/meshes/link_3.stl
[1.368s] -- Installing: /home/zx/ws_moveit2/install/moveit_resources_prbt_support/share/moveit_resources_prbt_support/meshes/link_3.dae
[1.368s] -- Installing: /home/zx/ws_moveit2/install/moveit_resources_prbt_support/share/moveit_resources_prbt_support/config
[1.368s] -- Installing: /home/zx/ws_moveit2/install/moveit_resources_prbt_support/share/moveit_resources_prbt_support/config/manipulator_controller.yaml
[1.368s] -- Installing: /home/zx/ws_moveit2/install/moveit_resources_prbt_support/share/moveit_resources_prbt_support/config/manipulator_driver.yaml
[1.368s] -- Installing: /home/zx/ws_moveit2/install/moveit_resources_prbt_support/share/moveit_resources_prbt_support/config/prbt_0_1.dcf
[1.387s] Invoked command in '/home/zx/ws_moveit2/build/moveit_resources_prbt_support' returned '0': CMAKE_PREFIX_PATH=${CMAKE_PREFIX_PATH}:/home/zx/ws_moveit2/install/tihu_2:/home/zx/ws_moveit2/install/moveit_configs_utils:/home/zx/ws_moveit2/install/launch_param_builder:/opt/ros/humble /usr/bin/cmake --install /home/zx/ws_moveit2/build/moveit_resources_prbt_support
