[0.572s] Invoking command in '/home/zx/ws_moveit2/build/moveit_setup_controllers': AMENT_PREFIX_PATH=/home/zx/ws_moveit2/install/moveit_configs_utils:/home/zx/ws_moveit2/install/launch_param_builder:/home/zx/ws_moveit2/install/urdf_2:/home/zx/ws_moveit2/install/tihu_2:/home/zx/ws_moveit2/install/pilz_industrial_motion_planner_testutils:/home/zx/ws_moveit2/install/moveit_runtime:/home/zx/ws_moveit2/install/moveit2_tutorials:/home/zx/ws_moveit2/install/moveit:/home/zx/ws_moveit2/install/moveit_planners:/home/zx/ws_moveit2/install/pilz_industrial_motion_planner:/home/zx/ws_moveit2/install/moveit_visual_tools:/home/zx/ws_moveit2/install/moveit_task_constructor_visualization:/home/zx/ws_moveit2/install/moveit_task_constructor_demo:/home/zx/ws_moveit2/install/moveit_task_constructor_capabilities:/home/zx/ws_moveit2/install/moveit_task_constructor_core:/home/zx/ws_moveit2/install/moveit_ros_control_interface:/home/zx/ws_moveit2/install/moveit_plugins:/home/zx/ws_moveit2/install/moveit_simple_controller_manager:/home/zx/ws_moveit2/install/moveit_setup_assistant:/home/zx/ws_moveit2/install/moveit_setup_srdf_plugins:/home/zx/ws_moveit2/install/moveit_setup_core_plugins:/home/zx/ws_moveit2/install/moveit_setup_controllers:/home/zx/ws_moveit2/install/moveit_setup_app_plugins:/home/zx/ws_moveit2/install/moveit_setup_framework:/home/zx/ws_moveit2/install/moveit_servo:/home/zx/ws_moveit2/install/moveit_ros:/home/zx/ws_moveit2/install/moveit_ros_visualization:/home/zx/ws_moveit2/install/moveit_hybrid_planning:/home/zx/ws_moveit2/install/moveit_ros_planning_interface:/home/zx/ws_moveit2/install/moveit_ros_benchmarks:/home/zx/ws_moveit2/install/moveit_ros_warehouse:/home/zx/ws_moveit2/install/moveit_ros_robot_interaction:/home/zx/ws_moveit2/install/moveit_ros_perception:/home/zx/ws_moveit2/install/moveit_resources_prbt_pg70_support:/home/zx/ws_moveit2/install/moveit_resources_prbt_moveit_config:/home/zx/ws_moveit2/install/moveit_ros_move_group:/home/zx/ws_moveit2/install/moveit_planners_ompl:/home/zx/ws_moveit2/install/moveit_ros_planning:/home/zx/ws_moveit2/install/moveit_ros_occupancy_map_monitor:/home/zx/ws_moveit2/install/moveit_resources_prbt_ikfast_manipulator_plugin:/home/zx/ws_moveit2/install/moveit_planners_chomp:/home/zx/ws_moveit2/install/moveit_kinematics:/home/zx/ws_moveit2/install/moveit_chomp_optimizer_adapter:/home/zx/ws_moveit2/install/chomp_motion_planner:/home/zx/ws_moveit2/install/moveit_core:/home/zx/ws_moveit2/install/srdfdom:/home/zx/ws_moveit2/install/serial_demo:/home/zx/ws_moveit2/install/serial_can:/home/zx/ws_moveit2/install/serial:/home/zx/ws_moveit2/install/rviz_marker_tools:/home/zx/ws_moveit2/install/rosparam_shortcuts:/home/zx/ws_moveit2/install/moveit_task_constructor_msgs:/home/zx/ws_moveit2/install/moveit_resources_prbt_support:/home/zx/ws_moveit2/install/moveit_resources:/home/zx/ws_moveit2/install/moveit_resources_pr2_description:/home/zx/ws_moveit2/install/moveit_resources_panda_moveit_config:/home/zx/ws_moveit2/install/moveit_resources_panda_description:/home/zx/ws_moveit2/install/moveit_resources_fanuc_moveit_config:/home/zx/ws_moveit2/install/moveit_resources_fanuc_description:/home/zx/ws_moveit2/install/moveit_common:/opt/ros/humble CMAKE_PREFIX_PATH=/home/zx/ws_moveit2/install/moveit_setup_framework:/home/zx/ws_moveit2/install/moveit_ros_visualization:/home/zx/ws_moveit2/install/moveit_ros_planning_interface:/home/zx/ws_moveit2/install/moveit_ros_move_group:/home/zx/ws_moveit2/install/moveit_ros_warehouse:/home/zx/ws_moveit2/install/moveit_ros_robot_interaction:/home/zx/ws_moveit2/install/moveit_kinematics:/home/zx/ws_moveit2/install/moveit_ros_planning:/home/zx/ws_moveit2/install/moveit_ros_occupancy_map_monitor:/home/zx/ws_moveit2/install/moveit_core:/home/zx/ws_moveit2/install/moveit_resources_panda_moveit_config:/home/zx/ws_moveit2/install/moveit_resources_fanuc_moveit_config:/home/zx/ws_moveit2/install/srdfdom:/home/zx/ws_moveit2/install/moveit_resources_panda_description:/home/zx/ws_moveit2/install/moveit_resources_fanuc_description:/home/zx/ws_moveit2/install/moveit_common:/home/zx/ws_moveit2/install/urdf_2:/home/zx/ws_moveit2/install/pilz_industrial_motion_planner_testutils:/home/zx/ws_moveit2/install/moveit_runtime:/home/zx/ws_moveit2/install/moveit2_tutorials:/home/zx/ws_moveit2/install/moveit:/home/zx/ws_moveit2/install/moveit_planners:/home/zx/ws_moveit2/install/pilz_industrial_motion_planner:/home/zx/ws_moveit2/install/moveit_visual_tools:/home/zx/ws_moveit2/install/moveit_task_constructor_visualization:/home/zx/ws_moveit2/install/moveit_task_constructor_demo:/home/zx/ws_moveit2/install/moveit_task_constructor_capabilities:/home/zx/ws_moveit2/install/moveit_task_constructor_core:/home/zx/ws_moveit2/install/moveit_ros_control_interface:/home/zx/ws_moveit2/install/moveit_plugins:/home/zx/ws_moveit2/install/moveit_simple_controller_manager:/home/zx/ws_moveit2/install/moveit_setup_assistant:/home/zx/ws_moveit2/install/moveit_setup_srdf_plugins:/home/zx/ws_moveit2/install/moveit_setup_core_plugins:/home/zx/ws_moveit2/install/moveit_setup_controllers:/home/zx/ws_moveit2/install/moveit_setup_app_plugins:/home/zx/ws_moveit2/install/moveit_servo:/home/zx/ws_moveit2/install/moveit_ros:/home/zx/ws_moveit2/install/moveit_hybrid_planning:/home/zx/ws_moveit2/install/moveit_ros_benchmarks:/home/zx/ws_moveit2/install/moveit_ros_perception:/home/zx/ws_moveit2/install/moveit_resources_prbt_pg70_support:/home/zx/ws_moveit2/install/moveit_resources_prbt_moveit_config:/home/zx/ws_moveit2/install/moveit_planners_ompl:/home/zx/ws_moveit2/install/moveit_resources_prbt_ikfast_manipulator_plugin:/home/zx/ws_moveit2/install/moveit_planners_chomp:/home/zx/ws_moveit2/install/moveit_chomp_optimizer_adapter:/home/zx/ws_moveit2/install/chomp_motion_planner:/home/zx/ws_moveit2/install/serial_demo:/home/zx/ws_moveit2/install/serial_can:/home/zx/ws_moveit2/install/serial:/home/zx/ws_moveit2/install/rviz_marker_tools:/home/zx/ws_moveit2/install/rosparam_shortcuts:/home/zx/ws_moveit2/install/moveit_task_constructor_msgs:/home/zx/ws_moveit2/install/moveit_resources_prbt_support:/home/zx/ws_moveit2/install/moveit_resources:/home/zx/ws_moveit2/install/moveit_resources_pr2_description:/home/zx/ws_moveit2/install/tihu_2:/home/zx/ws_moveit2/install/moveit_configs_utils:/home/zx/ws_moveit2/install/launch_param_builder:/opt/ros/humble LD_LIBRARY_PATH=/home/zx/ws_moveit2/install/moveit_setup_framework/lib:/home/zx/ws_moveit2/install/moveit_ros_visualization/lib:/home/zx/ws_moveit2/install/moveit_ros_planning_interface/lib:/home/zx/ws_moveit2/install/moveit_ros_move_group/lib:/home/zx/ws_moveit2/install/moveit_ros_warehouse/lib:/home/zx/ws_moveit2/install/moveit_ros_robot_interaction/lib:/home/zx/ws_moveit2/install/moveit_kinematics/lib:/home/zx/ws_moveit2/install/moveit_ros_planning/lib:/home/zx/ws_moveit2/install/moveit_ros_occupancy_map_monitor/lib:/home/zx/ws_moveit2/install/moveit_core/lib:/home/zx/ws_moveit2/install/srdfdom/lib:/home/zx/ws_moveit2/install/pilz_industrial_motion_planner_testutils/lib:/home/zx/ws_moveit2/install/pilz_industrial_motion_planner/lib:/home/zx/ws_moveit2/install/moveit_visual_tools/lib:/home/zx/ws_moveit2/install/moveit_task_constructor_visualization/lib:/home/zx/ws_moveit2/install/moveit_task_constructor_demo/lib:/home/zx/ws_moveit2/install/moveit_task_constructor_capabilities/lib:/home/zx/ws_moveit2/install/moveit_task_constructor_core/lib:/home/zx/ws_moveit2/install/moveit_ros_control_interface/lib:/home/zx/ws_moveit2/install/moveit_simple_controller_manager/lib:/home/zx/ws_moveit2/install/moveit_setup_assistant/lib:/home/zx/ws_moveit2/install/moveit_setup_srdf_plugins/lib:/home/zx/ws_moveit2/install/moveit_setup_core_plugins/lib:/home/zx/ws_moveit2/install/moveit_setup_controllers/lib:/home/zx/ws_moveit2/install/moveit_setup_app_plugins/lib:/home/zx/ws_moveit2/install/moveit_servo/lib:/home/zx/ws_moveit2/install/moveit_hybrid_planning/lib:/home/zx/ws_moveit2/install/moveit_ros_benchmarks/lib:/home/zx/ws_moveit2/install/moveit_ros_perception/lib:/home/zx/ws_moveit2/install/moveit_planners_ompl/lib:/home/zx/ws_moveit2/install/moveit_resources_prbt_ikfast_manipulator_plugin/lib:/home/zx/ws_moveit2/install/moveit_planners_chomp/lib:/home/zx/ws_moveit2/install/moveit_chomp_optimizer_adapter/lib:/home/zx/ws_moveit2/install/chomp_motion_planner/lib:/home/zx/ws_moveit2/install/serial_can/lib:/home/zx/ws_moveit2/install/serial/lib:/home/zx/ws_moveit2/install/rviz_marker_tools/lib:/home/zx/ws_moveit2/install/rosparam_shortcuts/lib:/home/zx/ws_moveit2/install/moveit_task_constructor_msgs/lib:/opt/ros/humble/opt/rviz_ogre_vendor/lib:/opt/ros/humble/lib/x86_64-linux-gnu:/opt/ros/humble/lib PYTHONPATH=/home/zx/ws_moveit2/install/moveit_configs_utils/lib/python3.10/site-packages:/home/zx/ws_moveit2/install/launch_param_builder/lib/python3.10/site-packages:/home/zx/ws_moveit2/install/tihu_2/lib/python3.10/site-packages:/home/zx/ws_moveit2/install/srdfdom/local/lib/python3.10/dist-packages:/home/zx/ws_moveit2/install/moveit_task_constructor_msgs/local/lib/python3.10/dist-packages:/opt/ros/humble/lib/python3.10/site-packages:/opt/ros/humble/local/lib/python3.10/dist-packages /usr/bin/cmake /home/zx/ws_moveit2/src/moveit2/moveit_setup_assistant/moveit_setup_controllers -DCMAKE_BUILD_TYPE=Release -DCMAKE_INSTALL_PREFIX=/home/zx/ws_moveit2/install/moveit_setup_controllers
[0.843s] -- The C compiler identification is GNU 11.4.0
[1.027s] -- The CXX compiler identification is GNU 11.4.0
[1.036s] -- Detecting C compiler ABI info
[1.345s] -- Detecting C compiler ABI info - done
[1.356s] -- Check for working C compiler: /usr/bin/cc - skipped
[1.357s] -- Detecting C compile features
[1.367s] -- Detecting C compile features - done
[1.368s] -- Detecting CXX compiler ABI info
[1.677s] -- Detecting CXX compiler ABI info - done
[1.690s] -- Check for working CXX compiler: /usr/bin/c++ - skipped
[1.700s] -- Detecting CXX compile features
[1.701s] -- Detecting CXX compile features - done
[1.706s] -- Found moveit_common: 2.5.4 (/home/zx/ws_moveit2/install/moveit_common/share/moveit_common/cmake)
[1.732s] -- Found ament_cmake: 1.3.5 (/opt/ros/humble/share/ament_cmake/cmake)
[2.507s] -- Found Python3: /usr/bin/python3.10 (found version "3.10.12") found components: Interpreter 
[3.119s] -- Found libdw: /usr/lib/x86_64-linux-gnu/libdw.so  
[3.133s] -- Could NOT find libbfd (missing: LIBBFD_LIBRARY LIBBFD_INCLUDE_DIR) 
[3.134s] -- BACKWARD_HAS_UNWIND=1
[3.134s] -- BACKWARD_HAS_BACKTRACE=0
[3.135s] -- BACKWARD_HAS_BACKTRACE_SYMBOL=0
[3.136s] -- BACKWARD_HAS_DW=1
[3.137s] -- BACKWARD_HAS_BFD=0
[3.139s] -- Found Backward: /opt/ros/humble/share/backward_ros/cmake  
[3.151s] -- Found ament_cmake_ros: 0.10.0 (/opt/ros/humble/share/ament_cmake_ros/cmake)
[3.201s] -- Found ament_index_cpp: 1.4.0 (/opt/ros/humble/share/ament_index_cpp/cmake)
[3.202s] -- Found moveit_setup_framework: 2.5.4 (/home/zx/ws_moveit2/install/moveit_setup_framework/share/moveit_setup_framework/cmake)
[3.362s] -- Found rosidl_generator_c: 3.1.5 (/opt/ros/humble/share/rosidl_generator_c/cmake)
[3.406s] -- Found rosidl_adapter: 3.1.5 (/opt/ros/humble/share/rosidl_adapter/cmake)
[3.472s] -- Found rosidl_generator_cpp: 3.1.5 (/opt/ros/humble/share/rosidl_generator_cpp/cmake)
[3.560s] -- Using all available rosidl_typesupport_c: rosidl_typesupport_fastrtps_c;rosidl_typesupport_introspection_c
[3.623s] -- Using all available rosidl_typesupport_cpp: rosidl_typesupport_fastrtps_cpp;rosidl_typesupport_introspection_cpp
[3.973s] -- Found rmw_implementation_cmake: 6.1.1 (/opt/ros/humble/share/rmw_implementation_cmake/cmake)
[3.990s] -- Found rmw_fastrtps_cpp: 6.2.3 (/opt/ros/humble/share/rmw_fastrtps_cpp/cmake)
[4.719s] -- Found OpenSSL: /usr/lib/x86_64-linux-gnu/libcrypto.so (found version "3.0.2")  
[4.816s] -- Found FastRTPS: /opt/ros/humble/include  
[4.997s] -- Using RMW implementation 'rmw_fastrtps_cpp' as default
[5.077s] -- Looking for pthread.h
[5.607s] -- Looking for pthread.h - found
[5.607s] -- Performing Test CMAKE_HAVE_LIBC_PTHREAD
[6.025s] -- Performing Test CMAKE_HAVE_LIBC_PTHREAD - Success
[6.027s] -- Found Threads: TRUE  
[6.576s] -- Found Boost: /usr/lib/x86_64-linux-gnu/cmake/Boost-1.74.0/BoostConfig.cmake (found version "1.74.0") found components: chrono date_time filesystem iostreams program_options regex serialization system thread 
[6.624s] -- Found parameter_traits: 0.3.6 (/opt/ros/humble/share/parameter_traits/cmake)
[6.743s] -- Found rclcpp_lifecycle: 16.0.5 (/opt/ros/humble/share/rclcpp_lifecycle/cmake)
[6.849s] -- Found Boost: /usr/lib/x86_64-linux-gnu/cmake/Boost-1.74.0/BoostConfig.cmake (found version "1.74.0") found components: filesystem 
[7.541s] -- library: /usr/lib/x86_64-linux-gnu/libcurl.so
[8.120s] -- Found Eigen3: TRUE (found version "3.4.0") 
[8.120s] -- Ensuring Eigen3 include directory is part of orocos-kdl CMake target
[10.501s] -- Found Boost: /usr/lib/x86_64-linux-gnu/cmake/Boost-1.74.0/BoostConfig.cmake (found version "1.74.0") found components: system filesystem date_time program_options thread chrono 
[11.501s] -- Found Boost: /usr/lib/x86_64-linux-gnu/cmake/Boost-1.74.0/BoostConfig.cmake (found version "1.74.0") found components: thread date_time system filesystem 
[11.646s] -- Found Boost: /usr/lib/x86_64-linux-gnu/cmake/Boost-1.74.0/BoostConfig.cmake (found version "1.74.0") found components: date_time filesystem program_options system thread 
[11.978s] -- Found Boost: /usr/lib/x86_64-linux-gnu/cmake/Boost-1.74.0/BoostConfig.cmake (found version "1.74.0") found components: thread system filesystem regex date_time program_options 
[12.430s] -- Found Boost: /usr/lib/x86_64-linux-gnu/cmake/Boost-1.74.0/BoostConfig.cmake (found version "1.74.0") found components: system filesystem date_time program_options thread 
[14.214s] -- Setting OGRE_DIR to: '/opt/ros/humble/share/rviz_ogre_vendor/cmake/../../../opt/rviz_ogre_vendor/lib/OGRE/cmake'
[14.216s] -- Found OGRE
[14.216s] --   static     : OFF
[14.217s] --   components : HLMS;MeshLodGenerator;Overlay;Paging;Property;RTShaderSystem;Terrain;Volume
[14.217s] --   plugins    : Plugin_BSPSceneManager;Plugin_OctreeSceneManager;Plugin_PCZSceneManager;Plugin_ParticleFX;RenderSystem_GL;RenderSystem_GL3Plus;Codec_STBI
[14.217s] --   media      : /opt/ros/humble/opt/rviz_ogre_vendor/share/OGRE/Media
[14.218s] -- OGRE_LIBRARIES: OgreHLMS;OgreMeshLodGenerator;OgreOverlay;OgrePaging;OgreProperty;OgreRTShaderSystem;OgreTerrain;OgreVolume;OgreMain
[14.218s] -- OGRE_LIBRARY_DIRS: /opt/ros/humble/opt/rviz_ogre_vendor/lib
[14.218s] -- OGRE_PLUGINS: Plugin_BSPSceneManager;Plugin_OctreeSceneManager;Plugin_PCZSceneManager;Plugin_ParticleFX;RenderSystem_GL;RenderSystem_GL3Plus;Codec_STBI
[14.219s] -- OGRE_PLUGIN_DIR: /opt/ros/humble/opt/rviz_ogre_vendor/lib/OGRE
[14.219s] -- rviz_ogre_vendor::OgreOverlay for IMPORTED_LOCATION_RELEASE: /opt/ros/humble/opt/rviz_ogre_vendor/lib/libOgreOverlay.so
[14.220s] -- rviz_ogre_vendor::OgreOverlay for IMPORTED_LOCATION_DEBUG: /opt/ros/humble/opt/rviz_ogre_vendor/lib/libOgreOverlay.so
[14.220s] -- rviz_ogre_vendor::OgreMain for IMPORTED_LOCATION_RELEASE: /opt/ros/humble/opt/rviz_ogre_vendor/lib/libOgreMain.so
[14.221s] -- rviz_ogre_vendor::OgreMain for IMPORTED_LOCATION_DEBUG: /opt/ros/humble/opt/rviz_ogre_vendor/lib/libOgreMain.so
[14.221s] -- Could not find freeimage library
[14.265s] -- Found ZLIB: /usr/lib/x86_64-linux-gnu/libz.so (found version "1.2.11") 
[14.281s] -- Found OpenGL: /usr/lib/x86_64-linux-gnu/libOpenGL.so   
[14.549s] -- Found X11: /usr/include   
[14.549s] -- Looking for XOpenDisplay in /usr/lib/x86_64-linux-gnu/libX11.so;/usr/lib/x86_64-linux-gnu/libXext.so
[14.751s] -- Looking for XOpenDisplay in /usr/lib/x86_64-linux-gnu/libX11.so;/usr/lib/x86_64-linux-gnu/libXext.so - found
[14.755s] -- Looking for gethostbyname
[14.931s] -- Looking for gethostbyname - found
[14.932s] -- Looking for connect
[15.121s] -- Looking for connect - found
[15.121s] -- Looking for remove
[15.313s] -- Looking for remove - found
[15.314s] -- Looking for shmat
[15.673s] -- Looking for shmat - found
[15.673s] -- Looking for IceConnectionNumber in ICE
[15.957s] -- Looking for IceConnectionNumber in ICE - found
[15.963s] -- rviz_ogre_vendor::RenderSystem_GL for IMPORTED_LOCATION_RELEASE: _render_system_gl_static_library_abs-NOTFOUND
[15.964s] -- rviz_ogre_vendor::RenderSystem_GL for IMPORTED_LOCATION_DEBUG: _render_system_gl_static_library_abs-NOTFOUND
[17.247s] -- Found ament_lint_auto: 0.12.7 (/opt/ros/humble/share/ament_lint_auto/cmake)
[17.341s] -- Found gtest sources under '/opt/ros/humble/src/gtest_vendor': C++ tests using 'Google Test' will be built
[17.355s] -- Added test 'lint_cmake' to check CMake code style
[17.358s] -- Added test 'xmllint' to check XML markup files
[17.366s] -- Configuring done
[17.559s] -- Generating done
[17.565s] -- Build files have been written to: /home/zx/ws_moveit2/build/moveit_setup_controllers
[17.600s] Invoked command in '/home/zx/ws_moveit2/build/moveit_setup_controllers' returned '0': AMENT_PREFIX_PATH=/home/zx/ws_moveit2/install/moveit_configs_utils:/home/zx/ws_moveit2/install/launch_param_builder:/home/zx/ws_moveit2/install/urdf_2:/home/zx/ws_moveit2/install/tihu_2:/home/zx/ws_moveit2/install/pilz_industrial_motion_planner_testutils:/home/zx/ws_moveit2/install/moveit_runtime:/home/zx/ws_moveit2/install/moveit2_tutorials:/home/zx/ws_moveit2/install/moveit:/home/zx/ws_moveit2/install/moveit_planners:/home/zx/ws_moveit2/install/pilz_industrial_motion_planner:/home/zx/ws_moveit2/install/moveit_visual_tools:/home/zx/ws_moveit2/install/moveit_task_constructor_visualization:/home/zx/ws_moveit2/install/moveit_task_constructor_demo:/home/zx/ws_moveit2/install/moveit_task_constructor_capabilities:/home/zx/ws_moveit2/install/moveit_task_constructor_core:/home/zx/ws_moveit2/install/moveit_ros_control_interface:/home/zx/ws_moveit2/install/moveit_plugins:/home/zx/ws_moveit2/install/moveit_simple_controller_manager:/home/zx/ws_moveit2/install/moveit_setup_assistant:/home/zx/ws_moveit2/install/moveit_setup_srdf_plugins:/home/zx/ws_moveit2/install/moveit_setup_core_plugins:/home/zx/ws_moveit2/install/moveit_setup_controllers:/home/zx/ws_moveit2/install/moveit_setup_app_plugins:/home/zx/ws_moveit2/install/moveit_setup_framework:/home/zx/ws_moveit2/install/moveit_servo:/home/zx/ws_moveit2/install/moveit_ros:/home/zx/ws_moveit2/install/moveit_ros_visualization:/home/zx/ws_moveit2/install/moveit_hybrid_planning:/home/zx/ws_moveit2/install/moveit_ros_planning_interface:/home/zx/ws_moveit2/install/moveit_ros_benchmarks:/home/zx/ws_moveit2/install/moveit_ros_warehouse:/home/zx/ws_moveit2/install/moveit_ros_robot_interaction:/home/zx/ws_moveit2/install/moveit_ros_perception:/home/zx/ws_moveit2/install/moveit_resources_prbt_pg70_support:/home/zx/ws_moveit2/install/moveit_resources_prbt_moveit_config:/home/zx/ws_moveit2/install/moveit_ros_move_group:/home/zx/ws_moveit2/install/moveit_planners_ompl:/home/zx/ws_moveit2/install/moveit_ros_planning:/home/zx/ws_moveit2/install/moveit_ros_occupancy_map_monitor:/home/zx/ws_moveit2/install/moveit_resources_prbt_ikfast_manipulator_plugin:/home/zx/ws_moveit2/install/moveit_planners_chomp:/home/zx/ws_moveit2/install/moveit_kinematics:/home/zx/ws_moveit2/install/moveit_chomp_optimizer_adapter:/home/zx/ws_moveit2/install/chomp_motion_planner:/home/zx/ws_moveit2/install/moveit_core:/home/zx/ws_moveit2/install/srdfdom:/home/zx/ws_moveit2/install/serial_demo:/home/zx/ws_moveit2/install/serial_can:/home/zx/ws_moveit2/install/serial:/home/zx/ws_moveit2/install/rviz_marker_tools:/home/zx/ws_moveit2/install/rosparam_shortcuts:/home/zx/ws_moveit2/install/moveit_task_constructor_msgs:/home/zx/ws_moveit2/install/moveit_resources_prbt_support:/home/zx/ws_moveit2/install/moveit_resources:/home/zx/ws_moveit2/install/moveit_resources_pr2_description:/home/zx/ws_moveit2/install/moveit_resources_panda_moveit_config:/home/zx/ws_moveit2/install/moveit_resources_panda_description:/home/zx/ws_moveit2/install/moveit_resources_fanuc_moveit_config:/home/zx/ws_moveit2/install/moveit_resources_fanuc_description:/home/zx/ws_moveit2/install/moveit_common:/opt/ros/humble CMAKE_PREFIX_PATH=/home/zx/ws_moveit2/install/moveit_setup_framework:/home/zx/ws_moveit2/install/moveit_ros_visualization:/home/zx/ws_moveit2/install/moveit_ros_planning_interface:/home/zx/ws_moveit2/install/moveit_ros_move_group:/home/zx/ws_moveit2/install/moveit_ros_warehouse:/home/zx/ws_moveit2/install/moveit_ros_robot_interaction:/home/zx/ws_moveit2/install/moveit_kinematics:/home/zx/ws_moveit2/install/moveit_ros_planning:/home/zx/ws_moveit2/install/moveit_ros_occupancy_map_monitor:/home/zx/ws_moveit2/install/moveit_core:/home/zx/ws_moveit2/install/moveit_resources_panda_moveit_config:/home/zx/ws_moveit2/install/moveit_resources_fanuc_moveit_config:/home/zx/ws_moveit2/install/srdfdom:/home/zx/ws_moveit2/install/moveit_resources_panda_description:/home/zx/ws_moveit2/install/moveit_resources_fanuc_description:/home/zx/ws_moveit2/install/moveit_common:/home/zx/ws_moveit2/install/urdf_2:/home/zx/ws_moveit2/install/pilz_industrial_motion_planner_testutils:/home/zx/ws_moveit2/install/moveit_runtime:/home/zx/ws_moveit2/install/moveit2_tutorials:/home/zx/ws_moveit2/install/moveit:/home/zx/ws_moveit2/install/moveit_planners:/home/zx/ws_moveit2/install/pilz_industrial_motion_planner:/home/zx/ws_moveit2/install/moveit_visual_tools:/home/zx/ws_moveit2/install/moveit_task_constructor_visualization:/home/zx/ws_moveit2/install/moveit_task_constructor_demo:/home/zx/ws_moveit2/install/moveit_task_constructor_capabilities:/home/zx/ws_moveit2/install/moveit_task_constructor_core:/home/zx/ws_moveit2/install/moveit_ros_control_interface:/home/zx/ws_moveit2/install/moveit_plugins:/home/zx/ws_moveit2/install/moveit_simple_controller_manager:/home/zx/ws_moveit2/install/moveit_setup_assistant:/home/zx/ws_moveit2/install/moveit_setup_srdf_plugins:/home/zx/ws_moveit2/install/moveit_setup_core_plugins:/home/zx/ws_moveit2/install/moveit_setup_controllers:/home/zx/ws_moveit2/install/moveit_setup_app_plugins:/home/zx/ws_moveit2/install/moveit_servo:/home/zx/ws_moveit2/install/moveit_ros:/home/zx/ws_moveit2/install/moveit_hybrid_planning:/home/zx/ws_moveit2/install/moveit_ros_benchmarks:/home/zx/ws_moveit2/install/moveit_ros_perception:/home/zx/ws_moveit2/install/moveit_resources_prbt_pg70_support:/home/zx/ws_moveit2/install/moveit_resources_prbt_moveit_config:/home/zx/ws_moveit2/install/moveit_planners_ompl:/home/zx/ws_moveit2/install/moveit_resources_prbt_ikfast_manipulator_plugin:/home/zx/ws_moveit2/install/moveit_planners_chomp:/home/zx/ws_moveit2/install/moveit_chomp_optimizer_adapter:/home/zx/ws_moveit2/install/chomp_motion_planner:/home/zx/ws_moveit2/install/serial_demo:/home/zx/ws_moveit2/install/serial_can:/home/zx/ws_moveit2/install/serial:/home/zx/ws_moveit2/install/rviz_marker_tools:/home/zx/ws_moveit2/install/rosparam_shortcuts:/home/zx/ws_moveit2/install/moveit_task_constructor_msgs:/home/zx/ws_moveit2/install/moveit_resources_prbt_support:/home/zx/ws_moveit2/install/moveit_resources:/home/zx/ws_moveit2/install/moveit_resources_pr2_description:/home/zx/ws_moveit2/install/tihu_2:/home/zx/ws_moveit2/install/moveit_configs_utils:/home/zx/ws_moveit2/install/launch_param_builder:/opt/ros/humble LD_LIBRARY_PATH=/home/zx/ws_moveit2/install/moveit_setup_framework/lib:/home/zx/ws_moveit2/install/moveit_ros_visualization/lib:/home/zx/ws_moveit2/install/moveit_ros_planning_interface/lib:/home/zx/ws_moveit2/install/moveit_ros_move_group/lib:/home/zx/ws_moveit2/install/moveit_ros_warehouse/lib:/home/zx/ws_moveit2/install/moveit_ros_robot_interaction/lib:/home/zx/ws_moveit2/install/moveit_kinematics/lib:/home/zx/ws_moveit2/install/moveit_ros_planning/lib:/home/zx/ws_moveit2/install/moveit_ros_occupancy_map_monitor/lib:/home/zx/ws_moveit2/install/moveit_core/lib:/home/zx/ws_moveit2/install/srdfdom/lib:/home/zx/ws_moveit2/install/pilz_industrial_motion_planner_testutils/lib:/home/zx/ws_moveit2/install/pilz_industrial_motion_planner/lib:/home/zx/ws_moveit2/install/moveit_visual_tools/lib:/home/zx/ws_moveit2/install/moveit_task_constructor_visualization/lib:/home/zx/ws_moveit2/install/moveit_task_constructor_demo/lib:/home/zx/ws_moveit2/install/moveit_task_constructor_capabilities/lib:/home/zx/ws_moveit2/install/moveit_task_constructor_core/lib:/home/zx/ws_moveit2/install/moveit_ros_control_interface/lib:/home/zx/ws_moveit2/install/moveit_simple_controller_manager/lib:/home/zx/ws_moveit2/install/moveit_setup_assistant/lib:/home/zx/ws_moveit2/install/moveit_setup_srdf_plugins/lib:/home/zx/ws_moveit2/install/moveit_setup_core_plugins/lib:/home/zx/ws_moveit2/install/moveit_setup_controllers/lib:/home/zx/ws_moveit2/install/moveit_setup_app_plugins/lib:/home/zx/ws_moveit2/install/moveit_servo/lib:/home/zx/ws_moveit2/install/moveit_hybrid_planning/lib:/home/zx/ws_moveit2/install/moveit_ros_benchmarks/lib:/home/zx/ws_moveit2/install/moveit_ros_perception/lib:/home/zx/ws_moveit2/install/moveit_planners_ompl/lib:/home/zx/ws_moveit2/install/moveit_resources_prbt_ikfast_manipulator_plugin/lib:/home/zx/ws_moveit2/install/moveit_planners_chomp/lib:/home/zx/ws_moveit2/install/moveit_chomp_optimizer_adapter/lib:/home/zx/ws_moveit2/install/chomp_motion_planner/lib:/home/zx/ws_moveit2/install/serial_can/lib:/home/zx/ws_moveit2/install/serial/lib:/home/zx/ws_moveit2/install/rviz_marker_tools/lib:/home/zx/ws_moveit2/install/rosparam_shortcuts/lib:/home/zx/ws_moveit2/install/moveit_task_constructor_msgs/lib:/opt/ros/humble/opt/rviz_ogre_vendor/lib:/opt/ros/humble/lib/x86_64-linux-gnu:/opt/ros/humble/lib PYTHONPATH=/home/zx/ws_moveit2/install/moveit_configs_utils/lib/python3.10/site-packages:/home/zx/ws_moveit2/install/launch_param_builder/lib/python3.10/site-packages:/home/zx/ws_moveit2/install/tihu_2/lib/python3.10/site-packages:/home/zx/ws_moveit2/install/srdfdom/local/lib/python3.10/dist-packages:/home/zx/ws_moveit2/install/moveit_task_constructor_msgs/local/lib/python3.10/dist-packages:/opt/ros/humble/lib/python3.10/site-packages:/opt/ros/humble/local/lib/python3.10/dist-packages /usr/bin/cmake /home/zx/ws_moveit2/src/moveit2/moveit_setup_assistant/moveit_setup_controllers -DCMAKE_BUILD_TYPE=Release -DCMAKE_INSTALL_PREFIX=/home/zx/ws_moveit2/install/moveit_setup_controllers
[17.606s] Invoking command in '/home/zx/ws_moveit2/build/moveit_setup_controllers': AMENT_PREFIX_PATH=/home/zx/ws_moveit2/install/moveit_configs_utils:/home/zx/ws_moveit2/install/launch_param_builder:/home/zx/ws_moveit2/install/urdf_2:/home/zx/ws_moveit2/install/tihu_2:/home/zx/ws_moveit2/install/pilz_industrial_motion_planner_testutils:/home/zx/ws_moveit2/install/moveit_runtime:/home/zx/ws_moveit2/install/moveit2_tutorials:/home/zx/ws_moveit2/install/moveit:/home/zx/ws_moveit2/install/moveit_planners:/home/zx/ws_moveit2/install/pilz_industrial_motion_planner:/home/zx/ws_moveit2/install/moveit_visual_tools:/home/zx/ws_moveit2/install/moveit_task_constructor_visualization:/home/zx/ws_moveit2/install/moveit_task_constructor_demo:/home/zx/ws_moveit2/install/moveit_task_constructor_capabilities:/home/zx/ws_moveit2/install/moveit_task_constructor_core:/home/zx/ws_moveit2/install/moveit_ros_control_interface:/home/zx/ws_moveit2/install/moveit_plugins:/home/zx/ws_moveit2/install/moveit_simple_controller_manager:/home/zx/ws_moveit2/install/moveit_setup_assistant:/home/zx/ws_moveit2/install/moveit_setup_srdf_plugins:/home/zx/ws_moveit2/install/moveit_setup_core_plugins:/home/zx/ws_moveit2/install/moveit_setup_controllers:/home/zx/ws_moveit2/install/moveit_setup_app_plugins:/home/zx/ws_moveit2/install/moveit_setup_framework:/home/zx/ws_moveit2/install/moveit_servo:/home/zx/ws_moveit2/install/moveit_ros:/home/zx/ws_moveit2/install/moveit_ros_visualization:/home/zx/ws_moveit2/install/moveit_hybrid_planning:/home/zx/ws_moveit2/install/moveit_ros_planning_interface:/home/zx/ws_moveit2/install/moveit_ros_benchmarks:/home/zx/ws_moveit2/install/moveit_ros_warehouse:/home/zx/ws_moveit2/install/moveit_ros_robot_interaction:/home/zx/ws_moveit2/install/moveit_ros_perception:/home/zx/ws_moveit2/install/moveit_resources_prbt_pg70_support:/home/zx/ws_moveit2/install/moveit_resources_prbt_moveit_config:/home/zx/ws_moveit2/install/moveit_ros_move_group:/home/zx/ws_moveit2/install/moveit_planners_ompl:/home/zx/ws_moveit2/install/moveit_ros_planning:/home/zx/ws_moveit2/install/moveit_ros_occupancy_map_monitor:/home/zx/ws_moveit2/install/moveit_resources_prbt_ikfast_manipulator_plugin:/home/zx/ws_moveit2/install/moveit_planners_chomp:/home/zx/ws_moveit2/install/moveit_kinematics:/home/zx/ws_moveit2/install/moveit_chomp_optimizer_adapter:/home/zx/ws_moveit2/install/chomp_motion_planner:/home/zx/ws_moveit2/install/moveit_core:/home/zx/ws_moveit2/install/srdfdom:/home/zx/ws_moveit2/install/serial_demo:/home/zx/ws_moveit2/install/serial_can:/home/zx/ws_moveit2/install/serial:/home/zx/ws_moveit2/install/rviz_marker_tools:/home/zx/ws_moveit2/install/rosparam_shortcuts:/home/zx/ws_moveit2/install/moveit_task_constructor_msgs:/home/zx/ws_moveit2/install/moveit_resources_prbt_support:/home/zx/ws_moveit2/install/moveit_resources:/home/zx/ws_moveit2/install/moveit_resources_pr2_description:/home/zx/ws_moveit2/install/moveit_resources_panda_moveit_config:/home/zx/ws_moveit2/install/moveit_resources_panda_description:/home/zx/ws_moveit2/install/moveit_resources_fanuc_moveit_config:/home/zx/ws_moveit2/install/moveit_resources_fanuc_description:/home/zx/ws_moveit2/install/moveit_common:/opt/ros/humble CMAKE_PREFIX_PATH=/home/zx/ws_moveit2/install/moveit_setup_framework:/home/zx/ws_moveit2/install/moveit_ros_visualization:/home/zx/ws_moveit2/install/moveit_ros_planning_interface:/home/zx/ws_moveit2/install/moveit_ros_move_group:/home/zx/ws_moveit2/install/moveit_ros_warehouse:/home/zx/ws_moveit2/install/moveit_ros_robot_interaction:/home/zx/ws_moveit2/install/moveit_kinematics:/home/zx/ws_moveit2/install/moveit_ros_planning:/home/zx/ws_moveit2/install/moveit_ros_occupancy_map_monitor:/home/zx/ws_moveit2/install/moveit_core:/home/zx/ws_moveit2/install/moveit_resources_panda_moveit_config:/home/zx/ws_moveit2/install/moveit_resources_fanuc_moveit_config:/home/zx/ws_moveit2/install/srdfdom:/home/zx/ws_moveit2/install/moveit_resources_panda_description:/home/zx/ws_moveit2/install/moveit_resources_fanuc_description:/home/zx/ws_moveit2/install/moveit_common:/home/zx/ws_moveit2/install/urdf_2:/home/zx/ws_moveit2/install/pilz_industrial_motion_planner_testutils:/home/zx/ws_moveit2/install/moveit_runtime:/home/zx/ws_moveit2/install/moveit2_tutorials:/home/zx/ws_moveit2/install/moveit:/home/zx/ws_moveit2/install/moveit_planners:/home/zx/ws_moveit2/install/pilz_industrial_motion_planner:/home/zx/ws_moveit2/install/moveit_visual_tools:/home/zx/ws_moveit2/install/moveit_task_constructor_visualization:/home/zx/ws_moveit2/install/moveit_task_constructor_demo:/home/zx/ws_moveit2/install/moveit_task_constructor_capabilities:/home/zx/ws_moveit2/install/moveit_task_constructor_core:/home/zx/ws_moveit2/install/moveit_ros_control_interface:/home/zx/ws_moveit2/install/moveit_plugins:/home/zx/ws_moveit2/install/moveit_simple_controller_manager:/home/zx/ws_moveit2/install/moveit_setup_assistant:/home/zx/ws_moveit2/install/moveit_setup_srdf_plugins:/home/zx/ws_moveit2/install/moveit_setup_core_plugins:/home/zx/ws_moveit2/install/moveit_setup_controllers:/home/zx/ws_moveit2/install/moveit_setup_app_plugins:/home/zx/ws_moveit2/install/moveit_servo:/home/zx/ws_moveit2/install/moveit_ros:/home/zx/ws_moveit2/install/moveit_hybrid_planning:/home/zx/ws_moveit2/install/moveit_ros_benchmarks:/home/zx/ws_moveit2/install/moveit_ros_perception:/home/zx/ws_moveit2/install/moveit_resources_prbt_pg70_support:/home/zx/ws_moveit2/install/moveit_resources_prbt_moveit_config:/home/zx/ws_moveit2/install/moveit_planners_ompl:/home/zx/ws_moveit2/install/moveit_resources_prbt_ikfast_manipulator_plugin:/home/zx/ws_moveit2/install/moveit_planners_chomp:/home/zx/ws_moveit2/install/moveit_chomp_optimizer_adapter:/home/zx/ws_moveit2/install/chomp_motion_planner:/home/zx/ws_moveit2/install/serial_demo:/home/zx/ws_moveit2/install/serial_can:/home/zx/ws_moveit2/install/serial:/home/zx/ws_moveit2/install/rviz_marker_tools:/home/zx/ws_moveit2/install/rosparam_shortcuts:/home/zx/ws_moveit2/install/moveit_task_constructor_msgs:/home/zx/ws_moveit2/install/moveit_resources_prbt_support:/home/zx/ws_moveit2/install/moveit_resources:/home/zx/ws_moveit2/install/moveit_resources_pr2_description:/home/zx/ws_moveit2/install/tihu_2:/home/zx/ws_moveit2/install/moveit_configs_utils:/home/zx/ws_moveit2/install/launch_param_builder:/opt/ros/humble LD_LIBRARY_PATH=/home/zx/ws_moveit2/install/moveit_setup_framework/lib:/home/zx/ws_moveit2/install/moveit_ros_visualization/lib:/home/zx/ws_moveit2/install/moveit_ros_planning_interface/lib:/home/zx/ws_moveit2/install/moveit_ros_move_group/lib:/home/zx/ws_moveit2/install/moveit_ros_warehouse/lib:/home/zx/ws_moveit2/install/moveit_ros_robot_interaction/lib:/home/zx/ws_moveit2/install/moveit_kinematics/lib:/home/zx/ws_moveit2/install/moveit_ros_planning/lib:/home/zx/ws_moveit2/install/moveit_ros_occupancy_map_monitor/lib:/home/zx/ws_moveit2/install/moveit_core/lib:/home/zx/ws_moveit2/install/srdfdom/lib:/home/zx/ws_moveit2/install/pilz_industrial_motion_planner_testutils/lib:/home/zx/ws_moveit2/install/pilz_industrial_motion_planner/lib:/home/zx/ws_moveit2/install/moveit_visual_tools/lib:/home/zx/ws_moveit2/install/moveit_task_constructor_visualization/lib:/home/zx/ws_moveit2/install/moveit_task_constructor_demo/lib:/home/zx/ws_moveit2/install/moveit_task_constructor_capabilities/lib:/home/zx/ws_moveit2/install/moveit_task_constructor_core/lib:/home/zx/ws_moveit2/install/moveit_ros_control_interface/lib:/home/zx/ws_moveit2/install/moveit_simple_controller_manager/lib:/home/zx/ws_moveit2/install/moveit_setup_assistant/lib:/home/zx/ws_moveit2/install/moveit_setup_srdf_plugins/lib:/home/zx/ws_moveit2/install/moveit_setup_core_plugins/lib:/home/zx/ws_moveit2/install/moveit_setup_controllers/lib:/home/zx/ws_moveit2/install/moveit_setup_app_plugins/lib:/home/zx/ws_moveit2/install/moveit_servo/lib:/home/zx/ws_moveit2/install/moveit_hybrid_planning/lib:/home/zx/ws_moveit2/install/moveit_ros_benchmarks/lib:/home/zx/ws_moveit2/install/moveit_ros_perception/lib:/home/zx/ws_moveit2/install/moveit_planners_ompl/lib:/home/zx/ws_moveit2/install/moveit_resources_prbt_ikfast_manipulator_plugin/lib:/home/zx/ws_moveit2/install/moveit_planners_chomp/lib:/home/zx/ws_moveit2/install/moveit_chomp_optimizer_adapter/lib:/home/zx/ws_moveit2/install/chomp_motion_planner/lib:/home/zx/ws_moveit2/install/serial_can/lib:/home/zx/ws_moveit2/install/serial/lib:/home/zx/ws_moveit2/install/rviz_marker_tools/lib:/home/zx/ws_moveit2/install/rosparam_shortcuts/lib:/home/zx/ws_moveit2/install/moveit_task_constructor_msgs/lib:/opt/ros/humble/opt/rviz_ogre_vendor/lib:/opt/ros/humble/lib/x86_64-linux-gnu:/opt/ros/humble/lib PYTHONPATH=/home/zx/ws_moveit2/install/moveit_configs_utils/lib/python3.10/site-packages:/home/zx/ws_moveit2/install/launch_param_builder/lib/python3.10/site-packages:/home/zx/ws_moveit2/install/tihu_2/lib/python3.10/site-packages:/home/zx/ws_moveit2/install/srdfdom/local/lib/python3.10/dist-packages:/home/zx/ws_moveit2/install/moveit_task_constructor_msgs/local/lib/python3.10/dist-packages:/opt/ros/humble/lib/python3.10/site-packages:/opt/ros/humble/local/lib/python3.10/dist-packages /usr/bin/cmake --build /home/zx/ws_moveit2/build/moveit_setup_controllers -- -j12 -l12
[17.731s] [  3%] [34m[1mAutomatic MOC for target moveit_setup_controllers[0m
[17.832s] [  3%] Built target moveit_setup_controllers_autogen
[17.893s] [  6%] [34m[1mAutomatic MOC for target gtest[0m
[17.962s] [  6%] Built target gtest_autogen
[17.993s] [  9%] [34m[1mGenerating include/moveit_setup_controllers/moc_urdf_modifications_widget.cpp[0m
[18.015s] [ 12%] [34m[1mGenerating include/moveit_setup_controllers/moc_controllers_widget.cpp[0m
[18.035s] [ 15%] [34m[1mGenerating include/moveit_setup_controllers/moc_controller_edit_widget.cpp[0m
[18.074s] [ 18%] [32mBuilding CXX object CMakeFiles/moveit_setup_controllers.dir/moveit_setup_controllers_autogen/mocs_compilation.cpp.o[0m
[18.112s] [ 21%] [32mBuilding CXX object CMakeFiles/moveit_setup_controllers.dir/src/ros2_controllers_config.cpp.o[0m
[27.837s] [ 24%] [32mBuilding CXX object CMakeFiles/moveit_setup_controllers.dir/src/ros2_controllers_widget.cpp.o[0m
[43.453s] [ 27%] [32mBuilding CXX object CMakeFiles/moveit_setup_controllers.dir/src/urdf_modifications.cpp.o[0m
[50.834s] [ 30%] [32mBuilding CXX object CMakeFiles/moveit_setup_controllers.dir/src/urdf_modifications_widget.cpp.o[0m
[61.753s] [ 33%] [32mBuilding CXX object CMakeFiles/moveit_setup_controllers.dir/include/moveit_setup_controllers/moc_controller_edit_widget.cpp.o[0m
[71.539s] [ 36%] [32mBuilding CXX object CMakeFiles/moveit_setup_controllers.dir/include/moveit_setup_controllers/moc_controllers_widget.cpp.o[0m
[84.600s] [ 39%] [32mBuilding CXX object CMakeFiles/moveit_setup_controllers.dir/include/moveit_setup_controllers/moc_urdf_modifications_widget.cpp.o[0m
[98.943s] [ 42%] [32mBuilding CXX object CMakeFiles/moveit_setup_controllers.dir/src/moveit_controllers_widget.cpp.o[0m
[112.039s] [ 45%] [32mBuilding CXX object CMakeFiles/moveit_setup_controllers.dir/src/moveit_controllers_config.cpp.o[0m
[122.050s] [ 48%] [32mBuilding CXX object CMakeFiles/moveit_setup_controllers.dir/src/modified_urdf_config.cpp.o[0m
[126.017s] [ 51%] [32mBuilding CXX object CMakeFiles/moveit_setup_controllers.dir/src/controllers_config.cpp.o[0m
[131.955s] [ 54%] [32mBuilding CXX object CMakeFiles/moveit_setup_controllers.dir/src/controllers_widget.cpp.o[0m
[144.918s] [ 57%] [32mBuilding CXX object CMakeFiles/moveit_setup_controllers.dir/src/controllers.cpp.o[0m
[150.608s] [ 60%] [32mBuilding CXX object CMakeFiles/moveit_setup_controllers.dir/src/controller_edit_widget.cpp.o[0m
[160.667s] [ 63%] [32mBuilding CXX object CMakeFiles/moveit_setup_controllers.dir/src/control_xacro_config.cpp.o[0m
[168.030s] [ 66%] [32m[1mLinking CXX shared library libmoveit_setup_controllers.so[0m
[168.485s] [ 66%] Built target moveit_setup_controllers
[168.509s] [ 69%] [32mBuilding CXX object gtest/CMakeFiles/gtest.dir/gtest_autogen/mocs_compilation.cpp.o[0m
[168.531s] [ 72%] [32mBuilding CXX object gtest/CMakeFiles/gtest.dir/src/gtest-all.cc.o[0m
[175.184s] [ 75%] [32m[1mLinking CXX static library libgtest.a[0m
[175.239s] [ 75%] Built target gtest
[175.272s] [ 78%] [34m[1mAutomatic MOC for target gtest_main[0m
[175.314s] [ 78%] Built target gtest_main_autogen
[175.347s] [ 81%] [32mBuilding CXX object gtest/CMakeFiles/gtest_main.dir/gtest_main_autogen/mocs_compilation.cpp.o[0m
[175.352s] [ 84%] [32mBuilding CXX object gtest/CMakeFiles/gtest_main.dir/src/gtest_main.cc.o[0m
[176.310s] [ 87%] [32m[1mLinking CXX static library libgtest_main.a[0m
[176.385s] [ 87%] Built target gtest_main
[176.432s] [ 90%] [34m[1mAutomatic MOC for target test_controllers[0m
[176.502s] [ 90%] Built target test_controllers_autogen
[176.554s] [ 93%] [32mBuilding CXX object CMakeFiles/test_controllers.dir/test_controllers_autogen/mocs_compilation.cpp.o[0m
[176.554s] [ 96%] [32mBuilding CXX object CMakeFiles/test_controllers.dir/test/test_controllers.cpp.o[0m
[191.508s] [100%] [32m[1mLinking CXX executable test_controllers[0m
[192.055s] [100%] Built target test_controllers
[192.068s] Invoked command in '/home/zx/ws_moveit2/build/moveit_setup_controllers' returned '0': AMENT_PREFIX_PATH=/home/zx/ws_moveit2/install/moveit_configs_utils:/home/zx/ws_moveit2/install/launch_param_builder:/home/zx/ws_moveit2/install/urdf_2:/home/zx/ws_moveit2/install/tihu_2:/home/zx/ws_moveit2/install/pilz_industrial_motion_planner_testutils:/home/zx/ws_moveit2/install/moveit_runtime:/home/zx/ws_moveit2/install/moveit2_tutorials:/home/zx/ws_moveit2/install/moveit:/home/zx/ws_moveit2/install/moveit_planners:/home/zx/ws_moveit2/install/pilz_industrial_motion_planner:/home/zx/ws_moveit2/install/moveit_visual_tools:/home/zx/ws_moveit2/install/moveit_task_constructor_visualization:/home/zx/ws_moveit2/install/moveit_task_constructor_demo:/home/zx/ws_moveit2/install/moveit_task_constructor_capabilities:/home/zx/ws_moveit2/install/moveit_task_constructor_core:/home/zx/ws_moveit2/install/moveit_ros_control_interface:/home/zx/ws_moveit2/install/moveit_plugins:/home/zx/ws_moveit2/install/moveit_simple_controller_manager:/home/zx/ws_moveit2/install/moveit_setup_assistant:/home/zx/ws_moveit2/install/moveit_setup_srdf_plugins:/home/zx/ws_moveit2/install/moveit_setup_core_plugins:/home/zx/ws_moveit2/install/moveit_setup_controllers:/home/zx/ws_moveit2/install/moveit_setup_app_plugins:/home/zx/ws_moveit2/install/moveit_setup_framework:/home/zx/ws_moveit2/install/moveit_servo:/home/zx/ws_moveit2/install/moveit_ros:/home/zx/ws_moveit2/install/moveit_ros_visualization:/home/zx/ws_moveit2/install/moveit_hybrid_planning:/home/zx/ws_moveit2/install/moveit_ros_planning_interface:/home/zx/ws_moveit2/install/moveit_ros_benchmarks:/home/zx/ws_moveit2/install/moveit_ros_warehouse:/home/zx/ws_moveit2/install/moveit_ros_robot_interaction:/home/zx/ws_moveit2/install/moveit_ros_perception:/home/zx/ws_moveit2/install/moveit_resources_prbt_pg70_support:/home/zx/ws_moveit2/install/moveit_resources_prbt_moveit_config:/home/zx/ws_moveit2/install/moveit_ros_move_group:/home/zx/ws_moveit2/install/moveit_planners_ompl:/home/zx/ws_moveit2/install/moveit_ros_planning:/home/zx/ws_moveit2/install/moveit_ros_occupancy_map_monitor:/home/zx/ws_moveit2/install/moveit_resources_prbt_ikfast_manipulator_plugin:/home/zx/ws_moveit2/install/moveit_planners_chomp:/home/zx/ws_moveit2/install/moveit_kinematics:/home/zx/ws_moveit2/install/moveit_chomp_optimizer_adapter:/home/zx/ws_moveit2/install/chomp_motion_planner:/home/zx/ws_moveit2/install/moveit_core:/home/zx/ws_moveit2/install/srdfdom:/home/zx/ws_moveit2/install/serial_demo:/home/zx/ws_moveit2/install/serial_can:/home/zx/ws_moveit2/install/serial:/home/zx/ws_moveit2/install/rviz_marker_tools:/home/zx/ws_moveit2/install/rosparam_shortcuts:/home/zx/ws_moveit2/install/moveit_task_constructor_msgs:/home/zx/ws_moveit2/install/moveit_resources_prbt_support:/home/zx/ws_moveit2/install/moveit_resources:/home/zx/ws_moveit2/install/moveit_resources_pr2_description:/home/zx/ws_moveit2/install/moveit_resources_panda_moveit_config:/home/zx/ws_moveit2/install/moveit_resources_panda_description:/home/zx/ws_moveit2/install/moveit_resources_fanuc_moveit_config:/home/zx/ws_moveit2/install/moveit_resources_fanuc_description:/home/zx/ws_moveit2/install/moveit_common:/opt/ros/humble CMAKE_PREFIX_PATH=/home/zx/ws_moveit2/install/moveit_setup_framework:/home/zx/ws_moveit2/install/moveit_ros_visualization:/home/zx/ws_moveit2/install/moveit_ros_planning_interface:/home/zx/ws_moveit2/install/moveit_ros_move_group:/home/zx/ws_moveit2/install/moveit_ros_warehouse:/home/zx/ws_moveit2/install/moveit_ros_robot_interaction:/home/zx/ws_moveit2/install/moveit_kinematics:/home/zx/ws_moveit2/install/moveit_ros_planning:/home/zx/ws_moveit2/install/moveit_ros_occupancy_map_monitor:/home/zx/ws_moveit2/install/moveit_core:/home/zx/ws_moveit2/install/moveit_resources_panda_moveit_config:/home/zx/ws_moveit2/install/moveit_resources_fanuc_moveit_config:/home/zx/ws_moveit2/install/srdfdom:/home/zx/ws_moveit2/install/moveit_resources_panda_description:/home/zx/ws_moveit2/install/moveit_resources_fanuc_description:/home/zx/ws_moveit2/install/moveit_common:/home/zx/ws_moveit2/install/urdf_2:/home/zx/ws_moveit2/install/pilz_industrial_motion_planner_testutils:/home/zx/ws_moveit2/install/moveit_runtime:/home/zx/ws_moveit2/install/moveit2_tutorials:/home/zx/ws_moveit2/install/moveit:/home/zx/ws_moveit2/install/moveit_planners:/home/zx/ws_moveit2/install/pilz_industrial_motion_planner:/home/zx/ws_moveit2/install/moveit_visual_tools:/home/zx/ws_moveit2/install/moveit_task_constructor_visualization:/home/zx/ws_moveit2/install/moveit_task_constructor_demo:/home/zx/ws_moveit2/install/moveit_task_constructor_capabilities:/home/zx/ws_moveit2/install/moveit_task_constructor_core:/home/zx/ws_moveit2/install/moveit_ros_control_interface:/home/zx/ws_moveit2/install/moveit_plugins:/home/zx/ws_moveit2/install/moveit_simple_controller_manager:/home/zx/ws_moveit2/install/moveit_setup_assistant:/home/zx/ws_moveit2/install/moveit_setup_srdf_plugins:/home/zx/ws_moveit2/install/moveit_setup_core_plugins:/home/zx/ws_moveit2/install/moveit_setup_controllers:/home/zx/ws_moveit2/install/moveit_setup_app_plugins:/home/zx/ws_moveit2/install/moveit_servo:/home/zx/ws_moveit2/install/moveit_ros:/home/zx/ws_moveit2/install/moveit_hybrid_planning:/home/zx/ws_moveit2/install/moveit_ros_benchmarks:/home/zx/ws_moveit2/install/moveit_ros_perception:/home/zx/ws_moveit2/install/moveit_resources_prbt_pg70_support:/home/zx/ws_moveit2/install/moveit_resources_prbt_moveit_config:/home/zx/ws_moveit2/install/moveit_planners_ompl:/home/zx/ws_moveit2/install/moveit_resources_prbt_ikfast_manipulator_plugin:/home/zx/ws_moveit2/install/moveit_planners_chomp:/home/zx/ws_moveit2/install/moveit_chomp_optimizer_adapter:/home/zx/ws_moveit2/install/chomp_motion_planner:/home/zx/ws_moveit2/install/serial_demo:/home/zx/ws_moveit2/install/serial_can:/home/zx/ws_moveit2/install/serial:/home/zx/ws_moveit2/install/rviz_marker_tools:/home/zx/ws_moveit2/install/rosparam_shortcuts:/home/zx/ws_moveit2/install/moveit_task_constructor_msgs:/home/zx/ws_moveit2/install/moveit_resources_prbt_support:/home/zx/ws_moveit2/install/moveit_resources:/home/zx/ws_moveit2/install/moveit_resources_pr2_description:/home/zx/ws_moveit2/install/tihu_2:/home/zx/ws_moveit2/install/moveit_configs_utils:/home/zx/ws_moveit2/install/launch_param_builder:/opt/ros/humble LD_LIBRARY_PATH=/home/zx/ws_moveit2/install/moveit_setup_framework/lib:/home/zx/ws_moveit2/install/moveit_ros_visualization/lib:/home/zx/ws_moveit2/install/moveit_ros_planning_interface/lib:/home/zx/ws_moveit2/install/moveit_ros_move_group/lib:/home/zx/ws_moveit2/install/moveit_ros_warehouse/lib:/home/zx/ws_moveit2/install/moveit_ros_robot_interaction/lib:/home/zx/ws_moveit2/install/moveit_kinematics/lib:/home/zx/ws_moveit2/install/moveit_ros_planning/lib:/home/zx/ws_moveit2/install/moveit_ros_occupancy_map_monitor/lib:/home/zx/ws_moveit2/install/moveit_core/lib:/home/zx/ws_moveit2/install/srdfdom/lib:/home/zx/ws_moveit2/install/pilz_industrial_motion_planner_testutils/lib:/home/zx/ws_moveit2/install/pilz_industrial_motion_planner/lib:/home/zx/ws_moveit2/install/moveit_visual_tools/lib:/home/zx/ws_moveit2/install/moveit_task_constructor_visualization/lib:/home/zx/ws_moveit2/install/moveit_task_constructor_demo/lib:/home/zx/ws_moveit2/install/moveit_task_constructor_capabilities/lib:/home/zx/ws_moveit2/install/moveit_task_constructor_core/lib:/home/zx/ws_moveit2/install/moveit_ros_control_interface/lib:/home/zx/ws_moveit2/install/moveit_simple_controller_manager/lib:/home/zx/ws_moveit2/install/moveit_setup_assistant/lib:/home/zx/ws_moveit2/install/moveit_setup_srdf_plugins/lib:/home/zx/ws_moveit2/install/moveit_setup_core_plugins/lib:/home/zx/ws_moveit2/install/moveit_setup_controllers/lib:/home/zx/ws_moveit2/install/moveit_setup_app_plugins/lib:/home/zx/ws_moveit2/install/moveit_servo/lib:/home/zx/ws_moveit2/install/moveit_hybrid_planning/lib:/home/zx/ws_moveit2/install/moveit_ros_benchmarks/lib:/home/zx/ws_moveit2/install/moveit_ros_perception/lib:/home/zx/ws_moveit2/install/moveit_planners_ompl/lib:/home/zx/ws_moveit2/install/moveit_resources_prbt_ikfast_manipulator_plugin/lib:/home/zx/ws_moveit2/install/moveit_planners_chomp/lib:/home/zx/ws_moveit2/install/moveit_chomp_optimizer_adapter/lib:/home/zx/ws_moveit2/install/chomp_motion_planner/lib:/home/zx/ws_moveit2/install/serial_can/lib:/home/zx/ws_moveit2/install/serial/lib:/home/zx/ws_moveit2/install/rviz_marker_tools/lib:/home/zx/ws_moveit2/install/rosparam_shortcuts/lib:/home/zx/ws_moveit2/install/moveit_task_constructor_msgs/lib:/opt/ros/humble/opt/rviz_ogre_vendor/lib:/opt/ros/humble/lib/x86_64-linux-gnu:/opt/ros/humble/lib PYTHONPATH=/home/zx/ws_moveit2/install/moveit_configs_utils/lib/python3.10/site-packages:/home/zx/ws_moveit2/install/launch_param_builder/lib/python3.10/site-packages:/home/zx/ws_moveit2/install/tihu_2/lib/python3.10/site-packages:/home/zx/ws_moveit2/install/srdfdom/local/lib/python3.10/dist-packages:/home/zx/ws_moveit2/install/moveit_task_constructor_msgs/local/lib/python3.10/dist-packages:/opt/ros/humble/lib/python3.10/site-packages:/opt/ros/humble/local/lib/python3.10/dist-packages /usr/bin/cmake --build /home/zx/ws_moveit2/build/moveit_setup_controllers -- -j12 -l12
[192.175s] Invoking command in '/home/zx/ws_moveit2/build/moveit_setup_controllers': AMENT_PREFIX_PATH=/home/zx/ws_moveit2/install/moveit_configs_utils:/home/zx/ws_moveit2/install/launch_param_builder:/home/zx/ws_moveit2/install/urdf_2:/home/zx/ws_moveit2/install/tihu_2:/home/zx/ws_moveit2/install/pilz_industrial_motion_planner_testutils:/home/zx/ws_moveit2/install/moveit_runtime:/home/zx/ws_moveit2/install/moveit2_tutorials:/home/zx/ws_moveit2/install/moveit:/home/zx/ws_moveit2/install/moveit_planners:/home/zx/ws_moveit2/install/pilz_industrial_motion_planner:/home/zx/ws_moveit2/install/moveit_visual_tools:/home/zx/ws_moveit2/install/moveit_task_constructor_visualization:/home/zx/ws_moveit2/install/moveit_task_constructor_demo:/home/zx/ws_moveit2/install/moveit_task_constructor_capabilities:/home/zx/ws_moveit2/install/moveit_task_constructor_core:/home/zx/ws_moveit2/install/moveit_ros_control_interface:/home/zx/ws_moveit2/install/moveit_plugins:/home/zx/ws_moveit2/install/moveit_simple_controller_manager:/home/zx/ws_moveit2/install/moveit_setup_assistant:/home/zx/ws_moveit2/install/moveit_setup_srdf_plugins:/home/zx/ws_moveit2/install/moveit_setup_core_plugins:/home/zx/ws_moveit2/install/moveit_setup_controllers:/home/zx/ws_moveit2/install/moveit_setup_app_plugins:/home/zx/ws_moveit2/install/moveit_setup_framework:/home/zx/ws_moveit2/install/moveit_servo:/home/zx/ws_moveit2/install/moveit_ros:/home/zx/ws_moveit2/install/moveit_ros_visualization:/home/zx/ws_moveit2/install/moveit_hybrid_planning:/home/zx/ws_moveit2/install/moveit_ros_planning_interface:/home/zx/ws_moveit2/install/moveit_ros_benchmarks:/home/zx/ws_moveit2/install/moveit_ros_warehouse:/home/zx/ws_moveit2/install/moveit_ros_robot_interaction:/home/zx/ws_moveit2/install/moveit_ros_perception:/home/zx/ws_moveit2/install/moveit_resources_prbt_pg70_support:/home/zx/ws_moveit2/install/moveit_resources_prbt_moveit_config:/home/zx/ws_moveit2/install/moveit_ros_move_group:/home/zx/ws_moveit2/install/moveit_planners_ompl:/home/zx/ws_moveit2/install/moveit_ros_planning:/home/zx/ws_moveit2/install/moveit_ros_occupancy_map_monitor:/home/zx/ws_moveit2/install/moveit_resources_prbt_ikfast_manipulator_plugin:/home/zx/ws_moveit2/install/moveit_planners_chomp:/home/zx/ws_moveit2/install/moveit_kinematics:/home/zx/ws_moveit2/install/moveit_chomp_optimizer_adapter:/home/zx/ws_moveit2/install/chomp_motion_planner:/home/zx/ws_moveit2/install/moveit_core:/home/zx/ws_moveit2/install/srdfdom:/home/zx/ws_moveit2/install/serial_demo:/home/zx/ws_moveit2/install/serial_can:/home/zx/ws_moveit2/install/serial:/home/zx/ws_moveit2/install/rviz_marker_tools:/home/zx/ws_moveit2/install/rosparam_shortcuts:/home/zx/ws_moveit2/install/moveit_task_constructor_msgs:/home/zx/ws_moveit2/install/moveit_resources_prbt_support:/home/zx/ws_moveit2/install/moveit_resources:/home/zx/ws_moveit2/install/moveit_resources_pr2_description:/home/zx/ws_moveit2/install/moveit_resources_panda_moveit_config:/home/zx/ws_moveit2/install/moveit_resources_panda_description:/home/zx/ws_moveit2/install/moveit_resources_fanuc_moveit_config:/home/zx/ws_moveit2/install/moveit_resources_fanuc_description:/home/zx/ws_moveit2/install/moveit_common:/opt/ros/humble CMAKE_PREFIX_PATH=/home/zx/ws_moveit2/install/moveit_setup_framework:/home/zx/ws_moveit2/install/moveit_ros_visualization:/home/zx/ws_moveit2/install/moveit_ros_planning_interface:/home/zx/ws_moveit2/install/moveit_ros_move_group:/home/zx/ws_moveit2/install/moveit_ros_warehouse:/home/zx/ws_moveit2/install/moveit_ros_robot_interaction:/home/zx/ws_moveit2/install/moveit_kinematics:/home/zx/ws_moveit2/install/moveit_ros_planning:/home/zx/ws_moveit2/install/moveit_ros_occupancy_map_monitor:/home/zx/ws_moveit2/install/moveit_core:/home/zx/ws_moveit2/install/moveit_resources_panda_moveit_config:/home/zx/ws_moveit2/install/moveit_resources_fanuc_moveit_config:/home/zx/ws_moveit2/install/srdfdom:/home/zx/ws_moveit2/install/moveit_resources_panda_description:/home/zx/ws_moveit2/install/moveit_resources_fanuc_description:/home/zx/ws_moveit2/install/moveit_common:/home/zx/ws_moveit2/install/urdf_2:/home/zx/ws_moveit2/install/pilz_industrial_motion_planner_testutils:/home/zx/ws_moveit2/install/moveit_runtime:/home/zx/ws_moveit2/install/moveit2_tutorials:/home/zx/ws_moveit2/install/moveit:/home/zx/ws_moveit2/install/moveit_planners:/home/zx/ws_moveit2/install/pilz_industrial_motion_planner:/home/zx/ws_moveit2/install/moveit_visual_tools:/home/zx/ws_moveit2/install/moveit_task_constructor_visualization:/home/zx/ws_moveit2/install/moveit_task_constructor_demo:/home/zx/ws_moveit2/install/moveit_task_constructor_capabilities:/home/zx/ws_moveit2/install/moveit_task_constructor_core:/home/zx/ws_moveit2/install/moveit_ros_control_interface:/home/zx/ws_moveit2/install/moveit_plugins:/home/zx/ws_moveit2/install/moveit_simple_controller_manager:/home/zx/ws_moveit2/install/moveit_setup_assistant:/home/zx/ws_moveit2/install/moveit_setup_srdf_plugins:/home/zx/ws_moveit2/install/moveit_setup_core_plugins:/home/zx/ws_moveit2/install/moveit_setup_controllers:/home/zx/ws_moveit2/install/moveit_setup_app_plugins:/home/zx/ws_moveit2/install/moveit_servo:/home/zx/ws_moveit2/install/moveit_ros:/home/zx/ws_moveit2/install/moveit_hybrid_planning:/home/zx/ws_moveit2/install/moveit_ros_benchmarks:/home/zx/ws_moveit2/install/moveit_ros_perception:/home/zx/ws_moveit2/install/moveit_resources_prbt_pg70_support:/home/zx/ws_moveit2/install/moveit_resources_prbt_moveit_config:/home/zx/ws_moveit2/install/moveit_planners_ompl:/home/zx/ws_moveit2/install/moveit_resources_prbt_ikfast_manipulator_plugin:/home/zx/ws_moveit2/install/moveit_planners_chomp:/home/zx/ws_moveit2/install/moveit_chomp_optimizer_adapter:/home/zx/ws_moveit2/install/chomp_motion_planner:/home/zx/ws_moveit2/install/serial_demo:/home/zx/ws_moveit2/install/serial_can:/home/zx/ws_moveit2/install/serial:/home/zx/ws_moveit2/install/rviz_marker_tools:/home/zx/ws_moveit2/install/rosparam_shortcuts:/home/zx/ws_moveit2/install/moveit_task_constructor_msgs:/home/zx/ws_moveit2/install/moveit_resources_prbt_support:/home/zx/ws_moveit2/install/moveit_resources:/home/zx/ws_moveit2/install/moveit_resources_pr2_description:/home/zx/ws_moveit2/install/tihu_2:/home/zx/ws_moveit2/install/moveit_configs_utils:/home/zx/ws_moveit2/install/launch_param_builder:/opt/ros/humble LD_LIBRARY_PATH=/home/zx/ws_moveit2/install/moveit_setup_framework/lib:/home/zx/ws_moveit2/install/moveit_ros_visualization/lib:/home/zx/ws_moveit2/install/moveit_ros_planning_interface/lib:/home/zx/ws_moveit2/install/moveit_ros_move_group/lib:/home/zx/ws_moveit2/install/moveit_ros_warehouse/lib:/home/zx/ws_moveit2/install/moveit_ros_robot_interaction/lib:/home/zx/ws_moveit2/install/moveit_kinematics/lib:/home/zx/ws_moveit2/install/moveit_ros_planning/lib:/home/zx/ws_moveit2/install/moveit_ros_occupancy_map_monitor/lib:/home/zx/ws_moveit2/install/moveit_core/lib:/home/zx/ws_moveit2/install/srdfdom/lib:/home/zx/ws_moveit2/install/pilz_industrial_motion_planner_testutils/lib:/home/zx/ws_moveit2/install/pilz_industrial_motion_planner/lib:/home/zx/ws_moveit2/install/moveit_visual_tools/lib:/home/zx/ws_moveit2/install/moveit_task_constructor_visualization/lib:/home/zx/ws_moveit2/install/moveit_task_constructor_demo/lib:/home/zx/ws_moveit2/install/moveit_task_constructor_capabilities/lib:/home/zx/ws_moveit2/install/moveit_task_constructor_core/lib:/home/zx/ws_moveit2/install/moveit_ros_control_interface/lib:/home/zx/ws_moveit2/install/moveit_simple_controller_manager/lib:/home/zx/ws_moveit2/install/moveit_setup_assistant/lib:/home/zx/ws_moveit2/install/moveit_setup_srdf_plugins/lib:/home/zx/ws_moveit2/install/moveit_setup_core_plugins/lib:/home/zx/ws_moveit2/install/moveit_setup_controllers/lib:/home/zx/ws_moveit2/install/moveit_setup_app_plugins/lib:/home/zx/ws_moveit2/install/moveit_servo/lib:/home/zx/ws_moveit2/install/moveit_hybrid_planning/lib:/home/zx/ws_moveit2/install/moveit_ros_benchmarks/lib:/home/zx/ws_moveit2/install/moveit_ros_perception/lib:/home/zx/ws_moveit2/install/moveit_planners_ompl/lib:/home/zx/ws_moveit2/install/moveit_resources_prbt_ikfast_manipulator_plugin/lib:/home/zx/ws_moveit2/install/moveit_planners_chomp/lib:/home/zx/ws_moveit2/install/moveit_chomp_optimizer_adapter/lib:/home/zx/ws_moveit2/install/chomp_motion_planner/lib:/home/zx/ws_moveit2/install/serial_can/lib:/home/zx/ws_moveit2/install/serial/lib:/home/zx/ws_moveit2/install/rviz_marker_tools/lib:/home/zx/ws_moveit2/install/rosparam_shortcuts/lib:/home/zx/ws_moveit2/install/moveit_task_constructor_msgs/lib:/opt/ros/humble/opt/rviz_ogre_vendor/lib:/opt/ros/humble/lib/x86_64-linux-gnu:/opt/ros/humble/lib PYTHONPATH=/home/zx/ws_moveit2/install/moveit_configs_utils/lib/python3.10/site-packages:/home/zx/ws_moveit2/install/launch_param_builder/lib/python3.10/site-packages:/home/zx/ws_moveit2/install/tihu_2/lib/python3.10/site-packages:/home/zx/ws_moveit2/install/srdfdom/local/lib/python3.10/dist-packages:/home/zx/ws_moveit2/install/moveit_task_constructor_msgs/local/lib/python3.10/dist-packages:/opt/ros/humble/lib/python3.10/site-packages:/opt/ros/humble/local/lib/python3.10/dist-packages /usr/bin/cmake --install /home/zx/ws_moveit2/build/moveit_setup_controllers
[192.183s] -- Install configuration: "Release"
[192.183s] -- Installing: /home/zx/ws_moveit2/install/moveit_setup_controllers/share/moveit_setup_controllers/templates
[192.184s] -- Installing: /home/zx/ws_moveit2/install/moveit_setup_controllers/share/moveit_setup_controllers/templates/config
[192.184s] -- Installing: /home/zx/ws_moveit2/install/moveit_setup_controllers/share/moveit_setup_controllers/templates/config/gazebo_controllers.yaml
[192.186s] -- Installing: /home/zx/ws_moveit2/install/moveit_setup_controllers/share/moveit_setup_controllers/templates/config/ros2_control.xacro
[192.186s] -- Installing: /home/zx/ws_moveit2/install/moveit_setup_controllers/share/moveit_setup_controllers/templates/config/modified.urdf.xacro
[192.187s] -- Installing: /home/zx/ws_moveit2/install/moveit_setup_controllers/lib/libmoveit_setup_controllers.so
[192.188s] -- Set runtime path of "/home/zx/ws_moveit2/install/moveit_setup_controllers/lib/libmoveit_setup_controllers.so" to ""
[192.188s] -- Installing: /home/zx/ws_moveit2/install/moveit_setup_controllers/share/moveit_setup_controllers/moveit_setup_framework_plugins.xml
[192.188s] -- Installing: /home/zx/ws_moveit2/install/moveit_setup_controllers/include
[192.188s] -- Installing: /home/zx/ws_moveit2/install/moveit_setup_controllers/include/moveit_setup_controllers
[192.188s] -- Installing: /home/zx/ws_moveit2/install/moveit_setup_controllers/include/moveit_setup_controllers/control_xacro_config.hpp
[192.189s] -- Installing: /home/zx/ws_moveit2/install/moveit_setup_controllers/include/moveit_setup_controllers/included_xacro_config.hpp
[192.189s] -- Installing: /home/zx/ws_moveit2/install/moveit_setup_controllers/include/moveit_setup_controllers/controller_edit_widget.hpp
[192.189s] -- Installing: /home/zx/ws_moveit2/install/moveit_setup_controllers/include/moveit_setup_controllers/modified_urdf_config.hpp
[192.189s] -- Installing: /home/zx/ws_moveit2/install/moveit_setup_controllers/include/moveit_setup_controllers/controllers_widget.hpp
[192.189s] -- Installing: /home/zx/ws_moveit2/install/moveit_setup_controllers/include/moveit_setup_controllers/controllers_config.hpp
[192.189s] -- Installing: /home/zx/ws_moveit2/install/moveit_setup_controllers/include/moveit_setup_controllers/ros2_controllers_config.hpp
[192.189s] -- Installing: /home/zx/ws_moveit2/install/moveit_setup_controllers/include/moveit_setup_controllers/urdf_modifications_widget.hpp
[192.189s] -- Installing: /home/zx/ws_moveit2/install/moveit_setup_controllers/include/moveit_setup_controllers/moveit_controllers_config.hpp
[192.189s] -- Installing: /home/zx/ws_moveit2/install/moveit_setup_controllers/include/moveit_setup_controllers/ros2_controllers.hpp
[192.189s] -- Installing: /home/zx/ws_moveit2/install/moveit_setup_controllers/include/moveit_setup_controllers/urdf_modifications.hpp
[192.189s] -- Installing: /home/zx/ws_moveit2/install/moveit_setup_controllers/include/moveit_setup_controllers/controllers.hpp
[192.189s] -- Installing: /home/zx/ws_moveit2/install/moveit_setup_controllers/include/moveit_setup_controllers/moveit_controllers.hpp
[192.189s] -- Installing: /home/zx/ws_moveit2/install/moveit_setup_controllers/share/moveit_setup_controllers/launch
[192.189s] -- Installing: /home/zx/ws_moveit2/install/moveit_setup_controllers/share/moveit_setup_controllers/launch/control.launch.py
[192.189s] -- Installing: /home/zx/ws_moveit2/install/moveit_setup_controllers/share/moveit_setup_controllers/environment/library_path.sh
[192.190s] -- Installing: /home/zx/ws_moveit2/install/moveit_setup_controllers/share/moveit_setup_controllers/environment/library_path.dsv
[192.190s] -- Up-to-date: /home/zx/ws_moveit2/install/moveit_setup_controllers/share/moveit_setup_controllers/moveit_setup_framework_plugins.xml
[192.190s] -- Installing: /home/zx/ws_moveit2/install/moveit_setup_controllers/share/ament_index/resource_index/package_run_dependencies/moveit_setup_controllers
[192.190s] -- Installing: /home/zx/ws_moveit2/install/moveit_setup_controllers/share/ament_index/resource_index/parent_prefix_path/moveit_setup_controllers
[192.190s] -- Installing: /home/zx/ws_moveit2/install/moveit_setup_controllers/share/moveit_setup_controllers/environment/ament_prefix_path.sh
[192.190s] -- Installing: /home/zx/ws_moveit2/install/moveit_setup_controllers/share/moveit_setup_controllers/environment/ament_prefix_path.dsv
[192.190s] -- Installing: /home/zx/ws_moveit2/install/moveit_setup_controllers/share/moveit_setup_controllers/environment/path.sh
[192.190s] -- Installing: /home/zx/ws_moveit2/install/moveit_setup_controllers/share/moveit_setup_controllers/environment/path.dsv
[192.190s] -- Installing: /home/zx/ws_moveit2/install/moveit_setup_controllers/share/moveit_setup_controllers/local_setup.bash
[192.190s] -- Installing: /home/zx/ws_moveit2/install/moveit_setup_controllers/share/moveit_setup_controllers/local_setup.sh
[192.190s] -- Installing: /home/zx/ws_moveit2/install/moveit_setup_controllers/share/moveit_setup_controllers/local_setup.zsh
[192.191s] -- Installing: /home/zx/ws_moveit2/install/moveit_setup_controllers/share/moveit_setup_controllers/local_setup.dsv
[192.191s] -- Installing: /home/zx/ws_moveit2/install/moveit_setup_controllers/share/moveit_setup_controllers/package.dsv
[192.191s] -- Installing: /home/zx/ws_moveit2/install/moveit_setup_controllers/share/ament_index/resource_index/packages/moveit_setup_controllers
[192.191s] -- Installing: /home/zx/ws_moveit2/install/moveit_setup_controllers/share/ament_index/resource_index/moveit_setup_framework__pluginlib__plugin/moveit_setup_controllers
[192.191s] -- Installing: /home/zx/ws_moveit2/install/moveit_setup_controllers/share/moveit_setup_controllers/cmake/export_moveit_setup_controllersExport.cmake
[192.191s] -- Installing: /home/zx/ws_moveit2/install/moveit_setup_controllers/share/moveit_setup_controllers/cmake/export_moveit_setup_controllersExport-release.cmake
[192.191s] -- Installing: /home/zx/ws_moveit2/install/moveit_setup_controllers/share/moveit_setup_controllers/cmake/ament_cmake_export_include_directories-extras.cmake
[192.191s] -- Installing: /home/zx/ws_moveit2/install/moveit_setup_controllers/share/moveit_setup_controllers/cmake/ament_cmake_export_libraries-extras.cmake
[192.191s] -- Installing: /home/zx/ws_moveit2/install/moveit_setup_controllers/share/moveit_setup_controllers/cmake/ament_cmake_export_targets-extras.cmake
[192.191s] -- Installing: /home/zx/ws_moveit2/install/moveit_setup_controllers/share/moveit_setup_controllers/cmake/moveit_setup_controllersConfig.cmake
[192.191s] -- Installing: /home/zx/ws_moveit2/install/moveit_setup_controllers/share/moveit_setup_controllers/cmake/moveit_setup_controllersConfig-version.cmake
[192.191s] -- Installing: /home/zx/ws_moveit2/install/moveit_setup_controllers/share/moveit_setup_controllers/package.xml
[192.197s] Invoked command in '/home/zx/ws_moveit2/build/moveit_setup_controllers' returned '0': AMENT_PREFIX_PATH=/home/zx/ws_moveit2/install/moveit_configs_utils:/home/zx/ws_moveit2/install/launch_param_builder:/home/zx/ws_moveit2/install/urdf_2:/home/zx/ws_moveit2/install/tihu_2:/home/zx/ws_moveit2/install/pilz_industrial_motion_planner_testutils:/home/zx/ws_moveit2/install/moveit_runtime:/home/zx/ws_moveit2/install/moveit2_tutorials:/home/zx/ws_moveit2/install/moveit:/home/zx/ws_moveit2/install/moveit_planners:/home/zx/ws_moveit2/install/pilz_industrial_motion_planner:/home/zx/ws_moveit2/install/moveit_visual_tools:/home/zx/ws_moveit2/install/moveit_task_constructor_visualization:/home/zx/ws_moveit2/install/moveit_task_constructor_demo:/home/zx/ws_moveit2/install/moveit_task_constructor_capabilities:/home/zx/ws_moveit2/install/moveit_task_constructor_core:/home/zx/ws_moveit2/install/moveit_ros_control_interface:/home/zx/ws_moveit2/install/moveit_plugins:/home/zx/ws_moveit2/install/moveit_simple_controller_manager:/home/zx/ws_moveit2/install/moveit_setup_assistant:/home/zx/ws_moveit2/install/moveit_setup_srdf_plugins:/home/zx/ws_moveit2/install/moveit_setup_core_plugins:/home/zx/ws_moveit2/install/moveit_setup_controllers:/home/zx/ws_moveit2/install/moveit_setup_app_plugins:/home/zx/ws_moveit2/install/moveit_setup_framework:/home/zx/ws_moveit2/install/moveit_servo:/home/zx/ws_moveit2/install/moveit_ros:/home/zx/ws_moveit2/install/moveit_ros_visualization:/home/zx/ws_moveit2/install/moveit_hybrid_planning:/home/zx/ws_moveit2/install/moveit_ros_planning_interface:/home/zx/ws_moveit2/install/moveit_ros_benchmarks:/home/zx/ws_moveit2/install/moveit_ros_warehouse:/home/zx/ws_moveit2/install/moveit_ros_robot_interaction:/home/zx/ws_moveit2/install/moveit_ros_perception:/home/zx/ws_moveit2/install/moveit_resources_prbt_pg70_support:/home/zx/ws_moveit2/install/moveit_resources_prbt_moveit_config:/home/zx/ws_moveit2/install/moveit_ros_move_group:/home/zx/ws_moveit2/install/moveit_planners_ompl:/home/zx/ws_moveit2/install/moveit_ros_planning:/home/zx/ws_moveit2/install/moveit_ros_occupancy_map_monitor:/home/zx/ws_moveit2/install/moveit_resources_prbt_ikfast_manipulator_plugin:/home/zx/ws_moveit2/install/moveit_planners_chomp:/home/zx/ws_moveit2/install/moveit_kinematics:/home/zx/ws_moveit2/install/moveit_chomp_optimizer_adapter:/home/zx/ws_moveit2/install/chomp_motion_planner:/home/zx/ws_moveit2/install/moveit_core:/home/zx/ws_moveit2/install/srdfdom:/home/zx/ws_moveit2/install/serial_demo:/home/zx/ws_moveit2/install/serial_can:/home/zx/ws_moveit2/install/serial:/home/zx/ws_moveit2/install/rviz_marker_tools:/home/zx/ws_moveit2/install/rosparam_shortcuts:/home/zx/ws_moveit2/install/moveit_task_constructor_msgs:/home/zx/ws_moveit2/install/moveit_resources_prbt_support:/home/zx/ws_moveit2/install/moveit_resources:/home/zx/ws_moveit2/install/moveit_resources_pr2_description:/home/zx/ws_moveit2/install/moveit_resources_panda_moveit_config:/home/zx/ws_moveit2/install/moveit_resources_panda_description:/home/zx/ws_moveit2/install/moveit_resources_fanuc_moveit_config:/home/zx/ws_moveit2/install/moveit_resources_fanuc_description:/home/zx/ws_moveit2/install/moveit_common:/opt/ros/humble CMAKE_PREFIX_PATH=/home/zx/ws_moveit2/install/moveit_setup_framework:/home/zx/ws_moveit2/install/moveit_ros_visualization:/home/zx/ws_moveit2/install/moveit_ros_planning_interface:/home/zx/ws_moveit2/install/moveit_ros_move_group:/home/zx/ws_moveit2/install/moveit_ros_warehouse:/home/zx/ws_moveit2/install/moveit_ros_robot_interaction:/home/zx/ws_moveit2/install/moveit_kinematics:/home/zx/ws_moveit2/install/moveit_ros_planning:/home/zx/ws_moveit2/install/moveit_ros_occupancy_map_monitor:/home/zx/ws_moveit2/install/moveit_core:/home/zx/ws_moveit2/install/moveit_resources_panda_moveit_config:/home/zx/ws_moveit2/install/moveit_resources_fanuc_moveit_config:/home/zx/ws_moveit2/install/srdfdom:/home/zx/ws_moveit2/install/moveit_resources_panda_description:/home/zx/ws_moveit2/install/moveit_resources_fanuc_description:/home/zx/ws_moveit2/install/moveit_common:/home/zx/ws_moveit2/install/urdf_2:/home/zx/ws_moveit2/install/pilz_industrial_motion_planner_testutils:/home/zx/ws_moveit2/install/moveit_runtime:/home/zx/ws_moveit2/install/moveit2_tutorials:/home/zx/ws_moveit2/install/moveit:/home/zx/ws_moveit2/install/moveit_planners:/home/zx/ws_moveit2/install/pilz_industrial_motion_planner:/home/zx/ws_moveit2/install/moveit_visual_tools:/home/zx/ws_moveit2/install/moveit_task_constructor_visualization:/home/zx/ws_moveit2/install/moveit_task_constructor_demo:/home/zx/ws_moveit2/install/moveit_task_constructor_capabilities:/home/zx/ws_moveit2/install/moveit_task_constructor_core:/home/zx/ws_moveit2/install/moveit_ros_control_interface:/home/zx/ws_moveit2/install/moveit_plugins:/home/zx/ws_moveit2/install/moveit_simple_controller_manager:/home/zx/ws_moveit2/install/moveit_setup_assistant:/home/zx/ws_moveit2/install/moveit_setup_srdf_plugins:/home/zx/ws_moveit2/install/moveit_setup_core_plugins:/home/zx/ws_moveit2/install/moveit_setup_controllers:/home/zx/ws_moveit2/install/moveit_setup_app_plugins:/home/zx/ws_moveit2/install/moveit_servo:/home/zx/ws_moveit2/install/moveit_ros:/home/zx/ws_moveit2/install/moveit_hybrid_planning:/home/zx/ws_moveit2/install/moveit_ros_benchmarks:/home/zx/ws_moveit2/install/moveit_ros_perception:/home/zx/ws_moveit2/install/moveit_resources_prbt_pg70_support:/home/zx/ws_moveit2/install/moveit_resources_prbt_moveit_config:/home/zx/ws_moveit2/install/moveit_planners_ompl:/home/zx/ws_moveit2/install/moveit_resources_prbt_ikfast_manipulator_plugin:/home/zx/ws_moveit2/install/moveit_planners_chomp:/home/zx/ws_moveit2/install/moveit_chomp_optimizer_adapter:/home/zx/ws_moveit2/install/chomp_motion_planner:/home/zx/ws_moveit2/install/serial_demo:/home/zx/ws_moveit2/install/serial_can:/home/zx/ws_moveit2/install/serial:/home/zx/ws_moveit2/install/rviz_marker_tools:/home/zx/ws_moveit2/install/rosparam_shortcuts:/home/zx/ws_moveit2/install/moveit_task_constructor_msgs:/home/zx/ws_moveit2/install/moveit_resources_prbt_support:/home/zx/ws_moveit2/install/moveit_resources:/home/zx/ws_moveit2/install/moveit_resources_pr2_description:/home/zx/ws_moveit2/install/tihu_2:/home/zx/ws_moveit2/install/moveit_configs_utils:/home/zx/ws_moveit2/install/launch_param_builder:/opt/ros/humble LD_LIBRARY_PATH=/home/zx/ws_moveit2/install/moveit_setup_framework/lib:/home/zx/ws_moveit2/install/moveit_ros_visualization/lib:/home/zx/ws_moveit2/install/moveit_ros_planning_interface/lib:/home/zx/ws_moveit2/install/moveit_ros_move_group/lib:/home/zx/ws_moveit2/install/moveit_ros_warehouse/lib:/home/zx/ws_moveit2/install/moveit_ros_robot_interaction/lib:/home/zx/ws_moveit2/install/moveit_kinematics/lib:/home/zx/ws_moveit2/install/moveit_ros_planning/lib:/home/zx/ws_moveit2/install/moveit_ros_occupancy_map_monitor/lib:/home/zx/ws_moveit2/install/moveit_core/lib:/home/zx/ws_moveit2/install/srdfdom/lib:/home/zx/ws_moveit2/install/pilz_industrial_motion_planner_testutils/lib:/home/zx/ws_moveit2/install/pilz_industrial_motion_planner/lib:/home/zx/ws_moveit2/install/moveit_visual_tools/lib:/home/zx/ws_moveit2/install/moveit_task_constructor_visualization/lib:/home/zx/ws_moveit2/install/moveit_task_constructor_demo/lib:/home/zx/ws_moveit2/install/moveit_task_constructor_capabilities/lib:/home/zx/ws_moveit2/install/moveit_task_constructor_core/lib:/home/zx/ws_moveit2/install/moveit_ros_control_interface/lib:/home/zx/ws_moveit2/install/moveit_simple_controller_manager/lib:/home/zx/ws_moveit2/install/moveit_setup_assistant/lib:/home/zx/ws_moveit2/install/moveit_setup_srdf_plugins/lib:/home/zx/ws_moveit2/install/moveit_setup_core_plugins/lib:/home/zx/ws_moveit2/install/moveit_setup_controllers/lib:/home/zx/ws_moveit2/install/moveit_setup_app_plugins/lib:/home/zx/ws_moveit2/install/moveit_servo/lib:/home/zx/ws_moveit2/install/moveit_hybrid_planning/lib:/home/zx/ws_moveit2/install/moveit_ros_benchmarks/lib:/home/zx/ws_moveit2/install/moveit_ros_perception/lib:/home/zx/ws_moveit2/install/moveit_planners_ompl/lib:/home/zx/ws_moveit2/install/moveit_resources_prbt_ikfast_manipulator_plugin/lib:/home/zx/ws_moveit2/install/moveit_planners_chomp/lib:/home/zx/ws_moveit2/install/moveit_chomp_optimizer_adapter/lib:/home/zx/ws_moveit2/install/chomp_motion_planner/lib:/home/zx/ws_moveit2/install/serial_can/lib:/home/zx/ws_moveit2/install/serial/lib:/home/zx/ws_moveit2/install/rviz_marker_tools/lib:/home/zx/ws_moveit2/install/rosparam_shortcuts/lib:/home/zx/ws_moveit2/install/moveit_task_constructor_msgs/lib:/opt/ros/humble/opt/rviz_ogre_vendor/lib:/opt/ros/humble/lib/x86_64-linux-gnu:/opt/ros/humble/lib PYTHONPATH=/home/zx/ws_moveit2/install/moveit_configs_utils/lib/python3.10/site-packages:/home/zx/ws_moveit2/install/launch_param_builder/lib/python3.10/site-packages:/home/zx/ws_moveit2/install/tihu_2/lib/python3.10/site-packages:/home/zx/ws_moveit2/install/srdfdom/local/lib/python3.10/dist-packages:/home/zx/ws_moveit2/install/moveit_task_constructor_msgs/local/lib/python3.10/dist-packages:/opt/ros/humble/lib/python3.10/site-packages:/opt/ros/humble/local/lib/python3.10/dist-packages /usr/bin/cmake --install /home/zx/ws_moveit2/build/moveit_setup_controllers
