[0.022s] Invoking command in '/home/zx/ws_moveit2/build/moveit_servo': AMENT_PREFIX_PATH=/home/zx/ws_moveit2/install/moveit_ros_planning_interface:/home/zx/ws_moveit2/install/moveit_ros_move_group:/home/zx/ws_moveit2/install/moveit_ros_warehouse:/home/zx/ws_moveit2/install/moveit_kinematics:/home/zx/ws_moveit2/install/moveit_ros_planning:/home/zx/ws_moveit2/install/moveit_ros_occupancy_map_monitor:/home/zx/ws_moveit2/install/moveit_core:/home/zx/ws_moveit2/install/moveit_resources_panda_moveit_config:/home/zx/ws_moveit2/install/moveit_configs_utils:/home/zx/ws_moveit2/install/srdfdom:/home/zx/ws_moveit2/install/moveit_resources_panda_description:/home/zx/ws_moveit2/install/moveit_common:/home/zx/ws_moveit2/install/launch_param_builder:${AMENT_PREFIX_PATH} CMAKE_PREFIX_PATH=/home/zx/ws_moveit2/install/moveit_ros_planning_interface:/home/zx/ws_moveit2/install/moveit_ros_move_group:/home/zx/ws_moveit2/install/moveit_ros_warehouse:/home/zx/ws_moveit2/install/moveit_kinematics:/home/zx/ws_moveit2/install/moveit_ros_planning:/home/zx/ws_moveit2/install/moveit_ros_occupancy_map_monitor:/home/zx/ws_moveit2/install/moveit_core:/home/zx/ws_moveit2/install/moveit_resources_panda_moveit_config:/home/zx/ws_moveit2/install/srdfdom:/home/zx/ws_moveit2/install/moveit_resources_panda_description:/home/zx/ws_moveit2/install/moveit_common:/opt/ros/humble LD_LIBRARY_PATH=/home/zx/ws_moveit2/install/moveit_ros_planning_interface/lib:/home/zx/ws_moveit2/install/moveit_ros_move_group/lib:/home/zx/ws_moveit2/install/moveit_ros_warehouse/lib:/home/zx/ws_moveit2/install/moveit_kinematics/lib:/home/zx/ws_moveit2/install/moveit_ros_planning/lib:/home/zx/ws_moveit2/install/moveit_ros_occupancy_map_monitor/lib:/home/zx/ws_moveit2/install/moveit_core/lib:/home/zx/ws_moveit2/install/srdfdom/lib:${LD_LIBRARY_PATH} PATH=/home/zx/ws_moveit2/install/moveit_core/bin:${PATH} PYTHONPATH=/home/zx/ws_moveit2/install/moveit_configs_utils/lib/python3.10/site-packages:/home/zx/ws_moveit2/install/srdfdom/local/lib/python3.10/dist-packages:/home/zx/ws_moveit2/install/launch_param_builder/lib/python3.10/site-packages:${PYTHONPATH} /usr/bin/cmake /home/zx/ws_moveit2/src/moveit2/moveit_ros/moveit_servo -DCMAKE_INSTALL_PREFIX=/home/zx/ws_moveit2/install/moveit_servo
[0.030s] -- Found moveit_common: 2.5.4 (/home/zx/ws_moveit2/install/moveit_common/share/moveit_common/cmake)
[0.030s] -- Found ament_cmake: 1.3.5 (/opt/ros/humble/share/ament_cmake/cmake)
[0.202s] -- Could NOT find libbfd (missing: LIBBFD_LIBRARY LIBBFD_INCLUDE_DIR) 
[0.202s] -- BACKWARD_HAS_UNWIND=1
[0.202s] -- BACKWARD_HAS_BACKTRACE=0
[0.202s] -- BACKWARD_HAS_BACKTRACE_SYMBOL=0
[0.202s] -- BACKWARD_HAS_DW=1
[0.202s] -- BACKWARD_HAS_BFD=0
[0.203s] -- Found Backward: /opt/ros/humble/share/backward_ros/cmake  
[0.203s] -- Found eigen3_cmake_module: 0.1.1 (/opt/ros/humble/share/eigen3_cmake_module/cmake)
[0.205s] -- Found control_msgs: 4.4.0 (/opt/ros/humble/share/control_msgs/cmake)
[0.225s] -- Found rosidl_generator_c: 3.1.5 (/opt/ros/humble/share/rosidl_generator_c/cmake)
[0.228s] -- Found rosidl_adapter: 3.1.5 (/opt/ros/humble/share/rosidl_adapter/cmake)
[0.235s] -- Found rosidl_generator_cpp: 3.1.5 (/opt/ros/humble/share/rosidl_generator_cpp/cmake)
[0.248s] -- Using all available rosidl_typesupport_c: rosidl_typesupport_fastrtps_c;rosidl_typesupport_introspection_c
[0.267s] -- Using all available rosidl_typesupport_cpp: rosidl_typesupport_fastrtps_cpp;rosidl_typesupport_introspection_cpp
[0.825s] -- Found control_toolbox: 3.1.0 (/opt/ros/humble/share/control_toolbox/cmake)
[0.881s] -- Found rmw_implementation_cmake: 6.1.1 (/opt/ros/humble/share/rmw_implementation_cmake/cmake)
[0.882s] -- Found rmw_fastrtps_cpp: 6.2.3 (/opt/ros/humble/share/rmw_fastrtps_cpp/cmake)
[1.005s] -- Using RMW implementation 'rmw_fastrtps_cpp' as default
[1.190s] -- Found moveit_core: 2.5.4 (/home/zx/ws_moveit2/install/moveit_core/share/moveit_core/cmake)
[1.205s] -- Found Boost: /usr/lib/x86_64-linux-gnu/cmake/Boost-1.74.0/BoostConfig.cmake (found version "1.74.0") found components: chrono date_time filesystem iostreams program_options regex serialization system thread 
[1.212s] -- Found parameter_traits: 0.3.6 (/opt/ros/humble/share/parameter_traits/cmake)
[1.227s] -- Found rclcpp_lifecycle: 16.0.5 (/opt/ros/humble/share/rclcpp_lifecycle/cmake)
[1.271s] -- Found Boost: /usr/lib/x86_64-linux-gnu/cmake/Boost-1.74.0/BoostConfig.cmake (found version "1.74.0") found components: filesystem 
[1.307s] -- library: /usr/lib/x86_64-linux-gnu/libcurl.so
[1.525s] -- Ensuring Eigen3 include directory is part of orocos-kdl CMake target
[2.458s] -- Found moveit_ros_planning: 2.5.4 (/home/zx/ws_moveit2/install/moveit_ros_planning/share/moveit_ros_planning/cmake)
[2.463s] -- Found Boost: /usr/lib/x86_64-linux-gnu/cmake/Boost-1.74.0/BoostConfig.cmake (found version "1.74.0") found components: system filesystem date_time program_options thread chrono 
[2.910s] -- Found std_srvs: 4.2.3 (/opt/ros/humble/share/std_srvs/cmake)
[3.000s] -- Found ament_lint_auto: 0.12.7 (/opt/ros/humble/share/ament_lint_auto/cmake)
[3.001s] -- Found ament_cmake_gtest: 1.3.5 (/opt/ros/humble/share/ament_cmake_gtest/cmake)
[3.002s] -- Found ros_testing: 0.4.0 (/opt/ros/humble/share/ros_testing/cmake)
[3.002s] -- Found launch_testing_ament_cmake: 1.0.4 (/opt/ros/humble/share/launch_testing_ament_cmake/cmake)
[3.002s] -- Found python_cmake_module: 0.10.0 (/opt/ros/humble/share/python_cmake_module/cmake)
[3.019s] -- Using PYTHON_EXECUTABLE: /usr/bin/python3
[3.019s] -- Using PYTHON_INCLUDE_DIRS: /usr/include/python3.10
[3.019s] -- Using PYTHON_LIBRARIES: /usr/lib/x86_64-linux-gnu/libpython3.10.so
[3.022s] -- Found Boost: /usr/lib/x86_64-linux-gnu/cmake/Boost-1.74.0/BoostConfig.cmake (found version "1.74.0") found components: filesystem 
[3.399s] -- Found gtest sources under '/opt/ros/humble/src/gtest_vendor': C++ tests using 'Google Test' will be built
[3.449s] -- Added test 'cppcheck' to perform static code analysis on C / C++ code
[3.451s] -- Configured cppcheck include dirs: /home/zx/ws_moveit2/src/moveit2/moveit_ros/moveit_servo/include
[3.451s] -- Configured cppcheck exclude dirs and/or files: 
[3.452s] -- Added test 'lint_cmake' to check CMake code style
[3.453s] -- Added test 'pep257' to check Python code against some of the docstring style conventions in PEP 257
[3.453s] -- Added test 'xmllint' to check XML markup files
[3.455s] -- Configuring done
[3.627s] -- Generating done
[3.630s] -- Build files have been written to: /home/zx/ws_moveit2/build/moveit_servo
[3.643s] Invoked command in '/home/zx/ws_moveit2/build/moveit_servo' returned '0': AMENT_PREFIX_PATH=/home/zx/ws_moveit2/install/moveit_ros_planning_interface:/home/zx/ws_moveit2/install/moveit_ros_move_group:/home/zx/ws_moveit2/install/moveit_ros_warehouse:/home/zx/ws_moveit2/install/moveit_kinematics:/home/zx/ws_moveit2/install/moveit_ros_planning:/home/zx/ws_moveit2/install/moveit_ros_occupancy_map_monitor:/home/zx/ws_moveit2/install/moveit_core:/home/zx/ws_moveit2/install/moveit_resources_panda_moveit_config:/home/zx/ws_moveit2/install/moveit_configs_utils:/home/zx/ws_moveit2/install/srdfdom:/home/zx/ws_moveit2/install/moveit_resources_panda_description:/home/zx/ws_moveit2/install/moveit_common:/home/zx/ws_moveit2/install/launch_param_builder:${AMENT_PREFIX_PATH} CMAKE_PREFIX_PATH=/home/zx/ws_moveit2/install/moveit_ros_planning_interface:/home/zx/ws_moveit2/install/moveit_ros_move_group:/home/zx/ws_moveit2/install/moveit_ros_warehouse:/home/zx/ws_moveit2/install/moveit_kinematics:/home/zx/ws_moveit2/install/moveit_ros_planning:/home/zx/ws_moveit2/install/moveit_ros_occupancy_map_monitor:/home/zx/ws_moveit2/install/moveit_core:/home/zx/ws_moveit2/install/moveit_resources_panda_moveit_config:/home/zx/ws_moveit2/install/srdfdom:/home/zx/ws_moveit2/install/moveit_resources_panda_description:/home/zx/ws_moveit2/install/moveit_common:/opt/ros/humble LD_LIBRARY_PATH=/home/zx/ws_moveit2/install/moveit_ros_planning_interface/lib:/home/zx/ws_moveit2/install/moveit_ros_move_group/lib:/home/zx/ws_moveit2/install/moveit_ros_warehouse/lib:/home/zx/ws_moveit2/install/moveit_kinematics/lib:/home/zx/ws_moveit2/install/moveit_ros_planning/lib:/home/zx/ws_moveit2/install/moveit_ros_occupancy_map_monitor/lib:/home/zx/ws_moveit2/install/moveit_core/lib:/home/zx/ws_moveit2/install/srdfdom/lib:${LD_LIBRARY_PATH} PATH=/home/zx/ws_moveit2/install/moveit_core/bin:${PATH} PYTHONPATH=/home/zx/ws_moveit2/install/moveit_configs_utils/lib/python3.10/site-packages:/home/zx/ws_moveit2/install/srdfdom/local/lib/python3.10/dist-packages:/home/zx/ws_moveit2/install/launch_param_builder/lib/python3.10/site-packages:${PYTHONPATH} /usr/bin/cmake /home/zx/ws_moveit2/src/moveit2/moveit_ros/moveit_servo -DCMAKE_INSTALL_PREFIX=/home/zx/ws_moveit2/install/moveit_servo
[3.643s] Invoking command in '/home/zx/ws_moveit2/build/moveit_servo': AMENT_PREFIX_PATH=/home/zx/ws_moveit2/install/moveit_ros_planning_interface:/home/zx/ws_moveit2/install/moveit_ros_move_group:/home/zx/ws_moveit2/install/moveit_ros_warehouse:/home/zx/ws_moveit2/install/moveit_kinematics:/home/zx/ws_moveit2/install/moveit_ros_planning:/home/zx/ws_moveit2/install/moveit_ros_occupancy_map_monitor:/home/zx/ws_moveit2/install/moveit_core:/home/zx/ws_moveit2/install/moveit_resources_panda_moveit_config:/home/zx/ws_moveit2/install/moveit_configs_utils:/home/zx/ws_moveit2/install/srdfdom:/home/zx/ws_moveit2/install/moveit_resources_panda_description:/home/zx/ws_moveit2/install/moveit_common:/home/zx/ws_moveit2/install/launch_param_builder:${AMENT_PREFIX_PATH} CMAKE_PREFIX_PATH=/home/zx/ws_moveit2/install/moveit_ros_planning_interface:/home/zx/ws_moveit2/install/moveit_ros_move_group:/home/zx/ws_moveit2/install/moveit_ros_warehouse:/home/zx/ws_moveit2/install/moveit_kinematics:/home/zx/ws_moveit2/install/moveit_ros_planning:/home/zx/ws_moveit2/install/moveit_ros_occupancy_map_monitor:/home/zx/ws_moveit2/install/moveit_core:/home/zx/ws_moveit2/install/moveit_resources_panda_moveit_config:/home/zx/ws_moveit2/install/srdfdom:/home/zx/ws_moveit2/install/moveit_resources_panda_description:/home/zx/ws_moveit2/install/moveit_common:/opt/ros/humble LD_LIBRARY_PATH=/home/zx/ws_moveit2/install/moveit_ros_planning_interface/lib:/home/zx/ws_moveit2/install/moveit_ros_move_group/lib:/home/zx/ws_moveit2/install/moveit_ros_warehouse/lib:/home/zx/ws_moveit2/install/moveit_kinematics/lib:/home/zx/ws_moveit2/install/moveit_ros_planning/lib:/home/zx/ws_moveit2/install/moveit_ros_occupancy_map_monitor/lib:/home/zx/ws_moveit2/install/moveit_core/lib:/home/zx/ws_moveit2/install/srdfdom/lib:${LD_LIBRARY_PATH} PATH=/home/zx/ws_moveit2/install/moveit_core/bin:${PATH} PYTHONPATH=/home/zx/ws_moveit2/install/moveit_configs_utils/lib/python3.10/site-packages:/home/zx/ws_moveit2/install/srdfdom/local/lib/python3.10/dist-packages:/home/zx/ws_moveit2/install/launch_param_builder/lib/python3.10/site-packages:${PYTHONPATH} /usr/bin/cmake --build /home/zx/ws_moveit2/build/moveit_servo -- -j12 -l12
[3.676s] [35m[1mConsolidate compiler generated dependencies of target moveit_servo_lib_parameters[0m
[3.697s] [  9%] Built target moveit_servo_lib_parameters
[3.706s] [35m[1mConsolidate compiler generated dependencies of target gtest[0m
[3.716s] [ 15%] Built target gtest
[3.729s] [35m[1mConsolidate compiler generated dependencies of target moveit_servo_lib[0m
[3.763s] [ 33%] Built target moveit_servo_lib
[3.772s] [35m[1mConsolidate compiler generated dependencies of target gtest_main[0m
[3.782s] [ 39%] Built target gtest_main
[3.791s] [35m[1mConsolidate compiler generated dependencies of target servo_node[0m
[3.813s] [ 45%] Built target servo_node
[3.826s] [35m[1mConsolidate compiler generated dependencies of target servo_calcs_unit_tests[0m
[3.848s] [ 51%] Built target servo_calcs_unit_tests
[3.857s] [35m[1mConsolidate compiler generated dependencies of target servo_node_main[0m
[3.879s] [ 57%] Built target servo_node_main
[3.888s] [35m[1mConsolidate compiler generated dependencies of target test_servo_collision[0m
[3.910s] [ 63%] Built target test_servo_collision
[3.919s] [35m[1mConsolidate compiler generated dependencies of target test_servo_integration[0m
[3.941s] [ 69%] Built target test_servo_integration
[3.950s] [35m[1mConsolidate compiler generated dependencies of target pose_tracking[0m
[3.972s] [ 75%] Built target pose_tracking
[3.981s] [35m[1mConsolidate compiler generated dependencies of target fake_command_publisher[0m
[3.992s] [ 81%] Built target fake_command_publisher
[4.002s] [35m[1mConsolidate compiler generated dependencies of target test_servo_pose_tracking[0m
[4.024s] [ 87%] Built target test_servo_pose_tracking
[4.034s] [35m[1mConsolidate compiler generated dependencies of target servo_pose_tracking_demo[0m
[4.057s] [ 93%] Built target servo_pose_tracking_demo
[4.065s] [35m[1mConsolidate compiler generated dependencies of target servo_controller_input[0m
[4.079s] [100%] Built target servo_controller_input
[4.087s] Invoked command in '/home/zx/ws_moveit2/build/moveit_servo' returned '0': AMENT_PREFIX_PATH=/home/zx/ws_moveit2/install/moveit_ros_planning_interface:/home/zx/ws_moveit2/install/moveit_ros_move_group:/home/zx/ws_moveit2/install/moveit_ros_warehouse:/home/zx/ws_moveit2/install/moveit_kinematics:/home/zx/ws_moveit2/install/moveit_ros_planning:/home/zx/ws_moveit2/install/moveit_ros_occupancy_map_monitor:/home/zx/ws_moveit2/install/moveit_core:/home/zx/ws_moveit2/install/moveit_resources_panda_moveit_config:/home/zx/ws_moveit2/install/moveit_configs_utils:/home/zx/ws_moveit2/install/srdfdom:/home/zx/ws_moveit2/install/moveit_resources_panda_description:/home/zx/ws_moveit2/install/moveit_common:/home/zx/ws_moveit2/install/launch_param_builder:${AMENT_PREFIX_PATH} CMAKE_PREFIX_PATH=/home/zx/ws_moveit2/install/moveit_ros_planning_interface:/home/zx/ws_moveit2/install/moveit_ros_move_group:/home/zx/ws_moveit2/install/moveit_ros_warehouse:/home/zx/ws_moveit2/install/moveit_kinematics:/home/zx/ws_moveit2/install/moveit_ros_planning:/home/zx/ws_moveit2/install/moveit_ros_occupancy_map_monitor:/home/zx/ws_moveit2/install/moveit_core:/home/zx/ws_moveit2/install/moveit_resources_panda_moveit_config:/home/zx/ws_moveit2/install/srdfdom:/home/zx/ws_moveit2/install/moveit_resources_panda_description:/home/zx/ws_moveit2/install/moveit_common:/opt/ros/humble LD_LIBRARY_PATH=/home/zx/ws_moveit2/install/moveit_ros_planning_interface/lib:/home/zx/ws_moveit2/install/moveit_ros_move_group/lib:/home/zx/ws_moveit2/install/moveit_ros_warehouse/lib:/home/zx/ws_moveit2/install/moveit_kinematics/lib:/home/zx/ws_moveit2/install/moveit_ros_planning/lib:/home/zx/ws_moveit2/install/moveit_ros_occupancy_map_monitor/lib:/home/zx/ws_moveit2/install/moveit_core/lib:/home/zx/ws_moveit2/install/srdfdom/lib:${LD_LIBRARY_PATH} PATH=/home/zx/ws_moveit2/install/moveit_core/bin:${PATH} PYTHONPATH=/home/zx/ws_moveit2/install/moveit_configs_utils/lib/python3.10/site-packages:/home/zx/ws_moveit2/install/srdfdom/local/lib/python3.10/dist-packages:/home/zx/ws_moveit2/install/launch_param_builder/lib/python3.10/site-packages:${PYTHONPATH} /usr/bin/cmake --build /home/zx/ws_moveit2/build/moveit_servo -- -j12 -l12
[4.131s] Invoking command in '/home/zx/ws_moveit2/build/moveit_servo': AMENT_PREFIX_PATH=/home/zx/ws_moveit2/install/moveit_ros_planning_interface:/home/zx/ws_moveit2/install/moveit_ros_move_group:/home/zx/ws_moveit2/install/moveit_ros_warehouse:/home/zx/ws_moveit2/install/moveit_kinematics:/home/zx/ws_moveit2/install/moveit_ros_planning:/home/zx/ws_moveit2/install/moveit_ros_occupancy_map_monitor:/home/zx/ws_moveit2/install/moveit_core:/home/zx/ws_moveit2/install/moveit_resources_panda_moveit_config:/home/zx/ws_moveit2/install/moveit_configs_utils:/home/zx/ws_moveit2/install/srdfdom:/home/zx/ws_moveit2/install/moveit_resources_panda_description:/home/zx/ws_moveit2/install/moveit_common:/home/zx/ws_moveit2/install/launch_param_builder:${AMENT_PREFIX_PATH} CMAKE_PREFIX_PATH=/home/zx/ws_moveit2/install/moveit_ros_planning_interface:/home/zx/ws_moveit2/install/moveit_ros_move_group:/home/zx/ws_moveit2/install/moveit_ros_warehouse:/home/zx/ws_moveit2/install/moveit_kinematics:/home/zx/ws_moveit2/install/moveit_ros_planning:/home/zx/ws_moveit2/install/moveit_ros_occupancy_map_monitor:/home/zx/ws_moveit2/install/moveit_core:/home/zx/ws_moveit2/install/moveit_resources_panda_moveit_config:/home/zx/ws_moveit2/install/srdfdom:/home/zx/ws_moveit2/install/moveit_resources_panda_description:/home/zx/ws_moveit2/install/moveit_common:/opt/ros/humble LD_LIBRARY_PATH=/home/zx/ws_moveit2/install/moveit_ros_planning_interface/lib:/home/zx/ws_moveit2/install/moveit_ros_move_group/lib:/home/zx/ws_moveit2/install/moveit_ros_warehouse/lib:/home/zx/ws_moveit2/install/moveit_kinematics/lib:/home/zx/ws_moveit2/install/moveit_ros_planning/lib:/home/zx/ws_moveit2/install/moveit_ros_occupancy_map_monitor/lib:/home/zx/ws_moveit2/install/moveit_core/lib:/home/zx/ws_moveit2/install/srdfdom/lib:${LD_LIBRARY_PATH} PATH=/home/zx/ws_moveit2/install/moveit_core/bin:${PATH} PYTHONPATH=/home/zx/ws_moveit2/install/moveit_configs_utils/lib/python3.10/site-packages:/home/zx/ws_moveit2/install/srdfdom/local/lib/python3.10/dist-packages:/home/zx/ws_moveit2/install/launch_param_builder/lib/python3.10/site-packages:${PYTHONPATH} /usr/bin/cmake --install /home/zx/ws_moveit2/build/moveit_servo
[4.137s] -- Install configuration: "Release"
[4.137s] -- Up-to-date: /home/zx/ws_moveit2/install/moveit_servo/lib/libmoveit_servo_lib.so.2.5.4
[4.137s] -- Up-to-date: /home/zx/ws_moveit2/install/moveit_servo/lib/libmoveit_servo_lib.so
[4.138s] -- Up-to-date: /home/zx/ws_moveit2/install/moveit_servo/lib/libmoveit_servo_lib_parameters.so.2.5.4
[4.138s] -- Up-to-date: /home/zx/ws_moveit2/install/moveit_servo/lib/libmoveit_servo_lib_parameters.so
[4.138s] -- Up-to-date: /home/zx/ws_moveit2/install/moveit_servo/lib/libpose_tracking.so
[4.139s] -- Up-to-date: /home/zx/ws_moveit2/install/moveit_servo/lib/libservo_node.so
[4.139s] -- Up-to-date: /home/zx/ws_moveit2/install/moveit_servo/lib/libservo_controller_input.so
[4.140s] -- Up-to-date: /home/zx/ws_moveit2/install/moveit_servo/lib/moveit_servo/servo_node_main
[4.140s] -- Up-to-date: /home/zx/ws_moveit2/install/moveit_servo/lib/moveit_servo/servo_pose_tracking_demo
[4.141s] -- Up-to-date: /home/zx/ws_moveit2/install/moveit_servo/lib/moveit_servo/fake_command_publisher
[4.141s] -- Up-to-date: /home/zx/ws_moveit2/install/moveit_servo/include
[4.141s] -- Up-to-date: /home/zx/ws_moveit2/install/moveit_servo/include/moveit_servo
[4.141s] -- Up-to-date: /home/zx/ws_moveit2/install/moveit_servo/include/moveit_servo/pose_tracking.h
[4.141s] -- Up-to-date: /home/zx/ws_moveit2/install/moveit_servo/include/moveit_servo/servo_server.h
[4.141s] -- Up-to-date: /home/zx/ws_moveit2/install/moveit_servo/include/moveit_servo/servo.h
[4.141s] -- Up-to-date: /home/zx/ws_moveit2/install/moveit_servo/include/moveit_servo/servo_node.h
[4.141s] -- Up-to-date: /home/zx/ws_moveit2/install/moveit_servo/include/moveit_servo/utilities.h
[4.141s] -- Up-to-date: /home/zx/ws_moveit2/install/moveit_servo/include/moveit_servo/collision_check.h
[4.141s] -- Up-to-date: /home/zx/ws_moveit2/install/moveit_servo/include/moveit_servo/servo_parameters.h
[4.141s] -- Up-to-date: /home/zx/ws_moveit2/install/moveit_servo/include/moveit_servo/enforce_limits.hpp
[4.141s] -- Up-to-date: /home/zx/ws_moveit2/install/moveit_servo/include/moveit_servo/make_shared_from_pool.h
[4.141s] -- Up-to-date: /home/zx/ws_moveit2/install/moveit_servo/include/moveit_servo/parameter_descriptor_builder.hpp
[4.141s] -- Up-to-date: /home/zx/ws_moveit2/install/moveit_servo/include/moveit_servo/status_codes.h
[4.141s] -- Up-to-date: /home/zx/ws_moveit2/install/moveit_servo/include/moveit_servo/servo_calcs.h
[4.141s] -- Up-to-date: /home/zx/ws_moveit2/install/moveit_servo/share/moveit_servo/launch
[4.141s] -- Up-to-date: /home/zx/ws_moveit2/install/moveit_servo/share/moveit_servo/launch/servo_example.launch.py
[4.141s] -- Up-to-date: /home/zx/ws_moveit2/install/moveit_servo/share/moveit_servo/launch/pose_tracking_example.launch.py
[4.141s] -- Up-to-date: /home/zx/ws_moveit2/install/moveit_servo/share/moveit_servo/config
[4.141s] -- Up-to-date: /home/zx/ws_moveit2/install/moveit_servo/share/moveit_servo/config/demo_rviz_config.rviz
[4.142s] -- Up-to-date: /home/zx/ws_moveit2/install/moveit_servo/share/moveit_servo/config/panda_simulated_config_pose_tracking.yaml
[4.142s] -- Up-to-date: /home/zx/ws_moveit2/install/moveit_servo/share/moveit_servo/config/pose_tracking_settings.yaml
[4.142s] -- Up-to-date: /home/zx/ws_moveit2/install/moveit_servo/share/moveit_servo/config/panda_simulated_config.yaml
[4.142s] -- Up-to-date: /home/zx/ws_moveit2/install/moveit_servo/share/moveit_servo/config/demo_rviz_pose_tracking.rviz
[4.142s] -- Up-to-date: /home/zx/ws_moveit2/install/moveit_servo/share/moveit_servo/environment/library_path.sh
[4.142s] -- Installing: /home/zx/ws_moveit2/install/moveit_servo/share/moveit_servo/environment/library_path.dsv
[4.142s] -- Up-to-date: /home/zx/ws_moveit2/install/moveit_servo/share/ament_index/resource_index/package_run_dependencies/moveit_servo
[4.142s] -- Up-to-date: /home/zx/ws_moveit2/install/moveit_servo/share/ament_index/resource_index/parent_prefix_path/moveit_servo
[4.142s] -- Up-to-date: /home/zx/ws_moveit2/install/moveit_servo/share/moveit_servo/environment/ament_prefix_path.sh
[4.142s] -- Installing: /home/zx/ws_moveit2/install/moveit_servo/share/moveit_servo/environment/ament_prefix_path.dsv
[4.142s] -- Up-to-date: /home/zx/ws_moveit2/install/moveit_servo/share/moveit_servo/environment/path.sh
[4.142s] -- Installing: /home/zx/ws_moveit2/install/moveit_servo/share/moveit_servo/environment/path.dsv
[4.142s] -- Up-to-date: /home/zx/ws_moveit2/install/moveit_servo/share/moveit_servo/local_setup.bash
[4.142s] -- Up-to-date: /home/zx/ws_moveit2/install/moveit_servo/share/moveit_servo/local_setup.sh
[4.142s] -- Up-to-date: /home/zx/ws_moveit2/install/moveit_servo/share/moveit_servo/local_setup.zsh
[4.142s] -- Installing: /home/zx/ws_moveit2/install/moveit_servo/share/moveit_servo/local_setup.dsv
[4.142s] -- Installing: /home/zx/ws_moveit2/install/moveit_servo/share/moveit_servo/package.dsv
[4.142s] -- Up-to-date: /home/zx/ws_moveit2/install/moveit_servo/share/ament_index/resource_index/packages/moveit_servo
[4.142s] -- Up-to-date: /home/zx/ws_moveit2/install/moveit_servo/share/ament_index/resource_index/rclcpp_components/moveit_servo
[4.143s] -- Up-to-date: /home/zx/ws_moveit2/install/moveit_servo/share/moveit_servo/cmake/export_moveit_servoExport.cmake
[4.143s] -- Up-to-date: /home/zx/ws_moveit2/install/moveit_servo/share/moveit_servo/cmake/export_moveit_servoExport-release.cmake
[4.143s] -- Up-to-date: /home/zx/ws_moveit2/install/moveit_servo/share/moveit_servo/cmake/ament_cmake_export_targets-extras.cmake
[4.143s] -- Up-to-date: /home/zx/ws_moveit2/install/moveit_servo/share/moveit_servo/cmake/ament_cmake_export_dependencies-extras.cmake
[4.143s] -- Up-to-date: /home/zx/ws_moveit2/install/moveit_servo/share/moveit_servo/cmake/moveit_servoConfig.cmake
[4.143s] -- Up-to-date: /home/zx/ws_moveit2/install/moveit_servo/share/moveit_servo/cmake/moveit_servoConfig-version.cmake
[4.143s] -- Up-to-date: /home/zx/ws_moveit2/install/moveit_servo/share/moveit_servo/package.xml
[4.146s] Invoked command in '/home/zx/ws_moveit2/build/moveit_servo' returned '0': AMENT_PREFIX_PATH=/home/zx/ws_moveit2/install/moveit_ros_planning_interface:/home/zx/ws_moveit2/install/moveit_ros_move_group:/home/zx/ws_moveit2/install/moveit_ros_warehouse:/home/zx/ws_moveit2/install/moveit_kinematics:/home/zx/ws_moveit2/install/moveit_ros_planning:/home/zx/ws_moveit2/install/moveit_ros_occupancy_map_monitor:/home/zx/ws_moveit2/install/moveit_core:/home/zx/ws_moveit2/install/moveit_resources_panda_moveit_config:/home/zx/ws_moveit2/install/moveit_configs_utils:/home/zx/ws_moveit2/install/srdfdom:/home/zx/ws_moveit2/install/moveit_resources_panda_description:/home/zx/ws_moveit2/install/moveit_common:/home/zx/ws_moveit2/install/launch_param_builder:${AMENT_PREFIX_PATH} CMAKE_PREFIX_PATH=/home/zx/ws_moveit2/install/moveit_ros_planning_interface:/home/zx/ws_moveit2/install/moveit_ros_move_group:/home/zx/ws_moveit2/install/moveit_ros_warehouse:/home/zx/ws_moveit2/install/moveit_kinematics:/home/zx/ws_moveit2/install/moveit_ros_planning:/home/zx/ws_moveit2/install/moveit_ros_occupancy_map_monitor:/home/zx/ws_moveit2/install/moveit_core:/home/zx/ws_moveit2/install/moveit_resources_panda_moveit_config:/home/zx/ws_moveit2/install/srdfdom:/home/zx/ws_moveit2/install/moveit_resources_panda_description:/home/zx/ws_moveit2/install/moveit_common:/opt/ros/humble LD_LIBRARY_PATH=/home/zx/ws_moveit2/install/moveit_ros_planning_interface/lib:/home/zx/ws_moveit2/install/moveit_ros_move_group/lib:/home/zx/ws_moveit2/install/moveit_ros_warehouse/lib:/home/zx/ws_moveit2/install/moveit_kinematics/lib:/home/zx/ws_moveit2/install/moveit_ros_planning/lib:/home/zx/ws_moveit2/install/moveit_ros_occupancy_map_monitor/lib:/home/zx/ws_moveit2/install/moveit_core/lib:/home/zx/ws_moveit2/install/srdfdom/lib:${LD_LIBRARY_PATH} PATH=/home/zx/ws_moveit2/install/moveit_core/bin:${PATH} PYTHONPATH=/home/zx/ws_moveit2/install/moveit_configs_utils/lib/python3.10/site-packages:/home/zx/ws_moveit2/install/srdfdom/local/lib/python3.10/dist-packages:/home/zx/ws_moveit2/install/launch_param_builder/lib/python3.10/site-packages:${PYTHONPATH} /usr/bin/cmake --install /home/zx/ws_moveit2/build/moveit_servo
