[0.012s] Invoking command in '/home/zx/ws_moveit2/build/moveit_resources': AMENT_PREFIX_PATH=/home/zx/ws_moveit2/install/moveit_resources_panda_moveit_config:/home/zx/ws_moveit2/install/moveit_resources_fanuc_moveit_config:/home/zx/ws_moveit2/install/moveit_resources_pr2_description:/home/zx/ws_moveit2/install/moveit_resources_panda_description:/home/zx/ws_moveit2/install/moveit_resources_fanuc_description:${AMENT_PREFIX_PATH} CMAKE_PREFIX_PATH=/home/zx/ws_moveit2/install/moveit_resources_panda_moveit_config:/home/zx/ws_moveit2/install/moveit_resources_fanuc_moveit_config:/home/zx/ws_moveit2/install/moveit_resources_pr2_description:/home/zx/ws_moveit2/install/moveit_resources_panda_description:/home/zx/ws_moveit2/install/moveit_resources_fanuc_description:/opt/ros/humble /usr/bin/cmake /home/zx/ws_moveit2/src/moveit_resources/moveit_resources -DCMAKE_INSTALL_PREFIX=/home/zx/ws_moveit2/install/moveit_resources
[0.024s] -- Found ament_cmake: 1.3.5 (/opt/ros/humble/share/ament_cmake/cmake)
[0.210s] -- Configuring done
[0.213s] -- Generating done
[0.214s] -- Build files have been written to: /home/zx/ws_moveit2/build/moveit_resources
[0.486s] Invoked command in '/home/zx/ws_moveit2/build/moveit_resources' returned '0': AMENT_PREFIX_PATH=/home/zx/ws_moveit2/install/moveit_resources_panda_moveit_config:/home/zx/ws_moveit2/install/moveit_resources_fanuc_moveit_config:/home/zx/ws_moveit2/install/moveit_resources_pr2_description:/home/zx/ws_moveit2/install/moveit_resources_panda_description:/home/zx/ws_moveit2/install/moveit_resources_fanuc_description:${AMENT_PREFIX_PATH} CMAKE_PREFIX_PATH=/home/zx/ws_moveit2/install/moveit_resources_panda_moveit_config:/home/zx/ws_moveit2/install/moveit_resources_fanuc_moveit_config:/home/zx/ws_moveit2/install/moveit_resources_pr2_description:/home/zx/ws_moveit2/install/moveit_resources_panda_description:/home/zx/ws_moveit2/install/moveit_resources_fanuc_description:/opt/ros/humble /usr/bin/cmake /home/zx/ws_moveit2/src/moveit_resources/moveit_resources -DCMAKE_INSTALL_PREFIX=/home/zx/ws_moveit2/install/moveit_resources
[0.487s] Invoking command in '/home/zx/ws_moveit2/build/moveit_resources': AMENT_PREFIX_PATH=/home/zx/ws_moveit2/install/moveit_resources_panda_moveit_config:/home/zx/ws_moveit2/install/moveit_resources_fanuc_moveit_config:/home/zx/ws_moveit2/install/moveit_resources_pr2_description:/home/zx/ws_moveit2/install/moveit_resources_panda_description:/home/zx/ws_moveit2/install/moveit_resources_fanuc_description:${AMENT_PREFIX_PATH} CMAKE_PREFIX_PATH=/home/zx/ws_moveit2/install/moveit_resources_panda_moveit_config:/home/zx/ws_moveit2/install/moveit_resources_fanuc_moveit_config:/home/zx/ws_moveit2/install/moveit_resources_pr2_description:/home/zx/ws_moveit2/install/moveit_resources_panda_description:/home/zx/ws_moveit2/install/moveit_resources_fanuc_description:/opt/ros/humble /usr/bin/cmake --build /home/zx/ws_moveit2/build/moveit_resources -- -j12 -l12
[0.515s] Invoked command in '/home/zx/ws_moveit2/build/moveit_resources' returned '0': AMENT_PREFIX_PATH=/home/zx/ws_moveit2/install/moveit_resources_panda_moveit_config:/home/zx/ws_moveit2/install/moveit_resources_fanuc_moveit_config:/home/zx/ws_moveit2/install/moveit_resources_pr2_description:/home/zx/ws_moveit2/install/moveit_resources_panda_description:/home/zx/ws_moveit2/install/moveit_resources_fanuc_description:${AMENT_PREFIX_PATH} CMAKE_PREFIX_PATH=/home/zx/ws_moveit2/install/moveit_resources_panda_moveit_config:/home/zx/ws_moveit2/install/moveit_resources_fanuc_moveit_config:/home/zx/ws_moveit2/install/moveit_resources_pr2_description:/home/zx/ws_moveit2/install/moveit_resources_panda_description:/home/zx/ws_moveit2/install/moveit_resources_fanuc_description:/opt/ros/humble /usr/bin/cmake --build /home/zx/ws_moveit2/build/moveit_resources -- -j12 -l12
[0.532s] Invoking command in '/home/zx/ws_moveit2/build/moveit_resources': AMENT_PREFIX_PATH=/home/zx/ws_moveit2/install/moveit_resources_panda_moveit_config:/home/zx/ws_moveit2/install/moveit_resources_fanuc_moveit_config:/home/zx/ws_moveit2/install/moveit_resources_pr2_description:/home/zx/ws_moveit2/install/moveit_resources_panda_description:/home/zx/ws_moveit2/install/moveit_resources_fanuc_description:${AMENT_PREFIX_PATH} CMAKE_PREFIX_PATH=/home/zx/ws_moveit2/install/moveit_resources_panda_moveit_config:/home/zx/ws_moveit2/install/moveit_resources_fanuc_moveit_config:/home/zx/ws_moveit2/install/moveit_resources_pr2_description:/home/zx/ws_moveit2/install/moveit_resources_panda_description:/home/zx/ws_moveit2/install/moveit_resources_fanuc_description:/opt/ros/humble /usr/bin/cmake --install /home/zx/ws_moveit2/build/moveit_resources
[0.537s] -- Install configuration: "Release"
[0.538s] -- Up-to-date: /home/zx/ws_moveit2/install/moveit_resources/share/ament_index/resource_index/package_run_dependencies/moveit_resources
[0.538s] -- Up-to-date: /home/zx/ws_moveit2/install/moveit_resources/share/ament_index/resource_index/parent_prefix_path/moveit_resources
[0.538s] -- Up-to-date: /home/zx/ws_moveit2/install/moveit_resources/share/moveit_resources/environment/ament_prefix_path.sh
[0.539s] -- Installing: /home/zx/ws_moveit2/install/moveit_resources/share/moveit_resources/environment/ament_prefix_path.dsv
[0.539s] -- Up-to-date: /home/zx/ws_moveit2/install/moveit_resources/share/moveit_resources/environment/path.sh
[0.539s] -- Installing: /home/zx/ws_moveit2/install/moveit_resources/share/moveit_resources/environment/path.dsv
[0.539s] -- Up-to-date: /home/zx/ws_moveit2/install/moveit_resources/share/moveit_resources/local_setup.bash
[0.539s] -- Up-to-date: /home/zx/ws_moveit2/install/moveit_resources/share/moveit_resources/local_setup.sh
[0.539s] -- Up-to-date: /home/zx/ws_moveit2/install/moveit_resources/share/moveit_resources/local_setup.zsh
[0.539s] -- Installing: /home/zx/ws_moveit2/install/moveit_resources/share/moveit_resources/local_setup.dsv
[0.539s] -- Installing: /home/zx/ws_moveit2/install/moveit_resources/share/moveit_resources/package.dsv
[0.540s] -- Up-to-date: /home/zx/ws_moveit2/install/moveit_resources/share/ament_index/resource_index/packages/moveit_resources
[0.540s] -- Up-to-date: /home/zx/ws_moveit2/install/moveit_resources/share/moveit_resources/cmake/moveit_resourcesConfig.cmake
[0.540s] -- Up-to-date: /home/zx/ws_moveit2/install/moveit_resources/share/moveit_resources/cmake/moveit_resourcesConfig-version.cmake
[0.540s] -- Up-to-date: /home/zx/ws_moveit2/install/moveit_resources/share/moveit_resources/package.xml
[0.544s] Invoked command in '/home/zx/ws_moveit2/build/moveit_resources' returned '0': AMENT_PREFIX_PATH=/home/zx/ws_moveit2/install/moveit_resources_panda_moveit_config:/home/zx/ws_moveit2/install/moveit_resources_fanuc_moveit_config:/home/zx/ws_moveit2/install/moveit_resources_pr2_description:/home/zx/ws_moveit2/install/moveit_resources_panda_description:/home/zx/ws_moveit2/install/moveit_resources_fanuc_description:${AMENT_PREFIX_PATH} CMAKE_PREFIX_PATH=/home/zx/ws_moveit2/install/moveit_resources_panda_moveit_config:/home/zx/ws_moveit2/install/moveit_resources_fanuc_moveit_config:/home/zx/ws_moveit2/install/moveit_resources_pr2_description:/home/zx/ws_moveit2/install/moveit_resources_panda_description:/home/zx/ws_moveit2/install/moveit_resources_fanuc_description:/opt/ros/humble /usr/bin/cmake --install /home/zx/ws_moveit2/build/moveit_resources
