[0.010s] Invoking command in '/home/zx/ws_moveit2/build/moveit_core': AMENT_PREFIX_PATH=/home/zx/ws_moveit2/install/moveit_resources_panda_moveit_config:/home/zx/ws_moveit2/install/srdfdom:/home/zx/ws_moveit2/install/moveit_resources_pr2_description:/home/zx/ws_moveit2/install/moveit_resources_panda_description:/home/zx/ws_moveit2/install/moveit_common:${AMENT_PREFIX_PATH} CMAKE_PREFIX_PATH=/home/zx/ws_moveit2/install/moveit_resources_panda_moveit_config:/home/zx/ws_moveit2/install/srdfdom:/home/zx/ws_moveit2/install/moveit_resources_pr2_description:/home/zx/ws_moveit2/install/moveit_resources_panda_description:/home/zx/ws_moveit2/install/moveit_common:/opt/ros/humble LD_LIBRARY_PATH=/home/zx/ws_moveit2/install/srdfdom/lib:${LD_LIBRARY_PATH} PYTHONPATH=/home/zx/ws_moveit2/install/srdfdom/local/lib/python3.10/dist-packages:${PYTHONPATH} /usr/bin/cmake /home/zx/ws_moveit2/src/moveit2/moveit_core -DCMAKE_BUILD_TYPE=Release -DCMAKE_INSTALL_PREFIX=/home/zx/ws_moveit2/install/moveit_core
[0.018s] -- Found moveit_common: 2.5.4 (/home/zx/ws_moveit2/install/moveit_common/share/moveit_common/cmake)
[0.018s] -- Found ament_cmake: 1.3.5 (/opt/ros/humble/share/ament_cmake/cmake)
[0.191s] -- Could NOT find libbfd (missing: LIBBFD_LIBRARY LIBBFD_INCLUDE_DIR) 
[0.191s] -- BACKWARD_HAS_UNWIND=1
[0.191s] -- BACKWARD_HAS_BACKTRACE=0
[0.191s] -- BACKWARD_HAS_BACKTRACE_SYMBOL=0
[0.191s] -- BACKWARD_HAS_DW=1
[0.191s] -- BACKWARD_HAS_BFD=0
[0.192s] -- Found Backward: /opt/ros/humble/share/backward_ros/cmake  
[0.192s] -- Found rclcpp: 16.0.5 (/opt/ros/humble/share/rclcpp/cmake)
[0.209s] -- Found rosidl_generator_c: 3.1.5 (/opt/ros/humble/share/rosidl_generator_c/cmake)
[0.211s] -- Found rosidl_adapter: 3.1.5 (/opt/ros/humble/share/rosidl_adapter/cmake)
[0.215s] -- Found rosidl_generator_cpp: 3.1.5 (/opt/ros/humble/share/rosidl_generator_cpp/cmake)
[0.223s] -- Using all available rosidl_typesupport_c: rosidl_typesupport_fastrtps_c;rosidl_typesupport_introspection_c
[0.234s] -- Using all available rosidl_typesupport_cpp: rosidl_typesupport_fastrtps_cpp;rosidl_typesupport_introspection_cpp
[0.275s] -- Found rmw_implementation_cmake: 6.1.1 (/opt/ros/humble/share/rmw_implementation_cmake/cmake)
[0.276s] -- Found rmw_fastrtps_cpp: 6.2.3 (/opt/ros/humble/share/rmw_fastrtps_cpp/cmake)
[0.366s] -- Using RMW implementation 'rmw_fastrtps_cpp' as default
[0.475s] -- Found eigen3_cmake_module: 0.1.1 (/opt/ros/humble/share/eigen3_cmake_module/cmake)
[0.490s] -- Found angles: 1.15.0 (/opt/ros/humble/share/angles/cmake)
[0.494s] -- Found urdf: 2.6.0 (/opt/ros/humble/share/urdf/cmake)
[0.510s] -- Found tf2_eigen: 0.25.3 (/opt/ros/humble/share/tf2_eigen/cmake)
[0.785s] -- Found tf2_kdl: 0.25.3 (/opt/ros/humble/share/tf2_kdl/cmake)
[0.793s] -- Ensuring Eigen3 include directory is part of orocos-kdl CMake target
[0.801s] -- Found tf2_geometry_msgs: 0.25.3 (/opt/ros/humble/share/tf2_geometry_msgs/cmake)
[0.809s] -- Found eigen_stl_containers: 1.0.0 (/opt/ros/humble/share/eigen_stl_containers/cmake)
[0.810s] -- Found generate_parameter_library: 0.3.6 (/opt/ros/humble/share/generate_parameter_library/cmake)
[0.811s] -- Found parameter_traits: 0.3.6 (/opt/ros/humble/share/parameter_traits/cmake)
[0.822s] -- Found rclcpp_lifecycle: 16.0.5 (/opt/ros/humble/share/rclcpp_lifecycle/cmake)
[0.850s] -- Found geometric_shapes: 2.1.3 (/opt/ros/humble/share/geometric_shapes/cmake)
[0.854s] -- Found Boost: /usr/lib/x86_64-linux-gnu/cmake/Boost-1.74.0/BoostConfig.cmake (found version "1.74.0") found components: filesystem 
[0.883s] -- library: /usr/lib/x86_64-linux-gnu/libcurl.so
[1.068s] -- Found kdl_parser: 2.6.4 (/opt/ros/humble/share/kdl_parser/cmake)
[1.070s] -- Found moveit_msgs: 2.2.1 (/opt/ros/humble/share/moveit_msgs/cmake)
[1.443s] -- Found srdfdom: 2.0.4 (/home/zx/ws_moveit2/install/srdfdom/share/srdfdom/cmake)
[1.446s] -- Found common_interfaces: 4.2.3 (/opt/ros/humble/share/common_interfaces/cmake)
[1.459s] -- Found Boost: /usr/lib/x86_64-linux-gnu/cmake/Boost-1.74.0/BoostConfig.cmake (found version "1.74.0") found components: chrono date_time filesystem iostreams program_options regex serialization system thread 
[1.460s] --  *** Building MoveIt 2.5.4-Alpha ***
[1.466s] -- Found ament_cmake_gtest: 1.3.5 (/opt/ros/humble/share/ament_cmake_gtest/cmake)
[1.466s] -- Found gtest sources under '/opt/ros/humble/src/gtest_vendor': C++ tests using 'Google Test' will be built
[1.473s] -- Found ament_cmake_gmock: 1.3.5 (/opt/ros/humble/share/ament_cmake_gmock/cmake)
[1.475s] -- Found gmock sources under '/opt/ros/humble/src/gmock_vendor': C++ tests using 'Google Mock' will be built
[1.478s] -- Found ament_cmake_gtest: 1.3.5 (/opt/ros/humble/share/ament_cmake_gtest/cmake)
[1.479s] -- Found gtest sources under '/opt/ros/humble/src/gtest_vendor': C++ tests using 'Google Test' will be built
[1.485s] -- Found ament_cmake_gtest: 1.3.5 (/opt/ros/humble/share/ament_cmake_gtest/cmake)
[1.485s] -- Found gtest sources under '/opt/ros/humble/src/gtest_vendor': C++ tests using 'Google Test' will be built
[1.501s] -- Found ament_cmake_gtest: 1.3.5 (/opt/ros/humble/share/ament_cmake_gtest/cmake)
[1.501s] -- Found gtest sources under '/opt/ros/humble/src/gtest_vendor': C++ tests using 'Google Test' will be built
[1.511s] -- Found ament_lint_auto: 0.12.7 (/opt/ros/humble/share/ament_lint_auto/cmake)
[1.511s] -- Found ament_cmake_gtest: 1.3.5 (/opt/ros/humble/share/ament_cmake_gtest/cmake)
[1.512s] -- Found gtest sources under '/opt/ros/humble/src/gtest_vendor': C++ tests using 'Google Test' will be built
[1.523s] -- Found ament_cmake_gtest: 1.3.5 (/opt/ros/humble/share/ament_cmake_gtest/cmake)
[1.523s] -- Found gtest sources under '/opt/ros/humble/src/gtest_vendor': C++ tests using 'Google Test' will be built
[1.531s] -- Found ament_cmake_gtest: 1.3.5 (/opt/ros/humble/share/ament_cmake_gtest/cmake)
[1.531s] -- Found gtest sources under '/opt/ros/humble/src/gtest_vendor': C++ tests using 'Google Test' will be built
[1.537s] -- Found ament_cmake_gtest: 1.3.5 (/opt/ros/humble/share/ament_cmake_gtest/cmake)
[1.538s] -- Found gtest sources under '/opt/ros/humble/src/gtest_vendor': C++ tests using 'Google Test' will be built
[1.550s] -- Found gtest sources under '/opt/ros/humble/src/gtest_vendor': C++ tests using 'Google Test' will be built
[1.557s] -- Found gtest sources under '/opt/ros/humble/src/gtest_vendor': C++ tests using 'Google Test' will be built
[1.565s] -- Found ament_cmake_gtest: 1.3.5 (/opt/ros/humble/share/ament_cmake_gtest/cmake)
[1.565s] -- Found gtest sources under '/opt/ros/humble/src/gtest_vendor': C++ tests using 'Google Test' will be built
[1.579s] -- Found gtest sources under '/opt/ros/humble/src/gtest_vendor': C++ tests using 'Google Test' will be built
[1.589s] -- Found gtest sources under '/opt/ros/humble/src/gtest_vendor': C++ tests using 'Google Test' will be built
[1.597s] -- Found gtest sources under '/opt/ros/humble/src/gtest_vendor': C++ tests using 'Google Test' will be built
[1.602s] -- Found ament_lint_auto: 0.12.7 (/opt/ros/humble/share/ament_lint_auto/cmake)
[1.628s] -- Added test 'cppcheck' to perform static code analysis on C / C++ code
[1.629s] -- Configured cppcheck include dirs: /home/zx/ws_moveit2/src/moveit2/moveit_core/exceptions/include;/home/zx/ws_moveit2/src/moveit2/moveit_core/collision_detection/include;/home/zx/ws_moveit2/src/moveit2/moveit_core/collision_detection_fcl/include;/home/zx/ws_moveit2/src/moveit2/moveit_core/collision_detection_bullet/include;/home/zx/ws_moveit2/src/moveit2/moveit_core/constraint_samplers/include;/home/zx/ws_moveit2/src/moveit2/moveit_core/controller_manager/include;/home/zx/ws_moveit2/src/moveit2/moveit_core/distance_field/include;/home/zx/ws_moveit2/src/moveit2/moveit_core/collision_distance_field/include;/home/zx/ws_moveit2/src/moveit2/moveit_core/dynamics_solver/include;/home/zx/ws_moveit2/src/moveit2/moveit_core/kinematics_base/include;/home/zx/ws_moveit2/src/moveit2/moveit_core/kinematics_metrics/include;/home/zx/ws_moveit2/src/moveit2/moveit_core/robot_model/include;/home/zx/ws_moveit2/src/moveit2/moveit_core/transforms/include;/home/zx/ws_moveit2/src/moveit2/moveit_core/robot_state/include;/home/zx/ws_moveit2/src/moveit2/moveit_core/robot_trajectory/include;/home/zx/ws_moveit2/src/moveit2/moveit_core/kinematic_constraints/include;/home/zx/ws_moveit2/src/moveit2/moveit_core/macros/include;/home/zx/ws_moveit2/src/moveit2/moveit_core/online_signal_smoothing/include;/home/zx/ws_moveit2/src/moveit2/moveit_core/planning_interface/include;/home/zx/ws_moveit2/src/moveit2/moveit_core/planning_request_adapter/include;/home/zx/ws_moveit2/src/moveit2/moveit_core/planning_scene/include;/home/zx/ws_moveit2/src/moveit2/moveit_core/sensor_manager/include;/home/zx/ws_moveit2/src/moveit2/moveit_core/trajectory_processing/include;/home/zx/ws_moveit2/src/moveit2/moveit_core/utils/include
[1.629s] -- Configured cppcheck exclude dirs and/or files: 
[1.631s] -- Added test 'pep257' to check Python code against some of the docstring style conventions in PEP 257
[1.633s] -- Added test 'xmllint' to check XML markup files
[1.635s] -- Configuring done
[2.167s] -- Generating done
[2.174s] -- Build files have been written to: /home/zx/ws_moveit2/build/moveit_core
[2.202s] Invoked command in '/home/zx/ws_moveit2/build/moveit_core' returned '0': AMENT_PREFIX_PATH=/home/zx/ws_moveit2/install/moveit_resources_panda_moveit_config:/home/zx/ws_moveit2/install/srdfdom:/home/zx/ws_moveit2/install/moveit_resources_pr2_description:/home/zx/ws_moveit2/install/moveit_resources_panda_description:/home/zx/ws_moveit2/install/moveit_common:${AMENT_PREFIX_PATH} CMAKE_PREFIX_PATH=/home/zx/ws_moveit2/install/moveit_resources_panda_moveit_config:/home/zx/ws_moveit2/install/srdfdom:/home/zx/ws_moveit2/install/moveit_resources_pr2_description:/home/zx/ws_moveit2/install/moveit_resources_panda_description:/home/zx/ws_moveit2/install/moveit_common:/opt/ros/humble LD_LIBRARY_PATH=/home/zx/ws_moveit2/install/srdfdom/lib:${LD_LIBRARY_PATH} PYTHONPATH=/home/zx/ws_moveit2/install/srdfdom/local/lib/python3.10/dist-packages:${PYTHONPATH} /usr/bin/cmake /home/zx/ws_moveit2/src/moveit2/moveit_core -DCMAKE_BUILD_TYPE=Release -DCMAKE_INSTALL_PREFIX=/home/zx/ws_moveit2/install/moveit_core
[2.203s] Invoking command in '/home/zx/ws_moveit2/build/moveit_core': AMENT_PREFIX_PATH=/home/zx/ws_moveit2/install/moveit_resources_panda_moveit_config:/home/zx/ws_moveit2/install/srdfdom:/home/zx/ws_moveit2/install/moveit_resources_pr2_description:/home/zx/ws_moveit2/install/moveit_resources_panda_description:/home/zx/ws_moveit2/install/moveit_common:${AMENT_PREFIX_PATH} CMAKE_PREFIX_PATH=/home/zx/ws_moveit2/install/moveit_resources_panda_moveit_config:/home/zx/ws_moveit2/install/srdfdom:/home/zx/ws_moveit2/install/moveit_resources_pr2_description:/home/zx/ws_moveit2/install/moveit_resources_panda_description:/home/zx/ws_moveit2/install/moveit_common:/opt/ros/humble LD_LIBRARY_PATH=/home/zx/ws_moveit2/install/srdfdom/lib:${LD_LIBRARY_PATH} PYTHONPATH=/home/zx/ws_moveit2/install/srdfdom/local/lib/python3.10/dist-packages:${PYTHONPATH} /usr/bin/cmake --build /home/zx/ws_moveit2/build/moveit_core -- -j12 -l12
[2.233s] [35m[1mConsolidate compiler generated dependencies of target moveit_transforms[0m
[2.248s] [  1%] Built target moveit_transforms
[2.255s] [35m[1mConsolidate compiler generated dependencies of target moveit_version[0m
[2.262s] [  3%] Built target moveit_version
[2.274s] [  4%] Built target moveit_butterworth_parameters
[2.282s] [35m[1mConsolidate compiler generated dependencies of target moveit_smoothing_base[0m
[2.293s] [  5%] Built target moveit_smoothing_base
[2.300s] [35m[1mConsolidate compiler generated dependencies of target gmock_main[0m
[2.310s] [  6%] Built target gmock_main
[2.317s] [35m[1mConsolidate compiler generated dependencies of target gmock[0m
[2.327s] [  8%] Built target gmock
[2.337s] [35m[1mConsolidate compiler generated dependencies of target gtest_main[0m
[2.346s] [  9%] Built target gtest_main
[2.353s] [35m[1mConsolidate compiler generated dependencies of target gtest[0m
[2.362s] [ 10%] Built target gtest
[2.370s] [35m[1mConsolidate compiler generated dependencies of target moveit_utils[0m
[2.381s] [ 12%] Built target moveit_utils
[2.389s] [35m[1mConsolidate compiler generated dependencies of target test_transforms[0m
[2.400s] [ 13%] Built target test_transforms
[2.409s] [35m[1mConsolidate compiler generated dependencies of target moveit_distance_field[0m
[2.437s] [ 15%] Built target moveit_distance_field
[2.445s] [35m[1mConsolidate compiler generated dependencies of target moveit_kinematics_base[0m
[2.459s] [ 16%] [32m[1mLinking CXX shared library libmoveit_kinematics_base.so[0m
[2.554s] [ 16%] Built target moveit_kinematics_base
[2.562s] [35m[1mConsolidate compiler generated dependencies of target test_distance_field[0m
[2.580s] [ 17%] Built target test_distance_field
[2.588s] [35m[1mConsolidate compiler generated dependencies of target test_voxel_grid[0m
[2.601s] [ 18%] Built target test_voxel_grid
[2.609s] [35m[1mConsolidate compiler generated dependencies of target moveit_exceptions[0m
[2.618s] [ 19%] Built target moveit_exceptions
[2.630s] [35m[1mConsolidate compiler generated dependencies of target moveit_robot_model[0m
[2.657s] [ 20%] [32m[1mLinking CXX shared library libmoveit_robot_model.so[0m
[2.769s] [ 26%] Built target moveit_robot_model
[2.779s] [35m[1mConsolidate compiler generated dependencies of target moveit_robot_state[0m
[2.801s] [ 27%] [32m[1mLinking CXX shared library libmoveit_robot_state.so[0m
[2.930s] [ 29%] Built target moveit_robot_state
[2.938s] [35m[1mConsolidate compiler generated dependencies of target moveit_butterworth_filter[0m
[2.954s] [ 29%] [32m[1mLinking CXX shared library libmoveit_butterworth_filter.so[0m
[3.064s] [ 30%] Built target moveit_butterworth_filter
[3.071s] [35m[1mConsolidate compiler generated dependencies of target moveit_kinematics_metrics[0m
[3.086s] [ 31%] [32m[1mLinking CXX shared library libmoveit_kinematics_metrics.so[0m
[3.207s] [ 31%] Built target moveit_kinematics_metrics
[3.215s] [35m[1mConsolidate compiler generated dependencies of target test_butterworth_filter[0m
[3.230s] [ 32%] [32m[1mLinking CXX executable test_butterworth_filter[0m
[3.341s] [ 32%] Built target test_butterworth_filter
[3.349s] [35m[1mConsolidate compiler generated dependencies of target moveit_dynamics_solver[0m
[3.363s] [ 33%] [32m[1mLinking CXX shared library libmoveit_dynamics_solver.so[0m
[3.500s] [ 34%] Built target moveit_dynamics_solver
[3.509s] [35m[1mConsolidate compiler generated dependencies of target moveit_robot_trajectory[0m
[3.523s] [ 35%] [32m[1mLinking CXX shared library libmoveit_robot_trajectory.so[0m
[3.639s] [ 35%] Built target moveit_robot_trajectory
[3.652s] [35m[1mConsolidate compiler generated dependencies of target moveit_collision_detection[0m
[3.684s] [ 36%] [32m[1mLinking CXX shared library libmoveit_collision_detection.so[0m
[3.831s] [ 41%] Built target moveit_collision_detection
[3.840s] [35m[1mConsolidate compiler generated dependencies of target moveit_planning_interface[0m
[3.858s] [ 42%] [32m[1mLinking CXX shared library libmoveit_planning_interface.so[0m
[3.963s] [ 43%] Built target moveit_planning_interface
[3.977s] [35m[1mConsolidate compiler generated dependencies of target moveit_collision_detection_bullet[0m
[4.010s] [ 44%] [32m[1mLinking CXX shared library libmoveit_collision_detection_bullet.so[0m
[4.168s] [ 48%] Built target moveit_collision_detection_bullet
[4.176s] [35m[1mConsolidate compiler generated dependencies of target test_all_valid[0m
[4.191s] [ 49%] [32m[1mLinking CXX executable test_all_valid[0m
[4.374s] [ 49%] Built target test_all_valid
[4.382s] [35m[1mConsolidate compiler generated dependencies of target test_world_diff[0m
[4.393s] [ 50%] [32m[1mLinking CXX executable test_world_diff[0m
[4.566s] [ 51%] Built target test_world_diff
[4.573s] [35m[1mConsolidate compiler generated dependencies of target test_world[0m
[4.585s] [ 51%] [32m[1mLinking CXX executable test_world[0m
[4.782s] [ 52%] Built target test_world
[4.791s] [35m[1mConsolidate compiler generated dependencies of target moveit_collision_detection_fcl[0m
[4.813s] [ 53%] [32m[1mLinking CXX shared library libmoveit_collision_detection_fcl.so[0m
[4.984s] [ 54%] Built target moveit_collision_detection_fcl
[4.995s] [35m[1mConsolidate compiler generated dependencies of target moveit_trajectory_processing[0m
[5.021s] [ 55%] [32m[1mLinking CXX shared library libmoveit_trajectory_processing.so[0m
[5.144s] [ 58%] Built target moveit_trajectory_processing
[5.153s] [35m[1mConsolidate compiler generated dependencies of target moveit_kinematic_constraints[0m
[5.176s] [ 59%] [32m[1mLinking CXX shared library libmoveit_kinematic_constraints.so[0m
[5.316s] [ 60%] Built target moveit_kinematic_constraints
[5.324s] [35m[1mConsolidate compiler generated dependencies of target moveit_test_utils[0m
[5.344s] [ 60%] [32m[1mLinking CXX shared library libmoveit_test_utils.so[0m
[5.452s] [ 61%] Built target moveit_test_utils
[5.463s] [35m[1mConsolidate compiler generated dependencies of target moveit_planning_scene[0m
[5.484s] [ 61%] [32m[1mLinking CXX shared library libmoveit_planning_scene.so[0m
[5.635s] [ 62%] Built target moveit_planning_scene
[5.643s] [35m[1mConsolidate compiler generated dependencies of target test_time_optimal_trajectory_generation[0m
[5.658s] [ 63%] [32m[1mLinking CXX executable test_time_optimal_trajectory_generation[0m
[5.862s] [ 64%] Built target test_time_optimal_trajectory_generation
[5.870s] [35m[1mConsolidate compiler generated dependencies of target test_ruckig_traj_smoothing[0m
[5.886s] [ 64%] [32m[1mLinking CXX executable test_ruckig_traj_smoothing[0m
[6.084s] [ 65%] Built target test_ruckig_traj_smoothing
[6.093s] [35m[1mConsolidate compiler generated dependencies of target collision_detector_bullet_plugin[0m
[6.110s] [ 66%] [32m[1mLinking CXX shared library libcollision_detector_bullet_plugin.so[0m
[6.221s] [ 66%] Built target collision_detector_bullet_plugin
[6.232s] [35m[1mConsolidate compiler generated dependencies of target test_bullet_collision_detection[0m
[6.250s] [ 66%] [32m[1mLinking CXX executable test_bullet_collision_detection[0m
[6.471s] [ 67%] Built target test_bullet_collision_detection
[6.482s] [35m[1mConsolidate compiler generated dependencies of target test_bullet_collision_detection_panda[0m
[6.499s] [ 67%] [32m[1mLinking CXX executable test_bullet_collision_detection_panda[0m
[6.702s] [ 68%] Built target test_bullet_collision_detection_panda
[6.711s] [35m[1mConsolidate compiler generated dependencies of target test_bullet_continuous_collision_checking[0m
[6.729s] [ 69%] [32m[1mLinking CXX executable test_bullet_continuous_collision_checking[0m
[6.946s] [ 70%] Built target test_bullet_continuous_collision_checking
[6.955s] [35m[1mConsolidate compiler generated dependencies of target collision_detector_fcl_plugin[0m
[6.972s] [ 71%] [32m[1mLinking CXX shared library libcollision_detector_fcl_plugin.so[0m
[7.076s] [ 71%] Built target collision_detector_fcl_plugin
[7.085s] [35m[1mConsolidate compiler generated dependencies of target test_fcl_collision_env[0m
[7.104s] [ 72%] [32m[1mLinking CXX executable test_fcl_collision_env[0m
[7.328s] [ 73%] Built target test_fcl_collision_env
[7.336s] [35m[1mConsolidate compiler generated dependencies of target test_fcl_collision_detection[0m
[7.354s] [ 73%] [32m[1mLinking CXX executable test_fcl_collision_detection[0m
[7.569s] [ 74%] Built target test_fcl_collision_detection
[7.577s] [35m[1mConsolidate compiler generated dependencies of target test_fcl_collision_detection_panda[0m
[7.598s] [ 74%] [32m[1mLinking CXX executable test_fcl_collision_detection_panda[0m
[7.788s] [ 75%] Built target test_fcl_collision_detection_panda
[7.798s] [35m[1mConsolidate compiler generated dependencies of target moveit_collision_distance_field[0m
[7.823s] [ 76%] [32m[1mLinking CXX shared library libmoveit_collision_distance_field.so[0m
[7.954s] [ 78%] Built target moveit_collision_distance_field
[7.964s] [35m[1mConsolidate compiler generated dependencies of target moveit_constraint_samplers[0m
[7.987s] [ 79%] [32m[1mLinking CXX shared library libmoveit_constraint_samplers.so[0m
[8.101s] [ 81%] Built target moveit_constraint_samplers
[8.108s] [35m[1mConsolidate compiler generated dependencies of target moveit_planning_request_adapter[0m
[8.122s] [ 82%] [32m[1mLinking CXX shared library libmoveit_planning_request_adapter.so[0m
[8.223s] [ 82%] Built target moveit_planning_request_adapter
[8.230s] [35m[1mConsolidate compiler generated dependencies of target test_planning_scene[0m
[8.246s] [ 82%] [32m[1mLinking CXX executable test_planning_scene[0m
[8.434s] [ 83%] Built target test_planning_scene
[8.442s] [35m[1mConsolidate compiler generated dependencies of target test_collision_objects[0m
[8.456s] [ 83%] [32m[1mLinking CXX executable test_collision_objects[0m
[8.628s] [ 84%] Built target test_collision_objects
[8.635s] [35m[1mConsolidate compiler generated dependencies of target test_multi_threaded[0m
[8.649s] [ 85%] [32m[1mLinking CXX executable test_multi_threaded[0m
[8.823s] [ 85%] Built target test_multi_threaded
[8.831s] [35m[1mConsolidate compiler generated dependencies of target test_collision_distance_field[0m
[8.847s] [ 85%] [32m[1mLinking CXX executable test_collision_distance_field[0m
[9.027s] [ 86%] Built target test_collision_distance_field
[9.037s] [35m[1mConsolidate compiler generated dependencies of target test_constraint_samplers[0m
[9.057s] [ 87%] [32m[1mLinking CXX executable test_constraint_samplers[0m
[9.269s] [ 89%] Built target test_constraint_samplers
[9.276s] [35m[1mConsolidate compiler generated dependencies of target test_time_parameterization[0m
[9.290s] [ 90%] [32m[1mLinking CXX executable test_time_parameterization[0m
[9.461s] [ 90%] Built target test_time_parameterization
[9.468s] [35m[1mConsolidate compiler generated dependencies of target test_robot_trajectory[0m
[9.481s] [ 90%] [32m[1mLinking CXX executable test_robot_trajectory[0m
[9.652s] [ 91%] Built target test_robot_trajectory
[9.659s] [35m[1mConsolidate compiler generated dependencies of target test_cartesian_interpolator[0m
[9.672s] [ 92%] [32m[1mLinking CXX executable test_cartesian_interpolator[0m
[9.815s] [ 92%] Built target test_cartesian_interpolator
[9.823s] [35m[1mConsolidate compiler generated dependencies of target test_aabb[0m
[9.836s] [ 93%] [32m[1mLinking CXX executable test_aabb[0m
[9.994s] [ 93%] Built target test_aabb
[10.001s] [35m[1mConsolidate compiler generated dependencies of target test_robot_state_complex[0m
[10.014s] [ 94%] [32m[1mLinking CXX executable test_robot_state_complex[0m
[10.180s] [ 94%] Built target test_robot_state_complex
[10.187s] [35m[1mConsolidate compiler generated dependencies of target test_robot_state_benchmark[0m
[10.200s] [ 95%] [32m[1mLinking CXX executable test_robot_state_benchmark[0m
[10.353s] [ 95%] Built target test_robot_state_benchmark
[10.360s] [35m[1mConsolidate compiler generated dependencies of target test_robot_state[0m
[10.374s] [ 96%] [32m[1mLinking CXX executable test_robot_state[0m
[10.538s] [ 97%] Built target test_robot_state
[10.544s] [35m[1mConsolidate compiler generated dependencies of target test_robot_model[0m
[10.557s] [ 97%] [32m[1mLinking CXX executable test_robot_model[0m
[10.707s] [ 98%] Built target test_robot_model
[10.714s] [35m[1mConsolidate compiler generated dependencies of target test_orientation_constraints[0m
[10.728s] [ 99%] [32m[1mLinking CXX executable test_orientation_constraints[0m
[10.901s] [ 99%] Built target test_orientation_constraints
[10.908s] [35m[1mConsolidate compiler generated dependencies of target test_constraints[0m
[10.922s] [100%] [32m[1mLinking CXX executable test_constraints[0m
[11.095s] [100%] Built target test_constraints
[11.103s] Invoked command in '/home/zx/ws_moveit2/build/moveit_core' returned '0': AMENT_PREFIX_PATH=/home/zx/ws_moveit2/install/moveit_resources_panda_moveit_config:/home/zx/ws_moveit2/install/srdfdom:/home/zx/ws_moveit2/install/moveit_resources_pr2_description:/home/zx/ws_moveit2/install/moveit_resources_panda_description:/home/zx/ws_moveit2/install/moveit_common:${AMENT_PREFIX_PATH} CMAKE_PREFIX_PATH=/home/zx/ws_moveit2/install/moveit_resources_panda_moveit_config:/home/zx/ws_moveit2/install/srdfdom:/home/zx/ws_moveit2/install/moveit_resources_pr2_description:/home/zx/ws_moveit2/install/moveit_resources_panda_description:/home/zx/ws_moveit2/install/moveit_common:/opt/ros/humble LD_LIBRARY_PATH=/home/zx/ws_moveit2/install/srdfdom/lib:${LD_LIBRARY_PATH} PYTHONPATH=/home/zx/ws_moveit2/install/srdfdom/local/lib/python3.10/dist-packages:${PYTHONPATH} /usr/bin/cmake --build /home/zx/ws_moveit2/build/moveit_core -- -j12 -l12
[11.142s] Invoking command in '/home/zx/ws_moveit2/build/moveit_core': AMENT_PREFIX_PATH=/home/zx/ws_moveit2/install/moveit_resources_panda_moveit_config:/home/zx/ws_moveit2/install/srdfdom:/home/zx/ws_moveit2/install/moveit_resources_pr2_description:/home/zx/ws_moveit2/install/moveit_resources_panda_description:/home/zx/ws_moveit2/install/moveit_common:${AMENT_PREFIX_PATH} CMAKE_PREFIX_PATH=/home/zx/ws_moveit2/install/moveit_resources_panda_moveit_config:/home/zx/ws_moveit2/install/srdfdom:/home/zx/ws_moveit2/install/moveit_resources_pr2_description:/home/zx/ws_moveit2/install/moveit_resources_panda_description:/home/zx/ws_moveit2/install/moveit_common:/opt/ros/humble LD_LIBRARY_PATH=/home/zx/ws_moveit2/install/srdfdom/lib:${LD_LIBRARY_PATH} PYTHONPATH=/home/zx/ws_moveit2/install/srdfdom/local/lib/python3.10/dist-packages:${PYTHONPATH} /usr/bin/cmake --install /home/zx/ws_moveit2/build/moveit_core
[11.147s] -- Install configuration: "Release"
[11.150s] -- Up-to-date: /home/zx/ws_moveit2/install/moveit_core/include/moveit/version.h
[11.150s] -- Up-to-date: /home/zx/ws_moveit2/install/moveit_core/include
[11.150s] -- Up-to-date: /home/zx/ws_moveit2/install/moveit_core/include/moveit
[11.150s] -- Up-to-date: /home/zx/ws_moveit2/install/moveit_core/include/moveit/collision_distance_field
[11.151s] -- Up-to-date: /home/zx/ws_moveit2/install/moveit_core/include/moveit/collision_distance_field/collision_env_hybrid.h
[11.151s] -- Up-to-date: /home/zx/ws_moveit2/install/moveit_core/include/moveit/collision_distance_field/collision_detector_allocator_hybrid.h
[11.151s] -- Up-to-date: /home/zx/ws_moveit2/install/moveit_core/include/moveit/collision_distance_field/collision_env_distance_field.h
[11.151s] -- Up-to-date: /home/zx/ws_moveit2/install/moveit_core/include/moveit/collision_distance_field/collision_detector_allocator_distance_field.h
[11.151s] -- Up-to-date: /home/zx/ws_moveit2/install/moveit_core/include/moveit/collision_distance_field/collision_distance_field_types.h
[11.151s] -- Up-to-date: /home/zx/ws_moveit2/install/moveit_core/include/moveit/collision_distance_field/collision_common_distance_field.h
[11.151s] -- Up-to-date: /home/zx/ws_moveit2/install/moveit_core/include/moveit_collision_distance_field_export.h
[11.151s] -- Up-to-date: /home/zx/ws_moveit2/install/moveit_core/include
[11.151s] -- Up-to-date: /home/zx/ws_moveit2/install/moveit_core/include/moveit
[11.151s] -- Up-to-date: /home/zx/ws_moveit2/install/moveit_core/include/moveit/constraint_samplers
[11.151s] -- Up-to-date: /home/zx/ws_moveit2/install/moveit_core/include/moveit/constraint_samplers/default_constraint_samplers.h
[11.151s] -- Up-to-date: /home/zx/ws_moveit2/install/moveit_core/include/moveit/constraint_samplers/union_constraint_sampler.h
[11.151s] -- Up-to-date: /home/zx/ws_moveit2/install/moveit_core/include/moveit/constraint_samplers/constraint_sampler_allocator.h
[11.151s] -- Up-to-date: /home/zx/ws_moveit2/install/moveit_core/include/moveit/constraint_samplers/constraint_sampler.h
[11.151s] -- Up-to-date: /home/zx/ws_moveit2/install/moveit_core/include/moveit/constraint_samplers/constraint_sampler_tools.h
[11.152s] -- Up-to-date: /home/zx/ws_moveit2/install/moveit_core/include/moveit/constraint_samplers/constraint_sampler_manager.h
[11.152s] -- Up-to-date: /home/zx/ws_moveit2/install/moveit_core/include
[11.152s] -- Up-to-date: /home/zx/ws_moveit2/install/moveit_core/include/moveit
[11.152s] -- Up-to-date: /home/zx/ws_moveit2/install/moveit_core/include/moveit/controller_manager
[11.152s] -- Up-to-date: /home/zx/ws_moveit2/install/moveit_core/include/moveit/controller_manager/controller_manager.h
[11.152s] -- Up-to-date: /home/zx/ws_moveit2/install/moveit_core/include
[11.152s] -- Up-to-date: /home/zx/ws_moveit2/install/moveit_core/include/moveit
[11.152s] -- Up-to-date: /home/zx/ws_moveit2/install/moveit_core/include/moveit/distance_field
[11.152s] -- Up-to-date: /home/zx/ws_moveit2/install/moveit_core/include/moveit/distance_field/find_internal_points.h
[11.152s] -- Up-to-date: /home/zx/ws_moveit2/install/moveit_core/include/moveit/distance_field/voxel_grid.h
[11.152s] -- Up-to-date: /home/zx/ws_moveit2/install/moveit_core/include/moveit/distance_field/distance_field.h
[11.152s] -- Up-to-date: /home/zx/ws_moveit2/install/moveit_core/include/moveit/distance_field/propagation_distance_field.h
[11.152s] -- Up-to-date: /home/zx/ws_moveit2/install/moveit_core/include
[11.152s] -- Up-to-date: /home/zx/ws_moveit2/install/moveit_core/include/moveit
[11.152s] -- Up-to-date: /home/zx/ws_moveit2/install/moveit_core/include/moveit/dynamics_solver
[11.152s] -- Up-to-date: /home/zx/ws_moveit2/install/moveit_core/include/moveit/dynamics_solver/dynamics_solver.h
[11.152s] -- Up-to-date: /home/zx/ws_moveit2/install/moveit_core/include
[11.152s] -- Up-to-date: /home/zx/ws_moveit2/install/moveit_core/include/moveit
[11.152s] -- Up-to-date: /home/zx/ws_moveit2/install/moveit_core/include/moveit/exceptions
[11.152s] -- Up-to-date: /home/zx/ws_moveit2/install/moveit_core/include/moveit/exceptions/exceptions.h
[11.152s] -- Up-to-date: /home/zx/ws_moveit2/install/moveit_core/include
[11.152s] -- Up-to-date: /home/zx/ws_moveit2/install/moveit_core/include/moveit
[11.152s] -- Up-to-date: /home/zx/ws_moveit2/install/moveit_core/include/moveit/kinematics_base
[11.153s] -- Up-to-date: /home/zx/ws_moveit2/install/moveit_core/include/moveit/kinematics_base/kinematics_base.h
[11.153s] -- Up-to-date: /home/zx/ws_moveit2/install/moveit_core/include/moveit_kinematics_base_export.h
[11.153s] -- Up-to-date: /home/zx/ws_moveit2/install/moveit_core/include
[11.153s] -- Up-to-date: /home/zx/ws_moveit2/install/moveit_core/include/moveit
[11.153s] -- Up-to-date: /home/zx/ws_moveit2/install/moveit_core/include/moveit/kinematic_constraints
[11.153s] -- Up-to-date: /home/zx/ws_moveit2/install/moveit_core/include/moveit/kinematic_constraints/utils.h
[11.153s] -- Up-to-date: /home/zx/ws_moveit2/install/moveit_core/include/moveit/kinematic_constraints/kinematic_constraint.h
[11.153s] -- Up-to-date: /home/zx/ws_moveit2/install/moveit_core/include
[11.153s] -- Up-to-date: /home/zx/ws_moveit2/install/moveit_core/include/moveit
[11.153s] -- Up-to-date: /home/zx/ws_moveit2/install/moveit_core/include/moveit/kinematics_metrics
[11.153s] -- Up-to-date: /home/zx/ws_moveit2/install/moveit_core/include/moveit/kinematics_metrics/kinematics_metrics.h
[11.153s] -- Up-to-date: /home/zx/ws_moveit2/install/moveit_core/include
[11.153s] -- Up-to-date: /home/zx/ws_moveit2/install/moveit_core/include/moveit
[11.153s] -- Up-to-date: /home/zx/ws_moveit2/install/moveit_core/include/moveit/macros
[11.153s] -- Up-to-date: /home/zx/ws_moveit2/install/moveit_core/include/moveit/macros/console_colors.h
[11.153s] -- Up-to-date: /home/zx/ws_moveit2/install/moveit_core/include/moveit/macros/declare_ptr.h
[11.153s] -- Up-to-date: /home/zx/ws_moveit2/install/moveit_core/include/moveit/macros/class_forward.h
[11.153s] -- Up-to-date: /home/zx/ws_moveit2/install/moveit_core/include/moveit/macros/deprecation.h
[11.153s] -- Up-to-date: /home/zx/ws_moveit2/install/moveit_core/include/moveit_butterworth_parameters
[11.153s] -- Up-to-date: /home/zx/ws_moveit2/install/moveit_core/include/moveit_butterworth_parameters/moveit_butterworth_parameters.hpp
[11.153s] -- Up-to-date: /home/zx/ws_moveit2/install/moveit_core/include
[11.153s] -- Up-to-date: /home/zx/ws_moveit2/install/moveit_core/include/moveit
[11.153s] -- Up-to-date: /home/zx/ws_moveit2/install/moveit_core/include/moveit/online_signal_smoothing
[11.153s] -- Up-to-date: /home/zx/ws_moveit2/install/moveit_core/include/moveit/online_signal_smoothing/butterworth_filter.h
[11.153s] -- Up-to-date: /home/zx/ws_moveit2/install/moveit_core/include/moveit/online_signal_smoothing/smoothing_base_class.h
[11.154s] -- Up-to-date: /home/zx/ws_moveit2/install/moveit_core/include/moveit_smoothing_base_export.h
[11.154s] -- Up-to-date: /home/zx/ws_moveit2/install/moveit_core/include/moveit_butterworth_filter_export.h
[11.154s] -- Up-to-date: /home/zx/ws_moveit2/install/moveit_core/include
[11.154s] -- Up-to-date: /home/zx/ws_moveit2/install/moveit_core/include/moveit
[11.154s] -- Up-to-date: /home/zx/ws_moveit2/install/moveit_core/include/moveit/planning_interface
[11.154s] -- Up-to-date: /home/zx/ws_moveit2/install/moveit_core/include/moveit/planning_interface/planning_response.h
[11.154s] -- Up-to-date: /home/zx/ws_moveit2/install/moveit_core/include/moveit/planning_interface/planning_interface.h
[11.154s] -- Up-to-date: /home/zx/ws_moveit2/install/moveit_core/include/moveit/planning_interface/planning_request.h
[11.154s] -- Up-to-date: /home/zx/ws_moveit2/install/moveit_core/include
[11.154s] -- Up-to-date: /home/zx/ws_moveit2/install/moveit_core/include/moveit
[11.154s] -- Up-to-date: /home/zx/ws_moveit2/install/moveit_core/include/moveit/planning_request_adapter
[11.154s] -- Up-to-date: /home/zx/ws_moveit2/install/moveit_core/include/moveit/planning_request_adapter/planning_request_adapter.h
[11.154s] -- Up-to-date: /home/zx/ws_moveit2/install/moveit_core/include
[11.154s] -- Up-to-date: /home/zx/ws_moveit2/install/moveit_core/include/moveit
[11.154s] -- Up-to-date: /home/zx/ws_moveit2/install/moveit_core/include/moveit/planning_scene
[11.154s] -- Up-to-date: /home/zx/ws_moveit2/install/moveit_core/include/moveit/planning_scene/planning_scene.h
[11.154s] -- Up-to-date: /home/zx/ws_moveit2/install/moveit_core/include/moveit_planning_scene_export.h
[11.154s] -- Up-to-date: /home/zx/ws_moveit2/install/moveit_core/include
[11.154s] -- Up-to-date: /home/zx/ws_moveit2/install/moveit_core/include/moveit
[11.154s] -- Up-to-date: /home/zx/ws_moveit2/install/moveit_core/include/moveit/robot_model
[11.154s] -- Up-to-date: /home/zx/ws_moveit2/install/moveit_core/include/moveit/robot_model/prismatic_joint_model.h
[11.154s] -- Up-to-date: /home/zx/ws_moveit2/install/moveit_core/include/moveit/robot_model/fixed_joint_model.h
[11.154s] -- Up-to-date: /home/zx/ws_moveit2/install/moveit_core/include/moveit/robot_model/floating_joint_model.h
[11.154s] -- Up-to-date: /home/zx/ws_moveit2/install/moveit_core/include/moveit/robot_model/joint_model_group.h
[11.154s] -- Up-to-date: /home/zx/ws_moveit2/install/moveit_core/include/moveit/robot_model/revolute_joint_model.h
[11.154s] -- Up-to-date: /home/zx/ws_moveit2/install/moveit_core/include/moveit/robot_model/joint_model.h
[11.154s] -- Up-to-date: /home/zx/ws_moveit2/install/moveit_core/include/moveit/robot_model/aabb.h
[11.154s] -- Up-to-date: /home/zx/ws_moveit2/install/moveit_core/include/moveit/robot_model/link_model.h
[11.154s] -- Up-to-date: /home/zx/ws_moveit2/install/moveit_core/include/moveit/robot_model/planar_joint_model.h
[11.154s] -- Up-to-date: /home/zx/ws_moveit2/install/moveit_core/include/moveit/robot_model/robot_model.h
[11.155s] -- Up-to-date: /home/zx/ws_moveit2/install/moveit_core/include
[11.155s] -- Up-to-date: /home/zx/ws_moveit2/install/moveit_core/include/moveit
[11.155s] -- Up-to-date: /home/zx/ws_moveit2/install/moveit_core/include/moveit/robot_state
[11.155s] -- Up-to-date: /home/zx/ws_moveit2/install/moveit_core/include/moveit/robot_state/attached_body.h
[11.155s] -- Up-to-date: /home/zx/ws_moveit2/install/moveit_core/include/moveit/robot_state/cartesian_interpolator.h
[11.155s] -- Up-to-date: /home/zx/ws_moveit2/install/moveit_core/include/moveit/robot_state/conversions.h
[11.155s] -- Up-to-date: /home/zx/ws_moveit2/install/moveit_core/include/moveit/robot_state/robot_state.h
[11.155s] -- Up-to-date: /home/zx/ws_moveit2/install/moveit_core/include
[11.155s] -- Up-to-date: /home/zx/ws_moveit2/install/moveit_core/include/moveit
[11.155s] -- Up-to-date: /home/zx/ws_moveit2/install/moveit_core/include/moveit/robot_trajectory
[11.155s] -- Up-to-date: /home/zx/ws_moveit2/install/moveit_core/include/moveit/robot_trajectory/robot_trajectory.h
[11.155s] -- Up-to-date: /home/zx/ws_moveit2/install/moveit_core/include
[11.155s] -- Up-to-date: /home/zx/ws_moveit2/install/moveit_core/include/moveit
[11.155s] -- Up-to-date: /home/zx/ws_moveit2/install/moveit_core/include/moveit/sensor_manager
[11.155s] -- Up-to-date: /home/zx/ws_moveit2/install/moveit_core/include/moveit/sensor_manager/sensor_manager.h
[11.155s] -- Up-to-date: /home/zx/ws_moveit2/install/moveit_core/include
[11.155s] -- Up-to-date: /home/zx/ws_moveit2/install/moveit_core/include/moveit
[11.155s] -- Up-to-date: /home/zx/ws_moveit2/install/moveit_core/include/moveit/trajectory_processing
[11.155s] -- Up-to-date: /home/zx/ws_moveit2/install/moveit_core/include/moveit/trajectory_processing/time_optimal_trajectory_generation.h
[11.155s] -- Up-to-date: /home/zx/ws_moveit2/install/moveit_core/include/moveit/trajectory_processing/ruckig_traj_smoothing.h
[11.155s] -- Up-to-date: /home/zx/ws_moveit2/install/moveit_core/include/moveit/trajectory_processing/trajectory_tools.h
[11.155s] -- Up-to-date: /home/zx/ws_moveit2/install/moveit_core/include/moveit/trajectory_processing/time_parameterization.h
[11.155s] -- Up-to-date: /home/zx/ws_moveit2/install/moveit_core/include/moveit/trajectory_processing/iterative_spline_parameterization.h
[11.155s] -- Up-to-date: /home/zx/ws_moveit2/install/moveit_core/include/moveit/trajectory_processing/iterative_time_parameterization.h
[11.155s] -- Up-to-date: /home/zx/ws_moveit2/install/moveit_core/include
[11.155s] -- Up-to-date: /home/zx/ws_moveit2/install/moveit_core/include/moveit
[11.155s] -- Up-to-date: /home/zx/ws_moveit2/install/moveit_core/include/moveit/transforms
[11.155s] -- Up-to-date: /home/zx/ws_moveit2/install/moveit_core/include/moveit/transforms/transforms.h
[11.155s] -- Up-to-date: /home/zx/ws_moveit2/install/moveit_core/include
[11.155s] -- Up-to-date: /home/zx/ws_moveit2/install/moveit_core/include/moveit
[11.156s] -- Up-to-date: /home/zx/ws_moveit2/install/moveit_core/include/moveit/utils
[11.156s] -- Up-to-date: /home/zx/ws_moveit2/install/moveit_core/include/moveit/utils/rclcpp_utils.h
[11.156s] -- Up-to-date: /home/zx/ws_moveit2/install/moveit_core/include/moveit/utils/lexical_casts.h
[11.156s] -- Up-to-date: /home/zx/ws_moveit2/install/moveit_core/include/moveit/utils/robot_model_test_utils.h
[11.156s] -- Up-to-date: /home/zx/ws_moveit2/install/moveit_core/include/moveit/utils/moveit_error_code.h
[11.156s] -- Up-to-date: /home/zx/ws_moveit2/install/moveit_core/include/moveit/utils/message_checks.h
[11.156s] -- Up-to-date: /home/zx/ws_moveit2/install/moveit_core/bin/moveit_version
[11.156s] -- Up-to-date: /home/zx/ws_moveit2/install/moveit_core/include
[11.156s] -- Up-to-date: /home/zx/ws_moveit2/install/moveit_core/include/moveit
[11.156s] -- Up-to-date: /home/zx/ws_moveit2/install/moveit_core/include/moveit/collision_detection
[11.156s] -- Up-to-date: /home/zx/ws_moveit2/install/moveit_core/include/moveit/collision_detection/world.h
[11.156s] -- Up-to-date: /home/zx/ws_moveit2/install/moveit_core/include/moveit/collision_detection/world_diff.h
[11.156s] -- Up-to-date: /home/zx/ws_moveit2/install/moveit_core/include/moveit/collision_detection/collision_octomap_filter.h
[11.156s] -- Up-to-date: /home/zx/ws_moveit2/install/moveit_core/include/moveit/collision_detection/collision_common.h
[11.156s] -- Up-to-date: /home/zx/ws_moveit2/install/moveit_core/include/moveit/collision_detection/test_collision_common_pr2.h
[11.156s] -- Up-to-date: /home/zx/ws_moveit2/install/moveit_core/include/moveit/collision_detection/collision_plugin_cache.h
[11.156s] -- Up-to-date: /home/zx/ws_moveit2/install/moveit_core/include/moveit/collision_detection/collision_tools.h
[11.156s] -- Up-to-date: /home/zx/ws_moveit2/install/moveit_core/include/moveit/collision_detection/collision_matrix.h
[11.156s] -- Up-to-date: /home/zx/ws_moveit2/install/moveit_core/include/moveit/collision_detection/collision_plugin.h
[11.156s] -- Up-to-date: /home/zx/ws_moveit2/install/moveit_core/include/moveit/collision_detection/collision_env.h
[11.156s] -- Up-to-date: /home/zx/ws_moveit2/install/moveit_core/include/moveit/collision_detection/test_collision_common_panda.h
[11.156s] -- Up-to-date: /home/zx/ws_moveit2/install/moveit_core/include/moveit/collision_detection/allvalid
[11.156s] -- Up-to-date: /home/zx/ws_moveit2/install/moveit_core/include/moveit/collision_detection/allvalid/collision_detector_allocator_allvalid.h
[11.156s] -- Up-to-date: /home/zx/ws_moveit2/install/moveit_core/include/moveit/collision_detection/allvalid/collision_env_allvalid.h
[11.156s] -- Up-to-date: /home/zx/ws_moveit2/install/moveit_core/include/moveit/collision_detection/collision_detector_allocator.h
[11.156s] -- Up-to-date: /home/zx/ws_moveit2/install/moveit_core/include/moveit/collision_detection/occupancy_map.h
[11.156s] -- Up-to-date: /home/zx/ws_moveit2/install/moveit_core/include/moveit_collision_detection_export.h
[11.156s] -- Up-to-date: /home/zx/ws_moveit2/install/moveit_core/include/moveit_core
[11.156s] -- Up-to-date: /home/zx/ws_moveit2/install/moveit_core/include/moveit_core/moveit
[11.156s] -- Up-to-date: /home/zx/ws_moveit2/install/moveit_core/include/moveit_core/moveit/collision_detection_bullet
[11.157s] -- Up-to-date: /home/zx/ws_moveit2/install/moveit_core/include/moveit_core/moveit/collision_detection_bullet/bullet_integration
[11.157s] -- Up-to-date: /home/zx/ws_moveit2/install/moveit_core/include/moveit_core/moveit/collision_detection_bullet/bullet_integration/bullet_cast_bvh_manager.h
[11.157s] -- Up-to-date: /home/zx/ws_moveit2/install/moveit_core/include/moveit_core/moveit/collision_detection_bullet/bullet_integration/bullet_discrete_bvh_manager.h
[11.157s] -- Up-to-date: /home/zx/ws_moveit2/install/moveit_core/include/moveit_core/moveit/collision_detection_bullet/bullet_integration/contact_checker_common.h
[11.157s] -- Up-to-date: /home/zx/ws_moveit2/install/moveit_core/include/moveit_core/moveit/collision_detection_bullet/bullet_integration/basic_types.h
[11.157s] -- Up-to-date: /home/zx/ws_moveit2/install/moveit_core/include/moveit_core/moveit/collision_detection_bullet/bullet_integration/bullet_bvh_manager.h
[11.157s] -- Up-to-date: /home/zx/ws_moveit2/install/moveit_core/include/moveit_core/moveit/collision_detection_bullet/bullet_integration/ros_bullet_utils.h
[11.157s] -- Up-to-date: /home/zx/ws_moveit2/install/moveit_core/include/moveit_core/moveit/collision_detection_bullet/bullet_integration/bullet_utils.h
[11.157s] -- Up-to-date: /home/zx/ws_moveit2/install/moveit_core/include/moveit_core/moveit/collision_detection_bullet/collision_env_bullet.h
[11.157s] -- Up-to-date: /home/zx/ws_moveit2/install/moveit_core/include/moveit_core/moveit/collision_detection_bullet/collision_detector_allocator_bullet.h
[11.157s] -- Up-to-date: /home/zx/ws_moveit2/install/moveit_core/include/moveit_core/moveit/collision_detection_bullet/collision_detector_bullet_plugin_loader.h
[11.157s] -- Up-to-date: /home/zx/ws_moveit2/install/moveit_core/include/moveit_core/moveit_collision_detection_bullet_export.h
[11.157s] -- Up-to-date: /home/zx/ws_moveit2/install/moveit_core/include
[11.157s] -- Up-to-date: /home/zx/ws_moveit2/install/moveit_core/include/moveit
[11.157s] -- Up-to-date: /home/zx/ws_moveit2/install/moveit_core/include/moveit/collision_detection_fcl
[11.157s] -- Up-to-date: /home/zx/ws_moveit2/install/moveit_core/include/moveit/collision_detection_fcl/fcl_compat.h
[11.157s] -- Up-to-date: /home/zx/ws_moveit2/install/moveit_core/include/moveit/collision_detection_fcl/collision_detector_allocator_fcl.h
[11.157s] -- Up-to-date: /home/zx/ws_moveit2/install/moveit_core/include/moveit/collision_detection_fcl/collision_common.h
[11.157s] -- Up-to-date: /home/zx/ws_moveit2/install/moveit_core/include/moveit/collision_detection_fcl/collision_env_fcl.h
[11.157s] -- Up-to-date: /home/zx/ws_moveit2/install/moveit_core/include/moveit/collision_detection_fcl/collision_detector_fcl_plugin_loader.h
[11.157s] -- Up-to-date: /home/zx/ws_moveit2/install/moveit_core/include/moveit_collision_detection_fcl_export.h
[11.157s] -- Installing: /home/zx/ws_moveit2/install/moveit_core/lib/libcollision_detector_bullet_plugin.so.2.5.4
[11.157s] -- Set runtime path of "/home/zx/ws_moveit2/install/moveit_core/lib/libcollision_detector_bullet_plugin.so.2.5.4" to ""
[11.157s] -- Up-to-date: /home/zx/ws_moveit2/install/moveit_core/lib/libcollision_detector_bullet_plugin.so
[11.158s] -- Installing: /home/zx/ws_moveit2/install/moveit_core/lib/libmoveit_butterworth_filter.so.2.5.4
[11.158s] -- Set runtime path of "/home/zx/ws_moveit2/install/moveit_core/lib/libmoveit_butterworth_filter.so.2.5.4" to ""
[11.158s] -- Up-to-date: /home/zx/ws_moveit2/install/moveit_core/lib/libmoveit_butterworth_filter.so
[11.158s] -- Installing: /home/zx/ws_moveit2/install/moveit_core/lib/libmoveit_collision_distance_field.so.2.5.4
[11.159s] -- Set runtime path of "/home/zx/ws_moveit2/install/moveit_core/lib/libmoveit_collision_distance_field.so.2.5.4" to ""
[11.159s] -- Up-to-date: /home/zx/ws_moveit2/install/moveit_core/lib/libmoveit_collision_distance_field.so
[11.159s] -- Installing: /home/zx/ws_moveit2/install/moveit_core/lib/libmoveit_collision_detection.so.2.5.4
[11.160s] -- Set runtime path of "/home/zx/ws_moveit2/install/moveit_core/lib/libmoveit_collision_detection.so.2.5.4" to ""
[11.160s] -- Up-to-date: /home/zx/ws_moveit2/install/moveit_core/lib/libmoveit_collision_detection.so
[11.160s] -- Installing: /home/zx/ws_moveit2/install/moveit_core/lib/libmoveit_collision_detection_fcl.so.2.5.4
[11.161s] -- Set runtime path of "/home/zx/ws_moveit2/install/moveit_core/lib/libmoveit_collision_detection_fcl.so.2.5.4" to ""
[11.161s] -- Up-to-date: /home/zx/ws_moveit2/install/moveit_core/lib/libmoveit_collision_detection_fcl.so
[11.161s] -- Installing: /home/zx/ws_moveit2/install/moveit_core/lib/libmoveit_collision_detection_bullet.so.2.5.4
[11.162s] -- Set runtime path of "/home/zx/ws_moveit2/install/moveit_core/lib/libmoveit_collision_detection_bullet.so.2.5.4" to ""
[11.162s] -- Up-to-date: /home/zx/ws_moveit2/install/moveit_core/lib/libmoveit_collision_detection_bullet.so
[11.162s] -- Installing: /home/zx/ws_moveit2/install/moveit_core/lib/libmoveit_dynamics_solver.so.2.5.4
[11.162s] -- Set runtime path of "/home/zx/ws_moveit2/install/moveit_core/lib/libmoveit_dynamics_solver.so.2.5.4" to ""
[11.162s] -- Up-to-date: /home/zx/ws_moveit2/install/moveit_core/lib/libmoveit_dynamics_solver.so
[11.162s] -- Installing: /home/zx/ws_moveit2/install/moveit_core/lib/libmoveit_constraint_samplers.so.2.5.4
[11.163s] -- Set runtime path of "/home/zx/ws_moveit2/install/moveit_core/lib/libmoveit_constraint_samplers.so.2.5.4" to ""
[11.163s] -- Up-to-date: /home/zx/ws_moveit2/install/moveit_core/lib/libmoveit_constraint_samplers.so
[11.163s] -- Up-to-date: /home/zx/ws_moveit2/install/moveit_core/lib/libmoveit_distance_field.so.2.5.4
[11.163s] -- Up-to-date: /home/zx/ws_moveit2/install/moveit_core/lib/libmoveit_distance_field.so
[11.164s] -- Up-to-date: /home/zx/ws_moveit2/install/moveit_core/lib/libmoveit_exceptions.so.2.5.4
[11.164s] -- Up-to-date: /home/zx/ws_moveit2/install/moveit_core/lib/libmoveit_exceptions.so
[11.164s] -- Installing: /home/zx/ws_moveit2/install/moveit_core/lib/libmoveit_kinematics_base.so
[11.164s] -- Set runtime path of "/home/zx/ws_moveit2/install/moveit_core/lib/libmoveit_kinematics_base.so" to ""
[11.165s] -- Installing: /home/zx/ws_moveit2/install/moveit_core/lib/libmoveit_kinematic_constraints.so.2.5.4
[11.165s] -- Set runtime path of "/home/zx/ws_moveit2/install/moveit_core/lib/libmoveit_kinematic_constraints.so.2.5.4" to ""
[11.165s] -- Up-to-date: /home/zx/ws_moveit2/install/moveit_core/lib/libmoveit_kinematic_constraints.so
[11.165s] -- Installing: /home/zx/ws_moveit2/install/moveit_core/lib/libmoveit_kinematics_metrics.so.2.5.4
[11.166s] -- Set runtime path of "/home/zx/ws_moveit2/install/moveit_core/lib/libmoveit_kinematics_metrics.so.2.5.4" to ""
[11.166s] -- Up-to-date: /home/zx/ws_moveit2/install/moveit_core/lib/libmoveit_kinematics_metrics.so
[11.166s] -- Installing: /home/zx/ws_moveit2/install/moveit_core/lib/libmoveit_planning_interface.so.2.5.4
[11.166s] -- Set runtime path of "/home/zx/ws_moveit2/install/moveit_core/lib/libmoveit_planning_interface.so.2.5.4" to ""
[11.166s] -- Up-to-date: /home/zx/ws_moveit2/install/moveit_core/lib/libmoveit_planning_interface.so
[11.167s] -- Installing: /home/zx/ws_moveit2/install/moveit_core/lib/libmoveit_planning_scene.so.2.5.4
[11.168s] -- Set runtime path of "/home/zx/ws_moveit2/install/moveit_core/lib/libmoveit_planning_scene.so.2.5.4" to ""
[11.168s] -- Up-to-date: /home/zx/ws_moveit2/install/moveit_core/lib/libmoveit_planning_scene.so
[11.168s] -- Installing: /home/zx/ws_moveit2/install/moveit_core/lib/libmoveit_planning_request_adapter.so.2.5.4
[11.168s] -- Set runtime path of "/home/zx/ws_moveit2/install/moveit_core/lib/libmoveit_planning_request_adapter.so.2.5.4" to ""
[11.168s] -- Up-to-date: /home/zx/ws_moveit2/install/moveit_core/lib/libmoveit_planning_request_adapter.so
[11.168s] -- Installing: /home/zx/ws_moveit2/install/moveit_core/lib/libmoveit_robot_model.so.2.5.4
[11.169s] -- Set runtime path of "/home/zx/ws_moveit2/install/moveit_core/lib/libmoveit_robot_model.so.2.5.4" to ""
[11.169s] -- Up-to-date: /home/zx/ws_moveit2/install/moveit_core/lib/libmoveit_robot_model.so
[11.169s] -- Installing: /home/zx/ws_moveit2/install/moveit_core/lib/libmoveit_robot_state.so.2.5.4
[11.170s] -- Set runtime path of "/home/zx/ws_moveit2/install/moveit_core/lib/libmoveit_robot_state.so.2.5.4" to ""
[11.170s] -- Up-to-date: /home/zx/ws_moveit2/install/moveit_core/lib/libmoveit_robot_state.so
[11.170s] -- Installing: /home/zx/ws_moveit2/install/moveit_core/lib/libmoveit_robot_trajectory.so.2.5.4
[11.171s] -- Set runtime path of "/home/zx/ws_moveit2/install/moveit_core/lib/libmoveit_robot_trajectory.so.2.5.4" to ""
[11.171s] -- Up-to-date: /home/zx/ws_moveit2/install/moveit_core/lib/libmoveit_robot_trajectory.so
[11.171s] -- Up-to-date: /home/zx/ws_moveit2/install/moveit_core/lib/libmoveit_smoothing_base.so.2.5.4
[11.171s] -- Up-to-date: /home/zx/ws_moveit2/install/moveit_core/lib/libmoveit_smoothing_base.so
[11.171s] -- Installing: /home/zx/ws_moveit2/install/moveit_core/lib/libmoveit_test_utils.so.2.5.4
[11.172s] -- Set runtime path of "/home/zx/ws_moveit2/install/moveit_core/lib/libmoveit_test_utils.so.2.5.4" to ""
[11.172s] -- Up-to-date: /home/zx/ws_moveit2/install/moveit_core/lib/libmoveit_test_utils.so
[11.172s] -- Installing: /home/zx/ws_moveit2/install/moveit_core/lib/libmoveit_trajectory_processing.so.2.5.4
[11.173s] -- Set runtime path of "/home/zx/ws_moveit2/install/moveit_core/lib/libmoveit_trajectory_processing.so.2.5.4" to ""
[11.173s] -- Up-to-date: /home/zx/ws_moveit2/install/moveit_core/lib/libmoveit_trajectory_processing.so
[11.173s] -- Up-to-date: /home/zx/ws_moveit2/install/moveit_core/lib/libmoveit_transforms.so.2.5.4
[11.173s] -- Up-to-date: /home/zx/ws_moveit2/install/moveit_core/lib/libmoveit_transforms.so
[11.173s] -- Up-to-date: /home/zx/ws_moveit2/install/moveit_core/lib/libmoveit_utils.so.2.5.4
[11.173s] -- Up-to-date: /home/zx/ws_moveit2/install/moveit_core/lib/libmoveit_utils.so
[11.173s] -- Up-to-date: /home/zx/ws_moveit2/install/moveit_core/share/moveit_core/environment/library_path.sh
[11.174s] -- Installing: /home/zx/ws_moveit2/install/moveit_core/share/moveit_core/environment/library_path.dsv
[11.174s] -- Up-to-date: /home/zx/ws_moveit2/install/moveit_core/share/moveit_core/collision_detector_fcl_description.xml
[11.174s] -- Up-to-date: /home/zx/ws_moveit2/install/moveit_core/share/moveit_core/collision_detector_bullet_description.xml
[11.174s] -- Up-to-date: /home/zx/ws_moveit2/install/moveit_core/share/moveit_core/filter_plugin_butterworth.xml
[11.174s] -- Up-to-date: /home/zx/ws_moveit2/install/moveit_core/share/ament_index/resource_index/package_run_dependencies/moveit_core
[11.174s] -- Installing: /home/zx/ws_moveit2/install/moveit_core/share/ament_index/resource_index/parent_prefix_path/moveit_core
[11.174s] -- Up-to-date: /home/zx/ws_moveit2/install/moveit_core/share/moveit_core/environment/ament_prefix_path.sh
[11.174s] -- Installing: /home/zx/ws_moveit2/install/moveit_core/share/moveit_core/environment/ament_prefix_path.dsv
[11.174s] -- Up-to-date: /home/zx/ws_moveit2/install/moveit_core/share/moveit_core/environment/path.sh
[11.174s] -- Installing: /home/zx/ws_moveit2/install/moveit_core/share/moveit_core/environment/path.dsv
[11.174s] -- Up-to-date: /home/zx/ws_moveit2/install/moveit_core/share/moveit_core/local_setup.bash
[11.174s] -- Up-to-date: /home/zx/ws_moveit2/install/moveit_core/share/moveit_core/local_setup.sh
[11.174s] -- Up-to-date: /home/zx/ws_moveit2/install/moveit_core/share/moveit_core/local_setup.zsh
[11.174s] -- Installing: /home/zx/ws_moveit2/install/moveit_core/share/moveit_core/local_setup.dsv
[11.174s] -- Installing: /home/zx/ws_moveit2/install/moveit_core/share/moveit_core/package.dsv
[11.174s] -- Up-to-date: /home/zx/ws_moveit2/install/moveit_core/share/ament_index/resource_index/packages/moveit_core
[11.174s] -- Up-to-date: /home/zx/ws_moveit2/install/moveit_core/share/ament_index/resource_index/moveit_core__pluginlib__plugin/moveit_core
[11.175s] -- Up-to-date: /home/zx/ws_moveit2/install/moveit_core/share/moveit_core/cmake/export_moveit_coreExport.cmake
[11.175s] -- Up-to-date: /home/zx/ws_moveit2/install/moveit_core/share/moveit_core/cmake/export_moveit_coreExport-release.cmake
[11.175s] -- Up-to-date: /home/zx/ws_moveit2/install/moveit_core/share/moveit_core/cmake/ConfigExtras.cmake
[11.175s] -- Up-to-date: /home/zx/ws_moveit2/install/moveit_core/share/moveit_core/cmake/ament_cmake_export_targets-extras.cmake
[11.175s] -- Up-to-date: /home/zx/ws_moveit2/install/moveit_core/share/moveit_core/cmake/ament_cmake_export_dependencies-extras.cmake
[11.175s] -- Up-to-date: /home/zx/ws_moveit2/install/moveit_core/share/moveit_core/cmake/moveit_coreConfig.cmake
[11.175s] -- Up-to-date: /home/zx/ws_moveit2/install/moveit_core/share/moveit_core/cmake/moveit_coreConfig-version.cmake
[11.175s] -- Up-to-date: /home/zx/ws_moveit2/install/moveit_core/share/moveit_core/package.xml
[11.178s] Invoked command in '/home/zx/ws_moveit2/build/moveit_core' returned '0': AMENT_PREFIX_PATH=/home/zx/ws_moveit2/install/moveit_resources_panda_moveit_config:/home/zx/ws_moveit2/install/srdfdom:/home/zx/ws_moveit2/install/moveit_resources_pr2_description:/home/zx/ws_moveit2/install/moveit_resources_panda_description:/home/zx/ws_moveit2/install/moveit_common:${AMENT_PREFIX_PATH} CMAKE_PREFIX_PATH=/home/zx/ws_moveit2/install/moveit_resources_panda_moveit_config:/home/zx/ws_moveit2/install/srdfdom:/home/zx/ws_moveit2/install/moveit_resources_pr2_description:/home/zx/ws_moveit2/install/moveit_resources_panda_description:/home/zx/ws_moveit2/install/moveit_common:/opt/ros/humble LD_LIBRARY_PATH=/home/zx/ws_moveit2/install/srdfdom/lib:${LD_LIBRARY_PATH} PYTHONPATH=/home/zx/ws_moveit2/install/srdfdom/local/lib/python3.10/dist-packages:${PYTHONPATH} /usr/bin/cmake --install /home/zx/ws_moveit2/build/moveit_core
