[1.120s] Invoking command in '/home/zx/ws_moveit2/src/launch_param_builder': PYTHONPATH=/home/zx/ws_moveit2/build/launch_param_builder/prefix_override:/home/zx/ws_moveit2/install/launch_param_builder/lib/python3.10/site-packages:${PYTHONPATH} /usr/bin/python3 setup.py egg_info --egg-base ../../build/launch_param_builder build --build-base /home/zx/ws_moveit2/build/launch_param_builder/build install --record /home/zx/ws_moveit2/build/launch_param_builder/install.log --single-version-externally-managed
[1.456s] running egg_info
[1.457s] writing ../../build/launch_param_builder/launch_param_builder.egg-info/PKG-INFO
[1.457s] writing dependency_links to ../../build/launch_param_builder/launch_param_builder.egg-info/dependency_links.txt
[1.457s] writing entry points to ../../build/launch_param_builder/launch_param_builder.egg-info/entry_points.txt
[1.457s] writing requirements to ../../build/launch_param_builder/launch_param_builder.egg-info/requires.txt
[1.458s] writing top-level names to ../../build/launch_param_builder/launch_param_builder.egg-info/top_level.txt
[1.460s] reading manifest file '../../build/launch_param_builder/launch_param_builder.egg-info/SOURCES.txt'
[1.460s] adding license file 'LICENSE'
[1.462s] writing manifest file '../../build/launch_param_builder/launch_param_builder.egg-info/SOURCES.txt'
[1.462s] running build
[1.462s] running build_py
[1.463s] running install
[1.463s] running install_lib
[1.464s] running install_data
[1.469s] running install_egg_info
[1.469s] removing '/home/zx/ws_moveit2/install/launch_param_builder/lib/python3.10/site-packages/launch_param_builder-0.1.1-py3.10.egg-info' (and everything under it)
[1.473s] Copying ../../build/launch_param_builder/launch_param_builder.egg-info to /home/zx/ws_moveit2/install/launch_param_builder/lib/python3.10/site-packages/launch_param_builder-0.1.1-py3.10.egg-info
[1.473s] running install_scripts
[1.497s] writing list of installed files to '/home/zx/ws_moveit2/build/launch_param_builder/install.log'
[1.548s] Invoked command in '/home/zx/ws_moveit2/src/launch_param_builder' returned '0': PYTHONPATH=/home/zx/ws_moveit2/build/launch_param_builder/prefix_override:/home/zx/ws_moveit2/install/launch_param_builder/lib/python3.10/site-packages:${PYTHONPATH} /usr/bin/python3 setup.py egg_info --egg-base ../../build/launch_param_builder build --build-base /home/zx/ws_moveit2/build/launch_param_builder/build install --record /home/zx/ws_moveit2/build/launch_param_builder/install.log --single-version-externally-managed
