[0.040s] Invoking command in '/home/zx/ws_moveit2/build/srdfdom': CMAKE_PREFIX_PATH=/opt/ros/humble /usr/bin/cmake /home/zx/ws_moveit2/src/srdfdom -DCMAKE_INSTALL_PREFIX=/home/zx/ws_moveit2/install/srdfdom
[0.618s] -- The CXX compiler identification is GNU 11.4.0
[0.619s] -- Detecting CXX compiler ABI info
[0.619s] -- Detecting CXX compiler ABI info - done
[0.619s] -- Check for working CXX compiler: /usr/bin/c++ - skipped
[0.619s] -- Detecting CXX compile features
[0.619s] -- Detecting CXX compile features - done
[0.620s] -- Found Boost: /usr/lib/x86_64-linux-gnu/cmake/Boost-1.74.0/BoostConfig.cmake (found version "1.74.0")  
[0.620s] -- Found ament_cmake: 1.3.5 (/opt/ros/humble/share/ament_cmake/cmake)
[0.620s] -- Found Python3: /usr/bin/python3.10 (found version "3.10.12") found components: Interpreter 
[0.620s] -- Found urdf: 2.6.0 (/opt/ros/humble/share/urdf/cmake)
[0.620s] -- Found TinyXML2: /usr/lib/x86_64-linux-gnu/libtinyxml2.so  
[0.697s] -- Found ament_cmake_gtest: 1.3.5 (/opt/ros/humble/share/ament_cmake_gtest/cmake)
[0.700s] -- Found ament_cmake_pytest: 1.3.5 (/opt/ros/humble/share/ament_cmake_pytest/cmake)
[1.215s] -- Found gtest sources under '/opt/ros/humble/src/gtest_vendor': C++ tests using 'Google Test' will be built
[1.262s] -- The C compiler identification is GNU 11.4.0
[1.274s] -- Detecting C compiler ABI info
[1.412s] -- Detecting C compiler ABI info - done
[1.415s] -- Check for working C compiler: /usr/bin/cc - skipped
[1.416s] -- Detecting C compile features
[1.417s] -- Detecting C compile features - done
[1.428s] -- Looking for C++ include pthread.h
[1.568s] -- Looking for C++ include pthread.h - found
[1.568s] -- Performing Test CMAKE_HAVE_LIBC_PTHREAD
[1.697s] -- Performing Test CMAKE_HAVE_LIBC_PTHREAD - Success
[1.699s] -- Found Threads: TRUE  
[1.704s] -- Found ament_lint_auto: 0.12.7 (/opt/ros/humble/share/ament_lint_auto/cmake)
[1.722s] -- Configuring done
[1.737s] -- Generating done
[1.739s] -- Build files have been written to: /home/zx/ws_moveit2/build/srdfdom
[1.747s] Invoked command in '/home/zx/ws_moveit2/build/srdfdom' returned '0': CMAKE_PREFIX_PATH=/opt/ros/humble /usr/bin/cmake /home/zx/ws_moveit2/src/srdfdom -DCMAKE_INSTALL_PREFIX=/home/zx/ws_moveit2/install/srdfdom
[1.749s] Invoking command in '/home/zx/ws_moveit2/build/srdfdom': CMAKE_PREFIX_PATH=/opt/ros/humble /usr/bin/cmake --build /home/zx/ws_moveit2/build/srdfdom -- -j12 -l12
[1.803s] [  9%] [32mBuilding CXX object CMakeFiles/srdfdom.dir/src/model.cpp.o[0m
[1.803s] [ 27%] [32mBuilding CXX object gtest/CMakeFiles/gtest_main.dir/src/gtest_main.cc.o[0m
[1.804s] [ 36%] [32mBuilding CXX object CMakeFiles/srdfdom.dir/src/srdf_writer.cpp.o[0m
[1.804s] [ 36%] [32mBuilding CXX object gtest/CMakeFiles/gtest.dir/src/gtest-all.cc.o[0m
[1.824s] [ 36%] Built target ament_cmake_python_copy_srdfdom
[2.225s] running egg_info
[2.226s] creating srdfdom.egg-info
[2.226s] writing srdfdom.egg-info/PKG-INFO
[2.226s] writing dependency_links to srdfdom.egg-info/dependency_links.txt
[2.226s] writing top-level names to srdfdom.egg-info/top_level.txt
[2.227s] writing manifest file 'srdfdom.egg-info/SOURCES.txt'
[2.230s] reading manifest file 'srdfdom.egg-info/SOURCES.txt'
[2.231s] writing manifest file 'srdfdom.egg-info/SOURCES.txt'
[2.273s] [ 36%] Built target ament_cmake_python_build_srdfdom_egg
[2.626s] [ 45%] [32m[1mLinking CXX static library libgtest_main.a[0m
[2.670s] [ 45%] Built target gtest_main
[4.273s] [ 54%] [32m[1mLinking CXX shared library libsrdfdom.so[0m
[4.493s] [ 54%] Built target srdfdom
[5.452s] [ 63%] [32m[1mLinking CXX static library libgtest.a[0m
[5.534s] [ 63%] Built target gtest
[5.560s] [ 81%] [32mBuilding CXX object CMakeFiles/test_cpp_C.dir/test/test_parser.cpp.o[0m
[5.560s] [ 81%] [32mBuilding CXX object CMakeFiles/test_cpp_nl_NL.UTF-8.dir/test/test_parser.cpp.o[0m
[7.352s] [ 90%] [32m[1mLinking CXX executable test_cpp_C[0m
[7.445s] [100%] [32m[1mLinking CXX executable test_cpp_nl_NL.UTF-8[0m
[7.630s] [100%] Built target test_cpp_C
[7.709s] [100%] Built target test_cpp_nl_NL.UTF-8
[7.726s] Invoked command in '/home/zx/ws_moveit2/build/srdfdom' returned '0': CMAKE_PREFIX_PATH=/opt/ros/humble /usr/bin/cmake --build /home/zx/ws_moveit2/build/srdfdom -- -j12 -l12
[7.792s] Invoking command in '/home/zx/ws_moveit2/build/srdfdom': CMAKE_PREFIX_PATH=/opt/ros/humble /usr/bin/cmake --install /home/zx/ws_moveit2/build/srdfdom
[7.803s] -- Install configuration: ""
[7.803s] -- Installing: /home/zx/ws_moveit2/install/srdfdom/lib/libsrdfdom.so.2.0.4
[7.806s] -- Set runtime path of "/home/zx/ws_moveit2/install/srdfdom/lib/libsrdfdom.so.2.0.4" to ""
[7.806s] -- Installing: /home/zx/ws_moveit2/install/srdfdom/lib/libsrdfdom.so
[7.806s] -- Installing: /home/zx/ws_moveit2/install/srdfdom/include/srdfdom
[7.806s] -- Installing: /home/zx/ws_moveit2/install/srdfdom/include/srdfdom/srdf_writer.h
[7.806s] -- Installing: /home/zx/ws_moveit2/install/srdfdom/include/srdfdom/model.h
[7.806s] -- Installing: /home/zx/ws_moveit2/install/srdfdom/include/srdfdom/visibility_control.h
[7.807s] -- Installing: /home/zx/ws_moveit2/install/srdfdom/lib/srdfdom/display_srdf
[7.810s] -- Installing: /home/zx/ws_moveit2/install/srdfdom/share/srdfdom/environment/pythonpath.sh
[7.811s] -- Installing: /home/zx/ws_moveit2/install/srdfdom/share/srdfdom/environment/pythonpath.dsv
[7.811s] -- Installing: /home/zx/ws_moveit2/install/srdfdom/local/lib/python3.10/dist-packages/srdfdom-2.0.4-py3.10.egg-info
[7.811s] -- Installing: /home/zx/ws_moveit2/install/srdfdom/local/lib/python3.10/dist-packages/srdfdom-2.0.4-py3.10.egg-info/dependency_links.txt
[7.811s] -- Installing: /home/zx/ws_moveit2/install/srdfdom/local/lib/python3.10/dist-packages/srdfdom-2.0.4-py3.10.egg-info/top_level.txt
[7.811s] -- Installing: /home/zx/ws_moveit2/install/srdfdom/local/lib/python3.10/dist-packages/srdfdom-2.0.4-py3.10.egg-info/SOURCES.txt
[7.811s] -- Installing: /home/zx/ws_moveit2/install/srdfdom/local/lib/python3.10/dist-packages/srdfdom-2.0.4-py3.10.egg-info/PKG-INFO
[7.811s] -- Installing: /home/zx/ws_moveit2/install/srdfdom/local/lib/python3.10/dist-packages/srdfdom
[7.811s] -- Installing: /home/zx/ws_moveit2/install/srdfdom/local/lib/python3.10/dist-packages/srdfdom/__init__.py
[7.812s] -- Installing: /home/zx/ws_moveit2/install/srdfdom/local/lib/python3.10/dist-packages/srdfdom/srdf.py
[7.870s] Listing '/home/zx/ws_moveit2/install/srdfdom/local/lib/python3.10/dist-packages/srdfdom'...
[7.870s] Compiling '/home/zx/ws_moveit2/install/srdfdom/local/lib/python3.10/dist-packages/srdfdom/__init__.py'...
[7.870s] Compiling '/home/zx/ws_moveit2/install/srdfdom/local/lib/python3.10/dist-packages/srdfdom/srdf.py'...
[7.878s] -- Installing: /home/zx/ws_moveit2/install/srdfdom/share/srdfdom/environment/library_path.sh
[7.879s] -- Installing: /home/zx/ws_moveit2/install/srdfdom/share/srdfdom/environment/library_path.dsv
[7.879s] -- Installing: /home/zx/ws_moveit2/install/srdfdom/share/ament_index/resource_index/package_run_dependencies/srdfdom
[7.880s] -- Installing: /home/zx/ws_moveit2/install/srdfdom/share/ament_index/resource_index/parent_prefix_path/srdfdom
[7.880s] -- Installing: /home/zx/ws_moveit2/install/srdfdom/share/srdfdom/environment/ament_prefix_path.sh
[7.880s] -- Installing: /home/zx/ws_moveit2/install/srdfdom/share/srdfdom/environment/ament_prefix_path.dsv
[7.881s] -- Installing: /home/zx/ws_moveit2/install/srdfdom/share/srdfdom/environment/path.sh
[7.881s] -- Installing: /home/zx/ws_moveit2/install/srdfdom/share/srdfdom/environment/path.dsv
[7.881s] -- Installing: /home/zx/ws_moveit2/install/srdfdom/share/srdfdom/local_setup.bash
[7.882s] -- Installing: /home/zx/ws_moveit2/install/srdfdom/share/srdfdom/local_setup.sh
[7.882s] -- Installing: /home/zx/ws_moveit2/install/srdfdom/share/srdfdom/local_setup.zsh
[7.883s] -- Installing: /home/zx/ws_moveit2/install/srdfdom/share/srdfdom/local_setup.dsv
[7.883s] -- Installing: /home/zx/ws_moveit2/install/srdfdom/share/srdfdom/package.dsv
[7.883s] -- Installing: /home/zx/ws_moveit2/install/srdfdom/share/ament_index/resource_index/packages/srdfdom
[7.884s] -- Installing: /home/zx/ws_moveit2/install/srdfdom/share/srdfdom/cmake/srdfdomTargetsExport.cmake
[7.884s] -- Installing: /home/zx/ws_moveit2/install/srdfdom/share/srdfdom/cmake/srdfdomTargetsExport-noconfig.cmake
[7.885s] -- Installing: /home/zx/ws_moveit2/install/srdfdom/share/srdfdom/cmake/ament_cmake_export_targets-extras.cmake
[7.885s] -- Installing: /home/zx/ws_moveit2/install/srdfdom/share/srdfdom/cmake/ament_cmake_export_dependencies-extras.cmake
[7.885s] -- Installing: /home/zx/ws_moveit2/install/srdfdom/share/srdfdom/cmake/srdfdomConfig.cmake
[7.886s] -- Installing: /home/zx/ws_moveit2/install/srdfdom/share/srdfdom/cmake/srdfdomConfig-version.cmake
[7.886s] -- Installing: /home/zx/ws_moveit2/install/srdfdom/share/srdfdom/package.xml
[7.894s] Invoked command in '/home/zx/ws_moveit2/build/srdfdom' returned '0': CMAKE_PREFIX_PATH=/opt/ros/humble /usr/bin/cmake --install /home/zx/ws_moveit2/build/srdfdom
