[0.576s] Invoking command in '/home/zx/ws_moveit2/build/rosparam_shortcuts': CMAKE_PREFIX_PATH=${CMAKE_PREFIX_PATH}:/home/zx/ws_moveit2/install/tihu_2:/home/zx/ws_moveit2/install/moveit_configs_utils:/home/zx/ws_moveit2/install/launch_param_builder:/opt/ros/humble /usr/bin/cmake /home/zx/ws_moveit2/src/rosparam_shortcuts -DCMAKE_BUILD_TYPE=Release -DCMAKE_INSTALL_PREFIX=/home/zx/ws_moveit2/install/rosparam_shortcuts
[0.694s] -- The C compiler identification is GNU 11.4.0
[0.794s] -- The CXX compiler identification is GNU 11.4.0
[0.806s] -- Detecting C compiler ABI info
[0.915s] -- Detecting C compiler ABI info - done
[0.927s] -- Check for working C compiler: /usr/bin/cc - skipped
[0.928s] -- Detecting C compile features
[0.928s] -- Detecting C compile features - done
[0.932s] -- Detecting CXX compiler ABI info
[1.060s] -- Detecting CXX compiler ABI info - done
[1.072s] -- Check for working CXX compiler: /usr/bin/c++ - skipped
[1.072s] -- Detecting CXX compile features
[1.073s] -- Detecting CXX compile features - done
[1.077s] -- Found ament_cmake: 1.3.5 (/opt/ros/humble/share/ament_cmake/cmake)
[1.518s] -- Found Python3: /usr/bin/python3.10 (found version "3.10.12") found components: Interpreter 
[1.671s] -- Found eigen3_cmake_module: 0.1.1 (/opt/ros/humble/share/eigen3_cmake_module/cmake)
[1.680s] -- Found Eigen3: TRUE (found version "3.4.0") 
[1.683s] -- Found geometry_msgs: 4.2.3 (/opt/ros/humble/share/geometry_msgs/cmake)
[1.743s] -- Found rosidl_generator_c: 3.1.5 (/opt/ros/humble/share/rosidl_generator_c/cmake)
[1.751s] -- Found rosidl_adapter: 3.1.5 (/opt/ros/humble/share/rosidl_adapter/cmake)
[1.764s] -- Found rosidl_generator_cpp: 3.1.5 (/opt/ros/humble/share/rosidl_generator_cpp/cmake)
[1.788s] -- Using all available rosidl_typesupport_c: rosidl_typesupport_fastrtps_c;rosidl_typesupport_introspection_c
[1.816s] -- Using all available rosidl_typesupport_cpp: rosidl_typesupport_fastrtps_cpp;rosidl_typesupport_introspection_cpp
[1.969s] -- Found rclcpp: 16.0.5 (/opt/ros/humble/share/rclcpp/cmake)
[2.060s] -- Found rmw_implementation_cmake: 6.1.1 (/opt/ros/humble/share/rmw_implementation_cmake/cmake)
[2.069s] -- Found rmw_fastrtps_cpp: 6.2.3 (/opt/ros/humble/share/rmw_fastrtps_cpp/cmake)
[2.304s] -- Found OpenSSL: /usr/lib/x86_64-linux-gnu/libcrypto.so (found version "3.0.2")  
[2.353s] -- Found FastRTPS: /opt/ros/humble/include  
[2.443s] -- Using RMW implementation 'rmw_fastrtps_cpp' as default
[2.460s] -- Looking for pthread.h
[2.592s] -- Looking for pthread.h - found
[2.594s] -- Performing Test CMAKE_HAVE_LIBC_PTHREAD
[2.700s] -- Performing Test CMAKE_HAVE_LIBC_PTHREAD - Success
[2.701s] -- Found Threads: TRUE  
[2.857s] -- Found tf2_eigen: 0.25.3 (/opt/ros/humble/share/tf2_eigen/cmake)
[3.370s] -- Found ament_lint_auto: 0.12.7 (/opt/ros/humble/share/ament_lint_auto/cmake)
[3.373s] -- Found ament_cmake_gtest: 1.3.5 (/opt/ros/humble/share/ament_cmake_gtest/cmake)
[3.375s] -- Found ros_testing: 0.4.0 (/opt/ros/humble/share/ros_testing/cmake)
[3.378s] -- Found launch_testing_ament_cmake: 1.0.4 (/opt/ros/humble/share/launch_testing_ament_cmake/cmake)
[3.380s] -- Found python_cmake_module: 0.10.0 (/opt/ros/humble/share/python_cmake_module/cmake)
[3.408s] -- Found PythonInterp: /usr/bin/python3 (found suitable version "3.10.12", minimum required is "3.6") 
[3.419s] -- Found PythonLibs: /usr/lib/x86_64-linux-gnu/libpython3.10.so (found suitable version "3.10.12", minimum required is "3.5") 
[3.420s] -- Using PYTHON_EXECUTABLE: /usr/bin/python3
[3.420s] -- Using PYTHON_INCLUDE_DIRS: /usr/include/python3.10
[3.420s] -- Using PYTHON_LIBRARIES: /usr/lib/x86_64-linux-gnu/libpython3.10.so
[3.453s] -- Found PythonExtra: .so  
[3.555s] -- Found gtest sources under '/opt/ros/humble/src/gtest_vendor': C++ tests using 'Google Test' will be built
[3.587s] -- Added test 'copyright' to check source files copyright and LICENSE
[3.589s] -- Added test 'lint_cmake' to check CMake code style
[3.592s] -- Added test 'pep257' to check Python code against some of the docstring style conventions in PEP 257
[3.596s] -- Added test 'xmllint' to check XML markup files
[3.603s] -- Configuring done
[3.643s] -- Generating done
[3.646s] -- Build files have been written to: /home/zx/ws_moveit2/build/rosparam_shortcuts
[3.668s] Invoked command in '/home/zx/ws_moveit2/build/rosparam_shortcuts' returned '0': CMAKE_PREFIX_PATH=${CMAKE_PREFIX_PATH}:/home/zx/ws_moveit2/install/tihu_2:/home/zx/ws_moveit2/install/moveit_configs_utils:/home/zx/ws_moveit2/install/launch_param_builder:/opt/ros/humble /usr/bin/cmake /home/zx/ws_moveit2/src/rosparam_shortcuts -DCMAKE_BUILD_TYPE=Release -DCMAKE_INSTALL_PREFIX=/home/zx/ws_moveit2/install/rosparam_shortcuts
[3.669s] Invoking command in '/home/zx/ws_moveit2/build/rosparam_shortcuts': CMAKE_PREFIX_PATH=${CMAKE_PREFIX_PATH}:/home/zx/ws_moveit2/install/tihu_2:/home/zx/ws_moveit2/install/moveit_configs_utils:/home/zx/ws_moveit2/install/launch_param_builder:/opt/ros/humble /usr/bin/cmake --build /home/zx/ws_moveit2/build/rosparam_shortcuts -- -j12 -l12
[3.743s] [  7%] [32mBuilding CXX object gtest/CMakeFiles/gtest_main.dir/src/gtest_main.cc.o[0m
[3.744s] [ 23%] [32mBuilding CXX object CMakeFiles/rosparam_shortcuts.dir/src/node_parameters.cpp.o[0m
[3.744s] [ 23%] [32mBuilding CXX object CMakeFiles/rosparam_shortcuts.dir/src/rosparam_shortcuts.cpp.o[0m
[3.748s] [ 30%] [32mBuilding CXX object gtest/CMakeFiles/gtest.dir/src/gtest-all.cc.o[0m
[5.068s] [ 38%] [32m[1mLinking CXX static library libgtest_main.a[0m
[5.135s] [ 38%] Built target gtest_main
[14.324s] [ 46%] [32m[1mLinking CXX shared library librosparam_shortcuts.so[0m
[14.598s] [ 46%] Built target rosparam_shortcuts
[14.626s] [ 53%] [32mBuilding CXX object CMakeFiles/rosparam_shortcuts_node_parameters_example.dir/src/node_parameters_example.cpp.o[0m
[14.628s] [ 61%] [32mBuilding CXX object CMakeFiles/rosparam_shortcuts_example.dir/src/example.cpp.o[0m
[15.290s] [ 69%] [32m[1mLinking CXX static library libgtest.a[0m
[15.341s] [ 69%] Built target gtest
[15.369s] [ 76%] [32mBuilding CXX object CMakeFiles/test_node_parameters.dir/test/test_node_parameters.cpp.o[0m
[19.324s] [ 84%] [32m[1mLinking CXX executable node_parameters_example[0m
[19.494s] [ 84%] Built target rosparam_shortcuts_node_parameters_example
[19.578s] [ 92%] [32m[1mLinking CXX executable example[0m
[19.688s] [ 92%] Built target rosparam_shortcuts_example
[20.525s] [100%] [32m[1mLinking CXX executable test_node_parameters[0m
[20.631s] [100%] Built target test_node_parameters
[20.640s] Invoked command in '/home/zx/ws_moveit2/build/rosparam_shortcuts' returned '0': CMAKE_PREFIX_PATH=${CMAKE_PREFIX_PATH}:/home/zx/ws_moveit2/install/tihu_2:/home/zx/ws_moveit2/install/moveit_configs_utils:/home/zx/ws_moveit2/install/launch_param_builder:/opt/ros/humble /usr/bin/cmake --build /home/zx/ws_moveit2/build/rosparam_shortcuts -- -j12 -l12
[20.690s] Invoking command in '/home/zx/ws_moveit2/build/rosparam_shortcuts': CMAKE_PREFIX_PATH=${CMAKE_PREFIX_PATH}:/home/zx/ws_moveit2/install/tihu_2:/home/zx/ws_moveit2/install/moveit_configs_utils:/home/zx/ws_moveit2/install/launch_param_builder:/opt/ros/humble /usr/bin/cmake --install /home/zx/ws_moveit2/build/rosparam_shortcuts
[20.697s] -- Install configuration: "Release"
[20.697s] -- Installing: /home/zx/ws_moveit2/install/rosparam_shortcuts/lib/librosparam_shortcuts.so
[20.697s] -- Set runtime path of "/home/zx/ws_moveit2/install/rosparam_shortcuts/lib/librosparam_shortcuts.so" to ""
[20.697s] -- Installing: /home/zx/ws_moveit2/install/rosparam_shortcuts/lib/rosparam_shortcuts/example
[20.697s] -- Set runtime path of "/home/zx/ws_moveit2/install/rosparam_shortcuts/lib/rosparam_shortcuts/example" to ""
[20.697s] -- Installing: /home/zx/ws_moveit2/install/rosparam_shortcuts/lib/rosparam_shortcuts/node_parameters_example
[20.698s] -- Set runtime path of "/home/zx/ws_moveit2/install/rosparam_shortcuts/lib/rosparam_shortcuts/node_parameters_example" to ""
[20.698s] -- Installing: /home/zx/ws_moveit2/install/rosparam_shortcuts/include
[20.698s] -- Installing: /home/zx/ws_moveit2/install/rosparam_shortcuts/include/rosparam_shortcuts
[20.698s] -- Installing: /home/zx/ws_moveit2/install/rosparam_shortcuts/include/rosparam_shortcuts/node_parameters.h
[20.698s] -- Installing: /home/zx/ws_moveit2/install/rosparam_shortcuts/include/rosparam_shortcuts/rosparam_shortcuts.h
[20.698s] -- Installing: /home/zx/ws_moveit2/install/rosparam_shortcuts/share/rosparam_shortcuts/launch
[20.698s] -- Installing: /home/zx/ws_moveit2/install/rosparam_shortcuts/share/rosparam_shortcuts/launch/example.launch.py
[20.698s] -- Installing: /home/zx/ws_moveit2/install/rosparam_shortcuts/share/rosparam_shortcuts/config
[20.699s] -- Installing: /home/zx/ws_moveit2/install/rosparam_shortcuts/share/rosparam_shortcuts/config/example.yaml
[20.699s] -- Installing: /home/zx/ws_moveit2/install/rosparam_shortcuts/share/rosparam_shortcuts/environment/library_path.sh
[20.699s] -- Installing: /home/zx/ws_moveit2/install/rosparam_shortcuts/share/rosparam_shortcuts/environment/library_path.dsv
[20.699s] -- Installing: /home/zx/ws_moveit2/install/rosparam_shortcuts/share/ament_index/resource_index/package_run_dependencies/rosparam_shortcuts
[20.699s] -- Installing: /home/zx/ws_moveit2/install/rosparam_shortcuts/share/ament_index/resource_index/parent_prefix_path/rosparam_shortcuts
[20.699s] -- Installing: /home/zx/ws_moveit2/install/rosparam_shortcuts/share/rosparam_shortcuts/environment/ament_prefix_path.sh
[20.699s] -- Installing: /home/zx/ws_moveit2/install/rosparam_shortcuts/share/rosparam_shortcuts/environment/ament_prefix_path.dsv
[20.699s] -- Installing: /home/zx/ws_moveit2/install/rosparam_shortcuts/share/rosparam_shortcuts/environment/path.sh
[20.699s] -- Installing: /home/zx/ws_moveit2/install/rosparam_shortcuts/share/rosparam_shortcuts/environment/path.dsv
[20.700s] -- Installing: /home/zx/ws_moveit2/install/rosparam_shortcuts/share/rosparam_shortcuts/local_setup.bash
[20.700s] -- Installing: /home/zx/ws_moveit2/install/rosparam_shortcuts/share/rosparam_shortcuts/local_setup.sh
[20.700s] -- Installing: /home/zx/ws_moveit2/install/rosparam_shortcuts/share/rosparam_shortcuts/local_setup.zsh
[20.700s] -- Installing: /home/zx/ws_moveit2/install/rosparam_shortcuts/share/rosparam_shortcuts/local_setup.dsv
[20.700s] -- Installing: /home/zx/ws_moveit2/install/rosparam_shortcuts/share/rosparam_shortcuts/package.dsv
[20.700s] -- Installing: /home/zx/ws_moveit2/install/rosparam_shortcuts/share/ament_index/resource_index/packages/rosparam_shortcuts
[20.700s] -- Installing: /home/zx/ws_moveit2/install/rosparam_shortcuts/share/rosparam_shortcuts/cmake/export_rosparam_shortcutsExport.cmake
[20.700s] -- Installing: /home/zx/ws_moveit2/install/rosparam_shortcuts/share/rosparam_shortcuts/cmake/export_rosparam_shortcutsExport-release.cmake
[20.700s] -- Installing: /home/zx/ws_moveit2/install/rosparam_shortcuts/share/rosparam_shortcuts/cmake/ament_cmake_export_targets-extras.cmake
[20.700s] -- Installing: /home/zx/ws_moveit2/install/rosparam_shortcuts/share/rosparam_shortcuts/cmake/ament_cmake_export_dependencies-extras.cmake
[20.700s] -- Installing: /home/zx/ws_moveit2/install/rosparam_shortcuts/share/rosparam_shortcuts/cmake/rosparam_shortcutsConfig.cmake
[20.700s] -- Installing: /home/zx/ws_moveit2/install/rosparam_shortcuts/share/rosparam_shortcuts/cmake/rosparam_shortcutsConfig-version.cmake
[20.700s] -- Installing: /home/zx/ws_moveit2/install/rosparam_shortcuts/share/rosparam_shortcuts/package.xml
[20.704s] Invoked command in '/home/zx/ws_moveit2/build/rosparam_shortcuts' returned '0': CMAKE_PREFIX_PATH=${CMAKE_PREFIX_PATH}:/home/zx/ws_moveit2/install/tihu_2:/home/zx/ws_moveit2/install/moveit_configs_utils:/home/zx/ws_moveit2/install/launch_param_builder:/opt/ros/humble /usr/bin/cmake --install /home/zx/ws_moveit2/build/rosparam_shortcuts
