[0.022s] Invoking command in '/home/zx/ws_moveit2/build/moveit_planners_ompl': CMAKE_PREFIX_PATH=/home/zx/ws_moveit2/install/moveit_ros_planning:/home/zx/ws_moveit2/install/moveit_ros_occupancy_map_monitor:/home/zx/ws_moveit2/install/moveit_core:/home/zx/ws_moveit2/install/moveit_resources_panda_moveit_config:/home/zx/ws_moveit2/install/moveit_resources_fanuc_moveit_config:/home/zx/ws_moveit2/install/srdfdom:/home/zx/ws_moveit2/install/moveit_resources_pr2_description:/home/zx/ws_moveit2/install/moveit_resources_panda_description:/home/zx/ws_moveit2/install/moveit_resources_fanuc_description:/home/zx/ws_moveit2/install/moveit_common:/home/zx/ws_moveit2/install/urdf_2:/home/zx/ws_moveit2/install/pilz_industrial_motion_planner_testutils:/home/zx/ws_moveit2/install/moveit_runtime:/home/zx/ws_moveit2/install/moveit2_tutorials:/home/zx/ws_moveit2/install/moveit:/home/zx/ws_moveit2/install/moveit_planners:/home/zx/ws_moveit2/install/pilz_industrial_motion_planner:/home/zx/ws_moveit2/install/moveit_visual_tools:/home/zx/ws_moveit2/install/moveit_task_constructor_visualization:/home/zx/ws_moveit2/install/moveit_task_constructor_demo:/home/zx/ws_moveit2/install/moveit_task_constructor_capabilities:/home/zx/ws_moveit2/install/moveit_task_constructor_core:/home/zx/ws_moveit2/install/moveit_ros_control_interface:/home/zx/ws_moveit2/install/moveit_plugins:/home/zx/ws_moveit2/install/moveit_simple_controller_manager:/home/zx/ws_moveit2/install/moveit_setup_assistant:/home/zx/ws_moveit2/install/moveit_setup_srdf_plugins:/home/zx/ws_moveit2/install/moveit_setup_core_plugins:/home/zx/ws_moveit2/install/moveit_setup_controllers:/home/zx/ws_moveit2/install/moveit_setup_app_plugins:/home/zx/ws_moveit2/install/moveit_setup_framework:/home/zx/ws_moveit2/install/moveit_servo:/home/zx/ws_moveit2/install/moveit_ros:/home/zx/ws_moveit2/install/moveit_ros_visualization:/home/zx/ws_moveit2/install/moveit_hybrid_planning:/home/zx/ws_moveit2/install/moveit_ros_planning_interface:/home/zx/ws_moveit2/install/moveit_ros_benchmarks:/home/zx/ws_moveit2/install/moveit_ros_warehouse:/home/zx/ws_moveit2/install/moveit_ros_robot_interaction:/home/zx/ws_moveit2/install/moveit_ros_perception:/home/zx/ws_moveit2/install/moveit_resources_prbt_pg70_support:/home/zx/ws_moveit2/install/moveit_resources_prbt_moveit_config:/home/zx/ws_moveit2/install/moveit_ros_move_group:/home/zx/ws_moveit2/install/moveit_planners_ompl:/home/zx/ws_moveit2/install/moveit_resources_prbt_ikfast_manipulator_plugin:/home/zx/ws_moveit2/install/moveit_planners_chomp:/home/zx/ws_moveit2/install/moveit_kinematics:/home/zx/ws_moveit2/install/moveit_chomp_optimizer_adapter:/home/zx/ws_moveit2/install/chomp_motion_planner:/home/zx/ws_moveit2/install/rviz_marker_tools:/home/zx/ws_moveit2/install/rosparam_shortcuts:/home/zx/ws_moveit2/install/moveit_task_constructor_msgs:/home/zx/ws_moveit2/install/moveit_resources_prbt_support:/home/zx/ws_moveit2/install/moveit_resources:/home/zx/ws_moveit2/install/tihu_2:/home/zx/ws_moveit2/install/moveit_configs_utils:/home/zx/ws_moveit2/install/launch_param_builder:/opt/ros/humble LD_LIBRARY_PATH=/home/zx/ws_moveit2/install/moveit_ros_planning/lib:/home/zx/ws_moveit2/install/moveit_ros_occupancy_map_monitor/lib:/home/zx/ws_moveit2/install/moveit_core/lib:/home/zx/ws_moveit2/install/srdfdom/lib:/home/zx/ws_moveit2/install/pilz_industrial_motion_planner_testutils/lib:/home/zx/ws_moveit2/install/pilz_industrial_motion_planner/lib:/home/zx/ws_moveit2/install/moveit_visual_tools/lib:/home/zx/ws_moveit2/install/moveit_task_constructor_visualization/lib:/home/zx/ws_moveit2/install/moveit_task_constructor_demo/lib:/home/zx/ws_moveit2/install/moveit_task_constructor_capabilities/lib:/home/zx/ws_moveit2/install/moveit_task_constructor_core/lib:/home/zx/ws_moveit2/install/moveit_ros_control_interface/lib:/home/zx/ws_moveit2/install/moveit_simple_controller_manager/lib:/home/zx/ws_moveit2/install/moveit_setup_assistant/lib:/home/zx/ws_moveit2/install/moveit_setup_srdf_plugins/lib:/home/zx/ws_moveit2/install/moveit_setup_core_plugins/lib:/home/zx/ws_moveit2/install/moveit_setup_controllers/lib:/home/zx/ws_moveit2/install/moveit_setup_app_plugins/lib:/home/zx/ws_moveit2/install/moveit_setup_framework/lib:/home/zx/ws_moveit2/install/moveit_servo/lib:/home/zx/ws_moveit2/install/moveit_ros_visualization/lib:/home/zx/ws_moveit2/install/moveit_hybrid_planning/lib:/home/zx/ws_moveit2/install/moveit_ros_planning_interface/lib:/home/zx/ws_moveit2/install/moveit_ros_benchmarks/lib:/home/zx/ws_moveit2/install/moveit_ros_warehouse/lib:/home/zx/ws_moveit2/install/moveit_ros_robot_interaction/lib:/home/zx/ws_moveit2/install/moveit_ros_perception/lib:/home/zx/ws_moveit2/install/moveit_ros_move_group/lib:/home/zx/ws_moveit2/install/moveit_planners_ompl/lib:/home/zx/ws_moveit2/install/moveit_resources_prbt_ikfast_manipulator_plugin/lib:/home/zx/ws_moveit2/install/moveit_planners_chomp/lib:/home/zx/ws_moveit2/install/moveit_kinematics/lib:/home/zx/ws_moveit2/install/moveit_chomp_optimizer_adapter/lib:/home/zx/ws_moveit2/install/chomp_motion_planner/lib:/home/zx/ws_moveit2/install/rviz_marker_tools/lib:/home/zx/ws_moveit2/install/rosparam_shortcuts/lib:/home/zx/ws_moveit2/install/moveit_task_constructor_msgs/lib:/opt/ros/humble/opt/rviz_ogre_vendor/lib:/opt/ros/humble/lib/x86_64-linux-gnu:/opt/ros/humble/lib /usr/bin/cmake /home/zx/ws_moveit2/src/moveit2/moveit_planners/ompl -DCMAKE_INSTALL_PREFIX=/home/zx/ws_moveit2/install/moveit_planners_ompl
[0.074s] -- The C compiler identification is GNU 11.4.0
[0.128s] -- The CXX compiler identification is GNU 11.4.0
[0.136s] -- Detecting C compiler ABI info
[0.203s] -- Detecting C compiler ABI info - done
[0.208s] -- Check for working C compiler: /usr/bin/cc - skipped
[0.209s] -- Detecting C compile features
[0.209s] -- Detecting C compile features - done
[0.211s] -- Detecting CXX compiler ABI info
[0.289s] -- Detecting CXX compiler ABI info - done
[0.295s] -- Check for working CXX compiler: /usr/bin/c++ - skipped
[0.295s] -- Detecting CXX compile features
[0.296s] -- Detecting CXX compile features - done
[0.297s] -- Found moveit_common: 2.5.4 (/home/zx/ws_moveit2/install/moveit_common/share/moveit_common/cmake)
[0.301s] -- Found ament_cmake: 1.3.5 (/opt/ros/humble/share/ament_cmake/cmake)
[0.523s] -- Found Python3: /usr/bin/python3.10 (found version "3.10.12") found components: Interpreter 
[0.725s] -- Found libdw: /usr/lib/x86_64-linux-gnu/libdw.so  
[0.731s] -- Could NOT find libbfd (missing: LIBBFD_LIBRARY LIBBFD_INCLUDE_DIR) 
[0.731s] -- BACKWARD_HAS_UNWIND=1
[0.731s] -- BACKWARD_HAS_BACKTRACE=0
[0.731s] -- BACKWARD_HAS_BACKTRACE_SYMBOL=0
[0.731s] -- BACKWARD_HAS_DW=1
[0.731s] -- BACKWARD_HAS_BFD=0
[0.732s] -- Found Backward: /opt/ros/humble/share/backward_ros/cmake  
[0.732s] [0mmoveit_planners_ompl: You did not request a specific build type: Choosing 'Release' for maximum performance[0m
[0.959s] -- Found Boost: /usr/lib/x86_64-linux-gnu/cmake/Boost-1.74.0/BoostConfig.cmake (found version "1.74.0") found components: system filesystem date_time thread serialization 
[0.961s] -- Found moveit_core: 2.5.4 (/home/zx/ws_moveit2/install/moveit_core/share/moveit_core/cmake)
[0.982s] -- Found Boost: /usr/lib/x86_64-linux-gnu/cmake/Boost-1.74.0/BoostConfig.cmake (found version "1.74.0") found components: chrono date_time filesystem iostreams program_options regex serialization system thread 
[1.004s] -- Found parameter_traits: 0.3.6 (/opt/ros/humble/share/parameter_traits/cmake)
[1.057s] -- Found rosidl_generator_c: 3.1.5 (/opt/ros/humble/share/rosidl_generator_c/cmake)
[1.064s] -- Found rosidl_adapter: 3.1.5 (/opt/ros/humble/share/rosidl_adapter/cmake)
[1.075s] -- Found rosidl_generator_cpp: 3.1.5 (/opt/ros/humble/share/rosidl_generator_cpp/cmake)
[1.091s] -- Using all available rosidl_typesupport_c: rosidl_typesupport_fastrtps_c;rosidl_typesupport_introspection_c
[1.115s] -- Using all available rosidl_typesupport_cpp: rosidl_typesupport_fastrtps_cpp;rosidl_typesupport_introspection_cpp
[1.200s] -- Found rmw_implementation_cmake: 6.1.1 (/opt/ros/humble/share/rmw_implementation_cmake/cmake)
[1.206s] -- Found rmw_fastrtps_cpp: 6.2.3 (/opt/ros/humble/share/rmw_fastrtps_cpp/cmake)
[1.328s] -- Found OpenSSL: /usr/lib/x86_64-linux-gnu/libcrypto.so (found version "3.0.2")  
[1.357s] -- Found FastRTPS: /opt/ros/humble/include  
[1.409s] -- Using RMW implementation 'rmw_fastrtps_cpp' as default
[1.424s] -- Found Threads: TRUE  
[1.590s] -- Found rclcpp_lifecycle: 16.0.5 (/opt/ros/humble/share/rclcpp_lifecycle/cmake)
[1.634s] -- Found Boost: /usr/lib/x86_64-linux-gnu/cmake/Boost-1.74.0/BoostConfig.cmake (found version "1.74.0") found components: filesystem 
[1.786s] -- library: /usr/lib/x86_64-linux-gnu/libcurl.so
[2.053s] -- Found Eigen3: TRUE (found version "3.4.0") 
[2.053s] -- Ensuring Eigen3 include directory is part of orocos-kdl CMake target
[2.936s] -- Found moveit_ros_planning: 2.5.4 (/home/zx/ws_moveit2/install/moveit_ros_planning/share/moveit_ros_planning/cmake)
[2.940s] -- Found Boost: /usr/lib/x86_64-linux-gnu/cmake/Boost-1.74.0/BoostConfig.cmake (found version "1.74.0") found components: system filesystem date_time program_options thread chrono 
[3.279s] -- Found ompl: /opt/ros/humble/include/ompl-1.6;/usr/include;/usr/include/eigen3  
[3.561s] -- Found OpenMP_C: -fopenmp (found version "4.5") 
[3.656s] -- Found OpenMP_CXX: -fopenmp (found version "4.5") 
[3.656s] -- Found OpenMP: TRUE (found version "4.5")  
[3.691s] -- Found ament_cmake_gtest: 1.3.5 (/opt/ros/humble/share/ament_cmake_gtest/cmake)
[3.696s] -- Found gtest sources under '/opt/ros/humble/src/gtest_vendor': C++ tests using 'Google Test' will be built
[3.775s] -- Found ament_lint_auto: 0.12.7 (/opt/ros/humble/share/ament_lint_auto/cmake)
[3.814s] -- Added test 'cppcheck' to perform static code analysis on C / C++ code
[3.814s] -- Configured cppcheck include dirs: /home/zx/ws_moveit2/src/moveit2/moveit_planners/ompl/ompl_interface/include
[3.814s] -- Configured cppcheck exclude dirs and/or files: 
[3.816s] -- Added test 'lint_cmake' to check CMake code style
[3.818s] -- Added test 'xmllint' to check XML markup files
[3.820s] -- Configuring done
[3.953s] -- Generating done
[3.957s] -- Build files have been written to: /home/zx/ws_moveit2/build/moveit_planners_ompl
[3.976s] Invoked command in '/home/zx/ws_moveit2/build/moveit_planners_ompl' returned '0': CMAKE_PREFIX_PATH=/home/zx/ws_moveit2/install/moveit_ros_planning:/home/zx/ws_moveit2/install/moveit_ros_occupancy_map_monitor:/home/zx/ws_moveit2/install/moveit_core:/home/zx/ws_moveit2/install/moveit_resources_panda_moveit_config:/home/zx/ws_moveit2/install/moveit_resources_fanuc_moveit_config:/home/zx/ws_moveit2/install/srdfdom:/home/zx/ws_moveit2/install/moveit_resources_pr2_description:/home/zx/ws_moveit2/install/moveit_resources_panda_description:/home/zx/ws_moveit2/install/moveit_resources_fanuc_description:/home/zx/ws_moveit2/install/moveit_common:/home/zx/ws_moveit2/install/urdf_2:/home/zx/ws_moveit2/install/pilz_industrial_motion_planner_testutils:/home/zx/ws_moveit2/install/moveit_runtime:/home/zx/ws_moveit2/install/moveit2_tutorials:/home/zx/ws_moveit2/install/moveit:/home/zx/ws_moveit2/install/moveit_planners:/home/zx/ws_moveit2/install/pilz_industrial_motion_planner:/home/zx/ws_moveit2/install/moveit_visual_tools:/home/zx/ws_moveit2/install/moveit_task_constructor_visualization:/home/zx/ws_moveit2/install/moveit_task_constructor_demo:/home/zx/ws_moveit2/install/moveit_task_constructor_capabilities:/home/zx/ws_moveit2/install/moveit_task_constructor_core:/home/zx/ws_moveit2/install/moveit_ros_control_interface:/home/zx/ws_moveit2/install/moveit_plugins:/home/zx/ws_moveit2/install/moveit_simple_controller_manager:/home/zx/ws_moveit2/install/moveit_setup_assistant:/home/zx/ws_moveit2/install/moveit_setup_srdf_plugins:/home/zx/ws_moveit2/install/moveit_setup_core_plugins:/home/zx/ws_moveit2/install/moveit_setup_controllers:/home/zx/ws_moveit2/install/moveit_setup_app_plugins:/home/zx/ws_moveit2/install/moveit_setup_framework:/home/zx/ws_moveit2/install/moveit_servo:/home/zx/ws_moveit2/install/moveit_ros:/home/zx/ws_moveit2/install/moveit_ros_visualization:/home/zx/ws_moveit2/install/moveit_hybrid_planning:/home/zx/ws_moveit2/install/moveit_ros_planning_interface:/home/zx/ws_moveit2/install/moveit_ros_benchmarks:/home/zx/ws_moveit2/install/moveit_ros_warehouse:/home/zx/ws_moveit2/install/moveit_ros_robot_interaction:/home/zx/ws_moveit2/install/moveit_ros_perception:/home/zx/ws_moveit2/install/moveit_resources_prbt_pg70_support:/home/zx/ws_moveit2/install/moveit_resources_prbt_moveit_config:/home/zx/ws_moveit2/install/moveit_ros_move_group:/home/zx/ws_moveit2/install/moveit_planners_ompl:/home/zx/ws_moveit2/install/moveit_resources_prbt_ikfast_manipulator_plugin:/home/zx/ws_moveit2/install/moveit_planners_chomp:/home/zx/ws_moveit2/install/moveit_kinematics:/home/zx/ws_moveit2/install/moveit_chomp_optimizer_adapter:/home/zx/ws_moveit2/install/chomp_motion_planner:/home/zx/ws_moveit2/install/rviz_marker_tools:/home/zx/ws_moveit2/install/rosparam_shortcuts:/home/zx/ws_moveit2/install/moveit_task_constructor_msgs:/home/zx/ws_moveit2/install/moveit_resources_prbt_support:/home/zx/ws_moveit2/install/moveit_resources:/home/zx/ws_moveit2/install/tihu_2:/home/zx/ws_moveit2/install/moveit_configs_utils:/home/zx/ws_moveit2/install/launch_param_builder:/opt/ros/humble LD_LIBRARY_PATH=/home/zx/ws_moveit2/install/moveit_ros_planning/lib:/home/zx/ws_moveit2/install/moveit_ros_occupancy_map_monitor/lib:/home/zx/ws_moveit2/install/moveit_core/lib:/home/zx/ws_moveit2/install/srdfdom/lib:/home/zx/ws_moveit2/install/pilz_industrial_motion_planner_testutils/lib:/home/zx/ws_moveit2/install/pilz_industrial_motion_planner/lib:/home/zx/ws_moveit2/install/moveit_visual_tools/lib:/home/zx/ws_moveit2/install/moveit_task_constructor_visualization/lib:/home/zx/ws_moveit2/install/moveit_task_constructor_demo/lib:/home/zx/ws_moveit2/install/moveit_task_constructor_capabilities/lib:/home/zx/ws_moveit2/install/moveit_task_constructor_core/lib:/home/zx/ws_moveit2/install/moveit_ros_control_interface/lib:/home/zx/ws_moveit2/install/moveit_simple_controller_manager/lib:/home/zx/ws_moveit2/install/moveit_setup_assistant/lib:/home/zx/ws_moveit2/install/moveit_setup_srdf_plugins/lib:/home/zx/ws_moveit2/install/moveit_setup_core_plugins/lib:/home/zx/ws_moveit2/install/moveit_setup_controllers/lib:/home/zx/ws_moveit2/install/moveit_setup_app_plugins/lib:/home/zx/ws_moveit2/install/moveit_setup_framework/lib:/home/zx/ws_moveit2/install/moveit_servo/lib:/home/zx/ws_moveit2/install/moveit_ros_visualization/lib:/home/zx/ws_moveit2/install/moveit_hybrid_planning/lib:/home/zx/ws_moveit2/install/moveit_ros_planning_interface/lib:/home/zx/ws_moveit2/install/moveit_ros_benchmarks/lib:/home/zx/ws_moveit2/install/moveit_ros_warehouse/lib:/home/zx/ws_moveit2/install/moveit_ros_robot_interaction/lib:/home/zx/ws_moveit2/install/moveit_ros_perception/lib:/home/zx/ws_moveit2/install/moveit_ros_move_group/lib:/home/zx/ws_moveit2/install/moveit_planners_ompl/lib:/home/zx/ws_moveit2/install/moveit_resources_prbt_ikfast_manipulator_plugin/lib:/home/zx/ws_moveit2/install/moveit_planners_chomp/lib:/home/zx/ws_moveit2/install/moveit_kinematics/lib:/home/zx/ws_moveit2/install/moveit_chomp_optimizer_adapter/lib:/home/zx/ws_moveit2/install/chomp_motion_planner/lib:/home/zx/ws_moveit2/install/rviz_marker_tools/lib:/home/zx/ws_moveit2/install/rosparam_shortcuts/lib:/home/zx/ws_moveit2/install/moveit_task_constructor_msgs/lib:/opt/ros/humble/opt/rviz_ogre_vendor/lib:/opt/ros/humble/lib/x86_64-linux-gnu:/opt/ros/humble/lib /usr/bin/cmake /home/zx/ws_moveit2/src/moveit2/moveit_planners/ompl -DCMAKE_INSTALL_PREFIX=/home/zx/ws_moveit2/install/moveit_planners_ompl
[3.977s] Invoking command in '/home/zx/ws_moveit2/build/moveit_planners_ompl': CMAKE_PREFIX_PATH=/home/zx/ws_moveit2/install/moveit_ros_planning:/home/zx/ws_moveit2/install/moveit_ros_occupancy_map_monitor:/home/zx/ws_moveit2/install/moveit_core:/home/zx/ws_moveit2/install/moveit_resources_panda_moveit_config:/home/zx/ws_moveit2/install/moveit_resources_fanuc_moveit_config:/home/zx/ws_moveit2/install/srdfdom:/home/zx/ws_moveit2/install/moveit_resources_pr2_description:/home/zx/ws_moveit2/install/moveit_resources_panda_description:/home/zx/ws_moveit2/install/moveit_resources_fanuc_description:/home/zx/ws_moveit2/install/moveit_common:/home/zx/ws_moveit2/install/urdf_2:/home/zx/ws_moveit2/install/pilz_industrial_motion_planner_testutils:/home/zx/ws_moveit2/install/moveit_runtime:/home/zx/ws_moveit2/install/moveit2_tutorials:/home/zx/ws_moveit2/install/moveit:/home/zx/ws_moveit2/install/moveit_planners:/home/zx/ws_moveit2/install/pilz_industrial_motion_planner:/home/zx/ws_moveit2/install/moveit_visual_tools:/home/zx/ws_moveit2/install/moveit_task_constructor_visualization:/home/zx/ws_moveit2/install/moveit_task_constructor_demo:/home/zx/ws_moveit2/install/moveit_task_constructor_capabilities:/home/zx/ws_moveit2/install/moveit_task_constructor_core:/home/zx/ws_moveit2/install/moveit_ros_control_interface:/home/zx/ws_moveit2/install/moveit_plugins:/home/zx/ws_moveit2/install/moveit_simple_controller_manager:/home/zx/ws_moveit2/install/moveit_setup_assistant:/home/zx/ws_moveit2/install/moveit_setup_srdf_plugins:/home/zx/ws_moveit2/install/moveit_setup_core_plugins:/home/zx/ws_moveit2/install/moveit_setup_controllers:/home/zx/ws_moveit2/install/moveit_setup_app_plugins:/home/zx/ws_moveit2/install/moveit_setup_framework:/home/zx/ws_moveit2/install/moveit_servo:/home/zx/ws_moveit2/install/moveit_ros:/home/zx/ws_moveit2/install/moveit_ros_visualization:/home/zx/ws_moveit2/install/moveit_hybrid_planning:/home/zx/ws_moveit2/install/moveit_ros_planning_interface:/home/zx/ws_moveit2/install/moveit_ros_benchmarks:/home/zx/ws_moveit2/install/moveit_ros_warehouse:/home/zx/ws_moveit2/install/moveit_ros_robot_interaction:/home/zx/ws_moveit2/install/moveit_ros_perception:/home/zx/ws_moveit2/install/moveit_resources_prbt_pg70_support:/home/zx/ws_moveit2/install/moveit_resources_prbt_moveit_config:/home/zx/ws_moveit2/install/moveit_ros_move_group:/home/zx/ws_moveit2/install/moveit_planners_ompl:/home/zx/ws_moveit2/install/moveit_resources_prbt_ikfast_manipulator_plugin:/home/zx/ws_moveit2/install/moveit_planners_chomp:/home/zx/ws_moveit2/install/moveit_kinematics:/home/zx/ws_moveit2/install/moveit_chomp_optimizer_adapter:/home/zx/ws_moveit2/install/chomp_motion_planner:/home/zx/ws_moveit2/install/rviz_marker_tools:/home/zx/ws_moveit2/install/rosparam_shortcuts:/home/zx/ws_moveit2/install/moveit_task_constructor_msgs:/home/zx/ws_moveit2/install/moveit_resources_prbt_support:/home/zx/ws_moveit2/install/moveit_resources:/home/zx/ws_moveit2/install/tihu_2:/home/zx/ws_moveit2/install/moveit_configs_utils:/home/zx/ws_moveit2/install/launch_param_builder:/opt/ros/humble LD_LIBRARY_PATH=/home/zx/ws_moveit2/install/moveit_ros_planning/lib:/home/zx/ws_moveit2/install/moveit_ros_occupancy_map_monitor/lib:/home/zx/ws_moveit2/install/moveit_core/lib:/home/zx/ws_moveit2/install/srdfdom/lib:/home/zx/ws_moveit2/install/pilz_industrial_motion_planner_testutils/lib:/home/zx/ws_moveit2/install/pilz_industrial_motion_planner/lib:/home/zx/ws_moveit2/install/moveit_visual_tools/lib:/home/zx/ws_moveit2/install/moveit_task_constructor_visualization/lib:/home/zx/ws_moveit2/install/moveit_task_constructor_demo/lib:/home/zx/ws_moveit2/install/moveit_task_constructor_capabilities/lib:/home/zx/ws_moveit2/install/moveit_task_constructor_core/lib:/home/zx/ws_moveit2/install/moveit_ros_control_interface/lib:/home/zx/ws_moveit2/install/moveit_simple_controller_manager/lib:/home/zx/ws_moveit2/install/moveit_setup_assistant/lib:/home/zx/ws_moveit2/install/moveit_setup_srdf_plugins/lib:/home/zx/ws_moveit2/install/moveit_setup_core_plugins/lib:/home/zx/ws_moveit2/install/moveit_setup_controllers/lib:/home/zx/ws_moveit2/install/moveit_setup_app_plugins/lib:/home/zx/ws_moveit2/install/moveit_setup_framework/lib:/home/zx/ws_moveit2/install/moveit_servo/lib:/home/zx/ws_moveit2/install/moveit_ros_visualization/lib:/home/zx/ws_moveit2/install/moveit_hybrid_planning/lib:/home/zx/ws_moveit2/install/moveit_ros_planning_interface/lib:/home/zx/ws_moveit2/install/moveit_ros_benchmarks/lib:/home/zx/ws_moveit2/install/moveit_ros_warehouse/lib:/home/zx/ws_moveit2/install/moveit_ros_robot_interaction/lib:/home/zx/ws_moveit2/install/moveit_ros_perception/lib:/home/zx/ws_moveit2/install/moveit_ros_move_group/lib:/home/zx/ws_moveit2/install/moveit_planners_ompl/lib:/home/zx/ws_moveit2/install/moveit_resources_prbt_ikfast_manipulator_plugin/lib:/home/zx/ws_moveit2/install/moveit_planners_chomp/lib:/home/zx/ws_moveit2/install/moveit_kinematics/lib:/home/zx/ws_moveit2/install/moveit_chomp_optimizer_adapter/lib:/home/zx/ws_moveit2/install/chomp_motion_planner/lib:/home/zx/ws_moveit2/install/rviz_marker_tools/lib:/home/zx/ws_moveit2/install/rosparam_shortcuts/lib:/home/zx/ws_moveit2/install/moveit_task_constructor_msgs/lib:/opt/ros/humble/opt/rviz_ogre_vendor/lib:/opt/ros/humble/lib/x86_64-linux-gnu:/opt/ros/humble/lib /usr/bin/cmake --build /home/zx/ws_moveit2/build/moveit_planners_ompl -- -j12 -l12
[4.054s] [  2%] [32mBuilding CXX object gtest/CMakeFiles/gtest.dir/src/gtest-all.cc.o[0m
[4.055s] [  4%] [32mBuilding CXX object gtest/CMakeFiles/gtest_main.dir/src/gtest_main.cc.o[0m
[4.065s] [  7%] [32mBuilding CXX object ompl_interface/CMakeFiles/moveit_ompl_interface.dir/src/planning_context_manager.cpp.o[0m
[4.070s] [  9%] [32mBuilding CXX object ompl_interface/CMakeFiles/moveit_ompl_interface.dir/src/model_based_planning_context.cpp.o[0m
[4.073s] [ 17%] [32mBuilding CXX object ompl_interface/CMakeFiles/moveit_ompl_interface.dir/src/parameterization/joint_space/constrained_planning_state_space_factory.cpp.o[0m
[4.073s] [ 17%] [32mBuilding CXX object ompl_interface/CMakeFiles/moveit_ompl_interface.dir/src/parameterization/model_based_state_space.cpp.o[0m
[4.076s] [ 19%] [32mBuilding CXX object ompl_interface/CMakeFiles/moveit_ompl_interface.dir/src/parameterization/model_based_state_space_factory.cpp.o[0m
[4.076s] [ 21%] [32mBuilding CXX object ompl_interface/CMakeFiles/moveit_ompl_interface.dir/src/parameterization/joint_space/joint_model_state_space_factory.cpp.o[0m
[4.080s] [ 24%] [32mBuilding CXX object ompl_interface/CMakeFiles/moveit_ompl_interface.dir/src/ompl_interface.cpp.o[0m
[4.080s] [ 19%] [32mBuilding CXX object ompl_interface/CMakeFiles/moveit_ompl_interface.dir/src/parameterization/joint_space/constrained_planning_state_space.cpp.o[0m
[4.082s] [ 26%] [32mBuilding CXX object ompl_interface/CMakeFiles/moveit_ompl_interface.dir/src/parameterization/work_space/pose_model_state_space.cpp.o[0m
[4.082s] [ 29%] [32mBuilding CXX object ompl_interface/CMakeFiles/moveit_ompl_interface.dir/src/parameterization/joint_space/joint_model_state_space.cpp.o[0m
[5.197s] [ 31%] [32m[1mLinking CXX static library libgtest_main.a[0m
[5.242s] [ 31%] Built target gtest_main
[5.255s] [ 34%] [32mBuilding CXX object ompl_interface/CMakeFiles/moveit_ompl_interface.dir/src/parameterization/work_space/pose_model_state_space_factory.cpp.o[0m
[11.768s] [ 36%] [32m[1mLinking CXX static library libgtest.a[0m
[11.820s] [ 36%] Built target gtest
[11.833s] [ 39%] [32mBuilding CXX object ompl_interface/CMakeFiles/moveit_ompl_interface.dir/src/detail/ompl_constraints.cpp.o[0m
[60.004s] [01m[Kc++:[m[K [01;31m[Kfatal error: [m[K已杀死 signal terminated program cc1plus
[60.006s] compilation terminated.
[60.026s] gmake[2]: *** [ompl_interface/CMakeFiles/moveit_ompl_interface.dir/build.make:174：ompl_interface/CMakeFiles/moveit_ompl_interface.dir/src/parameterization/joint_space/joint_model_state_space.cpp.o] 错误 1
[60.037s] gmake[2]: *** 正在等待未完成的任务....
[66.354s] [01m[Kc++:[m[K [01;31m[Kfatal error: [m[K已杀死 signal terminated program cc1plus
[66.355s] compilation terminated.
[66.360s] gmake[2]: *** [ompl_interface/CMakeFiles/moveit_ompl_interface.dir/build.make:146：ompl_interface/CMakeFiles/moveit_ompl_interface.dir/src/parameterization/joint_space/constrained_planning_state_space.cpp.o] 错误 1
