[0.432s] Invoking command in '/home/zx/ws_moveit2/src/moveit2/moveit_configs_utils': AMENT_PREFIX_PATH=/home/zx/ws_moveit2/install/srdfdom:/home/zx/ws_moveit2/install/launch_param_builder:${AMENT_PREFIX_PATH} CMAKE_PREFIX_PATH=/home/zx/ws_moveit2/install/srdfdom LD_LIBRARY_PATH=/home/zx/ws_moveit2/install/srdfdom/lib:${LD_LIBRARY_PATH} PYTHONPATH=/home/zx/ws_moveit2/build/moveit_configs_utils/prefix_override:/home/zx/ws_moveit2/install/moveit_configs_utils/lib/python3.10/site-packages:/home/zx/ws_moveit2/install/srdfdom/local/lib/python3.10/dist-packages:/home/zx/ws_moveit2/install/launch_param_builder/lib/python3.10/site-packages:${PYTHONPATH} /usr/bin/python3 setup.py egg_info --egg-base ../../../build/moveit_configs_utils build --build-base /home/zx/ws_moveit2/build/moveit_configs_utils/build install --record /home/zx/ws_moveit2/build/moveit_configs_utils/install.log --single-version-externally-managed
[0.579s] running egg_info
[0.580s] writing ../../../build/moveit_configs_utils/moveit_configs_utils.egg-info/PKG-INFO
[0.580s] writing dependency_links to ../../../build/moveit_configs_utils/moveit_configs_utils.egg-info/dependency_links.txt
[0.580s] writing entry points to ../../../build/moveit_configs_utils/moveit_configs_utils.egg-info/entry_points.txt
[0.580s] writing requirements to ../../../build/moveit_configs_utils/moveit_configs_utils.egg-info/requires.txt
[0.580s] writing top-level names to ../../../build/moveit_configs_utils/moveit_configs_utils.egg-info/top_level.txt
[0.581s] reading manifest file '../../../build/moveit_configs_utils/moveit_configs_utils.egg-info/SOURCES.txt'
[0.582s] writing manifest file '../../../build/moveit_configs_utils/moveit_configs_utils.egg-info/SOURCES.txt'
[0.582s] running build
[0.582s] running build_py
[0.583s] running install
[0.583s] running install_lib
[0.584s] running install_data
[0.585s] running install_egg_info
[0.586s] removing '/home/zx/ws_moveit2/install/moveit_configs_utils/lib/python3.10/site-packages/moveit_configs_utils-2.5.3-py3.10.egg-info' (and everything under it)
[0.586s] Copying ../../../build/moveit_configs_utils/moveit_configs_utils.egg-info to /home/zx/ws_moveit2/install/moveit_configs_utils/lib/python3.10/site-packages/moveit_configs_utils-2.5.3-py3.10.egg-info
[0.587s] running install_scripts
[0.600s] writing list of installed files to '/home/zx/ws_moveit2/build/moveit_configs_utils/install.log'
[0.617s] Invoked command in '/home/zx/ws_moveit2/src/moveit2/moveit_configs_utils' returned '0': AMENT_PREFIX_PATH=/home/zx/ws_moveit2/install/srdfdom:/home/zx/ws_moveit2/install/launch_param_builder:${AMENT_PREFIX_PATH} CMAKE_PREFIX_PATH=/home/zx/ws_moveit2/install/srdfdom LD_LIBRARY_PATH=/home/zx/ws_moveit2/install/srdfdom/lib:${LD_LIBRARY_PATH} PYTHONPATH=/home/zx/ws_moveit2/build/moveit_configs_utils/prefix_override:/home/zx/ws_moveit2/install/moveit_configs_utils/lib/python3.10/site-packages:/home/zx/ws_moveit2/install/srdfdom/local/lib/python3.10/dist-packages:/home/zx/ws_moveit2/install/launch_param_builder/lib/python3.10/site-packages:${PYTHONPATH} /usr/bin/python3 setup.py egg_info --egg-base ../../../build/moveit_configs_utils build --build-base /home/zx/ws_moveit2/build/moveit_configs_utils/build install --record /home/zx/ws_moveit2/build/moveit_configs_utils/install.log --single-version-externally-managed
