[0.012s] Invoking command in '/home/zx/ws_moveit2/build/moveit_resources': AMENT_PREFIX_PATH=/home/zx/ws_moveit2/install/moveit_resources_panda_moveit_config:/home/zx/ws_moveit2/install/moveit_resources_fanuc_moveit_config:/home/zx/ws_moveit2/install/moveit_resources_pr2_description:/home/zx/ws_moveit2/install/moveit_resources_panda_description:/home/zx/ws_moveit2/install/moveit_resources_fanuc_description:${AMENT_PREFIX_PATH} CMAKE_PREFIX_PATH=/home/zx/ws_moveit2/install/moveit_resources_panda_moveit_config:/home/zx/ws_moveit2/install/moveit_resources_fanuc_moveit_config:/home/zx/ws_moveit2/install/moveit_resources_pr2_description:/home/zx/ws_moveit2/install/moveit_resources_panda_description:/home/zx/ws_moveit2/install/moveit_resources_fanuc_description:/opt/ros/humble /usr/bin/cmake /home/zx/ws_moveit2/src/moveit_resources/moveit_resources -DCMAKE_BUILD_TYPE=Release -DCMAKE_INSTALL_PREFIX=/home/zx/ws_moveit2/install/moveit_resources
[0.071s] -- The C compiler identification is GNU 11.4.0
[0.125s] -- The CXX compiler identification is GNU 11.4.0
[0.132s] -- Detecting C compiler ABI info
[0.204s] -- Detecting C compiler ABI info - done
[0.215s] -- Check for working C compiler: /usr/bin/cc - skipped
[0.215s] -- Detecting C compile features
[0.215s] -- Detecting C compile features - done
[0.219s] -- Detecting CXX compiler ABI info
[0.316s] -- Detecting CXX compiler ABI info - done
[0.323s] -- Check for working CXX compiler: /usr/bin/c++ - skipped
[0.323s] -- Detecting CXX compile features
[0.323s] -- Detecting CXX compile features - done
[0.326s] -- Found ament_cmake: 1.3.5 (/opt/ros/humble/share/ament_cmake/cmake)
[0.526s] -- Found Python3: /usr/bin/python3.10 (found version "3.10.12") found components: Interpreter 
[0.764s] -- Configuring done
[0.768s] -- Generating done
[0.769s] -- Build files have been written to: /home/zx/ws_moveit2/build/moveit_resources
[0.777s] Invoked command in '/home/zx/ws_moveit2/build/moveit_resources' returned '0': AMENT_PREFIX_PATH=/home/zx/ws_moveit2/install/moveit_resources_panda_moveit_config:/home/zx/ws_moveit2/install/moveit_resources_fanuc_moveit_config:/home/zx/ws_moveit2/install/moveit_resources_pr2_description:/home/zx/ws_moveit2/install/moveit_resources_panda_description:/home/zx/ws_moveit2/install/moveit_resources_fanuc_description:${AMENT_PREFIX_PATH} CMAKE_PREFIX_PATH=/home/zx/ws_moveit2/install/moveit_resources_panda_moveit_config:/home/zx/ws_moveit2/install/moveit_resources_fanuc_moveit_config:/home/zx/ws_moveit2/install/moveit_resources_pr2_description:/home/zx/ws_moveit2/install/moveit_resources_panda_description:/home/zx/ws_moveit2/install/moveit_resources_fanuc_description:/opt/ros/humble /usr/bin/cmake /home/zx/ws_moveit2/src/moveit_resources/moveit_resources -DCMAKE_BUILD_TYPE=Release -DCMAKE_INSTALL_PREFIX=/home/zx/ws_moveit2/install/moveit_resources
[0.777s] Invoking command in '/home/zx/ws_moveit2/build/moveit_resources': AMENT_PREFIX_PATH=/home/zx/ws_moveit2/install/moveit_resources_panda_moveit_config:/home/zx/ws_moveit2/install/moveit_resources_fanuc_moveit_config:/home/zx/ws_moveit2/install/moveit_resources_pr2_description:/home/zx/ws_moveit2/install/moveit_resources_panda_description:/home/zx/ws_moveit2/install/moveit_resources_fanuc_description:${AMENT_PREFIX_PATH} CMAKE_PREFIX_PATH=/home/zx/ws_moveit2/install/moveit_resources_panda_moveit_config:/home/zx/ws_moveit2/install/moveit_resources_fanuc_moveit_config:/home/zx/ws_moveit2/install/moveit_resources_pr2_description:/home/zx/ws_moveit2/install/moveit_resources_panda_description:/home/zx/ws_moveit2/install/moveit_resources_fanuc_description:/opt/ros/humble /usr/bin/cmake --build /home/zx/ws_moveit2/build/moveit_resources -- -j12 -l12
[0.824s] Invoked command in '/home/zx/ws_moveit2/build/moveit_resources' returned '0': AMENT_PREFIX_PATH=/home/zx/ws_moveit2/install/moveit_resources_panda_moveit_config:/home/zx/ws_moveit2/install/moveit_resources_fanuc_moveit_config:/home/zx/ws_moveit2/install/moveit_resources_pr2_description:/home/zx/ws_moveit2/install/moveit_resources_panda_description:/home/zx/ws_moveit2/install/moveit_resources_fanuc_description:${AMENT_PREFIX_PATH} CMAKE_PREFIX_PATH=/home/zx/ws_moveit2/install/moveit_resources_panda_moveit_config:/home/zx/ws_moveit2/install/moveit_resources_fanuc_moveit_config:/home/zx/ws_moveit2/install/moveit_resources_pr2_description:/home/zx/ws_moveit2/install/moveit_resources_panda_description:/home/zx/ws_moveit2/install/moveit_resources_fanuc_description:/opt/ros/humble /usr/bin/cmake --build /home/zx/ws_moveit2/build/moveit_resources -- -j12 -l12
[0.851s] Invoking command in '/home/zx/ws_moveit2/build/moveit_resources': AMENT_PREFIX_PATH=/home/zx/ws_moveit2/install/moveit_resources_panda_moveit_config:/home/zx/ws_moveit2/install/moveit_resources_fanuc_moveit_config:/home/zx/ws_moveit2/install/moveit_resources_pr2_description:/home/zx/ws_moveit2/install/moveit_resources_panda_description:/home/zx/ws_moveit2/install/moveit_resources_fanuc_description:${AMENT_PREFIX_PATH} CMAKE_PREFIX_PATH=/home/zx/ws_moveit2/install/moveit_resources_panda_moveit_config:/home/zx/ws_moveit2/install/moveit_resources_fanuc_moveit_config:/home/zx/ws_moveit2/install/moveit_resources_pr2_description:/home/zx/ws_moveit2/install/moveit_resources_panda_description:/home/zx/ws_moveit2/install/moveit_resources_fanuc_description:/opt/ros/humble /usr/bin/cmake --install /home/zx/ws_moveit2/build/moveit_resources
[0.860s] -- Install configuration: "Release"
[0.860s] -- Installing: /home/zx/ws_moveit2/install/moveit_resources/share/ament_index/resource_index/package_run_dependencies/moveit_resources
[0.861s] -- Installing: /home/zx/ws_moveit2/install/moveit_resources/share/ament_index/resource_index/parent_prefix_path/moveit_resources
[0.861s] -- Installing: /home/zx/ws_moveit2/install/moveit_resources/share/moveit_resources/environment/ament_prefix_path.sh
[0.861s] -- Installing: /home/zx/ws_moveit2/install/moveit_resources/share/moveit_resources/environment/ament_prefix_path.dsv
[0.861s] -- Installing: /home/zx/ws_moveit2/install/moveit_resources/share/moveit_resources/environment/path.sh
[0.861s] -- Installing: /home/zx/ws_moveit2/install/moveit_resources/share/moveit_resources/environment/path.dsv
[0.861s] -- Installing: /home/zx/ws_moveit2/install/moveit_resources/share/moveit_resources/local_setup.bash
[0.862s] -- Installing: /home/zx/ws_moveit2/install/moveit_resources/share/moveit_resources/local_setup.sh
[0.862s] -- Installing: /home/zx/ws_moveit2/install/moveit_resources/share/moveit_resources/local_setup.zsh
[0.862s] -- Installing: /home/zx/ws_moveit2/install/moveit_resources/share/moveit_resources/local_setup.dsv
[0.862s] -- Installing: /home/zx/ws_moveit2/install/moveit_resources/share/moveit_resources/package.dsv
[0.862s] -- Installing: /home/zx/ws_moveit2/install/moveit_resources/share/ament_index/resource_index/packages/moveit_resources
[0.862s] -- Installing: /home/zx/ws_moveit2/install/moveit_resources/share/moveit_resources/cmake/moveit_resourcesConfig.cmake
[0.863s] -- Installing: /home/zx/ws_moveit2/install/moveit_resources/share/moveit_resources/cmake/moveit_resourcesConfig-version.cmake
[0.863s] -- Installing: /home/zx/ws_moveit2/install/moveit_resources/share/moveit_resources/package.xml
[0.869s] Invoked command in '/home/zx/ws_moveit2/build/moveit_resources' returned '0': AMENT_PREFIX_PATH=/home/zx/ws_moveit2/install/moveit_resources_panda_moveit_config:/home/zx/ws_moveit2/install/moveit_resources_fanuc_moveit_config:/home/zx/ws_moveit2/install/moveit_resources_pr2_description:/home/zx/ws_moveit2/install/moveit_resources_panda_description:/home/zx/ws_moveit2/install/moveit_resources_fanuc_description:${AMENT_PREFIX_PATH} CMAKE_PREFIX_PATH=/home/zx/ws_moveit2/install/moveit_resources_panda_moveit_config:/home/zx/ws_moveit2/install/moveit_resources_fanuc_moveit_config:/home/zx/ws_moveit2/install/moveit_resources_pr2_description:/home/zx/ws_moveit2/install/moveit_resources_panda_description:/home/zx/ws_moveit2/install/moveit_resources_fanuc_description:/opt/ros/humble /usr/bin/cmake --install /home/zx/ws_moveit2/build/moveit_resources
