[0.029s] Invoking command in '/home/zx/ws_moveit2/build/moveit_task_constructor_demo': AMENT_PREFIX_PATH=/home/zx/ws_moveit2/install/moveit_task_constructor_capabilities:/home/zx/ws_moveit2/install/moveit_task_constructor_core:/home/zx/ws_moveit2/install/moveit_ros_planning_interface:/home/zx/ws_moveit2/install/moveit_ros_move_group:/home/zx/ws_moveit2/install/moveit_ros_warehouse:/home/zx/ws_moveit2/install/moveit_kinematics:/home/zx/ws_moveit2/install/moveit_ros_planning:/home/zx/ws_moveit2/install/moveit_ros_occupancy_map_monitor:/home/zx/ws_moveit2/install/moveit_core:/home/zx/ws_moveit2/install/rviz_marker_tools:/home/zx/ws_moveit2/install/moveit_resources_panda_moveit_config:/home/zx/ws_moveit2/install/moveit_configs_utils:/home/zx/ws_moveit2/install/srdfdom:/home/zx/ws_moveit2/install/moveit_task_constructor_msgs:/home/zx/ws_moveit2/install/moveit_resources_panda_description:/home/zx/ws_moveit2/install/moveit_common:/home/zx/ws_moveit2/install/launch_param_builder:${AMENT_PREFIX_PATH} CMAKE_PREFIX_PATH=/home/zx/ws_moveit2/install/moveit_task_constructor_capabilities:/home/zx/ws_moveit2/install/moveit_task_constructor_core:/home/zx/ws_moveit2/install/moveit_ros_planning_interface:/home/zx/ws_moveit2/install/moveit_ros_move_group:/home/zx/ws_moveit2/install/moveit_ros_warehouse:/home/zx/ws_moveit2/install/moveit_kinematics:/home/zx/ws_moveit2/install/moveit_ros_planning:/home/zx/ws_moveit2/install/moveit_ros_occupancy_map_monitor:/home/zx/ws_moveit2/install/moveit_core:/home/zx/ws_moveit2/install/rviz_marker_tools:/home/zx/ws_moveit2/install/moveit_resources_panda_moveit_config:/home/zx/ws_moveit2/install/srdfdom:/home/zx/ws_moveit2/install/moveit_task_constructor_msgs:/home/zx/ws_moveit2/install/moveit_resources_panda_description:/home/zx/ws_moveit2/install/moveit_common:/opt/ros/humble LD_LIBRARY_PATH=/home/zx/ws_moveit2/install/moveit_task_constructor_capabilities/lib:/home/zx/ws_moveit2/install/moveit_task_constructor_core/lib:/home/zx/ws_moveit2/install/moveit_ros_planning_interface/lib:/home/zx/ws_moveit2/install/moveit_ros_move_group/lib:/home/zx/ws_moveit2/install/moveit_ros_warehouse/lib:/home/zx/ws_moveit2/install/moveit_kinematics/lib:/home/zx/ws_moveit2/install/moveit_ros_planning/lib:/home/zx/ws_moveit2/install/moveit_ros_occupancy_map_monitor/lib:/home/zx/ws_moveit2/install/moveit_core/lib:/home/zx/ws_moveit2/install/rviz_marker_tools/lib:/home/zx/ws_moveit2/install/srdfdom/lib:/home/zx/ws_moveit2/install/moveit_task_constructor_msgs/lib:${LD_LIBRARY_PATH} PATH=/home/zx/ws_moveit2/install/moveit_core/bin:${PATH} PYTHONPATH=/home/zx/ws_moveit2/install/moveit_configs_utils/lib/python3.10/site-packages:/home/zx/ws_moveit2/install/srdfdom/local/lib/python3.10/dist-packages:/home/zx/ws_moveit2/install/moveit_task_constructor_msgs/local/lib/python3.10/dist-packages:/home/zx/ws_moveit2/install/launch_param_builder/lib/python3.10/site-packages:${PYTHONPATH} /usr/bin/cmake /home/zx/ws_moveit2/src/moveit_task_constructor/demo -DCMAKE_BUILD_TYPE=Release -DCMAKE_INSTALL_PREFIX=/home/zx/ws_moveit2/install/moveit_task_constructor_demo
[0.072s] -- The C compiler identification is GNU 11.4.0
[0.117s] -- The CXX compiler identification is GNU 11.4.0
[0.122s] -- Detecting C compiler ABI info
[0.183s] -- Detecting C compiler ABI info - done
[0.188s] -- Check for working C compiler: /usr/bin/cc - skipped
[0.188s] -- Detecting C compile features
[0.189s] -- Detecting C compile features - done
[0.191s] -- Detecting CXX compiler ABI info
[0.263s] -- Detecting CXX compiler ABI info - done
[0.269s] -- Check for working CXX compiler: /usr/bin/c++ - skipped
[0.269s] -- Detecting CXX compile features
[0.269s] -- Detecting CXX compile features - done
[0.272s] -- Found ament_cmake: 1.3.5 (/opt/ros/humble/share/ament_cmake/cmake)
[0.436s] -- Found Python3: /usr/bin/python3.10 (found version "3.10.12") found components: Interpreter 
[0.529s] -- Found generate_parameter_library: 0.3.6 (/opt/ros/humble/share/generate_parameter_library/cmake)
[0.534s] -- Found parameter_traits: 0.3.6 (/opt/ros/humble/share/parameter_traits/cmake)
[0.582s] -- Found rosidl_generator_c: 3.1.5 (/opt/ros/humble/share/rosidl_generator_c/cmake)
[0.588s] -- Found rosidl_adapter: 3.1.5 (/opt/ros/humble/share/rosidl_adapter/cmake)
[0.596s] -- Found rosidl_generator_cpp: 3.1.5 (/opt/ros/humble/share/rosidl_generator_cpp/cmake)
[0.609s] -- Using all available rosidl_typesupport_c: rosidl_typesupport_fastrtps_c;rosidl_typesupport_introspection_c
[0.627s] -- Using all available rosidl_typesupport_cpp: rosidl_typesupport_fastrtps_cpp;rosidl_typesupport_introspection_cpp
[0.689s] -- Found rmw_implementation_cmake: 6.1.1 (/opt/ros/humble/share/rmw_implementation_cmake/cmake)
[0.693s] -- Found rmw_fastrtps_cpp: 6.2.3 (/opt/ros/humble/share/rmw_fastrtps_cpp/cmake)
[0.778s] -- Found OpenSSL: /usr/lib/x86_64-linux-gnu/libcrypto.so (found version "3.0.2")  
[0.801s] -- Found FastRTPS: /opt/ros/humble/include  
[0.842s] -- Using RMW implementation 'rmw_fastrtps_cpp' as default
[0.853s] -- Looking for pthread.h
[0.913s] -- Looking for pthread.h - found
[0.913s] -- Performing Test CMAKE_HAVE_LIBC_PTHREAD
[0.978s] -- Performing Test CMAKE_HAVE_LIBC_PTHREAD - Success
[0.978s] -- Found Threads: TRUE  
[1.116s] -- Found rclcpp_lifecycle: 16.0.5 (/opt/ros/humble/share/rclcpp_lifecycle/cmake)
[1.150s] -- Found moveit_common: 2.5.4 (/home/zx/ws_moveit2/install/moveit_common/share/moveit_common/cmake)
[1.204s] -- Found libdw: /usr/lib/x86_64-linux-gnu/libdw.so  
[1.206s] -- Could NOT find libbfd (missing: LIBBFD_LIBRARY LIBBFD_INCLUDE_DIR) 
[1.206s] -- BACKWARD_HAS_UNWIND=1
[1.206s] -- BACKWARD_HAS_BACKTRACE=0
[1.206s] -- BACKWARD_HAS_BACKTRACE_SYMBOL=0
[1.206s] -- BACKWARD_HAS_DW=1
[1.206s] -- BACKWARD_HAS_BFD=0
[1.207s] -- Found Backward: /opt/ros/humble/share/backward_ros/cmake  
[1.208s] -- Found moveit_core: 2.5.4 (/home/zx/ws_moveit2/install/moveit_core/share/moveit_core/cmake)
[1.245s] -- Found Boost: /usr/lib/x86_64-linux-gnu/cmake/Boost-1.74.0/BoostConfig.cmake (found version "1.74.0") found components: chrono date_time filesystem iostreams program_options regex serialization system thread 
[1.260s] -- Found Boost: /usr/lib/x86_64-linux-gnu/cmake/Boost-1.74.0/BoostConfig.cmake (found version "1.74.0") found components: filesystem 
[1.383s] -- library: /usr/lib/x86_64-linux-gnu/libcurl.so
[1.616s] -- Found Eigen3: TRUE (found version "3.4.0") 
[1.616s] -- Ensuring Eigen3 include directory is part of orocos-kdl CMake target
[2.461s] -- Found moveit_ros_planning: 2.5.4 (/home/zx/ws_moveit2/install/moveit_ros_planning/share/moveit_ros_planning/cmake)
[2.465s] -- Found Boost: /usr/lib/x86_64-linux-gnu/cmake/Boost-1.74.0/BoostConfig.cmake (found version "1.74.0") found components: system filesystem date_time program_options thread chrono 
[2.789s] -- Found moveit_ros_planning_interface: 2.5.4 (/home/zx/ws_moveit2/install/moveit_ros_planning_interface/share/moveit_ros_planning_interface/cmake)
[2.793s] -- Found Boost: /usr/lib/x86_64-linux-gnu/cmake/Boost-1.74.0/BoostConfig.cmake (found version "1.74.0") found components: date_time filesystem program_options system thread 
[2.935s] -- Found Boost: /usr/lib/x86_64-linux-gnu/cmake/Boost-1.74.0/BoostConfig.cmake (found version "1.74.0") found components: thread system filesystem regex date_time program_options 
[3.117s] -- Found Boost: /usr/lib/x86_64-linux-gnu/cmake/Boost-1.74.0/BoostConfig.cmake (found version "1.74.0") found components: system filesystem date_time program_options thread 
[3.441s] -- Found moveit_task_constructor_core: 0.1.3 (/home/zx/ws_moveit2/install/moveit_task_constructor_core/share/moveit_task_constructor_core/cmake)
[3.873s] -- Configuring done
[3.999s] -- Generating done
[4.001s] -- Build files have been written to: /home/zx/ws_moveit2/build/moveit_task_constructor_demo
[4.013s] Invoked command in '/home/zx/ws_moveit2/build/moveit_task_constructor_demo' returned '0': AMENT_PREFIX_PATH=/home/zx/ws_moveit2/install/moveit_task_constructor_capabilities:/home/zx/ws_moveit2/install/moveit_task_constructor_core:/home/zx/ws_moveit2/install/moveit_ros_planning_interface:/home/zx/ws_moveit2/install/moveit_ros_move_group:/home/zx/ws_moveit2/install/moveit_ros_warehouse:/home/zx/ws_moveit2/install/moveit_kinematics:/home/zx/ws_moveit2/install/moveit_ros_planning:/home/zx/ws_moveit2/install/moveit_ros_occupancy_map_monitor:/home/zx/ws_moveit2/install/moveit_core:/home/zx/ws_moveit2/install/rviz_marker_tools:/home/zx/ws_moveit2/install/moveit_resources_panda_moveit_config:/home/zx/ws_moveit2/install/moveit_configs_utils:/home/zx/ws_moveit2/install/srdfdom:/home/zx/ws_moveit2/install/moveit_task_constructor_msgs:/home/zx/ws_moveit2/install/moveit_resources_panda_description:/home/zx/ws_moveit2/install/moveit_common:/home/zx/ws_moveit2/install/launch_param_builder:${AMENT_PREFIX_PATH} CMAKE_PREFIX_PATH=/home/zx/ws_moveit2/install/moveit_task_constructor_capabilities:/home/zx/ws_moveit2/install/moveit_task_constructor_core:/home/zx/ws_moveit2/install/moveit_ros_planning_interface:/home/zx/ws_moveit2/install/moveit_ros_move_group:/home/zx/ws_moveit2/install/moveit_ros_warehouse:/home/zx/ws_moveit2/install/moveit_kinematics:/home/zx/ws_moveit2/install/moveit_ros_planning:/home/zx/ws_moveit2/install/moveit_ros_occupancy_map_monitor:/home/zx/ws_moveit2/install/moveit_core:/home/zx/ws_moveit2/install/rviz_marker_tools:/home/zx/ws_moveit2/install/moveit_resources_panda_moveit_config:/home/zx/ws_moveit2/install/srdfdom:/home/zx/ws_moveit2/install/moveit_task_constructor_msgs:/home/zx/ws_moveit2/install/moveit_resources_panda_description:/home/zx/ws_moveit2/install/moveit_common:/opt/ros/humble LD_LIBRARY_PATH=/home/zx/ws_moveit2/install/moveit_task_constructor_capabilities/lib:/home/zx/ws_moveit2/install/moveit_task_constructor_core/lib:/home/zx/ws_moveit2/install/moveit_ros_planning_interface/lib:/home/zx/ws_moveit2/install/moveit_ros_move_group/lib:/home/zx/ws_moveit2/install/moveit_ros_warehouse/lib:/home/zx/ws_moveit2/install/moveit_kinematics/lib:/home/zx/ws_moveit2/install/moveit_ros_planning/lib:/home/zx/ws_moveit2/install/moveit_ros_occupancy_map_monitor/lib:/home/zx/ws_moveit2/install/moveit_core/lib:/home/zx/ws_moveit2/install/rviz_marker_tools/lib:/home/zx/ws_moveit2/install/srdfdom/lib:/home/zx/ws_moveit2/install/moveit_task_constructor_msgs/lib:${LD_LIBRARY_PATH} PATH=/home/zx/ws_moveit2/install/moveit_core/bin:${PATH} PYTHONPATH=/home/zx/ws_moveit2/install/moveit_configs_utils/lib/python3.10/site-packages:/home/zx/ws_moveit2/install/srdfdom/local/lib/python3.10/dist-packages:/home/zx/ws_moveit2/install/moveit_task_constructor_msgs/local/lib/python3.10/dist-packages:/home/zx/ws_moveit2/install/launch_param_builder/lib/python3.10/site-packages:${PYTHONPATH} /usr/bin/cmake /home/zx/ws_moveit2/src/moveit_task_constructor/demo -DCMAKE_BUILD_TYPE=Release -DCMAKE_INSTALL_PREFIX=/home/zx/ws_moveit2/install/moveit_task_constructor_demo
[4.014s] Invoking command in '/home/zx/ws_moveit2/build/moveit_task_constructor_demo': AMENT_PREFIX_PATH=/home/zx/ws_moveit2/install/moveit_task_constructor_capabilities:/home/zx/ws_moveit2/install/moveit_task_constructor_core:/home/zx/ws_moveit2/install/moveit_ros_planning_interface:/home/zx/ws_moveit2/install/moveit_ros_move_group:/home/zx/ws_moveit2/install/moveit_ros_warehouse:/home/zx/ws_moveit2/install/moveit_kinematics:/home/zx/ws_moveit2/install/moveit_ros_planning:/home/zx/ws_moveit2/install/moveit_ros_occupancy_map_monitor:/home/zx/ws_moveit2/install/moveit_core:/home/zx/ws_moveit2/install/rviz_marker_tools:/home/zx/ws_moveit2/install/moveit_resources_panda_moveit_config:/home/zx/ws_moveit2/install/moveit_configs_utils:/home/zx/ws_moveit2/install/srdfdom:/home/zx/ws_moveit2/install/moveit_task_constructor_msgs:/home/zx/ws_moveit2/install/moveit_resources_panda_description:/home/zx/ws_moveit2/install/moveit_common:/home/zx/ws_moveit2/install/launch_param_builder:${AMENT_PREFIX_PATH} CMAKE_PREFIX_PATH=/home/zx/ws_moveit2/install/moveit_task_constructor_capabilities:/home/zx/ws_moveit2/install/moveit_task_constructor_core:/home/zx/ws_moveit2/install/moveit_ros_planning_interface:/home/zx/ws_moveit2/install/moveit_ros_move_group:/home/zx/ws_moveit2/install/moveit_ros_warehouse:/home/zx/ws_moveit2/install/moveit_kinematics:/home/zx/ws_moveit2/install/moveit_ros_planning:/home/zx/ws_moveit2/install/moveit_ros_occupancy_map_monitor:/home/zx/ws_moveit2/install/moveit_core:/home/zx/ws_moveit2/install/rviz_marker_tools:/home/zx/ws_moveit2/install/moveit_resources_panda_moveit_config:/home/zx/ws_moveit2/install/srdfdom:/home/zx/ws_moveit2/install/moveit_task_constructor_msgs:/home/zx/ws_moveit2/install/moveit_resources_panda_description:/home/zx/ws_moveit2/install/moveit_common:/opt/ros/humble LD_LIBRARY_PATH=/home/zx/ws_moveit2/install/moveit_task_constructor_capabilities/lib:/home/zx/ws_moveit2/install/moveit_task_constructor_core/lib:/home/zx/ws_moveit2/install/moveit_ros_planning_interface/lib:/home/zx/ws_moveit2/install/moveit_ros_move_group/lib:/home/zx/ws_moveit2/install/moveit_ros_warehouse/lib:/home/zx/ws_moveit2/install/moveit_kinematics/lib:/home/zx/ws_moveit2/install/moveit_ros_planning/lib:/home/zx/ws_moveit2/install/moveit_ros_occupancy_map_monitor/lib:/home/zx/ws_moveit2/install/moveit_core/lib:/home/zx/ws_moveit2/install/rviz_marker_tools/lib:/home/zx/ws_moveit2/install/srdfdom/lib:/home/zx/ws_moveit2/install/moveit_task_constructor_msgs/lib:${LD_LIBRARY_PATH} PATH=/home/zx/ws_moveit2/install/moveit_core/bin:${PATH} PYTHONPATH=/home/zx/ws_moveit2/install/moveit_configs_utils/lib/python3.10/site-packages:/home/zx/ws_moveit2/install/srdfdom/local/lib/python3.10/dist-packages:/home/zx/ws_moveit2/install/moveit_task_constructor_msgs/local/lib/python3.10/dist-packages:/home/zx/ws_moveit2/install/launch_param_builder/lib/python3.10/site-packages:${PYTHONPATH} /usr/bin/cmake --build /home/zx/ws_moveit2/build/moveit_task_constructor_demo -- -j12 -l12
[4.064s] [  6%] [34m[1mRunning `/opt/ros/humble/bin/generate_parameter_library_cpp /home/zx/ws_moveit2/build/moveit_task_constructor_demo/pick_place_demo_parameters/include//pick_place_demo_parameters.hpp /home/zx/ws_moveit2/src/moveit_task_constructor/demo/src/pick_place_demo_parameters.yaml `[0m
[4.064s] [ 12%] [34m[1mRunning `/opt/ros/humble/bin/generate_parameter_library_cpp /home/zx/ws_moveit2/build/moveit_task_constructor_demo/ik_clearance_cost_parameters/include//ik_clearance_cost_parameters.hpp /home/zx/ws_moveit2/src/moveit_task_constructor/demo/src/ik_clearance_cost_parameters.yaml `[0m
[4.065s] [ 18%] [32mBuilding CXX object CMakeFiles/moveit_task_constructor_demo_fallbacks_move_to.dir/src/fallbacks_move_to.cpp.o[0m
[4.065s] [ 25%] [32mBuilding CXX object CMakeFiles/moveit_task_constructor_demo_modular.dir/src/modular.cpp.o[0m
[4.067s] [ 31%] [32mBuilding CXX object CMakeFiles/moveit_task_constructor_demo_cartesian.dir/src/cartesian.cpp.o[0m
[4.067s] [ 37%] [32mBuilding CXX object CMakeFiles/moveit_task_constructor_demo_alternative_path_costs.dir/src/alternative_path_costs.cpp.o[0m
[4.212s] [ 37%] Built target ik_clearance_cost_parameters
[4.237s] [ 43%] [32mBuilding CXX object CMakeFiles/moveit_task_constructor_demo_ik_clearance_cost.dir/src/ik_clearance_cost.cpp.o[0m
[4.639s] [ 43%] Built target pick_place_demo_parameters
[4.672s] [ 50%] [32mBuilding CXX object CMakeFiles/moveit_task_constructor_demo_pick_place_task.dir/src/pick_place_task.cpp.o[0m
[13.627s] [ 56%] [32m[1mLinking CXX executable fallbacks_move_to[0m
[14.093s] [ 62%] [32m[1mLinking CXX executable alternative_path_costs[0m
[14.138s] [ 62%] Built target moveit_task_constructor_demo_fallbacks_move_to
[14.472s] [ 68%] [32m[1mLinking CXX executable modular[0m
[14.575s] [ 68%] Built target moveit_task_constructor_demo_alternative_path_costs
[14.880s] [ 68%] Built target moveit_task_constructor_demo_modular
[16.599s] [ 75%] [32m[1mLinking CXX executable cartesian[0m
[17.140s] [ 75%] Built target moveit_task_constructor_demo_cartesian
[18.246s] [ 81%] [32m[1mLinking CXX executable ik_clearance_cost[0m
[18.784s] [ 81%] Built target moveit_task_constructor_demo_ik_clearance_cost
[20.774s] [ 87%] [32m[1mLinking CXX shared library libmoveit_task_constructor_demo_pick_place_task.so[0m
[21.111s] [ 87%] Built target moveit_task_constructor_demo_pick_place_task
[21.156s] [ 93%] [32mBuilding CXX object CMakeFiles/moveit_task_constructor_demo_pick_place_demo.dir/src/pick_place_demo.cpp.o[0m
[35.483s] [100%] [32m[1mLinking CXX executable pick_place_demo[0m
[35.755s] [100%] Built target moveit_task_constructor_demo_pick_place_demo
[35.767s] Invoked command in '/home/zx/ws_moveit2/build/moveit_task_constructor_demo' returned '0': AMENT_PREFIX_PATH=/home/zx/ws_moveit2/install/moveit_task_constructor_capabilities:/home/zx/ws_moveit2/install/moveit_task_constructor_core:/home/zx/ws_moveit2/install/moveit_ros_planning_interface:/home/zx/ws_moveit2/install/moveit_ros_move_group:/home/zx/ws_moveit2/install/moveit_ros_warehouse:/home/zx/ws_moveit2/install/moveit_kinematics:/home/zx/ws_moveit2/install/moveit_ros_planning:/home/zx/ws_moveit2/install/moveit_ros_occupancy_map_monitor:/home/zx/ws_moveit2/install/moveit_core:/home/zx/ws_moveit2/install/rviz_marker_tools:/home/zx/ws_moveit2/install/moveit_resources_panda_moveit_config:/home/zx/ws_moveit2/install/moveit_configs_utils:/home/zx/ws_moveit2/install/srdfdom:/home/zx/ws_moveit2/install/moveit_task_constructor_msgs:/home/zx/ws_moveit2/install/moveit_resources_panda_description:/home/zx/ws_moveit2/install/moveit_common:/home/zx/ws_moveit2/install/launch_param_builder:${AMENT_PREFIX_PATH} CMAKE_PREFIX_PATH=/home/zx/ws_moveit2/install/moveit_task_constructor_capabilities:/home/zx/ws_moveit2/install/moveit_task_constructor_core:/home/zx/ws_moveit2/install/moveit_ros_planning_interface:/home/zx/ws_moveit2/install/moveit_ros_move_group:/home/zx/ws_moveit2/install/moveit_ros_warehouse:/home/zx/ws_moveit2/install/moveit_kinematics:/home/zx/ws_moveit2/install/moveit_ros_planning:/home/zx/ws_moveit2/install/moveit_ros_occupancy_map_monitor:/home/zx/ws_moveit2/install/moveit_core:/home/zx/ws_moveit2/install/rviz_marker_tools:/home/zx/ws_moveit2/install/moveit_resources_panda_moveit_config:/home/zx/ws_moveit2/install/srdfdom:/home/zx/ws_moveit2/install/moveit_task_constructor_msgs:/home/zx/ws_moveit2/install/moveit_resources_panda_description:/home/zx/ws_moveit2/install/moveit_common:/opt/ros/humble LD_LIBRARY_PATH=/home/zx/ws_moveit2/install/moveit_task_constructor_capabilities/lib:/home/zx/ws_moveit2/install/moveit_task_constructor_core/lib:/home/zx/ws_moveit2/install/moveit_ros_planning_interface/lib:/home/zx/ws_moveit2/install/moveit_ros_move_group/lib:/home/zx/ws_moveit2/install/moveit_ros_warehouse/lib:/home/zx/ws_moveit2/install/moveit_kinematics/lib:/home/zx/ws_moveit2/install/moveit_ros_planning/lib:/home/zx/ws_moveit2/install/moveit_ros_occupancy_map_monitor/lib:/home/zx/ws_moveit2/install/moveit_core/lib:/home/zx/ws_moveit2/install/rviz_marker_tools/lib:/home/zx/ws_moveit2/install/srdfdom/lib:/home/zx/ws_moveit2/install/moveit_task_constructor_msgs/lib:${LD_LIBRARY_PATH} PATH=/home/zx/ws_moveit2/install/moveit_core/bin:${PATH} PYTHONPATH=/home/zx/ws_moveit2/install/moveit_configs_utils/lib/python3.10/site-packages:/home/zx/ws_moveit2/install/srdfdom/local/lib/python3.10/dist-packages:/home/zx/ws_moveit2/install/moveit_task_constructor_msgs/local/lib/python3.10/dist-packages:/home/zx/ws_moveit2/install/launch_param_builder/lib/python3.10/site-packages:${PYTHONPATH} /usr/bin/cmake --build /home/zx/ws_moveit2/build/moveit_task_constructor_demo -- -j12 -l12
[35.799s] Invoking command in '/home/zx/ws_moveit2/build/moveit_task_constructor_demo': AMENT_PREFIX_PATH=/home/zx/ws_moveit2/install/moveit_task_constructor_capabilities:/home/zx/ws_moveit2/install/moveit_task_constructor_core:/home/zx/ws_moveit2/install/moveit_ros_planning_interface:/home/zx/ws_moveit2/install/moveit_ros_move_group:/home/zx/ws_moveit2/install/moveit_ros_warehouse:/home/zx/ws_moveit2/install/moveit_kinematics:/home/zx/ws_moveit2/install/moveit_ros_planning:/home/zx/ws_moveit2/install/moveit_ros_occupancy_map_monitor:/home/zx/ws_moveit2/install/moveit_core:/home/zx/ws_moveit2/install/rviz_marker_tools:/home/zx/ws_moveit2/install/moveit_resources_panda_moveit_config:/home/zx/ws_moveit2/install/moveit_configs_utils:/home/zx/ws_moveit2/install/srdfdom:/home/zx/ws_moveit2/install/moveit_task_constructor_msgs:/home/zx/ws_moveit2/install/moveit_resources_panda_description:/home/zx/ws_moveit2/install/moveit_common:/home/zx/ws_moveit2/install/launch_param_builder:${AMENT_PREFIX_PATH} CMAKE_PREFIX_PATH=/home/zx/ws_moveit2/install/moveit_task_constructor_capabilities:/home/zx/ws_moveit2/install/moveit_task_constructor_core:/home/zx/ws_moveit2/install/moveit_ros_planning_interface:/home/zx/ws_moveit2/install/moveit_ros_move_group:/home/zx/ws_moveit2/install/moveit_ros_warehouse:/home/zx/ws_moveit2/install/moveit_kinematics:/home/zx/ws_moveit2/install/moveit_ros_planning:/home/zx/ws_moveit2/install/moveit_ros_occupancy_map_monitor:/home/zx/ws_moveit2/install/moveit_core:/home/zx/ws_moveit2/install/rviz_marker_tools:/home/zx/ws_moveit2/install/moveit_resources_panda_moveit_config:/home/zx/ws_moveit2/install/srdfdom:/home/zx/ws_moveit2/install/moveit_task_constructor_msgs:/home/zx/ws_moveit2/install/moveit_resources_panda_description:/home/zx/ws_moveit2/install/moveit_common:/opt/ros/humble LD_LIBRARY_PATH=/home/zx/ws_moveit2/install/moveit_task_constructor_capabilities/lib:/home/zx/ws_moveit2/install/moveit_task_constructor_core/lib:/home/zx/ws_moveit2/install/moveit_ros_planning_interface/lib:/home/zx/ws_moveit2/install/moveit_ros_move_group/lib:/home/zx/ws_moveit2/install/moveit_ros_warehouse/lib:/home/zx/ws_moveit2/install/moveit_kinematics/lib:/home/zx/ws_moveit2/install/moveit_ros_planning/lib:/home/zx/ws_moveit2/install/moveit_ros_occupancy_map_monitor/lib:/home/zx/ws_moveit2/install/moveit_core/lib:/home/zx/ws_moveit2/install/rviz_marker_tools/lib:/home/zx/ws_moveit2/install/srdfdom/lib:/home/zx/ws_moveit2/install/moveit_task_constructor_msgs/lib:${LD_LIBRARY_PATH} PATH=/home/zx/ws_moveit2/install/moveit_core/bin:${PATH} PYTHONPATH=/home/zx/ws_moveit2/install/moveit_configs_utils/lib/python3.10/site-packages:/home/zx/ws_moveit2/install/srdfdom/local/lib/python3.10/dist-packages:/home/zx/ws_moveit2/install/moveit_task_constructor_msgs/local/lib/python3.10/dist-packages:/home/zx/ws_moveit2/install/launch_param_builder/lib/python3.10/site-packages:${PYTHONPATH} /usr/bin/cmake --install /home/zx/ws_moveit2/build/moveit_task_constructor_demo
[35.806s] -- Install configuration: "Release"
[35.806s] -- Installing: /home/zx/ws_moveit2/install/moveit_task_constructor_demo/lib/libmoveit_task_constructor_demo_pick_place_task.so
[35.807s] -- Set runtime path of "/home/zx/ws_moveit2/install/moveit_task_constructor_demo/lib/libmoveit_task_constructor_demo_pick_place_task.so" to ""
[35.807s] -- Installing: /home/zx/ws_moveit2/install/moveit_task_constructor_demo/lib/moveit_task_constructor_demo/cartesian
[35.807s] -- Set runtime path of "/home/zx/ws_moveit2/install/moveit_task_constructor_demo/lib/moveit_task_constructor_demo/cartesian" to ""
[35.807s] -- Installing: /home/zx/ws_moveit2/install/moveit_task_constructor_demo/lib/moveit_task_constructor_demo/modular
[35.808s] -- Set runtime path of "/home/zx/ws_moveit2/install/moveit_task_constructor_demo/lib/moveit_task_constructor_demo/modular" to ""
[35.808s] -- Installing: /home/zx/ws_moveit2/install/moveit_task_constructor_demo/lib/moveit_task_constructor_demo/alternative_path_costs
[35.808s] -- Set runtime path of "/home/zx/ws_moveit2/install/moveit_task_constructor_demo/lib/moveit_task_constructor_demo/alternative_path_costs" to ""
[35.808s] -- Installing: /home/zx/ws_moveit2/install/moveit_task_constructor_demo/include/ik_clearance_cost_parameters
[35.808s] -- Installing: /home/zx/ws_moveit2/install/moveit_task_constructor_demo/include/ik_clearance_cost_parameters/ik_clearance_cost_parameters.hpp
[35.808s] -- Installing: /home/zx/ws_moveit2/install/moveit_task_constructor_demo/lib/moveit_task_constructor_demo/ik_clearance_cost
[35.809s] -- Set runtime path of "/home/zx/ws_moveit2/install/moveit_task_constructor_demo/lib/moveit_task_constructor_demo/ik_clearance_cost" to ""
[35.809s] -- Installing: /home/zx/ws_moveit2/install/moveit_task_constructor_demo/lib/moveit_task_constructor_demo/fallbacks_move_to
[35.809s] -- Set runtime path of "/home/zx/ws_moveit2/install/moveit_task_constructor_demo/lib/moveit_task_constructor_demo/fallbacks_move_to" to ""
[35.809s] -- Installing: /home/zx/ws_moveit2/install/moveit_task_constructor_demo/include/pick_place_demo_parameters
[35.809s] -- Installing: /home/zx/ws_moveit2/install/moveit_task_constructor_demo/include/pick_place_demo_parameters/pick_place_demo_parameters.hpp
[35.809s] -- Installing: /home/zx/ws_moveit2/install/moveit_task_constructor_demo/lib/moveit_task_constructor_demo/pick_place_demo
[35.810s] -- Set runtime path of "/home/zx/ws_moveit2/install/moveit_task_constructor_demo/lib/moveit_task_constructor_demo/pick_place_demo" to ""
[35.810s] -- Installing: /home/zx/ws_moveit2/install/moveit_task_constructor_demo/share/moveit_task_constructor_demo/launch
[35.810s] -- Installing: /home/zx/ws_moveit2/install/moveit_task_constructor_demo/share/moveit_task_constructor_demo/launch/demo.launch.py
[35.811s] -- Installing: /home/zx/ws_moveit2/install/moveit_task_constructor_demo/share/moveit_task_constructor_demo/launch/fallbacks_move_to.launch.py
[35.811s] -- Installing: /home/zx/ws_moveit2/install/moveit_task_constructor_demo/share/moveit_task_constructor_demo/launch/cartesian.launch.py
[35.811s] -- Installing: /home/zx/ws_moveit2/install/moveit_task_constructor_demo/share/moveit_task_constructor_demo/launch/alternative_path_costs.launch.py
[35.811s] -- Installing: /home/zx/ws_moveit2/install/moveit_task_constructor_demo/share/moveit_task_constructor_demo/launch/pickplace.launch.py
[35.811s] -- Installing: /home/zx/ws_moveit2/install/moveit_task_constructor_demo/share/moveit_task_constructor_demo/launch/ik_clearance_cost.launch.py
[35.811s] -- Installing: /home/zx/ws_moveit2/install/moveit_task_constructor_demo/share/moveit_task_constructor_demo/launch/modular.launch.py
[35.811s] -- Installing: /home/zx/ws_moveit2/install/moveit_task_constructor_demo/share/moveit_task_constructor_demo/config
[35.812s] -- Installing: /home/zx/ws_moveit2/install/moveit_task_constructor_demo/share/moveit_task_constructor_demo/config/mtc.rviz
[35.812s] -- Installing: /home/zx/ws_moveit2/install/moveit_task_constructor_demo/share/moveit_task_constructor_demo/config/panda_config.yaml
[35.812s] -- Installing: /home/zx/ws_moveit2/install/moveit_task_constructor_demo/share/ament_index/resource_index/package_run_dependencies/moveit_task_constructor_demo
[35.812s] -- Installing: /home/zx/ws_moveit2/install/moveit_task_constructor_demo/share/ament_index/resource_index/parent_prefix_path/moveit_task_constructor_demo
[35.812s] -- Installing: /home/zx/ws_moveit2/install/moveit_task_constructor_demo/share/moveit_task_constructor_demo/environment/ament_prefix_path.sh
[35.812s] -- Installing: /home/zx/ws_moveit2/install/moveit_task_constructor_demo/share/moveit_task_constructor_demo/environment/ament_prefix_path.dsv
[35.812s] -- Installing: /home/zx/ws_moveit2/install/moveit_task_constructor_demo/share/moveit_task_constructor_demo/environment/path.sh
[35.813s] -- Installing: /home/zx/ws_moveit2/install/moveit_task_constructor_demo/share/moveit_task_constructor_demo/environment/path.dsv
[35.813s] -- Installing: /home/zx/ws_moveit2/install/moveit_task_constructor_demo/share/moveit_task_constructor_demo/local_setup.bash
[35.813s] -- Installing: /home/zx/ws_moveit2/install/moveit_task_constructor_demo/share/moveit_task_constructor_demo/local_setup.sh
[35.813s] -- Installing: /home/zx/ws_moveit2/install/moveit_task_constructor_demo/share/moveit_task_constructor_demo/local_setup.zsh
[35.813s] -- Installing: /home/zx/ws_moveit2/install/moveit_task_constructor_demo/share/moveit_task_constructor_demo/local_setup.dsv
[35.813s] -- Installing: /home/zx/ws_moveit2/install/moveit_task_constructor_demo/share/moveit_task_constructor_demo/package.dsv
[35.814s] -- Installing: /home/zx/ws_moveit2/install/moveit_task_constructor_demo/share/ament_index/resource_index/packages/moveit_task_constructor_demo
[35.814s] -- Installing: /home/zx/ws_moveit2/install/moveit_task_constructor_demo/share/moveit_task_constructor_demo/cmake/moveit_task_constructor_demoConfig.cmake
[35.814s] -- Installing: /home/zx/ws_moveit2/install/moveit_task_constructor_demo/share/moveit_task_constructor_demo/cmake/moveit_task_constructor_demoConfig-version.cmake
[35.814s] -- Installing: /home/zx/ws_moveit2/install/moveit_task_constructor_demo/share/moveit_task_constructor_demo/package.xml
[35.819s] Invoked command in '/home/zx/ws_moveit2/build/moveit_task_constructor_demo' returned '0': AMENT_PREFIX_PATH=/home/zx/ws_moveit2/install/moveit_task_constructor_capabilities:/home/zx/ws_moveit2/install/moveit_task_constructor_core:/home/zx/ws_moveit2/install/moveit_ros_planning_interface:/home/zx/ws_moveit2/install/moveit_ros_move_group:/home/zx/ws_moveit2/install/moveit_ros_warehouse:/home/zx/ws_moveit2/install/moveit_kinematics:/home/zx/ws_moveit2/install/moveit_ros_planning:/home/zx/ws_moveit2/install/moveit_ros_occupancy_map_monitor:/home/zx/ws_moveit2/install/moveit_core:/home/zx/ws_moveit2/install/rviz_marker_tools:/home/zx/ws_moveit2/install/moveit_resources_panda_moveit_config:/home/zx/ws_moveit2/install/moveit_configs_utils:/home/zx/ws_moveit2/install/srdfdom:/home/zx/ws_moveit2/install/moveit_task_constructor_msgs:/home/zx/ws_moveit2/install/moveit_resources_panda_description:/home/zx/ws_moveit2/install/moveit_common:/home/zx/ws_moveit2/install/launch_param_builder:${AMENT_PREFIX_PATH} CMAKE_PREFIX_PATH=/home/zx/ws_moveit2/install/moveit_task_constructor_capabilities:/home/zx/ws_moveit2/install/moveit_task_constructor_core:/home/zx/ws_moveit2/install/moveit_ros_planning_interface:/home/zx/ws_moveit2/install/moveit_ros_move_group:/home/zx/ws_moveit2/install/moveit_ros_warehouse:/home/zx/ws_moveit2/install/moveit_kinematics:/home/zx/ws_moveit2/install/moveit_ros_planning:/home/zx/ws_moveit2/install/moveit_ros_occupancy_map_monitor:/home/zx/ws_moveit2/install/moveit_core:/home/zx/ws_moveit2/install/rviz_marker_tools:/home/zx/ws_moveit2/install/moveit_resources_panda_moveit_config:/home/zx/ws_moveit2/install/srdfdom:/home/zx/ws_moveit2/install/moveit_task_constructor_msgs:/home/zx/ws_moveit2/install/moveit_resources_panda_description:/home/zx/ws_moveit2/install/moveit_common:/opt/ros/humble LD_LIBRARY_PATH=/home/zx/ws_moveit2/install/moveit_task_constructor_capabilities/lib:/home/zx/ws_moveit2/install/moveit_task_constructor_core/lib:/home/zx/ws_moveit2/install/moveit_ros_planning_interface/lib:/home/zx/ws_moveit2/install/moveit_ros_move_group/lib:/home/zx/ws_moveit2/install/moveit_ros_warehouse/lib:/home/zx/ws_moveit2/install/moveit_kinematics/lib:/home/zx/ws_moveit2/install/moveit_ros_planning/lib:/home/zx/ws_moveit2/install/moveit_ros_occupancy_map_monitor/lib:/home/zx/ws_moveit2/install/moveit_core/lib:/home/zx/ws_moveit2/install/rviz_marker_tools/lib:/home/zx/ws_moveit2/install/srdfdom/lib:/home/zx/ws_moveit2/install/moveit_task_constructor_msgs/lib:${LD_LIBRARY_PATH} PATH=/home/zx/ws_moveit2/install/moveit_core/bin:${PATH} PYTHONPATH=/home/zx/ws_moveit2/install/moveit_configs_utils/lib/python3.10/site-packages:/home/zx/ws_moveit2/install/srdfdom/local/lib/python3.10/dist-packages:/home/zx/ws_moveit2/install/moveit_task_constructor_msgs/local/lib/python3.10/dist-packages:/home/zx/ws_moveit2/install/launch_param_builder/lib/python3.10/site-packages:${PYTHONPATH} /usr/bin/cmake --install /home/zx/ws_moveit2/build/moveit_task_constructor_demo
