[1.054s] Invoking command in '/home/zx/ws_moveit2/src/tihu_2': PYTHONPATH=/home/zx/ws_moveit2/build/tihu_2/prefix_override:/home/zx/ws_moveit2/install/tihu_2/lib/python3.10/site-packages:${PYTHONPATH} /usr/bin/python3 setup.py egg_info --egg-base ../../build/tihu_2 build --build-base /home/zx/ws_moveit2/build/tihu_2/build install --record /home/zx/ws_moveit2/build/tihu_2/install.log --single-version-externally-managed
[1.383s] running egg_info
[1.383s] creating ../../build/tihu_2/tihu_2.egg-info
[1.383s] writing ../../build/tihu_2/tihu_2.egg-info/PKG-INFO
[1.384s] writing dependency_links to ../../build/tihu_2/tihu_2.egg-info/dependency_links.txt
[1.384s] writing entry points to ../../build/tihu_2/tihu_2.egg-info/entry_points.txt
[1.386s] writing requirements to ../../build/tihu_2/tihu_2.egg-info/requires.txt
[1.387s] writing top-level names to ../../build/tihu_2/tihu_2.egg-info/top_level.txt
[1.387s] writing manifest file '../../build/tihu_2/tihu_2.egg-info/SOURCES.txt'
[1.393s] reading manifest file '../../build/tihu_2/tihu_2.egg-info/SOURCES.txt'
[1.393s] writing manifest file '../../build/tihu_2/tihu_2.egg-info/SOURCES.txt'
[1.393s] running build
[1.393s] running build_py
[1.394s] creating /home/zx/ws_moveit2/build/tihu_2/build
[1.394s] creating /home/zx/ws_moveit2/build/tihu_2/build/lib
[1.394s] creating /home/zx/ws_moveit2/build/tihu_2/build/lib/tihu_2
[1.394s] copying tihu_2/__init__.py -> /home/zx/ws_moveit2/build/tihu_2/build/lib/tihu_2
[1.394s] running install
[1.394s] running install_lib
[1.395s] creating /home/zx/ws_moveit2/install/tihu_2/lib/python3.10/site-packages/tihu_2
[1.395s] copying /home/zx/ws_moveit2/build/tihu_2/build/lib/tihu_2/__init__.py -> /home/zx/ws_moveit2/install/tihu_2/lib/python3.10/site-packages/tihu_2
[1.397s] byte-compiling /home/zx/ws_moveit2/install/tihu_2/lib/python3.10/site-packages/tihu_2/__init__.py to __init__.cpython-310.pyc
[1.398s] running install_data
[1.398s] creating /home/zx/ws_moveit2/install/tihu_2/share/ament_index
[1.398s] creating /home/zx/ws_moveit2/install/tihu_2/share/ament_index/resource_index
[1.398s] creating /home/zx/ws_moveit2/install/tihu_2/share/ament_index/resource_index/packages
[1.398s] copying resource/tihu_2 -> /home/zx/ws_moveit2/install/tihu_2/share/ament_index/resource_index/packages
[1.399s] copying package.xml -> /home/zx/ws_moveit2/install/tihu_2/share/tihu_2
[1.399s] creating /home/zx/ws_moveit2/install/tihu_2/share/tihu_2/meshes
[1.399s] copying meshes/A.STL -> /home/zx/ws_moveit2/install/tihu_2/share/tihu_2/meshes
[1.400s] copying meshes/B.STL -> /home/zx/ws_moveit2/install/tihu_2/share/tihu_2/meshes
[1.403s] copying meshes/C.STL -> /home/zx/ws_moveit2/install/tihu_2/share/tihu_2/meshes
[1.406s] copying meshes/D.STL -> /home/zx/ws_moveit2/install/tihu_2/share/tihu_2/meshes
[1.409s] copying meshes/E.STL -> /home/zx/ws_moveit2/install/tihu_2/share/tihu_2/meshes
[1.411s] copying meshes/F.STL -> /home/zx/ws_moveit2/install/tihu_2/share/tihu_2/meshes
[1.411s] copying meshes/base_link.STL -> /home/zx/ws_moveit2/install/tihu_2/share/tihu_2/meshes
[1.412s] creating /home/zx/ws_moveit2/install/tihu_2/share/tihu_2/launch
[1.412s] copying launch/display_rviz2.launch.py -> /home/zx/ws_moveit2/install/tihu_2/share/tihu_2/launch
[1.412s] creating /home/zx/ws_moveit2/install/tihu_2/share/tihu_2/urdf
[1.412s] copying urdf/tihuurdf2kg.urdf -> /home/zx/ws_moveit2/install/tihu_2/share/tihu_2/urdf
[1.413s] copying urdf/tihuurdf2kg.csv -> /home/zx/ws_moveit2/install/tihu_2/share/tihu_2/urdf
[1.414s] running install_egg_info
[1.419s] Copying ../../build/tihu_2/tihu_2.egg-info to /home/zx/ws_moveit2/install/tihu_2/lib/python3.10/site-packages/tihu_2-0.0.0-py3.10.egg-info
[1.419s] running install_scripts
[1.440s] writing list of installed files to '/home/zx/ws_moveit2/build/tihu_2/install.log'
[1.490s] Invoked command in '/home/zx/ws_moveit2/src/tihu_2' returned '0': PYTHONPATH=/home/zx/ws_moveit2/build/tihu_2/prefix_override:/home/zx/ws_moveit2/install/tihu_2/lib/python3.10/site-packages:${PYTHONPATH} /usr/bin/python3 setup.py egg_info --egg-base ../../build/tihu_2 build --build-base /home/zx/ws_moveit2/build/tihu_2/build install --record /home/zx/ws_moveit2/build/tihu_2/install.log --single-version-externally-managed
