[0.019s] Invoking command in '/home/zx/ws_moveit2/build/moveit_ros_robot_interaction': AMENT_PREFIX_PATH=/home/zx/ws_moveit2/install/moveit_ros_planning:/home/zx/ws_moveit2/install/moveit_ros_occupancy_map_monitor:/home/zx/ws_moveit2/install/moveit_core:/home/zx/ws_moveit2/install/srdfdom:/home/zx/ws_moveit2/install/moveit_common:${AMENT_PREFIX_PATH} CMAKE_PREFIX_PATH=/home/zx/ws_moveit2/install/moveit_ros_planning:/home/zx/ws_moveit2/install/moveit_ros_occupancy_map_monitor:/home/zx/ws_moveit2/install/moveit_core:/home/zx/ws_moveit2/install/srdfdom:/home/zx/ws_moveit2/install/moveit_common:/opt/ros/humble LD_LIBRARY_PATH=/home/zx/ws_moveit2/install/moveit_ros_planning/lib:/home/zx/ws_moveit2/install/moveit_ros_occupancy_map_monitor/lib:/home/zx/ws_moveit2/install/moveit_core/lib:/home/zx/ws_moveit2/install/srdfdom/lib:${LD_LIBRARY_PATH} PATH=/home/zx/ws_moveit2/install/moveit_core/bin:${PATH} PYTHONPATH=/home/zx/ws_moveit2/install/srdfdom/local/lib/python3.10/dist-packages:${PYTHONPATH} /usr/bin/cmake --build /home/zx/ws_moveit2/build/moveit_ros_robot_interaction -- -j12 -l12
[0.091s] [ 15%] Built target gtest_main
[0.093s] [ 30%] Built target gtest
[0.100s] [ 84%] Built target moveit_robot_interaction
[0.138s] [100%] Built target locked_robot_state_test
[0.156s] Invoked command in '/home/zx/ws_moveit2/build/moveit_ros_robot_interaction' returned '0': AMENT_PREFIX_PATH=/home/zx/ws_moveit2/install/moveit_ros_planning:/home/zx/ws_moveit2/install/moveit_ros_occupancy_map_monitor:/home/zx/ws_moveit2/install/moveit_core:/home/zx/ws_moveit2/install/srdfdom:/home/zx/ws_moveit2/install/moveit_common:${AMENT_PREFIX_PATH} CMAKE_PREFIX_PATH=/home/zx/ws_moveit2/install/moveit_ros_planning:/home/zx/ws_moveit2/install/moveit_ros_occupancy_map_monitor:/home/zx/ws_moveit2/install/moveit_core:/home/zx/ws_moveit2/install/srdfdom:/home/zx/ws_moveit2/install/moveit_common:/opt/ros/humble LD_LIBRARY_PATH=/home/zx/ws_moveit2/install/moveit_ros_planning/lib:/home/zx/ws_moveit2/install/moveit_ros_occupancy_map_monitor/lib:/home/zx/ws_moveit2/install/moveit_core/lib:/home/zx/ws_moveit2/install/srdfdom/lib:${LD_LIBRARY_PATH} PATH=/home/zx/ws_moveit2/install/moveit_core/bin:${PATH} PYTHONPATH=/home/zx/ws_moveit2/install/srdfdom/local/lib/python3.10/dist-packages:${PYTHONPATH} /usr/bin/cmake --build /home/zx/ws_moveit2/build/moveit_ros_robot_interaction -- -j12 -l12
[0.214s] Invoking command in '/home/zx/ws_moveit2/build/moveit_ros_robot_interaction': AMENT_PREFIX_PATH=/home/zx/ws_moveit2/install/moveit_ros_planning:/home/zx/ws_moveit2/install/moveit_ros_occupancy_map_monitor:/home/zx/ws_moveit2/install/moveit_core:/home/zx/ws_moveit2/install/srdfdom:/home/zx/ws_moveit2/install/moveit_common:${AMENT_PREFIX_PATH} CMAKE_PREFIX_PATH=/home/zx/ws_moveit2/install/moveit_ros_planning:/home/zx/ws_moveit2/install/moveit_ros_occupancy_map_monitor:/home/zx/ws_moveit2/install/moveit_core:/home/zx/ws_moveit2/install/srdfdom:/home/zx/ws_moveit2/install/moveit_common:/opt/ros/humble LD_LIBRARY_PATH=/home/zx/ws_moveit2/install/moveit_ros_planning/lib:/home/zx/ws_moveit2/install/moveit_ros_occupancy_map_monitor/lib:/home/zx/ws_moveit2/install/moveit_core/lib:/home/zx/ws_moveit2/install/srdfdom/lib:${LD_LIBRARY_PATH} PATH=/home/zx/ws_moveit2/install/moveit_core/bin:${PATH} PYTHONPATH=/home/zx/ws_moveit2/install/srdfdom/local/lib/python3.10/dist-packages:${PYTHONPATH} /usr/bin/cmake --install /home/zx/ws_moveit2/build/moveit_ros_robot_interaction
[0.221s] -- Install configuration: "Release"
[0.222s] -- Up-to-date: /home/zx/ws_moveit2/install/moveit_ros_robot_interaction/lib/libmoveit_robot_interaction.so.2.5.4
[0.222s] -- Up-to-date: /home/zx/ws_moveit2/install/moveit_ros_robot_interaction/lib/libmoveit_robot_interaction.so
[0.222s] -- Up-to-date: /home/zx/ws_moveit2/install/moveit_ros_robot_interaction/include
[0.222s] -- Up-to-date: /home/zx/ws_moveit2/install/moveit_ros_robot_interaction/include/moveit
[0.222s] -- Up-to-date: /home/zx/ws_moveit2/install/moveit_ros_robot_interaction/include/moveit/robot_interaction
[0.222s] -- Up-to-date: /home/zx/ws_moveit2/install/moveit_ros_robot_interaction/include/moveit/robot_interaction/interaction_handler.h
[0.222s] -- Up-to-date: /home/zx/ws_moveit2/install/moveit_ros_robot_interaction/include/moveit/robot_interaction/locked_robot_state.h
[0.223s] -- Up-to-date: /home/zx/ws_moveit2/install/moveit_ros_robot_interaction/include/moveit/robot_interaction/interaction.h
[0.223s] -- Up-to-date: /home/zx/ws_moveit2/install/moveit_ros_robot_interaction/include/moveit/robot_interaction/robot_interaction.h
[0.223s] -- Up-to-date: /home/zx/ws_moveit2/install/moveit_ros_robot_interaction/include/moveit/robot_interaction/kinematic_options.h
[0.223s] -- Up-to-date: /home/zx/ws_moveit2/install/moveit_ros_robot_interaction/include/moveit/robot_interaction/interactive_marker_helpers.h
[0.223s] -- Up-to-date: /home/zx/ws_moveit2/install/moveit_ros_robot_interaction/include/moveit/robot_interaction/kinematic_options_map.h
[0.223s] -- Up-to-date: /home/zx/ws_moveit2/install/moveit_ros_robot_interaction/include/moveit_robot_interaction_export.h
[0.223s] -- Up-to-date: /home/zx/ws_moveit2/install/moveit_ros_robot_interaction/share/moveit_ros_robot_interaction/resources
[0.223s] -- Up-to-date: /home/zx/ws_moveit2/install/moveit_ros_robot_interaction/share/moveit_ros_robot_interaction/resources/access-denied.dae
[0.223s] -- Up-to-date: /home/zx/ws_moveit2/install/moveit_ros_robot_interaction/share/moveit_ros_robot_interaction/resources/access-denied.stl
[0.223s] -- Up-to-date: /home/zx/ws_moveit2/install/moveit_ros_robot_interaction/share/moveit_ros_robot_interaction/environment/library_path.sh
[0.223s] -- Up-to-date: /home/zx/ws_moveit2/install/moveit_ros_robot_interaction/share/moveit_ros_robot_interaction/environment/library_path.dsv
[0.223s] -- Up-to-date: /home/zx/ws_moveit2/install/moveit_ros_robot_interaction/share/ament_index/resource_index/package_run_dependencies/moveit_ros_robot_interaction
[0.223s] -- Up-to-date: /home/zx/ws_moveit2/install/moveit_ros_robot_interaction/share/ament_index/resource_index/parent_prefix_path/moveit_ros_robot_interaction
[0.223s] -- Up-to-date: /home/zx/ws_moveit2/install/moveit_ros_robot_interaction/share/moveit_ros_robot_interaction/environment/ament_prefix_path.sh
[0.223s] -- Up-to-date: /home/zx/ws_moveit2/install/moveit_ros_robot_interaction/share/moveit_ros_robot_interaction/environment/ament_prefix_path.dsv
[0.223s] -- Up-to-date: /home/zx/ws_moveit2/install/moveit_ros_robot_interaction/share/moveit_ros_robot_interaction/environment/path.sh
[0.224s] -- Up-to-date: /home/zx/ws_moveit2/install/moveit_ros_robot_interaction/share/moveit_ros_robot_interaction/environment/path.dsv
[0.224s] -- Up-to-date: /home/zx/ws_moveit2/install/moveit_ros_robot_interaction/share/moveit_ros_robot_interaction/local_setup.bash
[0.224s] -- Up-to-date: /home/zx/ws_moveit2/install/moveit_ros_robot_interaction/share/moveit_ros_robot_interaction/local_setup.sh
[0.224s] -- Up-to-date: /home/zx/ws_moveit2/install/moveit_ros_robot_interaction/share/moveit_ros_robot_interaction/local_setup.zsh
[0.224s] -- Up-to-date: /home/zx/ws_moveit2/install/moveit_ros_robot_interaction/share/moveit_ros_robot_interaction/local_setup.dsv
[0.224s] -- Installing: /home/zx/ws_moveit2/install/moveit_ros_robot_interaction/share/moveit_ros_robot_interaction/package.dsv
[0.226s] -- Up-to-date: /home/zx/ws_moveit2/install/moveit_ros_robot_interaction/share/ament_index/resource_index/packages/moveit_ros_robot_interaction
[0.227s] -- Up-to-date: /home/zx/ws_moveit2/install/moveit_ros_robot_interaction/share/moveit_ros_robot_interaction/cmake/export_moveit_ros_robot_interactionExport.cmake
[0.227s] -- Up-to-date: /home/zx/ws_moveit2/install/moveit_ros_robot_interaction/share/moveit_ros_robot_interaction/cmake/export_moveit_ros_robot_interactionExport-release.cmake
[0.227s] -- Up-to-date: /home/zx/ws_moveit2/install/moveit_ros_robot_interaction/share/moveit_ros_robot_interaction/cmake/ament_cmake_export_targets-extras.cmake
[0.227s] -- Up-to-date: /home/zx/ws_moveit2/install/moveit_ros_robot_interaction/share/moveit_ros_robot_interaction/cmake/ament_cmake_export_dependencies-extras.cmake
[0.227s] -- Up-to-date: /home/zx/ws_moveit2/install/moveit_ros_robot_interaction/share/moveit_ros_robot_interaction/cmake/moveit_ros_robot_interactionConfig.cmake
[0.228s] -- Up-to-date: /home/zx/ws_moveit2/install/moveit_ros_robot_interaction/share/moveit_ros_robot_interaction/cmake/moveit_ros_robot_interactionConfig-version.cmake
[0.228s] -- Up-to-date: /home/zx/ws_moveit2/install/moveit_ros_robot_interaction/share/moveit_ros_robot_interaction/package.xml
[0.228s] Invoked command in '/home/zx/ws_moveit2/build/moveit_ros_robot_interaction' returned '0': AMENT_PREFIX_PATH=/home/zx/ws_moveit2/install/moveit_ros_planning:/home/zx/ws_moveit2/install/moveit_ros_occupancy_map_monitor:/home/zx/ws_moveit2/install/moveit_core:/home/zx/ws_moveit2/install/srdfdom:/home/zx/ws_moveit2/install/moveit_common:${AMENT_PREFIX_PATH} CMAKE_PREFIX_PATH=/home/zx/ws_moveit2/install/moveit_ros_planning:/home/zx/ws_moveit2/install/moveit_ros_occupancy_map_monitor:/home/zx/ws_moveit2/install/moveit_core:/home/zx/ws_moveit2/install/srdfdom:/home/zx/ws_moveit2/install/moveit_common:/opt/ros/humble LD_LIBRARY_PATH=/home/zx/ws_moveit2/install/moveit_ros_planning/lib:/home/zx/ws_moveit2/install/moveit_ros_occupancy_map_monitor/lib:/home/zx/ws_moveit2/install/moveit_core/lib:/home/zx/ws_moveit2/install/srdfdom/lib:${LD_LIBRARY_PATH} PATH=/home/zx/ws_moveit2/install/moveit_core/bin:${PATH} PYTHONPATH=/home/zx/ws_moveit2/install/srdfdom/local/lib/python3.10/dist-packages:${PYTHONPATH} /usr/bin/cmake --install /home/zx/ws_moveit2/build/moveit_ros_robot_interaction
