[0.029s] Invoking command in '/home/zx/ws_moveit2/build/srdfdom': CMAKE_PREFIX_PATH=/opt/ros/humble /usr/bin/cmake --build /home/zx/ws_moveit2/build/srdfdom -- -j12 -l12
[0.227s] [ 18%] Built target gtest_main
[0.227s] [ 36%] Built target gtest
[0.228s] [ 63%] Built target srdfdom
[0.228s] [ 63%] Built target ament_cmake_python_copy_srdfdom
[0.228s] [ 90%] Built target test_cpp_C
[0.228s] [100%] Built target test_cpp_nl_NL.UTF-8
[0.243s] running egg_info
[0.243s] writing srdfdom.egg-info/PKG-INFO
[0.244s] writing dependency_links to srdfdom.egg-info/dependency_links.txt
[0.244s] writing top-level names to srdfdom.egg-info/top_level.txt
[0.247s] reading manifest file 'srdfdom.egg-info/SOURCES.txt'
[0.247s] writing manifest file 'srdfdom.egg-info/SOURCES.txt'
[0.302s] [100%] Built target ament_cmake_python_build_srdfdom_egg
[0.379s] Invoked command in '/home/zx/ws_moveit2/build/srdfdom' returned '0': CMAKE_PREFIX_PATH=/opt/ros/humble /usr/bin/cmake --build /home/zx/ws_moveit2/build/srdfdom -- -j12 -l12
[0.445s] Invoking command in '/home/zx/ws_moveit2/build/srdfdom': CMAKE_PREFIX_PATH=/opt/ros/humble /usr/bin/cmake --install /home/zx/ws_moveit2/build/srdfdom
[0.455s] -- Install configuration: "Release"
[0.456s] -- Up-to-date: /home/zx/ws_moveit2/install/srdfdom/lib/libsrdfdom.so.2.0.4
[0.456s] -- Up-to-date: /home/zx/ws_moveit2/install/srdfdom/lib/libsrdfdom.so
[0.456s] -- Up-to-date: /home/zx/ws_moveit2/install/srdfdom/include/srdfdom
[0.456s] -- Up-to-date: /home/zx/ws_moveit2/install/srdfdom/include/srdfdom/srdf_writer.h
[0.456s] -- Up-to-date: /home/zx/ws_moveit2/install/srdfdom/include/srdfdom/model.h
[0.456s] -- Up-to-date: /home/zx/ws_moveit2/install/srdfdom/include/srdfdom/visibility_control.h
[0.456s] -- Up-to-date: /home/zx/ws_moveit2/install/srdfdom/lib/srdfdom/display_srdf
[0.456s] -- Up-to-date: /home/zx/ws_moveit2/install/srdfdom/share/srdfdom/environment/pythonpath.sh
[0.456s] -- Up-to-date: /home/zx/ws_moveit2/install/srdfdom/share/srdfdom/environment/pythonpath.dsv
[0.456s] -- Up-to-date: /home/zx/ws_moveit2/install/srdfdom/local/lib/python3.10/dist-packages/srdfdom-2.0.4-py3.10.egg-info
[0.456s] -- Installing: /home/zx/ws_moveit2/install/srdfdom/local/lib/python3.10/dist-packages/srdfdom-2.0.4-py3.10.egg-info/dependency_links.txt
[0.457s] -- Installing: /home/zx/ws_moveit2/install/srdfdom/local/lib/python3.10/dist-packages/srdfdom-2.0.4-py3.10.egg-info/top_level.txt
[0.457s] -- Installing: /home/zx/ws_moveit2/install/srdfdom/local/lib/python3.10/dist-packages/srdfdom-2.0.4-py3.10.egg-info/SOURCES.txt
[0.457s] -- Installing: /home/zx/ws_moveit2/install/srdfdom/local/lib/python3.10/dist-packages/srdfdom-2.0.4-py3.10.egg-info/PKG-INFO
[0.457s] -- Up-to-date: /home/zx/ws_moveit2/install/srdfdom/local/lib/python3.10/dist-packages/srdfdom
[0.457s] -- Up-to-date: /home/zx/ws_moveit2/install/srdfdom/local/lib/python3.10/dist-packages/srdfdom/__init__.py
[0.457s] -- Up-to-date: /home/zx/ws_moveit2/install/srdfdom/local/lib/python3.10/dist-packages/srdfdom/srdf.py
[0.480s] Listing '/home/zx/ws_moveit2/install/srdfdom/local/lib/python3.10/dist-packages/srdfdom'...
[0.483s] -- Up-to-date: /home/zx/ws_moveit2/install/srdfdom/share/srdfdom/environment/library_path.sh
[0.484s] -- Up-to-date: /home/zx/ws_moveit2/install/srdfdom/share/srdfdom/environment/library_path.dsv
[0.484s] -- Up-to-date: /home/zx/ws_moveit2/install/srdfdom/share/ament_index/resource_index/package_run_dependencies/srdfdom
[0.484s] -- Up-to-date: /home/zx/ws_moveit2/install/srdfdom/share/ament_index/resource_index/parent_prefix_path/srdfdom
[0.484s] -- Up-to-date: /home/zx/ws_moveit2/install/srdfdom/share/srdfdom/environment/ament_prefix_path.sh
[0.485s] -- Up-to-date: /home/zx/ws_moveit2/install/srdfdom/share/srdfdom/environment/ament_prefix_path.dsv
[0.485s] -- Up-to-date: /home/zx/ws_moveit2/install/srdfdom/share/srdfdom/environment/path.sh
[0.485s] -- Up-to-date: /home/zx/ws_moveit2/install/srdfdom/share/srdfdom/environment/path.dsv
[0.485s] -- Up-to-date: /home/zx/ws_moveit2/install/srdfdom/share/srdfdom/local_setup.bash
[0.486s] -- Up-to-date: /home/zx/ws_moveit2/install/srdfdom/share/srdfdom/local_setup.sh
[0.486s] -- Up-to-date: /home/zx/ws_moveit2/install/srdfdom/share/srdfdom/local_setup.zsh
[0.486s] -- Up-to-date: /home/zx/ws_moveit2/install/srdfdom/share/srdfdom/local_setup.dsv
[0.486s] -- Installing: /home/zx/ws_moveit2/install/srdfdom/share/srdfdom/package.dsv
[0.488s] -- Up-to-date: /home/zx/ws_moveit2/install/srdfdom/share/ament_index/resource_index/packages/srdfdom
[0.488s] -- Up-to-date: /home/zx/ws_moveit2/install/srdfdom/share/srdfdom/cmake/srdfdomTargetsExport.cmake
[0.488s] -- Up-to-date: /home/zx/ws_moveit2/install/srdfdom/share/srdfdom/cmake/srdfdomTargetsExport-release.cmake
[0.489s] -- Up-to-date: /home/zx/ws_moveit2/install/srdfdom/share/srdfdom/cmake/ament_cmake_export_targets-extras.cmake
[0.489s] -- Up-to-date: /home/zx/ws_moveit2/install/srdfdom/share/srdfdom/cmake/ament_cmake_export_dependencies-extras.cmake
[0.489s] -- Up-to-date: /home/zx/ws_moveit2/install/srdfdom/share/srdfdom/cmake/srdfdomConfig.cmake
[0.489s] -- Up-to-date: /home/zx/ws_moveit2/install/srdfdom/share/srdfdom/cmake/srdfdomConfig-version.cmake
[0.490s] -- Up-to-date: /home/zx/ws_moveit2/install/srdfdom/share/srdfdom/package.xml
[0.495s] Invoked command in '/home/zx/ws_moveit2/build/srdfdom' returned '0': CMAKE_PREFIX_PATH=/opt/ros/humble /usr/bin/cmake --install /home/zx/ws_moveit2/build/srdfdom
