[0.028s] Invoking command in '/home/zx/ws_moveit2/build/moveit_setup_assistant': AMENT_PREFIX_PATH=/home/zx/ws_moveit2/install/moveit_setup_srdf_plugins:/home/zx/ws_moveit2/install/moveit_setup_core_plugins:/home/zx/ws_moveit2/install/moveit_setup_controllers:/home/zx/ws_moveit2/install/moveit_setup_app_plugins:/home/zx/ws_moveit2/install/moveit_setup_framework:/home/zx/ws_moveit2/install/moveit_ros_visualization:/home/zx/ws_moveit2/install/moveit_ros_planning_interface:/home/zx/ws_moveit2/install/moveit_ros_move_group:/home/zx/ws_moveit2/install/moveit_ros_warehouse:/home/zx/ws_moveit2/install/moveit_ros_robot_interaction:/home/zx/ws_moveit2/install/moveit_kinematics:/home/zx/ws_moveit2/install/moveit_ros_planning:/home/zx/ws_moveit2/install/moveit_ros_occupancy_map_monitor:/home/zx/ws_moveit2/install/moveit_core:/home/zx/ws_moveit2/install/moveit_resources_panda_moveit_config:/home/zx/ws_moveit2/install/moveit_configs_utils:/home/zx/ws_moveit2/install/srdfdom:/home/zx/ws_moveit2/install/moveit_resources_panda_description:/home/zx/ws_moveit2/install/moveit_common:/home/zx/ws_moveit2/install/launch_param_builder:${AMENT_PREFIX_PATH} CMAKE_PREFIX_PATH=/home/zx/ws_moveit2/install/moveit_setup_srdf_plugins:/home/zx/ws_moveit2/install/moveit_setup_core_plugins:/home/zx/ws_moveit2/install/moveit_setup_controllers:/home/zx/ws_moveit2/install/moveit_setup_app_plugins:/home/zx/ws_moveit2/install/moveit_setup_framework:/home/zx/ws_moveit2/install/moveit_ros_visualization:/home/zx/ws_moveit2/install/moveit_ros_planning_interface:/home/zx/ws_moveit2/install/moveit_ros_move_group:/home/zx/ws_moveit2/install/moveit_ros_warehouse:/home/zx/ws_moveit2/install/moveit_ros_robot_interaction:/home/zx/ws_moveit2/install/moveit_kinematics:/home/zx/ws_moveit2/install/moveit_ros_planning:/home/zx/ws_moveit2/install/moveit_ros_occupancy_map_monitor:/home/zx/ws_moveit2/install/moveit_core:/home/zx/ws_moveit2/install/moveit_resources_panda_moveit_config:/home/zx/ws_moveit2/install/srdfdom:/home/zx/ws_moveit2/install/moveit_resources_panda_description:/home/zx/ws_moveit2/install/moveit_common:/opt/ros/humble LD_LIBRARY_PATH=/home/zx/ws_moveit2/install/moveit_setup_srdf_plugins/lib:/home/zx/ws_moveit2/install/moveit_setup_core_plugins/lib:/home/zx/ws_moveit2/install/moveit_setup_controllers/lib:/home/zx/ws_moveit2/install/moveit_setup_app_plugins/lib:/home/zx/ws_moveit2/install/moveit_setup_framework/lib:/home/zx/ws_moveit2/install/moveit_ros_visualization/lib:/home/zx/ws_moveit2/install/moveit_ros_planning_interface/lib:/home/zx/ws_moveit2/install/moveit_ros_move_group/lib:/home/zx/ws_moveit2/install/moveit_ros_warehouse/lib:/home/zx/ws_moveit2/install/moveit_ros_robot_interaction/lib:/home/zx/ws_moveit2/install/moveit_kinematics/lib:/home/zx/ws_moveit2/install/moveit_ros_planning/lib:/home/zx/ws_moveit2/install/moveit_ros_occupancy_map_monitor/lib:/home/zx/ws_moveit2/install/moveit_core/lib:/home/zx/ws_moveit2/install/srdfdom/lib:${LD_LIBRARY_PATH} PATH=/home/zx/ws_moveit2/install/moveit_core/bin:${PATH} PYTHONPATH=/home/zx/ws_moveit2/install/moveit_configs_utils/lib/python3.10/site-packages:/home/zx/ws_moveit2/install/srdfdom/local/lib/python3.10/dist-packages:/home/zx/ws_moveit2/install/launch_param_builder/lib/python3.10/site-packages:${PYTHONPATH} /usr/bin/cmake /home/zx/ws_moveit2/src/moveit2/moveit_setup_assistant/moveit_setup_assistant -DCMAKE_BUILD_TYPE=Release -DCMAKE_INSTALL_PREFIX=/home/zx/ws_moveit2/install/moveit_setup_assistant
[0.069s] -- The C compiler identification is GNU 11.4.0
[0.106s] -- The CXX compiler identification is GNU 11.4.0
[0.111s] -- Detecting C compiler ABI info
[0.162s] -- Detecting C compiler ABI info - done
[0.167s] -- Check for working C compiler: /usr/bin/cc - skipped
[0.167s] -- Detecting C compile features
[0.167s] -- Detecting C compile features - done
[0.169s] -- Detecting CXX compiler ABI info
[0.227s] -- Detecting CXX compiler ABI info - done
[0.231s] -- Check for working CXX compiler: /usr/bin/c++ - skipped
[0.231s] -- Detecting CXX compile features
[0.232s] -- Detecting CXX compile features - done
[0.233s] -- Found moveit_common: 2.5.4 (/home/zx/ws_moveit2/install/moveit_common/share/moveit_common/cmake)
[0.236s] -- Found ament_cmake: 1.3.5 (/opt/ros/humble/share/ament_cmake/cmake)
[0.370s] -- Found Python3: /usr/bin/python3.10 (found version "3.10.12") found components: Interpreter 
[0.492s] -- Found libdw: /usr/lib/x86_64-linux-gnu/libdw.so  
[0.496s] -- Could NOT find libbfd (missing: LIBBFD_LIBRARY LIBBFD_INCLUDE_DIR) 
[0.496s] -- BACKWARD_HAS_UNWIND=1
[0.496s] -- BACKWARD_HAS_BACKTRACE=0
[0.496s] -- BACKWARD_HAS_BACKTRACE_SYMBOL=0
[0.496s] -- BACKWARD_HAS_DW=1
[0.496s] -- BACKWARD_HAS_BFD=0
[0.497s] -- Found Backward: /opt/ros/humble/share/backward_ros/cmake  
[0.499s] -- Found ament_index_cpp: 1.4.0 (/opt/ros/humble/share/ament_index_cpp/cmake)
[0.509s] -- Found Boost: /usr/lib/x86_64-linux-gnu/cmake/Boost-1.74.0/BoostConfig.cmake (found version "1.74.0") found components: program_options 
[0.510s] -- Found moveit_setup_framework: 2.5.4 (/home/zx/ws_moveit2/install/moveit_setup_framework/share/moveit_setup_framework/cmake)
[0.545s] -- Found rosidl_generator_c: 3.1.5 (/opt/ros/humble/share/rosidl_generator_c/cmake)
[0.551s] -- Found rosidl_adapter: 3.1.5 (/opt/ros/humble/share/rosidl_adapter/cmake)
[0.558s] -- Found rosidl_generator_cpp: 3.1.5 (/opt/ros/humble/share/rosidl_generator_cpp/cmake)
[0.570s] -- Using all available rosidl_typesupport_c: rosidl_typesupport_fastrtps_c;rosidl_typesupport_introspection_c
[0.585s] -- Using all available rosidl_typesupport_cpp: rosidl_typesupport_fastrtps_cpp;rosidl_typesupport_introspection_cpp
[0.639s] -- Found rmw_implementation_cmake: 6.1.1 (/opt/ros/humble/share/rmw_implementation_cmake/cmake)
[0.642s] -- Found rmw_fastrtps_cpp: 6.2.3 (/opt/ros/humble/share/rmw_fastrtps_cpp/cmake)
[0.718s] -- Found OpenSSL: /usr/lib/x86_64-linux-gnu/libcrypto.so (found version "3.0.2")  
[0.736s] -- Found FastRTPS: /opt/ros/humble/include  
[0.772s] -- Using RMW implementation 'rmw_fastrtps_cpp' as default
[0.781s] -- Looking for pthread.h
[0.848s] -- Looking for pthread.h - found
[0.848s] -- Performing Test CMAKE_HAVE_LIBC_PTHREAD
[0.916s] -- Performing Test CMAKE_HAVE_LIBC_PTHREAD - Success
[0.917s] -- Found Threads: TRUE  
[1.069s] -- Found Boost: /usr/lib/x86_64-linux-gnu/cmake/Boost-1.74.0/BoostConfig.cmake (found version "1.74.0") found components: chrono date_time filesystem iostreams program_options regex serialization system thread 
[1.081s] -- Found parameter_traits: 0.3.6 (/opt/ros/humble/share/parameter_traits/cmake)
[1.102s] -- Found rclcpp_lifecycle: 16.0.5 (/opt/ros/humble/share/rclcpp_lifecycle/cmake)
[1.134s] -- Found Boost: /usr/lib/x86_64-linux-gnu/cmake/Boost-1.74.0/BoostConfig.cmake (found version "1.74.0") found components: filesystem 
[1.238s] -- library: /usr/lib/x86_64-linux-gnu/libcurl.so
[1.435s] -- Found Eigen3: TRUE (found version "3.4.0") 
[1.435s] -- Ensuring Eigen3 include directory is part of orocos-kdl CMake target
[2.203s] -- Found Boost: /usr/lib/x86_64-linux-gnu/cmake/Boost-1.74.0/BoostConfig.cmake (found version "1.74.0") found components: system filesystem date_time program_options thread chrono 
[2.544s] -- Found Boost: /usr/lib/x86_64-linux-gnu/cmake/Boost-1.74.0/BoostConfig.cmake (found version "1.74.0") found components: thread date_time system filesystem 
[2.595s] -- Found Boost: /usr/lib/x86_64-linux-gnu/cmake/Boost-1.74.0/BoostConfig.cmake (found version "1.74.0") found components: date_time filesystem program_options system thread 
[2.714s] -- Found Boost: /usr/lib/x86_64-linux-gnu/cmake/Boost-1.74.0/BoostConfig.cmake (found version "1.74.0") found components: thread system filesystem regex date_time program_options 
[2.869s] -- Found Boost: /usr/lib/x86_64-linux-gnu/cmake/Boost-1.74.0/BoostConfig.cmake (found version "1.74.0") found components: system filesystem date_time program_options thread 
[3.625s] -- Setting OGRE_DIR to: '/opt/ros/humble/share/rviz_ogre_vendor/cmake/../../../opt/rviz_ogre_vendor/lib/OGRE/cmake'
[3.626s] -- Found OGRE
[3.626s] --   static     : OFF
[3.626s] --   components : HLMS;MeshLodGenerator;Overlay;Paging;Property;RTShaderSystem;Terrain;Volume
[3.626s] --   plugins    : Plugin_BSPSceneManager;Plugin_OctreeSceneManager;Plugin_PCZSceneManager;Plugin_ParticleFX;RenderSystem_GL;RenderSystem_GL3Plus;Codec_STBI
[3.626s] --   media      : /opt/ros/humble/opt/rviz_ogre_vendor/share/OGRE/Media
[3.629s] -- OGRE_LIBRARIES: OgreHLMS;OgreMeshLodGenerator;OgreOverlay;OgrePaging;OgreProperty;OgreRTShaderSystem;OgreTerrain;OgreVolume;OgreMain
[3.629s] -- OGRE_LIBRARY_DIRS: /opt/ros/humble/opt/rviz_ogre_vendor/lib
[3.629s] -- OGRE_PLUGINS: Plugin_BSPSceneManager;Plugin_OctreeSceneManager;Plugin_PCZSceneManager;Plugin_ParticleFX;RenderSystem_GL;RenderSystem_GL3Plus;Codec_STBI
[3.629s] -- OGRE_PLUGIN_DIR: /opt/ros/humble/opt/rviz_ogre_vendor/lib/OGRE
[3.629s] -- rviz_ogre_vendor::OgreOverlay for IMPORTED_LOCATION_RELEASE: /opt/ros/humble/opt/rviz_ogre_vendor/lib/libOgreOverlay.so
[3.629s] -- rviz_ogre_vendor::OgreOverlay for IMPORTED_LOCATION_DEBUG: /opt/ros/humble/opt/rviz_ogre_vendor/lib/libOgreOverlay.so
[3.629s] -- rviz_ogre_vendor::OgreMain for IMPORTED_LOCATION_RELEASE: /opt/ros/humble/opt/rviz_ogre_vendor/lib/libOgreMain.so
[3.629s] -- rviz_ogre_vendor::OgreMain for IMPORTED_LOCATION_DEBUG: /opt/ros/humble/opt/rviz_ogre_vendor/lib/libOgreMain.so
[3.629s] -- Could not find freeimage library
[3.641s] -- Found ZLIB: /usr/lib/x86_64-linux-gnu/libz.so (found version "1.2.11") 
[3.645s] -- Found OpenGL: /usr/lib/x86_64-linux-gnu/libOpenGL.so   
[3.715s] -- Found X11: /usr/include   
[3.715s] -- Looking for XOpenDisplay in /usr/lib/x86_64-linux-gnu/libX11.so;/usr/lib/x86_64-linux-gnu/libXext.so
[3.789s] -- Looking for XOpenDisplay in /usr/lib/x86_64-linux-gnu/libX11.so;/usr/lib/x86_64-linux-gnu/libXext.so - found
[3.789s] -- Looking for gethostbyname
[3.861s] -- Looking for gethostbyname - found
[3.861s] -- Looking for connect
[3.929s] -- Looking for connect - found
[3.929s] -- Looking for remove
[3.998s] -- Looking for remove - found
[3.998s] -- Looking for shmat
[4.067s] -- Looking for shmat - found
[4.067s] -- Looking for IceConnectionNumber in ICE
[4.134s] -- Looking for IceConnectionNumber in ICE - found
[4.136s] -- rviz_ogre_vendor::RenderSystem_GL for IMPORTED_LOCATION_RELEASE: _render_system_gl_static_library_abs-NOTFOUND
[4.136s] -- rviz_ogre_vendor::RenderSystem_GL for IMPORTED_LOCATION_DEBUG: _render_system_gl_static_library_abs-NOTFOUND
[4.600s] -- Found moveit_setup_srdf_plugins: 2.5.4 (/home/zx/ws_moveit2/install/moveit_setup_srdf_plugins/share/moveit_setup_srdf_plugins/cmake)
[4.618s] -- Found ament_lint_auto: 0.12.7 (/opt/ros/humble/share/ament_lint_auto/cmake)
[4.642s] -- Added test 'lint_cmake' to check CMake code style
[4.643s] -- Added test 'xmllint' to check XML markup files
[4.645s] -- Configuring done
[4.737s] -- Generating done
[4.739s] -- Build files have been written to: /home/zx/ws_moveit2/build/moveit_setup_assistant
[4.754s] Invoked command in '/home/zx/ws_moveit2/build/moveit_setup_assistant' returned '0': AMENT_PREFIX_PATH=/home/zx/ws_moveit2/install/moveit_setup_srdf_plugins:/home/zx/ws_moveit2/install/moveit_setup_core_plugins:/home/zx/ws_moveit2/install/moveit_setup_controllers:/home/zx/ws_moveit2/install/moveit_setup_app_plugins:/home/zx/ws_moveit2/install/moveit_setup_framework:/home/zx/ws_moveit2/install/moveit_ros_visualization:/home/zx/ws_moveit2/install/moveit_ros_planning_interface:/home/zx/ws_moveit2/install/moveit_ros_move_group:/home/zx/ws_moveit2/install/moveit_ros_warehouse:/home/zx/ws_moveit2/install/moveit_ros_robot_interaction:/home/zx/ws_moveit2/install/moveit_kinematics:/home/zx/ws_moveit2/install/moveit_ros_planning:/home/zx/ws_moveit2/install/moveit_ros_occupancy_map_monitor:/home/zx/ws_moveit2/install/moveit_core:/home/zx/ws_moveit2/install/moveit_resources_panda_moveit_config:/home/zx/ws_moveit2/install/moveit_configs_utils:/home/zx/ws_moveit2/install/srdfdom:/home/zx/ws_moveit2/install/moveit_resources_panda_description:/home/zx/ws_moveit2/install/moveit_common:/home/zx/ws_moveit2/install/launch_param_builder:${AMENT_PREFIX_PATH} CMAKE_PREFIX_PATH=/home/zx/ws_moveit2/install/moveit_setup_srdf_plugins:/home/zx/ws_moveit2/install/moveit_setup_core_plugins:/home/zx/ws_moveit2/install/moveit_setup_controllers:/home/zx/ws_moveit2/install/moveit_setup_app_plugins:/home/zx/ws_moveit2/install/moveit_setup_framework:/home/zx/ws_moveit2/install/moveit_ros_visualization:/home/zx/ws_moveit2/install/moveit_ros_planning_interface:/home/zx/ws_moveit2/install/moveit_ros_move_group:/home/zx/ws_moveit2/install/moveit_ros_warehouse:/home/zx/ws_moveit2/install/moveit_ros_robot_interaction:/home/zx/ws_moveit2/install/moveit_kinematics:/home/zx/ws_moveit2/install/moveit_ros_planning:/home/zx/ws_moveit2/install/moveit_ros_occupancy_map_monitor:/home/zx/ws_moveit2/install/moveit_core:/home/zx/ws_moveit2/install/moveit_resources_panda_moveit_config:/home/zx/ws_moveit2/install/srdfdom:/home/zx/ws_moveit2/install/moveit_resources_panda_description:/home/zx/ws_moveit2/install/moveit_common:/opt/ros/humble LD_LIBRARY_PATH=/home/zx/ws_moveit2/install/moveit_setup_srdf_plugins/lib:/home/zx/ws_moveit2/install/moveit_setup_core_plugins/lib:/home/zx/ws_moveit2/install/moveit_setup_controllers/lib:/home/zx/ws_moveit2/install/moveit_setup_app_plugins/lib:/home/zx/ws_moveit2/install/moveit_setup_framework/lib:/home/zx/ws_moveit2/install/moveit_ros_visualization/lib:/home/zx/ws_moveit2/install/moveit_ros_planning_interface/lib:/home/zx/ws_moveit2/install/moveit_ros_move_group/lib:/home/zx/ws_moveit2/install/moveit_ros_warehouse/lib:/home/zx/ws_moveit2/install/moveit_ros_robot_interaction/lib:/home/zx/ws_moveit2/install/moveit_kinematics/lib:/home/zx/ws_moveit2/install/moveit_ros_planning/lib:/home/zx/ws_moveit2/install/moveit_ros_occupancy_map_monitor/lib:/home/zx/ws_moveit2/install/moveit_core/lib:/home/zx/ws_moveit2/install/srdfdom/lib:${LD_LIBRARY_PATH} PATH=/home/zx/ws_moveit2/install/moveit_core/bin:${PATH} PYTHONPATH=/home/zx/ws_moveit2/install/moveit_configs_utils/lib/python3.10/site-packages:/home/zx/ws_moveit2/install/srdfdom/local/lib/python3.10/dist-packages:/home/zx/ws_moveit2/install/launch_param_builder/lib/python3.10/site-packages:${PYTHONPATH} /usr/bin/cmake /home/zx/ws_moveit2/src/moveit2/moveit_setup_assistant/moveit_setup_assistant -DCMAKE_BUILD_TYPE=Release -DCMAKE_INSTALL_PREFIX=/home/zx/ws_moveit2/install/moveit_setup_assistant
[4.756s] Invoking command in '/home/zx/ws_moveit2/build/moveit_setup_assistant': AMENT_PREFIX_PATH=/home/zx/ws_moveit2/install/moveit_setup_srdf_plugins:/home/zx/ws_moveit2/install/moveit_setup_core_plugins:/home/zx/ws_moveit2/install/moveit_setup_controllers:/home/zx/ws_moveit2/install/moveit_setup_app_plugins:/home/zx/ws_moveit2/install/moveit_setup_framework:/home/zx/ws_moveit2/install/moveit_ros_visualization:/home/zx/ws_moveit2/install/moveit_ros_planning_interface:/home/zx/ws_moveit2/install/moveit_ros_move_group:/home/zx/ws_moveit2/install/moveit_ros_warehouse:/home/zx/ws_moveit2/install/moveit_ros_robot_interaction:/home/zx/ws_moveit2/install/moveit_kinematics:/home/zx/ws_moveit2/install/moveit_ros_planning:/home/zx/ws_moveit2/install/moveit_ros_occupancy_map_monitor:/home/zx/ws_moveit2/install/moveit_core:/home/zx/ws_moveit2/install/moveit_resources_panda_moveit_config:/home/zx/ws_moveit2/install/moveit_configs_utils:/home/zx/ws_moveit2/install/srdfdom:/home/zx/ws_moveit2/install/moveit_resources_panda_description:/home/zx/ws_moveit2/install/moveit_common:/home/zx/ws_moveit2/install/launch_param_builder:${AMENT_PREFIX_PATH} CMAKE_PREFIX_PATH=/home/zx/ws_moveit2/install/moveit_setup_srdf_plugins:/home/zx/ws_moveit2/install/moveit_setup_core_plugins:/home/zx/ws_moveit2/install/moveit_setup_controllers:/home/zx/ws_moveit2/install/moveit_setup_app_plugins:/home/zx/ws_moveit2/install/moveit_setup_framework:/home/zx/ws_moveit2/install/moveit_ros_visualization:/home/zx/ws_moveit2/install/moveit_ros_planning_interface:/home/zx/ws_moveit2/install/moveit_ros_move_group:/home/zx/ws_moveit2/install/moveit_ros_warehouse:/home/zx/ws_moveit2/install/moveit_ros_robot_interaction:/home/zx/ws_moveit2/install/moveit_kinematics:/home/zx/ws_moveit2/install/moveit_ros_planning:/home/zx/ws_moveit2/install/moveit_ros_occupancy_map_monitor:/home/zx/ws_moveit2/install/moveit_core:/home/zx/ws_moveit2/install/moveit_resources_panda_moveit_config:/home/zx/ws_moveit2/install/srdfdom:/home/zx/ws_moveit2/install/moveit_resources_panda_description:/home/zx/ws_moveit2/install/moveit_common:/opt/ros/humble LD_LIBRARY_PATH=/home/zx/ws_moveit2/install/moveit_setup_srdf_plugins/lib:/home/zx/ws_moveit2/install/moveit_setup_core_plugins/lib:/home/zx/ws_moveit2/install/moveit_setup_controllers/lib:/home/zx/ws_moveit2/install/moveit_setup_app_plugins/lib:/home/zx/ws_moveit2/install/moveit_setup_framework/lib:/home/zx/ws_moveit2/install/moveit_ros_visualization/lib:/home/zx/ws_moveit2/install/moveit_ros_planning_interface/lib:/home/zx/ws_moveit2/install/moveit_ros_move_group/lib:/home/zx/ws_moveit2/install/moveit_ros_warehouse/lib:/home/zx/ws_moveit2/install/moveit_ros_robot_interaction/lib:/home/zx/ws_moveit2/install/moveit_kinematics/lib:/home/zx/ws_moveit2/install/moveit_ros_planning/lib:/home/zx/ws_moveit2/install/moveit_ros_occupancy_map_monitor/lib:/home/zx/ws_moveit2/install/moveit_core/lib:/home/zx/ws_moveit2/install/srdfdom/lib:${LD_LIBRARY_PATH} PATH=/home/zx/ws_moveit2/install/moveit_core/bin:${PATH} PYTHONPATH=/home/zx/ws_moveit2/install/moveit_configs_utils/lib/python3.10/site-packages:/home/zx/ws_moveit2/install/srdfdom/local/lib/python3.10/dist-packages:/home/zx/ws_moveit2/install/launch_param_builder/lib/python3.10/site-packages:${PYTHONPATH} /usr/bin/cmake --build /home/zx/ws_moveit2/build/moveit_setup_assistant -- -j12 -l12
[4.801s] [ 14%] [34m[1mAutomatic MOC for target moveit_setup_assistant_updater[0m
[4.801s] [ 14%] [34m[1mAutomatic MOC for target moveit_setup_assistant[0m
[4.828s] [ 14%] Built target moveit_setup_assistant_updater_autogen
[4.828s] [ 14%] Built target moveit_setup_assistant_autogen
[4.838s] [ 21%] [34m[1mGenerating include/moveit_setup_assistant/moc_navigation_widget.cpp[0m
[4.838s] [ 28%] [34m[1mGenerating include/moveit_setup_assistant/moc_setup_assistant_widget.cpp[0m
[4.846s] [ 42%] [32mBuilding CXX object CMakeFiles/moveit_setup_assistant_updater.dir/src/collisions_updater.cpp.o[0m
[4.847s] [ 42%] [32mBuilding CXX object CMakeFiles/moveit_setup_assistant_updater.dir/moveit_setup_assistant_updater_autogen/mocs_compilation.cpp.o[0m
[4.858s] [ 64%] [32mBuilding CXX object CMakeFiles/moveit_setup_assistant.dir/src/main.cpp.o[0m
[4.858s] [ 64%] [32mBuilding CXX object CMakeFiles/moveit_setup_assistant.dir/src/navigation_widget.cpp.o[0m
[4.858s] [ 64%] [32mBuilding CXX object CMakeFiles/moveit_setup_assistant.dir/include/moveit_setup_assistant/moc_navigation_widget.cpp.o[0m
[4.859s] [ 71%] [32mBuilding CXX object CMakeFiles/moveit_setup_assistant.dir/moveit_setup_assistant_autogen/mocs_compilation.cpp.o[0m
[4.859s] [ 78%] [32mBuilding CXX object CMakeFiles/moveit_setup_assistant.dir/src/setup_assistant_widget.cpp.o[0m
[4.859s] [ 85%] [32mBuilding CXX object CMakeFiles/moveit_setup_assistant.dir/include/moveit_setup_assistant/moc_setup_assistant_widget.cpp.o[0m
[21.165s] [ 92%] [32m[1mLinking CXX executable collisions_updater[0m
[21.654s] [ 92%] Built target moveit_setup_assistant_updater
[22.783s] [100%] [32m[1mLinking CXX executable moveit_setup_assistant[0m
[23.516s] [100%] Built target moveit_setup_assistant
[23.525s] Invoked command in '/home/zx/ws_moveit2/build/moveit_setup_assistant' returned '0': AMENT_PREFIX_PATH=/home/zx/ws_moveit2/install/moveit_setup_srdf_plugins:/home/zx/ws_moveit2/install/moveit_setup_core_plugins:/home/zx/ws_moveit2/install/moveit_setup_controllers:/home/zx/ws_moveit2/install/moveit_setup_app_plugins:/home/zx/ws_moveit2/install/moveit_setup_framework:/home/zx/ws_moveit2/install/moveit_ros_visualization:/home/zx/ws_moveit2/install/moveit_ros_planning_interface:/home/zx/ws_moveit2/install/moveit_ros_move_group:/home/zx/ws_moveit2/install/moveit_ros_warehouse:/home/zx/ws_moveit2/install/moveit_ros_robot_interaction:/home/zx/ws_moveit2/install/moveit_kinematics:/home/zx/ws_moveit2/install/moveit_ros_planning:/home/zx/ws_moveit2/install/moveit_ros_occupancy_map_monitor:/home/zx/ws_moveit2/install/moveit_core:/home/zx/ws_moveit2/install/moveit_resources_panda_moveit_config:/home/zx/ws_moveit2/install/moveit_configs_utils:/home/zx/ws_moveit2/install/srdfdom:/home/zx/ws_moveit2/install/moveit_resources_panda_description:/home/zx/ws_moveit2/install/moveit_common:/home/zx/ws_moveit2/install/launch_param_builder:${AMENT_PREFIX_PATH} CMAKE_PREFIX_PATH=/home/zx/ws_moveit2/install/moveit_setup_srdf_plugins:/home/zx/ws_moveit2/install/moveit_setup_core_plugins:/home/zx/ws_moveit2/install/moveit_setup_controllers:/home/zx/ws_moveit2/install/moveit_setup_app_plugins:/home/zx/ws_moveit2/install/moveit_setup_framework:/home/zx/ws_moveit2/install/moveit_ros_visualization:/home/zx/ws_moveit2/install/moveit_ros_planning_interface:/home/zx/ws_moveit2/install/moveit_ros_move_group:/home/zx/ws_moveit2/install/moveit_ros_warehouse:/home/zx/ws_moveit2/install/moveit_ros_robot_interaction:/home/zx/ws_moveit2/install/moveit_kinematics:/home/zx/ws_moveit2/install/moveit_ros_planning:/home/zx/ws_moveit2/install/moveit_ros_occupancy_map_monitor:/home/zx/ws_moveit2/install/moveit_core:/home/zx/ws_moveit2/install/moveit_resources_panda_moveit_config:/home/zx/ws_moveit2/install/srdfdom:/home/zx/ws_moveit2/install/moveit_resources_panda_description:/home/zx/ws_moveit2/install/moveit_common:/opt/ros/humble LD_LIBRARY_PATH=/home/zx/ws_moveit2/install/moveit_setup_srdf_plugins/lib:/home/zx/ws_moveit2/install/moveit_setup_core_plugins/lib:/home/zx/ws_moveit2/install/moveit_setup_controllers/lib:/home/zx/ws_moveit2/install/moveit_setup_app_plugins/lib:/home/zx/ws_moveit2/install/moveit_setup_framework/lib:/home/zx/ws_moveit2/install/moveit_ros_visualization/lib:/home/zx/ws_moveit2/install/moveit_ros_planning_interface/lib:/home/zx/ws_moveit2/install/moveit_ros_move_group/lib:/home/zx/ws_moveit2/install/moveit_ros_warehouse/lib:/home/zx/ws_moveit2/install/moveit_ros_robot_interaction/lib:/home/zx/ws_moveit2/install/moveit_kinematics/lib:/home/zx/ws_moveit2/install/moveit_ros_planning/lib:/home/zx/ws_moveit2/install/moveit_ros_occupancy_map_monitor/lib:/home/zx/ws_moveit2/install/moveit_core/lib:/home/zx/ws_moveit2/install/srdfdom/lib:${LD_LIBRARY_PATH} PATH=/home/zx/ws_moveit2/install/moveit_core/bin:${PATH} PYTHONPATH=/home/zx/ws_moveit2/install/moveit_configs_utils/lib/python3.10/site-packages:/home/zx/ws_moveit2/install/srdfdom/local/lib/python3.10/dist-packages:/home/zx/ws_moveit2/install/launch_param_builder/lib/python3.10/site-packages:${PYTHONPATH} /usr/bin/cmake --build /home/zx/ws_moveit2/build/moveit_setup_assistant -- -j12 -l12
[23.551s] Invoking command in '/home/zx/ws_moveit2/build/moveit_setup_assistant': AMENT_PREFIX_PATH=/home/zx/ws_moveit2/install/moveit_setup_srdf_plugins:/home/zx/ws_moveit2/install/moveit_setup_core_plugins:/home/zx/ws_moveit2/install/moveit_setup_controllers:/home/zx/ws_moveit2/install/moveit_setup_app_plugins:/home/zx/ws_moveit2/install/moveit_setup_framework:/home/zx/ws_moveit2/install/moveit_ros_visualization:/home/zx/ws_moveit2/install/moveit_ros_planning_interface:/home/zx/ws_moveit2/install/moveit_ros_move_group:/home/zx/ws_moveit2/install/moveit_ros_warehouse:/home/zx/ws_moveit2/install/moveit_ros_robot_interaction:/home/zx/ws_moveit2/install/moveit_kinematics:/home/zx/ws_moveit2/install/moveit_ros_planning:/home/zx/ws_moveit2/install/moveit_ros_occupancy_map_monitor:/home/zx/ws_moveit2/install/moveit_core:/home/zx/ws_moveit2/install/moveit_resources_panda_moveit_config:/home/zx/ws_moveit2/install/moveit_configs_utils:/home/zx/ws_moveit2/install/srdfdom:/home/zx/ws_moveit2/install/moveit_resources_panda_description:/home/zx/ws_moveit2/install/moveit_common:/home/zx/ws_moveit2/install/launch_param_builder:${AMENT_PREFIX_PATH} CMAKE_PREFIX_PATH=/home/zx/ws_moveit2/install/moveit_setup_srdf_plugins:/home/zx/ws_moveit2/install/moveit_setup_core_plugins:/home/zx/ws_moveit2/install/moveit_setup_controllers:/home/zx/ws_moveit2/install/moveit_setup_app_plugins:/home/zx/ws_moveit2/install/moveit_setup_framework:/home/zx/ws_moveit2/install/moveit_ros_visualization:/home/zx/ws_moveit2/install/moveit_ros_planning_interface:/home/zx/ws_moveit2/install/moveit_ros_move_group:/home/zx/ws_moveit2/install/moveit_ros_warehouse:/home/zx/ws_moveit2/install/moveit_ros_robot_interaction:/home/zx/ws_moveit2/install/moveit_kinematics:/home/zx/ws_moveit2/install/moveit_ros_planning:/home/zx/ws_moveit2/install/moveit_ros_occupancy_map_monitor:/home/zx/ws_moveit2/install/moveit_core:/home/zx/ws_moveit2/install/moveit_resources_panda_moveit_config:/home/zx/ws_moveit2/install/srdfdom:/home/zx/ws_moveit2/install/moveit_resources_panda_description:/home/zx/ws_moveit2/install/moveit_common:/opt/ros/humble LD_LIBRARY_PATH=/home/zx/ws_moveit2/install/moveit_setup_srdf_plugins/lib:/home/zx/ws_moveit2/install/moveit_setup_core_plugins/lib:/home/zx/ws_moveit2/install/moveit_setup_controllers/lib:/home/zx/ws_moveit2/install/moveit_setup_app_plugins/lib:/home/zx/ws_moveit2/install/moveit_setup_framework/lib:/home/zx/ws_moveit2/install/moveit_ros_visualization/lib:/home/zx/ws_moveit2/install/moveit_ros_planning_interface/lib:/home/zx/ws_moveit2/install/moveit_ros_move_group/lib:/home/zx/ws_moveit2/install/moveit_ros_warehouse/lib:/home/zx/ws_moveit2/install/moveit_ros_robot_interaction/lib:/home/zx/ws_moveit2/install/moveit_kinematics/lib:/home/zx/ws_moveit2/install/moveit_ros_planning/lib:/home/zx/ws_moveit2/install/moveit_ros_occupancy_map_monitor/lib:/home/zx/ws_moveit2/install/moveit_core/lib:/home/zx/ws_moveit2/install/srdfdom/lib:${LD_LIBRARY_PATH} PATH=/home/zx/ws_moveit2/install/moveit_core/bin:${PATH} PYTHONPATH=/home/zx/ws_moveit2/install/moveit_configs_utils/lib/python3.10/site-packages:/home/zx/ws_moveit2/install/srdfdom/local/lib/python3.10/dist-packages:/home/zx/ws_moveit2/install/launch_param_builder/lib/python3.10/site-packages:${PYTHONPATH} /usr/bin/cmake --install /home/zx/ws_moveit2/build/moveit_setup_assistant
[23.557s] -- Install configuration: "Release"
[23.557s] -- Installing: /home/zx/ws_moveit2/install/moveit_setup_assistant/lib/moveit_setup_assistant/moveit_setup_assistant
[23.558s] -- Set runtime path of "/home/zx/ws_moveit2/install/moveit_setup_assistant/lib/moveit_setup_assistant/moveit_setup_assistant" to ""
[23.558s] -- Installing: /home/zx/ws_moveit2/install/moveit_setup_assistant/lib/moveit_setup_assistant/collisions_updater
[23.558s] -- Set runtime path of "/home/zx/ws_moveit2/install/moveit_setup_assistant/lib/moveit_setup_assistant/collisions_updater" to ""
[23.558s] -- Installing: /home/zx/ws_moveit2/install/moveit_setup_assistant/include
[23.558s] -- Installing: /home/zx/ws_moveit2/install/moveit_setup_assistant/include/moveit_setup_assistant
[23.559s] -- Installing: /home/zx/ws_moveit2/install/moveit_setup_assistant/include/moveit_setup_assistant/setup_assistant_widget.hpp
[23.559s] -- Installing: /home/zx/ws_moveit2/install/moveit_setup_assistant/include/moveit_setup_assistant/navigation_widget.hpp
[23.559s] -- Installing: /home/zx/ws_moveit2/install/moveit_setup_assistant/share/moveit_setup_assistant/launch
[23.559s] -- Installing: /home/zx/ws_moveit2/install/moveit_setup_assistant/share/moveit_setup_assistant/launch/setup_assistant.launch.py
[23.559s] -- Installing: /home/zx/ws_moveit2/install/moveit_setup_assistant/share/moveit_setup_assistant/resources
[23.559s] -- Installing: /home/zx/ws_moveit2/install/moveit_setup_assistant/share/moveit_setup_assistant/resources/MoveIt_Setup_Assistant2.png
[23.559s] -- Installing: /home/zx/ws_moveit2/install/moveit_setup_assistant/share/moveit_setup_assistant/environment/library_path.sh
[23.559s] -- Installing: /home/zx/ws_moveit2/install/moveit_setup_assistant/share/moveit_setup_assistant/environment/library_path.dsv
[23.559s] -- Installing: /home/zx/ws_moveit2/install/moveit_setup_assistant/share/ament_index/resource_index/package_run_dependencies/moveit_setup_assistant
[23.559s] -- Installing: /home/zx/ws_moveit2/install/moveit_setup_assistant/share/ament_index/resource_index/parent_prefix_path/moveit_setup_assistant
[23.560s] -- Installing: /home/zx/ws_moveit2/install/moveit_setup_assistant/share/moveit_setup_assistant/environment/ament_prefix_path.sh
[23.560s] -- Installing: /home/zx/ws_moveit2/install/moveit_setup_assistant/share/moveit_setup_assistant/environment/ament_prefix_path.dsv
[23.560s] -- Installing: /home/zx/ws_moveit2/install/moveit_setup_assistant/share/moveit_setup_assistant/environment/path.sh
[23.560s] -- Installing: /home/zx/ws_moveit2/install/moveit_setup_assistant/share/moveit_setup_assistant/environment/path.dsv
[23.560s] -- Installing: /home/zx/ws_moveit2/install/moveit_setup_assistant/share/moveit_setup_assistant/local_setup.bash
[23.560s] -- Installing: /home/zx/ws_moveit2/install/moveit_setup_assistant/share/moveit_setup_assistant/local_setup.sh
[23.560s] -- Installing: /home/zx/ws_moveit2/install/moveit_setup_assistant/share/moveit_setup_assistant/local_setup.zsh
[23.560s] -- Installing: /home/zx/ws_moveit2/install/moveit_setup_assistant/share/moveit_setup_assistant/local_setup.dsv
[23.560s] -- Installing: /home/zx/ws_moveit2/install/moveit_setup_assistant/share/moveit_setup_assistant/package.dsv
[23.560s] -- Installing: /home/zx/ws_moveit2/install/moveit_setup_assistant/share/ament_index/resource_index/packages/moveit_setup_assistant
[23.560s] -- Installing: /home/zx/ws_moveit2/install/moveit_setup_assistant/share/moveit_setup_assistant/cmake/moveit_setup_assistantTargetsExport.cmake
[23.560s] -- Installing: /home/zx/ws_moveit2/install/moveit_setup_assistant/share/moveit_setup_assistant/cmake/moveit_setup_assistantTargetsExport-release.cmake
[23.560s] -- Installing: /home/zx/ws_moveit2/install/moveit_setup_assistant/share/moveit_setup_assistant/cmake/ament_cmake_export_include_directories-extras.cmake
[23.560s] -- Installing: /home/zx/ws_moveit2/install/moveit_setup_assistant/share/moveit_setup_assistant/cmake/ament_cmake_export_targets-extras.cmake
[23.560s] -- Installing: /home/zx/ws_moveit2/install/moveit_setup_assistant/share/moveit_setup_assistant/cmake/ament_cmake_export_dependencies-extras.cmake
[23.560s] -- Installing: /home/zx/ws_moveit2/install/moveit_setup_assistant/share/moveit_setup_assistant/cmake/moveit_setup_assistantConfig.cmake
[23.561s] -- Installing: /home/zx/ws_moveit2/install/moveit_setup_assistant/share/moveit_setup_assistant/cmake/moveit_setup_assistantConfig-version.cmake
[23.561s] -- Installing: /home/zx/ws_moveit2/install/moveit_setup_assistant/share/moveit_setup_assistant/package.xml
[23.563s] Invoked command in '/home/zx/ws_moveit2/build/moveit_setup_assistant' returned '0': AMENT_PREFIX_PATH=/home/zx/ws_moveit2/install/moveit_setup_srdf_plugins:/home/zx/ws_moveit2/install/moveit_setup_core_plugins:/home/zx/ws_moveit2/install/moveit_setup_controllers:/home/zx/ws_moveit2/install/moveit_setup_app_plugins:/home/zx/ws_moveit2/install/moveit_setup_framework:/home/zx/ws_moveit2/install/moveit_ros_visualization:/home/zx/ws_moveit2/install/moveit_ros_planning_interface:/home/zx/ws_moveit2/install/moveit_ros_move_group:/home/zx/ws_moveit2/install/moveit_ros_warehouse:/home/zx/ws_moveit2/install/moveit_ros_robot_interaction:/home/zx/ws_moveit2/install/moveit_kinematics:/home/zx/ws_moveit2/install/moveit_ros_planning:/home/zx/ws_moveit2/install/moveit_ros_occupancy_map_monitor:/home/zx/ws_moveit2/install/moveit_core:/home/zx/ws_moveit2/install/moveit_resources_panda_moveit_config:/home/zx/ws_moveit2/install/moveit_configs_utils:/home/zx/ws_moveit2/install/srdfdom:/home/zx/ws_moveit2/install/moveit_resources_panda_description:/home/zx/ws_moveit2/install/moveit_common:/home/zx/ws_moveit2/install/launch_param_builder:${AMENT_PREFIX_PATH} CMAKE_PREFIX_PATH=/home/zx/ws_moveit2/install/moveit_setup_srdf_plugins:/home/zx/ws_moveit2/install/moveit_setup_core_plugins:/home/zx/ws_moveit2/install/moveit_setup_controllers:/home/zx/ws_moveit2/install/moveit_setup_app_plugins:/home/zx/ws_moveit2/install/moveit_setup_framework:/home/zx/ws_moveit2/install/moveit_ros_visualization:/home/zx/ws_moveit2/install/moveit_ros_planning_interface:/home/zx/ws_moveit2/install/moveit_ros_move_group:/home/zx/ws_moveit2/install/moveit_ros_warehouse:/home/zx/ws_moveit2/install/moveit_ros_robot_interaction:/home/zx/ws_moveit2/install/moveit_kinematics:/home/zx/ws_moveit2/install/moveit_ros_planning:/home/zx/ws_moveit2/install/moveit_ros_occupancy_map_monitor:/home/zx/ws_moveit2/install/moveit_core:/home/zx/ws_moveit2/install/moveit_resources_panda_moveit_config:/home/zx/ws_moveit2/install/srdfdom:/home/zx/ws_moveit2/install/moveit_resources_panda_description:/home/zx/ws_moveit2/install/moveit_common:/opt/ros/humble LD_LIBRARY_PATH=/home/zx/ws_moveit2/install/moveit_setup_srdf_plugins/lib:/home/zx/ws_moveit2/install/moveit_setup_core_plugins/lib:/home/zx/ws_moveit2/install/moveit_setup_controllers/lib:/home/zx/ws_moveit2/install/moveit_setup_app_plugins/lib:/home/zx/ws_moveit2/install/moveit_setup_framework/lib:/home/zx/ws_moveit2/install/moveit_ros_visualization/lib:/home/zx/ws_moveit2/install/moveit_ros_planning_interface/lib:/home/zx/ws_moveit2/install/moveit_ros_move_group/lib:/home/zx/ws_moveit2/install/moveit_ros_warehouse/lib:/home/zx/ws_moveit2/install/moveit_ros_robot_interaction/lib:/home/zx/ws_moveit2/install/moveit_kinematics/lib:/home/zx/ws_moveit2/install/moveit_ros_planning/lib:/home/zx/ws_moveit2/install/moveit_ros_occupancy_map_monitor/lib:/home/zx/ws_moveit2/install/moveit_core/lib:/home/zx/ws_moveit2/install/srdfdom/lib:${LD_LIBRARY_PATH} PATH=/home/zx/ws_moveit2/install/moveit_core/bin:${PATH} PYTHONPATH=/home/zx/ws_moveit2/install/moveit_configs_utils/lib/python3.10/site-packages:/home/zx/ws_moveit2/install/srdfdom/local/lib/python3.10/dist-packages:/home/zx/ws_moveit2/install/launch_param_builder/lib/python3.10/site-packages:${PYTHONPATH} /usr/bin/cmake --install /home/zx/ws_moveit2/build/moveit_setup_assistant
