[0.863s] Invoking command in '/home/zx/ws_moveit2/src/tihu_2': PYTHONPATH=/home/zx/ws_moveit2/build/tihu_2/prefix_override:/home/zx/ws_moveit2/install/tihu_2/lib/python3.10/site-packages:${PYTHONPATH} /usr/bin/python3 setup.py egg_info --egg-base ../../build/tihu_2 build --build-base /home/zx/ws_moveit2/build/tihu_2/build install --record /home/zx/ws_moveit2/build/tihu_2/install.log --single-version-externally-managed
[1.094s] running egg_info
[1.094s] writing ../../build/tihu_2/tihu_2.egg-info/PKG-INFO
[1.094s] writing dependency_links to ../../build/tihu_2/tihu_2.egg-info/dependency_links.txt
[1.094s] writing entry points to ../../build/tihu_2/tihu_2.egg-info/entry_points.txt
[1.094s] writing requirements to ../../build/tihu_2/tihu_2.egg-info/requires.txt
[1.095s] writing top-level names to ../../build/tihu_2/tihu_2.egg-info/top_level.txt
[1.097s] reading manifest file '../../build/tihu_2/tihu_2.egg-info/SOURCES.txt'
[1.099s] writing manifest file '../../build/tihu_2/tihu_2.egg-info/SOURCES.txt'
[1.099s] running build
[1.099s] running build_py
[1.100s] running install
[1.101s] running install_lib
[1.102s] running install_data
[1.104s] running install_egg_info
[1.107s] removing '/home/zx/ws_moveit2/install/tihu_2/lib/python3.10/site-packages/tihu_2-0.0.0-py3.10.egg-info' (and everything under it)
[1.107s] Copying ../../build/tihu_2/tihu_2.egg-info to /home/zx/ws_moveit2/install/tihu_2/lib/python3.10/site-packages/tihu_2-0.0.0-py3.10.egg-info
[1.108s] running install_scripts
[1.135s] writing list of installed files to '/home/zx/ws_moveit2/build/tihu_2/install.log'
[1.169s] Invoked command in '/home/zx/ws_moveit2/src/tihu_2' returned '0': PYTHONPATH=/home/zx/ws_moveit2/build/tihu_2/prefix_override:/home/zx/ws_moveit2/install/tihu_2/lib/python3.10/site-packages:${PYTHONPATH} /usr/bin/python3 setup.py egg_info --egg-base ../../build/tihu_2 build --build-base /home/zx/ws_moveit2/build/tihu_2/build install --record /home/zx/ws_moveit2/build/tihu_2/install.log --single-version-externally-managed
