[0.210s] Invoking command in '/home/zx/ws_moveit2/build/serial': CMAKE_PREFIX_PATH=${CMAKE_PREFIX_PATH}:/home/zx/ws_moveit2/install/tihu_2:/home/zx/ws_moveit2/install/moveit_configs_utils:/home/zx/ws_moveit2/install/launch_param_builder:/opt/ros/humble /usr/bin/cmake /home/zx/ws_moveit2/serial -DCMAKE_BUILD_TYPE=Release -DCMAKE_INSTALL_PREFIX=/home/zx/ws_moveit2/install/serial
[0.574s] -- The C compiler identification is GNU 11.4.0
[0.574s] -- The CXX compiler identification is GNU 11.4.0
[0.574s] -- Detecting C compiler ABI info
[0.575s] -- Detecting C compiler ABI info - done
[0.575s] -- Check for working C compiler: /usr/bin/cc - skipped
[0.575s] -- Detecting C compile features
[0.575s] -- Detecting C compile features - done
[0.575s] -- Detecting CXX compiler ABI info
[0.687s] -- Detecting CXX compiler ABI info - done
[0.698s] -- Check for working CXX compiler: /usr/bin/c++ - skipped
[0.699s] -- Detecting CXX compile features
[0.699s] -- Detecting CXX compile features - done
[0.704s] -- Found ament_cmake: 1.3.5 (/opt/ros/humble/share/ament_cmake/cmake)
[1.003s] -- Found Python3: /usr/bin/python3.10 (found version "3.10.12") found components: Interpreter 
[1.220s] -- Configuring done
[1.225s] -- Generating done
[1.226s] -- Build files have been written to: /home/zx/ws_moveit2/build/serial
[1.233s] Invoked command in '/home/zx/ws_moveit2/build/serial' returned '0': CMAKE_PREFIX_PATH=${CMAKE_PREFIX_PATH}:/home/zx/ws_moveit2/install/tihu_2:/home/zx/ws_moveit2/install/moveit_configs_utils:/home/zx/ws_moveit2/install/launch_param_builder:/opt/ros/humble /usr/bin/cmake /home/zx/ws_moveit2/serial -DCMAKE_BUILD_TYPE=Release -DCMAKE_INSTALL_PREFIX=/home/zx/ws_moveit2/install/serial
[1.237s] Invoking command in '/home/zx/ws_moveit2/build/serial': CMAKE_PREFIX_PATH=${CMAKE_PREFIX_PATH}:/home/zx/ws_moveit2/install/tihu_2:/home/zx/ws_moveit2/install/moveit_configs_utils:/home/zx/ws_moveit2/install/launch_param_builder:/opt/ros/humble /usr/bin/cmake --build /home/zx/ws_moveit2/build/serial -- -j12 -l12
[1.335s] [ 25%] [32mBuilding CXX object CMakeFiles/serial.dir/src/serial.cc.o[0m
[1.336s] [ 50%] [32mBuilding CXX object CMakeFiles/serial.dir/src/impl/unix.cc.o[0m
[1.347s] [ 75%] [32mBuilding CXX object CMakeFiles/serial.dir/src/impl/list_ports/list_ports_linux.cc.o[0m
[2.777s] [100%] [32m[1mLinking CXX shared library libserial.so[0m
[2.917s] [100%] Built target serial
[2.934s] Invoked command in '/home/zx/ws_moveit2/build/serial' returned '0': CMAKE_PREFIX_PATH=${CMAKE_PREFIX_PATH}:/home/zx/ws_moveit2/install/tihu_2:/home/zx/ws_moveit2/install/moveit_configs_utils:/home/zx/ws_moveit2/install/launch_param_builder:/opt/ros/humble /usr/bin/cmake --build /home/zx/ws_moveit2/build/serial -- -j12 -l12
[3.017s] Invoking command in '/home/zx/ws_moveit2/build/serial': CMAKE_PREFIX_PATH=${CMAKE_PREFIX_PATH}:/home/zx/ws_moveit2/install/tihu_2:/home/zx/ws_moveit2/install/moveit_configs_utils:/home/zx/ws_moveit2/install/launch_param_builder:/opt/ros/humble /usr/bin/cmake --install /home/zx/ws_moveit2/build/serial
[3.026s] -- Install configuration: "Release"
[3.026s] -- Installing: /home/zx/ws_moveit2/install/serial/share/serial/environment/library_path.sh
[3.026s] -- Installing: /home/zx/ws_moveit2/install/serial/share/serial/environment/library_path.dsv
[3.026s] -- Installing: /home/zx/ws_moveit2/install/serial/lib/libserial.so
[3.027s] -- Installing: /home/zx/ws_moveit2/install/serial/include/serial/serial.h
[3.027s] -- Installing: /home/zx/ws_moveit2/install/serial/include/serial/v8stdint.h
[3.027s] -- Installing: /home/zx/ws_moveit2/install/serial/share/ament_index/resource_index/package_run_dependencies/serial
[3.028s] -- Installing: /home/zx/ws_moveit2/install/serial/share/ament_index/resource_index/parent_prefix_path/serial
[3.028s] -- Installing: /home/zx/ws_moveit2/install/serial/share/serial/environment/ament_prefix_path.sh
[3.028s] -- Installing: /home/zx/ws_moveit2/install/serial/share/serial/environment/ament_prefix_path.dsv
[3.028s] -- Installing: /home/zx/ws_moveit2/install/serial/share/serial/environment/path.sh
[3.028s] -- Installing: /home/zx/ws_moveit2/install/serial/share/serial/environment/path.dsv
[3.028s] -- Installing: /home/zx/ws_moveit2/install/serial/share/serial/local_setup.bash
[3.029s] -- Installing: /home/zx/ws_moveit2/install/serial/share/serial/local_setup.sh
[3.029s] -- Installing: /home/zx/ws_moveit2/install/serial/share/serial/local_setup.zsh
[3.029s] -- Installing: /home/zx/ws_moveit2/install/serial/share/serial/local_setup.dsv
[3.029s] -- Installing: /home/zx/ws_moveit2/install/serial/share/serial/package.dsv
[3.030s] -- Installing: /home/zx/ws_moveit2/install/serial/share/ament_index/resource_index/packages/serial
[3.030s] -- Installing: /home/zx/ws_moveit2/install/serial/share/serial/cmake/ament_cmake_export_include_directories-extras.cmake
[3.031s] -- Installing: /home/zx/ws_moveit2/install/serial/share/serial/cmake/ament_cmake_export_libraries-extras.cmake
[3.031s] -- Installing: /home/zx/ws_moveit2/install/serial/share/serial/cmake/serialConfig.cmake
[3.031s] -- Installing: /home/zx/ws_moveit2/install/serial/share/serial/cmake/serialConfig-version.cmake
[3.031s] -- Installing: /home/zx/ws_moveit2/install/serial/share/serial/package.xml
[3.046s] Invoked command in '/home/zx/ws_moveit2/build/serial' returned '0': CMAKE_PREFIX_PATH=${CMAKE_PREFIX_PATH}:/home/zx/ws_moveit2/install/tihu_2:/home/zx/ws_moveit2/install/moveit_configs_utils:/home/zx/ws_moveit2/install/launch_param_builder:/opt/ros/humble /usr/bin/cmake --install /home/zx/ws_moveit2/build/serial
