[0.017s] Invoking command in '/home/zx/ws_moveit2/build/moveit_planners_ompl': AMENT_PREFIX_PATH=/home/zx/ws_moveit2/install/moveit_ros_planning:/home/zx/ws_moveit2/install/moveit_ros_occupancy_map_monitor:/home/zx/ws_moveit2/install/moveit_core:/home/zx/ws_moveit2/install/moveit_resources_panda_moveit_config:/home/zx/ws_moveit2/install/moveit_resources_fanuc_moveit_config:/home/zx/ws_moveit2/install/srdfdom:/home/zx/ws_moveit2/install/moveit_resources_pr2_description:/home/zx/ws_moveit2/install/moveit_resources_panda_description:/home/zx/ws_moveit2/install/moveit_resources_fanuc_description:/home/zx/ws_moveit2/install/moveit_common:${AMENT_PREFIX_PATH} CMAKE_PREFIX_PATH=/home/zx/ws_moveit2/install/moveit_ros_planning:/home/zx/ws_moveit2/install/moveit_ros_occupancy_map_monitor:/home/zx/ws_moveit2/install/moveit_core:/home/zx/ws_moveit2/install/moveit_resources_panda_moveit_config:/home/zx/ws_moveit2/install/moveit_resources_fanuc_moveit_config:/home/zx/ws_moveit2/install/srdfdom:/home/zx/ws_moveit2/install/moveit_resources_pr2_description:/home/zx/ws_moveit2/install/moveit_resources_panda_description:/home/zx/ws_moveit2/install/moveit_resources_fanuc_description:/home/zx/ws_moveit2/install/moveit_common:/opt/ros/humble LD_LIBRARY_PATH=/home/zx/ws_moveit2/install/moveit_ros_planning/lib:/home/zx/ws_moveit2/install/moveit_ros_occupancy_map_monitor/lib:/home/zx/ws_moveit2/install/moveit_core/lib:/home/zx/ws_moveit2/install/srdfdom/lib:${LD_LIBRARY_PATH} PATH=/home/zx/ws_moveit2/install/moveit_core/bin:${PATH} PYTHONPATH=/home/zx/ws_moveit2/install/srdfdom/local/lib/python3.10/dist-packages:${PYTHONPATH} /usr/bin/cmake /home/zx/ws_moveit2/src/moveit2/moveit_planners/ompl -DCMAKE_BUILD_TYPE=Release -DCMAKE_INSTALL_PREFIX=/home/zx/ws_moveit2/install/moveit_planners_ompl
[0.060s] -- The C compiler identification is GNU 11.4.0
[0.114s] -- The CXX compiler identification is GNU 11.4.0
[0.122s] -- Detecting C compiler ABI info
[0.182s] -- Detecting C compiler ABI info - done
[0.192s] -- Check for working C compiler: /usr/bin/cc - skipped
[0.192s] -- Detecting C compile features
[0.192s] -- Detecting C compile features - done
[0.197s] -- Detecting CXX compiler ABI info
[0.267s] -- Detecting CXX compiler ABI info - done
[0.273s] -- Check for working CXX compiler: /usr/bin/c++ - skipped
[0.273s] -- Detecting CXX compile features
[0.273s] -- Detecting CXX compile features - done
[0.275s] -- Found moveit_common: 2.5.4 (/home/zx/ws_moveit2/install/moveit_common/share/moveit_common/cmake)
[0.277s] -- Found ament_cmake: 1.3.5 (/opt/ros/humble/share/ament_cmake/cmake)
[0.445s] -- Found Python3: /usr/bin/python3.10 (found version "3.10.12") found components: Interpreter 
[0.604s] -- Found libdw: /usr/lib/x86_64-linux-gnu/libdw.so  
[0.609s] -- Could NOT find libbfd (missing: LIBBFD_LIBRARY LIBBFD_INCLUDE_DIR) 
[0.609s] -- BACKWARD_HAS_UNWIND=1
[0.609s] -- BACKWARD_HAS_BACKTRACE=0
[0.609s] -- BACKWARD_HAS_BACKTRACE_SYMBOL=0
[0.609s] -- BACKWARD_HAS_DW=1
[0.609s] -- BACKWARD_HAS_BFD=0
[0.609s] -- Found Backward: /opt/ros/humble/share/backward_ros/cmake  
[0.802s] -- Found Boost: /usr/lib/x86_64-linux-gnu/cmake/Boost-1.74.0/BoostConfig.cmake (found version "1.74.0") found components: system filesystem date_time thread serialization 
[0.804s] -- Found moveit_core: 2.5.4 (/home/zx/ws_moveit2/install/moveit_core/share/moveit_core/cmake)
[0.819s] -- Found Boost: /usr/lib/x86_64-linux-gnu/cmake/Boost-1.74.0/BoostConfig.cmake (found version "1.74.0") found components: chrono date_time filesystem iostreams program_options regex serialization system thread 
[0.833s] -- Found parameter_traits: 0.3.6 (/opt/ros/humble/share/parameter_traits/cmake)
[0.869s] -- Found rosidl_generator_c: 3.1.5 (/opt/ros/humble/share/rosidl_generator_c/cmake)
[0.874s] -- Found rosidl_adapter: 3.1.5 (/opt/ros/humble/share/rosidl_adapter/cmake)
[0.882s] -- Found rosidl_generator_cpp: 3.1.5 (/opt/ros/humble/share/rosidl_generator_cpp/cmake)
[0.894s] -- Using all available rosidl_typesupport_c: rosidl_typesupport_fastrtps_c;rosidl_typesupport_introspection_c
[0.910s] -- Using all available rosidl_typesupport_cpp: rosidl_typesupport_fastrtps_cpp;rosidl_typesupport_introspection_cpp
[0.971s] -- Found rmw_implementation_cmake: 6.1.1 (/opt/ros/humble/share/rmw_implementation_cmake/cmake)
[0.974s] -- Found rmw_fastrtps_cpp: 6.2.3 (/opt/ros/humble/share/rmw_fastrtps_cpp/cmake)
[1.059s] -- Found OpenSSL: /usr/lib/x86_64-linux-gnu/libcrypto.so (found version "3.0.2")  
[1.081s] -- Found FastRTPS: /opt/ros/humble/include  
[1.130s] -- Using RMW implementation 'rmw_fastrtps_cpp' as default
[1.147s] -- Found Threads: TRUE  
[1.384s] -- Found rclcpp_lifecycle: 16.0.5 (/opt/ros/humble/share/rclcpp_lifecycle/cmake)
[1.446s] -- Found Boost: /usr/lib/x86_64-linux-gnu/cmake/Boost-1.74.0/BoostConfig.cmake (found version "1.74.0") found components: filesystem 
[1.598s] -- library: /usr/lib/x86_64-linux-gnu/libcurl.so
[1.843s] -- Found Eigen3: TRUE (found version "3.4.0") 
[1.843s] -- Ensuring Eigen3 include directory is part of orocos-kdl CMake target
[2.725s] -- Found moveit_ros_planning: 2.5.4 (/home/zx/ws_moveit2/install/moveit_ros_planning/share/moveit_ros_planning/cmake)
[2.730s] -- Found Boost: /usr/lib/x86_64-linux-gnu/cmake/Boost-1.74.0/BoostConfig.cmake (found version "1.74.0") found components: system filesystem date_time program_options thread chrono 
[3.108s] -- Found ompl: /opt/ros/humble/include/ompl-1.6;/usr/include;/usr/include/eigen3  
[3.390s] -- Found OpenMP_C: -fopenmp (found version "4.5") 
[3.483s] -- Found OpenMP_CXX: -fopenmp (found version "4.5") 
[3.483s] -- Found OpenMP: TRUE (found version "4.5")  
[3.494s] -- Found ament_cmake_gtest: 1.3.5 (/opt/ros/humble/share/ament_cmake_gtest/cmake)
[3.498s] -- Found gtest sources under '/opt/ros/humble/src/gtest_vendor': C++ tests using 'Google Test' will be built
[3.529s] -- Found ament_lint_auto: 0.12.7 (/opt/ros/humble/share/ament_lint_auto/cmake)
[3.561s] -- Added test 'cppcheck' to perform static code analysis on C / C++ code
[3.561s] -- Configured cppcheck include dirs: /home/zx/ws_moveit2/src/moveit2/moveit_planners/ompl/ompl_interface/include
[3.561s] -- Configured cppcheck exclude dirs and/or files: 
[3.563s] -- Added test 'lint_cmake' to check CMake code style
[3.564s] -- Added test 'xmllint' to check XML markup files
[3.565s] -- Configuring done
[3.706s] -- Generating done
[3.708s] -- Build files have been written to: /home/zx/ws_moveit2/build/moveit_planners_ompl
