[0.015s] Invoking command in '/home/zx/ws_moveit2/build/moveit_ros_planning': CMAKE_PREFIX_PATH=/home/zx/ws_moveit2/install/moveit_ros_occupancy_map_monitor:/home/zx/ws_moveit2/install/moveit_core:/home/zx/ws_moveit2/install/moveit_resources_panda_moveit_config:/home/zx/ws_moveit2/install/srdfdom:/home/zx/ws_moveit2/install/moveit_resources_panda_description:/home/zx/ws_moveit2/install/moveit_common:/home/zx/ws_moveit2/install/pilz_industrial_motion_planner_testutils:/home/zx/ws_moveit2/install/moveit_visual_tools:/home/zx/ws_moveit2/install/moveit_ros_control_interface:/home/zx/ws_moveit2/install/moveit_plugins:/home/zx/ws_moveit2/install/moveit_simple_controller_manager:/home/zx/ws_moveit2/install/moveit_ros_robot_interaction:/home/zx/ws_moveit2/install/moveit_ros_perception:/home/zx/ws_moveit2/install/moveit_ros_planning:/home/zx/ws_moveit2/install/moveit_resources_prbt_ikfast_manipulator_plugin:/home/zx/ws_moveit2/install/moveit_planners_chomp:/home/zx/ws_moveit2/install/moveit_chomp_optimizer_adapter:/home/zx/ws_moveit2/install/chomp_motion_planner:/home/zx/ws_moveit2/install/serial_demo:/home/zx/ws_moveit2/install/serial_can:/home/zx/ws_moveit2/install/serial:/home/zx/ws_moveit2/install/rviz_marker_tools:/home/zx/ws_moveit2/install/rosparam_shortcuts:/home/zx/ws_moveit2/install/moveit_task_constructor_msgs:/home/zx/ws_moveit2/install/moveit_resources_prbt_support:/home/zx/ws_moveit2/install/moveit_resources:/home/zx/ws_moveit2/install/moveit_resources_pr2_description:/home/zx/ws_moveit2/install/moveit_resources_fanuc_moveit_config:/home/zx/ws_moveit2/install/moveit_resources_fanuc_description:/home/zx/ws_moveit2/install/tihu_2:/home/zx/ws_moveit2/install/moveit_configs_utils:/home/zx/ws_moveit2/install/launch_param_builder:/opt/ros/humble LD_LIBRARY_PATH=/home/zx/ws_moveit2/install/moveit_ros_occupancy_map_monitor/lib:/home/zx/ws_moveit2/install/moveit_core/lib:/home/zx/ws_moveit2/install/srdfdom/lib:/home/zx/ws_moveit2/install/pilz_industrial_motion_planner_testutils/lib:/home/zx/ws_moveit2/install/moveit_visual_tools/lib:/home/zx/ws_moveit2/install/moveit_ros_control_interface/lib:/home/zx/ws_moveit2/install/moveit_simple_controller_manager/lib:/home/zx/ws_moveit2/install/moveit_ros_robot_interaction/lib:/home/zx/ws_moveit2/install/moveit_ros_perception/lib:/home/zx/ws_moveit2/install/moveit_ros_planning/lib:/home/zx/ws_moveit2/install/moveit_resources_prbt_ikfast_manipulator_plugin/lib:/home/zx/ws_moveit2/install/moveit_planners_chomp/lib:/home/zx/ws_moveit2/install/moveit_chomp_optimizer_adapter/lib:/home/zx/ws_moveit2/install/chomp_motion_planner/lib:/home/zx/ws_moveit2/install/serial_can/lib:/home/zx/ws_moveit2/install/serial/lib:/home/zx/ws_moveit2/install/rviz_marker_tools/lib:/home/zx/ws_moveit2/install/rosparam_shortcuts/lib:/home/zx/ws_moveit2/install/moveit_task_constructor_msgs/lib:/opt/ros/humble/opt/rviz_ogre_vendor/lib:/opt/ros/humble/lib/x86_64-linux-gnu:/opt/ros/humble/lib /usr/bin/cmake /home/zx/ws_moveit2/src/moveit2/moveit_ros/planning -DCMAKE_INSTALL_PREFIX=/home/zx/ws_moveit2/install/moveit_ros_planning
[0.060s] -- The C compiler identification is GNU 11.4.0
[0.104s] -- The CXX compiler identification is GNU 11.4.0
[0.110s] -- Detecting C compiler ABI info
[0.167s] -- Detecting C compiler ABI info - done
[0.172s] -- Check for working C compiler: /usr/bin/cc - skipped
[0.172s] -- Detecting C compile features
[0.172s] -- Detecting C compile features - done
[0.174s] -- Detecting CXX compiler ABI info
[0.240s] -- Detecting CXX compiler ABI info - done
[0.245s] -- Check for working CXX compiler: /usr/bin/c++ - skipped
[0.245s] -- Detecting CXX compile features
[0.245s] -- Detecting CXX compile features - done
[0.246s] -- Found moveit_common: 2.5.4 (/home/zx/ws_moveit2/install/moveit_common/share/moveit_common/cmake)
[0.249s] -- Found ament_cmake: 1.3.5 (/opt/ros/humble/share/ament_cmake/cmake)
[0.413s] -- Found Python3: /usr/bin/python3.10 (found version "3.10.12") found components: Interpreter 
[0.559s] -- Found libdw: /usr/lib/x86_64-linux-gnu/libdw.so  
[0.564s] -- Could NOT find libbfd (missing: LIBBFD_LIBRARY LIBBFD_INCLUDE_DIR) 
[0.564s] -- BACKWARD_HAS_UNWIND=1
[0.564s] -- BACKWARD_HAS_BACKTRACE=0
[0.564s] -- BACKWARD_HAS_BACKTRACE_SYMBOL=0
[0.564s] -- BACKWARD_HAS_DW=1
[0.564s] -- BACKWARD_HAS_BFD=0
[0.565s] -- Found Backward: /opt/ros/humble/share/backward_ros/cmake  
[0.565s] [0mmoveit_ros_planning: You did not request a specific build type: Choosing 'Release' for maximum performance[0m
[0.568s] -- Found moveit_msgs: 2.2.1 (/opt/ros/humble/share/moveit_msgs/cmake)
[0.607s] -- Found rosidl_generator_c: 3.1.5 (/opt/ros/humble/share/rosidl_generator_c/cmake)
[0.614s] -- Found rosidl_adapter: 3.1.5 (/opt/ros/humble/share/rosidl_adapter/cmake)
[0.623s] -- Found rosidl_generator_cpp: 3.1.5 (/opt/ros/humble/share/rosidl_generator_cpp/cmake)
[0.637s] -- Using all available rosidl_typesupport_c: rosidl_typesupport_fastrtps_c;rosidl_typesupport_introspection_c
[0.656s] -- Using all available rosidl_typesupport_cpp: rosidl_typesupport_fastrtps_cpp;rosidl_typesupport_introspection_cpp
[1.274s] -- Found pluginlib: 5.1.0 (/opt/ros/humble/share/pluginlib/cmake)
[1.307s] -- Found rclcpp: 16.0.5 (/opt/ros/humble/share/rclcpp/cmake)
[1.366s] -- Found rmw_implementation_cmake: 6.1.1 (/opt/ros/humble/share/rmw_implementation_cmake/cmake)
[1.370s] -- Found rmw_fastrtps_cpp: 6.2.3 (/opt/ros/humble/share/rmw_fastrtps_cpp/cmake)
[1.468s] -- Found OpenSSL: /usr/lib/x86_64-linux-gnu/libcrypto.so (found version "3.0.2")  
[1.492s] -- Found FastRTPS: /opt/ros/humble/include  
[1.538s] -- Using RMW implementation 'rmw_fastrtps_cpp' as default
[1.551s] -- Looking for pthread.h
[1.635s] -- Looking for pthread.h - found
[1.636s] -- Performing Test CMAKE_HAVE_LIBC_PTHREAD
[1.721s] -- Performing Test CMAKE_HAVE_LIBC_PTHREAD - Success
[1.722s] -- Found Threads: TRUE  
[1.823s] -- Found message_filters: 4.3.3 (/opt/ros/humble/share/message_filters/cmake)
[1.828s] -- Found srdfdom: 2.0.4 (/home/zx/ws_moveit2/install/srdfdom/share/srdfdom/cmake)
[1.847s] -- Found tf2: 0.25.3 (/opt/ros/humble/share/tf2/cmake)
[1.856s] -- Found tf2_geometry_msgs: 0.25.3 (/opt/ros/humble/share/tf2_geometry_msgs/cmake)
[1.875s] -- Found eigen3_cmake_module: 0.1.1 (/opt/ros/humble/share/eigen3_cmake_module/cmake)
[1.876s] -- Found Eigen3: TRUE (found version "3.4.0") 
[1.876s] -- Ensuring Eigen3 include directory is part of orocos-kdl CMake target
[2.103s] -- Found tf2_eigen: 0.25.3 (/opt/ros/humble/share/tf2_eigen/cmake)
[2.108s] -- Found moveit_core: 2.5.4 (/home/zx/ws_moveit2/install/moveit_core/share/moveit_core/cmake)
[2.154s] -- Found Boost: /usr/lib/x86_64-linux-gnu/cmake/Boost-1.74.0/BoostConfig.cmake (found version "1.74.0") found components: chrono date_time filesystem iostreams program_options regex serialization system thread 
[2.171s] -- Found parameter_traits: 0.3.6 (/opt/ros/humble/share/parameter_traits/cmake)
[2.193s] -- Found rclcpp_lifecycle: 16.0.5 (/opt/ros/humble/share/rclcpp_lifecycle/cmake)
[2.236s] -- Found Boost: /usr/lib/x86_64-linux-gnu/cmake/Boost-1.74.0/BoostConfig.cmake (found version "1.74.0") found components: filesystem 
[2.326s] -- library: /usr/lib/x86_64-linux-gnu/libcurl.so
[2.622s] -- Found moveit_ros_occupancy_map_monitor: 2.5.4 (/home/zx/ws_moveit2/install/moveit_ros_occupancy_map_monitor/share/moveit_ros_occupancy_map_monitor/cmake)
[2.790s] -- Found Boost: /usr/lib/x86_64-linux-gnu/cmake/Boost-1.74.0/BoostConfig.cmake (found version "1.74.0") found components: system filesystem date_time program_options thread chrono 
[2.835s] -- Performing Test COMPILER_HAS_HIDDEN_VISIBILITY
[2.925s] -- Performing Test COMPILER_HAS_HIDDEN_VISIBILITY - Success
[2.925s] -- Performing Test COMPILER_HAS_HIDDEN_INLINE_VISIBILITY
[3.010s] -- Performing Test COMPILER_HAS_HIDDEN_INLINE_VISIBILITY - Success
[3.010s] -- Performing Test COMPILER_HAS_DEPRECATED_ATTR
[3.094s] -- Performing Test COMPILER_HAS_DEPRECATED_ATTR - Success
[3.131s] -- Found ament_cmake_gtest: 1.3.5 (/opt/ros/humble/share/ament_cmake_gtest/cmake)
[3.134s] -- Found ament_cmake_gmock: 1.3.5 (/opt/ros/humble/share/ament_cmake_gmock/cmake)
[3.137s] -- Found gmock sources under '/opt/ros/humble/src/gmock_vendor': C++ tests using 'Google Mock' will be built
[3.142s] -- Found gtest sources under '/opt/ros/humble/src/gtest_vendor': C++ tests using 'Google Test' will be built
[3.183s] -- Found ament_lint_auto: 0.12.7 (/opt/ros/humble/share/ament_lint_auto/cmake)
[3.204s] -- Found launch_testing_ament_cmake: 1.0.4 (/opt/ros/humble/share/launch_testing_ament_cmake/cmake)
[3.207s] -- Found python_cmake_module: 0.10.0 (/opt/ros/humble/share/python_cmake_module/cmake)
[3.227s] -- Found PythonInterp: /usr/bin/python3 (found suitable version "3.10.12", minimum required is "3.6") 
[3.233s] -- Found PythonLibs: /usr/lib/x86_64-linux-gnu/libpython3.10.so (found suitable version "3.10.12", minimum required is "3.5") 
[3.233s] -- Using PYTHON_EXECUTABLE: /usr/bin/python3
[3.233s] -- Using PYTHON_INCLUDE_DIRS: /usr/include/python3.10
[3.233s] -- Using PYTHON_LIBRARIES: /usr/lib/x86_64-linux-gnu/libpython3.10.so
[3.251s] -- Found PythonExtra: .so  
[3.265s] -- Added test 'cppcheck' to perform static code analysis on C / C++ code
[3.265s] -- Configured cppcheck include dirs: /home/zx/ws_moveit2/src/moveit2/moveit_ros/planning/rdf_loader/include;/home/zx/ws_moveit2/src/moveit2/moveit_ros/planning/kinematics_plugin_loader/include;/home/zx/ws_moveit2/src/moveit2/moveit_ros/planning/robot_model_loader/include;/home/zx/ws_moveit2/src/moveit2/moveit_ros/planning/constraint_sampler_manager_loader/include;/home/zx/ws_moveit2/src/moveit2/moveit_ros/planning/planning_pipeline/include;/home/zx/ws_moveit2/src/moveit2/moveit_ros/planning/planning_scene_monitor/include;/home/zx/ws_moveit2/src/moveit2/moveit_ros/planning/trajectory_execution_manager/include;/home/zx/ws_moveit2/src/moveit2/moveit_ros/planning/plan_execution/include;/home/zx/ws_moveit2/src/moveit2/moveit_ros/planning/collision_plugin_loader/include;/home/zx/ws_moveit2/src/moveit2/moveit_ros/planning/moveit_cpp/include
[3.265s] -- Configured cppcheck exclude dirs and/or files: 
[3.267s] -- Added test 'lint_cmake' to check CMake code style
[3.268s] -- Added test 'pep257' to check Python code against some of the docstring style conventions in PEP 257
[3.270s] -- Added test 'xmllint' to check XML markup files
[3.272s] -- Configuring done
[3.515s] -- Generating done
[3.519s] -- Build files have been written to: /home/zx/ws_moveit2/build/moveit_ros_planning
[3.539s] Invoked command in '/home/zx/ws_moveit2/build/moveit_ros_planning' returned '0': CMAKE_PREFIX_PATH=/home/zx/ws_moveit2/install/moveit_ros_occupancy_map_monitor:/home/zx/ws_moveit2/install/moveit_core:/home/zx/ws_moveit2/install/moveit_resources_panda_moveit_config:/home/zx/ws_moveit2/install/srdfdom:/home/zx/ws_moveit2/install/moveit_resources_panda_description:/home/zx/ws_moveit2/install/moveit_common:/home/zx/ws_moveit2/install/pilz_industrial_motion_planner_testutils:/home/zx/ws_moveit2/install/moveit_visual_tools:/home/zx/ws_moveit2/install/moveit_ros_control_interface:/home/zx/ws_moveit2/install/moveit_plugins:/home/zx/ws_moveit2/install/moveit_simple_controller_manager:/home/zx/ws_moveit2/install/moveit_ros_robot_interaction:/home/zx/ws_moveit2/install/moveit_ros_perception:/home/zx/ws_moveit2/install/moveit_ros_planning:/home/zx/ws_moveit2/install/moveit_resources_prbt_ikfast_manipulator_plugin:/home/zx/ws_moveit2/install/moveit_planners_chomp:/home/zx/ws_moveit2/install/moveit_chomp_optimizer_adapter:/home/zx/ws_moveit2/install/chomp_motion_planner:/home/zx/ws_moveit2/install/serial_demo:/home/zx/ws_moveit2/install/serial_can:/home/zx/ws_moveit2/install/serial:/home/zx/ws_moveit2/install/rviz_marker_tools:/home/zx/ws_moveit2/install/rosparam_shortcuts:/home/zx/ws_moveit2/install/moveit_task_constructor_msgs:/home/zx/ws_moveit2/install/moveit_resources_prbt_support:/home/zx/ws_moveit2/install/moveit_resources:/home/zx/ws_moveit2/install/moveit_resources_pr2_description:/home/zx/ws_moveit2/install/moveit_resources_fanuc_moveit_config:/home/zx/ws_moveit2/install/moveit_resources_fanuc_description:/home/zx/ws_moveit2/install/tihu_2:/home/zx/ws_moveit2/install/moveit_configs_utils:/home/zx/ws_moveit2/install/launch_param_builder:/opt/ros/humble LD_LIBRARY_PATH=/home/zx/ws_moveit2/install/moveit_ros_occupancy_map_monitor/lib:/home/zx/ws_moveit2/install/moveit_core/lib:/home/zx/ws_moveit2/install/srdfdom/lib:/home/zx/ws_moveit2/install/pilz_industrial_motion_planner_testutils/lib:/home/zx/ws_moveit2/install/moveit_visual_tools/lib:/home/zx/ws_moveit2/install/moveit_ros_control_interface/lib:/home/zx/ws_moveit2/install/moveit_simple_controller_manager/lib:/home/zx/ws_moveit2/install/moveit_ros_robot_interaction/lib:/home/zx/ws_moveit2/install/moveit_ros_perception/lib:/home/zx/ws_moveit2/install/moveit_ros_planning/lib:/home/zx/ws_moveit2/install/moveit_resources_prbt_ikfast_manipulator_plugin/lib:/home/zx/ws_moveit2/install/moveit_planners_chomp/lib:/home/zx/ws_moveit2/install/moveit_chomp_optimizer_adapter/lib:/home/zx/ws_moveit2/install/chomp_motion_planner/lib:/home/zx/ws_moveit2/install/serial_can/lib:/home/zx/ws_moveit2/install/serial/lib:/home/zx/ws_moveit2/install/rviz_marker_tools/lib:/home/zx/ws_moveit2/install/rosparam_shortcuts/lib:/home/zx/ws_moveit2/install/moveit_task_constructor_msgs/lib:/opt/ros/humble/opt/rviz_ogre_vendor/lib:/opt/ros/humble/lib/x86_64-linux-gnu:/opt/ros/humble/lib /usr/bin/cmake /home/zx/ws_moveit2/src/moveit2/moveit_ros/planning -DCMAKE_INSTALL_PREFIX=/home/zx/ws_moveit2/install/moveit_ros_planning
[3.539s] Invoking command in '/home/zx/ws_moveit2/build/moveit_ros_planning': CMAKE_PREFIX_PATH=/home/zx/ws_moveit2/install/moveit_ros_occupancy_map_monitor:/home/zx/ws_moveit2/install/moveit_core:/home/zx/ws_moveit2/install/moveit_resources_panda_moveit_config:/home/zx/ws_moveit2/install/srdfdom:/home/zx/ws_moveit2/install/moveit_resources_panda_description:/home/zx/ws_moveit2/install/moveit_common:/home/zx/ws_moveit2/install/pilz_industrial_motion_planner_testutils:/home/zx/ws_moveit2/install/moveit_visual_tools:/home/zx/ws_moveit2/install/moveit_ros_control_interface:/home/zx/ws_moveit2/install/moveit_plugins:/home/zx/ws_moveit2/install/moveit_simple_controller_manager:/home/zx/ws_moveit2/install/moveit_ros_robot_interaction:/home/zx/ws_moveit2/install/moveit_ros_perception:/home/zx/ws_moveit2/install/moveit_ros_planning:/home/zx/ws_moveit2/install/moveit_resources_prbt_ikfast_manipulator_plugin:/home/zx/ws_moveit2/install/moveit_planners_chomp:/home/zx/ws_moveit2/install/moveit_chomp_optimizer_adapter:/home/zx/ws_moveit2/install/chomp_motion_planner:/home/zx/ws_moveit2/install/serial_demo:/home/zx/ws_moveit2/install/serial_can:/home/zx/ws_moveit2/install/serial:/home/zx/ws_moveit2/install/rviz_marker_tools:/home/zx/ws_moveit2/install/rosparam_shortcuts:/home/zx/ws_moveit2/install/moveit_task_constructor_msgs:/home/zx/ws_moveit2/install/moveit_resources_prbt_support:/home/zx/ws_moveit2/install/moveit_resources:/home/zx/ws_moveit2/install/moveit_resources_pr2_description:/home/zx/ws_moveit2/install/moveit_resources_fanuc_moveit_config:/home/zx/ws_moveit2/install/moveit_resources_fanuc_description:/home/zx/ws_moveit2/install/tihu_2:/home/zx/ws_moveit2/install/moveit_configs_utils:/home/zx/ws_moveit2/install/launch_param_builder:/opt/ros/humble LD_LIBRARY_PATH=/home/zx/ws_moveit2/install/moveit_ros_occupancy_map_monitor/lib:/home/zx/ws_moveit2/install/moveit_core/lib:/home/zx/ws_moveit2/install/srdfdom/lib:/home/zx/ws_moveit2/install/pilz_industrial_motion_planner_testutils/lib:/home/zx/ws_moveit2/install/moveit_visual_tools/lib:/home/zx/ws_moveit2/install/moveit_ros_control_interface/lib:/home/zx/ws_moveit2/install/moveit_simple_controller_manager/lib:/home/zx/ws_moveit2/install/moveit_ros_robot_interaction/lib:/home/zx/ws_moveit2/install/moveit_ros_perception/lib:/home/zx/ws_moveit2/install/moveit_ros_planning/lib:/home/zx/ws_moveit2/install/moveit_resources_prbt_ikfast_manipulator_plugin/lib:/home/zx/ws_moveit2/install/moveit_planners_chomp/lib:/home/zx/ws_moveit2/install/moveit_chomp_optimizer_adapter/lib:/home/zx/ws_moveit2/install/chomp_motion_planner/lib:/home/zx/ws_moveit2/install/serial_can/lib:/home/zx/ws_moveit2/install/serial/lib:/home/zx/ws_moveit2/install/rviz_marker_tools/lib:/home/zx/ws_moveit2/install/rosparam_shortcuts/lib:/home/zx/ws_moveit2/install/moveit_task_constructor_msgs/lib:/opt/ros/humble/opt/rviz_ogre_vendor/lib:/opt/ros/humble/lib/x86_64-linux-gnu:/opt/ros/humble/lib /usr/bin/cmake --build /home/zx/ws_moveit2/build/moveit_ros_planning -- -j12 -l12
[3.583s] [  1%] [32mBuilding CXX object rdf_loader/CMakeFiles/moveit_rdf_loader.dir/src/rdf_loader.cpp.o[0m
[7.014s] [  3%] [32mBuilding CXX object rdf_loader/CMakeFiles/moveit_rdf_loader.dir/src/synchronized_string_parameter.cpp.o[0m
[16.392s] [  4%] [32m[1mLinking CXX shared library libmoveit_rdf_loader.so[0m
[16.562s] [  4%] Built target moveit_rdf_loader
[16.579s] [  9%] [32mBuilding CXX object planning_request_adapter_plugins/CMakeFiles/moveit_list_request_adapter_plugins.dir/src/list.cpp.o[0m
[16.580s] [  9%] [32mBuilding CXX object gmock/CMakeFiles/gmock.dir/opt/ros/humble/src/gtest_vendor/src/gtest-all.cc.o[0m
[16.580s] [  9%] [32mBuilding CXX object gmock/CMakeFiles/gmock.dir/src/gmock-all.cc.o[0m
[16.580s] [ 12%] [32mBuilding CXX object gmock/CMakeFiles/gmock_main.dir/src/gmock_main.cc.o[0m
[16.580s] [ 12%] [32mBuilding CXX object planning_request_adapter_plugins/CMakeFiles/moveit_default_planning_request_adapter_plugins.dir/src/fix_start_state_path_constraints.cpp.o[0m
[16.582s] [ 14%] [32mBuilding CXX object planning_request_adapter_plugins/CMakeFiles/moveit_default_planning_request_adapter_plugins.dir/src/empty.cpp.o[0m
[16.582s] [ 16%] [32mBuilding CXX object planning_request_adapter_plugins/CMakeFiles/moveit_default_planning_request_adapter_plugins.dir/src/fix_start_state_bounds.cpp.o[0m
[16.583s] [ 17%] [32mBuilding CXX object planning_request_adapter_plugins/CMakeFiles/moveit_default_planning_request_adapter_plugins.dir/src/fix_start_state_collision.cpp.o[0m
[18.154s] [ 19%] [32m[1mLinking CXX static library libgmock_main.a[0m
[18.206s] [ 19%] Built target gmock_main
[18.221s] [ 20%] [32mBuilding CXX object planning_request_adapter_plugins/CMakeFiles/moveit_default_planning_request_adapter_plugins.dir/src/fix_workspace_bounds.cpp.o[0m
[18.242s] [ 22%] [32mBuilding CXX object kinematics_plugin_loader/CMakeFiles/moveit_kinematics_plugin_loader.dir/src/kinematics_plugin_loader.cpp.o[0m
[18.243s] [ 24%] [32mBuilding CXX object planning_pipeline/CMakeFiles/moveit_planning_pipeline.dir/src/planning_pipeline.cpp.o[0m
[18.243s] [ 25%] [32mBuilding CXX object constraint_sampler_manager_loader/CMakeFiles/moveit_constraint_sampler_manager_loader.dir/src/constraint_sampler_manager_loader.cpp.o[0m
[26.224s] [ 27%] [32m[1mLinking CXX static library libgmock.a[0m
[26.269s] [ 27%] Built target gmock
[29.722s] [ 29%] [32mBuilding CXX object planning_request_adapter_plugins/CMakeFiles/moveit_default_planning_request_adapter_plugins.dir/src/resolve_constraint_frames.cpp.o[0m
[30.859s] [ 30%] [32m[1mLinking CXX shared library libmoveit_constraint_sampler_manager_loader.so[0m
[30.883s] [ 32%] [32m[1mLinking CXX executable moveit_list_request_adapter_plugins[0m
[31.085s] [ 32%] Built target moveit_constraint_sampler_manager_loader
[31.102s] [ 32%] Built target moveit_list_request_adapter_plugins
[32.689s] [ 33%] [32m[1mLinking CXX shared library libmoveit_kinematics_plugin_loader.so[0m
[32.847s] [ 33%] Built target moveit_kinematics_plugin_loader
[34.986s] [ 38%] [32mBuilding CXX object planning_request_adapter_plugins/CMakeFiles/moveit_default_planning_request_adapter_plugins.dir/src/add_iterative_spline_parameterization.cpp.o[0m
[34.987s] [ 38%] [32mBuilding CXX object planning_request_adapter_plugins/CMakeFiles/moveit_default_planning_request_adapter_plugins.dir/src/add_time_optimal_parameterization.cpp.o[0m
[34.987s] [ 38%] [32mBuilding CXX object planning_request_adapter_plugins/CMakeFiles/moveit_default_planning_request_adapter_plugins.dir/src/add_ruckig_traj_smoothing.cpp.o[0m
[36.885s] [ 40%] [32m[1mLinking CXX shared library libmoveit_planning_pipeline.so[0m
[37.077s] [ 40%] Built target moveit_planning_pipeline
[37.098s] [ 41%] [32mBuilding CXX object collision_plugin_loader/CMakeFiles/moveit_collision_plugin_loader.dir/src/collision_plugin_loader.cpp.o[0m
[37.100s] [ 43%] [32mBuilding CXX object robot_model_loader/CMakeFiles/moveit_robot_model_loader.dir/src/robot_model_loader.cpp.o[0m
[40.275s] [ 45%] [32mBuilding CXX object planning_request_adapter_plugins/CMakeFiles/moveit_default_planning_request_adapter_plugins.dir/src/add_time_parameterization.cpp.o[0m
[42.524s] [ 46%] [32m[1mLinking CXX shared library libmoveit_collision_plugin_loader.so[0m
[42.653s] [ 46%] Built target moveit_collision_plugin_loader
[43.040s] [ 48%] [32m[1mLinking CXX shared library libmoveit_robot_model_loader.so[0m
[43.175s] [ 48%] Built target moveit_robot_model_loader
[43.195s] [ 56%] [32mBuilding CXX object planning_components_tools/CMakeFiles/moveit_print_planning_model_info.dir/src/print_planning_model_info.cpp.o[0m
[43.195s] [ 56%] [32mBuilding CXX object planning_scene_monitor/CMakeFiles/moveit_planning_scene_monitor.dir/src/current_state_monitor_middleware_handle.cpp.o[0m
[43.195s] [ 56%] [32mBuilding CXX object planning_scene_monitor/CMakeFiles/moveit_planning_scene_monitor.dir/src/current_state_monitor.cpp.o[0m
[43.195s] [ 56%] [32mBuilding CXX object planning_scene_monitor/CMakeFiles/moveit_planning_scene_monitor.dir/src/trajectory_monitor.cpp.o[0m
[43.195s] [ 56%] [32mBuilding CXX object planning_scene_monitor/CMakeFiles/moveit_planning_scene_monitor.dir/src/planning_scene_monitor.cpp.o[0m
[45.774s] [ 58%] [32m[1mLinking CXX shared library libmoveit_default_planning_request_adapter_plugins.so[0m
[45.971s] [ 58%] Built target moveit_default_planning_request_adapter_plugins
[49.232s] [ 59%] [32m[1mLinking CXX executable moveit_print_planning_model_info[0m
[49.450s] [ 59%] Built target moveit_print_planning_model_info
[57.735s] [ 61%] [32mBuilding CXX object planning_scene_monitor/CMakeFiles/moveit_planning_scene_monitor.dir/src/trajectory_monitor_middleware_handle.cpp.o[0m
[66.685s] [ 62%] [32m[1mLinking CXX shared library libmoveit_planning_scene_monitor.so[0m
[66.963s] [ 62%] Built target moveit_planning_scene_monitor
[66.983s] [ 66%] [32mBuilding CXX object planning_scene_monitor/CMakeFiles/trajectory_monitor_tests.dir/test/trajectory_monitor_tests.cpp.o[0m
[66.983s] [ 66%] [32mBuilding CXX object planning_components_tools/CMakeFiles/moveit_evaluate_collision_checking_speed.dir/src/evaluate_collision_checking_speed.cpp.o[0m
[66.983s] [ 67%] [32mBuilding CXX object planning_components_tools/CMakeFiles/moveit_print_planning_scene_info.dir/src/print_planning_scene_info.cpp.o[0m
[66.983s] [ 69%] [32mBuilding CXX object planning_scene_monitor/CMakeFiles/demo_scene.dir/demos/demo_scene.cpp.o[0m
[66.985s] [ 70%] [32mBuilding CXX object planning_components_tools/CMakeFiles/moveit_publish_scene_from_text.dir/src/publish_scene_from_text.cpp.o[0m
[66.986s] [ 72%] [32mBuilding CXX object planning_scene_monitor/CMakeFiles/current_state_monitor_tests.dir/test/current_state_monitor_tests.cpp.o[0m
[66.986s] [ 74%] [32mBuilding CXX object planning_components_tools/CMakeFiles/moveit_display_random_state.dir/src/display_random_state.cpp.o[0m
[66.987s] [ 75%] [32mBuilding CXX object planning_components_tools/CMakeFiles/moveit_visualize_robot_collision_volume.dir/src/visualize_robot_collision_volume.cpp.o[0m
[76.059s] [ 77%] [32m[1mLinking CXX executable moveit_print_planning_scene_info[0m
[76.409s] [ 77%] Built target moveit_print_planning_scene_info
[76.435s] [ 79%] [32mBuilding CXX object trajectory_execution_manager/CMakeFiles/moveit_trajectory_execution_manager.dir/src/trajectory_execution_manager.cpp.o[0m
[78.223s] [ 80%] [32m[1mLinking CXX executable current_state_monitor_tests[0m
[78.649s] [ 80%] Built target current_state_monitor_tests
[79.978s] [ 82%] [32m[1mLinking CXX executable moveit_visualize_robot_collision_volume[0m
[80.265s] [ 83%] [32m[1mLinking CXX executable trajectory_monitor_tests[0m
[80.298s] [ 85%] [32m[1mLinking CXX executable demo_scene[0m
[80.344s] [ 85%] Built target moveit_visualize_robot_collision_volume
[80.397s] [ 87%] [32m[1mLinking CXX executable moveit_evaluate_collision_checking_speed[0m
[80.510s] [ 87%] Built target demo_scene
[80.664s] [ 87%] Built target trajectory_monitor_tests
[80.719s] [ 87%] Built target moveit_evaluate_collision_checking_speed
[82.968s] [ 88%] [32m[1mLinking CXX executable moveit_display_random_state[0m
[83.235s] [ 88%] Built target moveit_display_random_state
[83.352s] [ 90%] [32m[1mLinking CXX executable moveit_publish_scene_from_text[0m
[83.599s] [ 90%] Built target moveit_publish_scene_from_text
[93.025s] [ 91%] [32m[1mLinking CXX shared library libmoveit_trajectory_execution_manager.so[0m
[93.227s] [ 91%] Built target moveit_trajectory_execution_manager
[93.242s] [ 95%] [32mBuilding CXX object moveit_cpp/CMakeFiles/moveit_cpp.dir/src/moveit_cpp.cpp.o[0m
[93.242s] [ 96%] [32mBuilding CXX object moveit_cpp/CMakeFiles/moveit_cpp.dir/src/planning_component.cpp.o[0m
[93.243s] [ 96%] [32mBuilding CXX object plan_execution/CMakeFiles/moveit_plan_execution.dir/src/plan_execution.cpp.o[0m
[100.608s] [ 98%] [32m[1mLinking CXX shared library libmoveit_plan_execution.so[0m
[100.820s] [ 98%] Built target moveit_plan_execution
[103.724s] [100%] [32m[1mLinking CXX shared library libmoveit_cpp.so[0m
[103.921s] [100%] Built target moveit_cpp
[103.929s] Invoked command in '/home/zx/ws_moveit2/build/moveit_ros_planning' returned '0': CMAKE_PREFIX_PATH=/home/zx/ws_moveit2/install/moveit_ros_occupancy_map_monitor:/home/zx/ws_moveit2/install/moveit_core:/home/zx/ws_moveit2/install/moveit_resources_panda_moveit_config:/home/zx/ws_moveit2/install/srdfdom:/home/zx/ws_moveit2/install/moveit_resources_panda_description:/home/zx/ws_moveit2/install/moveit_common:/home/zx/ws_moveit2/install/pilz_industrial_motion_planner_testutils:/home/zx/ws_moveit2/install/moveit_visual_tools:/home/zx/ws_moveit2/install/moveit_ros_control_interface:/home/zx/ws_moveit2/install/moveit_plugins:/home/zx/ws_moveit2/install/moveit_simple_controller_manager:/home/zx/ws_moveit2/install/moveit_ros_robot_interaction:/home/zx/ws_moveit2/install/moveit_ros_perception:/home/zx/ws_moveit2/install/moveit_ros_planning:/home/zx/ws_moveit2/install/moveit_resources_prbt_ikfast_manipulator_plugin:/home/zx/ws_moveit2/install/moveit_planners_chomp:/home/zx/ws_moveit2/install/moveit_chomp_optimizer_adapter:/home/zx/ws_moveit2/install/chomp_motion_planner:/home/zx/ws_moveit2/install/serial_demo:/home/zx/ws_moveit2/install/serial_can:/home/zx/ws_moveit2/install/serial:/home/zx/ws_moveit2/install/rviz_marker_tools:/home/zx/ws_moveit2/install/rosparam_shortcuts:/home/zx/ws_moveit2/install/moveit_task_constructor_msgs:/home/zx/ws_moveit2/install/moveit_resources_prbt_support:/home/zx/ws_moveit2/install/moveit_resources:/home/zx/ws_moveit2/install/moveit_resources_pr2_description:/home/zx/ws_moveit2/install/moveit_resources_fanuc_moveit_config:/home/zx/ws_moveit2/install/moveit_resources_fanuc_description:/home/zx/ws_moveit2/install/tihu_2:/home/zx/ws_moveit2/install/moveit_configs_utils:/home/zx/ws_moveit2/install/launch_param_builder:/opt/ros/humble LD_LIBRARY_PATH=/home/zx/ws_moveit2/install/moveit_ros_occupancy_map_monitor/lib:/home/zx/ws_moveit2/install/moveit_core/lib:/home/zx/ws_moveit2/install/srdfdom/lib:/home/zx/ws_moveit2/install/pilz_industrial_motion_planner_testutils/lib:/home/zx/ws_moveit2/install/moveit_visual_tools/lib:/home/zx/ws_moveit2/install/moveit_ros_control_interface/lib:/home/zx/ws_moveit2/install/moveit_simple_controller_manager/lib:/home/zx/ws_moveit2/install/moveit_ros_robot_interaction/lib:/home/zx/ws_moveit2/install/moveit_ros_perception/lib:/home/zx/ws_moveit2/install/moveit_ros_planning/lib:/home/zx/ws_moveit2/install/moveit_resources_prbt_ikfast_manipulator_plugin/lib:/home/zx/ws_moveit2/install/moveit_planners_chomp/lib:/home/zx/ws_moveit2/install/moveit_chomp_optimizer_adapter/lib:/home/zx/ws_moveit2/install/chomp_motion_planner/lib:/home/zx/ws_moveit2/install/serial_can/lib:/home/zx/ws_moveit2/install/serial/lib:/home/zx/ws_moveit2/install/rviz_marker_tools/lib:/home/zx/ws_moveit2/install/rosparam_shortcuts/lib:/home/zx/ws_moveit2/install/moveit_task_constructor_msgs/lib:/opt/ros/humble/opt/rviz_ogre_vendor/lib:/opt/ros/humble/lib/x86_64-linux-gnu:/opt/ros/humble/lib /usr/bin/cmake --build /home/zx/ws_moveit2/build/moveit_ros_planning -- -j12 -l12
[103.969s] Invoking command in '/home/zx/ws_moveit2/build/moveit_ros_planning': CMAKE_PREFIX_PATH=/home/zx/ws_moveit2/install/moveit_ros_occupancy_map_monitor:/home/zx/ws_moveit2/install/moveit_core:/home/zx/ws_moveit2/install/moveit_resources_panda_moveit_config:/home/zx/ws_moveit2/install/srdfdom:/home/zx/ws_moveit2/install/moveit_resources_panda_description:/home/zx/ws_moveit2/install/moveit_common:/home/zx/ws_moveit2/install/pilz_industrial_motion_planner_testutils:/home/zx/ws_moveit2/install/moveit_visual_tools:/home/zx/ws_moveit2/install/moveit_ros_control_interface:/home/zx/ws_moveit2/install/moveit_plugins:/home/zx/ws_moveit2/install/moveit_simple_controller_manager:/home/zx/ws_moveit2/install/moveit_ros_robot_interaction:/home/zx/ws_moveit2/install/moveit_ros_perception:/home/zx/ws_moveit2/install/moveit_ros_planning:/home/zx/ws_moveit2/install/moveit_resources_prbt_ikfast_manipulator_plugin:/home/zx/ws_moveit2/install/moveit_planners_chomp:/home/zx/ws_moveit2/install/moveit_chomp_optimizer_adapter:/home/zx/ws_moveit2/install/chomp_motion_planner:/home/zx/ws_moveit2/install/serial_demo:/home/zx/ws_moveit2/install/serial_can:/home/zx/ws_moveit2/install/serial:/home/zx/ws_moveit2/install/rviz_marker_tools:/home/zx/ws_moveit2/install/rosparam_shortcuts:/home/zx/ws_moveit2/install/moveit_task_constructor_msgs:/home/zx/ws_moveit2/install/moveit_resources_prbt_support:/home/zx/ws_moveit2/install/moveit_resources:/home/zx/ws_moveit2/install/moveit_resources_pr2_description:/home/zx/ws_moveit2/install/moveit_resources_fanuc_moveit_config:/home/zx/ws_moveit2/install/moveit_resources_fanuc_description:/home/zx/ws_moveit2/install/tihu_2:/home/zx/ws_moveit2/install/moveit_configs_utils:/home/zx/ws_moveit2/install/launch_param_builder:/opt/ros/humble LD_LIBRARY_PATH=/home/zx/ws_moveit2/install/moveit_ros_occupancy_map_monitor/lib:/home/zx/ws_moveit2/install/moveit_core/lib:/home/zx/ws_moveit2/install/srdfdom/lib:/home/zx/ws_moveit2/install/pilz_industrial_motion_planner_testutils/lib:/home/zx/ws_moveit2/install/moveit_visual_tools/lib:/home/zx/ws_moveit2/install/moveit_ros_control_interface/lib:/home/zx/ws_moveit2/install/moveit_simple_controller_manager/lib:/home/zx/ws_moveit2/install/moveit_ros_robot_interaction/lib:/home/zx/ws_moveit2/install/moveit_ros_perception/lib:/home/zx/ws_moveit2/install/moveit_ros_planning/lib:/home/zx/ws_moveit2/install/moveit_resources_prbt_ikfast_manipulator_plugin/lib:/home/zx/ws_moveit2/install/moveit_planners_chomp/lib:/home/zx/ws_moveit2/install/moveit_chomp_optimizer_adapter/lib:/home/zx/ws_moveit2/install/chomp_motion_planner/lib:/home/zx/ws_moveit2/install/serial_can/lib:/home/zx/ws_moveit2/install/serial/lib:/home/zx/ws_moveit2/install/rviz_marker_tools/lib:/home/zx/ws_moveit2/install/rosparam_shortcuts/lib:/home/zx/ws_moveit2/install/moveit_task_constructor_msgs/lib:/opt/ros/humble/opt/rviz_ogre_vendor/lib:/opt/ros/humble/lib/x86_64-linux-gnu:/opt/ros/humble/lib /usr/bin/cmake --install /home/zx/ws_moveit2/build/moveit_ros_planning
[103.974s] -- Install configuration: "Release"
[103.974s] -- Installing: /home/zx/ws_moveit2/install/moveit_ros_planning/include
[103.974s] -- Installing: /home/zx/ws_moveit2/install/moveit_ros_planning/include/moveit
[103.974s] -- Installing: /home/zx/ws_moveit2/install/moveit_ros_planning/include/moveit/rdf_loader
[103.974s] -- Installing: /home/zx/ws_moveit2/install/moveit_ros_planning/include/moveit/rdf_loader/rdf_loader.h
[103.975s] -- Installing: /home/zx/ws_moveit2/install/moveit_ros_planning/include/moveit/rdf_loader/synchronized_string_parameter.h
[103.975s] -- Installing: /home/zx/ws_moveit2/install/moveit_ros_planning/share/moveit_ros_planning/rdf_loader/test/data
[103.975s] -- Installing: /home/zx/ws_moveit2/install/moveit_ros_planning/share/moveit_ros_planning/rdf_loader/test/data/kermit.urdf
[103.975s] -- Installing: /home/zx/ws_moveit2/install/moveit_ros_planning/share/moveit_ros_planning/rdf_loader/test/data/robin.srdf.xacro
[103.975s] -- Installing: /home/zx/ws_moveit2/install/moveit_ros_planning/share/moveit_ros_planning/rdf_loader/test/data/gonzo.urdf
[103.975s] -- Installing: /home/zx/ws_moveit2/install/moveit_ros_planning/share/moveit_ros_planning/rdf_loader/test/data/kermit.srdf
[103.975s] -- Installing: /home/zx/ws_moveit2/install/moveit_ros_planning/share/moveit_ros_planning/rdf_loader/test/data/gonzo.srdf
[103.976s] -- Installing: /home/zx/ws_moveit2/install/moveit_ros_planning/share/moveit_ros_planning/rdf_loader/test/launch
[103.976s] -- Installing: /home/zx/ws_moveit2/install/moveit_ros_planning/share/moveit_ros_planning/rdf_loader/test/launch/test_rdf_integration.test.py
[103.976s] -- Up-to-date: /home/zx/ws_moveit2/install/moveit_ros_planning/include
[103.976s] -- Up-to-date: /home/zx/ws_moveit2/install/moveit_ros_planning/include/moveit
[103.976s] -- Installing: /home/zx/ws_moveit2/install/moveit_ros_planning/include/moveit/collision_plugin_loader
[103.976s] -- Installing: /home/zx/ws_moveit2/install/moveit_ros_planning/include/moveit/collision_plugin_loader/collision_plugin_loader.h
[103.976s] -- Up-to-date: /home/zx/ws_moveit2/install/moveit_ros_planning/include
[103.976s] -- Up-to-date: /home/zx/ws_moveit2/install/moveit_ros_planning/include/moveit
[103.976s] -- Installing: /home/zx/ws_moveit2/install/moveit_ros_planning/include/moveit/kinematics_plugin_loader
[103.976s] -- Installing: /home/zx/ws_moveit2/install/moveit_ros_planning/include/moveit/kinematics_plugin_loader/kinematics_plugin_loader.h
[103.976s] -- Up-to-date: /home/zx/ws_moveit2/install/moveit_ros_planning/include
[103.976s] -- Up-to-date: /home/zx/ws_moveit2/install/moveit_ros_planning/include/moveit
[103.976s] -- Installing: /home/zx/ws_moveit2/install/moveit_ros_planning/include/moveit/robot_model_loader
[103.976s] -- Installing: /home/zx/ws_moveit2/install/moveit_ros_planning/include/moveit/robot_model_loader/robot_model_loader.h
[103.976s] -- Up-to-date: /home/zx/ws_moveit2/install/moveit_ros_planning/include
[103.976s] -- Up-to-date: /home/zx/ws_moveit2/install/moveit_ros_planning/include/moveit
[103.976s] -- Installing: /home/zx/ws_moveit2/install/moveit_ros_planning/include/moveit/constraint_sampler_manager_loader
[103.976s] -- Installing: /home/zx/ws_moveit2/install/moveit_ros_planning/include/moveit/constraint_sampler_manager_loader/constraint_sampler_manager_loader.h
[103.977s] -- Up-to-date: /home/zx/ws_moveit2/install/moveit_ros_planning/include
[103.977s] -- Up-to-date: /home/zx/ws_moveit2/install/moveit_ros_planning/include/moveit
[103.977s] -- Installing: /home/zx/ws_moveit2/install/moveit_ros_planning/include/moveit/planning_pipeline
[103.977s] -- Installing: /home/zx/ws_moveit2/install/moveit_ros_planning/include/moveit/planning_pipeline/planning_pipeline.h
[103.977s] -- Installing: /home/zx/ws_moveit2/install/moveit_ros_planning/include/moveit_planning_pipeline_export.h
[103.977s] -- Installing: /home/zx/ws_moveit2/install/moveit_ros_planning/lib/moveit_ros_planning/moveit_list_request_adapter_plugins
[103.977s] -- Set runtime path of "/home/zx/ws_moveit2/install/moveit_ros_planning/lib/moveit_ros_planning/moveit_list_request_adapter_plugins" to ""
[103.977s] -- Installing: /home/zx/ws_moveit2/install/moveit_ros_planning/lib/moveit_ros_planning/demo_scene
[103.978s] -- Set runtime path of "/home/zx/ws_moveit2/install/moveit_ros_planning/lib/moveit_ros_planning/demo_scene" to ""
[103.978s] -- Up-to-date: /home/zx/ws_moveit2/install/moveit_ros_planning/include
[103.978s] -- Up-to-date: /home/zx/ws_moveit2/install/moveit_ros_planning/include/moveit
[103.978s] -- Installing: /home/zx/ws_moveit2/install/moveit_ros_planning/include/moveit/planning_scene_monitor
[103.978s] -- Installing: /home/zx/ws_moveit2/install/moveit_ros_planning/include/moveit/planning_scene_monitor/trajectory_monitor.h
[103.978s] -- Installing: /home/zx/ws_moveit2/install/moveit_ros_planning/include/moveit/planning_scene_monitor/current_state_monitor.h
[103.978s] -- Installing: /home/zx/ws_moveit2/install/moveit_ros_planning/include/moveit/planning_scene_monitor/current_state_monitor_middleware_handle.hpp
[103.978s] -- Installing: /home/zx/ws_moveit2/install/moveit_ros_planning/include/moveit/planning_scene_monitor/planning_scene_monitor.h
[103.978s] -- Installing: /home/zx/ws_moveit2/install/moveit_ros_planning/include/moveit/planning_scene_monitor/trajectory_monitor_middleware_handle.hpp
[103.978s] -- Installing: /home/zx/ws_moveit2/install/moveit_ros_planning/include/moveit_planning_scene_monitor_export.h
[103.979s] -- Installing: /home/zx/ws_moveit2/install/moveit_ros_planning/lib/moveit_ros_planning/moveit_print_planning_model_info
[103.979s] -- Set runtime path of "/home/zx/ws_moveit2/install/moveit_ros_planning/lib/moveit_ros_planning/moveit_print_planning_model_info" to ""
[103.979s] -- Installing: /home/zx/ws_moveit2/install/moveit_ros_planning/lib/moveit_ros_planning/moveit_print_planning_scene_info
[103.979s] -- Set runtime path of "/home/zx/ws_moveit2/install/moveit_ros_planning/lib/moveit_ros_planning/moveit_print_planning_scene_info" to ""
[103.979s] -- Installing: /home/zx/ws_moveit2/install/moveit_ros_planning/lib/moveit_ros_planning/moveit_display_random_state
[103.980s] -- Set runtime path of "/home/zx/ws_moveit2/install/moveit_ros_planning/lib/moveit_ros_planning/moveit_display_random_state" to ""
[103.980s] -- Installing: /home/zx/ws_moveit2/install/moveit_ros_planning/lib/moveit_ros_planning/moveit_visualize_robot_collision_volume
[103.980s] -- Set runtime path of "/home/zx/ws_moveit2/install/moveit_ros_planning/lib/moveit_ros_planning/moveit_visualize_robot_collision_volume" to ""
[103.980s] -- Installing: /home/zx/ws_moveit2/install/moveit_ros_planning/lib/moveit_ros_planning/moveit_evaluate_collision_checking_speed
[103.980s] -- Set runtime path of "/home/zx/ws_moveit2/install/moveit_ros_planning/lib/moveit_ros_planning/moveit_evaluate_collision_checking_speed" to ""
[103.980s] -- Installing: /home/zx/ws_moveit2/install/moveit_ros_planning/lib/moveit_ros_planning/moveit_publish_scene_from_text
[103.981s] -- Set runtime path of "/home/zx/ws_moveit2/install/moveit_ros_planning/lib/moveit_ros_planning/moveit_publish_scene_from_text" to ""
[103.981s] -- Up-to-date: /home/zx/ws_moveit2/install/moveit_ros_planning/include
[103.981s] -- Up-to-date: /home/zx/ws_moveit2/install/moveit_ros_planning/include/moveit
[103.981s] -- Installing: /home/zx/ws_moveit2/install/moveit_ros_planning/include/moveit/trajectory_execution_manager
[103.981s] -- Installing: /home/zx/ws_moveit2/install/moveit_ros_planning/include/moveit/trajectory_execution_manager/trajectory_execution_manager.h
[103.981s] -- Installing: /home/zx/ws_moveit2/install/moveit_ros_planning/include/moveit_trajectory_execution_manager_export.h
[103.981s] -- Up-to-date: /home/zx/ws_moveit2/install/moveit_ros_planning/include
[103.981s] -- Up-to-date: /home/zx/ws_moveit2/install/moveit_ros_planning/include/moveit
[103.981s] -- Installing: /home/zx/ws_moveit2/install/moveit_ros_planning/include/moveit/plan_execution
[103.981s] -- Installing: /home/zx/ws_moveit2/install/moveit_ros_planning/include/moveit/plan_execution/plan_execution.h
[103.981s] -- Installing: /home/zx/ws_moveit2/install/moveit_ros_planning/include/moveit/plan_execution/plan_representation.h
[103.981s] -- Up-to-date: /home/zx/ws_moveit2/install/moveit_ros_planning/include
[103.982s] -- Up-to-date: /home/zx/ws_moveit2/install/moveit_ros_planning/include/moveit
[103.982s] -- Installing: /home/zx/ws_moveit2/install/moveit_ros_planning/include/moveit/moveit_cpp
[103.982s] -- Installing: /home/zx/ws_moveit2/install/moveit_ros_planning/include/moveit/moveit_cpp/planning_component.h
[103.982s] -- Installing: /home/zx/ws_moveit2/install/moveit_ros_planning/include/moveit/moveit_cpp/moveit_cpp.h
[103.982s] -- Installing: /home/zx/ws_moveit2/install/moveit_ros_planning/lib/libmoveit_rdf_loader.so.2.5.4
[103.983s] -- Set runtime path of "/home/zx/ws_moveit2/install/moveit_ros_planning/lib/libmoveit_rdf_loader.so.2.5.4" to ""
[103.983s] -- Installing: /home/zx/ws_moveit2/install/moveit_ros_planning/lib/libmoveit_rdf_loader.so
[103.983s] -- Installing: /home/zx/ws_moveit2/install/moveit_ros_planning/lib/libmoveit_kinematics_plugin_loader.so.2.5.4
[103.983s] -- Set runtime path of "/home/zx/ws_moveit2/install/moveit_ros_planning/lib/libmoveit_kinematics_plugin_loader.so.2.5.4" to ""
[103.983s] -- Installing: /home/zx/ws_moveit2/install/moveit_ros_planning/lib/libmoveit_kinematics_plugin_loader.so
[103.984s] -- Installing: /home/zx/ws_moveit2/install/moveit_ros_planning/lib/libmoveit_robot_model_loader.so.2.5.4
[103.984s] -- Set runtime path of "/home/zx/ws_moveit2/install/moveit_ros_planning/lib/libmoveit_robot_model_loader.so.2.5.4" to ""
[103.984s] -- Installing: /home/zx/ws_moveit2/install/moveit_ros_planning/lib/libmoveit_robot_model_loader.so
[103.984s] -- Installing: /home/zx/ws_moveit2/install/moveit_ros_planning/lib/libmoveit_constraint_sampler_manager_loader.so.2.5.4
[103.984s] -- Set runtime path of "/home/zx/ws_moveit2/install/moveit_ros_planning/lib/libmoveit_constraint_sampler_manager_loader.so.2.5.4" to ""
[103.984s] -- Installing: /home/zx/ws_moveit2/install/moveit_ros_planning/lib/libmoveit_constraint_sampler_manager_loader.so
[103.984s] -- Installing: /home/zx/ws_moveit2/install/moveit_ros_planning/lib/libmoveit_planning_pipeline.so.2.5.4
[103.985s] -- Set runtime path of "/home/zx/ws_moveit2/install/moveit_ros_planning/lib/libmoveit_planning_pipeline.so.2.5.4" to ""
[103.985s] -- Installing: /home/zx/ws_moveit2/install/moveit_ros_planning/lib/libmoveit_planning_pipeline.so
[103.985s] -- Installing: /home/zx/ws_moveit2/install/moveit_ros_planning/lib/libmoveit_trajectory_execution_manager.so.2.5.4
[103.987s] -- Set runtime path of "/home/zx/ws_moveit2/install/moveit_ros_planning/lib/libmoveit_trajectory_execution_manager.so.2.5.4" to ""
[103.987s] -- Installing: /home/zx/ws_moveit2/install/moveit_ros_planning/lib/libmoveit_trajectory_execution_manager.so
[103.987s] -- Installing: /home/zx/ws_moveit2/install/moveit_ros_planning/lib/libmoveit_plan_execution.so.2.5.4
[103.987s] -- Set runtime path of "/home/zx/ws_moveit2/install/moveit_ros_planning/lib/libmoveit_plan_execution.so.2.5.4" to ""
[103.987s] -- Installing: /home/zx/ws_moveit2/install/moveit_ros_planning/lib/libmoveit_plan_execution.so
[103.987s] -- Installing: /home/zx/ws_moveit2/install/moveit_ros_planning/lib/libmoveit_planning_scene_monitor.so.2.5.4
[103.991s] -- Set runtime path of "/home/zx/ws_moveit2/install/moveit_ros_planning/lib/libmoveit_planning_scene_monitor.so.2.5.4" to ""
[103.991s] -- Installing: /home/zx/ws_moveit2/install/moveit_ros_planning/lib/libmoveit_planning_scene_monitor.so
[103.991s] -- Installing: /home/zx/ws_moveit2/install/moveit_ros_planning/lib/libmoveit_collision_plugin_loader.so.2.5.4
[103.991s] -- Set runtime path of "/home/zx/ws_moveit2/install/moveit_ros_planning/lib/libmoveit_collision_plugin_loader.so.2.5.4" to ""
[103.991s] -- Installing: /home/zx/ws_moveit2/install/moveit_ros_planning/lib/libmoveit_collision_plugin_loader.so
[103.991s] -- Installing: /home/zx/ws_moveit2/install/moveit_ros_planning/lib/libmoveit_default_planning_request_adapter_plugins.so.2.5.4
[103.991s] -- Set runtime path of "/home/zx/ws_moveit2/install/moveit_ros_planning/lib/libmoveit_default_planning_request_adapter_plugins.so.2.5.4" to ""
[103.991s] -- Installing: /home/zx/ws_moveit2/install/moveit_ros_planning/lib/libmoveit_default_planning_request_adapter_plugins.so
[103.992s] -- Installing: /home/zx/ws_moveit2/install/moveit_ros_planning/lib/libmoveit_cpp.so.2.5.4
[103.992s] -- Set runtime path of "/home/zx/ws_moveit2/install/moveit_ros_planning/lib/libmoveit_cpp.so.2.5.4" to ""
[103.992s] -- Installing: /home/zx/ws_moveit2/install/moveit_ros_planning/lib/libmoveit_cpp.so
[103.992s] -- Installing: /home/zx/ws_moveit2/install/moveit_ros_planning/share/moveit_ros_planning/environment/library_path.sh
[103.992s] -- Installing: /home/zx/ws_moveit2/install/moveit_ros_planning/share/moveit_ros_planning/environment/library_path.dsv
[103.992s] -- Installing: /home/zx/ws_moveit2/install/moveit_ros_planning/share/moveit_ros_planning/planning_request_adapters_plugin_description.xml
[103.993s] -- Installing: /home/zx/ws_moveit2/install/moveit_ros_planning/share/ament_index/resource_index/package_run_dependencies/moveit_ros_planning
[103.993s] -- Installing: /home/zx/ws_moveit2/install/moveit_ros_planning/share/ament_index/resource_index/parent_prefix_path/moveit_ros_planning
[103.993s] -- Installing: /home/zx/ws_moveit2/install/moveit_ros_planning/share/moveit_ros_planning/environment/ament_prefix_path.sh
[103.993s] -- Installing: /home/zx/ws_moveit2/install/moveit_ros_planning/share/moveit_ros_planning/environment/ament_prefix_path.dsv
[103.993s] -- Installing: /home/zx/ws_moveit2/install/moveit_ros_planning/share/moveit_ros_planning/environment/path.sh
[103.993s] -- Installing: /home/zx/ws_moveit2/install/moveit_ros_planning/share/moveit_ros_planning/environment/path.dsv
[103.993s] -- Installing: /home/zx/ws_moveit2/install/moveit_ros_planning/share/moveit_ros_planning/local_setup.bash
[103.993s] -- Installing: /home/zx/ws_moveit2/install/moveit_ros_planning/share/moveit_ros_planning/local_setup.sh
[103.993s] -- Installing: /home/zx/ws_moveit2/install/moveit_ros_planning/share/moveit_ros_planning/local_setup.zsh
[103.993s] -- Installing: /home/zx/ws_moveit2/install/moveit_ros_planning/share/moveit_ros_planning/local_setup.dsv
[103.993s] -- Installing: /home/zx/ws_moveit2/install/moveit_ros_planning/share/moveit_ros_planning/package.dsv
[103.993s] -- Installing: /home/zx/ws_moveit2/install/moveit_ros_planning/share/ament_index/resource_index/packages/moveit_ros_planning
[103.994s] -- Installing: /home/zx/ws_moveit2/install/moveit_ros_planning/share/ament_index/resource_index/moveit_core__pluginlib__plugin/moveit_ros_planning
[103.994s] -- Installing: /home/zx/ws_moveit2/install/moveit_ros_planning/share/moveit_ros_planning/cmake/export_moveit_ros_planningExport.cmake
[103.994s] -- Installing: /home/zx/ws_moveit2/install/moveit_ros_planning/share/moveit_ros_planning/cmake/export_moveit_ros_planningExport-release.cmake
[103.994s] -- Installing: /home/zx/ws_moveit2/install/moveit_ros_planning/share/moveit_ros_planning/cmake/ConfigExtras.cmake
[103.994s] -- Installing: /home/zx/ws_moveit2/install/moveit_ros_planning/share/moveit_ros_planning/cmake/ament_cmake_export_targets-extras.cmake
[103.994s] -- Installing: /home/zx/ws_moveit2/install/moveit_ros_planning/share/moveit_ros_planning/cmake/ament_cmake_export_dependencies-extras.cmake
[103.994s] -- Installing: /home/zx/ws_moveit2/install/moveit_ros_planning/share/moveit_ros_planning/cmake/moveit_ros_planningConfig.cmake
[103.994s] -- Installing: /home/zx/ws_moveit2/install/moveit_ros_planning/share/moveit_ros_planning/cmake/moveit_ros_planningConfig-version.cmake
[103.994s] -- Installing: /home/zx/ws_moveit2/install/moveit_ros_planning/share/moveit_ros_planning/package.xml
[103.997s] Invoked command in '/home/zx/ws_moveit2/build/moveit_ros_planning' returned '0': CMAKE_PREFIX_PATH=/home/zx/ws_moveit2/install/moveit_ros_occupancy_map_monitor:/home/zx/ws_moveit2/install/moveit_core:/home/zx/ws_moveit2/install/moveit_resources_panda_moveit_config:/home/zx/ws_moveit2/install/srdfdom:/home/zx/ws_moveit2/install/moveit_resources_panda_description:/home/zx/ws_moveit2/install/moveit_common:/home/zx/ws_moveit2/install/pilz_industrial_motion_planner_testutils:/home/zx/ws_moveit2/install/moveit_visual_tools:/home/zx/ws_moveit2/install/moveit_ros_control_interface:/home/zx/ws_moveit2/install/moveit_plugins:/home/zx/ws_moveit2/install/moveit_simple_controller_manager:/home/zx/ws_moveit2/install/moveit_ros_robot_interaction:/home/zx/ws_moveit2/install/moveit_ros_perception:/home/zx/ws_moveit2/install/moveit_ros_planning:/home/zx/ws_moveit2/install/moveit_resources_prbt_ikfast_manipulator_plugin:/home/zx/ws_moveit2/install/moveit_planners_chomp:/home/zx/ws_moveit2/install/moveit_chomp_optimizer_adapter:/home/zx/ws_moveit2/install/chomp_motion_planner:/home/zx/ws_moveit2/install/serial_demo:/home/zx/ws_moveit2/install/serial_can:/home/zx/ws_moveit2/install/serial:/home/zx/ws_moveit2/install/rviz_marker_tools:/home/zx/ws_moveit2/install/rosparam_shortcuts:/home/zx/ws_moveit2/install/moveit_task_constructor_msgs:/home/zx/ws_moveit2/install/moveit_resources_prbt_support:/home/zx/ws_moveit2/install/moveit_resources:/home/zx/ws_moveit2/install/moveit_resources_pr2_description:/home/zx/ws_moveit2/install/moveit_resources_fanuc_moveit_config:/home/zx/ws_moveit2/install/moveit_resources_fanuc_description:/home/zx/ws_moveit2/install/tihu_2:/home/zx/ws_moveit2/install/moveit_configs_utils:/home/zx/ws_moveit2/install/launch_param_builder:/opt/ros/humble LD_LIBRARY_PATH=/home/zx/ws_moveit2/install/moveit_ros_occupancy_map_monitor/lib:/home/zx/ws_moveit2/install/moveit_core/lib:/home/zx/ws_moveit2/install/srdfdom/lib:/home/zx/ws_moveit2/install/pilz_industrial_motion_planner_testutils/lib:/home/zx/ws_moveit2/install/moveit_visual_tools/lib:/home/zx/ws_moveit2/install/moveit_ros_control_interface/lib:/home/zx/ws_moveit2/install/moveit_simple_controller_manager/lib:/home/zx/ws_moveit2/install/moveit_ros_robot_interaction/lib:/home/zx/ws_moveit2/install/moveit_ros_perception/lib:/home/zx/ws_moveit2/install/moveit_ros_planning/lib:/home/zx/ws_moveit2/install/moveit_resources_prbt_ikfast_manipulator_plugin/lib:/home/zx/ws_moveit2/install/moveit_planners_chomp/lib:/home/zx/ws_moveit2/install/moveit_chomp_optimizer_adapter/lib:/home/zx/ws_moveit2/install/chomp_motion_planner/lib:/home/zx/ws_moveit2/install/serial_can/lib:/home/zx/ws_moveit2/install/serial/lib:/home/zx/ws_moveit2/install/rviz_marker_tools/lib:/home/zx/ws_moveit2/install/rosparam_shortcuts/lib:/home/zx/ws_moveit2/install/moveit_task_constructor_msgs/lib:/opt/ros/humble/opt/rviz_ogre_vendor/lib:/opt/ros/humble/lib/x86_64-linux-gnu:/opt/ros/humble/lib /usr/bin/cmake --install /home/zx/ws_moveit2/build/moveit_ros_planning
