[0.029s] Invoking command in '/home/zx/ws_moveit2/build/moveit_ros_move_group': AMENT_PREFIX_PATH=/home/zx/ws_moveit2/install/moveit_kinematics:/home/zx/ws_moveit2/install/moveit_ros_planning:/home/zx/ws_moveit2/install/moveit_ros_occupancy_map_monitor:/home/zx/ws_moveit2/install/moveit_core:/home/zx/ws_moveit2/install/moveit_resources_fanuc_moveit_config:/home/zx/ws_moveit2/install/srdfdom:/home/zx/ws_moveit2/install/moveit_resources_fanuc_description:/home/zx/ws_moveit2/install/moveit_common:${AMENT_PREFIX_PATH} CMAKE_PREFIX_PATH=/home/zx/ws_moveit2/install/moveit_kinematics:/home/zx/ws_moveit2/install/moveit_ros_planning:/home/zx/ws_moveit2/install/moveit_ros_occupancy_map_monitor:/home/zx/ws_moveit2/install/moveit_core:/home/zx/ws_moveit2/install/moveit_resources_fanuc_moveit_config:/home/zx/ws_moveit2/install/srdfdom:/home/zx/ws_moveit2/install/moveit_resources_fanuc_description:/home/zx/ws_moveit2/install/moveit_common:/opt/ros/humble LD_LIBRARY_PATH=/home/zx/ws_moveit2/install/moveit_kinematics/lib:/home/zx/ws_moveit2/install/moveit_ros_planning/lib:/home/zx/ws_moveit2/install/moveit_ros_occupancy_map_monitor/lib:/home/zx/ws_moveit2/install/moveit_core/lib:/home/zx/ws_moveit2/install/srdfdom/lib:${LD_LIBRARY_PATH} PATH=/home/zx/ws_moveit2/install/moveit_core/bin:${PATH} PYTHONPATH=/home/zx/ws_moveit2/install/srdfdom/local/lib/python3.10/dist-packages:${PYTHONPATH} /usr/bin/cmake /home/zx/ws_moveit2/src/moveit2/moveit_ros/move_group -DCMAKE_INSTALL_PREFIX=/home/zx/ws_moveit2/install/moveit_ros_move_group
[0.096s] -- The C compiler identification is GNU 11.4.0
[0.140s] -- The CXX compiler identification is GNU 11.4.0
[0.150s] -- Detecting C compiler ABI info
[0.204s] -- Detecting C compiler ABI info - done
[0.209s] -- Check for working C compiler: /usr/bin/cc - skipped
[0.209s] -- Detecting C compile features
[0.210s] -- Detecting C compile features - done
[0.213s] -- Detecting CXX compiler ABI info
[0.273s] -- Detecting CXX compiler ABI info - done
[0.278s] -- Check for working CXX compiler: /usr/bin/c++ - skipped
[0.278s] -- Detecting CXX compile features
[0.278s] -- Detecting CXX compile features - done
[0.282s] -- Found moveit_common: 2.5.4 (/home/zx/ws_moveit2/install/moveit_common/share/moveit_common/cmake)
[0.288s] -- Found ament_cmake: 1.3.5 (/opt/ros/humble/share/ament_cmake/cmake)
[0.435s] -- Found Python3: /usr/bin/python3.10 (found version "3.10.12") found components: Interpreter 
[0.578s] -- Found libdw: /usr/lib/x86_64-linux-gnu/libdw.so  
[0.582s] -- Could NOT find libbfd (missing: LIBBFD_LIBRARY LIBBFD_INCLUDE_DIR) 
[0.582s] -- BACKWARD_HAS_UNWIND=1
[0.582s] -- BACKWARD_HAS_BACKTRACE=0
[0.582s] -- BACKWARD_HAS_BACKTRACE_SYMBOL=0
[0.582s] -- BACKWARD_HAS_DW=1
[0.583s] -- BACKWARD_HAS_BFD=0
[0.583s] -- Found Backward: /opt/ros/humble/share/backward_ros/cmake  
[0.583s] [0mmoveit_ros_move_group: You did not request a specific build type: Choosing 'Release' for maximum performance[0m
[0.584s] -- Found moveit_core: 2.5.4 (/home/zx/ws_moveit2/install/moveit_core/share/moveit_core/cmake)
[0.779s] -- Found Boost: /usr/lib/x86_64-linux-gnu/cmake/Boost-1.74.0/BoostConfig.cmake (found version "1.74.0") found components: chrono date_time filesystem iostreams program_options regex serialization system thread 
[0.796s] -- Found parameter_traits: 0.3.6 (/opt/ros/humble/share/parameter_traits/cmake)
[0.841s] -- Found rosidl_generator_c: 3.1.5 (/opt/ros/humble/share/rosidl_generator_c/cmake)
[0.847s] -- Found rosidl_adapter: 3.1.5 (/opt/ros/humble/share/rosidl_adapter/cmake)
[0.856s] -- Found rosidl_generator_cpp: 3.1.5 (/opt/ros/humble/share/rosidl_generator_cpp/cmake)
[0.872s] -- Using all available rosidl_typesupport_c: rosidl_typesupport_fastrtps_c;rosidl_typesupport_introspection_c
[0.890s] -- Using all available rosidl_typesupport_cpp: rosidl_typesupport_fastrtps_cpp;rosidl_typesupport_introspection_cpp
[0.957s] -- Found rmw_implementation_cmake: 6.1.1 (/opt/ros/humble/share/rmw_implementation_cmake/cmake)
[0.961s] -- Found rmw_fastrtps_cpp: 6.2.3 (/opt/ros/humble/share/rmw_fastrtps_cpp/cmake)
[1.045s] -- Found OpenSSL: /usr/lib/x86_64-linux-gnu/libcrypto.so (found version "3.0.2")  
[1.068s] -- Found FastRTPS: /opt/ros/humble/include  
[1.106s] -- Using RMW implementation 'rmw_fastrtps_cpp' as default
[1.117s] -- Found Threads: TRUE  
[1.263s] -- Found rclcpp_lifecycle: 16.0.5 (/opt/ros/humble/share/rclcpp_lifecycle/cmake)
[1.302s] -- Found Boost: /usr/lib/x86_64-linux-gnu/cmake/Boost-1.74.0/BoostConfig.cmake (found version "1.74.0") found components: filesystem 
[1.420s] -- library: /usr/lib/x86_64-linux-gnu/libcurl.so
[1.669s] -- Found Eigen3: TRUE (found version "3.4.0") 
[1.669s] -- Ensuring Eigen3 include directory is part of orocos-kdl CMake target
[2.530s] -- Found moveit_ros_planning: 2.5.4 (/home/zx/ws_moveit2/install/moveit_ros_planning/share/moveit_ros_planning/cmake)
[2.534s] -- Found Boost: /usr/lib/x86_64-linux-gnu/cmake/Boost-1.74.0/BoostConfig.cmake (found version "1.74.0") found components: system filesystem date_time program_options thread chrono 
[2.854s] -- Found std_srvs: 4.2.3 (/opt/ros/humble/share/std_srvs/cmake)
[2.872s] -- Found Boost: /usr/lib/x86_64-linux-gnu/cmake/Boost-1.74.0/BoostConfig.cmake (found version "1.74.0") found components: system filesystem date_time program_options thread 
[2.905s] -- Found ament_lint_auto: 0.12.7 (/opt/ros/humble/share/ament_lint_auto/cmake)
[2.932s] -- Added test 'cppcheck' to perform static code analysis on C / C++ code
[2.933s] -- Configured cppcheck include dirs: /home/zx/ws_moveit2/src/moveit2/moveit_ros/move_group/include
[2.933s] -- Configured cppcheck exclude dirs and/or files: 
[2.934s] -- Added test 'lint_cmake' to check CMake code style
[2.935s] -- Added test 'pep257' to check Python code against some of the docstring style conventions in PEP 257
[2.936s] -- Added test 'xmllint' to check XML markup files
[2.938s] -- Configuring done
[3.034s] -- Generating done
[3.037s] -- Build files have been written to: /home/zx/ws_moveit2/build/moveit_ros_move_group
[3.054s] Invoked command in '/home/zx/ws_moveit2/build/moveit_ros_move_group' returned '0': AMENT_PREFIX_PATH=/home/zx/ws_moveit2/install/moveit_kinematics:/home/zx/ws_moveit2/install/moveit_ros_planning:/home/zx/ws_moveit2/install/moveit_ros_occupancy_map_monitor:/home/zx/ws_moveit2/install/moveit_core:/home/zx/ws_moveit2/install/moveit_resources_fanuc_moveit_config:/home/zx/ws_moveit2/install/srdfdom:/home/zx/ws_moveit2/install/moveit_resources_fanuc_description:/home/zx/ws_moveit2/install/moveit_common:${AMENT_PREFIX_PATH} CMAKE_PREFIX_PATH=/home/zx/ws_moveit2/install/moveit_kinematics:/home/zx/ws_moveit2/install/moveit_ros_planning:/home/zx/ws_moveit2/install/moveit_ros_occupancy_map_monitor:/home/zx/ws_moveit2/install/moveit_core:/home/zx/ws_moveit2/install/moveit_resources_fanuc_moveit_config:/home/zx/ws_moveit2/install/srdfdom:/home/zx/ws_moveit2/install/moveit_resources_fanuc_description:/home/zx/ws_moveit2/install/moveit_common:/opt/ros/humble LD_LIBRARY_PATH=/home/zx/ws_moveit2/install/moveit_kinematics/lib:/home/zx/ws_moveit2/install/moveit_ros_planning/lib:/home/zx/ws_moveit2/install/moveit_ros_occupancy_map_monitor/lib:/home/zx/ws_moveit2/install/moveit_core/lib:/home/zx/ws_moveit2/install/srdfdom/lib:${LD_LIBRARY_PATH} PATH=/home/zx/ws_moveit2/install/moveit_core/bin:${PATH} PYTHONPATH=/home/zx/ws_moveit2/install/srdfdom/local/lib/python3.10/dist-packages:${PYTHONPATH} /usr/bin/cmake /home/zx/ws_moveit2/src/moveit2/moveit_ros/move_group -DCMAKE_INSTALL_PREFIX=/home/zx/ws_moveit2/install/moveit_ros_move_group
[3.054s] Invoking command in '/home/zx/ws_moveit2/build/moveit_ros_move_group': AMENT_PREFIX_PATH=/home/zx/ws_moveit2/install/moveit_kinematics:/home/zx/ws_moveit2/install/moveit_ros_planning:/home/zx/ws_moveit2/install/moveit_ros_occupancy_map_monitor:/home/zx/ws_moveit2/install/moveit_core:/home/zx/ws_moveit2/install/moveit_resources_fanuc_moveit_config:/home/zx/ws_moveit2/install/srdfdom:/home/zx/ws_moveit2/install/moveit_resources_fanuc_description:/home/zx/ws_moveit2/install/moveit_common:${AMENT_PREFIX_PATH} CMAKE_PREFIX_PATH=/home/zx/ws_moveit2/install/moveit_kinematics:/home/zx/ws_moveit2/install/moveit_ros_planning:/home/zx/ws_moveit2/install/moveit_ros_occupancy_map_monitor:/home/zx/ws_moveit2/install/moveit_core:/home/zx/ws_moveit2/install/moveit_resources_fanuc_moveit_config:/home/zx/ws_moveit2/install/srdfdom:/home/zx/ws_moveit2/install/moveit_resources_fanuc_description:/home/zx/ws_moveit2/install/moveit_common:/opt/ros/humble LD_LIBRARY_PATH=/home/zx/ws_moveit2/install/moveit_kinematics/lib:/home/zx/ws_moveit2/install/moveit_ros_planning/lib:/home/zx/ws_moveit2/install/moveit_ros_occupancy_map_monitor/lib:/home/zx/ws_moveit2/install/moveit_core/lib:/home/zx/ws_moveit2/install/srdfdom/lib:${LD_LIBRARY_PATH} PATH=/home/zx/ws_moveit2/install/moveit_core/bin:${PATH} PYTHONPATH=/home/zx/ws_moveit2/install/srdfdom/local/lib/python3.10/dist-packages:${PYTHONPATH} /usr/bin/cmake --build /home/zx/ws_moveit2/build/moveit_ros_move_group -- -j12 -l12
[3.094s] [  5%] [32mBuilding CXX object CMakeFiles/moveit_move_group_capabilities_base.dir/src/move_group_context.cpp.o[0m
[9.869s] [ 10%] [32mBuilding CXX object CMakeFiles/moveit_move_group_capabilities_base.dir/src/move_group_capability.cpp.o[0m
[19.582s] [ 15%] [32m[1mLinking CXX shared library libmoveit_move_group_capabilities_base.so[0m
[19.742s] [ 15%] Built target moveit_move_group_capabilities_base
[19.758s] [ 21%] [32mBuilding CXX object CMakeFiles/list_move_group_capabilities.dir/src/list_capabilities.cpp.o[0m
[30.555s] [ 26%] [32m[1mLinking CXX executable list_move_group_capabilities[0m
[30.691s] [ 26%] Built target list_move_group_capabilities
[30.707s] [ 31%] [32mBuilding CXX object CMakeFiles/move_group.dir/src/move_group.cpp.o[0m
[45.288s] [ 36%] [32m[1mLinking CXX executable move_group[0m
[45.575s] [ 36%] Built target move_group
[45.592s] [ 42%] [32mBuilding CXX object CMakeFiles/moveit_move_group_default_capabilities.dir/src/default_capabilities/move_action_capability.cpp.o[0m
[57.053s] [ 57%] [32mBuilding CXX object CMakeFiles/moveit_move_group_default_capabilities.dir/src/default_capabilities/apply_planning_scene_service_capability.cpp.o[0m
[57.053s] [ 57%] [32mBuilding CXX object CMakeFiles/moveit_move_group_default_capabilities.dir/src/default_capabilities/clear_octomap_service_capability.cpp.o[0m
[57.053s] [ 57%] [32mBuilding CXX object CMakeFiles/moveit_move_group_default_capabilities.dir/src/default_capabilities/tf_publisher_capability.cpp.o[0m
[65.873s] [ 73%] [32mBuilding CXX object CMakeFiles/moveit_move_group_default_capabilities.dir/src/default_capabilities/cartesian_path_service_capability.cpp.o[0m
[65.873s] [ 73%] [32mBuilding CXX object CMakeFiles/moveit_move_group_default_capabilities.dir/src/default_capabilities/kinematics_service_capability.cpp.o[0m
[65.873s] [ 73%] [32mBuilding CXX object CMakeFiles/moveit_move_group_default_capabilities.dir/src/default_capabilities/get_planning_scene_service_capability.cpp.o[0m
[65.875s] [ 78%] [32mBuilding CXX object CMakeFiles/moveit_move_group_default_capabilities.dir/src/default_capabilities/state_validation_service_capability.cpp.o[0m
[66.006s] [ 84%] [32mBuilding CXX object CMakeFiles/moveit_move_group_default_capabilities.dir/src/default_capabilities/query_planners_service_capability.cpp.o[0m
[69.628s] [ 89%] [32mBuilding CXX object CMakeFiles/moveit_move_group_default_capabilities.dir/src/default_capabilities/plan_service_capability.cpp.o[0m
[69.631s] [ 94%] [32mBuilding CXX object CMakeFiles/moveit_move_group_default_capabilities.dir/src/default_capabilities/execute_trajectory_action_capability.cpp.o[0m
[86.834s] [100%] [32m[1mLinking CXX shared library libmoveit_move_group_default_capabilities.so[0m
[87.154s] [100%] Built target moveit_move_group_default_capabilities
[87.164s] Invoked command in '/home/zx/ws_moveit2/build/moveit_ros_move_group' returned '0': AMENT_PREFIX_PATH=/home/zx/ws_moveit2/install/moveit_kinematics:/home/zx/ws_moveit2/install/moveit_ros_planning:/home/zx/ws_moveit2/install/moveit_ros_occupancy_map_monitor:/home/zx/ws_moveit2/install/moveit_core:/home/zx/ws_moveit2/install/moveit_resources_fanuc_moveit_config:/home/zx/ws_moveit2/install/srdfdom:/home/zx/ws_moveit2/install/moveit_resources_fanuc_description:/home/zx/ws_moveit2/install/moveit_common:${AMENT_PREFIX_PATH} CMAKE_PREFIX_PATH=/home/zx/ws_moveit2/install/moveit_kinematics:/home/zx/ws_moveit2/install/moveit_ros_planning:/home/zx/ws_moveit2/install/moveit_ros_occupancy_map_monitor:/home/zx/ws_moveit2/install/moveit_core:/home/zx/ws_moveit2/install/moveit_resources_fanuc_moveit_config:/home/zx/ws_moveit2/install/srdfdom:/home/zx/ws_moveit2/install/moveit_resources_fanuc_description:/home/zx/ws_moveit2/install/moveit_common:/opt/ros/humble LD_LIBRARY_PATH=/home/zx/ws_moveit2/install/moveit_kinematics/lib:/home/zx/ws_moveit2/install/moveit_ros_planning/lib:/home/zx/ws_moveit2/install/moveit_ros_occupancy_map_monitor/lib:/home/zx/ws_moveit2/install/moveit_core/lib:/home/zx/ws_moveit2/install/srdfdom/lib:${LD_LIBRARY_PATH} PATH=/home/zx/ws_moveit2/install/moveit_core/bin:${PATH} PYTHONPATH=/home/zx/ws_moveit2/install/srdfdom/local/lib/python3.10/dist-packages:${PYTHONPATH} /usr/bin/cmake --build /home/zx/ws_moveit2/build/moveit_ros_move_group -- -j12 -l12
[87.202s] Invoking command in '/home/zx/ws_moveit2/build/moveit_ros_move_group': AMENT_PREFIX_PATH=/home/zx/ws_moveit2/install/moveit_kinematics:/home/zx/ws_moveit2/install/moveit_ros_planning:/home/zx/ws_moveit2/install/moveit_ros_occupancy_map_monitor:/home/zx/ws_moveit2/install/moveit_core:/home/zx/ws_moveit2/install/moveit_resources_fanuc_moveit_config:/home/zx/ws_moveit2/install/srdfdom:/home/zx/ws_moveit2/install/moveit_resources_fanuc_description:/home/zx/ws_moveit2/install/moveit_common:${AMENT_PREFIX_PATH} CMAKE_PREFIX_PATH=/home/zx/ws_moveit2/install/moveit_kinematics:/home/zx/ws_moveit2/install/moveit_ros_planning:/home/zx/ws_moveit2/install/moveit_ros_occupancy_map_monitor:/home/zx/ws_moveit2/install/moveit_core:/home/zx/ws_moveit2/install/moveit_resources_fanuc_moveit_config:/home/zx/ws_moveit2/install/srdfdom:/home/zx/ws_moveit2/install/moveit_resources_fanuc_description:/home/zx/ws_moveit2/install/moveit_common:/opt/ros/humble LD_LIBRARY_PATH=/home/zx/ws_moveit2/install/moveit_kinematics/lib:/home/zx/ws_moveit2/install/moveit_ros_planning/lib:/home/zx/ws_moveit2/install/moveit_ros_occupancy_map_monitor/lib:/home/zx/ws_moveit2/install/moveit_core/lib:/home/zx/ws_moveit2/install/srdfdom/lib:${LD_LIBRARY_PATH} PATH=/home/zx/ws_moveit2/install/moveit_core/bin:${PATH} PYTHONPATH=/home/zx/ws_moveit2/install/srdfdom/local/lib/python3.10/dist-packages:${PYTHONPATH} /usr/bin/cmake --install /home/zx/ws_moveit2/build/moveit_ros_move_group
[87.208s] -- Install configuration: "Release"
[87.208s] -- Installing: /home/zx/ws_moveit2/install/moveit_ros_move_group/lib/moveit_ros_move_group/move_group
[87.209s] -- Set runtime path of "/home/zx/ws_moveit2/install/moveit_ros_move_group/lib/moveit_ros_move_group/move_group" to ""
[87.209s] -- Installing: /home/zx/ws_moveit2/install/moveit_ros_move_group/lib/moveit_ros_move_group/list_move_group_capabilities
[87.209s] -- Set runtime path of "/home/zx/ws_moveit2/install/moveit_ros_move_group/lib/moveit_ros_move_group/list_move_group_capabilities" to ""
[87.209s] -- Installing: /home/zx/ws_moveit2/install/moveit_ros_move_group/lib/libmoveit_move_group_default_capabilities.so.2.5.4
[87.212s] -- Set runtime path of "/home/zx/ws_moveit2/install/moveit_ros_move_group/lib/libmoveit_move_group_default_capabilities.so.2.5.4" to ""
[87.212s] -- Installing: /home/zx/ws_moveit2/install/moveit_ros_move_group/lib/libmoveit_move_group_default_capabilities.so
[87.212s] -- Installing: /home/zx/ws_moveit2/install/moveit_ros_move_group/lib/libmoveit_move_group_capabilities_base.so.2.5.4
[87.212s] -- Set runtime path of "/home/zx/ws_moveit2/install/moveit_ros_move_group/lib/libmoveit_move_group_capabilities_base.so.2.5.4" to ""
[87.212s] -- Installing: /home/zx/ws_moveit2/install/moveit_ros_move_group/lib/libmoveit_move_group_capabilities_base.so
[87.212s] -- Installing: /home/zx/ws_moveit2/install/moveit_ros_move_group/include
[87.212s] -- Installing: /home/zx/ws_moveit2/install/moveit_ros_move_group/include/moveit
[87.212s] -- Installing: /home/zx/ws_moveit2/install/moveit_ros_move_group/include/moveit/move_group
[87.212s] -- Installing: /home/zx/ws_moveit2/install/moveit_ros_move_group/include/moveit/move_group/capability_names.h
[87.212s] -- Installing: /home/zx/ws_moveit2/install/moveit_ros_move_group/include/moveit/move_group/move_group_capability.h
[87.212s] -- Installing: /home/zx/ws_moveit2/install/moveit_ros_move_group/include/moveit/move_group/move_group_context.h
[87.212s] -- Installing: /home/zx/ws_moveit2/install/moveit_ros_move_group/include/moveit/move_group/node_name.h
[87.212s] -- Installing: /home/zx/ws_moveit2/install/moveit_ros_move_group/share/moveit_ros_move_group/environment/library_path.sh
[87.212s] -- Installing: /home/zx/ws_moveit2/install/moveit_ros_move_group/share/moveit_ros_move_group/environment/library_path.dsv
[87.213s] -- Installing: /home/zx/ws_moveit2/install/moveit_ros_move_group/lib/moveit_ros_move_group/load_map
[87.213s] -- Installing: /home/zx/ws_moveit2/install/moveit_ros_move_group/lib/moveit_ros_move_group/save_map
[87.213s] -- Installing: /home/zx/ws_moveit2/install/moveit_ros_move_group/share/moveit_ros_move_group/default_capabilities_plugin_description.xml
[87.213s] -- Installing: /home/zx/ws_moveit2/install/moveit_ros_move_group/share/ament_index/resource_index/package_run_dependencies/moveit_ros_move_group
[87.213s] -- Installing: /home/zx/ws_moveit2/install/moveit_ros_move_group/share/ament_index/resource_index/parent_prefix_path/moveit_ros_move_group
[87.213s] -- Installing: /home/zx/ws_moveit2/install/moveit_ros_move_group/share/moveit_ros_move_group/environment/ament_prefix_path.sh
[87.213s] -- Installing: /home/zx/ws_moveit2/install/moveit_ros_move_group/share/moveit_ros_move_group/environment/ament_prefix_path.dsv
[87.213s] -- Installing: /home/zx/ws_moveit2/install/moveit_ros_move_group/share/moveit_ros_move_group/environment/path.sh
[87.213s] -- Installing: /home/zx/ws_moveit2/install/moveit_ros_move_group/share/moveit_ros_move_group/environment/path.dsv
[87.213s] -- Installing: /home/zx/ws_moveit2/install/moveit_ros_move_group/share/moveit_ros_move_group/local_setup.bash
[87.214s] -- Installing: /home/zx/ws_moveit2/install/moveit_ros_move_group/share/moveit_ros_move_group/local_setup.sh
[87.214s] -- Installing: /home/zx/ws_moveit2/install/moveit_ros_move_group/share/moveit_ros_move_group/local_setup.zsh
[87.214s] -- Installing: /home/zx/ws_moveit2/install/moveit_ros_move_group/share/moveit_ros_move_group/local_setup.dsv
[87.214s] -- Installing: /home/zx/ws_moveit2/install/moveit_ros_move_group/share/moveit_ros_move_group/package.dsv
[87.214s] -- Installing: /home/zx/ws_moveit2/install/moveit_ros_move_group/share/ament_index/resource_index/packages/moveit_ros_move_group
[87.214s] -- Installing: /home/zx/ws_moveit2/install/moveit_ros_move_group/share/ament_index/resource_index/moveit_ros_move_group__pluginlib__plugin/moveit_ros_move_group
[87.214s] -- Installing: /home/zx/ws_moveit2/install/moveit_ros_move_group/share/moveit_ros_move_group/cmake/export_moveit_ros_move_groupExport.cmake
[87.214s] -- Installing: /home/zx/ws_moveit2/install/moveit_ros_move_group/share/moveit_ros_move_group/cmake/export_moveit_ros_move_groupExport-release.cmake
[87.214s] -- Installing: /home/zx/ws_moveit2/install/moveit_ros_move_group/share/moveit_ros_move_group/cmake/ConfigExtras.cmake
[87.214s] -- Installing: /home/zx/ws_moveit2/install/moveit_ros_move_group/share/moveit_ros_move_group/cmake/ament_cmake_export_targets-extras.cmake
[87.214s] -- Installing: /home/zx/ws_moveit2/install/moveit_ros_move_group/share/moveit_ros_move_group/cmake/ament_cmake_export_dependencies-extras.cmake
[87.214s] -- Installing: /home/zx/ws_moveit2/install/moveit_ros_move_group/share/moveit_ros_move_group/cmake/moveit_ros_move_groupConfig.cmake
[87.215s] -- Installing: /home/zx/ws_moveit2/install/moveit_ros_move_group/share/moveit_ros_move_group/cmake/moveit_ros_move_groupConfig-version.cmake
[87.215s] -- Installing: /home/zx/ws_moveit2/install/moveit_ros_move_group/share/moveit_ros_move_group/package.xml
[87.218s] Invoked command in '/home/zx/ws_moveit2/build/moveit_ros_move_group' returned '0': AMENT_PREFIX_PATH=/home/zx/ws_moveit2/install/moveit_kinematics:/home/zx/ws_moveit2/install/moveit_ros_planning:/home/zx/ws_moveit2/install/moveit_ros_occupancy_map_monitor:/home/zx/ws_moveit2/install/moveit_core:/home/zx/ws_moveit2/install/moveit_resources_fanuc_moveit_config:/home/zx/ws_moveit2/install/srdfdom:/home/zx/ws_moveit2/install/moveit_resources_fanuc_description:/home/zx/ws_moveit2/install/moveit_common:${AMENT_PREFIX_PATH} CMAKE_PREFIX_PATH=/home/zx/ws_moveit2/install/moveit_kinematics:/home/zx/ws_moveit2/install/moveit_ros_planning:/home/zx/ws_moveit2/install/moveit_ros_occupancy_map_monitor:/home/zx/ws_moveit2/install/moveit_core:/home/zx/ws_moveit2/install/moveit_resources_fanuc_moveit_config:/home/zx/ws_moveit2/install/srdfdom:/home/zx/ws_moveit2/install/moveit_resources_fanuc_description:/home/zx/ws_moveit2/install/moveit_common:/opt/ros/humble LD_LIBRARY_PATH=/home/zx/ws_moveit2/install/moveit_kinematics/lib:/home/zx/ws_moveit2/install/moveit_ros_planning/lib:/home/zx/ws_moveit2/install/moveit_ros_occupancy_map_monitor/lib:/home/zx/ws_moveit2/install/moveit_core/lib:/home/zx/ws_moveit2/install/srdfdom/lib:${LD_LIBRARY_PATH} PATH=/home/zx/ws_moveit2/install/moveit_core/bin:${PATH} PYTHONPATH=/home/zx/ws_moveit2/install/srdfdom/local/lib/python3.10/dist-packages:${PYTHONPATH} /usr/bin/cmake --install /home/zx/ws_moveit2/build/moveit_ros_move_group
