[0.018s] Invoking command in '/home/zx/ws_moveit2/build/moveit_ros_perception': AMENT_PREFIX_PATH=/home/zx/ws_moveit2/install/moveit_ros_planning:/home/zx/ws_moveit2/install/moveit_ros_occupancy_map_monitor:/home/zx/ws_moveit2/install/moveit_core:/home/zx/ws_moveit2/install/srdfdom:/home/zx/ws_moveit2/install/moveit_common:${AMENT_PREFIX_PATH} CMAKE_PREFIX_PATH=/home/zx/ws_moveit2/install/moveit_ros_planning:/home/zx/ws_moveit2/install/moveit_ros_occupancy_map_monitor:/home/zx/ws_moveit2/install/moveit_core:/home/zx/ws_moveit2/install/srdfdom:/home/zx/ws_moveit2/install/moveit_common:/opt/ros/humble LD_LIBRARY_PATH=/home/zx/ws_moveit2/install/moveit_ros_planning/lib:/home/zx/ws_moveit2/install/moveit_ros_occupancy_map_monitor/lib:/home/zx/ws_moveit2/install/moveit_core/lib:/home/zx/ws_moveit2/install/srdfdom/lib:${LD_LIBRARY_PATH} PATH=/home/zx/ws_moveit2/install/moveit_core/bin:${PATH} PYTHONPATH=/home/zx/ws_moveit2/install/srdfdom/local/lib/python3.10/dist-packages:${PYTHONPATH} /usr/bin/cmake --build /home/zx/ws_moveit2/build/moveit_ros_perception -- -j12 -l12
[0.073s] [ 10%] Built target moveit_lazy_free_space_updater
[0.114s] [ 40%] Built target moveit_mesh_filter
[0.117s] [ 50%] Built target moveit_semantic_world
[0.118s] [ 60%] Built target moveit_point_containment_filter
[0.149s] [ 70%] Built target moveit_depth_image_octomap_updater_core
[0.151s] [ 80%] Built target moveit_pointcloud_octomap_updater_core
[0.184s] [ 90%] Built target moveit_depth_image_octomap_updater
[0.185s] [100%] Built target moveit_pointcloud_octomap_updater
[0.201s] Invoked command in '/home/zx/ws_moveit2/build/moveit_ros_perception' returned '0': AMENT_PREFIX_PATH=/home/zx/ws_moveit2/install/moveit_ros_planning:/home/zx/ws_moveit2/install/moveit_ros_occupancy_map_monitor:/home/zx/ws_moveit2/install/moveit_core:/home/zx/ws_moveit2/install/srdfdom:/home/zx/ws_moveit2/install/moveit_common:${AMENT_PREFIX_PATH} CMAKE_PREFIX_PATH=/home/zx/ws_moveit2/install/moveit_ros_planning:/home/zx/ws_moveit2/install/moveit_ros_occupancy_map_monitor:/home/zx/ws_moveit2/install/moveit_core:/home/zx/ws_moveit2/install/srdfdom:/home/zx/ws_moveit2/install/moveit_common:/opt/ros/humble LD_LIBRARY_PATH=/home/zx/ws_moveit2/install/moveit_ros_planning/lib:/home/zx/ws_moveit2/install/moveit_ros_occupancy_map_monitor/lib:/home/zx/ws_moveit2/install/moveit_core/lib:/home/zx/ws_moveit2/install/srdfdom/lib:${LD_LIBRARY_PATH} PATH=/home/zx/ws_moveit2/install/moveit_core/bin:${PATH} PYTHONPATH=/home/zx/ws_moveit2/install/srdfdom/local/lib/python3.10/dist-packages:${PYTHONPATH} /usr/bin/cmake --build /home/zx/ws_moveit2/build/moveit_ros_perception -- -j12 -l12
[0.256s] Invoking command in '/home/zx/ws_moveit2/build/moveit_ros_perception': AMENT_PREFIX_PATH=/home/zx/ws_moveit2/install/moveit_ros_planning:/home/zx/ws_moveit2/install/moveit_ros_occupancy_map_monitor:/home/zx/ws_moveit2/install/moveit_core:/home/zx/ws_moveit2/install/srdfdom:/home/zx/ws_moveit2/install/moveit_common:${AMENT_PREFIX_PATH} CMAKE_PREFIX_PATH=/home/zx/ws_moveit2/install/moveit_ros_planning:/home/zx/ws_moveit2/install/moveit_ros_occupancy_map_monitor:/home/zx/ws_moveit2/install/moveit_core:/home/zx/ws_moveit2/install/srdfdom:/home/zx/ws_moveit2/install/moveit_common:/opt/ros/humble LD_LIBRARY_PATH=/home/zx/ws_moveit2/install/moveit_ros_planning/lib:/home/zx/ws_moveit2/install/moveit_ros_occupancy_map_monitor/lib:/home/zx/ws_moveit2/install/moveit_core/lib:/home/zx/ws_moveit2/install/srdfdom/lib:${LD_LIBRARY_PATH} PATH=/home/zx/ws_moveit2/install/moveit_core/bin:${PATH} PYTHONPATH=/home/zx/ws_moveit2/install/srdfdom/local/lib/python3.10/dist-packages:${PYTHONPATH} /usr/bin/cmake --install /home/zx/ws_moveit2/build/moveit_ros_perception
[0.262s] -- Install configuration: "Release"
[0.262s] -- Up-to-date: /home/zx/ws_moveit2/install/moveit_ros_perception/include
[0.262s] -- Up-to-date: /home/zx/ws_moveit2/install/moveit_ros_perception/include/moveit
[0.262s] -- Up-to-date: /home/zx/ws_moveit2/install/moveit_ros_perception/include/moveit/lazy_free_space_updater
[0.262s] -- Up-to-date: /home/zx/ws_moveit2/install/moveit_ros_perception/include/moveit/lazy_free_space_updater/lazy_free_space_updater.h
[0.262s] -- Up-to-date: /home/zx/ws_moveit2/install/moveit_ros_perception/include
[0.262s] -- Up-to-date: /home/zx/ws_moveit2/install/moveit_ros_perception/include/moveit
[0.262s] -- Up-to-date: /home/zx/ws_moveit2/install/moveit_ros_perception/include/moveit/point_containment_filter
[0.262s] -- Up-to-date: /home/zx/ws_moveit2/install/moveit_ros_perception/include/moveit/point_containment_filter/shape_mask.h
[0.262s] -- Up-to-date: /home/zx/ws_moveit2/install/moveit_ros_perception/include
[0.262s] -- Up-to-date: /home/zx/ws_moveit2/install/moveit_ros_perception/include/moveit
[0.262s] -- Up-to-date: /home/zx/ws_moveit2/install/moveit_ros_perception/include/moveit/pointcloud_octomap_updater
[0.262s] -- Up-to-date: /home/zx/ws_moveit2/install/moveit_ros_perception/include/moveit/pointcloud_octomap_updater/pointcloud_octomap_updater.h
[0.262s] -- Up-to-date: /home/zx/ws_moveit2/install/moveit_ros_perception/include
[0.262s] -- Up-to-date: /home/zx/ws_moveit2/install/moveit_ros_perception/include/moveit
[0.263s] -- Up-to-date: /home/zx/ws_moveit2/install/moveit_ros_perception/include/moveit/mesh_filter
[0.263s] -- Up-to-date: /home/zx/ws_moveit2/install/moveit_ros_perception/include/moveit/mesh_filter/filter_job.h
[0.264s] -- Up-to-date: /home/zx/ws_moveit2/install/moveit_ros_perception/include/moveit/mesh_filter/mesh_filter_base.h
[0.264s] -- Up-to-date: /home/zx/ws_moveit2/install/moveit_ros_perception/include/moveit/mesh_filter/gl_renderer.h
[0.264s] -- Up-to-date: /home/zx/ws_moveit2/install/moveit_ros_perception/include/moveit/mesh_filter/transform_provider.h
[0.264s] -- Up-to-date: /home/zx/ws_moveit2/install/moveit_ros_perception/include/moveit/mesh_filter/sensor_model.h
[0.264s] -- Up-to-date: /home/zx/ws_moveit2/install/moveit_ros_perception/include/moveit/mesh_filter/depth_self_filter_nodelet.h
[0.265s] -- Up-to-date: /home/zx/ws_moveit2/install/moveit_ros_perception/include/moveit/mesh_filter/gl_mesh.h
[0.265s] -- Up-to-date: /home/zx/ws_moveit2/install/moveit_ros_perception/include/moveit/mesh_filter/stereo_camera_model.h
[0.265s] -- Up-to-date: /home/zx/ws_moveit2/install/moveit_ros_perception/include/moveit/mesh_filter/mesh_filter.h
[0.265s] -- Up-to-date: /home/zx/ws_moveit2/install/moveit_ros_perception/include/moveit_mesh_filter_export.h
[0.265s] -- Up-to-date: /home/zx/ws_moveit2/install/moveit_ros_perception/include
[0.265s] -- Up-to-date: /home/zx/ws_moveit2/install/moveit_ros_perception/include/moveit
[0.265s] -- Up-to-date: /home/zx/ws_moveit2/install/moveit_ros_perception/include/moveit/depth_image_octomap_updater
[0.265s] -- Up-to-date: /home/zx/ws_moveit2/install/moveit_ros_perception/include/moveit/depth_image_octomap_updater/depth_image_octomap_updater.h
[0.265s] -- Up-to-date: /home/zx/ws_moveit2/install/moveit_ros_perception/include
[0.265s] -- Up-to-date: /home/zx/ws_moveit2/install/moveit_ros_perception/include/moveit
[0.265s] -- Up-to-date: /home/zx/ws_moveit2/install/moveit_ros_perception/include/moveit/semantic_world
[0.265s] -- Up-to-date: /home/zx/ws_moveit2/install/moveit_ros_perception/include/moveit/semantic_world/semantic_world.h
[0.265s] -- Up-to-date: /home/zx/ws_moveit2/install/moveit_ros_perception/lib/libmoveit_depth_image_octomap_updater.so.2.5.4
[0.265s] -- Up-to-date: /home/zx/ws_moveit2/install/moveit_ros_perception/lib/libmoveit_depth_image_octomap_updater.so
[0.265s] -- Up-to-date: /home/zx/ws_moveit2/install/moveit_ros_perception/lib/libmoveit_depth_image_octomap_updater_core.so.2.5.4
[0.266s] -- Up-to-date: /home/zx/ws_moveit2/install/moveit_ros_perception/lib/libmoveit_depth_image_octomap_updater_core.so
[0.266s] -- Up-to-date: /home/zx/ws_moveit2/install/moveit_ros_perception/lib/libmoveit_lazy_free_space_updater.so.2.5.4
[0.266s] -- Up-to-date: /home/zx/ws_moveit2/install/moveit_ros_perception/lib/libmoveit_lazy_free_space_updater.so
[0.266s] -- Up-to-date: /home/zx/ws_moveit2/install/moveit_ros_perception/lib/libmoveit_mesh_filter.so.2.5.4
[0.266s] -- Up-to-date: /home/zx/ws_moveit2/install/moveit_ros_perception/lib/libmoveit_mesh_filter.so
[0.267s] -- Up-to-date: /home/zx/ws_moveit2/install/moveit_ros_perception/lib/libmoveit_point_containment_filter.so.2.5.4
[0.267s] -- Up-to-date: /home/zx/ws_moveit2/install/moveit_ros_perception/lib/libmoveit_point_containment_filter.so
[0.268s] -- Up-to-date: /home/zx/ws_moveit2/install/moveit_ros_perception/lib/libmoveit_pointcloud_octomap_updater.so.2.5.4
[0.268s] -- Up-to-date: /home/zx/ws_moveit2/install/moveit_ros_perception/lib/libmoveit_pointcloud_octomap_updater.so
[0.268s] -- Up-to-date: /home/zx/ws_moveit2/install/moveit_ros_perception/lib/libmoveit_pointcloud_octomap_updater_core.so.2.5.4
[0.268s] -- Up-to-date: /home/zx/ws_moveit2/install/moveit_ros_perception/lib/libmoveit_pointcloud_octomap_updater_core.so
[0.268s] -- Up-to-date: /home/zx/ws_moveit2/install/moveit_ros_perception/lib/libmoveit_semantic_world.so.2.5.4
[0.268s] -- Up-to-date: /home/zx/ws_moveit2/install/moveit_ros_perception/lib/libmoveit_semantic_world.so
[0.268s] -- Up-to-date: /home/zx/ws_moveit2/install/moveit_ros_perception/share/moveit_ros_perception/environment/library_path.sh
[0.269s] -- Up-to-date: /home/zx/ws_moveit2/install/moveit_ros_perception/share/moveit_ros_perception/environment/library_path.dsv
[0.269s] -- Up-to-date: /home/zx/ws_moveit2/install/moveit_ros_perception/share/moveit_ros_perception/pointcloud_octomap_updater_plugin_description.xml
[0.269s] -- Up-to-date: /home/zx/ws_moveit2/install/moveit_ros_perception/share/moveit_ros_perception/depth_image_octomap_updater_plugin_description.xml
[0.269s] -- Up-to-date: /home/zx/ws_moveit2/install/moveit_ros_perception/share/ament_index/resource_index/package_run_dependencies/moveit_ros_perception
[0.269s] -- Up-to-date: /home/zx/ws_moveit2/install/moveit_ros_perception/share/ament_index/resource_index/parent_prefix_path/moveit_ros_perception
[0.269s] -- Up-to-date: /home/zx/ws_moveit2/install/moveit_ros_perception/share/moveit_ros_perception/environment/ament_prefix_path.sh
[0.269s] -- Up-to-date: /home/zx/ws_moveit2/install/moveit_ros_perception/share/moveit_ros_perception/environment/ament_prefix_path.dsv
[0.269s] -- Up-to-date: /home/zx/ws_moveit2/install/moveit_ros_perception/share/moveit_ros_perception/environment/path.sh
[0.269s] -- Up-to-date: /home/zx/ws_moveit2/install/moveit_ros_perception/share/moveit_ros_perception/environment/path.dsv
[0.269s] -- Up-to-date: /home/zx/ws_moveit2/install/moveit_ros_perception/share/moveit_ros_perception/local_setup.bash
[0.270s] -- Up-to-date: /home/zx/ws_moveit2/install/moveit_ros_perception/share/moveit_ros_perception/local_setup.sh
[0.270s] -- Up-to-date: /home/zx/ws_moveit2/install/moveit_ros_perception/share/moveit_ros_perception/local_setup.zsh
[0.270s] -- Up-to-date: /home/zx/ws_moveit2/install/moveit_ros_perception/share/moveit_ros_perception/local_setup.dsv
[0.270s] -- Installing: /home/zx/ws_moveit2/install/moveit_ros_perception/share/moveit_ros_perception/package.dsv
[0.270s] -- Up-to-date: /home/zx/ws_moveit2/install/moveit_ros_perception/share/ament_index/resource_index/packages/moveit_ros_perception
[0.270s] -- Up-to-date: /home/zx/ws_moveit2/install/moveit_ros_perception/share/ament_index/resource_index/moveit_ros_occupancy_map_monitor__pluginlib__plugin/moveit_ros_perception
[0.270s] -- Up-to-date: /home/zx/ws_moveit2/install/moveit_ros_perception/share/moveit_ros_perception/cmake/export_moveit_ros_perceptionExport.cmake
[0.270s] -- Up-to-date: /home/zx/ws_moveit2/install/moveit_ros_perception/share/moveit_ros_perception/cmake/export_moveit_ros_perceptionExport-release.cmake
[0.270s] -- Up-to-date: /home/zx/ws_moveit2/install/moveit_ros_perception/share/moveit_ros_perception/cmake/ConfigExtras.cmake
[0.271s] -- Up-to-date: /home/zx/ws_moveit2/install/moveit_ros_perception/share/moveit_ros_perception/cmake/ament_cmake_export_targets-extras.cmake
[0.271s] -- Up-to-date: /home/zx/ws_moveit2/install/moveit_ros_perception/share/moveit_ros_perception/cmake/ament_cmake_export_dependencies-extras.cmake
[0.271s] -- Up-to-date: /home/zx/ws_moveit2/install/moveit_ros_perception/share/moveit_ros_perception/cmake/moveit_ros_perceptionConfig.cmake
[0.271s] -- Up-to-date: /home/zx/ws_moveit2/install/moveit_ros_perception/share/moveit_ros_perception/cmake/moveit_ros_perceptionConfig-version.cmake
[0.271s] -- Up-to-date: /home/zx/ws_moveit2/install/moveit_ros_perception/share/moveit_ros_perception/package.xml
[0.298s] Invoked command in '/home/zx/ws_moveit2/build/moveit_ros_perception' returned '0': AMENT_PREFIX_PATH=/home/zx/ws_moveit2/install/moveit_ros_planning:/home/zx/ws_moveit2/install/moveit_ros_occupancy_map_monitor:/home/zx/ws_moveit2/install/moveit_core:/home/zx/ws_moveit2/install/srdfdom:/home/zx/ws_moveit2/install/moveit_common:${AMENT_PREFIX_PATH} CMAKE_PREFIX_PATH=/home/zx/ws_moveit2/install/moveit_ros_planning:/home/zx/ws_moveit2/install/moveit_ros_occupancy_map_monitor:/home/zx/ws_moveit2/install/moveit_core:/home/zx/ws_moveit2/install/srdfdom:/home/zx/ws_moveit2/install/moveit_common:/opt/ros/humble LD_LIBRARY_PATH=/home/zx/ws_moveit2/install/moveit_ros_planning/lib:/home/zx/ws_moveit2/install/moveit_ros_occupancy_map_monitor/lib:/home/zx/ws_moveit2/install/moveit_core/lib:/home/zx/ws_moveit2/install/srdfdom/lib:${LD_LIBRARY_PATH} PATH=/home/zx/ws_moveit2/install/moveit_core/bin:${PATH} PYTHONPATH=/home/zx/ws_moveit2/install/srdfdom/local/lib/python3.10/dist-packages:${PYTHONPATH} /usr/bin/cmake --install /home/zx/ws_moveit2/build/moveit_ros_perception
