[0.020s] Invoking command in '/home/zx/ws_moveit2/build/moveit_servo': AMENT_PREFIX_PATH=/home/zx/ws_moveit2/install/moveit_ros_planning_interface:/home/zx/ws_moveit2/install/moveit_ros_move_group:/home/zx/ws_moveit2/install/moveit_ros_warehouse:/home/zx/ws_moveit2/install/moveit_kinematics:/home/zx/ws_moveit2/install/moveit_ros_planning:/home/zx/ws_moveit2/install/moveit_ros_occupancy_map_monitor:/home/zx/ws_moveit2/install/moveit_core:/home/zx/ws_moveit2/install/moveit_resources_panda_moveit_config:/home/zx/ws_moveit2/install/moveit_configs_utils:/home/zx/ws_moveit2/install/srdfdom:/home/zx/ws_moveit2/install/moveit_resources_panda_description:/home/zx/ws_moveit2/install/moveit_common:/home/zx/ws_moveit2/install/launch_param_builder:${AMENT_PREFIX_PATH} CMAKE_PREFIX_PATH=/home/zx/ws_moveit2/install/moveit_ros_planning_interface:/home/zx/ws_moveit2/install/moveit_ros_move_group:/home/zx/ws_moveit2/install/moveit_ros_warehouse:/home/zx/ws_moveit2/install/moveit_kinematics:/home/zx/ws_moveit2/install/moveit_ros_planning:/home/zx/ws_moveit2/install/moveit_ros_occupancy_map_monitor:/home/zx/ws_moveit2/install/moveit_core:/home/zx/ws_moveit2/install/moveit_resources_panda_moveit_config:/home/zx/ws_moveit2/install/srdfdom:/home/zx/ws_moveit2/install/moveit_resources_panda_description:/home/zx/ws_moveit2/install/moveit_common:/opt/ros/humble LD_LIBRARY_PATH=/home/zx/ws_moveit2/install/moveit_ros_planning_interface/lib:/home/zx/ws_moveit2/install/moveit_ros_move_group/lib:/home/zx/ws_moveit2/install/moveit_ros_warehouse/lib:/home/zx/ws_moveit2/install/moveit_kinematics/lib:/home/zx/ws_moveit2/install/moveit_ros_planning/lib:/home/zx/ws_moveit2/install/moveit_ros_occupancy_map_monitor/lib:/home/zx/ws_moveit2/install/moveit_core/lib:/home/zx/ws_moveit2/install/srdfdom/lib:${LD_LIBRARY_PATH} PATH=/home/zx/ws_moveit2/install/moveit_core/bin:${PATH} PYTHONPATH=/home/zx/ws_moveit2/install/moveit_configs_utils/lib/python3.10/site-packages:/home/zx/ws_moveit2/install/srdfdom/local/lib/python3.10/dist-packages:/home/zx/ws_moveit2/install/launch_param_builder/lib/python3.10/site-packages:${PYTHONPATH} /usr/bin/cmake /home/zx/ws_moveit2/src/moveit2/moveit_ros/moveit_servo -DCMAKE_BUILD_TYPE=Release -DCMAKE_INSTALL_PREFIX=/home/zx/ws_moveit2/install/moveit_servo
[0.057s] -- The C compiler identification is GNU 11.4.0
[0.102s] -- The CXX compiler identification is GNU 11.4.0
[0.107s] -- Detecting C compiler ABI info
[0.157s] -- Detecting C compiler ABI info - done
[0.166s] -- Check for working C compiler: /usr/bin/cc - skipped
[0.166s] -- Detecting C compile features
[0.167s] -- Detecting C compile features - done
[0.170s] -- Detecting CXX compiler ABI info
[0.233s] -- Detecting CXX compiler ABI info - done
[0.238s] -- Check for working CXX compiler: /usr/bin/c++ - skipped
[0.238s] -- Detecting CXX compile features
[0.239s] -- Detecting CXX compile features - done
[0.240s] -- Found moveit_common: 2.5.4 (/home/zx/ws_moveit2/install/moveit_common/share/moveit_common/cmake)
[0.242s] -- Found ament_cmake: 1.3.5 (/opt/ros/humble/share/ament_cmake/cmake)
[0.386s] -- Found Python3: /usr/bin/python3.10 (found version "3.10.12") found components: Interpreter 
[0.533s] -- Found libdw: /usr/lib/x86_64-linux-gnu/libdw.so  
[0.539s] -- Could NOT find libbfd (missing: LIBBFD_LIBRARY LIBBFD_INCLUDE_DIR) 
[0.539s] -- BACKWARD_HAS_UNWIND=1
[0.539s] -- BACKWARD_HAS_BACKTRACE=0
[0.539s] -- BACKWARD_HAS_BACKTRACE_SYMBOL=0
[0.539s] -- BACKWARD_HAS_DW=1
[0.539s] -- BACKWARD_HAS_BFD=0
[0.540s] -- Found Backward: /opt/ros/humble/share/backward_ros/cmake  
[0.543s] -- Found eigen3_cmake_module: 0.1.1 (/opt/ros/humble/share/eigen3_cmake_module/cmake)
[0.552s] -- Found Eigen3: TRUE (found version "3.4.0") 
[0.555s] -- Found control_msgs: 4.4.0 (/opt/ros/humble/share/control_msgs/cmake)
[0.601s] -- Found rosidl_generator_c: 3.1.5 (/opt/ros/humble/share/rosidl_generator_c/cmake)
[0.607s] -- Found rosidl_adapter: 3.1.5 (/opt/ros/humble/share/rosidl_adapter/cmake)
[0.614s] -- Found rosidl_generator_cpp: 3.1.5 (/opt/ros/humble/share/rosidl_generator_cpp/cmake)
[0.626s] -- Using all available rosidl_typesupport_c: rosidl_typesupport_fastrtps_c;rosidl_typesupport_introspection_c
[0.642s] -- Using all available rosidl_typesupport_cpp: rosidl_typesupport_fastrtps_cpp;rosidl_typesupport_introspection_cpp
[1.044s] -- Found control_toolbox: 3.1.0 (/opt/ros/humble/share/control_toolbox/cmake)
[1.103s] -- Found rmw_implementation_cmake: 6.1.1 (/opt/ros/humble/share/rmw_implementation_cmake/cmake)
[1.106s] -- Found rmw_fastrtps_cpp: 6.2.3 (/opt/ros/humble/share/rmw_fastrtps_cpp/cmake)
[1.188s] -- Found OpenSSL: /usr/lib/x86_64-linux-gnu/libcrypto.so (found version "3.0.2")  
[1.214s] -- Found FastRTPS: /opt/ros/humble/include  
[1.265s] -- Using RMW implementation 'rmw_fastrtps_cpp' as default
[1.276s] -- Looking for pthread.h
[1.351s] -- Looking for pthread.h - found
[1.351s] -- Performing Test CMAKE_HAVE_LIBC_PTHREAD
[1.426s] -- Performing Test CMAKE_HAVE_LIBC_PTHREAD - Success
[1.427s] -- Found Threads: TRUE  
[1.556s] -- Found moveit_core: 2.5.4 (/home/zx/ws_moveit2/install/moveit_core/share/moveit_core/cmake)
[1.588s] -- Found Boost: /usr/lib/x86_64-linux-gnu/cmake/Boost-1.74.0/BoostConfig.cmake (found version "1.74.0") found components: chrono date_time filesystem iostreams program_options regex serialization system thread 
[1.600s] -- Found parameter_traits: 0.3.6 (/opt/ros/humble/share/parameter_traits/cmake)
[1.617s] -- Found rclcpp_lifecycle: 16.0.5 (/opt/ros/humble/share/rclcpp_lifecycle/cmake)
[1.653s] -- Found Boost: /usr/lib/x86_64-linux-gnu/cmake/Boost-1.74.0/BoostConfig.cmake (found version "1.74.0") found components: filesystem 
[1.726s] -- library: /usr/lib/x86_64-linux-gnu/libcurl.so
[1.880s] -- Ensuring Eigen3 include directory is part of orocos-kdl CMake target
[2.536s] -- Found moveit_ros_planning: 2.5.4 (/home/zx/ws_moveit2/install/moveit_ros_planning/share/moveit_ros_planning/cmake)
[2.540s] -- Found Boost: /usr/lib/x86_64-linux-gnu/cmake/Boost-1.74.0/BoostConfig.cmake (found version "1.74.0") found components: system filesystem date_time program_options thread chrono 
[2.848s] -- Found std_srvs: 4.2.3 (/opt/ros/humble/share/std_srvs/cmake)
[2.907s] -- Found ament_lint_auto: 0.12.7 (/opt/ros/humble/share/ament_lint_auto/cmake)
[2.909s] -- Found ament_cmake_gtest: 1.3.5 (/opt/ros/humble/share/ament_cmake_gtest/cmake)
[2.911s] -- Found ros_testing: 0.4.0 (/opt/ros/humble/share/ros_testing/cmake)
[2.913s] -- Found launch_testing_ament_cmake: 1.0.4 (/opt/ros/humble/share/launch_testing_ament_cmake/cmake)
[2.915s] -- Found python_cmake_module: 0.10.0 (/opt/ros/humble/share/python_cmake_module/cmake)
[2.931s] -- Found PythonInterp: /usr/bin/python3 (found suitable version "3.10.12", minimum required is "3.6") 
[2.935s] -- Found PythonLibs: /usr/lib/x86_64-linux-gnu/libpython3.10.so (found suitable version "3.10.12", minimum required is "3.5") 
[2.935s] -- Using PYTHON_EXECUTABLE: /usr/bin/python3
[2.935s] -- Using PYTHON_INCLUDE_DIRS: /usr/include/python3.10
[2.935s] -- Using PYTHON_LIBRARIES: /usr/lib/x86_64-linux-gnu/libpython3.10.so
[2.953s] -- Found PythonExtra: .so  
[2.956s] -- Found Boost: /usr/lib/x86_64-linux-gnu/cmake/Boost-1.74.0/BoostConfig.cmake (found version "1.74.0") found components: filesystem 
[3.363s] -- Found gtest sources under '/opt/ros/humble/src/gtest_vendor': C++ tests using 'Google Test' will be built
[3.394s] -- Added test 'cppcheck' to perform static code analysis on C / C++ code
[3.395s] -- Configured cppcheck include dirs: /home/zx/ws_moveit2/src/moveit2/moveit_ros/moveit_servo/include
[3.395s] -- Configured cppcheck exclude dirs and/or files: 
[3.396s] -- Added test 'lint_cmake' to check CMake code style
[3.397s] -- Added test 'pep257' to check Python code against some of the docstring style conventions in PEP 257
[3.397s] -- Added test 'xmllint' to check XML markup files
[3.398s] -- Configuring done
[3.532s] -- Generating done
[3.535s] -- Build files have been written to: /home/zx/ws_moveit2/build/moveit_servo
[3.548s] Invoked command in '/home/zx/ws_moveit2/build/moveit_servo' returned '0': AMENT_PREFIX_PATH=/home/zx/ws_moveit2/install/moveit_ros_planning_interface:/home/zx/ws_moveit2/install/moveit_ros_move_group:/home/zx/ws_moveit2/install/moveit_ros_warehouse:/home/zx/ws_moveit2/install/moveit_kinematics:/home/zx/ws_moveit2/install/moveit_ros_planning:/home/zx/ws_moveit2/install/moveit_ros_occupancy_map_monitor:/home/zx/ws_moveit2/install/moveit_core:/home/zx/ws_moveit2/install/moveit_resources_panda_moveit_config:/home/zx/ws_moveit2/install/moveit_configs_utils:/home/zx/ws_moveit2/install/srdfdom:/home/zx/ws_moveit2/install/moveit_resources_panda_description:/home/zx/ws_moveit2/install/moveit_common:/home/zx/ws_moveit2/install/launch_param_builder:${AMENT_PREFIX_PATH} CMAKE_PREFIX_PATH=/home/zx/ws_moveit2/install/moveit_ros_planning_interface:/home/zx/ws_moveit2/install/moveit_ros_move_group:/home/zx/ws_moveit2/install/moveit_ros_warehouse:/home/zx/ws_moveit2/install/moveit_kinematics:/home/zx/ws_moveit2/install/moveit_ros_planning:/home/zx/ws_moveit2/install/moveit_ros_occupancy_map_monitor:/home/zx/ws_moveit2/install/moveit_core:/home/zx/ws_moveit2/install/moveit_resources_panda_moveit_config:/home/zx/ws_moveit2/install/srdfdom:/home/zx/ws_moveit2/install/moveit_resources_panda_description:/home/zx/ws_moveit2/install/moveit_common:/opt/ros/humble LD_LIBRARY_PATH=/home/zx/ws_moveit2/install/moveit_ros_planning_interface/lib:/home/zx/ws_moveit2/install/moveit_ros_move_group/lib:/home/zx/ws_moveit2/install/moveit_ros_warehouse/lib:/home/zx/ws_moveit2/install/moveit_kinematics/lib:/home/zx/ws_moveit2/install/moveit_ros_planning/lib:/home/zx/ws_moveit2/install/moveit_ros_occupancy_map_monitor/lib:/home/zx/ws_moveit2/install/moveit_core/lib:/home/zx/ws_moveit2/install/srdfdom/lib:${LD_LIBRARY_PATH} PATH=/home/zx/ws_moveit2/install/moveit_core/bin:${PATH} PYTHONPATH=/home/zx/ws_moveit2/install/moveit_configs_utils/lib/python3.10/site-packages:/home/zx/ws_moveit2/install/srdfdom/local/lib/python3.10/dist-packages:/home/zx/ws_moveit2/install/launch_param_builder/lib/python3.10/site-packages:${PYTHONPATH} /usr/bin/cmake /home/zx/ws_moveit2/src/moveit2/moveit_ros/moveit_servo -DCMAKE_BUILD_TYPE=Release -DCMAKE_INSTALL_PREFIX=/home/zx/ws_moveit2/install/moveit_servo
[3.549s] Invoking command in '/home/zx/ws_moveit2/build/moveit_servo': AMENT_PREFIX_PATH=/home/zx/ws_moveit2/install/moveit_ros_planning_interface:/home/zx/ws_moveit2/install/moveit_ros_move_group:/home/zx/ws_moveit2/install/moveit_ros_warehouse:/home/zx/ws_moveit2/install/moveit_kinematics:/home/zx/ws_moveit2/install/moveit_ros_planning:/home/zx/ws_moveit2/install/moveit_ros_occupancy_map_monitor:/home/zx/ws_moveit2/install/moveit_core:/home/zx/ws_moveit2/install/moveit_resources_panda_moveit_config:/home/zx/ws_moveit2/install/moveit_configs_utils:/home/zx/ws_moveit2/install/srdfdom:/home/zx/ws_moveit2/install/moveit_resources_panda_description:/home/zx/ws_moveit2/install/moveit_common:/home/zx/ws_moveit2/install/launch_param_builder:${AMENT_PREFIX_PATH} CMAKE_PREFIX_PATH=/home/zx/ws_moveit2/install/moveit_ros_planning_interface:/home/zx/ws_moveit2/install/moveit_ros_move_group:/home/zx/ws_moveit2/install/moveit_ros_warehouse:/home/zx/ws_moveit2/install/moveit_kinematics:/home/zx/ws_moveit2/install/moveit_ros_planning:/home/zx/ws_moveit2/install/moveit_ros_occupancy_map_monitor:/home/zx/ws_moveit2/install/moveit_core:/home/zx/ws_moveit2/install/moveit_resources_panda_moveit_config:/home/zx/ws_moveit2/install/srdfdom:/home/zx/ws_moveit2/install/moveit_resources_panda_description:/home/zx/ws_moveit2/install/moveit_common:/opt/ros/humble LD_LIBRARY_PATH=/home/zx/ws_moveit2/install/moveit_ros_planning_interface/lib:/home/zx/ws_moveit2/install/moveit_ros_move_group/lib:/home/zx/ws_moveit2/install/moveit_ros_warehouse/lib:/home/zx/ws_moveit2/install/moveit_kinematics/lib:/home/zx/ws_moveit2/install/moveit_ros_planning/lib:/home/zx/ws_moveit2/install/moveit_ros_occupancy_map_monitor/lib:/home/zx/ws_moveit2/install/moveit_core/lib:/home/zx/ws_moveit2/install/srdfdom/lib:${LD_LIBRARY_PATH} PATH=/home/zx/ws_moveit2/install/moveit_core/bin:${PATH} PYTHONPATH=/home/zx/ws_moveit2/install/moveit_configs_utils/lib/python3.10/site-packages:/home/zx/ws_moveit2/install/srdfdom/local/lib/python3.10/dist-packages:/home/zx/ws_moveit2/install/launch_param_builder/lib/python3.10/site-packages:${PYTHONPATH} /usr/bin/cmake --build /home/zx/ws_moveit2/build/moveit_servo -- -j12 -l12
[3.591s] [  3%] [32mBuilding CXX object gtest/CMakeFiles/gtest.dir/src/gtest-all.cc.o[0m
[3.592s] [  6%] [32mBuilding CXX object CMakeFiles/fake_command_publisher.dir/test/publish_fake_jog_commands.cpp.o[0m
[3.592s] [  9%] [32mBuilding CXX object CMakeFiles/moveit_servo_lib_parameters.dir/src/servo_parameters.cpp.o[0m
[3.592s] [ 12%] [32mBuilding CXX object gtest/CMakeFiles/gtest_main.dir/src/gtest_main.cc.o[0m
[3.595s] [ 15%] [32mBuilding CXX object CMakeFiles/moveit_servo_lib_parameters.dir/src/parameter_descriptor_builder.cpp.o[0m
[3.595s] [ 18%] [32mBuilding CXX object CMakeFiles/servo_controller_input.dir/src/teleop_demo/joystick_servo_example.cpp.o[0m
[4.419s] [ 21%] [32m[1mLinking CXX static library libgtest_main.a[0m
[4.456s] [ 21%] Built target gtest_main
[12.025s] [ 24%] [32m[1mLinking CXX executable fake_command_publisher[0m
[12.636s] [ 24%] Built target fake_command_publisher
[17.886s] [ 27%] [32m[1mLinking CXX static library libgtest.a[0m
[18.175s] [ 27%] Built target gtest
[28.352s] [ 30%] [32m[1mLinking CXX shared library libmoveit_servo_lib_parameters.so[0m
[29.133s] [ 30%] Built target moveit_servo_lib_parameters
[36.291s] [ 33%] [32m[1mLinking CXX shared library libservo_controller_input.so[0m
[36.871s] [ 33%] Built target servo_controller_input
[36.893s] [ 36%] [32mBuilding CXX object CMakeFiles/test_servo_collision.dir/test/test_servo_collision.cpp.o[0m
[59.625s] [ 39%] [32m[1mLinking CXX executable test_servo_collision[0m
[59.929s] [ 39%] Built target test_servo_collision
[59.948s] [ 42%] [32mBuilding CXX object CMakeFiles/test_servo_integration.dir/test/test_servo_interface.cpp.o[0m
[91.562s] [ 45%] [32m[1mLinking CXX executable test_servo_integration[0m
[91.906s] [ 45%] Built target test_servo_integration
[91.923s] [ 48%] [32mBuilding CXX object CMakeFiles/moveit_servo_lib.dir/src/collision_check.cpp.o[0m
[101.967s] [ 51%] [32mBuilding CXX object CMakeFiles/moveit_servo_lib.dir/src/utilities.cpp.o[0m
[113.501s] [ 57%] [32mBuilding CXX object CMakeFiles/moveit_servo_lib.dir/src/servo.cpp.o[0m
[113.501s] [ 57%] [32mBuilding CXX object CMakeFiles/moveit_servo_lib.dir/src/servo_calcs.cpp.o[0m
[162.789s] [ 60%] [32mBuilding CXX object CMakeFiles/moveit_servo_lib.dir/src/enforce_limits.cpp.o[0m
[169.036s] [ 63%] [32m[1mLinking CXX shared library libmoveit_servo_lib.so[0m
[169.508s] [ 63%] Built target moveit_servo_lib
[169.531s] [ 66%] [32mBuilding CXX object CMakeFiles/pose_tracking.dir/src/pose_tracking.cpp.o[0m
[188.606s] [ 69%] [32m[1mLinking CXX shared library libpose_tracking.so[0m
[189.061s] [ 69%] Built target pose_tracking
[189.096s] [ 72%] [32mBuilding CXX object CMakeFiles/servo_calcs_unit_tests.dir/test/servo_calcs_unit_tests.cpp.o[0m
[189.096s] [ 75%] [32mBuilding CXX object CMakeFiles/servo_node.dir/src/servo_node.cpp.o[0m
[209.438s] [ 78%] [32m[1mLinking CXX shared library libservo_node.so[0m
[209.960s] [ 78%] Built target servo_node
[221.916s] [ 81%] [32m[1mLinking CXX executable servo_calcs_unit_tests[0m
[222.259s] [ 81%] Built target servo_calcs_unit_tests
[222.277s] [ 84%] [32mBuilding CXX object CMakeFiles/servo_node_main.dir/src/servo_node_main.cpp.o[0m
[232.781s] [ 87%] [32m[1mLinking CXX executable servo_node_main[0m
[233.053s] [ 87%] Built target servo_node_main
[233.075s] [ 90%] [32mBuilding CXX object CMakeFiles/test_servo_pose_tracking.dir/test/pose_tracking_test.cpp.o[0m
[252.112s] [ 93%] [32m[1mLinking CXX executable test_servo_pose_tracking[0m
[252.548s] [ 93%] Built target test_servo_pose_tracking
[252.567s] [ 96%] [32mBuilding CXX object CMakeFiles/servo_pose_tracking_demo.dir/src/cpp_interface_demo/pose_tracking_demo.cpp.o[0m
[269.845s] [100%] [32m[1mLinking CXX executable servo_pose_tracking_demo[0m
[270.380s] [100%] Built target servo_pose_tracking_demo
[270.401s] Invoked command in '/home/zx/ws_moveit2/build/moveit_servo' returned '0': AMENT_PREFIX_PATH=/home/zx/ws_moveit2/install/moveit_ros_planning_interface:/home/zx/ws_moveit2/install/moveit_ros_move_group:/home/zx/ws_moveit2/install/moveit_ros_warehouse:/home/zx/ws_moveit2/install/moveit_kinematics:/home/zx/ws_moveit2/install/moveit_ros_planning:/home/zx/ws_moveit2/install/moveit_ros_occupancy_map_monitor:/home/zx/ws_moveit2/install/moveit_core:/home/zx/ws_moveit2/install/moveit_resources_panda_moveit_config:/home/zx/ws_moveit2/install/moveit_configs_utils:/home/zx/ws_moveit2/install/srdfdom:/home/zx/ws_moveit2/install/moveit_resources_panda_description:/home/zx/ws_moveit2/install/moveit_common:/home/zx/ws_moveit2/install/launch_param_builder:${AMENT_PREFIX_PATH} CMAKE_PREFIX_PATH=/home/zx/ws_moveit2/install/moveit_ros_planning_interface:/home/zx/ws_moveit2/install/moveit_ros_move_group:/home/zx/ws_moveit2/install/moveit_ros_warehouse:/home/zx/ws_moveit2/install/moveit_kinematics:/home/zx/ws_moveit2/install/moveit_ros_planning:/home/zx/ws_moveit2/install/moveit_ros_occupancy_map_monitor:/home/zx/ws_moveit2/install/moveit_core:/home/zx/ws_moveit2/install/moveit_resources_panda_moveit_config:/home/zx/ws_moveit2/install/srdfdom:/home/zx/ws_moveit2/install/moveit_resources_panda_description:/home/zx/ws_moveit2/install/moveit_common:/opt/ros/humble LD_LIBRARY_PATH=/home/zx/ws_moveit2/install/moveit_ros_planning_interface/lib:/home/zx/ws_moveit2/install/moveit_ros_move_group/lib:/home/zx/ws_moveit2/install/moveit_ros_warehouse/lib:/home/zx/ws_moveit2/install/moveit_kinematics/lib:/home/zx/ws_moveit2/install/moveit_ros_planning/lib:/home/zx/ws_moveit2/install/moveit_ros_occupancy_map_monitor/lib:/home/zx/ws_moveit2/install/moveit_core/lib:/home/zx/ws_moveit2/install/srdfdom/lib:${LD_LIBRARY_PATH} PATH=/home/zx/ws_moveit2/install/moveit_core/bin:${PATH} PYTHONPATH=/home/zx/ws_moveit2/install/moveit_configs_utils/lib/python3.10/site-packages:/home/zx/ws_moveit2/install/srdfdom/local/lib/python3.10/dist-packages:/home/zx/ws_moveit2/install/launch_param_builder/lib/python3.10/site-packages:${PYTHONPATH} /usr/bin/cmake --build /home/zx/ws_moveit2/build/moveit_servo -- -j12 -l12
[270.497s] Invoking command in '/home/zx/ws_moveit2/build/moveit_servo': AMENT_PREFIX_PATH=/home/zx/ws_moveit2/install/moveit_ros_planning_interface:/home/zx/ws_moveit2/install/moveit_ros_move_group:/home/zx/ws_moveit2/install/moveit_ros_warehouse:/home/zx/ws_moveit2/install/moveit_kinematics:/home/zx/ws_moveit2/install/moveit_ros_planning:/home/zx/ws_moveit2/install/moveit_ros_occupancy_map_monitor:/home/zx/ws_moveit2/install/moveit_core:/home/zx/ws_moveit2/install/moveit_resources_panda_moveit_config:/home/zx/ws_moveit2/install/moveit_configs_utils:/home/zx/ws_moveit2/install/srdfdom:/home/zx/ws_moveit2/install/moveit_resources_panda_description:/home/zx/ws_moveit2/install/moveit_common:/home/zx/ws_moveit2/install/launch_param_builder:${AMENT_PREFIX_PATH} CMAKE_PREFIX_PATH=/home/zx/ws_moveit2/install/moveit_ros_planning_interface:/home/zx/ws_moveit2/install/moveit_ros_move_group:/home/zx/ws_moveit2/install/moveit_ros_warehouse:/home/zx/ws_moveit2/install/moveit_kinematics:/home/zx/ws_moveit2/install/moveit_ros_planning:/home/zx/ws_moveit2/install/moveit_ros_occupancy_map_monitor:/home/zx/ws_moveit2/install/moveit_core:/home/zx/ws_moveit2/install/moveit_resources_panda_moveit_config:/home/zx/ws_moveit2/install/srdfdom:/home/zx/ws_moveit2/install/moveit_resources_panda_description:/home/zx/ws_moveit2/install/moveit_common:/opt/ros/humble LD_LIBRARY_PATH=/home/zx/ws_moveit2/install/moveit_ros_planning_interface/lib:/home/zx/ws_moveit2/install/moveit_ros_move_group/lib:/home/zx/ws_moveit2/install/moveit_ros_warehouse/lib:/home/zx/ws_moveit2/install/moveit_kinematics/lib:/home/zx/ws_moveit2/install/moveit_ros_planning/lib:/home/zx/ws_moveit2/install/moveit_ros_occupancy_map_monitor/lib:/home/zx/ws_moveit2/install/moveit_core/lib:/home/zx/ws_moveit2/install/srdfdom/lib:${LD_LIBRARY_PATH} PATH=/home/zx/ws_moveit2/install/moveit_core/bin:${PATH} PYTHONPATH=/home/zx/ws_moveit2/install/moveit_configs_utils/lib/python3.10/site-packages:/home/zx/ws_moveit2/install/srdfdom/local/lib/python3.10/dist-packages:/home/zx/ws_moveit2/install/launch_param_builder/lib/python3.10/site-packages:${PYTHONPATH} /usr/bin/cmake --install /home/zx/ws_moveit2/build/moveit_servo
[270.512s] -- Install configuration: "Release"
[270.512s] -- Installing: /home/zx/ws_moveit2/install/moveit_servo/lib/libmoveit_servo_lib.so.2.5.4
[270.519s] -- Set runtime path of "/home/zx/ws_moveit2/install/moveit_servo/lib/libmoveit_servo_lib.so.2.5.4" to ""
[270.519s] -- Installing: /home/zx/ws_moveit2/install/moveit_servo/lib/libmoveit_servo_lib.so
[270.519s] -- Installing: /home/zx/ws_moveit2/install/moveit_servo/lib/libmoveit_servo_lib_parameters.so.2.5.4
[270.520s] -- Set runtime path of "/home/zx/ws_moveit2/install/moveit_servo/lib/libmoveit_servo_lib_parameters.so.2.5.4" to ""
[270.520s] -- Installing: /home/zx/ws_moveit2/install/moveit_servo/lib/libmoveit_servo_lib_parameters.so
[270.520s] -- Installing: /home/zx/ws_moveit2/install/moveit_servo/lib/libpose_tracking.so
[270.523s] -- Set runtime path of "/home/zx/ws_moveit2/install/moveit_servo/lib/libpose_tracking.so" to ""
[270.523s] -- Installing: /home/zx/ws_moveit2/install/moveit_servo/lib/libservo_node.so
[270.523s] -- Set runtime path of "/home/zx/ws_moveit2/install/moveit_servo/lib/libservo_node.so" to ""
[270.524s] -- Installing: /home/zx/ws_moveit2/install/moveit_servo/lib/libservo_controller_input.so
[270.527s] -- Set runtime path of "/home/zx/ws_moveit2/install/moveit_servo/lib/libservo_controller_input.so" to ""
[270.527s] -- Installing: /home/zx/ws_moveit2/install/moveit_servo/lib/moveit_servo/servo_node_main
[270.528s] -- Set runtime path of "/home/zx/ws_moveit2/install/moveit_servo/lib/moveit_servo/servo_node_main" to ""
[270.528s] -- Installing: /home/zx/ws_moveit2/install/moveit_servo/lib/moveit_servo/servo_pose_tracking_demo
[270.529s] -- Set runtime path of "/home/zx/ws_moveit2/install/moveit_servo/lib/moveit_servo/servo_pose_tracking_demo" to ""
[270.530s] -- Installing: /home/zx/ws_moveit2/install/moveit_servo/lib/moveit_servo/fake_command_publisher
[270.531s] -- Set runtime path of "/home/zx/ws_moveit2/install/moveit_servo/lib/moveit_servo/fake_command_publisher" to ""
[270.531s] -- Installing: /home/zx/ws_moveit2/install/moveit_servo/include
[270.531s] -- Installing: /home/zx/ws_moveit2/install/moveit_servo/include/moveit_servo
[270.531s] -- Installing: /home/zx/ws_moveit2/install/moveit_servo/include/moveit_servo/pose_tracking.h
[270.531s] -- Installing: /home/zx/ws_moveit2/install/moveit_servo/include/moveit_servo/servo_server.h
[270.531s] -- Installing: /home/zx/ws_moveit2/install/moveit_servo/include/moveit_servo/servo.h
[270.532s] -- Installing: /home/zx/ws_moveit2/install/moveit_servo/include/moveit_servo/servo_node.h
[270.532s] -- Installing: /home/zx/ws_moveit2/install/moveit_servo/include/moveit_servo/utilities.h
[270.532s] -- Installing: /home/zx/ws_moveit2/install/moveit_servo/include/moveit_servo/collision_check.h
[270.532s] -- Installing: /home/zx/ws_moveit2/install/moveit_servo/include/moveit_servo/servo_parameters.h
[270.532s] -- Installing: /home/zx/ws_moveit2/install/moveit_servo/include/moveit_servo/enforce_limits.hpp
[270.532s] -- Installing: /home/zx/ws_moveit2/install/moveit_servo/include/moveit_servo/make_shared_from_pool.h
[270.532s] -- Installing: /home/zx/ws_moveit2/install/moveit_servo/include/moveit_servo/parameter_descriptor_builder.hpp
[270.533s] -- Installing: /home/zx/ws_moveit2/install/moveit_servo/include/moveit_servo/status_codes.h
[270.533s] -- Installing: /home/zx/ws_moveit2/install/moveit_servo/include/moveit_servo/servo_calcs.h
[270.533s] -- Installing: /home/zx/ws_moveit2/install/moveit_servo/share/moveit_servo/launch
[270.533s] -- Installing: /home/zx/ws_moveit2/install/moveit_servo/share/moveit_servo/launch/servo_example.launch.py
[270.533s] -- Installing: /home/zx/ws_moveit2/install/moveit_servo/share/moveit_servo/launch/pose_tracking_example.launch.py
[270.534s] -- Installing: /home/zx/ws_moveit2/install/moveit_servo/share/moveit_servo/config
[270.534s] -- Installing: /home/zx/ws_moveit2/install/moveit_servo/share/moveit_servo/config/demo_rviz_config.rviz
[270.539s] -- Installing: /home/zx/ws_moveit2/install/moveit_servo/share/moveit_servo/config/panda_simulated_config_pose_tracking.yaml
[270.539s] -- Installing: /home/zx/ws_moveit2/install/moveit_servo/share/moveit_servo/config/pose_tracking_settings.yaml
[270.539s] -- Installing: /home/zx/ws_moveit2/install/moveit_servo/share/moveit_servo/config/panda_simulated_config.yaml
[270.539s] -- Installing: /home/zx/ws_moveit2/install/moveit_servo/share/moveit_servo/config/demo_rviz_pose_tracking.rviz
[270.539s] -- Installing: /home/zx/ws_moveit2/install/moveit_servo/share/moveit_servo/environment/library_path.sh
[270.540s] -- Installing: /home/zx/ws_moveit2/install/moveit_servo/share/moveit_servo/environment/library_path.dsv
[270.540s] -- Installing: /home/zx/ws_moveit2/install/moveit_servo/share/ament_index/resource_index/package_run_dependencies/moveit_servo
[270.540s] -- Installing: /home/zx/ws_moveit2/install/moveit_servo/share/ament_index/resource_index/parent_prefix_path/moveit_servo
[270.540s] -- Installing: /home/zx/ws_moveit2/install/moveit_servo/share/moveit_servo/environment/ament_prefix_path.sh
[270.540s] -- Installing: /home/zx/ws_moveit2/install/moveit_servo/share/moveit_servo/environment/ament_prefix_path.dsv
[270.540s] -- Installing: /home/zx/ws_moveit2/install/moveit_servo/share/moveit_servo/environment/path.sh
[270.540s] -- Installing: /home/zx/ws_moveit2/install/moveit_servo/share/moveit_servo/environment/path.dsv
[270.540s] -- Installing: /home/zx/ws_moveit2/install/moveit_servo/share/moveit_servo/local_setup.bash
[270.540s] -- Installing: /home/zx/ws_moveit2/install/moveit_servo/share/moveit_servo/local_setup.sh
[270.540s] -- Installing: /home/zx/ws_moveit2/install/moveit_servo/share/moveit_servo/local_setup.zsh
[270.540s] -- Installing: /home/zx/ws_moveit2/install/moveit_servo/share/moveit_servo/local_setup.dsv
[270.540s] -- Installing: /home/zx/ws_moveit2/install/moveit_servo/share/moveit_servo/package.dsv
[270.540s] -- Installing: /home/zx/ws_moveit2/install/moveit_servo/share/ament_index/resource_index/packages/moveit_servo
[270.540s] -- Installing: /home/zx/ws_moveit2/install/moveit_servo/share/ament_index/resource_index/rclcpp_components/moveit_servo
[270.541s] -- Installing: /home/zx/ws_moveit2/install/moveit_servo/share/moveit_servo/cmake/export_moveit_servoExport.cmake
[270.541s] -- Installing: /home/zx/ws_moveit2/install/moveit_servo/share/moveit_servo/cmake/export_moveit_servoExport-release.cmake
[270.541s] -- Installing: /home/zx/ws_moveit2/install/moveit_servo/share/moveit_servo/cmake/ament_cmake_export_targets-extras.cmake
[270.541s] -- Installing: /home/zx/ws_moveit2/install/moveit_servo/share/moveit_servo/cmake/ament_cmake_export_dependencies-extras.cmake
[270.541s] -- Installing: /home/zx/ws_moveit2/install/moveit_servo/share/moveit_servo/cmake/moveit_servoConfig.cmake
[270.541s] -- Installing: /home/zx/ws_moveit2/install/moveit_servo/share/moveit_servo/cmake/moveit_servoConfig-version.cmake
[270.545s] -- Installing: /home/zx/ws_moveit2/install/moveit_servo/share/moveit_servo/package.xml
[270.550s] Invoked command in '/home/zx/ws_moveit2/build/moveit_servo' returned '0': AMENT_PREFIX_PATH=/home/zx/ws_moveit2/install/moveit_ros_planning_interface:/home/zx/ws_moveit2/install/moveit_ros_move_group:/home/zx/ws_moveit2/install/moveit_ros_warehouse:/home/zx/ws_moveit2/install/moveit_kinematics:/home/zx/ws_moveit2/install/moveit_ros_planning:/home/zx/ws_moveit2/install/moveit_ros_occupancy_map_monitor:/home/zx/ws_moveit2/install/moveit_core:/home/zx/ws_moveit2/install/moveit_resources_panda_moveit_config:/home/zx/ws_moveit2/install/moveit_configs_utils:/home/zx/ws_moveit2/install/srdfdom:/home/zx/ws_moveit2/install/moveit_resources_panda_description:/home/zx/ws_moveit2/install/moveit_common:/home/zx/ws_moveit2/install/launch_param_builder:${AMENT_PREFIX_PATH} CMAKE_PREFIX_PATH=/home/zx/ws_moveit2/install/moveit_ros_planning_interface:/home/zx/ws_moveit2/install/moveit_ros_move_group:/home/zx/ws_moveit2/install/moveit_ros_warehouse:/home/zx/ws_moveit2/install/moveit_kinematics:/home/zx/ws_moveit2/install/moveit_ros_planning:/home/zx/ws_moveit2/install/moveit_ros_occupancy_map_monitor:/home/zx/ws_moveit2/install/moveit_core:/home/zx/ws_moveit2/install/moveit_resources_panda_moveit_config:/home/zx/ws_moveit2/install/srdfdom:/home/zx/ws_moveit2/install/moveit_resources_panda_description:/home/zx/ws_moveit2/install/moveit_common:/opt/ros/humble LD_LIBRARY_PATH=/home/zx/ws_moveit2/install/moveit_ros_planning_interface/lib:/home/zx/ws_moveit2/install/moveit_ros_move_group/lib:/home/zx/ws_moveit2/install/moveit_ros_warehouse/lib:/home/zx/ws_moveit2/install/moveit_kinematics/lib:/home/zx/ws_moveit2/install/moveit_ros_planning/lib:/home/zx/ws_moveit2/install/moveit_ros_occupancy_map_monitor/lib:/home/zx/ws_moveit2/install/moveit_core/lib:/home/zx/ws_moveit2/install/srdfdom/lib:${LD_LIBRARY_PATH} PATH=/home/zx/ws_moveit2/install/moveit_core/bin:${PATH} PYTHONPATH=/home/zx/ws_moveit2/install/moveit_configs_utils/lib/python3.10/site-packages:/home/zx/ws_moveit2/install/srdfdom/local/lib/python3.10/dist-packages:/home/zx/ws_moveit2/install/launch_param_builder/lib/python3.10/site-packages:${PYTHONPATH} /usr/bin/cmake --install /home/zx/ws_moveit2/build/moveit_servo
