-- Found ament_cmake: 1.3.5 (/opt/ros/humble/share/ament_cmake/cmake)
-- Found rclcpp: 16.0.5 (/opt/ros/humble/share/rclcpp/cmake)
-- Found rosidl_generator_c: 3.1.5 (/opt/ros/humble/share/rosidl_generator_c/cmake)
-- Found rosidl_adapter: 3.1.5 (/opt/ros/humble/share/rosidl_adapter/cmake)
-- Found rosidl_generator_cpp: 3.1.5 (/opt/ros/humble/share/rosidl_generator_cpp/cmake)
-- Using all available rosidl_typesupport_c: rosidl_typesupport_fastrtps_c;rosidl_typesupport_introspection_c
-- Using all available rosidl_typesupport_cpp: rosidl_typesupport_fastrtps_cpp;rosidl_typesupport_introspection_cpp
-- Found rmw_implementation_cmake: 6.1.1 (/opt/ros/humble/share/rmw_implementation_cmake/cmake)
-- Found rmw_fastrtps_cpp: 6.2.3 (/opt/ros/humble/share/rmw_fastrtps_cpp/cmake)
-- Using RMW implementation 'rmw_fastrtps_cpp' as default
-- Found serial: 1.2.1 (/home/zx/ws_moveit2/install/serial/share/serial/cmake)
-- Found sensor_msgs: 4.2.3 (/opt/ros/humble/share/sensor_msgs/cmake)
-- Found moveit_msgs: 2.2.1 (/opt/ros/humble/share/moveit_msgs/cmake)
-- Found backward_ros: 1.0.2 (/opt/ros/humble/share/backward_ros/cmake)
-- Could NOT find libbfd (missing: LIBBFD_LIBRARY LIBBFD_INCLUDE_DIR) 
-- BACKWARD_HAS_UNWIND=1
-- BACKWARD_HAS_BACKTRACE=0
-- BACKWARD_HAS_BACKTRACE_SYMBOL=0
-- BACKWARD_HAS_DW=1
-- BACKWARD_HAS_BFD=0
-- Found Backward: /opt/ros/humble/share/backward_ros/cmake  
-- Found ament_lint_auto: 0.12.7 (/opt/ros/humble/share/ament_lint_auto/cmake)
-- Added test 'cppcheck' to perform static code analysis on C / C++ code
-- Configured cppcheck include dirs: 
-- Configured cppcheck exclude dirs and/or files: 
-- Added test 'lint_cmake' to check CMake code style
-- Added test 'uncrustify' to check C / C++ code style
-- Configured uncrustify additional arguments: 
-- Added test 'xmllint' to check XML markup files
-- Configuring done
-- Generating done
-- Build files have been written to: /home/zx/ws_moveit2/build/serial_demo
[35m[1mConsolidate compiler generated dependencies of target serial_demo[0m
[ 50%] [32mBuilding CXX object CMakeFiles/serial_demo.dir/src/serial_demo.cpp.o[0m
[100%] [32m[1mLinking CXX executable serial_demo[0m
[100%] Built target serial_demo
-- Install configuration: "Release"
-- Up-to-date: /home/zx/ws_moveit2/install/serial_demo/share/ament_index/resource_index/package_run_dependencies/serial_demo
-- Installing: /home/zx/ws_moveit2/install/serial_demo/share/ament_index/resource_index/parent_prefix_path/serial_demo
-- Up-to-date: /home/zx/ws_moveit2/install/serial_demo/share/serial_demo/environment/ament_prefix_path.sh
-- Installing: /home/zx/ws_moveit2/install/serial_demo/share/serial_demo/environment/ament_prefix_path.dsv
-- Up-to-date: /home/zx/ws_moveit2/install/serial_demo/share/serial_demo/environment/path.sh
-- Installing: /home/zx/ws_moveit2/install/serial_demo/share/serial_demo/environment/path.dsv
-- Up-to-date: /home/zx/ws_moveit2/install/serial_demo/share/serial_demo/local_setup.bash
-- Up-to-date: /home/zx/ws_moveit2/install/serial_demo/share/serial_demo/local_setup.sh
-- Up-to-date: /home/zx/ws_moveit2/install/serial_demo/share/serial_demo/local_setup.zsh
-- Installing: /home/zx/ws_moveit2/install/serial_demo/share/serial_demo/local_setup.dsv
-- Installing: /home/zx/ws_moveit2/install/serial_demo/share/serial_demo/package.dsv
-- Up-to-date: /home/zx/ws_moveit2/install/serial_demo/share/ament_index/resource_index/packages/serial_demo
-- Up-to-date: /home/zx/ws_moveit2/install/serial_demo/share/serial_demo/cmake/serial_demoConfig.cmake
-- Up-to-date: /home/zx/ws_moveit2/install/serial_demo/share/serial_demo/cmake/serial_demoConfig-version.cmake
-- Up-to-date: /home/zx/ws_moveit2/install/serial_demo/share/serial_demo/package.xml
-- Installing: /home/zx/ws_moveit2/install/serial_demo/lib/serial_demo/serial_demo
-- Set runtime path of "/home/zx/ws_moveit2/install/serial_demo/lib/serial_demo/serial_demo" to ""
