[0.036s] Invoking command in '/home/zx/ws_moveit2/build/moveit_common': CMAKE_PREFIX_PATH=/opt/ros/humble /usr/bin/cmake --build /home/zx/ws_moveit2/build/moveit_common -- -j12 -l12
[0.226s] Invoked command in '/home/zx/ws_moveit2/build/moveit_common' returned '0': CMAKE_PREFIX_PATH=/opt/ros/humble /usr/bin/cmake --build /home/zx/ws_moveit2/build/moveit_common -- -j12 -l12
[0.251s] Invoking command in '/home/zx/ws_moveit2/build/moveit_common': CMAKE_PREFIX_PATH=/opt/ros/humble /usr/bin/cmake --install /home/zx/ws_moveit2/build/moveit_common
[0.258s] -- Install configuration: "Release"
[0.260s] -- Up-to-date: /home/zx/ws_moveit2/install/moveit_common/share/ament_index/resource_index/package_run_dependencies/moveit_common
[0.260s] -- Up-to-date: /home/zx/ws_moveit2/install/moveit_common/share/ament_index/resource_index/parent_prefix_path/moveit_common
[0.260s] -- Up-to-date: /home/zx/ws_moveit2/install/moveit_common/share/moveit_common/environment/ament_prefix_path.sh
[0.260s] -- Up-to-date: /home/zx/ws_moveit2/install/moveit_common/share/moveit_common/environment/ament_prefix_path.dsv
[0.260s] -- Up-to-date: /home/zx/ws_moveit2/install/moveit_common/share/moveit_common/environment/path.sh
[0.260s] -- Up-to-date: /home/zx/ws_moveit2/install/moveit_common/share/moveit_common/environment/path.dsv
[0.260s] -- Up-to-date: /home/zx/ws_moveit2/install/moveit_common/share/moveit_common/local_setup.bash
[0.260s] -- Up-to-date: /home/zx/ws_moveit2/install/moveit_common/share/moveit_common/local_setup.sh
[0.260s] -- Up-to-date: /home/zx/ws_moveit2/install/moveit_common/share/moveit_common/local_setup.zsh
[0.260s] -- Up-to-date: /home/zx/ws_moveit2/install/moveit_common/share/moveit_common/local_setup.dsv
[0.260s] -- Installing: /home/zx/ws_moveit2/install/moveit_common/share/moveit_common/package.dsv
[0.260s] -- Up-to-date: /home/zx/ws_moveit2/install/moveit_common/share/ament_index/resource_index/packages/moveit_common
[0.260s] -- Up-to-date: /home/zx/ws_moveit2/install/moveit_common/share/moveit_common/cmake/moveit_common-extras.cmake
[0.260s] -- Up-to-date: /home/zx/ws_moveit2/install/moveit_common/share/moveit_common/cmake/moveit_commonConfig.cmake
[0.260s] -- Up-to-date: /home/zx/ws_moveit2/install/moveit_common/share/moveit_common/cmake/moveit_commonConfig-version.cmake
[0.261s] -- Up-to-date: /home/zx/ws_moveit2/install/moveit_common/share/moveit_common/package.xml
[0.261s] -- Up-to-date: /home/zx/ws_moveit2/install/moveit_common/share/moveit_common/cmake
[0.261s] -- Up-to-date: /home/zx/ws_moveit2/install/moveit_common/share/moveit_common/cmake/moveit_package.cmake
[0.265s] Invoked command in '/home/zx/ws_moveit2/build/moveit_common' returned '0': CMAKE_PREFIX_PATH=/opt/ros/humble /usr/bin/cmake --install /home/zx/ws_moveit2/build/moveit_common
