[0.203s] Invoking command in '/home/zx/ws_moveit2/build/moveit_resources_panda_description': CMAKE_PREFIX_PATH=/opt/ros/humble /usr/bin/cmake /home/zx/ws_moveit2/src/moveit_resources/panda_description -DCMAKE_INSTALL_PREFIX=/home/zx/ws_moveit2/install/moveit_resources_panda_description
[0.496s] -- Found ament_cmake: 1.3.5 (/opt/ros/humble/share/ament_cmake/cmake)
[0.496s] -- Configuring done
[0.496s] -- Generating done
[0.497s] -- Build files have been written to: /home/zx/ws_moveit2/build/moveit_resources_panda_description
[0.510s] Invoked command in '/home/zx/ws_moveit2/build/moveit_resources_panda_description' returned '0': CMAKE_PREFIX_PATH=/opt/ros/humble /usr/bin/cmake /home/zx/ws_moveit2/src/moveit_resources/panda_description -DCMAKE_INSTALL_PREFIX=/home/zx/ws_moveit2/install/moveit_resources_panda_description
[0.511s] Invoking command in '/home/zx/ws_moveit2/build/moveit_resources_panda_description': CMAKE_PREFIX_PATH=/opt/ros/humble /usr/bin/cmake --build /home/zx/ws_moveit2/build/moveit_resources_panda_description -- -j12 -l12
[0.541s] Invoked command in '/home/zx/ws_moveit2/build/moveit_resources_panda_description' returned '0': CMAKE_PREFIX_PATH=/opt/ros/humble /usr/bin/cmake --build /home/zx/ws_moveit2/build/moveit_resources_panda_description -- -j12 -l12
[0.576s] Invoking command in '/home/zx/ws_moveit2/build/moveit_resources_panda_description': CMAKE_PREFIX_PATH=/opt/ros/humble /usr/bin/cmake --install /home/zx/ws_moveit2/build/moveit_resources_panda_description
[0.594s] -- Install configuration: "Release"
[0.594s] -- Up-to-date: /home/zx/ws_moveit2/install/moveit_resources_panda_description/share/ament_index/resource_index/package_run_dependencies/moveit_resources_panda_description
[0.594s] -- Up-to-date: /home/zx/ws_moveit2/install/moveit_resources_panda_description/share/ament_index/resource_index/parent_prefix_path/moveit_resources_panda_description
[0.595s] -- Up-to-date: /home/zx/ws_moveit2/install/moveit_resources_panda_description/share/moveit_resources_panda_description/environment/ament_prefix_path.sh
[0.595s] -- Installing: /home/zx/ws_moveit2/install/moveit_resources_panda_description/share/moveit_resources_panda_description/environment/ament_prefix_path.dsv
[0.595s] -- Up-to-date: /home/zx/ws_moveit2/install/moveit_resources_panda_description/share/moveit_resources_panda_description/environment/path.sh
[0.595s] -- Installing: /home/zx/ws_moveit2/install/moveit_resources_panda_description/share/moveit_resources_panda_description/environment/path.dsv
[0.595s] -- Up-to-date: /home/zx/ws_moveit2/install/moveit_resources_panda_description/share/moveit_resources_panda_description/local_setup.bash
[0.595s] -- Up-to-date: /home/zx/ws_moveit2/install/moveit_resources_panda_description/share/moveit_resources_panda_description/local_setup.sh
[0.595s] -- Up-to-date: /home/zx/ws_moveit2/install/moveit_resources_panda_description/share/moveit_resources_panda_description/local_setup.zsh
[0.595s] -- Installing: /home/zx/ws_moveit2/install/moveit_resources_panda_description/share/moveit_resources_panda_description/local_setup.dsv
[0.596s] -- Installing: /home/zx/ws_moveit2/install/moveit_resources_panda_description/share/moveit_resources_panda_description/package.dsv
[0.597s] -- Up-to-date: /home/zx/ws_moveit2/install/moveit_resources_panda_description/share/ament_index/resource_index/packages/moveit_resources_panda_description
[0.597s] -- Up-to-date: /home/zx/ws_moveit2/install/moveit_resources_panda_description/share/moveit_resources_panda_description/cmake/moveit_resources_panda_descriptionConfig.cmake
[0.597s] -- Up-to-date: /home/zx/ws_moveit2/install/moveit_resources_panda_description/share/moveit_resources_panda_description/cmake/moveit_resources_panda_descriptionConfig-version.cmake
[0.598s] -- Up-to-date: /home/zx/ws_moveit2/install/moveit_resources_panda_description/share/moveit_resources_panda_description/package.xml
[0.598s] -- Up-to-date: /home/zx/ws_moveit2/install/moveit_resources_panda_description/share/moveit_resources_panda_description/meshes
[0.600s] -- Up-to-date: /home/zx/ws_moveit2/install/moveit_resources_panda_description/share/moveit_resources_panda_description/meshes/collision
[0.602s] -- Up-to-date: /home/zx/ws_moveit2/install/moveit_resources_panda_description/share/moveit_resources_panda_description/meshes/collision/link1.stl
[0.602s] -- Up-to-date: /home/zx/ws_moveit2/install/moveit_resources_panda_description/share/moveit_resources_panda_description/meshes/collision/link2.stl
[0.602s] -- Up-to-date: /home/zx/ws_moveit2/install/moveit_resources_panda_description/share/moveit_resources_panda_description/meshes/collision/link5.stl
[0.602s] -- Up-to-date: /home/zx/ws_moveit2/install/moveit_resources_panda_description/share/moveit_resources_panda_description/meshes/collision/hand.stl
[0.602s] -- Up-to-date: /home/zx/ws_moveit2/install/moveit_resources_panda_description/share/moveit_resources_panda_description/meshes/collision/link3.stl
[0.602s] -- Up-to-date: /home/zx/ws_moveit2/install/moveit_resources_panda_description/share/moveit_resources_panda_description/meshes/collision/link7.stl
[0.603s] -- Up-to-date: /home/zx/ws_moveit2/install/moveit_resources_panda_description/share/moveit_resources_panda_description/meshes/collision/link6.stl
[0.603s] -- Up-to-date: /home/zx/ws_moveit2/install/moveit_resources_panda_description/share/moveit_resources_panda_description/meshes/collision/link4.stl
[0.606s] -- Up-to-date: /home/zx/ws_moveit2/install/moveit_resources_panda_description/share/moveit_resources_panda_description/meshes/collision/link0.stl
[0.606s] -- Up-to-date: /home/zx/ws_moveit2/install/moveit_resources_panda_description/share/moveit_resources_panda_description/meshes/collision/finger.stl
[0.606s] -- Up-to-date: /home/zx/ws_moveit2/install/moveit_resources_panda_description/share/moveit_resources_panda_description/meshes/visual
[0.606s] -- Up-to-date: /home/zx/ws_moveit2/install/moveit_resources_panda_description/share/moveit_resources_panda_description/meshes/visual/link2.dae
[0.606s] -- Up-to-date: /home/zx/ws_moveit2/install/moveit_resources_panda_description/share/moveit_resources_panda_description/meshes/visual/link1.dae
[0.607s] -- Up-to-date: /home/zx/ws_moveit2/install/moveit_resources_panda_description/share/moveit_resources_panda_description/meshes/visual/link6.dae
[0.607s] -- Up-to-date: /home/zx/ws_moveit2/install/moveit_resources_panda_description/share/moveit_resources_panda_description/meshes/visual/link4.dae
[0.607s] -- Up-to-date: /home/zx/ws_moveit2/install/moveit_resources_panda_description/share/moveit_resources_panda_description/meshes/visual/link3.dae
[0.610s] -- Up-to-date: /home/zx/ws_moveit2/install/moveit_resources_panda_description/share/moveit_resources_panda_description/meshes/visual/link0.dae
[0.620s] -- Up-to-date: /home/zx/ws_moveit2/install/moveit_resources_panda_description/share/moveit_resources_panda_description/meshes/visual/hand.dae
[0.620s] -- Up-to-date: /home/zx/ws_moveit2/install/moveit_resources_panda_description/share/moveit_resources_panda_description/meshes/visual/link7.dae
[0.620s] -- Up-to-date: /home/zx/ws_moveit2/install/moveit_resources_panda_description/share/moveit_resources_panda_description/meshes/visual/link5.dae
[0.620s] -- Up-to-date: /home/zx/ws_moveit2/install/moveit_resources_panda_description/share/moveit_resources_panda_description/meshes/visual/finger.dae
[0.620s] -- Up-to-date: /home/zx/ws_moveit2/install/moveit_resources_panda_description/share/moveit_resources_panda_description/urdf
[0.621s] -- Up-to-date: /home/zx/ws_moveit2/install/moveit_resources_panda_description/share/moveit_resources_panda_description/urdf/panda.urdf
[0.660s] Invoked command in '/home/zx/ws_moveit2/build/moveit_resources_panda_description' returned '0': CMAKE_PREFIX_PATH=/opt/ros/humble /usr/bin/cmake --install /home/zx/ws_moveit2/build/moveit_resources_panda_description
