[0.066s] Invoking command in '/home/zx/ws_moveit2/build/rviz_marker_tools': AMENT_PREFIX_PATH=/home/zx/ws_moveit2/install/moveit_common:${AMENT_PREFIX_PATH} CMAKE_PREFIX_PATH=/home/zx/ws_moveit2/install/moveit_common:/opt/ros/humble /usr/bin/cmake /home/zx/ws_moveit2/src/moveit_task_constructor/rviz_marker_tools -DCMAKE_INSTALL_PREFIX=/home/zx/ws_moveit2/install/rviz_marker_tools
[0.155s] -- The C compiler identification is GNU 11.4.0
[0.235s] -- The CXX compiler identification is GNU 11.4.0
[0.244s] -- Detecting C compiler ABI info
[0.366s] -- Detecting C compiler ABI info - done
[0.374s] -- Check for working C compiler: /usr/bin/cc - skipped
[0.374s] -- Detecting C compile features
[0.374s] -- Detecting C compile features - done
[0.379s] -- Detecting CXX compiler ABI info
[0.501s] -- Detecting CXX compiler ABI info - done
[0.513s] -- Check for working CXX compiler: /usr/bin/c++ - skipped
[0.513s] -- Detecting CXX compile features
[0.514s] -- Detecting CXX compile features - done
[0.518s] -- Found ament_cmake: 1.3.5 (/opt/ros/humble/share/ament_cmake/cmake)
[0.750s] -- Found Python3: /usr/bin/python3.10 (found version "3.10.12") found components: Interpreter 
[0.894s] -- Found moveit_common: 2.5.4 (/home/zx/ws_moveit2/install/moveit_common/share/moveit_common/cmake)
[0.996s] -- Found libdw: /usr/lib/x86_64-linux-gnu/libdw.so  
[1.005s] -- Could NOT find libbfd (missing: LIBBFD_LIBRARY LIBBFD_INCLUDE_DIR) 
[1.006s] -- BACKWARD_HAS_UNWIND=1
[1.006s] -- BACKWARD_HAS_BACKTRACE=0
[1.006s] -- BACKWARD_HAS_BACKTRACE_SYMBOL=0
[1.006s] -- BACKWARD_HAS_DW=1
[1.006s] -- BACKWARD_HAS_BFD=0
[1.008s] -- Found Backward: /opt/ros/humble/share/backward_ros/cmake  
[1.009s] [0mrviz_marker_tools: You did not request a specific build type: Choosing 'Release' for maximum performance[0m
[1.011s] -- Found eigen3_cmake_module: 0.1.1 (/opt/ros/humble/share/eigen3_cmake_module/cmake)
[1.022s] -- Found Eigen3: TRUE (found version "3.4.0") 
[1.025s] -- Found geometry_msgs: 4.2.3 (/opt/ros/humble/share/geometry_msgs/cmake)
[1.077s] -- Found rosidl_generator_c: 3.1.5 (/opt/ros/humble/share/rosidl_generator_c/cmake)
[1.087s] -- Found rosidl_adapter: 3.1.5 (/opt/ros/humble/share/rosidl_adapter/cmake)
[1.098s] -- Found rosidl_generator_cpp: 3.1.5 (/opt/ros/humble/share/rosidl_generator_cpp/cmake)
[1.120s] -- Using all available rosidl_typesupport_c: rosidl_typesupport_fastrtps_c;rosidl_typesupport_introspection_c
[1.142s] -- Using all available rosidl_typesupport_cpp: rosidl_typesupport_fastrtps_cpp;rosidl_typesupport_introspection_cpp
[1.304s] -- Found rclcpp: 16.0.5 (/opt/ros/humble/share/rclcpp/cmake)
[1.389s] -- Found rmw_implementation_cmake: 6.1.1 (/opt/ros/humble/share/rmw_implementation_cmake/cmake)
[1.394s] -- Found rmw_fastrtps_cpp: 6.2.3 (/opt/ros/humble/share/rmw_fastrtps_cpp/cmake)
[1.530s] -- Found OpenSSL: /usr/lib/x86_64-linux-gnu/libcrypto.so (found version "3.0.2")  
[1.561s] -- Found FastRTPS: /opt/ros/humble/include  
[1.622s] -- Using RMW implementation 'rmw_fastrtps_cpp' as default
[1.638s] -- Looking for pthread.h
[1.757s] -- Looking for pthread.h - found
[1.757s] -- Performing Test CMAKE_HAVE_LIBC_PTHREAD
[1.902s] -- Performing Test CMAKE_HAVE_LIBC_PTHREAD - Success
[1.904s] -- Found Threads: TRUE  
[2.051s] -- Found rviz2: 11.2.7 (/opt/ros/humble/share/rviz2/cmake)
[2.054s] -- Found tf2_eigen: 0.25.3 (/opt/ros/humble/share/tf2_eigen/cmake)
[2.596s] -- Found visualization_msgs: 4.2.3 (/opt/ros/humble/share/visualization_msgs/cmake)
[2.926s] -- Configuring done
[2.947s] -- Generating done
[2.950s] -- Build files have been written to: /home/zx/ws_moveit2/build/rviz_marker_tools
[2.968s] Invoked command in '/home/zx/ws_moveit2/build/rviz_marker_tools' returned '0': AMENT_PREFIX_PATH=/home/zx/ws_moveit2/install/moveit_common:${AMENT_PREFIX_PATH} CMAKE_PREFIX_PATH=/home/zx/ws_moveit2/install/moveit_common:/opt/ros/humble /usr/bin/cmake /home/zx/ws_moveit2/src/moveit_task_constructor/rviz_marker_tools -DCMAKE_INSTALL_PREFIX=/home/zx/ws_moveit2/install/rviz_marker_tools
[2.968s] Invoking command in '/home/zx/ws_moveit2/build/rviz_marker_tools': AMENT_PREFIX_PATH=/home/zx/ws_moveit2/install/moveit_common:${AMENT_PREFIX_PATH} CMAKE_PREFIX_PATH=/home/zx/ws_moveit2/install/moveit_common:/opt/ros/humble /usr/bin/cmake --build /home/zx/ws_moveit2/build/rviz_marker_tools -- -j12 -l12
[3.034s] [ 50%] [32mBuilding CXX object CMakeFiles/rviz_marker_tools.dir/src/marker_creation.cpp.o[0m
[12.326s] [100%] [32m[1mLinking CXX shared library librviz_marker_tools.so[0m
[12.530s] [100%] Built target rviz_marker_tools
[12.549s] Invoked command in '/home/zx/ws_moveit2/build/rviz_marker_tools' returned '0': AMENT_PREFIX_PATH=/home/zx/ws_moveit2/install/moveit_common:${AMENT_PREFIX_PATH} CMAKE_PREFIX_PATH=/home/zx/ws_moveit2/install/moveit_common:/opt/ros/humble /usr/bin/cmake --build /home/zx/ws_moveit2/build/rviz_marker_tools -- -j12 -l12
[12.584s] Invoking command in '/home/zx/ws_moveit2/build/rviz_marker_tools': AMENT_PREFIX_PATH=/home/zx/ws_moveit2/install/moveit_common:${AMENT_PREFIX_PATH} CMAKE_PREFIX_PATH=/home/zx/ws_moveit2/install/moveit_common:/opt/ros/humble /usr/bin/cmake --install /home/zx/ws_moveit2/build/rviz_marker_tools
[12.594s] -- Install configuration: "Release"
[12.594s] -- Installing: /home/zx/ws_moveit2/install/rviz_marker_tools/include
[12.594s] -- Installing: /home/zx/ws_moveit2/install/rviz_marker_tools/include/rviz_marker_tools
[12.594s] -- Installing: /home/zx/ws_moveit2/install/rviz_marker_tools/include/rviz_marker_tools/marker_creation.h
[12.594s] -- Installing: /home/zx/ws_moveit2/install/rviz_marker_tools/lib/librviz_marker_tools.so
[12.594s] -- Set runtime path of "/home/zx/ws_moveit2/install/rviz_marker_tools/lib/librviz_marker_tools.so" to ""
[12.595s] -- Installing: /home/zx/ws_moveit2/install/rviz_marker_tools/share/rviz_marker_tools/environment/library_path.sh
[12.595s] -- Installing: /home/zx/ws_moveit2/install/rviz_marker_tools/share/rviz_marker_tools/environment/library_path.dsv
[12.595s] -- Installing: /home/zx/ws_moveit2/install/rviz_marker_tools/share/ament_index/resource_index/package_run_dependencies/rviz_marker_tools
[12.595s] -- Installing: /home/zx/ws_moveit2/install/rviz_marker_tools/share/ament_index/resource_index/parent_prefix_path/rviz_marker_tools
[12.595s] -- Installing: /home/zx/ws_moveit2/install/rviz_marker_tools/share/rviz_marker_tools/environment/ament_prefix_path.sh
[12.596s] -- Installing: /home/zx/ws_moveit2/install/rviz_marker_tools/share/rviz_marker_tools/environment/ament_prefix_path.dsv
[12.596s] -- Installing: /home/zx/ws_moveit2/install/rviz_marker_tools/share/rviz_marker_tools/environment/path.sh
[12.596s] -- Installing: /home/zx/ws_moveit2/install/rviz_marker_tools/share/rviz_marker_tools/environment/path.dsv
[12.596s] -- Installing: /home/zx/ws_moveit2/install/rviz_marker_tools/share/rviz_marker_tools/local_setup.bash
[12.596s] -- Installing: /home/zx/ws_moveit2/install/rviz_marker_tools/share/rviz_marker_tools/local_setup.sh
[12.596s] -- Installing: /home/zx/ws_moveit2/install/rviz_marker_tools/share/rviz_marker_tools/local_setup.zsh
[12.597s] -- Installing: /home/zx/ws_moveit2/install/rviz_marker_tools/share/rviz_marker_tools/local_setup.dsv
[12.597s] -- Installing: /home/zx/ws_moveit2/install/rviz_marker_tools/share/rviz_marker_tools/package.dsv
[12.597s] -- Installing: /home/zx/ws_moveit2/install/rviz_marker_tools/share/ament_index/resource_index/packages/rviz_marker_tools
[12.597s] -- Installing: /home/zx/ws_moveit2/install/rviz_marker_tools/share/rviz_marker_tools/cmake/rviz_marker_toolsTargetsExport.cmake
[12.597s] -- Installing: /home/zx/ws_moveit2/install/rviz_marker_tools/share/rviz_marker_tools/cmake/rviz_marker_toolsTargetsExport-release.cmake
[12.598s] -- Installing: /home/zx/ws_moveit2/install/rviz_marker_tools/share/rviz_marker_tools/cmake/ament_cmake_export_targets-extras.cmake
[12.598s] -- Installing: /home/zx/ws_moveit2/install/rviz_marker_tools/share/rviz_marker_tools/cmake/ament_cmake_export_dependencies-extras.cmake
[12.598s] -- Installing: /home/zx/ws_moveit2/install/rviz_marker_tools/share/rviz_marker_tools/cmake/rviz_marker_toolsConfig.cmake
[12.598s] -- Installing: /home/zx/ws_moveit2/install/rviz_marker_tools/share/rviz_marker_tools/cmake/rviz_marker_toolsConfig-version.cmake
[12.598s] -- Installing: /home/zx/ws_moveit2/install/rviz_marker_tools/share/rviz_marker_tools/package.xml
[12.604s] Invoked command in '/home/zx/ws_moveit2/build/rviz_marker_tools' returned '0': AMENT_PREFIX_PATH=/home/zx/ws_moveit2/install/moveit_common:${AMENT_PREFIX_PATH} CMAKE_PREFIX_PATH=/home/zx/ws_moveit2/install/moveit_common:/opt/ros/humble /usr/bin/cmake --install /home/zx/ws_moveit2/build/rviz_marker_tools
