[0.670s] Invoking command in '/home/zx/ws_moveit2/src/moveit2/moveit_configs_utils': AMENT_PREFIX_PATH=/home/zx/ws_moveit2/install/srdfdom:/home/zx/ws_moveit2/install/launch_param_builder:${AMENT_PREFIX_PATH} CMAKE_PREFIX_PATH=/home/zx/ws_moveit2/install/srdfdom LD_LIBRARY_PATH=/home/zx/ws_moveit2/install/srdfdom/lib:${LD_LIBRARY_PATH} PYTHONPATH=/home/zx/ws_moveit2/build/moveit_configs_utils/prefix_override:/home/zx/ws_moveit2/install/moveit_configs_utils/lib/python3.10/site-packages:/home/zx/ws_moveit2/install/srdfdom/local/lib/python3.10/dist-packages:/home/zx/ws_moveit2/install/launch_param_builder/lib/python3.10/site-packages:${PYTHONPATH} /usr/bin/python3 setup.py egg_info --egg-base ../../../build/moveit_configs_utils build --build-base /home/zx/ws_moveit2/build/moveit_configs_utils/build install --record /home/zx/ws_moveit2/build/moveit_configs_utils/install.log --single-version-externally-managed
[1.036s] running egg_info
[1.037s] creating ../../../build/moveit_configs_utils/moveit_configs_utils.egg-info
[1.037s] writing ../../../build/moveit_configs_utils/moveit_configs_utils.egg-info/PKG-INFO
[1.037s] writing dependency_links to ../../../build/moveit_configs_utils/moveit_configs_utils.egg-info/dependency_links.txt
[1.037s] writing entry points to ../../../build/moveit_configs_utils/moveit_configs_utils.egg-info/entry_points.txt
[1.037s] writing requirements to ../../../build/moveit_configs_utils/moveit_configs_utils.egg-info/requires.txt
[1.037s] writing top-level names to ../../../build/moveit_configs_utils/moveit_configs_utils.egg-info/top_level.txt
[1.038s] writing manifest file '../../../build/moveit_configs_utils/moveit_configs_utils.egg-info/SOURCES.txt'
[1.040s] reading manifest file '../../../build/moveit_configs_utils/moveit_configs_utils.egg-info/SOURCES.txt'
[1.041s] writing manifest file '../../../build/moveit_configs_utils/moveit_configs_utils.egg-info/SOURCES.txt'
[1.041s] running build
[1.042s] running build_py
[1.042s] creating /home/zx/ws_moveit2/build/moveit_configs_utils/build
[1.042s] creating /home/zx/ws_moveit2/build/moveit_configs_utils/build/lib
[1.042s] creating /home/zx/ws_moveit2/build/moveit_configs_utils/build/lib/moveit_configs_utils
[1.042s] copying moveit_configs_utils/__init__.py -> /home/zx/ws_moveit2/build/moveit_configs_utils/build/lib/moveit_configs_utils
[1.042s] copying moveit_configs_utils/launches.py -> /home/zx/ws_moveit2/build/moveit_configs_utils/build/lib/moveit_configs_utils
[1.042s] copying moveit_configs_utils/moveit_configs_builder.py -> /home/zx/ws_moveit2/build/moveit_configs_utils/build/lib/moveit_configs_utils
[1.043s] copying moveit_configs_utils/launch_utils.py -> /home/zx/ws_moveit2/build/moveit_configs_utils/build/lib/moveit_configs_utils
[1.043s] creating /home/zx/ws_moveit2/build/moveit_configs_utils/build/lib/moveit_configs_utils/substitutions
[1.043s] copying moveit_configs_utils/substitutions/__init__.py -> /home/zx/ws_moveit2/build/moveit_configs_utils/build/lib/moveit_configs_utils/substitutions
[1.043s] copying moveit_configs_utils/substitutions/xacro.py -> /home/zx/ws_moveit2/build/moveit_configs_utils/build/lib/moveit_configs_utils/substitutions
[1.044s] running install
[1.044s] running install_lib
[1.045s] creating /home/zx/ws_moveit2/install/moveit_configs_utils/lib/python3.10/site-packages/moveit_configs_utils
[1.045s] copying /home/zx/ws_moveit2/build/moveit_configs_utils/build/lib/moveit_configs_utils/__init__.py -> /home/zx/ws_moveit2/install/moveit_configs_utils/lib/python3.10/site-packages/moveit_configs_utils
[1.045s] copying /home/zx/ws_moveit2/build/moveit_configs_utils/build/lib/moveit_configs_utils/launches.py -> /home/zx/ws_moveit2/install/moveit_configs_utils/lib/python3.10/site-packages/moveit_configs_utils
[1.047s] copying /home/zx/ws_moveit2/build/moveit_configs_utils/build/lib/moveit_configs_utils/moveit_configs_builder.py -> /home/zx/ws_moveit2/install/moveit_configs_utils/lib/python3.10/site-packages/moveit_configs_utils
[1.047s] creating /home/zx/ws_moveit2/install/moveit_configs_utils/lib/python3.10/site-packages/moveit_configs_utils/substitutions
[1.047s] copying /home/zx/ws_moveit2/build/moveit_configs_utils/build/lib/moveit_configs_utils/substitutions/__init__.py -> /home/zx/ws_moveit2/install/moveit_configs_utils/lib/python3.10/site-packages/moveit_configs_utils/substitutions
[1.047s] copying /home/zx/ws_moveit2/build/moveit_configs_utils/build/lib/moveit_configs_utils/substitutions/xacro.py -> /home/zx/ws_moveit2/install/moveit_configs_utils/lib/python3.10/site-packages/moveit_configs_utils/substitutions
[1.047s] copying /home/zx/ws_moveit2/build/moveit_configs_utils/build/lib/moveit_configs_utils/launch_utils.py -> /home/zx/ws_moveit2/install/moveit_configs_utils/lib/python3.10/site-packages/moveit_configs_utils
[1.047s] byte-compiling /home/zx/ws_moveit2/install/moveit_configs_utils/lib/python3.10/site-packages/moveit_configs_utils/__init__.py to __init__.cpython-310.pyc
[1.047s] byte-compiling /home/zx/ws_moveit2/install/moveit_configs_utils/lib/python3.10/site-packages/moveit_configs_utils/launches.py to launches.cpython-310.pyc
[1.048s] byte-compiling /home/zx/ws_moveit2/install/moveit_configs_utils/lib/python3.10/site-packages/moveit_configs_utils/moveit_configs_builder.py to moveit_configs_builder.cpython-310.pyc
[1.051s] byte-compiling /home/zx/ws_moveit2/install/moveit_configs_utils/lib/python3.10/site-packages/moveit_configs_utils/substitutions/__init__.py to __init__.cpython-310.pyc
[1.051s] byte-compiling /home/zx/ws_moveit2/install/moveit_configs_utils/lib/python3.10/site-packages/moveit_configs_utils/substitutions/xacro.py to xacro.cpython-310.pyc
[1.051s] byte-compiling /home/zx/ws_moveit2/install/moveit_configs_utils/lib/python3.10/site-packages/moveit_configs_utils/launch_utils.py to launch_utils.cpython-310.pyc
[1.052s] running install_data
[1.052s] creating /home/zx/ws_moveit2/install/moveit_configs_utils/share/ament_index
[1.052s] creating /home/zx/ws_moveit2/install/moveit_configs_utils/share/ament_index/resource_index
[1.052s] creating /home/zx/ws_moveit2/install/moveit_configs_utils/share/ament_index/resource_index/packages
[1.052s] copying resource/moveit_configs_utils -> /home/zx/ws_moveit2/install/moveit_configs_utils/share/ament_index/resource_index/packages
[1.053s] copying package.xml -> /home/zx/ws_moveit2/install/moveit_configs_utils/share/moveit_configs_utils
[1.053s] creating /home/zx/ws_moveit2/install/moveit_configs_utils/share/moveit_configs_utils/default_configs
[1.053s] copying default_configs/pilz_industrial_motion_planner_planning.yaml -> /home/zx/ws_moveit2/install/moveit_configs_utils/share/moveit_configs_utils/default_configs
[1.053s] copying default_configs/ompl_defaults.yaml -> /home/zx/ws_moveit2/install/moveit_configs_utils/share/moveit_configs_utils/default_configs
[1.053s] copying default_configs/chomp_planning.yaml -> /home/zx/ws_moveit2/install/moveit_configs_utils/share/moveit_configs_utils/default_configs
[1.053s] copying default_configs/ompl_planning.yaml -> /home/zx/ws_moveit2/install/moveit_configs_utils/share/moveit_configs_utils/default_configs
[1.053s] running install_egg_info
[1.055s] Copying ../../../build/moveit_configs_utils/moveit_configs_utils.egg-info to /home/zx/ws_moveit2/install/moveit_configs_utils/lib/python3.10/site-packages/moveit_configs_utils-2.5.3-py3.10.egg-info
[1.056s] running install_scripts
[1.077s] writing list of installed files to '/home/zx/ws_moveit2/build/moveit_configs_utils/install.log'
[1.113s] Invoked command in '/home/zx/ws_moveit2/src/moveit2/moveit_configs_utils' returned '0': AMENT_PREFIX_PATH=/home/zx/ws_moveit2/install/srdfdom:/home/zx/ws_moveit2/install/launch_param_builder:${AMENT_PREFIX_PATH} CMAKE_PREFIX_PATH=/home/zx/ws_moveit2/install/srdfdom LD_LIBRARY_PATH=/home/zx/ws_moveit2/install/srdfdom/lib:${LD_LIBRARY_PATH} PYTHONPATH=/home/zx/ws_moveit2/build/moveit_configs_utils/prefix_override:/home/zx/ws_moveit2/install/moveit_configs_utils/lib/python3.10/site-packages:/home/zx/ws_moveit2/install/srdfdom/local/lib/python3.10/dist-packages:/home/zx/ws_moveit2/install/launch_param_builder/lib/python3.10/site-packages:${PYTHONPATH} /usr/bin/python3 setup.py egg_info --egg-base ../../../build/moveit_configs_utils build --build-base /home/zx/ws_moveit2/build/moveit_configs_utils/build install --record /home/zx/ws_moveit2/build/moveit_configs_utils/install.log --single-version-externally-managed
