[0.044s] Invoking command in '/home/zx/ws_moveit2/build/moveit_core': CMAKE_PREFIX_PATH=/home/zx/ws_moveit2/install/moveit_resources_panda_moveit_config:/home/zx/ws_moveit2/install/srdfdom:/home/zx/ws_moveit2/install/moveit_resources_pr2_description:/home/zx/ws_moveit2/install/moveit_resources_panda_description:/home/zx/ws_moveit2/install/moveit_common:/home/zx/ws_moveit2/install/urdf_2:/home/zx/ws_moveit2/install/pilz_industrial_motion_planner_testutils:/home/zx/ws_moveit2/install/moveit_runtime:/home/zx/ws_moveit2/install/moveit2_tutorials:/home/zx/ws_moveit2/install/moveit:/home/zx/ws_moveit2/install/moveit_planners:/home/zx/ws_moveit2/install/pilz_industrial_motion_planner:/home/zx/ws_moveit2/install/moveit_visual_tools:/home/zx/ws_moveit2/install/moveit_task_constructor_visualization:/home/zx/ws_moveit2/install/moveit_task_constructor_demo:/home/zx/ws_moveit2/install/moveit_task_constructor_capabilities:/home/zx/ws_moveit2/install/moveit_task_constructor_core:/home/zx/ws_moveit2/install/moveit_ros_control_interface:/home/zx/ws_moveit2/install/moveit_plugins:/home/zx/ws_moveit2/install/moveit_simple_controller_manager:/home/zx/ws_moveit2/install/moveit_setup_assistant:/home/zx/ws_moveit2/install/moveit_setup_srdf_plugins:/home/zx/ws_moveit2/install/moveit_setup_core_plugins:/home/zx/ws_moveit2/install/moveit_setup_controllers:/home/zx/ws_moveit2/install/moveit_setup_app_plugins:/home/zx/ws_moveit2/install/moveit_setup_framework:/home/zx/ws_moveit2/install/moveit_servo:/home/zx/ws_moveit2/install/moveit_ros:/home/zx/ws_moveit2/install/moveit_ros_visualization:/home/zx/ws_moveit2/install/moveit_hybrid_planning:/home/zx/ws_moveit2/install/moveit_ros_planning_interface:/home/zx/ws_moveit2/install/moveit_ros_benchmarks:/home/zx/ws_moveit2/install/moveit_ros_warehouse:/home/zx/ws_moveit2/install/moveit_ros_robot_interaction:/home/zx/ws_moveit2/install/moveit_ros_perception:/home/zx/ws_moveit2/install/moveit_resources_prbt_pg70_support:/home/zx/ws_moveit2/install/moveit_resources_prbt_moveit_config:/home/zx/ws_moveit2/install/moveit_ros_move_group:/home/zx/ws_moveit2/install/moveit_planners_ompl:/home/zx/ws_moveit2/install/moveit_ros_planning:/home/zx/ws_moveit2/install/moveit_ros_occupancy_map_monitor:/home/zx/ws_moveit2/install/moveit_resources_prbt_ikfast_manipulator_plugin:/home/zx/ws_moveit2/install/moveit_planners_chomp:/home/zx/ws_moveit2/install/moveit_kinematics:/home/zx/ws_moveit2/install/moveit_chomp_optimizer_adapter:/home/zx/ws_moveit2/install/chomp_motion_planner:/home/zx/ws_moveit2/install/moveit_core:/home/zx/ws_moveit2/install/serial_demo:/home/zx/ws_moveit2/install/serial_can:/home/zx/ws_moveit2/install/serial:/home/zx/ws_moveit2/install/rviz_marker_tools:/home/zx/ws_moveit2/install/rosparam_shortcuts:/home/zx/ws_moveit2/install/moveit_task_constructor_msgs:/home/zx/ws_moveit2/install/moveit_resources_prbt_support:/home/zx/ws_moveit2/install/moveit_resources:/home/zx/ws_moveit2/install/moveit_resources_fanuc_moveit_config:/home/zx/ws_moveit2/install/moveit_resources_fanuc_description:/home/zx/ws_moveit2/install/tihu_2:/home/zx/ws_moveit2/install/moveit_configs_utils:/home/zx/ws_moveit2/install/launch_param_builder:/opt/ros/humble LD_LIBRARY_PATH=/home/zx/ws_moveit2/install/srdfdom/lib:/home/zx/ws_moveit2/install/pilz_industrial_motion_planner_testutils/lib:/home/zx/ws_moveit2/install/pilz_industrial_motion_planner/lib:/home/zx/ws_moveit2/install/moveit_visual_tools/lib:/home/zx/ws_moveit2/install/moveit_task_constructor_visualization/lib:/home/zx/ws_moveit2/install/moveit_task_constructor_demo/lib:/home/zx/ws_moveit2/install/moveit_task_constructor_capabilities/lib:/home/zx/ws_moveit2/install/moveit_task_constructor_core/lib:/home/zx/ws_moveit2/install/moveit_ros_control_interface/lib:/home/zx/ws_moveit2/install/moveit_simple_controller_manager/lib:/home/zx/ws_moveit2/install/moveit_setup_assistant/lib:/home/zx/ws_moveit2/install/moveit_setup_srdf_plugins/lib:/home/zx/ws_moveit2/install/moveit_setup_core_plugins/lib:/home/zx/ws_moveit2/install/moveit_setup_controllers/lib:/home/zx/ws_moveit2/install/moveit_setup_app_plugins/lib:/home/zx/ws_moveit2/install/moveit_setup_framework/lib:/home/zx/ws_moveit2/install/moveit_servo/lib:/home/zx/ws_moveit2/install/moveit_ros_visualization/lib:/home/zx/ws_moveit2/install/moveit_hybrid_planning/lib:/home/zx/ws_moveit2/install/moveit_ros_planning_interface/lib:/home/zx/ws_moveit2/install/moveit_ros_benchmarks/lib:/home/zx/ws_moveit2/install/moveit_ros_warehouse/lib:/home/zx/ws_moveit2/install/moveit_ros_robot_interaction/lib:/home/zx/ws_moveit2/install/moveit_ros_perception/lib:/home/zx/ws_moveit2/install/moveit_ros_move_group/lib:/home/zx/ws_moveit2/install/moveit_planners_ompl/lib:/home/zx/ws_moveit2/install/moveit_ros_planning/lib:/home/zx/ws_moveit2/install/moveit_ros_occupancy_map_monitor/lib:/home/zx/ws_moveit2/install/moveit_resources_prbt_ikfast_manipulator_plugin/lib:/home/zx/ws_moveit2/install/moveit_planners_chomp/lib:/home/zx/ws_moveit2/install/moveit_kinematics/lib:/home/zx/ws_moveit2/install/moveit_chomp_optimizer_adapter/lib:/home/zx/ws_moveit2/install/chomp_motion_planner/lib:/home/zx/ws_moveit2/install/moveit_core/lib:/home/zx/ws_moveit2/install/serial_can/lib:/home/zx/ws_moveit2/install/serial/lib:/home/zx/ws_moveit2/install/rviz_marker_tools/lib:/home/zx/ws_moveit2/install/rosparam_shortcuts/lib:/home/zx/ws_moveit2/install/moveit_task_constructor_msgs/lib:/opt/ros/humble/opt/rviz_ogre_vendor/lib:/opt/ros/humble/lib/x86_64-linux-gnu:/opt/ros/humble/lib /usr/bin/cmake --build /home/zx/ws_moveit2/build/moveit_core -- -j12 -l12
[0.172s] [  1%] Built target moveit_transforms
[0.177s] [  2%] Built target moveit_exceptions
[0.198s] [  4%] Built target moveit_distance_field
[0.202s] [  5%] Built target moveit_kinematics_base
[0.219s] [  7%] Built target moveit_utils
[0.228s] [  8%] Built target gtest
[0.228s] [  9%] Built target gtest_main
[0.233s] [ 10%] Built target gmock_main
[0.236s] [ 12%] Built target gmock
[0.239s] [ 13%] Built target moveit_butterworth_parameters
[0.246s] [ 14%] Built target moveit_smoothing_base
[0.256s] [ 16%] Built target moveit_version
[0.273s] [ 17%] Built target test_voxel_grid
[0.274s] [ 24%] Built target moveit_robot_model
[0.275s] [ 25%] Built target test_transforms
[0.304s] [ 26%] Built target test_distance_field
[0.330s] [ 27%] Built target moveit_test_utils
[0.331s] [ 28%] Built target moveit_butterworth_filter
[0.331s] [ 31%] Built target moveit_robot_state
[0.399s] [ 32%] Built target moveit_kinematics_metrics
[0.400s] [ 34%] Built target moveit_robot_trajectory
[0.400s] [ 34%] Built target test_robot_model
[0.400s] [ 36%] Built target moveit_dynamics_solver
[0.404s] [ 38%] Built target test_robot_state
[0.404s] [ 39%] Built target test_butterworth_filter
[0.417s] [ 45%] Built target moveit_collision_detection
[0.419s] [ 46%] Built target test_robot_state_benchmark
[0.433s] [ 47%] Built target test_robot_state_complex
[0.463s] [ 48%] Built target test_aabb
[0.480s] [ 50%] Built target moveit_planning_interface
[0.481s] [ 51%] Built target test_world
[0.484s] [ 52%] Built target test_robot_trajectory
[0.492s] [ 53%] Built target test_cartesian_interpolator
[0.493s] [ 54%] Built target test_all_valid
[0.495s] [ 58%] Built target moveit_trajectory_processing
[0.497s] [ 60%] Built target moveit_collision_detection_fcl
[0.503s] [ 62%] Built target test_world_diff
[0.525s] [ 67%] Built target moveit_collision_detection_bullet
[0.554s] [ 69%] Built target test_time_optimal_trajectory_generation
[0.555s] [ 70%] Built target test_time_parameterization
[0.559s] [ 72%] Built target test_fcl_collision_env
[0.564s] [ 73%] Built target test_fcl_collision_detection
[0.566s] [ 74%] Built target test_ruckig_traj_smoothing
[0.571s] [ 76%] Built target moveit_kinematic_constraints
[0.580s] [ 77%] Built target test_bullet_collision_detection_panda
[0.581s] [ 78%] Built target test_fcl_collision_detection_panda
[0.581s] [ 80%] Built target test_bullet_continuous_collision_checking
[0.582s] [ 81%] Built target test_bullet_collision_detection
[0.616s] [ 82%] Built target test_orientation_constraints
[0.616s] [ 83%] Built target test_constraints
[0.620s] [ 84%] Built target moveit_planning_scene
[0.676s] [ 85%] Built target moveit_planning_request_adapter
[0.676s] [ 88%] Built target test_planning_scene
[0.676s] [ 88%] Built target collision_detector_bullet_plugin
[0.676s] [ 88%] Built target test_collision_objects
[0.679s] [ 89%] Built target collision_detector_fcl_plugin
[0.690s] [ 90%] Built target test_multi_threaded
[0.690s] [ 93%] Built target moveit_collision_distance_field
[0.695s] [ 96%] Built target moveit_constraint_samplers
[0.734s] [ 97%] Built target test_collision_distance_field
[0.746s] [100%] Built target test_constraint_samplers
[0.762s] Invoked command in '/home/zx/ws_moveit2/build/moveit_core' returned '0': CMAKE_PREFIX_PATH=/home/zx/ws_moveit2/install/moveit_resources_panda_moveit_config:/home/zx/ws_moveit2/install/srdfdom:/home/zx/ws_moveit2/install/moveit_resources_pr2_description:/home/zx/ws_moveit2/install/moveit_resources_panda_description:/home/zx/ws_moveit2/install/moveit_common:/home/zx/ws_moveit2/install/urdf_2:/home/zx/ws_moveit2/install/pilz_industrial_motion_planner_testutils:/home/zx/ws_moveit2/install/moveit_runtime:/home/zx/ws_moveit2/install/moveit2_tutorials:/home/zx/ws_moveit2/install/moveit:/home/zx/ws_moveit2/install/moveit_planners:/home/zx/ws_moveit2/install/pilz_industrial_motion_planner:/home/zx/ws_moveit2/install/moveit_visual_tools:/home/zx/ws_moveit2/install/moveit_task_constructor_visualization:/home/zx/ws_moveit2/install/moveit_task_constructor_demo:/home/zx/ws_moveit2/install/moveit_task_constructor_capabilities:/home/zx/ws_moveit2/install/moveit_task_constructor_core:/home/zx/ws_moveit2/install/moveit_ros_control_interface:/home/zx/ws_moveit2/install/moveit_plugins:/home/zx/ws_moveit2/install/moveit_simple_controller_manager:/home/zx/ws_moveit2/install/moveit_setup_assistant:/home/zx/ws_moveit2/install/moveit_setup_srdf_plugins:/home/zx/ws_moveit2/install/moveit_setup_core_plugins:/home/zx/ws_moveit2/install/moveit_setup_controllers:/home/zx/ws_moveit2/install/moveit_setup_app_plugins:/home/zx/ws_moveit2/install/moveit_setup_framework:/home/zx/ws_moveit2/install/moveit_servo:/home/zx/ws_moveit2/install/moveit_ros:/home/zx/ws_moveit2/install/moveit_ros_visualization:/home/zx/ws_moveit2/install/moveit_hybrid_planning:/home/zx/ws_moveit2/install/moveit_ros_planning_interface:/home/zx/ws_moveit2/install/moveit_ros_benchmarks:/home/zx/ws_moveit2/install/moveit_ros_warehouse:/home/zx/ws_moveit2/install/moveit_ros_robot_interaction:/home/zx/ws_moveit2/install/moveit_ros_perception:/home/zx/ws_moveit2/install/moveit_resources_prbt_pg70_support:/home/zx/ws_moveit2/install/moveit_resources_prbt_moveit_config:/home/zx/ws_moveit2/install/moveit_ros_move_group:/home/zx/ws_moveit2/install/moveit_planners_ompl:/home/zx/ws_moveit2/install/moveit_ros_planning:/home/zx/ws_moveit2/install/moveit_ros_occupancy_map_monitor:/home/zx/ws_moveit2/install/moveit_resources_prbt_ikfast_manipulator_plugin:/home/zx/ws_moveit2/install/moveit_planners_chomp:/home/zx/ws_moveit2/install/moveit_kinematics:/home/zx/ws_moveit2/install/moveit_chomp_optimizer_adapter:/home/zx/ws_moveit2/install/chomp_motion_planner:/home/zx/ws_moveit2/install/moveit_core:/home/zx/ws_moveit2/install/serial_demo:/home/zx/ws_moveit2/install/serial_can:/home/zx/ws_moveit2/install/serial:/home/zx/ws_moveit2/install/rviz_marker_tools:/home/zx/ws_moveit2/install/rosparam_shortcuts:/home/zx/ws_moveit2/install/moveit_task_constructor_msgs:/home/zx/ws_moveit2/install/moveit_resources_prbt_support:/home/zx/ws_moveit2/install/moveit_resources:/home/zx/ws_moveit2/install/moveit_resources_fanuc_moveit_config:/home/zx/ws_moveit2/install/moveit_resources_fanuc_description:/home/zx/ws_moveit2/install/tihu_2:/home/zx/ws_moveit2/install/moveit_configs_utils:/home/zx/ws_moveit2/install/launch_param_builder:/opt/ros/humble LD_LIBRARY_PATH=/home/zx/ws_moveit2/install/srdfdom/lib:/home/zx/ws_moveit2/install/pilz_industrial_motion_planner_testutils/lib:/home/zx/ws_moveit2/install/pilz_industrial_motion_planner/lib:/home/zx/ws_moveit2/install/moveit_visual_tools/lib:/home/zx/ws_moveit2/install/moveit_task_constructor_visualization/lib:/home/zx/ws_moveit2/install/moveit_task_constructor_demo/lib:/home/zx/ws_moveit2/install/moveit_task_constructor_capabilities/lib:/home/zx/ws_moveit2/install/moveit_task_constructor_core/lib:/home/zx/ws_moveit2/install/moveit_ros_control_interface/lib:/home/zx/ws_moveit2/install/moveit_simple_controller_manager/lib:/home/zx/ws_moveit2/install/moveit_setup_assistant/lib:/home/zx/ws_moveit2/install/moveit_setup_srdf_plugins/lib:/home/zx/ws_moveit2/install/moveit_setup_core_plugins/lib:/home/zx/ws_moveit2/install/moveit_setup_controllers/lib:/home/zx/ws_moveit2/install/moveit_setup_app_plugins/lib:/home/zx/ws_moveit2/install/moveit_setup_framework/lib:/home/zx/ws_moveit2/install/moveit_servo/lib:/home/zx/ws_moveit2/install/moveit_ros_visualization/lib:/home/zx/ws_moveit2/install/moveit_hybrid_planning/lib:/home/zx/ws_moveit2/install/moveit_ros_planning_interface/lib:/home/zx/ws_moveit2/install/moveit_ros_benchmarks/lib:/home/zx/ws_moveit2/install/moveit_ros_warehouse/lib:/home/zx/ws_moveit2/install/moveit_ros_robot_interaction/lib:/home/zx/ws_moveit2/install/moveit_ros_perception/lib:/home/zx/ws_moveit2/install/moveit_ros_move_group/lib:/home/zx/ws_moveit2/install/moveit_planners_ompl/lib:/home/zx/ws_moveit2/install/moveit_ros_planning/lib:/home/zx/ws_moveit2/install/moveit_ros_occupancy_map_monitor/lib:/home/zx/ws_moveit2/install/moveit_resources_prbt_ikfast_manipulator_plugin/lib:/home/zx/ws_moveit2/install/moveit_planners_chomp/lib:/home/zx/ws_moveit2/install/moveit_kinematics/lib:/home/zx/ws_moveit2/install/moveit_chomp_optimizer_adapter/lib:/home/zx/ws_moveit2/install/chomp_motion_planner/lib:/home/zx/ws_moveit2/install/moveit_core/lib:/home/zx/ws_moveit2/install/serial_can/lib:/home/zx/ws_moveit2/install/serial/lib:/home/zx/ws_moveit2/install/rviz_marker_tools/lib:/home/zx/ws_moveit2/install/rosparam_shortcuts/lib:/home/zx/ws_moveit2/install/moveit_task_constructor_msgs/lib:/opt/ros/humble/opt/rviz_ogre_vendor/lib:/opt/ros/humble/lib/x86_64-linux-gnu:/opt/ros/humble/lib /usr/bin/cmake --build /home/zx/ws_moveit2/build/moveit_core -- -j12 -l12
[0.885s] Invoking command in '/home/zx/ws_moveit2/build/moveit_core': CMAKE_PREFIX_PATH=/home/zx/ws_moveit2/install/moveit_resources_panda_moveit_config:/home/zx/ws_moveit2/install/srdfdom:/home/zx/ws_moveit2/install/moveit_resources_pr2_description:/home/zx/ws_moveit2/install/moveit_resources_panda_description:/home/zx/ws_moveit2/install/moveit_common:/home/zx/ws_moveit2/install/urdf_2:/home/zx/ws_moveit2/install/pilz_industrial_motion_planner_testutils:/home/zx/ws_moveit2/install/moveit_runtime:/home/zx/ws_moveit2/install/moveit2_tutorials:/home/zx/ws_moveit2/install/moveit:/home/zx/ws_moveit2/install/moveit_planners:/home/zx/ws_moveit2/install/pilz_industrial_motion_planner:/home/zx/ws_moveit2/install/moveit_visual_tools:/home/zx/ws_moveit2/install/moveit_task_constructor_visualization:/home/zx/ws_moveit2/install/moveit_task_constructor_demo:/home/zx/ws_moveit2/install/moveit_task_constructor_capabilities:/home/zx/ws_moveit2/install/moveit_task_constructor_core:/home/zx/ws_moveit2/install/moveit_ros_control_interface:/home/zx/ws_moveit2/install/moveit_plugins:/home/zx/ws_moveit2/install/moveit_simple_controller_manager:/home/zx/ws_moveit2/install/moveit_setup_assistant:/home/zx/ws_moveit2/install/moveit_setup_srdf_plugins:/home/zx/ws_moveit2/install/moveit_setup_core_plugins:/home/zx/ws_moveit2/install/moveit_setup_controllers:/home/zx/ws_moveit2/install/moveit_setup_app_plugins:/home/zx/ws_moveit2/install/moveit_setup_framework:/home/zx/ws_moveit2/install/moveit_servo:/home/zx/ws_moveit2/install/moveit_ros:/home/zx/ws_moveit2/install/moveit_ros_visualization:/home/zx/ws_moveit2/install/moveit_hybrid_planning:/home/zx/ws_moveit2/install/moveit_ros_planning_interface:/home/zx/ws_moveit2/install/moveit_ros_benchmarks:/home/zx/ws_moveit2/install/moveit_ros_warehouse:/home/zx/ws_moveit2/install/moveit_ros_robot_interaction:/home/zx/ws_moveit2/install/moveit_ros_perception:/home/zx/ws_moveit2/install/moveit_resources_prbt_pg70_support:/home/zx/ws_moveit2/install/moveit_resources_prbt_moveit_config:/home/zx/ws_moveit2/install/moveit_ros_move_group:/home/zx/ws_moveit2/install/moveit_planners_ompl:/home/zx/ws_moveit2/install/moveit_ros_planning:/home/zx/ws_moveit2/install/moveit_ros_occupancy_map_monitor:/home/zx/ws_moveit2/install/moveit_resources_prbt_ikfast_manipulator_plugin:/home/zx/ws_moveit2/install/moveit_planners_chomp:/home/zx/ws_moveit2/install/moveit_kinematics:/home/zx/ws_moveit2/install/moveit_chomp_optimizer_adapter:/home/zx/ws_moveit2/install/chomp_motion_planner:/home/zx/ws_moveit2/install/moveit_core:/home/zx/ws_moveit2/install/serial_demo:/home/zx/ws_moveit2/install/serial_can:/home/zx/ws_moveit2/install/serial:/home/zx/ws_moveit2/install/rviz_marker_tools:/home/zx/ws_moveit2/install/rosparam_shortcuts:/home/zx/ws_moveit2/install/moveit_task_constructor_msgs:/home/zx/ws_moveit2/install/moveit_resources_prbt_support:/home/zx/ws_moveit2/install/moveit_resources:/home/zx/ws_moveit2/install/moveit_resources_fanuc_moveit_config:/home/zx/ws_moveit2/install/moveit_resources_fanuc_description:/home/zx/ws_moveit2/install/tihu_2:/home/zx/ws_moveit2/install/moveit_configs_utils:/home/zx/ws_moveit2/install/launch_param_builder:/opt/ros/humble LD_LIBRARY_PATH=/home/zx/ws_moveit2/install/srdfdom/lib:/home/zx/ws_moveit2/install/pilz_industrial_motion_planner_testutils/lib:/home/zx/ws_moveit2/install/pilz_industrial_motion_planner/lib:/home/zx/ws_moveit2/install/moveit_visual_tools/lib:/home/zx/ws_moveit2/install/moveit_task_constructor_visualization/lib:/home/zx/ws_moveit2/install/moveit_task_constructor_demo/lib:/home/zx/ws_moveit2/install/moveit_task_constructor_capabilities/lib:/home/zx/ws_moveit2/install/moveit_task_constructor_core/lib:/home/zx/ws_moveit2/install/moveit_ros_control_interface/lib:/home/zx/ws_moveit2/install/moveit_simple_controller_manager/lib:/home/zx/ws_moveit2/install/moveit_setup_assistant/lib:/home/zx/ws_moveit2/install/moveit_setup_srdf_plugins/lib:/home/zx/ws_moveit2/install/moveit_setup_core_plugins/lib:/home/zx/ws_moveit2/install/moveit_setup_controllers/lib:/home/zx/ws_moveit2/install/moveit_setup_app_plugins/lib:/home/zx/ws_moveit2/install/moveit_setup_framework/lib:/home/zx/ws_moveit2/install/moveit_servo/lib:/home/zx/ws_moveit2/install/moveit_ros_visualization/lib:/home/zx/ws_moveit2/install/moveit_hybrid_planning/lib:/home/zx/ws_moveit2/install/moveit_ros_planning_interface/lib:/home/zx/ws_moveit2/install/moveit_ros_benchmarks/lib:/home/zx/ws_moveit2/install/moveit_ros_warehouse/lib:/home/zx/ws_moveit2/install/moveit_ros_robot_interaction/lib:/home/zx/ws_moveit2/install/moveit_ros_perception/lib:/home/zx/ws_moveit2/install/moveit_ros_move_group/lib:/home/zx/ws_moveit2/install/moveit_planners_ompl/lib:/home/zx/ws_moveit2/install/moveit_ros_planning/lib:/home/zx/ws_moveit2/install/moveit_ros_occupancy_map_monitor/lib:/home/zx/ws_moveit2/install/moveit_resources_prbt_ikfast_manipulator_plugin/lib:/home/zx/ws_moveit2/install/moveit_planners_chomp/lib:/home/zx/ws_moveit2/install/moveit_kinematics/lib:/home/zx/ws_moveit2/install/moveit_chomp_optimizer_adapter/lib:/home/zx/ws_moveit2/install/chomp_motion_planner/lib:/home/zx/ws_moveit2/install/moveit_core/lib:/home/zx/ws_moveit2/install/serial_can/lib:/home/zx/ws_moveit2/install/serial/lib:/home/zx/ws_moveit2/install/rviz_marker_tools/lib:/home/zx/ws_moveit2/install/rosparam_shortcuts/lib:/home/zx/ws_moveit2/install/moveit_task_constructor_msgs/lib:/opt/ros/humble/opt/rviz_ogre_vendor/lib:/opt/ros/humble/lib/x86_64-linux-gnu:/opt/ros/humble/lib /usr/bin/cmake --install /home/zx/ws_moveit2/build/moveit_core
[0.899s] -- Install configuration: "Release"
[0.899s] -- Up-to-date: /home/zx/ws_moveit2/install/moveit_core/include/moveit/version.h
[0.899s] -- Up-to-date: /home/zx/ws_moveit2/install/moveit_core/include
[0.900s] -- Up-to-date: /home/zx/ws_moveit2/install/moveit_core/include/moveit
[0.900s] -- Up-to-date: /home/zx/ws_moveit2/install/moveit_core/include/moveit/collision_distance_field
[0.900s] -- Up-to-date: /home/zx/ws_moveit2/install/moveit_core/include/moveit/collision_distance_field/collision_env_hybrid.h
[0.900s] -- Up-to-date: /home/zx/ws_moveit2/install/moveit_core/include/moveit/collision_distance_field/collision_detector_allocator_hybrid.h
[0.900s] -- Up-to-date: /home/zx/ws_moveit2/install/moveit_core/include/moveit/collision_distance_field/collision_env_distance_field.h
[0.900s] -- Up-to-date: /home/zx/ws_moveit2/install/moveit_core/include/moveit/collision_distance_field/collision_detector_allocator_distance_field.h
[0.900s] -- Up-to-date: /home/zx/ws_moveit2/install/moveit_core/include/moveit/collision_distance_field/collision_distance_field_types.h
[0.900s] -- Up-to-date: /home/zx/ws_moveit2/install/moveit_core/include/moveit/collision_distance_field/collision_common_distance_field.h
[0.900s] -- Up-to-date: /home/zx/ws_moveit2/install/moveit_core/include/moveit_collision_distance_field_export.h
[0.901s] -- Up-to-date: /home/zx/ws_moveit2/install/moveit_core/include
[0.901s] -- Up-to-date: /home/zx/ws_moveit2/install/moveit_core/include/moveit
[0.901s] -- Up-to-date: /home/zx/ws_moveit2/install/moveit_core/include/moveit/constraint_samplers
[0.901s] -- Up-to-date: /home/zx/ws_moveit2/install/moveit_core/include/moveit/constraint_samplers/default_constraint_samplers.h
[0.901s] -- Up-to-date: /home/zx/ws_moveit2/install/moveit_core/include/moveit/constraint_samplers/union_constraint_sampler.h
[0.901s] -- Up-to-date: /home/zx/ws_moveit2/install/moveit_core/include/moveit/constraint_samplers/constraint_sampler_allocator.h
[0.901s] -- Up-to-date: /home/zx/ws_moveit2/install/moveit_core/include/moveit/constraint_samplers/constraint_sampler.h
[0.901s] -- Up-to-date: /home/zx/ws_moveit2/install/moveit_core/include/moveit/constraint_samplers/constraint_sampler_tools.h
[0.901s] -- Up-to-date: /home/zx/ws_moveit2/install/moveit_core/include/moveit/constraint_samplers/constraint_sampler_manager.h
[0.901s] -- Up-to-date: /home/zx/ws_moveit2/install/moveit_core/include
[0.901s] -- Up-to-date: /home/zx/ws_moveit2/install/moveit_core/include/moveit
[0.901s] -- Up-to-date: /home/zx/ws_moveit2/install/moveit_core/include/moveit/controller_manager
[0.902s] -- Up-to-date: /home/zx/ws_moveit2/install/moveit_core/include/moveit/controller_manager/controller_manager.h
[0.902s] -- Up-to-date: /home/zx/ws_moveit2/install/moveit_core/include
[0.902s] -- Up-to-date: /home/zx/ws_moveit2/install/moveit_core/include/moveit
[0.902s] -- Up-to-date: /home/zx/ws_moveit2/install/moveit_core/include/moveit/distance_field
[0.902s] -- Up-to-date: /home/zx/ws_moveit2/install/moveit_core/include/moveit/distance_field/find_internal_points.h
[0.902s] -- Up-to-date: /home/zx/ws_moveit2/install/moveit_core/include/moveit/distance_field/voxel_grid.h
[0.902s] -- Up-to-date: /home/zx/ws_moveit2/install/moveit_core/include/moveit/distance_field/distance_field.h
[0.902s] -- Up-to-date: /home/zx/ws_moveit2/install/moveit_core/include/moveit/distance_field/propagation_distance_field.h
[0.902s] -- Up-to-date: /home/zx/ws_moveit2/install/moveit_core/include
[0.903s] -- Up-to-date: /home/zx/ws_moveit2/install/moveit_core/include/moveit
[0.903s] -- Up-to-date: /home/zx/ws_moveit2/install/moveit_core/include/moveit/dynamics_solver
[0.903s] -- Up-to-date: /home/zx/ws_moveit2/install/moveit_core/include/moveit/dynamics_solver/dynamics_solver.h
[0.903s] -- Up-to-date: /home/zx/ws_moveit2/install/moveit_core/include
[0.903s] -- Up-to-date: /home/zx/ws_moveit2/install/moveit_core/include/moveit
[0.903s] -- Up-to-date: /home/zx/ws_moveit2/install/moveit_core/include/moveit/exceptions
[0.903s] -- Up-to-date: /home/zx/ws_moveit2/install/moveit_core/include/moveit/exceptions/exceptions.h
[0.903s] -- Up-to-date: /home/zx/ws_moveit2/install/moveit_core/include
[0.903s] -- Up-to-date: /home/zx/ws_moveit2/install/moveit_core/include/moveit
[0.903s] -- Up-to-date: /home/zx/ws_moveit2/install/moveit_core/include/moveit/kinematics_base
[0.903s] -- Up-to-date: /home/zx/ws_moveit2/install/moveit_core/include/moveit/kinematics_base/kinematics_base.h
[0.903s] -- Up-to-date: /home/zx/ws_moveit2/install/moveit_core/include/moveit_kinematics_base_export.h
[0.903s] -- Up-to-date: /home/zx/ws_moveit2/install/moveit_core/include
[0.903s] -- Up-to-date: /home/zx/ws_moveit2/install/moveit_core/include/moveit
[0.904s] -- Up-to-date: /home/zx/ws_moveit2/install/moveit_core/include/moveit/kinematic_constraints
[0.904s] -- Up-to-date: /home/zx/ws_moveit2/install/moveit_core/include/moveit/kinematic_constraints/utils.h
[0.904s] -- Up-to-date: /home/zx/ws_moveit2/install/moveit_core/include/moveit/kinematic_constraints/kinematic_constraint.h
[0.904s] -- Up-to-date: /home/zx/ws_moveit2/install/moveit_core/include
[0.904s] -- Up-to-date: /home/zx/ws_moveit2/install/moveit_core/include/moveit
[0.904s] -- Up-to-date: /home/zx/ws_moveit2/install/moveit_core/include/moveit/kinematics_metrics
[0.904s] -- Up-to-date: /home/zx/ws_moveit2/install/moveit_core/include/moveit/kinematics_metrics/kinematics_metrics.h
[0.904s] -- Up-to-date: /home/zx/ws_moveit2/install/moveit_core/include
[0.904s] -- Up-to-date: /home/zx/ws_moveit2/install/moveit_core/include/moveit
[0.904s] -- Up-to-date: /home/zx/ws_moveit2/install/moveit_core/include/moveit/macros
[0.906s] -- Up-to-date: /home/zx/ws_moveit2/install/moveit_core/include/moveit/macros/console_colors.h
[0.906s] -- Up-to-date: /home/zx/ws_moveit2/install/moveit_core/include/moveit/macros/declare_ptr.h
[0.907s] -- Up-to-date: /home/zx/ws_moveit2/install/moveit_core/include/moveit/macros/class_forward.h
[0.907s] -- Up-to-date: /home/zx/ws_moveit2/install/moveit_core/include/moveit/macros/deprecation.h
[0.907s] -- Up-to-date: /home/zx/ws_moveit2/install/moveit_core/include/moveit_butterworth_parameters
[0.907s] -- Up-to-date: /home/zx/ws_moveit2/install/moveit_core/include/moveit_butterworth_parameters/moveit_butterworth_parameters.hpp
[0.907s] -- Up-to-date: /home/zx/ws_moveit2/install/moveit_core/include
[0.907s] -- Up-to-date: /home/zx/ws_moveit2/install/moveit_core/include/moveit
[0.907s] -- Up-to-date: /home/zx/ws_moveit2/install/moveit_core/include/moveit/online_signal_smoothing
[0.907s] -- Up-to-date: /home/zx/ws_moveit2/install/moveit_core/include/moveit/online_signal_smoothing/butterworth_filter.h
[0.907s] -- Up-to-date: /home/zx/ws_moveit2/install/moveit_core/include/moveit/online_signal_smoothing/smoothing_base_class.h
[0.908s] -- Up-to-date: /home/zx/ws_moveit2/install/moveit_core/include/moveit_smoothing_base_export.h
[0.908s] -- Up-to-date: /home/zx/ws_moveit2/install/moveit_core/include/moveit_butterworth_filter_export.h
[0.908s] -- Up-to-date: /home/zx/ws_moveit2/install/moveit_core/include
[0.908s] -- Up-to-date: /home/zx/ws_moveit2/install/moveit_core/include/moveit
[0.908s] -- Up-to-date: /home/zx/ws_moveit2/install/moveit_core/include/moveit/planning_interface
[0.908s] -- Up-to-date: /home/zx/ws_moveit2/install/moveit_core/include/moveit/planning_interface/planning_response.h
[0.908s] -- Up-to-date: /home/zx/ws_moveit2/install/moveit_core/include/moveit/planning_interface/planning_interface.h
[0.909s] -- Up-to-date: /home/zx/ws_moveit2/install/moveit_core/include/moveit/planning_interface/planning_request.h
[0.909s] -- Up-to-date: /home/zx/ws_moveit2/install/moveit_core/include
[0.909s] -- Up-to-date: /home/zx/ws_moveit2/install/moveit_core/include/moveit
[0.909s] -- Up-to-date: /home/zx/ws_moveit2/install/moveit_core/include/moveit/planning_request_adapter
[0.909s] -- Up-to-date: /home/zx/ws_moveit2/install/moveit_core/include/moveit/planning_request_adapter/planning_request_adapter.h
[0.909s] -- Up-to-date: /home/zx/ws_moveit2/install/moveit_core/include
[0.909s] -- Up-to-date: /home/zx/ws_moveit2/install/moveit_core/include/moveit
[0.909s] -- Up-to-date: /home/zx/ws_moveit2/install/moveit_core/include/moveit/planning_scene
[0.909s] -- Up-to-date: /home/zx/ws_moveit2/install/moveit_core/include/moveit/planning_scene/planning_scene.h
[0.909s] -- Up-to-date: /home/zx/ws_moveit2/install/moveit_core/include/moveit_planning_scene_export.h
[0.909s] -- Up-to-date: /home/zx/ws_moveit2/install/moveit_core/include
[0.909s] -- Up-to-date: /home/zx/ws_moveit2/install/moveit_core/include/moveit
[0.910s] -- Up-to-date: /home/zx/ws_moveit2/install/moveit_core/include/moveit/robot_model
[0.910s] -- Up-to-date: /home/zx/ws_moveit2/install/moveit_core/include/moveit/robot_model/prismatic_joint_model.h
[0.910s] -- Up-to-date: /home/zx/ws_moveit2/install/moveit_core/include/moveit/robot_model/fixed_joint_model.h
[0.910s] -- Up-to-date: /home/zx/ws_moveit2/install/moveit_core/include/moveit/robot_model/floating_joint_model.h
[0.910s] -- Up-to-date: /home/zx/ws_moveit2/install/moveit_core/include/moveit/robot_model/joint_model_group.h
[0.910s] -- Up-to-date: /home/zx/ws_moveit2/install/moveit_core/include/moveit/robot_model/revolute_joint_model.h
[0.910s] -- Up-to-date: /home/zx/ws_moveit2/install/moveit_core/include/moveit/robot_model/joint_model.h
[0.910s] -- Up-to-date: /home/zx/ws_moveit2/install/moveit_core/include/moveit/robot_model/aabb.h
[0.910s] -- Up-to-date: /home/zx/ws_moveit2/install/moveit_core/include/moveit/robot_model/link_model.h
[0.910s] -- Up-to-date: /home/zx/ws_moveit2/install/moveit_core/include/moveit/robot_model/planar_joint_model.h
[0.910s] -- Up-to-date: /home/zx/ws_moveit2/install/moveit_core/include/moveit/robot_model/robot_model.h
[0.910s] -- Up-to-date: /home/zx/ws_moveit2/install/moveit_core/include
[0.910s] -- Up-to-date: /home/zx/ws_moveit2/install/moveit_core/include/moveit
[0.910s] -- Up-to-date: /home/zx/ws_moveit2/install/moveit_core/include/moveit/robot_state
[0.911s] -- Up-to-date: /home/zx/ws_moveit2/install/moveit_core/include/moveit/robot_state/attached_body.h
[0.911s] -- Up-to-date: /home/zx/ws_moveit2/install/moveit_core/include/moveit/robot_state/cartesian_interpolator.h
[0.911s] -- Up-to-date: /home/zx/ws_moveit2/install/moveit_core/include/moveit/robot_state/conversions.h
[0.911s] -- Up-to-date: /home/zx/ws_moveit2/install/moveit_core/include/moveit/robot_state/robot_state.h
[0.911s] -- Up-to-date: /home/zx/ws_moveit2/install/moveit_core/include
[0.911s] -- Up-to-date: /home/zx/ws_moveit2/install/moveit_core/include/moveit
[0.911s] -- Up-to-date: /home/zx/ws_moveit2/install/moveit_core/include/moveit/robot_trajectory
[0.911s] -- Up-to-date: /home/zx/ws_moveit2/install/moveit_core/include/moveit/robot_trajectory/robot_trajectory.h
[0.911s] -- Up-to-date: /home/zx/ws_moveit2/install/moveit_core/include
[0.911s] -- Up-to-date: /home/zx/ws_moveit2/install/moveit_core/include/moveit
[0.911s] -- Up-to-date: /home/zx/ws_moveit2/install/moveit_core/include/moveit/sensor_manager
[0.912s] -- Up-to-date: /home/zx/ws_moveit2/install/moveit_core/include/moveit/sensor_manager/sensor_manager.h
[0.912s] -- Up-to-date: /home/zx/ws_moveit2/install/moveit_core/include
[0.912s] -- Up-to-date: /home/zx/ws_moveit2/install/moveit_core/include/moveit
[0.912s] -- Up-to-date: /home/zx/ws_moveit2/install/moveit_core/include/moveit/trajectory_processing
[0.912s] -- Up-to-date: /home/zx/ws_moveit2/install/moveit_core/include/moveit/trajectory_processing/time_optimal_trajectory_generation.h
[0.912s] -- Up-to-date: /home/zx/ws_moveit2/install/moveit_core/include/moveit/trajectory_processing/ruckig_traj_smoothing.h
[0.912s] -- Up-to-date: /home/zx/ws_moveit2/install/moveit_core/include/moveit/trajectory_processing/trajectory_tools.h
[0.912s] -- Up-to-date: /home/zx/ws_moveit2/install/moveit_core/include/moveit/trajectory_processing/time_parameterization.h
[0.912s] -- Up-to-date: /home/zx/ws_moveit2/install/moveit_core/include/moveit/trajectory_processing/iterative_spline_parameterization.h
[0.912s] -- Up-to-date: /home/zx/ws_moveit2/install/moveit_core/include/moveit/trajectory_processing/iterative_time_parameterization.h
[0.912s] -- Up-to-date: /home/zx/ws_moveit2/install/moveit_core/include
[0.912s] -- Up-to-date: /home/zx/ws_moveit2/install/moveit_core/include/moveit
[0.913s] -- Up-to-date: /home/zx/ws_moveit2/install/moveit_core/include/moveit/transforms
[0.913s] -- Up-to-date: /home/zx/ws_moveit2/install/moveit_core/include/moveit/transforms/transforms.h
[0.913s] -- Up-to-date: /home/zx/ws_moveit2/install/moveit_core/include
[0.913s] -- Up-to-date: /home/zx/ws_moveit2/install/moveit_core/include/moveit
[0.913s] -- Up-to-date: /home/zx/ws_moveit2/install/moveit_core/include/moveit/utils
[0.913s] -- Up-to-date: /home/zx/ws_moveit2/install/moveit_core/include/moveit/utils/rclcpp_utils.h
[0.913s] -- Up-to-date: /home/zx/ws_moveit2/install/moveit_core/include/moveit/utils/lexical_casts.h
[0.913s] -- Up-to-date: /home/zx/ws_moveit2/install/moveit_core/include/moveit/utils/robot_model_test_utils.h
[0.913s] -- Up-to-date: /home/zx/ws_moveit2/install/moveit_core/include/moveit/utils/moveit_error_code.h
[0.913s] -- Up-to-date: /home/zx/ws_moveit2/install/moveit_core/include/moveit/utils/message_checks.h
[0.913s] -- Up-to-date: /home/zx/ws_moveit2/install/moveit_core/bin/moveit_version
[0.913s] -- Up-to-date: /home/zx/ws_moveit2/install/moveit_core/include
[0.913s] -- Up-to-date: /home/zx/ws_moveit2/install/moveit_core/include/moveit
[0.913s] -- Up-to-date: /home/zx/ws_moveit2/install/moveit_core/include/moveit/collision_detection
[0.913s] -- Up-to-date: /home/zx/ws_moveit2/install/moveit_core/include/moveit/collision_detection/world.h
[0.913s] -- Up-to-date: /home/zx/ws_moveit2/install/moveit_core/include/moveit/collision_detection/world_diff.h
[0.914s] -- Up-to-date: /home/zx/ws_moveit2/install/moveit_core/include/moveit/collision_detection/collision_octomap_filter.h
[0.914s] -- Up-to-date: /home/zx/ws_moveit2/install/moveit_core/include/moveit/collision_detection/collision_common.h
[0.914s] -- Up-to-date: /home/zx/ws_moveit2/install/moveit_core/include/moveit/collision_detection/test_collision_common_pr2.h
[0.914s] -- Up-to-date: /home/zx/ws_moveit2/install/moveit_core/include/moveit/collision_detection/collision_plugin_cache.h
[0.914s] -- Up-to-date: /home/zx/ws_moveit2/install/moveit_core/include/moveit/collision_detection/collision_tools.h
[0.914s] -- Up-to-date: /home/zx/ws_moveit2/install/moveit_core/include/moveit/collision_detection/collision_matrix.h
[0.914s] -- Up-to-date: /home/zx/ws_moveit2/install/moveit_core/include/moveit/collision_detection/collision_plugin.h
[0.914s] -- Up-to-date: /home/zx/ws_moveit2/install/moveit_core/include/moveit/collision_detection/collision_env.h
[0.914s] -- Up-to-date: /home/zx/ws_moveit2/install/moveit_core/include/moveit/collision_detection/test_collision_common_panda.h
[0.914s] -- Up-to-date: /home/zx/ws_moveit2/install/moveit_core/include/moveit/collision_detection/allvalid
[0.914s] -- Up-to-date: /home/zx/ws_moveit2/install/moveit_core/include/moveit/collision_detection/allvalid/collision_detector_allocator_allvalid.h
[0.914s] -- Up-to-date: /home/zx/ws_moveit2/install/moveit_core/include/moveit/collision_detection/allvalid/collision_env_allvalid.h
[0.914s] -- Up-to-date: /home/zx/ws_moveit2/install/moveit_core/include/moveit/collision_detection/collision_detector_allocator.h
[0.914s] -- Up-to-date: /home/zx/ws_moveit2/install/moveit_core/include/moveit/collision_detection/occupancy_map.h
[0.915s] -- Up-to-date: /home/zx/ws_moveit2/install/moveit_core/include/moveit_collision_detection_export.h
[0.915s] -- Up-to-date: /home/zx/ws_moveit2/install/moveit_core/include/moveit_core
[0.915s] -- Up-to-date: /home/zx/ws_moveit2/install/moveit_core/include/moveit_core/moveit
[0.915s] -- Up-to-date: /home/zx/ws_moveit2/install/moveit_core/include/moveit_core/moveit/collision_detection_bullet
[0.915s] -- Up-to-date: /home/zx/ws_moveit2/install/moveit_core/include/moveit_core/moveit/collision_detection_bullet/bullet_integration
[0.915s] -- Up-to-date: /home/zx/ws_moveit2/install/moveit_core/include/moveit_core/moveit/collision_detection_bullet/bullet_integration/bullet_cast_bvh_manager.h
[0.915s] -- Up-to-date: /home/zx/ws_moveit2/install/moveit_core/include/moveit_core/moveit/collision_detection_bullet/bullet_integration/bullet_discrete_bvh_manager.h
[0.915s] -- Up-to-date: /home/zx/ws_moveit2/install/moveit_core/include/moveit_core/moveit/collision_detection_bullet/bullet_integration/contact_checker_common.h
[0.915s] -- Up-to-date: /home/zx/ws_moveit2/install/moveit_core/include/moveit_core/moveit/collision_detection_bullet/bullet_integration/basic_types.h
[0.915s] -- Up-to-date: /home/zx/ws_moveit2/install/moveit_core/include/moveit_core/moveit/collision_detection_bullet/bullet_integration/bullet_bvh_manager.h
[0.915s] -- Up-to-date: /home/zx/ws_moveit2/install/moveit_core/include/moveit_core/moveit/collision_detection_bullet/bullet_integration/ros_bullet_utils.h
[0.915s] -- Up-to-date: /home/zx/ws_moveit2/install/moveit_core/include/moveit_core/moveit/collision_detection_bullet/bullet_integration/bullet_utils.h
[0.915s] -- Up-to-date: /home/zx/ws_moveit2/install/moveit_core/include/moveit_core/moveit/collision_detection_bullet/collision_env_bullet.h
[0.915s] -- Up-to-date: /home/zx/ws_moveit2/install/moveit_core/include/moveit_core/moveit/collision_detection_bullet/collision_detector_allocator_bullet.h
[0.916s] -- Up-to-date: /home/zx/ws_moveit2/install/moveit_core/include/moveit_core/moveit/collision_detection_bullet/collision_detector_bullet_plugin_loader.h
[0.916s] -- Up-to-date: /home/zx/ws_moveit2/install/moveit_core/include/moveit_core/moveit_collision_detection_bullet_export.h
[0.916s] -- Up-to-date: /home/zx/ws_moveit2/install/moveit_core/include
[0.916s] -- Up-to-date: /home/zx/ws_moveit2/install/moveit_core/include/moveit
[0.916s] -- Up-to-date: /home/zx/ws_moveit2/install/moveit_core/include/moveit/collision_detection_fcl
[0.916s] -- Up-to-date: /home/zx/ws_moveit2/install/moveit_core/include/moveit/collision_detection_fcl/fcl_compat.h
[0.916s] -- Up-to-date: /home/zx/ws_moveit2/install/moveit_core/include/moveit/collision_detection_fcl/collision_detector_allocator_fcl.h
[0.916s] -- Up-to-date: /home/zx/ws_moveit2/install/moveit_core/include/moveit/collision_detection_fcl/collision_common.h
[0.916s] -- Up-to-date: /home/zx/ws_moveit2/install/moveit_core/include/moveit/collision_detection_fcl/collision_env_fcl.h
[0.916s] -- Up-to-date: /home/zx/ws_moveit2/install/moveit_core/include/moveit/collision_detection_fcl/collision_detector_fcl_plugin_loader.h
[0.916s] -- Up-to-date: /home/zx/ws_moveit2/install/moveit_core/include/moveit_collision_detection_fcl_export.h
[0.916s] -- Up-to-date: /home/zx/ws_moveit2/install/moveit_core/lib/libcollision_detector_bullet_plugin.so.2.5.4
[0.916s] -- Up-to-date: /home/zx/ws_moveit2/install/moveit_core/lib/libcollision_detector_bullet_plugin.so
[0.917s] -- Up-to-date: /home/zx/ws_moveit2/install/moveit_core/lib/libmoveit_butterworth_filter.so.2.5.4
[0.917s] -- Up-to-date: /home/zx/ws_moveit2/install/moveit_core/lib/libmoveit_butterworth_filter.so
[0.917s] -- Up-to-date: /home/zx/ws_moveit2/install/moveit_core/lib/libmoveit_collision_distance_field.so.2.5.4
[0.917s] -- Up-to-date: /home/zx/ws_moveit2/install/moveit_core/lib/libmoveit_collision_distance_field.so
[0.917s] -- Up-to-date: /home/zx/ws_moveit2/install/moveit_core/lib/libmoveit_collision_detection.so.2.5.4
[0.917s] -- Up-to-date: /home/zx/ws_moveit2/install/moveit_core/lib/libmoveit_collision_detection.so
[0.917s] -- Up-to-date: /home/zx/ws_moveit2/install/moveit_core/lib/libmoveit_collision_detection_fcl.so.2.5.4
[0.917s] -- Up-to-date: /home/zx/ws_moveit2/install/moveit_core/lib/libmoveit_collision_detection_fcl.so
[0.917s] -- Up-to-date: /home/zx/ws_moveit2/install/moveit_core/lib/libmoveit_collision_detection_bullet.so.2.5.4
[0.917s] -- Up-to-date: /home/zx/ws_moveit2/install/moveit_core/lib/libmoveit_collision_detection_bullet.so
[0.917s] -- Up-to-date: /home/zx/ws_moveit2/install/moveit_core/lib/libmoveit_dynamics_solver.so.2.5.4
[0.917s] -- Up-to-date: /home/zx/ws_moveit2/install/moveit_core/lib/libmoveit_dynamics_solver.so
[0.917s] -- Up-to-date: /home/zx/ws_moveit2/install/moveit_core/lib/libmoveit_constraint_samplers.so.2.5.4
[0.918s] -- Up-to-date: /home/zx/ws_moveit2/install/moveit_core/lib/libmoveit_constraint_samplers.so
[0.918s] -- Up-to-date: /home/zx/ws_moveit2/install/moveit_core/lib/libmoveit_distance_field.so.2.5.4
[0.918s] -- Up-to-date: /home/zx/ws_moveit2/install/moveit_core/lib/libmoveit_distance_field.so
[0.918s] -- Up-to-date: /home/zx/ws_moveit2/install/moveit_core/lib/libmoveit_exceptions.so.2.5.4
[0.918s] -- Up-to-date: /home/zx/ws_moveit2/install/moveit_core/lib/libmoveit_exceptions.so
[0.918s] -- Up-to-date: /home/zx/ws_moveit2/install/moveit_core/lib/libmoveit_kinematics_base.so
[0.918s] -- Up-to-date: /home/zx/ws_moveit2/install/moveit_core/lib/libmoveit_kinematic_constraints.so.2.5.4
[0.918s] -- Up-to-date: /home/zx/ws_moveit2/install/moveit_core/lib/libmoveit_kinematic_constraints.so
[0.918s] -- Up-to-date: /home/zx/ws_moveit2/install/moveit_core/lib/libmoveit_kinematics_metrics.so.2.5.4
[0.918s] -- Up-to-date: /home/zx/ws_moveit2/install/moveit_core/lib/libmoveit_kinematics_metrics.so
[0.918s] -- Up-to-date: /home/zx/ws_moveit2/install/moveit_core/lib/libmoveit_planning_interface.so.2.5.4
[0.918s] -- Up-to-date: /home/zx/ws_moveit2/install/moveit_core/lib/libmoveit_planning_interface.so
[0.918s] -- Up-to-date: /home/zx/ws_moveit2/install/moveit_core/lib/libmoveit_planning_scene.so.2.5.4
[0.918s] -- Up-to-date: /home/zx/ws_moveit2/install/moveit_core/lib/libmoveit_planning_scene.so
[0.919s] -- Up-to-date: /home/zx/ws_moveit2/install/moveit_core/lib/libmoveit_planning_request_adapter.so.2.5.4
[0.919s] -- Up-to-date: /home/zx/ws_moveit2/install/moveit_core/lib/libmoveit_planning_request_adapter.so
[0.919s] -- Up-to-date: /home/zx/ws_moveit2/install/moveit_core/lib/libmoveit_robot_model.so.2.5.4
[0.919s] -- Up-to-date: /home/zx/ws_moveit2/install/moveit_core/lib/libmoveit_robot_model.so
[0.919s] -- Up-to-date: /home/zx/ws_moveit2/install/moveit_core/lib/libmoveit_robot_state.so.2.5.4
[0.919s] -- Up-to-date: /home/zx/ws_moveit2/install/moveit_core/lib/libmoveit_robot_state.so
[0.919s] -- Up-to-date: /home/zx/ws_moveit2/install/moveit_core/lib/libmoveit_robot_trajectory.so.2.5.4
[0.919s] -- Up-to-date: /home/zx/ws_moveit2/install/moveit_core/lib/libmoveit_robot_trajectory.so
[0.920s] -- Up-to-date: /home/zx/ws_moveit2/install/moveit_core/lib/libmoveit_smoothing_base.so.2.5.4
[0.920s] -- Up-to-date: /home/zx/ws_moveit2/install/moveit_core/lib/libmoveit_smoothing_base.so
[0.920s] -- Up-to-date: /home/zx/ws_moveit2/install/moveit_core/lib/libmoveit_test_utils.so.2.5.4
[0.920s] -- Up-to-date: /home/zx/ws_moveit2/install/moveit_core/lib/libmoveit_test_utils.so
[0.920s] -- Up-to-date: /home/zx/ws_moveit2/install/moveit_core/lib/libmoveit_trajectory_processing.so.2.5.4
[0.921s] -- Up-to-date: /home/zx/ws_moveit2/install/moveit_core/lib/libmoveit_trajectory_processing.so
[0.921s] -- Up-to-date: /home/zx/ws_moveit2/install/moveit_core/lib/libmoveit_transforms.so.2.5.4
[0.921s] -- Up-to-date: /home/zx/ws_moveit2/install/moveit_core/lib/libmoveit_transforms.so
[0.921s] -- Up-to-date: /home/zx/ws_moveit2/install/moveit_core/lib/libmoveit_utils.so.2.5.4
[0.921s] -- Up-to-date: /home/zx/ws_moveit2/install/moveit_core/lib/libmoveit_utils.so
[0.921s] -- Up-to-date: /home/zx/ws_moveit2/install/moveit_core/share/moveit_core/environment/library_path.sh
[0.922s] -- Up-to-date: /home/zx/ws_moveit2/install/moveit_core/share/moveit_core/environment/library_path.dsv
[0.922s] -- Up-to-date: /home/zx/ws_moveit2/install/moveit_core/share/moveit_core/collision_detector_fcl_description.xml
[0.922s] -- Up-to-date: /home/zx/ws_moveit2/install/moveit_core/share/moveit_core/collision_detector_bullet_description.xml
[0.922s] -- Up-to-date: /home/zx/ws_moveit2/install/moveit_core/share/moveit_core/filter_plugin_butterworth.xml
[0.922s] -- Up-to-date: /home/zx/ws_moveit2/install/moveit_core/share/ament_index/resource_index/package_run_dependencies/moveit_core
[0.922s] -- Up-to-date: /home/zx/ws_moveit2/install/moveit_core/share/ament_index/resource_index/parent_prefix_path/moveit_core
[0.922s] -- Up-to-date: /home/zx/ws_moveit2/install/moveit_core/share/moveit_core/environment/ament_prefix_path.sh
[0.923s] -- Up-to-date: /home/zx/ws_moveit2/install/moveit_core/share/moveit_core/environment/ament_prefix_path.dsv
[0.923s] -- Up-to-date: /home/zx/ws_moveit2/install/moveit_core/share/moveit_core/environment/path.sh
[0.923s] -- Up-to-date: /home/zx/ws_moveit2/install/moveit_core/share/moveit_core/environment/path.dsv
[0.923s] -- Up-to-date: /home/zx/ws_moveit2/install/moveit_core/share/moveit_core/local_setup.bash
[0.923s] -- Up-to-date: /home/zx/ws_moveit2/install/moveit_core/share/moveit_core/local_setup.sh
[0.923s] -- Up-to-date: /home/zx/ws_moveit2/install/moveit_core/share/moveit_core/local_setup.zsh
[0.924s] -- Up-to-date: /home/zx/ws_moveit2/install/moveit_core/share/moveit_core/local_setup.dsv
[0.924s] -- Installing: /home/zx/ws_moveit2/install/moveit_core/share/moveit_core/package.dsv
[0.924s] -- Up-to-date: /home/zx/ws_moveit2/install/moveit_core/share/ament_index/resource_index/packages/moveit_core
[0.924s] -- Up-to-date: /home/zx/ws_moveit2/install/moveit_core/share/ament_index/resource_index/moveit_core__pluginlib__plugin/moveit_core
[0.924s] -- Up-to-date: /home/zx/ws_moveit2/install/moveit_core/share/moveit_core/cmake/export_moveit_coreExport.cmake
[0.924s] -- Up-to-date: /home/zx/ws_moveit2/install/moveit_core/share/moveit_core/cmake/export_moveit_coreExport-release.cmake
[0.924s] -- Up-to-date: /home/zx/ws_moveit2/install/moveit_core/share/moveit_core/cmake/ConfigExtras.cmake
[0.924s] -- Up-to-date: /home/zx/ws_moveit2/install/moveit_core/share/moveit_core/cmake/ament_cmake_export_targets-extras.cmake
[0.924s] -- Up-to-date: /home/zx/ws_moveit2/install/moveit_core/share/moveit_core/cmake/ament_cmake_export_dependencies-extras.cmake
[0.924s] -- Up-to-date: /home/zx/ws_moveit2/install/moveit_core/share/moveit_core/cmake/moveit_coreConfig.cmake
[0.929s] -- Up-to-date: /home/zx/ws_moveit2/install/moveit_core/share/moveit_core/cmake/moveit_coreConfig-version.cmake
[0.929s] -- Up-to-date: /home/zx/ws_moveit2/install/moveit_core/share/moveit_core/package.xml
[0.929s] Invoked command in '/home/zx/ws_moveit2/build/moveit_core' returned '0': CMAKE_PREFIX_PATH=/home/zx/ws_moveit2/install/moveit_resources_panda_moveit_config:/home/zx/ws_moveit2/install/srdfdom:/home/zx/ws_moveit2/install/moveit_resources_pr2_description:/home/zx/ws_moveit2/install/moveit_resources_panda_description:/home/zx/ws_moveit2/install/moveit_common:/home/zx/ws_moveit2/install/urdf_2:/home/zx/ws_moveit2/install/pilz_industrial_motion_planner_testutils:/home/zx/ws_moveit2/install/moveit_runtime:/home/zx/ws_moveit2/install/moveit2_tutorials:/home/zx/ws_moveit2/install/moveit:/home/zx/ws_moveit2/install/moveit_planners:/home/zx/ws_moveit2/install/pilz_industrial_motion_planner:/home/zx/ws_moveit2/install/moveit_visual_tools:/home/zx/ws_moveit2/install/moveit_task_constructor_visualization:/home/zx/ws_moveit2/install/moveit_task_constructor_demo:/home/zx/ws_moveit2/install/moveit_task_constructor_capabilities:/home/zx/ws_moveit2/install/moveit_task_constructor_core:/home/zx/ws_moveit2/install/moveit_ros_control_interface:/home/zx/ws_moveit2/install/moveit_plugins:/home/zx/ws_moveit2/install/moveit_simple_controller_manager:/home/zx/ws_moveit2/install/moveit_setup_assistant:/home/zx/ws_moveit2/install/moveit_setup_srdf_plugins:/home/zx/ws_moveit2/install/moveit_setup_core_plugins:/home/zx/ws_moveit2/install/moveit_setup_controllers:/home/zx/ws_moveit2/install/moveit_setup_app_plugins:/home/zx/ws_moveit2/install/moveit_setup_framework:/home/zx/ws_moveit2/install/moveit_servo:/home/zx/ws_moveit2/install/moveit_ros:/home/zx/ws_moveit2/install/moveit_ros_visualization:/home/zx/ws_moveit2/install/moveit_hybrid_planning:/home/zx/ws_moveit2/install/moveit_ros_planning_interface:/home/zx/ws_moveit2/install/moveit_ros_benchmarks:/home/zx/ws_moveit2/install/moveit_ros_warehouse:/home/zx/ws_moveit2/install/moveit_ros_robot_interaction:/home/zx/ws_moveit2/install/moveit_ros_perception:/home/zx/ws_moveit2/install/moveit_resources_prbt_pg70_support:/home/zx/ws_moveit2/install/moveit_resources_prbt_moveit_config:/home/zx/ws_moveit2/install/moveit_ros_move_group:/home/zx/ws_moveit2/install/moveit_planners_ompl:/home/zx/ws_moveit2/install/moveit_ros_planning:/home/zx/ws_moveit2/install/moveit_ros_occupancy_map_monitor:/home/zx/ws_moveit2/install/moveit_resources_prbt_ikfast_manipulator_plugin:/home/zx/ws_moveit2/install/moveit_planners_chomp:/home/zx/ws_moveit2/install/moveit_kinematics:/home/zx/ws_moveit2/install/moveit_chomp_optimizer_adapter:/home/zx/ws_moveit2/install/chomp_motion_planner:/home/zx/ws_moveit2/install/moveit_core:/home/zx/ws_moveit2/install/serial_demo:/home/zx/ws_moveit2/install/serial_can:/home/zx/ws_moveit2/install/serial:/home/zx/ws_moveit2/install/rviz_marker_tools:/home/zx/ws_moveit2/install/rosparam_shortcuts:/home/zx/ws_moveit2/install/moveit_task_constructor_msgs:/home/zx/ws_moveit2/install/moveit_resources_prbt_support:/home/zx/ws_moveit2/install/moveit_resources:/home/zx/ws_moveit2/install/moveit_resources_fanuc_moveit_config:/home/zx/ws_moveit2/install/moveit_resources_fanuc_description:/home/zx/ws_moveit2/install/tihu_2:/home/zx/ws_moveit2/install/moveit_configs_utils:/home/zx/ws_moveit2/install/launch_param_builder:/opt/ros/humble LD_LIBRARY_PATH=/home/zx/ws_moveit2/install/srdfdom/lib:/home/zx/ws_moveit2/install/pilz_industrial_motion_planner_testutils/lib:/home/zx/ws_moveit2/install/pilz_industrial_motion_planner/lib:/home/zx/ws_moveit2/install/moveit_visual_tools/lib:/home/zx/ws_moveit2/install/moveit_task_constructor_visualization/lib:/home/zx/ws_moveit2/install/moveit_task_constructor_demo/lib:/home/zx/ws_moveit2/install/moveit_task_constructor_capabilities/lib:/home/zx/ws_moveit2/install/moveit_task_constructor_core/lib:/home/zx/ws_moveit2/install/moveit_ros_control_interface/lib:/home/zx/ws_moveit2/install/moveit_simple_controller_manager/lib:/home/zx/ws_moveit2/install/moveit_setup_assistant/lib:/home/zx/ws_moveit2/install/moveit_setup_srdf_plugins/lib:/home/zx/ws_moveit2/install/moveit_setup_core_plugins/lib:/home/zx/ws_moveit2/install/moveit_setup_controllers/lib:/home/zx/ws_moveit2/install/moveit_setup_app_plugins/lib:/home/zx/ws_moveit2/install/moveit_setup_framework/lib:/home/zx/ws_moveit2/install/moveit_servo/lib:/home/zx/ws_moveit2/install/moveit_ros_visualization/lib:/home/zx/ws_moveit2/install/moveit_hybrid_planning/lib:/home/zx/ws_moveit2/install/moveit_ros_planning_interface/lib:/home/zx/ws_moveit2/install/moveit_ros_benchmarks/lib:/home/zx/ws_moveit2/install/moveit_ros_warehouse/lib:/home/zx/ws_moveit2/install/moveit_ros_robot_interaction/lib:/home/zx/ws_moveit2/install/moveit_ros_perception/lib:/home/zx/ws_moveit2/install/moveit_ros_move_group/lib:/home/zx/ws_moveit2/install/moveit_planners_ompl/lib:/home/zx/ws_moveit2/install/moveit_ros_planning/lib:/home/zx/ws_moveit2/install/moveit_ros_occupancy_map_monitor/lib:/home/zx/ws_moveit2/install/moveit_resources_prbt_ikfast_manipulator_plugin/lib:/home/zx/ws_moveit2/install/moveit_planners_chomp/lib:/home/zx/ws_moveit2/install/moveit_kinematics/lib:/home/zx/ws_moveit2/install/moveit_chomp_optimizer_adapter/lib:/home/zx/ws_moveit2/install/chomp_motion_planner/lib:/home/zx/ws_moveit2/install/moveit_core/lib:/home/zx/ws_moveit2/install/serial_can/lib:/home/zx/ws_moveit2/install/serial/lib:/home/zx/ws_moveit2/install/rviz_marker_tools/lib:/home/zx/ws_moveit2/install/rosparam_shortcuts/lib:/home/zx/ws_moveit2/install/moveit_task_constructor_msgs/lib:/opt/ros/humble/opt/rviz_ogre_vendor/lib:/opt/ros/humble/lib/x86_64-linux-gnu:/opt/ros/humble/lib /usr/bin/cmake --install /home/zx/ws_moveit2/build/moveit_core
