[0.026s] Invoking command in '/home/zx/ws_moveit2/build/moveit_core': CMAKE_PREFIX_PATH=/home/zx/ws_moveit2/install/moveit_resources_panda_moveit_config:/home/zx/ws_moveit2/install/srdfdom:/home/zx/ws_moveit2/install/moveit_resources_pr2_description:/home/zx/ws_moveit2/install/moveit_resources_panda_description:/home/zx/ws_moveit2/install/moveit_common:/home/zx/ws_moveit2/install/urdf_2:/home/zx/ws_moveit2/install/pilz_industrial_motion_planner_testutils:/home/zx/ws_moveit2/install/moveit_runtime:/home/zx/ws_moveit2/install/moveit2_tutorials:/home/zx/ws_moveit2/install/moveit:/home/zx/ws_moveit2/install/moveit_planners:/home/zx/ws_moveit2/install/pilz_industrial_motion_planner:/home/zx/ws_moveit2/install/moveit_visual_tools:/home/zx/ws_moveit2/install/moveit_task_constructor_visualization:/home/zx/ws_moveit2/install/moveit_task_constructor_demo:/home/zx/ws_moveit2/install/moveit_task_constructor_capabilities:/home/zx/ws_moveit2/install/moveit_task_constructor_core:/home/zx/ws_moveit2/install/moveit_ros_control_interface:/home/zx/ws_moveit2/install/moveit_plugins:/home/zx/ws_moveit2/install/moveit_simple_controller_manager:/home/zx/ws_moveit2/install/moveit_setup_assistant:/home/zx/ws_moveit2/install/moveit_setup_srdf_plugins:/home/zx/ws_moveit2/install/moveit_setup_core_plugins:/home/zx/ws_moveit2/install/moveit_setup_controllers:/home/zx/ws_moveit2/install/moveit_setup_app_plugins:/home/zx/ws_moveit2/install/moveit_setup_framework:/home/zx/ws_moveit2/install/moveit_servo:/home/zx/ws_moveit2/install/moveit_ros:/home/zx/ws_moveit2/install/moveit_ros_visualization:/home/zx/ws_moveit2/install/moveit_hybrid_planning:/home/zx/ws_moveit2/install/moveit_ros_planning_interface:/home/zx/ws_moveit2/install/moveit_ros_benchmarks:/home/zx/ws_moveit2/install/moveit_ros_warehouse:/home/zx/ws_moveit2/install/moveit_ros_robot_interaction:/home/zx/ws_moveit2/install/moveit_ros_perception:/home/zx/ws_moveit2/install/moveit_resources_prbt_pg70_support:/home/zx/ws_moveit2/install/moveit_resources_prbt_moveit_config:/home/zx/ws_moveit2/install/moveit_ros_move_group:/home/zx/ws_moveit2/install/moveit_planners_ompl:/home/zx/ws_moveit2/install/moveit_ros_planning:/home/zx/ws_moveit2/install/moveit_ros_occupancy_map_monitor:/home/zx/ws_moveit2/install/moveit_resources_prbt_ikfast_manipulator_plugin:/home/zx/ws_moveit2/install/moveit_planners_chomp:/home/zx/ws_moveit2/install/moveit_kinematics:/home/zx/ws_moveit2/install/moveit_chomp_optimizer_adapter:/home/zx/ws_moveit2/install/chomp_motion_planner:/home/zx/ws_moveit2/install/moveit_core:/home/zx/ws_moveit2/install/rviz_marker_tools:/home/zx/ws_moveit2/install/rosparam_shortcuts:/home/zx/ws_moveit2/install/moveit_task_constructor_msgs:/home/zx/ws_moveit2/install/moveit_resources_prbt_support:/home/zx/ws_moveit2/install/moveit_resources:/home/zx/ws_moveit2/install/moveit_resources_fanuc_moveit_config:/home/zx/ws_moveit2/install/moveit_resources_fanuc_description:/home/zx/ws_moveit2/install/tihu_2:/home/zx/ws_moveit2/install/moveit_configs_utils:/home/zx/ws_moveit2/install/launch_param_builder:/opt/ros/humble LD_LIBRARY_PATH=/home/zx/ws_moveit2/install/srdfdom/lib:/home/zx/ws_moveit2/install/pilz_industrial_motion_planner_testutils/lib:/home/zx/ws_moveit2/install/pilz_industrial_motion_planner/lib:/home/zx/ws_moveit2/install/moveit_visual_tools/lib:/home/zx/ws_moveit2/install/moveit_task_constructor_visualization/lib:/home/zx/ws_moveit2/install/moveit_task_constructor_demo/lib:/home/zx/ws_moveit2/install/moveit_task_constructor_capabilities/lib:/home/zx/ws_moveit2/install/moveit_task_constructor_core/lib:/home/zx/ws_moveit2/install/moveit_ros_control_interface/lib:/home/zx/ws_moveit2/install/moveit_simple_controller_manager/lib:/home/zx/ws_moveit2/install/moveit_setup_assistant/lib:/home/zx/ws_moveit2/install/moveit_setup_srdf_plugins/lib:/home/zx/ws_moveit2/install/moveit_setup_core_plugins/lib:/home/zx/ws_moveit2/install/moveit_setup_controllers/lib:/home/zx/ws_moveit2/install/moveit_setup_app_plugins/lib:/home/zx/ws_moveit2/install/moveit_setup_framework/lib:/home/zx/ws_moveit2/install/moveit_servo/lib:/home/zx/ws_moveit2/install/moveit_ros_visualization/lib:/home/zx/ws_moveit2/install/moveit_hybrid_planning/lib:/home/zx/ws_moveit2/install/moveit_ros_planning_interface/lib:/home/zx/ws_moveit2/install/moveit_ros_benchmarks/lib:/home/zx/ws_moveit2/install/moveit_ros_warehouse/lib:/home/zx/ws_moveit2/install/moveit_ros_robot_interaction/lib:/home/zx/ws_moveit2/install/moveit_ros_perception/lib:/home/zx/ws_moveit2/install/moveit_ros_move_group/lib:/home/zx/ws_moveit2/install/moveit_planners_ompl/lib:/home/zx/ws_moveit2/install/moveit_ros_planning/lib:/home/zx/ws_moveit2/install/moveit_ros_occupancy_map_monitor/lib:/home/zx/ws_moveit2/install/moveit_resources_prbt_ikfast_manipulator_plugin/lib:/home/zx/ws_moveit2/install/moveit_planners_chomp/lib:/home/zx/ws_moveit2/install/moveit_kinematics/lib:/home/zx/ws_moveit2/install/moveit_chomp_optimizer_adapter/lib:/home/zx/ws_moveit2/install/chomp_motion_planner/lib:/home/zx/ws_moveit2/install/moveit_core/lib:/home/zx/ws_moveit2/install/rviz_marker_tools/lib:/home/zx/ws_moveit2/install/rosparam_shortcuts/lib:/home/zx/ws_moveit2/install/moveit_task_constructor_msgs/lib:/opt/ros/humble/opt/rviz_ogre_vendor/lib:/opt/ros/humble/lib/x86_64-linux-gnu:/opt/ros/humble/lib /usr/bin/cmake /home/zx/ws_moveit2/src/moveit2/moveit_core -DCMAKE_INSTALL_PREFIX=/home/zx/ws_moveit2/install/moveit_core
[0.133s] -- The CXX compiler identification is GNU 11.4.0
[0.147s] -- Detecting CXX compiler ABI info
[0.348s] -- Detecting CXX compiler ABI info - done
[0.359s] -- Check for working CXX compiler: /usr/bin/c++ - skipped
[0.359s] -- Detecting CXX compile features
[0.360s] -- Detecting CXX compile features - done
[0.362s] -- Found moveit_common: 2.5.4 (/home/zx/ws_moveit2/install/moveit_common/share/moveit_common/cmake)
[0.370s] -- Found ament_cmake: 1.3.5 (/opt/ros/humble/share/ament_cmake/cmake)
[0.926s] -- Found Python3: /usr/bin/python3.10 (found version "3.10.12") found components: Interpreter 
[1.162s] -- Found libdw: /usr/lib/x86_64-linux-gnu/libdw.so  
[1.173s] -- Could NOT find libbfd (missing: LIBBFD_LIBRARY LIBBFD_INCLUDE_DIR) 
[1.174s] -- BACKWARD_HAS_UNWIND=1
[1.174s] -- BACKWARD_HAS_BACKTRACE=0
[1.174s] -- BACKWARD_HAS_BACKTRACE_SYMBOL=0
[1.174s] -- BACKWARD_HAS_DW=1
[1.175s] -- BACKWARD_HAS_BFD=0
[1.176s] -- Found Backward: /opt/ros/humble/share/backward_ros/cmake  
[1.177s] [0mmoveit_core: You did not request a specific build type: Choosing 'Release' for maximum performance[0m
[1.181s] -- Found rclcpp: 16.0.5 (/opt/ros/humble/share/rclcpp/cmake)
[1.255s] -- Found rosidl_generator_c: 3.1.5 (/opt/ros/humble/share/rosidl_generator_c/cmake)
[1.266s] -- Found rosidl_adapter: 3.1.5 (/opt/ros/humble/share/rosidl_adapter/cmake)
[1.282s] -- Found rosidl_generator_cpp: 3.1.5 (/opt/ros/humble/share/rosidl_generator_cpp/cmake)
[1.308s] -- Using all available rosidl_typesupport_c: rosidl_typesupport_fastrtps_c;rosidl_typesupport_introspection_c
[1.348s] -- Using all available rosidl_typesupport_cpp: rosidl_typesupport_fastrtps_cpp;rosidl_typesupport_introspection_cpp
[1.482s] -- Found rmw_implementation_cmake: 6.1.1 (/opt/ros/humble/share/rmw_implementation_cmake/cmake)
[1.493s] -- Found rmw_fastrtps_cpp: 6.2.3 (/opt/ros/humble/share/rmw_fastrtps_cpp/cmake)
[1.986s] -- Found OpenSSL: /usr/lib/x86_64-linux-gnu/libcrypto.so (found version "3.0.2")  
[2.068s] -- Found FastRTPS: /opt/ros/humble/include  
[2.173s] -- Using RMW implementation 'rmw_fastrtps_cpp' as default
[2.215s] -- Looking for C++ include pthread.h
[2.497s] -- Looking for C++ include pthread.h - found
[2.498s] -- Performing Test CMAKE_HAVE_LIBC_PTHREAD
[2.845s] -- Performing Test CMAKE_HAVE_LIBC_PTHREAD - Success
[2.847s] -- Found Threads: TRUE  
[3.159s] -- Found eigen3_cmake_module: 0.1.1 (/opt/ros/humble/share/eigen3_cmake_module/cmake)
[3.172s] -- Found Eigen3: TRUE (found version "3.4.0") 
[3.184s] -- Found PkgConfig: /usr/bin/pkg-config (found version "0.29.2") 
[3.186s] -- Checking for module 'fcl>=0.5.0'
[3.327s] --   Found fcl, version 0.7.0
[3.587s] -- Found Bullet: /usr/lib/x86_64-linux-gnu/libBulletDynamics.so (Required is at least version "2.87") 
[3.591s] -- Found angles: 1.15.0 (/opt/ros/humble/share/angles/cmake)
[3.620s] -- Found urdf: 2.6.0 (/opt/ros/humble/share/urdf/cmake)
[3.675s] -- Found tf2_eigen: 0.25.3 (/opt/ros/humble/share/tf2_eigen/cmake)
[4.287s] -- Found tf2_kdl: 0.25.3 (/opt/ros/humble/share/tf2_kdl/cmake)
[4.312s] -- Ensuring Eigen3 include directory is part of orocos-kdl CMake target
[4.334s] -- Found tf2_geometry_msgs: 0.25.3 (/opt/ros/humble/share/tf2_geometry_msgs/cmake)
[4.357s] -- Found eigen_stl_containers: 1.0.0 (/opt/ros/humble/share/eigen_stl_containers/cmake)
[4.363s] -- Found generate_parameter_library: 0.3.6 (/opt/ros/humble/share/generate_parameter_library/cmake)
[4.369s] -- Found parameter_traits: 0.3.6 (/opt/ros/humble/share/parameter_traits/cmake)
[4.407s] -- Found rclcpp_lifecycle: 16.0.5 (/opt/ros/humble/share/rclcpp_lifecycle/cmake)
[4.474s] -- Found geometric_shapes: 2.1.3 (/opt/ros/humble/share/geometric_shapes/cmake)
[4.493s] -- Found Boost: /usr/lib/x86_64-linux-gnu/cmake/Boost-1.74.0/BoostConfig.cmake (found version "1.74.0") found components: filesystem 
[4.649s] -- library: /usr/lib/x86_64-linux-gnu/libcurl.so
[4.891s] -- Found kdl_parser: 2.6.4 (/opt/ros/humble/share/kdl_parser/cmake)
[4.895s] -- Found moveit_msgs: 2.2.1 (/opt/ros/humble/share/moveit_msgs/cmake)
[5.416s] -- Found srdfdom: 2.0.4 (/home/zx/ws_moveit2/install/srdfdom/share/srdfdom/cmake)
[5.423s] -- Found common_interfaces: 4.2.3 (/opt/ros/humble/share/common_interfaces/cmake)
[5.456s] -- Found Boost: /usr/lib/x86_64-linux-gnu/cmake/Boost-1.74.0/BoostConfig.cmake (found version "1.74.0") found components: chrono date_time filesystem iostreams program_options regex serialization system thread 
[5.457s] --  *** Building MoveIt 2.5.4-Alpha ***
[5.461s] -- Performing Test COMPILER_HAS_HIDDEN_VISIBILITY
[5.560s] -- Performing Test COMPILER_HAS_HIDDEN_VISIBILITY - Success
[5.561s] -- Performing Test COMPILER_HAS_HIDDEN_INLINE_VISIBILITY
[5.660s] -- Performing Test COMPILER_HAS_HIDDEN_INLINE_VISIBILITY - Success
[5.660s] -- Performing Test COMPILER_HAS_DEPRECATED_ATTR
[5.758s] -- Performing Test COMPILER_HAS_DEPRECATED_ATTR - Success
[5.769s] -- Found ament_cmake_gtest: 1.3.5 (/opt/ros/humble/share/ament_cmake_gtest/cmake)
[5.772s] -- Found gtest sources under '/opt/ros/humble/src/gtest_vendor': C++ tests using 'Google Test' will be built
[5.811s] -- The C compiler identification is GNU 11.4.0
[5.817s] -- Detecting C compiler ABI info
[5.905s] -- Detecting C compiler ABI info - done
[5.911s] -- Check for working C compiler: /usr/bin/cc - skipped
[5.911s] -- Detecting C compile features
[5.912s] -- Detecting C compile features - done
[5.936s] -- Found ament_cmake_gmock: 1.3.5 (/opt/ros/humble/share/ament_cmake_gmock/cmake)
[5.940s] -- Found gmock sources under '/opt/ros/humble/src/gmock_vendor': C++ tests using 'Google Mock' will be built
[5.943s] -- Found ament_cmake_gtest: 1.3.5 (/opt/ros/humble/share/ament_cmake_gtest/cmake)
[5.944s] -- Found gtest sources under '/opt/ros/humble/src/gtest_vendor': C++ tests using 'Google Test' will be built
[5.962s] -- Found ament_cmake_gtest: 1.3.5 (/opt/ros/humble/share/ament_cmake_gtest/cmake)
[5.963s] -- Found gtest sources under '/opt/ros/humble/src/gtest_vendor': C++ tests using 'Google Test' will be built
[6.009s] -- Found ament_cmake_gtest: 1.3.5 (/opt/ros/humble/share/ament_cmake_gtest/cmake)
[6.009s] -- Found gtest sources under '/opt/ros/humble/src/gtest_vendor': C++ tests using 'Google Test' will be built
[6.029s] -- Found ament_lint_auto: 0.12.7 (/opt/ros/humble/share/ament_lint_auto/cmake)
[6.030s] -- Found ament_cmake_gtest: 1.3.5 (/opt/ros/humble/share/ament_cmake_gtest/cmake)
[6.030s] -- Found gtest sources under '/opt/ros/humble/src/gtest_vendor': C++ tests using 'Google Test' will be built
[6.065s] -- Found ament_cmake_gtest: 1.3.5 (/opt/ros/humble/share/ament_cmake_gtest/cmake)
[6.065s] -- Found gtest sources under '/opt/ros/humble/src/gtest_vendor': C++ tests using 'Google Test' will be built
[6.090s] -- Found ament_cmake_gtest: 1.3.5 (/opt/ros/humble/share/ament_cmake_gtest/cmake)
[6.090s] -- Found gtest sources under '/opt/ros/humble/src/gtest_vendor': C++ tests using 'Google Test' will be built
[6.106s] -- Found ament_cmake_gtest: 1.3.5 (/opt/ros/humble/share/ament_cmake_gtest/cmake)
[6.107s] -- Found gtest sources under '/opt/ros/humble/src/gtest_vendor': C++ tests using 'Google Test' will be built
[6.122s] -- Found gtest sources under '/opt/ros/humble/src/gtest_vendor': C++ tests using 'Google Test' will be built
[6.137s] -- Found gtest sources under '/opt/ros/humble/src/gtest_vendor': C++ tests using 'Google Test' will be built
[6.158s] -- Found ament_cmake_gtest: 1.3.5 (/opt/ros/humble/share/ament_cmake_gtest/cmake)
[6.159s] -- Found gtest sources under '/opt/ros/humble/src/gtest_vendor': C++ tests using 'Google Test' will be built
[6.195s] -- Found gtest sources under '/opt/ros/humble/src/gtest_vendor': C++ tests using 'Google Test' will be built
[6.220s] -- Found gtest sources under '/opt/ros/humble/src/gtest_vendor': C++ tests using 'Google Test' will be built
[6.243s] -- Found gtest sources under '/opt/ros/humble/src/gtest_vendor': C++ tests using 'Google Test' will be built
[6.249s] -- Found ament_lint_auto: 0.12.7 (/opt/ros/humble/share/ament_lint_auto/cmake)
[6.282s] -- Added test 'cppcheck' to perform static code analysis on C / C++ code
[6.283s] -- Configured cppcheck include dirs: /home/zx/ws_moveit2/src/moveit2/moveit_core/exceptions/include;/home/zx/ws_moveit2/src/moveit2/moveit_core/collision_detection/include;/home/zx/ws_moveit2/src/moveit2/moveit_core/collision_detection_fcl/include;/home/zx/ws_moveit2/src/moveit2/moveit_core/collision_detection_bullet/include;/home/zx/ws_moveit2/src/moveit2/moveit_core/constraint_samplers/include;/home/zx/ws_moveit2/src/moveit2/moveit_core/controller_manager/include;/home/zx/ws_moveit2/src/moveit2/moveit_core/distance_field/include;/home/zx/ws_moveit2/src/moveit2/moveit_core/collision_distance_field/include;/home/zx/ws_moveit2/src/moveit2/moveit_core/dynamics_solver/include;/home/zx/ws_moveit2/src/moveit2/moveit_core/kinematics_base/include;/home/zx/ws_moveit2/src/moveit2/moveit_core/kinematics_metrics/include;/home/zx/ws_moveit2/src/moveit2/moveit_core/robot_model/include;/home/zx/ws_moveit2/src/moveit2/moveit_core/transforms/include;/home/zx/ws_moveit2/src/moveit2/moveit_core/robot_state/include;/home/zx/ws_moveit2/src/moveit2/moveit_core/robot_trajectory/include;/home/zx/ws_moveit2/src/moveit2/moveit_core/kinematic_constraints/include;/home/zx/ws_moveit2/src/moveit2/moveit_core/macros/include;/home/zx/ws_moveit2/src/moveit2/moveit_core/online_signal_smoothing/include;/home/zx/ws_moveit2/src/moveit2/moveit_core/planning_interface/include;/home/zx/ws_moveit2/src/moveit2/moveit_core/planning_request_adapter/include;/home/zx/ws_moveit2/src/moveit2/moveit_core/planning_scene/include;/home/zx/ws_moveit2/src/moveit2/moveit_core/sensor_manager/include;/home/zx/ws_moveit2/src/moveit2/moveit_core/trajectory_processing/include;/home/zx/ws_moveit2/src/moveit2/moveit_core/utils/include
[6.283s] -- Configured cppcheck exclude dirs and/or files: 
[6.286s] -- Added test 'pep257' to check Python code against some of the docstring style conventions in PEP 257
[6.289s] -- Added test 'xmllint' to check XML markup files
[6.292s] -- Configuring done
[7.190s] -- Generating done
[7.202s] -- Build files have been written to: /home/zx/ws_moveit2/build/moveit_core
[7.260s] Invoked command in '/home/zx/ws_moveit2/build/moveit_core' returned '0': CMAKE_PREFIX_PATH=/home/zx/ws_moveit2/install/moveit_resources_panda_moveit_config:/home/zx/ws_moveit2/install/srdfdom:/home/zx/ws_moveit2/install/moveit_resources_pr2_description:/home/zx/ws_moveit2/install/moveit_resources_panda_description:/home/zx/ws_moveit2/install/moveit_common:/home/zx/ws_moveit2/install/urdf_2:/home/zx/ws_moveit2/install/pilz_industrial_motion_planner_testutils:/home/zx/ws_moveit2/install/moveit_runtime:/home/zx/ws_moveit2/install/moveit2_tutorials:/home/zx/ws_moveit2/install/moveit:/home/zx/ws_moveit2/install/moveit_planners:/home/zx/ws_moveit2/install/pilz_industrial_motion_planner:/home/zx/ws_moveit2/install/moveit_visual_tools:/home/zx/ws_moveit2/install/moveit_task_constructor_visualization:/home/zx/ws_moveit2/install/moveit_task_constructor_demo:/home/zx/ws_moveit2/install/moveit_task_constructor_capabilities:/home/zx/ws_moveit2/install/moveit_task_constructor_core:/home/zx/ws_moveit2/install/moveit_ros_control_interface:/home/zx/ws_moveit2/install/moveit_plugins:/home/zx/ws_moveit2/install/moveit_simple_controller_manager:/home/zx/ws_moveit2/install/moveit_setup_assistant:/home/zx/ws_moveit2/install/moveit_setup_srdf_plugins:/home/zx/ws_moveit2/install/moveit_setup_core_plugins:/home/zx/ws_moveit2/install/moveit_setup_controllers:/home/zx/ws_moveit2/install/moveit_setup_app_plugins:/home/zx/ws_moveit2/install/moveit_setup_framework:/home/zx/ws_moveit2/install/moveit_servo:/home/zx/ws_moveit2/install/moveit_ros:/home/zx/ws_moveit2/install/moveit_ros_visualization:/home/zx/ws_moveit2/install/moveit_hybrid_planning:/home/zx/ws_moveit2/install/moveit_ros_planning_interface:/home/zx/ws_moveit2/install/moveit_ros_benchmarks:/home/zx/ws_moveit2/install/moveit_ros_warehouse:/home/zx/ws_moveit2/install/moveit_ros_robot_interaction:/home/zx/ws_moveit2/install/moveit_ros_perception:/home/zx/ws_moveit2/install/moveit_resources_prbt_pg70_support:/home/zx/ws_moveit2/install/moveit_resources_prbt_moveit_config:/home/zx/ws_moveit2/install/moveit_ros_move_group:/home/zx/ws_moveit2/install/moveit_planners_ompl:/home/zx/ws_moveit2/install/moveit_ros_planning:/home/zx/ws_moveit2/install/moveit_ros_occupancy_map_monitor:/home/zx/ws_moveit2/install/moveit_resources_prbt_ikfast_manipulator_plugin:/home/zx/ws_moveit2/install/moveit_planners_chomp:/home/zx/ws_moveit2/install/moveit_kinematics:/home/zx/ws_moveit2/install/moveit_chomp_optimizer_adapter:/home/zx/ws_moveit2/install/chomp_motion_planner:/home/zx/ws_moveit2/install/moveit_core:/home/zx/ws_moveit2/install/rviz_marker_tools:/home/zx/ws_moveit2/install/rosparam_shortcuts:/home/zx/ws_moveit2/install/moveit_task_constructor_msgs:/home/zx/ws_moveit2/install/moveit_resources_prbt_support:/home/zx/ws_moveit2/install/moveit_resources:/home/zx/ws_moveit2/install/moveit_resources_fanuc_moveit_config:/home/zx/ws_moveit2/install/moveit_resources_fanuc_description:/home/zx/ws_moveit2/install/tihu_2:/home/zx/ws_moveit2/install/moveit_configs_utils:/home/zx/ws_moveit2/install/launch_param_builder:/opt/ros/humble LD_LIBRARY_PATH=/home/zx/ws_moveit2/install/srdfdom/lib:/home/zx/ws_moveit2/install/pilz_industrial_motion_planner_testutils/lib:/home/zx/ws_moveit2/install/pilz_industrial_motion_planner/lib:/home/zx/ws_moveit2/install/moveit_visual_tools/lib:/home/zx/ws_moveit2/install/moveit_task_constructor_visualization/lib:/home/zx/ws_moveit2/install/moveit_task_constructor_demo/lib:/home/zx/ws_moveit2/install/moveit_task_constructor_capabilities/lib:/home/zx/ws_moveit2/install/moveit_task_constructor_core/lib:/home/zx/ws_moveit2/install/moveit_ros_control_interface/lib:/home/zx/ws_moveit2/install/moveit_simple_controller_manager/lib:/home/zx/ws_moveit2/install/moveit_setup_assistant/lib:/home/zx/ws_moveit2/install/moveit_setup_srdf_plugins/lib:/home/zx/ws_moveit2/install/moveit_setup_core_plugins/lib:/home/zx/ws_moveit2/install/moveit_setup_controllers/lib:/home/zx/ws_moveit2/install/moveit_setup_app_plugins/lib:/home/zx/ws_moveit2/install/moveit_setup_framework/lib:/home/zx/ws_moveit2/install/moveit_servo/lib:/home/zx/ws_moveit2/install/moveit_ros_visualization/lib:/home/zx/ws_moveit2/install/moveit_hybrid_planning/lib:/home/zx/ws_moveit2/install/moveit_ros_planning_interface/lib:/home/zx/ws_moveit2/install/moveit_ros_benchmarks/lib:/home/zx/ws_moveit2/install/moveit_ros_warehouse/lib:/home/zx/ws_moveit2/install/moveit_ros_robot_interaction/lib:/home/zx/ws_moveit2/install/moveit_ros_perception/lib:/home/zx/ws_moveit2/install/moveit_ros_move_group/lib:/home/zx/ws_moveit2/install/moveit_planners_ompl/lib:/home/zx/ws_moveit2/install/moveit_ros_planning/lib:/home/zx/ws_moveit2/install/moveit_ros_occupancy_map_monitor/lib:/home/zx/ws_moveit2/install/moveit_resources_prbt_ikfast_manipulator_plugin/lib:/home/zx/ws_moveit2/install/moveit_planners_chomp/lib:/home/zx/ws_moveit2/install/moveit_kinematics/lib:/home/zx/ws_moveit2/install/moveit_chomp_optimizer_adapter/lib:/home/zx/ws_moveit2/install/chomp_motion_planner/lib:/home/zx/ws_moveit2/install/moveit_core/lib:/home/zx/ws_moveit2/install/rviz_marker_tools/lib:/home/zx/ws_moveit2/install/rosparam_shortcuts/lib:/home/zx/ws_moveit2/install/moveit_task_constructor_msgs/lib:/opt/ros/humble/opt/rviz_ogre_vendor/lib:/opt/ros/humble/lib/x86_64-linux-gnu:/opt/ros/humble/lib /usr/bin/cmake /home/zx/ws_moveit2/src/moveit2/moveit_core -DCMAKE_INSTALL_PREFIX=/home/zx/ws_moveit2/install/moveit_core
[7.262s] Invoking command in '/home/zx/ws_moveit2/build/moveit_core': CMAKE_PREFIX_PATH=/home/zx/ws_moveit2/install/moveit_resources_panda_moveit_config:/home/zx/ws_moveit2/install/srdfdom:/home/zx/ws_moveit2/install/moveit_resources_pr2_description:/home/zx/ws_moveit2/install/moveit_resources_panda_description:/home/zx/ws_moveit2/install/moveit_common:/home/zx/ws_moveit2/install/urdf_2:/home/zx/ws_moveit2/install/pilz_industrial_motion_planner_testutils:/home/zx/ws_moveit2/install/moveit_runtime:/home/zx/ws_moveit2/install/moveit2_tutorials:/home/zx/ws_moveit2/install/moveit:/home/zx/ws_moveit2/install/moveit_planners:/home/zx/ws_moveit2/install/pilz_industrial_motion_planner:/home/zx/ws_moveit2/install/moveit_visual_tools:/home/zx/ws_moveit2/install/moveit_task_constructor_visualization:/home/zx/ws_moveit2/install/moveit_task_constructor_demo:/home/zx/ws_moveit2/install/moveit_task_constructor_capabilities:/home/zx/ws_moveit2/install/moveit_task_constructor_core:/home/zx/ws_moveit2/install/moveit_ros_control_interface:/home/zx/ws_moveit2/install/moveit_plugins:/home/zx/ws_moveit2/install/moveit_simple_controller_manager:/home/zx/ws_moveit2/install/moveit_setup_assistant:/home/zx/ws_moveit2/install/moveit_setup_srdf_plugins:/home/zx/ws_moveit2/install/moveit_setup_core_plugins:/home/zx/ws_moveit2/install/moveit_setup_controllers:/home/zx/ws_moveit2/install/moveit_setup_app_plugins:/home/zx/ws_moveit2/install/moveit_setup_framework:/home/zx/ws_moveit2/install/moveit_servo:/home/zx/ws_moveit2/install/moveit_ros:/home/zx/ws_moveit2/install/moveit_ros_visualization:/home/zx/ws_moveit2/install/moveit_hybrid_planning:/home/zx/ws_moveit2/install/moveit_ros_planning_interface:/home/zx/ws_moveit2/install/moveit_ros_benchmarks:/home/zx/ws_moveit2/install/moveit_ros_warehouse:/home/zx/ws_moveit2/install/moveit_ros_robot_interaction:/home/zx/ws_moveit2/install/moveit_ros_perception:/home/zx/ws_moveit2/install/moveit_resources_prbt_pg70_support:/home/zx/ws_moveit2/install/moveit_resources_prbt_moveit_config:/home/zx/ws_moveit2/install/moveit_ros_move_group:/home/zx/ws_moveit2/install/moveit_planners_ompl:/home/zx/ws_moveit2/install/moveit_ros_planning:/home/zx/ws_moveit2/install/moveit_ros_occupancy_map_monitor:/home/zx/ws_moveit2/install/moveit_resources_prbt_ikfast_manipulator_plugin:/home/zx/ws_moveit2/install/moveit_planners_chomp:/home/zx/ws_moveit2/install/moveit_kinematics:/home/zx/ws_moveit2/install/moveit_chomp_optimizer_adapter:/home/zx/ws_moveit2/install/chomp_motion_planner:/home/zx/ws_moveit2/install/moveit_core:/home/zx/ws_moveit2/install/rviz_marker_tools:/home/zx/ws_moveit2/install/rosparam_shortcuts:/home/zx/ws_moveit2/install/moveit_task_constructor_msgs:/home/zx/ws_moveit2/install/moveit_resources_prbt_support:/home/zx/ws_moveit2/install/moveit_resources:/home/zx/ws_moveit2/install/moveit_resources_fanuc_moveit_config:/home/zx/ws_moveit2/install/moveit_resources_fanuc_description:/home/zx/ws_moveit2/install/tihu_2:/home/zx/ws_moveit2/install/moveit_configs_utils:/home/zx/ws_moveit2/install/launch_param_builder:/opt/ros/humble LD_LIBRARY_PATH=/home/zx/ws_moveit2/install/srdfdom/lib:/home/zx/ws_moveit2/install/pilz_industrial_motion_planner_testutils/lib:/home/zx/ws_moveit2/install/pilz_industrial_motion_planner/lib:/home/zx/ws_moveit2/install/moveit_visual_tools/lib:/home/zx/ws_moveit2/install/moveit_task_constructor_visualization/lib:/home/zx/ws_moveit2/install/moveit_task_constructor_demo/lib:/home/zx/ws_moveit2/install/moveit_task_constructor_capabilities/lib:/home/zx/ws_moveit2/install/moveit_task_constructor_core/lib:/home/zx/ws_moveit2/install/moveit_ros_control_interface/lib:/home/zx/ws_moveit2/install/moveit_simple_controller_manager/lib:/home/zx/ws_moveit2/install/moveit_setup_assistant/lib:/home/zx/ws_moveit2/install/moveit_setup_srdf_plugins/lib:/home/zx/ws_moveit2/install/moveit_setup_core_plugins/lib:/home/zx/ws_moveit2/install/moveit_setup_controllers/lib:/home/zx/ws_moveit2/install/moveit_setup_app_plugins/lib:/home/zx/ws_moveit2/install/moveit_setup_framework/lib:/home/zx/ws_moveit2/install/moveit_servo/lib:/home/zx/ws_moveit2/install/moveit_ros_visualization/lib:/home/zx/ws_moveit2/install/moveit_hybrid_planning/lib:/home/zx/ws_moveit2/install/moveit_ros_planning_interface/lib:/home/zx/ws_moveit2/install/moveit_ros_benchmarks/lib:/home/zx/ws_moveit2/install/moveit_ros_warehouse/lib:/home/zx/ws_moveit2/install/moveit_ros_robot_interaction/lib:/home/zx/ws_moveit2/install/moveit_ros_perception/lib:/home/zx/ws_moveit2/install/moveit_ros_move_group/lib:/home/zx/ws_moveit2/install/moveit_planners_ompl/lib:/home/zx/ws_moveit2/install/moveit_ros_planning/lib:/home/zx/ws_moveit2/install/moveit_ros_occupancy_map_monitor/lib:/home/zx/ws_moveit2/install/moveit_resources_prbt_ikfast_manipulator_plugin/lib:/home/zx/ws_moveit2/install/moveit_planners_chomp/lib:/home/zx/ws_moveit2/install/moveit_kinematics/lib:/home/zx/ws_moveit2/install/moveit_chomp_optimizer_adapter/lib:/home/zx/ws_moveit2/install/chomp_motion_planner/lib:/home/zx/ws_moveit2/install/moveit_core/lib:/home/zx/ws_moveit2/install/rviz_marker_tools/lib:/home/zx/ws_moveit2/install/rosparam_shortcuts/lib:/home/zx/ws_moveit2/install/moveit_task_constructor_msgs/lib:/opt/ros/humble/opt/rviz_ogre_vendor/lib:/opt/ros/humble/lib/x86_64-linux-gnu:/opt/ros/humble/lib /usr/bin/cmake --build /home/zx/ws_moveit2/build/moveit_core -- -j12 -l12
[7.345s] [  0%] [32mBuilding CXX object exceptions/CMakeFiles/moveit_exceptions.dir/src/exceptions.cpp.o[0m
[7.346s] [  0%] [32mBuilding CXX object kinematics_base/CMakeFiles/moveit_kinematics_base.dir/src/kinematics_base.cpp.o[0m
[7.352s] [  1%] [32mBuilding CXX object distance_field/CMakeFiles/moveit_distance_field.dir/src/distance_field.cpp.o[0m
[7.356s] [  1%] [32mBuilding CXX object gtest/CMakeFiles/gtest.dir/src/gtest-all.cc.o[0m
[7.358s] [  1%] [32mBuilding CXX object gmock/CMakeFiles/gmock.dir/opt/ros/humble/src/gtest_vendor/src/gtest-all.cc.o[0m
[7.362s] [  1%] [32mBuilding CXX object gmock/CMakeFiles/gmock_main.dir/src/gmock_main.cc.o[0m
[7.362s] [  1%] [32mBuilding CXX object transforms/CMakeFiles/moveit_transforms.dir/src/transforms.cpp.o[0m
[7.372s] [  2%] [34m[1mRunning `/opt/ros/humble/bin/generate_parameter_library_cpp /home/zx/ws_moveit2/build/moveit_core/online_signal_smoothing/moveit_butterworth_parameters/include//moveit_butterworth_parameters.hpp /home/zx/ws_moveit2/src/moveit2/moveit_core/online_signal_smoothing/src/butterworth_parameters.yaml `[0m
[7.382s] [  3%] [32mBuilding CXX object version/CMakeFiles/moveit_version.dir/version.cpp.o[0m
[7.395s] [  3%] [32mBuilding CXX object online_signal_smoothing/CMakeFiles/moveit_smoothing_base.dir/src/smoothing_base_class.cpp.o[0m
[7.399s] [  4%] [32mBuilding CXX object utils/CMakeFiles/moveit_utils.dir/src/lexical_casts.cpp.o[0m
[7.408s] [  5%] [32mBuilding CXX object gtest/CMakeFiles/gtest_main.dir/src/gtest_main.cc.o[0m
[7.456s] [  6%] [32m[1mLinking CXX executable moveit_version[0m
[7.569s] [  6%] Built target moveit_version
[7.586s] [  7%] [32mBuilding CXX object gmock/CMakeFiles/gmock.dir/src/gmock-all.cc.o[0m
[7.624s] [  7%] Built target moveit_butterworth_parameters
[7.648s] [  7%] [32mBuilding CXX object utils/CMakeFiles/moveit_utils.dir/src/message_checks.cpp.o[0m
[8.392s] [  8%] [32mBuilding CXX object utils/CMakeFiles/moveit_utils.dir/src/rclcpp_utils.cpp.o[0m
[8.980s] [  8%] [32mBuilding CXX object distance_field/CMakeFiles/moveit_distance_field.dir/src/find_internal_points.cpp.o[0m
[9.016s] [  8%] [32m[1mLinking CXX static library libgtest_main.a[0m
[9.120s] [  9%] [32m[1mLinking CXX shared library libmoveit_exceptions.so[0m
[9.232s] [  9%] Built target gtest_main
[9.271s] [ 10%] [32mBuilding CXX object distance_field/CMakeFiles/moveit_distance_field.dir/src/propagation_distance_field.cpp.o[0m
[9.500s] [ 10%] Built target moveit_exceptions
[9.789s] [ 11%] [32m[1mLinking CXX static library libgmock_main.a[0m
[9.862s] [ 11%] Built target gmock_main
[9.992s] [ 11%] [32m[1mLinking CXX shared library libmoveit_utils.so[0m
[10.866s] [ 11%] Built target moveit_utils
[12.027s] [ 12%] [32m[1mLinking CXX shared library libmoveit_smoothing_base.so[0m
[12.140s] [ 12%] Built target moveit_smoothing_base
[13.412s] [ 13%] [32m[1mLinking CXX shared library libmoveit_kinematics_base.so[0m
[13.528s] [ 13%] Built target moveit_kinematics_base
[13.554s] [ 15%] [32mBuilding CXX object robot_model/CMakeFiles/moveit_robot_model.dir/src/aabb.cpp.o[0m
[13.554s] [ 15%] [32mBuilding CXX object robot_model/CMakeFiles/moveit_robot_model.dir/src/joint_model_group.cpp.o[0m
[13.555s] [ 15%] [32mBuilding CXX object robot_model/CMakeFiles/moveit_robot_model.dir/src/fixed_joint_model.cpp.o[0m
[13.555s] [ 16%] [32mBuilding CXX object robot_model/CMakeFiles/moveit_robot_model.dir/src/link_model.cpp.o[0m
[13.555s] [ 16%] [32mBuilding CXX object robot_model/CMakeFiles/moveit_robot_model.dir/src/joint_model.cpp.o[0m
[13.556s] [ 16%] [32mBuilding CXX object robot_model/CMakeFiles/moveit_robot_model.dir/src/planar_joint_model.cpp.o[0m
[13.556s] [ 17%] [32mBuilding CXX object robot_model/CMakeFiles/moveit_robot_model.dir/src/floating_joint_model.cpp.o[0m
[15.709s] [ 18%] [32mBuilding CXX object robot_model/CMakeFiles/moveit_robot_model.dir/src/prismatic_joint_model.cpp.o[0m
[16.322s] [ 19%] [32m[1mLinking CXX shared library libmoveit_transforms.so[0m
[16.460s] [ 20%] [32mBuilding CXX object robot_model/CMakeFiles/moveit_robot_model.dir/src/revolute_joint_model.cpp.o[0m
[16.573s] [ 20%] Built target moveit_transforms
[16.589s] [ 20%] [32mBuilding CXX object robot_model/CMakeFiles/moveit_robot_model.dir/src/robot_model.cpp.o[0m
[17.606s] [ 20%] [32m[1mLinking CXX shared library libmoveit_distance_field.so[0m
[17.861s] [ 20%] Built target moveit_distance_field
[17.889s] [ 21%] [32m[1mLinking CXX static library libgtest.a[0m
[17.931s] [ 21%] Built target gtest
[17.964s] [ 22%] [32mBuilding CXX object distance_field/CMakeFiles/test_distance_field.dir/test/test_distance_field.cpp.o[0m
[17.964s] [ 22%] [32mBuilding CXX object transforms/CMakeFiles/test_transforms.dir/test/test_transforms.cpp.o[0m
[17.964s] [ 22%] [32mBuilding CXX object distance_field/CMakeFiles/test_voxel_grid.dir/test/test_voxel_grid.cpp.o[0m
[17.999s] [ 23%] [32m[1mLinking CXX static library libgmock.a[0m
[18.075s] [ 23%] Built target gmock
[20.493s] [ 24%] [32m[1mLinking CXX executable test_transforms[0m
[20.611s] [ 24%] Built target test_transforms
[21.912s] [ 24%] [32m[1mLinking CXX executable test_voxel_grid[0m
[22.008s] [ 24%] Built target test_voxel_grid
[23.632s] [ 25%] [32m[1mLinking CXX shared library libmoveit_robot_model.so[0m
[23.754s] [ 25%] Built target moveit_robot_model
[23.772s] [ 27%] [32mBuilding CXX object robot_state/CMakeFiles/moveit_robot_state.dir/src/conversions.cpp.o[0m
[23.772s] [ 28%] [32mBuilding CXX object robot_state/CMakeFiles/moveit_robot_state.dir/src/robot_state.cpp.o[0m
[23.772s] [ 28%] [32mBuilding CXX object online_signal_smoothing/CMakeFiles/moveit_butterworth_filter.dir/src/butterworth_filter.cpp.o[0m
[23.772s] [ 28%] [32mBuilding CXX object robot_state/CMakeFiles/moveit_robot_state.dir/src/cartesian_interpolator.cpp.o[0m
[23.773s] [ 29%] [32mBuilding CXX object robot_state/CMakeFiles/moveit_robot_state.dir/src/attached_body.cpp.o[0m
[23.773s] [ 29%] [32mBuilding CXX object utils/CMakeFiles/moveit_test_utils.dir/src/robot_model_test_utils.cpp.o[0m
[25.422s] [ 30%] [32m[1mLinking CXX executable test_distance_field[0m
[25.736s] [ 30%] Built target test_distance_field
[28.702s] [ 30%] [32m[1mLinking CXX shared library libmoveit_butterworth_filter.so[0m
[28.829s] [ 30%] Built target moveit_butterworth_filter
[28.850s] [ 30%] [32mBuilding CXX object online_signal_smoothing/CMakeFiles/test_butterworth_filter.dir/test/test_butterworth_filter.cpp.o[0m
[33.014s] [ 31%] [32m[1mLinking CXX executable test_butterworth_filter[0m
[33.122s] [ 31%] Built target test_butterworth_filter
[33.169s] [ 31%] [32m[1mLinking CXX shared library libmoveit_test_utils.so[0m
[33.293s] [ 31%] Built target moveit_test_utils
[33.311s] [ 32%] [32mBuilding CXX object robot_model/CMakeFiles/test_robot_model.dir/test/test.cpp.o[0m
[36.632s] [ 32%] [32m[1mLinking CXX executable test_robot_model[0m
[36.798s] [ 32%] Built target test_robot_model
[40.261s] [ 33%] [32m[1mLinking CXX shared library libmoveit_robot_state.so[0m
[40.377s] [ 33%] Built target moveit_robot_state
[40.399s] [ 33%] [32mBuilding CXX object robot_state/CMakeFiles/test_robot_state_complex.dir/test/test_kinematic_complex.cpp.o[0m
[40.399s] [ 33%] [32mBuilding CXX object robot_state/CMakeFiles/test_cartesian_interpolator.dir/test/test_cartesian_interpolator.cpp.o[0m
[40.399s] [ 33%] [32mBuilding CXX object robot_state/CMakeFiles/test_aabb.dir/test/test_aabb.cpp.o[0m
[40.400s] [ 34%] [32mBuilding CXX object robot_trajectory/CMakeFiles/moveit_robot_trajectory.dir/src/robot_trajectory.cpp.o[0m
[40.400s] [ 34%] [32mBuilding CXX object dynamics_solver/CMakeFiles/moveit_dynamics_solver.dir/src/dynamics_solver.cpp.o[0m
[40.401s] [ 35%] [32mBuilding CXX object collision_detection/CMakeFiles/moveit_collision_detection.dir/src/allvalid/collision_env_allvalid.cpp.o[0m
[40.401s] [ 35%] [32mBuilding CXX object collision_detection/CMakeFiles/moveit_collision_detection.dir/src/collision_common.cpp.o[0m
[40.401s] [ 35%] [32mBuilding CXX object collision_detection/CMakeFiles/moveit_collision_detection.dir/src/collision_octomap_filter.cpp.o[0m
[40.401s] [ 36%] [32mBuilding CXX object collision_detection/CMakeFiles/moveit_collision_detection.dir/src/collision_matrix.cpp.o[0m
[40.402s] [ 36%] [32mBuilding CXX object kinematics_metrics/CMakeFiles/moveit_kinematics_metrics.dir/src/kinematics_metrics.cpp.o[0m
[40.402s] [ 37%] [32mBuilding CXX object robot_state/CMakeFiles/test_robot_state.dir/test/robot_state_test.cpp.o[0m
[40.402s] [ 37%] [32mBuilding CXX object robot_state/CMakeFiles/test_robot_state_benchmark.dir/test/robot_state_benchmark.cpp.o[0m
[47.368s] [ 38%] [32mBuilding CXX object collision_detection/CMakeFiles/moveit_collision_detection.dir/src/collision_tools.cpp.o[0m
[48.402s] [ 39%] [32mBuilding CXX object collision_detection/CMakeFiles/moveit_collision_detection.dir/src/world.cpp.o[0m
[49.064s] [ 39%] [32mBuilding CXX object collision_detection/CMakeFiles/moveit_collision_detection.dir/src/world_diff.cpp.o[0m
[49.374s] [ 40%] [32mBuilding CXX object collision_detection/CMakeFiles/moveit_collision_detection.dir/src/collision_env.cpp.o[0m
[49.664s] [ 41%] [32m[1mLinking CXX shared library libmoveit_dynamics_solver.so[0m
[49.833s] [ 42%] [32m[1mLinking CXX executable test_cartesian_interpolator[0m
[49.948s] [ 42%] Built target moveit_dynamics_solver
[49.964s] [ 42%] [32mBuilding CXX object collision_detection/CMakeFiles/moveit_collision_detection.dir/src/collision_plugin_cache.cpp.o[0m
[50.276s] [ 42%] Built target test_cartesian_interpolator
[51.069s] [ 43%] [32m[1mLinking CXX executable test_robot_state_benchmark[0m
[51.546s] [ 43%] Built target test_robot_state_benchmark
[51.801s] [ 44%] [32m[1mLinking CXX executable test_aabb[0m
[52.091s] [ 44%] Built target test_aabb
[53.023s] [ 45%] [32m[1mLinking CXX shared library libmoveit_robot_trajectory.so[0m
[53.185s] [ 46%] [32m[1mLinking CXX executable test_robot_state_complex[0m
[53.197s] [ 46%] Built target moveit_robot_trajectory
[53.230s] [ 48%] [32mBuilding CXX object trajectory_processing/CMakeFiles/moveit_trajectory_processing.dir/src/ruckig_traj_smoothing.cpp.o[0m
[53.230s] [ 48%] [32mBuilding CXX object trajectory_processing/CMakeFiles/moveit_trajectory_processing.dir/src/iterative_time_parameterization.cpp.o[0m
[53.231s] [ 50%] [32mBuilding CXX object planning_interface/CMakeFiles/moveit_planning_interface.dir/src/planning_interface.cpp.o[0m
[53.231s] [ 50%] [32mBuilding CXX object robot_trajectory/CMakeFiles/test_robot_trajectory.dir/test/test_robot_trajectory.cpp.o[0m
[53.241s] [ 50%] [32mBuilding CXX object trajectory_processing/CMakeFiles/moveit_trajectory_processing.dir/src/iterative_spline_parameterization.cpp.o[0m
[53.652s] [ 50%] Built target test_robot_state_complex
[53.667s] [ 51%] [32mBuilding CXX object trajectory_processing/CMakeFiles/moveit_trajectory_processing.dir/src/trajectory_tools.cpp.o[0m
[54.039s] [ 51%] [32mBuilding CXX object trajectory_processing/CMakeFiles/moveit_trajectory_processing.dir/src/time_optimal_trajectory_generation.cpp.o[0m
[54.701s] [ 51%] [32mBuilding CXX object planning_interface/CMakeFiles/moveit_planning_interface.dir/src/planning_response.cpp.o[0m
[54.874s] [ 52%] [32m[1mLinking CXX executable test_robot_state[0m
[55.358s] [ 52%] Built target test_robot_state
[62.296s] [ 52%] [32m[1mLinking CXX executable test_robot_trajectory[0m
[62.565s] [ 52%] Built target test_robot_trajectory
[63.257s] [ 53%] [32m[1mLinking CXX shared library libmoveit_planning_interface.so[0m
[63.387s] [ 53%] Built target moveit_planning_interface
[64.874s] [ 54%] [32m[1mLinking CXX shared library libmoveit_collision_detection.so[0m
[65.014s] [ 54%] Built target moveit_collision_detection
[65.036s] [ 54%] [32mBuilding CXX object collision_detection_fcl/CMakeFiles/moveit_collision_detection_fcl.dir/src/collision_common.cpp.o[0m
[65.036s] [ 57%] [32m[1mLinking CXX shared library libmoveit_trajectory_processing.so[0m
[65.036s] [ 57%] [32mBuilding CXX object collision_detection/CMakeFiles/test_world.dir/test/test_world.cpp.o[0m
[65.036s] [ 57%] [32mBuilding CXX object collision_detection/CMakeFiles/test_world_diff.dir/test/test_world_diff.cpp.o[0m
[65.037s] [ 58%] [32mBuilding CXX object collision_detection_bullet/CMakeFiles/moveit_collision_detection_bullet.dir/src/bullet_integration/bullet_discrete_bvh_manager.cpp.o[0m
[65.037s] [ 58%] [32mBuilding CXX object collision_detection_bullet/CMakeFiles/moveit_collision_detection_bullet.dir/src/bullet_integration/bullet_utils.cpp.o[0m
[65.037s] [ 58%] [32mBuilding CXX object collision_detection_bullet/CMakeFiles/moveit_collision_detection_bullet.dir/src/collision_env_bullet.cpp.o[0m
[65.037s] [ 60%] [32mBuilding CXX object collision_detection_fcl/CMakeFiles/moveit_collision_detection_fcl.dir/src/collision_env_fcl.cpp.o[0m
[65.037s] [ 60%] [32mBuilding CXX object collision_detection_bullet/CMakeFiles/moveit_collision_detection_bullet.dir/src/bullet_integration/bullet_cast_bvh_manager.cpp.o[0m
[65.037s] [ 61%] [32mBuilding CXX object collision_detection_bullet/CMakeFiles/moveit_collision_detection_bullet.dir/src/bullet_integration/bullet_bvh_manager.cpp.o[0m
[65.044s] [ 61%] [32mBuilding CXX object collision_detection/CMakeFiles/test_all_valid.dir/test/test_all_valid.cpp.o[0m
[65.248s] [ 61%] Built target moveit_trajectory_processing
[65.261s] [ 62%] [32mBuilding CXX object collision_detection_bullet/CMakeFiles/moveit_collision_detection_bullet.dir/src/bullet_integration/contact_checker_common.cpp.o[0m
[67.414s] [ 63%] [32m[1mLinking CXX shared library libmoveit_kinematics_metrics.so[0m
[67.731s] [ 63%] Built target moveit_kinematics_metrics
[67.773s] [ 63%] [32mBuilding CXX object trajectory_processing/CMakeFiles/test_time_parameterization.dir/test/test_time_parameterization.cpp.o[0m
[72.589s] [ 64%] [32m[1mLinking CXX executable test_world_diff[0m
[73.061s] [ 64%] Built target test_world_diff
[73.104s] [ 65%] [32mBuilding CXX object trajectory_processing/CMakeFiles/test_time_optimal_trajectory_generation.dir/test/test_time_optimal_trajectory_generation.cpp.o[0m
[73.463s] [ 65%] [32mBuilding CXX object collision_detection_bullet/CMakeFiles/moveit_collision_detection_bullet.dir/src/bullet_integration/ros_bullet_utils.cpp.o[0m
[73.613s] [ 66%] [32mBuilding CXX object trajectory_processing/CMakeFiles/test_ruckig_traj_smoothing.dir/test/test_ruckig_traj_smoothing.cpp.o[0m
[74.103s] [ 66%] [32m[1mLinking CXX executable test_world[0m
[74.486s] [ 66%] Built target test_world
[75.131s] [ 67%] [32m[1mLinking CXX executable test_all_valid[0m
[75.531s] [ 67%] Built target test_all_valid
[77.911s] [ 68%] [32m[1mLinking CXX shared library libmoveit_collision_detection_fcl.so[0m
[78.063s] [ 69%] [32m[1mLinking CXX executable test_time_parameterization[0m
[78.149s] [ 69%] Built target moveit_collision_detection_fcl
[78.173s] [ 70%] [32mBuilding CXX object kinematic_constraints/CMakeFiles/moveit_kinematic_constraints.dir/src/kinematic_constraint.cpp.o[0m
[78.173s] [ 70%] [32mBuilding CXX object kinematic_constraints/CMakeFiles/moveit_kinematic_constraints.dir/src/utils.cpp.o[0m
[78.323s] [ 70%] Built target test_time_parameterization
[78.346s] [ 71%] [32mBuilding CXX object collision_detection_fcl/CMakeFiles/test_fcl_collision_detection_panda.dir/test/test_fcl_collision_detection_panda.cpp.o[0m
[79.617s] [ 72%] [32m[1mLinking CXX shared library libmoveit_collision_detection_bullet.so[0m
[79.821s] [ 72%] Built target moveit_collision_detection_bullet
[79.845s] [ 73%] [32mBuilding CXX object collision_detection_fcl/CMakeFiles/test_fcl_collision_detection.dir/test/test_fcl_collision_detection_pr2.cpp.o[0m
[80.536s] [ 73%] [32m[1mLinking CXX executable test_ruckig_traj_smoothing[0m
[80.799s] [ 73%] Built target test_ruckig_traj_smoothing
[81.394s] [ 74%] [32m[1mLinking CXX executable test_time_optimal_trajectory_generation[0m
[81.646s] [ 74%] Built target test_time_optimal_trajectory_generation
[87.318s] [ 74%] [32m[1mLinking CXX executable test_fcl_collision_detection[0m
[87.561s] [ 74%] Built target test_fcl_collision_detection
[88.754s] [ 74%] [32m[1mLinking CXX executable test_fcl_collision_detection_panda[0m
[88.842s] [ 75%] [32m[1mLinking CXX shared library libmoveit_kinematic_constraints.so[0m
[88.951s] [ 75%] Built target test_fcl_collision_detection_panda
[88.981s] [ 75%] Built target moveit_kinematic_constraints
[88.997s] [ 76%] [32mBuilding CXX object collision_detection_bullet/CMakeFiles/test_bullet_continuous_collision_checking.dir/test/test_bullet_continuous_collision_checking.cpp.o[0m
[94.649s] [ 77%] [32m[1mLinking CXX executable test_bullet_continuous_collision_checking[0m
[94.846s] [ 77%] Built target test_bullet_continuous_collision_checking
[94.864s] [ 79%] [32mBuilding CXX object planning_scene/CMakeFiles/moveit_planning_scene.dir/src/planning_scene.cpp.o[0m
[94.864s] [ 79%] [32mBuilding CXX object kinematic_constraints/CMakeFiles/test_constraints.dir/test/test_constraints.cpp.o[0m
[94.864s] [ 79%] [32mBuilding CXX object kinematic_constraints/CMakeFiles/test_orientation_constraints.dir/test/test_orientation_constraints.cpp.o[0m
[94.864s] [ 79%] [32mBuilding CXX object collision_detection_bullet/CMakeFiles/test_bullet_collision_detection_panda.dir/test/test_bullet_collision_detection_panda.cpp.o[0m
[101.470s] [ 80%] [32m[1mLinking CXX executable test_orientation_constraints[0m
[101.692s] [ 80%] Built target test_orientation_constraints
[101.712s] [ 82%] [32mBuilding CXX object collision_detection_bullet/CMakeFiles/test_bullet_collision_detection.dir/test/test_bullet_collision_detection_pr2.cpp.o[0m
[101.712s] [ 82%] [32mBuilding CXX object collision_detection_fcl/CMakeFiles/test_fcl_collision_env.dir/test/test_fcl_env.cpp.o[0m
[102.630s] [ 83%] [32m[1mLinking CXX executable test_constraints[0m
[102.881s] [ 83%] Built target test_constraints
[103.363s] [ 83%] [32m[1mLinking CXX executable test_bullet_collision_detection_panda[0m
[103.605s] [ 83%] Built target test_bullet_collision_detection_panda
[107.582s] [ 84%] [32m[1mLinking CXX executable test_fcl_collision_env[0m
[107.804s] [ 84%] Built target test_fcl_collision_env
[110.501s] [ 84%] [32m[1mLinking CXX executable test_bullet_collision_detection[0m
[110.707s] [ 84%] Built target test_bullet_collision_detection
[111.720s] [ 84%] [32m[1mLinking CXX shared library libmoveit_planning_scene.so[0m
[111.859s] [ 84%] Built target moveit_planning_scene
[111.879s] [ 84%] [32mBuilding CXX object collision_distance_field/CMakeFiles/moveit_collision_distance_field.dir/src/collision_env_distance_field.cpp.o[0m
[111.880s] [ 86%] [32mBuilding CXX object planning_request_adapter/CMakeFiles/moveit_planning_request_adapter.dir/src/planning_request_adapter.cpp.o[0m
[111.880s] [ 86%] [32mBuilding CXX object collision_distance_field/CMakeFiles/moveit_collision_distance_field.dir/src/collision_distance_field_types.cpp.o[0m
[111.880s] [ 86%] [32mBuilding CXX object planning_scene/CMakeFiles/test_planning_scene.dir/test/test_planning_scene.cpp.o[0m
[111.880s] [ 87%] [32mBuilding CXX object constraint_samplers/CMakeFiles/moveit_constraint_samplers.dir/src/constraint_sampler_manager.cpp.o[0m
[111.880s] [ 87%] [32mBuilding CXX object collision_distance_field/CMakeFiles/moveit_collision_distance_field.dir/src/collision_common_distance_field.cpp.o[0m
[111.880s] [ 87%] [32mBuilding CXX object planning_scene/CMakeFiles/test_multi_threaded.dir/test/test_multi_threaded.cpp.o[0m
[111.880s] [ 88%] [32mBuilding CXX object collision_distance_field/CMakeFiles/moveit_collision_distance_field.dir/src/collision_env_hybrid.cpp.o[0m
[111.881s] [ 88%] [32mBuilding CXX object constraint_samplers/CMakeFiles/moveit_constraint_samplers.dir/src/constraint_sampler.cpp.o[0m
[111.882s] [ 89%] [32mBuilding CXX object planning_scene/CMakeFiles/test_collision_objects.dir/test/test_collision_objects.cpp.o[0m
[121.387s] [ 89%] [32mBuilding CXX object constraint_samplers/CMakeFiles/moveit_constraint_samplers.dir/src/constraint_sampler_tools.cpp.o[0m
[121.751s] [ 90%] [32mBuilding CXX object constraint_samplers/CMakeFiles/moveit_constraint_samplers.dir/src/default_constraint_samplers.cpp.o[0m
[122.242s] [ 91%] [32m[1mLinking CXX shared library libmoveit_planning_request_adapter.so[0m
[122.364s] [ 91%] [32mBuilding CXX object constraint_samplers/CMakeFiles/moveit_constraint_samplers.dir/src/union_constraint_sampler.cpp.o[0m
[122.518s] [ 91%] Built target moveit_planning_request_adapter
[122.558s] [ 91%] [32mBuilding CXX object collision_detection_fcl/CMakeFiles/collision_detector_fcl_plugin.dir/src/collision_detector_fcl_plugin_loader.cpp.o[0m
[122.558s] [ 91%] [32mBuilding CXX object collision_detection_bullet/CMakeFiles/collision_detector_bullet_plugin.dir/src/collision_detector_bullet_plugin_loader.cpp.o[0m
[124.309s] [ 92%] [32m[1mLinking CXX executable test_multi_threaded[0m
[124.797s] [ 92%] Built target test_multi_threaded
[125.393s] [ 92%] [32m[1mLinking CXX executable test_collision_objects[0m
[125.696s] [ 92%] Built target test_collision_objects
[128.529s] [ 92%] [32m[1mLinking CXX executable test_planning_scene[0m
[128.840s] [ 92%] Built target test_planning_scene
[129.073s] [ 93%] [32m[1mLinking CXX shared library libmoveit_collision_distance_field.so[0m
[129.260s] [ 93%] Built target moveit_collision_distance_field
[129.284s] [ 94%] [32mBuilding CXX object collision_distance_field/CMakeFiles/test_collision_distance_field.dir/test/test_collision_distance_field.cpp.o[0m
[130.598s] [ 95%] [32m[1mLinking CXX shared library libcollision_detector_fcl_plugin.so[0m
[130.745s] [ 95%] Built target collision_detector_fcl_plugin
[131.147s] [ 96%] [32m[1mLinking CXX shared library libcollision_detector_bullet_plugin.so[0m
[131.280s] [ 96%] Built target collision_detector_bullet_plugin
[131.726s] [ 97%] [32m[1mLinking CXX shared library libmoveit_constraint_samplers.so[0m
[131.854s] [ 97%] Built target moveit_constraint_samplers
[136.076s] [ 97%] [32m[1mLinking CXX executable test_collision_distance_field[0m
[136.266s] [ 97%] Built target test_collision_distance_field
[136.282s] [ 98%] [32mBuilding CXX object constraint_samplers/CMakeFiles/test_constraint_samplers.dir/test/test_constraint_samplers.cpp.o[0m
[136.282s] [ 99%] [32mBuilding CXX object constraint_samplers/CMakeFiles/test_constraint_samplers.dir/test/pr2_arm_kinematics_plugin.cpp.o[0m
[136.282s] [ 99%] [32mBuilding CXX object constraint_samplers/CMakeFiles/test_constraint_samplers.dir/test/pr2_arm_ik.cpp.o[0m
[146.293s] [100%] [32m[1mLinking CXX executable test_constraint_samplers[0m
[146.511s] [100%] Built target test_constraint_samplers
[146.520s] Invoked command in '/home/zx/ws_moveit2/build/moveit_core' returned '0': CMAKE_PREFIX_PATH=/home/zx/ws_moveit2/install/moveit_resources_panda_moveit_config:/home/zx/ws_moveit2/install/srdfdom:/home/zx/ws_moveit2/install/moveit_resources_pr2_description:/home/zx/ws_moveit2/install/moveit_resources_panda_description:/home/zx/ws_moveit2/install/moveit_common:/home/zx/ws_moveit2/install/urdf_2:/home/zx/ws_moveit2/install/pilz_industrial_motion_planner_testutils:/home/zx/ws_moveit2/install/moveit_runtime:/home/zx/ws_moveit2/install/moveit2_tutorials:/home/zx/ws_moveit2/install/moveit:/home/zx/ws_moveit2/install/moveit_planners:/home/zx/ws_moveit2/install/pilz_industrial_motion_planner:/home/zx/ws_moveit2/install/moveit_visual_tools:/home/zx/ws_moveit2/install/moveit_task_constructor_visualization:/home/zx/ws_moveit2/install/moveit_task_constructor_demo:/home/zx/ws_moveit2/install/moveit_task_constructor_capabilities:/home/zx/ws_moveit2/install/moveit_task_constructor_core:/home/zx/ws_moveit2/install/moveit_ros_control_interface:/home/zx/ws_moveit2/install/moveit_plugins:/home/zx/ws_moveit2/install/moveit_simple_controller_manager:/home/zx/ws_moveit2/install/moveit_setup_assistant:/home/zx/ws_moveit2/install/moveit_setup_srdf_plugins:/home/zx/ws_moveit2/install/moveit_setup_core_plugins:/home/zx/ws_moveit2/install/moveit_setup_controllers:/home/zx/ws_moveit2/install/moveit_setup_app_plugins:/home/zx/ws_moveit2/install/moveit_setup_framework:/home/zx/ws_moveit2/install/moveit_servo:/home/zx/ws_moveit2/install/moveit_ros:/home/zx/ws_moveit2/install/moveit_ros_visualization:/home/zx/ws_moveit2/install/moveit_hybrid_planning:/home/zx/ws_moveit2/install/moveit_ros_planning_interface:/home/zx/ws_moveit2/install/moveit_ros_benchmarks:/home/zx/ws_moveit2/install/moveit_ros_warehouse:/home/zx/ws_moveit2/install/moveit_ros_robot_interaction:/home/zx/ws_moveit2/install/moveit_ros_perception:/home/zx/ws_moveit2/install/moveit_resources_prbt_pg70_support:/home/zx/ws_moveit2/install/moveit_resources_prbt_moveit_config:/home/zx/ws_moveit2/install/moveit_ros_move_group:/home/zx/ws_moveit2/install/moveit_planners_ompl:/home/zx/ws_moveit2/install/moveit_ros_planning:/home/zx/ws_moveit2/install/moveit_ros_occupancy_map_monitor:/home/zx/ws_moveit2/install/moveit_resources_prbt_ikfast_manipulator_plugin:/home/zx/ws_moveit2/install/moveit_planners_chomp:/home/zx/ws_moveit2/install/moveit_kinematics:/home/zx/ws_moveit2/install/moveit_chomp_optimizer_adapter:/home/zx/ws_moveit2/install/chomp_motion_planner:/home/zx/ws_moveit2/install/moveit_core:/home/zx/ws_moveit2/install/rviz_marker_tools:/home/zx/ws_moveit2/install/rosparam_shortcuts:/home/zx/ws_moveit2/install/moveit_task_constructor_msgs:/home/zx/ws_moveit2/install/moveit_resources_prbt_support:/home/zx/ws_moveit2/install/moveit_resources:/home/zx/ws_moveit2/install/moveit_resources_fanuc_moveit_config:/home/zx/ws_moveit2/install/moveit_resources_fanuc_description:/home/zx/ws_moveit2/install/tihu_2:/home/zx/ws_moveit2/install/moveit_configs_utils:/home/zx/ws_moveit2/install/launch_param_builder:/opt/ros/humble LD_LIBRARY_PATH=/home/zx/ws_moveit2/install/srdfdom/lib:/home/zx/ws_moveit2/install/pilz_industrial_motion_planner_testutils/lib:/home/zx/ws_moveit2/install/pilz_industrial_motion_planner/lib:/home/zx/ws_moveit2/install/moveit_visual_tools/lib:/home/zx/ws_moveit2/install/moveit_task_constructor_visualization/lib:/home/zx/ws_moveit2/install/moveit_task_constructor_demo/lib:/home/zx/ws_moveit2/install/moveit_task_constructor_capabilities/lib:/home/zx/ws_moveit2/install/moveit_task_constructor_core/lib:/home/zx/ws_moveit2/install/moveit_ros_control_interface/lib:/home/zx/ws_moveit2/install/moveit_simple_controller_manager/lib:/home/zx/ws_moveit2/install/moveit_setup_assistant/lib:/home/zx/ws_moveit2/install/moveit_setup_srdf_plugins/lib:/home/zx/ws_moveit2/install/moveit_setup_core_plugins/lib:/home/zx/ws_moveit2/install/moveit_setup_controllers/lib:/home/zx/ws_moveit2/install/moveit_setup_app_plugins/lib:/home/zx/ws_moveit2/install/moveit_setup_framework/lib:/home/zx/ws_moveit2/install/moveit_servo/lib:/home/zx/ws_moveit2/install/moveit_ros_visualization/lib:/home/zx/ws_moveit2/install/moveit_hybrid_planning/lib:/home/zx/ws_moveit2/install/moveit_ros_planning_interface/lib:/home/zx/ws_moveit2/install/moveit_ros_benchmarks/lib:/home/zx/ws_moveit2/install/moveit_ros_warehouse/lib:/home/zx/ws_moveit2/install/moveit_ros_robot_interaction/lib:/home/zx/ws_moveit2/install/moveit_ros_perception/lib:/home/zx/ws_moveit2/install/moveit_ros_move_group/lib:/home/zx/ws_moveit2/install/moveit_planners_ompl/lib:/home/zx/ws_moveit2/install/moveit_ros_planning/lib:/home/zx/ws_moveit2/install/moveit_ros_occupancy_map_monitor/lib:/home/zx/ws_moveit2/install/moveit_resources_prbt_ikfast_manipulator_plugin/lib:/home/zx/ws_moveit2/install/moveit_planners_chomp/lib:/home/zx/ws_moveit2/install/moveit_kinematics/lib:/home/zx/ws_moveit2/install/moveit_chomp_optimizer_adapter/lib:/home/zx/ws_moveit2/install/chomp_motion_planner/lib:/home/zx/ws_moveit2/install/moveit_core/lib:/home/zx/ws_moveit2/install/rviz_marker_tools/lib:/home/zx/ws_moveit2/install/rosparam_shortcuts/lib:/home/zx/ws_moveit2/install/moveit_task_constructor_msgs/lib:/opt/ros/humble/opt/rviz_ogre_vendor/lib:/opt/ros/humble/lib/x86_64-linux-gnu:/opt/ros/humble/lib /usr/bin/cmake --build /home/zx/ws_moveit2/build/moveit_core -- -j12 -l12
[146.605s] Invoking command in '/home/zx/ws_moveit2/build/moveit_core': CMAKE_PREFIX_PATH=/home/zx/ws_moveit2/install/moveit_resources_panda_moveit_config:/home/zx/ws_moveit2/install/srdfdom:/home/zx/ws_moveit2/install/moveit_resources_pr2_description:/home/zx/ws_moveit2/install/moveit_resources_panda_description:/home/zx/ws_moveit2/install/moveit_common:/home/zx/ws_moveit2/install/urdf_2:/home/zx/ws_moveit2/install/pilz_industrial_motion_planner_testutils:/home/zx/ws_moveit2/install/moveit_runtime:/home/zx/ws_moveit2/install/moveit2_tutorials:/home/zx/ws_moveit2/install/moveit:/home/zx/ws_moveit2/install/moveit_planners:/home/zx/ws_moveit2/install/pilz_industrial_motion_planner:/home/zx/ws_moveit2/install/moveit_visual_tools:/home/zx/ws_moveit2/install/moveit_task_constructor_visualization:/home/zx/ws_moveit2/install/moveit_task_constructor_demo:/home/zx/ws_moveit2/install/moveit_task_constructor_capabilities:/home/zx/ws_moveit2/install/moveit_task_constructor_core:/home/zx/ws_moveit2/install/moveit_ros_control_interface:/home/zx/ws_moveit2/install/moveit_plugins:/home/zx/ws_moveit2/install/moveit_simple_controller_manager:/home/zx/ws_moveit2/install/moveit_setup_assistant:/home/zx/ws_moveit2/install/moveit_setup_srdf_plugins:/home/zx/ws_moveit2/install/moveit_setup_core_plugins:/home/zx/ws_moveit2/install/moveit_setup_controllers:/home/zx/ws_moveit2/install/moveit_setup_app_plugins:/home/zx/ws_moveit2/install/moveit_setup_framework:/home/zx/ws_moveit2/install/moveit_servo:/home/zx/ws_moveit2/install/moveit_ros:/home/zx/ws_moveit2/install/moveit_ros_visualization:/home/zx/ws_moveit2/install/moveit_hybrid_planning:/home/zx/ws_moveit2/install/moveit_ros_planning_interface:/home/zx/ws_moveit2/install/moveit_ros_benchmarks:/home/zx/ws_moveit2/install/moveit_ros_warehouse:/home/zx/ws_moveit2/install/moveit_ros_robot_interaction:/home/zx/ws_moveit2/install/moveit_ros_perception:/home/zx/ws_moveit2/install/moveit_resources_prbt_pg70_support:/home/zx/ws_moveit2/install/moveit_resources_prbt_moveit_config:/home/zx/ws_moveit2/install/moveit_ros_move_group:/home/zx/ws_moveit2/install/moveit_planners_ompl:/home/zx/ws_moveit2/install/moveit_ros_planning:/home/zx/ws_moveit2/install/moveit_ros_occupancy_map_monitor:/home/zx/ws_moveit2/install/moveit_resources_prbt_ikfast_manipulator_plugin:/home/zx/ws_moveit2/install/moveit_planners_chomp:/home/zx/ws_moveit2/install/moveit_kinematics:/home/zx/ws_moveit2/install/moveit_chomp_optimizer_adapter:/home/zx/ws_moveit2/install/chomp_motion_planner:/home/zx/ws_moveit2/install/moveit_core:/home/zx/ws_moveit2/install/rviz_marker_tools:/home/zx/ws_moveit2/install/rosparam_shortcuts:/home/zx/ws_moveit2/install/moveit_task_constructor_msgs:/home/zx/ws_moveit2/install/moveit_resources_prbt_support:/home/zx/ws_moveit2/install/moveit_resources:/home/zx/ws_moveit2/install/moveit_resources_fanuc_moveit_config:/home/zx/ws_moveit2/install/moveit_resources_fanuc_description:/home/zx/ws_moveit2/install/tihu_2:/home/zx/ws_moveit2/install/moveit_configs_utils:/home/zx/ws_moveit2/install/launch_param_builder:/opt/ros/humble LD_LIBRARY_PATH=/home/zx/ws_moveit2/install/srdfdom/lib:/home/zx/ws_moveit2/install/pilz_industrial_motion_planner_testutils/lib:/home/zx/ws_moveit2/install/pilz_industrial_motion_planner/lib:/home/zx/ws_moveit2/install/moveit_visual_tools/lib:/home/zx/ws_moveit2/install/moveit_task_constructor_visualization/lib:/home/zx/ws_moveit2/install/moveit_task_constructor_demo/lib:/home/zx/ws_moveit2/install/moveit_task_constructor_capabilities/lib:/home/zx/ws_moveit2/install/moveit_task_constructor_core/lib:/home/zx/ws_moveit2/install/moveit_ros_control_interface/lib:/home/zx/ws_moveit2/install/moveit_simple_controller_manager/lib:/home/zx/ws_moveit2/install/moveit_setup_assistant/lib:/home/zx/ws_moveit2/install/moveit_setup_srdf_plugins/lib:/home/zx/ws_moveit2/install/moveit_setup_core_plugins/lib:/home/zx/ws_moveit2/install/moveit_setup_controllers/lib:/home/zx/ws_moveit2/install/moveit_setup_app_plugins/lib:/home/zx/ws_moveit2/install/moveit_setup_framework/lib:/home/zx/ws_moveit2/install/moveit_servo/lib:/home/zx/ws_moveit2/install/moveit_ros_visualization/lib:/home/zx/ws_moveit2/install/moveit_hybrid_planning/lib:/home/zx/ws_moveit2/install/moveit_ros_planning_interface/lib:/home/zx/ws_moveit2/install/moveit_ros_benchmarks/lib:/home/zx/ws_moveit2/install/moveit_ros_warehouse/lib:/home/zx/ws_moveit2/install/moveit_ros_robot_interaction/lib:/home/zx/ws_moveit2/install/moveit_ros_perception/lib:/home/zx/ws_moveit2/install/moveit_ros_move_group/lib:/home/zx/ws_moveit2/install/moveit_planners_ompl/lib:/home/zx/ws_moveit2/install/moveit_ros_planning/lib:/home/zx/ws_moveit2/install/moveit_ros_occupancy_map_monitor/lib:/home/zx/ws_moveit2/install/moveit_resources_prbt_ikfast_manipulator_plugin/lib:/home/zx/ws_moveit2/install/moveit_planners_chomp/lib:/home/zx/ws_moveit2/install/moveit_kinematics/lib:/home/zx/ws_moveit2/install/moveit_chomp_optimizer_adapter/lib:/home/zx/ws_moveit2/install/chomp_motion_planner/lib:/home/zx/ws_moveit2/install/moveit_core/lib:/home/zx/ws_moveit2/install/rviz_marker_tools/lib:/home/zx/ws_moveit2/install/rosparam_shortcuts/lib:/home/zx/ws_moveit2/install/moveit_task_constructor_msgs/lib:/opt/ros/humble/opt/rviz_ogre_vendor/lib:/opt/ros/humble/lib/x86_64-linux-gnu:/opt/ros/humble/lib /usr/bin/cmake --install /home/zx/ws_moveit2/build/moveit_core
[146.611s] -- Install configuration: "Release"
[146.613s] -- Installing: /home/zx/ws_moveit2/install/moveit_core/include/moveit/version.h
[146.613s] -- Up-to-date: /home/zx/ws_moveit2/install/moveit_core/include
[146.613s] -- Up-to-date: /home/zx/ws_moveit2/install/moveit_core/include/moveit
[146.613s] -- Installing: /home/zx/ws_moveit2/install/moveit_core/include/moveit/collision_distance_field
[146.613s] -- Installing: /home/zx/ws_moveit2/install/moveit_core/include/moveit/collision_distance_field/collision_env_hybrid.h
[146.613s] -- Installing: /home/zx/ws_moveit2/install/moveit_core/include/moveit/collision_distance_field/collision_detector_allocator_hybrid.h
[146.613s] -- Installing: /home/zx/ws_moveit2/install/moveit_core/include/moveit/collision_distance_field/collision_env_distance_field.h
[146.613s] -- Installing: /home/zx/ws_moveit2/install/moveit_core/include/moveit/collision_distance_field/collision_detector_allocator_distance_field.h
[146.613s] -- Installing: /home/zx/ws_moveit2/install/moveit_core/include/moveit/collision_distance_field/collision_distance_field_types.h
[146.613s] -- Installing: /home/zx/ws_moveit2/install/moveit_core/include/moveit/collision_distance_field/collision_common_distance_field.h
[146.613s] -- Installing: /home/zx/ws_moveit2/install/moveit_core/include/moveit_collision_distance_field_export.h
[146.614s] -- Up-to-date: /home/zx/ws_moveit2/install/moveit_core/include
[146.614s] -- Up-to-date: /home/zx/ws_moveit2/install/moveit_core/include/moveit
[146.614s] -- Installing: /home/zx/ws_moveit2/install/moveit_core/include/moveit/constraint_samplers
[146.614s] -- Installing: /home/zx/ws_moveit2/install/moveit_core/include/moveit/constraint_samplers/default_constraint_samplers.h
[146.614s] -- Installing: /home/zx/ws_moveit2/install/moveit_core/include/moveit/constraint_samplers/union_constraint_sampler.h
[146.614s] -- Installing: /home/zx/ws_moveit2/install/moveit_core/include/moveit/constraint_samplers/constraint_sampler_allocator.h
[146.614s] -- Installing: /home/zx/ws_moveit2/install/moveit_core/include/moveit/constraint_samplers/constraint_sampler.h
[146.614s] -- Installing: /home/zx/ws_moveit2/install/moveit_core/include/moveit/constraint_samplers/constraint_sampler_tools.h
[146.614s] -- Installing: /home/zx/ws_moveit2/install/moveit_core/include/moveit/constraint_samplers/constraint_sampler_manager.h
[146.614s] -- Up-to-date: /home/zx/ws_moveit2/install/moveit_core/include
[146.614s] -- Up-to-date: /home/zx/ws_moveit2/install/moveit_core/include/moveit
[146.614s] -- Installing: /home/zx/ws_moveit2/install/moveit_core/include/moveit/controller_manager
[146.614s] -- Installing: /home/zx/ws_moveit2/install/moveit_core/include/moveit/controller_manager/controller_manager.h
[146.614s] -- Up-to-date: /home/zx/ws_moveit2/install/moveit_core/include
[146.615s] -- Up-to-date: /home/zx/ws_moveit2/install/moveit_core/include/moveit
[146.615s] -- Installing: /home/zx/ws_moveit2/install/moveit_core/include/moveit/distance_field
[146.615s] -- Installing: /home/zx/ws_moveit2/install/moveit_core/include/moveit/distance_field/find_internal_points.h
[146.615s] -- Installing: /home/zx/ws_moveit2/install/moveit_core/include/moveit/distance_field/voxel_grid.h
[146.615s] -- Installing: /home/zx/ws_moveit2/install/moveit_core/include/moveit/distance_field/distance_field.h
[146.615s] -- Installing: /home/zx/ws_moveit2/install/moveit_core/include/moveit/distance_field/propagation_distance_field.h
[146.615s] -- Up-to-date: /home/zx/ws_moveit2/install/moveit_core/include
[146.615s] -- Up-to-date: /home/zx/ws_moveit2/install/moveit_core/include/moveit
[146.615s] -- Installing: /home/zx/ws_moveit2/install/moveit_core/include/moveit/dynamics_solver
[146.615s] -- Installing: /home/zx/ws_moveit2/install/moveit_core/include/moveit/dynamics_solver/dynamics_solver.h
[146.615s] -- Up-to-date: /home/zx/ws_moveit2/install/moveit_core/include
[146.615s] -- Up-to-date: /home/zx/ws_moveit2/install/moveit_core/include/moveit
[146.615s] -- Installing: /home/zx/ws_moveit2/install/moveit_core/include/moveit/exceptions
[146.615s] -- Installing: /home/zx/ws_moveit2/install/moveit_core/include/moveit/exceptions/exceptions.h
[146.615s] -- Up-to-date: /home/zx/ws_moveit2/install/moveit_core/include
[146.615s] -- Up-to-date: /home/zx/ws_moveit2/install/moveit_core/include/moveit
[146.615s] -- Installing: /home/zx/ws_moveit2/install/moveit_core/include/moveit/kinematics_base
[146.615s] -- Installing: /home/zx/ws_moveit2/install/moveit_core/include/moveit/kinematics_base/kinematics_base.h
[146.615s] -- Installing: /home/zx/ws_moveit2/install/moveit_core/include/moveit_kinematics_base_export.h
[146.615s] -- Up-to-date: /home/zx/ws_moveit2/install/moveit_core/include
[146.616s] -- Up-to-date: /home/zx/ws_moveit2/install/moveit_core/include/moveit
[146.616s] -- Installing: /home/zx/ws_moveit2/install/moveit_core/include/moveit/kinematic_constraints
[146.616s] -- Installing: /home/zx/ws_moveit2/install/moveit_core/include/moveit/kinematic_constraints/utils.h
[146.616s] -- Installing: /home/zx/ws_moveit2/install/moveit_core/include/moveit/kinematic_constraints/kinematic_constraint.h
[146.616s] -- Up-to-date: /home/zx/ws_moveit2/install/moveit_core/include
[146.616s] -- Up-to-date: /home/zx/ws_moveit2/install/moveit_core/include/moveit
[146.616s] -- Installing: /home/zx/ws_moveit2/install/moveit_core/include/moveit/kinematics_metrics
[146.616s] -- Installing: /home/zx/ws_moveit2/install/moveit_core/include/moveit/kinematics_metrics/kinematics_metrics.h
[146.616s] -- Up-to-date: /home/zx/ws_moveit2/install/moveit_core/include
[146.616s] -- Up-to-date: /home/zx/ws_moveit2/install/moveit_core/include/moveit
[146.616s] -- Installing: /home/zx/ws_moveit2/install/moveit_core/include/moveit/macros
[146.616s] -- Installing: /home/zx/ws_moveit2/install/moveit_core/include/moveit/macros/console_colors.h
[146.616s] -- Installing: /home/zx/ws_moveit2/install/moveit_core/include/moveit/macros/declare_ptr.h
[146.616s] -- Installing: /home/zx/ws_moveit2/install/moveit_core/include/moveit/macros/class_forward.h
[146.616s] -- Installing: /home/zx/ws_moveit2/install/moveit_core/include/moveit/macros/deprecation.h
[146.616s] -- Installing: /home/zx/ws_moveit2/install/moveit_core/include/moveit_butterworth_parameters
[146.616s] -- Installing: /home/zx/ws_moveit2/install/moveit_core/include/moveit_butterworth_parameters/moveit_butterworth_parameters.hpp
[146.616s] -- Up-to-date: /home/zx/ws_moveit2/install/moveit_core/include
[146.617s] -- Up-to-date: /home/zx/ws_moveit2/install/moveit_core/include/moveit
[146.617s] -- Installing: /home/zx/ws_moveit2/install/moveit_core/include/moveit/online_signal_smoothing
[146.617s] -- Installing: /home/zx/ws_moveit2/install/moveit_core/include/moveit/online_signal_smoothing/butterworth_filter.h
[146.617s] -- Installing: /home/zx/ws_moveit2/install/moveit_core/include/moveit/online_signal_smoothing/smoothing_base_class.h
[146.617s] -- Installing: /home/zx/ws_moveit2/install/moveit_core/include/moveit_smoothing_base_export.h
[146.617s] -- Installing: /home/zx/ws_moveit2/install/moveit_core/include/moveit_butterworth_filter_export.h
[146.617s] -- Up-to-date: /home/zx/ws_moveit2/install/moveit_core/include
[146.617s] -- Up-to-date: /home/zx/ws_moveit2/install/moveit_core/include/moveit
[146.617s] -- Installing: /home/zx/ws_moveit2/install/moveit_core/include/moveit/planning_interface
[146.617s] -- Installing: /home/zx/ws_moveit2/install/moveit_core/include/moveit/planning_interface/planning_response.h
[146.617s] -- Installing: /home/zx/ws_moveit2/install/moveit_core/include/moveit/planning_interface/planning_interface.h
[146.617s] -- Installing: /home/zx/ws_moveit2/install/moveit_core/include/moveit/planning_interface/planning_request.h
[146.617s] -- Up-to-date: /home/zx/ws_moveit2/install/moveit_core/include
[146.617s] -- Up-to-date: /home/zx/ws_moveit2/install/moveit_core/include/moveit
[146.617s] -- Installing: /home/zx/ws_moveit2/install/moveit_core/include/moveit/planning_request_adapter
[146.617s] -- Installing: /home/zx/ws_moveit2/install/moveit_core/include/moveit/planning_request_adapter/planning_request_adapter.h
[146.617s] -- Up-to-date: /home/zx/ws_moveit2/install/moveit_core/include
[146.617s] -- Up-to-date: /home/zx/ws_moveit2/install/moveit_core/include/moveit
[146.617s] -- Installing: /home/zx/ws_moveit2/install/moveit_core/include/moveit/planning_scene
[146.617s] -- Installing: /home/zx/ws_moveit2/install/moveit_core/include/moveit/planning_scene/planning_scene.h
[146.617s] -- Installing: /home/zx/ws_moveit2/install/moveit_core/include/moveit_planning_scene_export.h
[146.618s] -- Up-to-date: /home/zx/ws_moveit2/install/moveit_core/include
[146.618s] -- Up-to-date: /home/zx/ws_moveit2/install/moveit_core/include/moveit
[146.618s] -- Installing: /home/zx/ws_moveit2/install/moveit_core/include/moveit/robot_model
[146.618s] -- Installing: /home/zx/ws_moveit2/install/moveit_core/include/moveit/robot_model/prismatic_joint_model.h
[146.618s] -- Installing: /home/zx/ws_moveit2/install/moveit_core/include/moveit/robot_model/fixed_joint_model.h
[146.618s] -- Installing: /home/zx/ws_moveit2/install/moveit_core/include/moveit/robot_model/floating_joint_model.h
[146.618s] -- Installing: /home/zx/ws_moveit2/install/moveit_core/include/moveit/robot_model/joint_model_group.h
[146.618s] -- Installing: /home/zx/ws_moveit2/install/moveit_core/include/moveit/robot_model/revolute_joint_model.h
[146.618s] -- Installing: /home/zx/ws_moveit2/install/moveit_core/include/moveit/robot_model/joint_model.h
[146.618s] -- Installing: /home/zx/ws_moveit2/install/moveit_core/include/moveit/robot_model/aabb.h
[146.618s] -- Installing: /home/zx/ws_moveit2/install/moveit_core/include/moveit/robot_model/link_model.h
[146.618s] -- Installing: /home/zx/ws_moveit2/install/moveit_core/include/moveit/robot_model/planar_joint_model.h
[146.618s] -- Installing: /home/zx/ws_moveit2/install/moveit_core/include/moveit/robot_model/robot_model.h
[146.618s] -- Up-to-date: /home/zx/ws_moveit2/install/moveit_core/include
[146.618s] -- Up-to-date: /home/zx/ws_moveit2/install/moveit_core/include/moveit
[146.618s] -- Installing: /home/zx/ws_moveit2/install/moveit_core/include/moveit/robot_state
[146.618s] -- Installing: /home/zx/ws_moveit2/install/moveit_core/include/moveit/robot_state/attached_body.h
[146.618s] -- Installing: /home/zx/ws_moveit2/install/moveit_core/include/moveit/robot_state/cartesian_interpolator.h
[146.619s] -- Installing: /home/zx/ws_moveit2/install/moveit_core/include/moveit/robot_state/conversions.h
[146.619s] -- Installing: /home/zx/ws_moveit2/install/moveit_core/include/moveit/robot_state/robot_state.h
[146.619s] -- Up-to-date: /home/zx/ws_moveit2/install/moveit_core/include
[146.619s] -- Up-to-date: /home/zx/ws_moveit2/install/moveit_core/include/moveit
[146.619s] -- Installing: /home/zx/ws_moveit2/install/moveit_core/include/moveit/robot_trajectory
[146.619s] -- Installing: /home/zx/ws_moveit2/install/moveit_core/include/moveit/robot_trajectory/robot_trajectory.h
[146.619s] -- Up-to-date: /home/zx/ws_moveit2/install/moveit_core/include
[146.619s] -- Up-to-date: /home/zx/ws_moveit2/install/moveit_core/include/moveit
[146.619s] -- Installing: /home/zx/ws_moveit2/install/moveit_core/include/moveit/sensor_manager
[146.619s] -- Installing: /home/zx/ws_moveit2/install/moveit_core/include/moveit/sensor_manager/sensor_manager.h
[146.619s] -- Up-to-date: /home/zx/ws_moveit2/install/moveit_core/include
[146.620s] -- Up-to-date: /home/zx/ws_moveit2/install/moveit_core/include/moveit
[146.620s] -- Installing: /home/zx/ws_moveit2/install/moveit_core/include/moveit/trajectory_processing
[146.620s] -- Installing: /home/zx/ws_moveit2/install/moveit_core/include/moveit/trajectory_processing/time_optimal_trajectory_generation.h
[146.620s] -- Installing: /home/zx/ws_moveit2/install/moveit_core/include/moveit/trajectory_processing/ruckig_traj_smoothing.h
[146.620s] -- Installing: /home/zx/ws_moveit2/install/moveit_core/include/moveit/trajectory_processing/trajectory_tools.h
[146.620s] -- Installing: /home/zx/ws_moveit2/install/moveit_core/include/moveit/trajectory_processing/time_parameterization.h
[146.620s] -- Installing: /home/zx/ws_moveit2/install/moveit_core/include/moveit/trajectory_processing/iterative_spline_parameterization.h
[146.620s] -- Installing: /home/zx/ws_moveit2/install/moveit_core/include/moveit/trajectory_processing/iterative_time_parameterization.h
[146.620s] -- Up-to-date: /home/zx/ws_moveit2/install/moveit_core/include
[146.620s] -- Up-to-date: /home/zx/ws_moveit2/install/moveit_core/include/moveit
[146.620s] -- Installing: /home/zx/ws_moveit2/install/moveit_core/include/moveit/transforms
[146.620s] -- Installing: /home/zx/ws_moveit2/install/moveit_core/include/moveit/transforms/transforms.h
[146.620s] -- Up-to-date: /home/zx/ws_moveit2/install/moveit_core/include
[146.620s] -- Up-to-date: /home/zx/ws_moveit2/install/moveit_core/include/moveit
[146.620s] -- Installing: /home/zx/ws_moveit2/install/moveit_core/include/moveit/utils
[146.620s] -- Installing: /home/zx/ws_moveit2/install/moveit_core/include/moveit/utils/rclcpp_utils.h
[146.620s] -- Installing: /home/zx/ws_moveit2/install/moveit_core/include/moveit/utils/lexical_casts.h
[146.620s] -- Installing: /home/zx/ws_moveit2/install/moveit_core/include/moveit/utils/robot_model_test_utils.h
[146.620s] -- Installing: /home/zx/ws_moveit2/install/moveit_core/include/moveit/utils/moveit_error_code.h
[146.620s] -- Installing: /home/zx/ws_moveit2/install/moveit_core/include/moveit/utils/message_checks.h
[146.621s] -- Installing: /home/zx/ws_moveit2/install/moveit_core/bin/moveit_version
[146.621s] -- Up-to-date: /home/zx/ws_moveit2/install/moveit_core/include
[146.621s] -- Up-to-date: /home/zx/ws_moveit2/install/moveit_core/include/moveit
[146.621s] -- Installing: /home/zx/ws_moveit2/install/moveit_core/include/moveit/collision_detection
[146.621s] -- Installing: /home/zx/ws_moveit2/install/moveit_core/include/moveit/collision_detection/world.h
[146.621s] -- Installing: /home/zx/ws_moveit2/install/moveit_core/include/moveit/collision_detection/world_diff.h
[146.621s] -- Installing: /home/zx/ws_moveit2/install/moveit_core/include/moveit/collision_detection/collision_octomap_filter.h
[146.621s] -- Installing: /home/zx/ws_moveit2/install/moveit_core/include/moveit/collision_detection/collision_common.h
[146.621s] -- Installing: /home/zx/ws_moveit2/install/moveit_core/include/moveit/collision_detection/test_collision_common_pr2.h
[146.621s] -- Installing: /home/zx/ws_moveit2/install/moveit_core/include/moveit/collision_detection/collision_plugin_cache.h
[146.621s] -- Installing: /home/zx/ws_moveit2/install/moveit_core/include/moveit/collision_detection/collision_tools.h
[146.621s] -- Installing: /home/zx/ws_moveit2/install/moveit_core/include/moveit/collision_detection/collision_matrix.h
[146.621s] -- Installing: /home/zx/ws_moveit2/install/moveit_core/include/moveit/collision_detection/collision_plugin.h
[146.621s] -- Installing: /home/zx/ws_moveit2/install/moveit_core/include/moveit/collision_detection/collision_env.h
[146.621s] -- Installing: /home/zx/ws_moveit2/install/moveit_core/include/moveit/collision_detection/test_collision_common_panda.h
[146.621s] -- Installing: /home/zx/ws_moveit2/install/moveit_core/include/moveit/collision_detection/allvalid
[146.622s] -- Installing: /home/zx/ws_moveit2/install/moveit_core/include/moveit/collision_detection/allvalid/collision_detector_allocator_allvalid.h
[146.622s] -- Installing: /home/zx/ws_moveit2/install/moveit_core/include/moveit/collision_detection/allvalid/collision_env_allvalid.h
[146.622s] -- Installing: /home/zx/ws_moveit2/install/moveit_core/include/moveit/collision_detection/collision_detector_allocator.h
[146.622s] -- Installing: /home/zx/ws_moveit2/install/moveit_core/include/moveit/collision_detection/occupancy_map.h
[146.622s] -- Installing: /home/zx/ws_moveit2/install/moveit_core/include/moveit_collision_detection_export.h
[146.622s] -- Installing: /home/zx/ws_moveit2/install/moveit_core/include/moveit_core
[146.622s] -- Installing: /home/zx/ws_moveit2/install/moveit_core/include/moveit_core/moveit
[146.622s] -- Installing: /home/zx/ws_moveit2/install/moveit_core/include/moveit_core/moveit/collision_detection_bullet
[146.622s] -- Installing: /home/zx/ws_moveit2/install/moveit_core/include/moveit_core/moveit/collision_detection_bullet/bullet_integration
[146.622s] -- Installing: /home/zx/ws_moveit2/install/moveit_core/include/moveit_core/moveit/collision_detection_bullet/bullet_integration/bullet_cast_bvh_manager.h
[146.622s] -- Installing: /home/zx/ws_moveit2/install/moveit_core/include/moveit_core/moveit/collision_detection_bullet/bullet_integration/bullet_discrete_bvh_manager.h
[146.622s] -- Installing: /home/zx/ws_moveit2/install/moveit_core/include/moveit_core/moveit/collision_detection_bullet/bullet_integration/contact_checker_common.h
[146.622s] -- Installing: /home/zx/ws_moveit2/install/moveit_core/include/moveit_core/moveit/collision_detection_bullet/bullet_integration/basic_types.h
[146.622s] -- Installing: /home/zx/ws_moveit2/install/moveit_core/include/moveit_core/moveit/collision_detection_bullet/bullet_integration/bullet_bvh_manager.h
[146.622s] -- Installing: /home/zx/ws_moveit2/install/moveit_core/include/moveit_core/moveit/collision_detection_bullet/bullet_integration/ros_bullet_utils.h
[146.623s] -- Installing: /home/zx/ws_moveit2/install/moveit_core/include/moveit_core/moveit/collision_detection_bullet/bullet_integration/bullet_utils.h
[146.623s] -- Installing: /home/zx/ws_moveit2/install/moveit_core/include/moveit_core/moveit/collision_detection_bullet/collision_env_bullet.h
[146.623s] -- Installing: /home/zx/ws_moveit2/install/moveit_core/include/moveit_core/moveit/collision_detection_bullet/collision_detector_allocator_bullet.h
[146.623s] -- Installing: /home/zx/ws_moveit2/install/moveit_core/include/moveit_core/moveit/collision_detection_bullet/collision_detector_bullet_plugin_loader.h
[146.623s] -- Installing: /home/zx/ws_moveit2/install/moveit_core/include/moveit_core/moveit_collision_detection_bullet_export.h
[146.623s] -- Up-to-date: /home/zx/ws_moveit2/install/moveit_core/include
[146.623s] -- Up-to-date: /home/zx/ws_moveit2/install/moveit_core/include/moveit
[146.623s] -- Installing: /home/zx/ws_moveit2/install/moveit_core/include/moveit/collision_detection_fcl
[146.623s] -- Installing: /home/zx/ws_moveit2/install/moveit_core/include/moveit/collision_detection_fcl/fcl_compat.h
[146.623s] -- Installing: /home/zx/ws_moveit2/install/moveit_core/include/moveit/collision_detection_fcl/collision_detector_allocator_fcl.h
[146.623s] -- Installing: /home/zx/ws_moveit2/install/moveit_core/include/moveit/collision_detection_fcl/collision_common.h
[146.623s] -- Installing: /home/zx/ws_moveit2/install/moveit_core/include/moveit/collision_detection_fcl/collision_env_fcl.h
[146.623s] -- Installing: /home/zx/ws_moveit2/install/moveit_core/include/moveit/collision_detection_fcl/collision_detector_fcl_plugin_loader.h
[146.623s] -- Installing: /home/zx/ws_moveit2/install/moveit_core/include/moveit_collision_detection_fcl_export.h
[146.623s] -- Installing: /home/zx/ws_moveit2/install/moveit_core/lib/libcollision_detector_bullet_plugin.so.2.5.4
[146.623s] -- Set runtime path of "/home/zx/ws_moveit2/install/moveit_core/lib/libcollision_detector_bullet_plugin.so.2.5.4" to ""
[146.623s] -- Installing: /home/zx/ws_moveit2/install/moveit_core/lib/libcollision_detector_bullet_plugin.so
[146.623s] -- Installing: /home/zx/ws_moveit2/install/moveit_core/lib/libmoveit_butterworth_filter.so.2.5.4
[146.624s] -- Set runtime path of "/home/zx/ws_moveit2/install/moveit_core/lib/libmoveit_butterworth_filter.so.2.5.4" to ""
[146.624s] -- Installing: /home/zx/ws_moveit2/install/moveit_core/lib/libmoveit_butterworth_filter.so
[146.624s] -- Installing: /home/zx/ws_moveit2/install/moveit_core/lib/libmoveit_collision_distance_field.so.2.5.4
[146.624s] -- Set runtime path of "/home/zx/ws_moveit2/install/moveit_core/lib/libmoveit_collision_distance_field.so.2.5.4" to ""
[146.624s] -- Installing: /home/zx/ws_moveit2/install/moveit_core/lib/libmoveit_collision_distance_field.so
[146.624s] -- Installing: /home/zx/ws_moveit2/install/moveit_core/lib/libmoveit_collision_detection.so.2.5.4
[146.625s] -- Set runtime path of "/home/zx/ws_moveit2/install/moveit_core/lib/libmoveit_collision_detection.so.2.5.4" to ""
[146.625s] -- Installing: /home/zx/ws_moveit2/install/moveit_core/lib/libmoveit_collision_detection.so
[146.625s] -- Installing: /home/zx/ws_moveit2/install/moveit_core/lib/libmoveit_collision_detection_fcl.so.2.5.4
[146.625s] -- Set runtime path of "/home/zx/ws_moveit2/install/moveit_core/lib/libmoveit_collision_detection_fcl.so.2.5.4" to ""
[146.625s] -- Installing: /home/zx/ws_moveit2/install/moveit_core/lib/libmoveit_collision_detection_fcl.so
[146.626s] -- Installing: /home/zx/ws_moveit2/install/moveit_core/lib/libmoveit_collision_detection_bullet.so.2.5.4
[146.626s] -- Set runtime path of "/home/zx/ws_moveit2/install/moveit_core/lib/libmoveit_collision_detection_bullet.so.2.5.4" to ""
[146.626s] -- Installing: /home/zx/ws_moveit2/install/moveit_core/lib/libmoveit_collision_detection_bullet.so
[146.626s] -- Installing: /home/zx/ws_moveit2/install/moveit_core/lib/libmoveit_dynamics_solver.so.2.5.4
[146.626s] -- Set runtime path of "/home/zx/ws_moveit2/install/moveit_core/lib/libmoveit_dynamics_solver.so.2.5.4" to ""
[146.626s] -- Installing: /home/zx/ws_moveit2/install/moveit_core/lib/libmoveit_dynamics_solver.so
[146.626s] -- Installing: /home/zx/ws_moveit2/install/moveit_core/lib/libmoveit_constraint_samplers.so.2.5.4
[146.627s] -- Set runtime path of "/home/zx/ws_moveit2/install/moveit_core/lib/libmoveit_constraint_samplers.so.2.5.4" to ""
[146.627s] -- Installing: /home/zx/ws_moveit2/install/moveit_core/lib/libmoveit_constraint_samplers.so
[146.627s] -- Installing: /home/zx/ws_moveit2/install/moveit_core/lib/libmoveit_distance_field.so.2.5.4
[146.627s] -- Set runtime path of "/home/zx/ws_moveit2/install/moveit_core/lib/libmoveit_distance_field.so.2.5.4" to ""
[146.627s] -- Installing: /home/zx/ws_moveit2/install/moveit_core/lib/libmoveit_distance_field.so
[146.627s] -- Installing: /home/zx/ws_moveit2/install/moveit_core/lib/libmoveit_exceptions.so.2.5.4
[146.627s] -- Set runtime path of "/home/zx/ws_moveit2/install/moveit_core/lib/libmoveit_exceptions.so.2.5.4" to ""
[146.627s] -- Installing: /home/zx/ws_moveit2/install/moveit_core/lib/libmoveit_exceptions.so
[146.627s] -- Installing: /home/zx/ws_moveit2/install/moveit_core/lib/libmoveit_kinematics_base.so
[146.628s] -- Set runtime path of "/home/zx/ws_moveit2/install/moveit_core/lib/libmoveit_kinematics_base.so" to ""
[146.628s] -- Installing: /home/zx/ws_moveit2/install/moveit_core/lib/libmoveit_kinematic_constraints.so.2.5.4
[146.628s] -- Set runtime path of "/home/zx/ws_moveit2/install/moveit_core/lib/libmoveit_kinematic_constraints.so.2.5.4" to ""
[146.628s] -- Installing: /home/zx/ws_moveit2/install/moveit_core/lib/libmoveit_kinematic_constraints.so
[146.628s] -- Installing: /home/zx/ws_moveit2/install/moveit_core/lib/libmoveit_kinematics_metrics.so.2.5.4
[146.628s] -- Set runtime path of "/home/zx/ws_moveit2/install/moveit_core/lib/libmoveit_kinematics_metrics.so.2.5.4" to ""
[146.628s] -- Installing: /home/zx/ws_moveit2/install/moveit_core/lib/libmoveit_kinematics_metrics.so
[146.628s] -- Installing: /home/zx/ws_moveit2/install/moveit_core/lib/libmoveit_planning_interface.so.2.5.4
[146.629s] -- Set runtime path of "/home/zx/ws_moveit2/install/moveit_core/lib/libmoveit_planning_interface.so.2.5.4" to ""
[146.629s] -- Installing: /home/zx/ws_moveit2/install/moveit_core/lib/libmoveit_planning_interface.so
[146.629s] -- Installing: /home/zx/ws_moveit2/install/moveit_core/lib/libmoveit_planning_scene.so.2.5.4
[146.629s] -- Set runtime path of "/home/zx/ws_moveit2/install/moveit_core/lib/libmoveit_planning_scene.so.2.5.4" to ""
[146.629s] -- Installing: /home/zx/ws_moveit2/install/moveit_core/lib/libmoveit_planning_scene.so
[146.630s] -- Installing: /home/zx/ws_moveit2/install/moveit_core/lib/libmoveit_planning_request_adapter.so.2.5.4
[146.630s] -- Set runtime path of "/home/zx/ws_moveit2/install/moveit_core/lib/libmoveit_planning_request_adapter.so.2.5.4" to ""
[146.630s] -- Installing: /home/zx/ws_moveit2/install/moveit_core/lib/libmoveit_planning_request_adapter.so
[146.630s] -- Installing: /home/zx/ws_moveit2/install/moveit_core/lib/libmoveit_robot_model.so.2.5.4
[146.630s] -- Set runtime path of "/home/zx/ws_moveit2/install/moveit_core/lib/libmoveit_robot_model.so.2.5.4" to ""
[146.630s] -- Installing: /home/zx/ws_moveit2/install/moveit_core/lib/libmoveit_robot_model.so
[146.630s] -- Installing: /home/zx/ws_moveit2/install/moveit_core/lib/libmoveit_robot_state.so.2.5.4
[146.631s] -- Set runtime path of "/home/zx/ws_moveit2/install/moveit_core/lib/libmoveit_robot_state.so.2.5.4" to ""
[146.631s] -- Installing: /home/zx/ws_moveit2/install/moveit_core/lib/libmoveit_robot_state.so
[146.631s] -- Installing: /home/zx/ws_moveit2/install/moveit_core/lib/libmoveit_robot_trajectory.so.2.5.4
[146.631s] -- Set runtime path of "/home/zx/ws_moveit2/install/moveit_core/lib/libmoveit_robot_trajectory.so.2.5.4" to ""
[146.631s] -- Installing: /home/zx/ws_moveit2/install/moveit_core/lib/libmoveit_robot_trajectory.so
[146.631s] -- Installing: /home/zx/ws_moveit2/install/moveit_core/lib/libmoveit_smoothing_base.so.2.5.4
[146.632s] -- Set runtime path of "/home/zx/ws_moveit2/install/moveit_core/lib/libmoveit_smoothing_base.so.2.5.4" to ""
[146.632s] -- Installing: /home/zx/ws_moveit2/install/moveit_core/lib/libmoveit_smoothing_base.so
[146.632s] -- Installing: /home/zx/ws_moveit2/install/moveit_core/lib/libmoveit_test_utils.so.2.5.4
[146.632s] -- Set runtime path of "/home/zx/ws_moveit2/install/moveit_core/lib/libmoveit_test_utils.so.2.5.4" to ""
[146.632s] -- Installing: /home/zx/ws_moveit2/install/moveit_core/lib/libmoveit_test_utils.so
[146.632s] -- Installing: /home/zx/ws_moveit2/install/moveit_core/lib/libmoveit_trajectory_processing.so.2.5.4
[146.632s] -- Set runtime path of "/home/zx/ws_moveit2/install/moveit_core/lib/libmoveit_trajectory_processing.so.2.5.4" to ""
[146.632s] -- Installing: /home/zx/ws_moveit2/install/moveit_core/lib/libmoveit_trajectory_processing.so
[146.633s] -- Installing: /home/zx/ws_moveit2/install/moveit_core/lib/libmoveit_transforms.so.2.5.4
[146.633s] -- Set runtime path of "/home/zx/ws_moveit2/install/moveit_core/lib/libmoveit_transforms.so.2.5.4" to ""
[146.633s] -- Installing: /home/zx/ws_moveit2/install/moveit_core/lib/libmoveit_transforms.so
[146.633s] -- Installing: /home/zx/ws_moveit2/install/moveit_core/lib/libmoveit_utils.so.2.5.4
[146.633s] -- Set runtime path of "/home/zx/ws_moveit2/install/moveit_core/lib/libmoveit_utils.so.2.5.4" to ""
[146.633s] -- Installing: /home/zx/ws_moveit2/install/moveit_core/lib/libmoveit_utils.so
[146.633s] -- Installing: /home/zx/ws_moveit2/install/moveit_core/share/moveit_core/environment/library_path.sh
[146.633s] -- Installing: /home/zx/ws_moveit2/install/moveit_core/share/moveit_core/environment/library_path.dsv
[146.633s] -- Installing: /home/zx/ws_moveit2/install/moveit_core/share/moveit_core/collision_detector_fcl_description.xml
[146.633s] -- Installing: /home/zx/ws_moveit2/install/moveit_core/share/moveit_core/collision_detector_bullet_description.xml
[146.633s] -- Installing: /home/zx/ws_moveit2/install/moveit_core/share/moveit_core/filter_plugin_butterworth.xml
[146.634s] -- Installing: /home/zx/ws_moveit2/install/moveit_core/share/ament_index/resource_index/package_run_dependencies/moveit_core
[146.634s] -- Installing: /home/zx/ws_moveit2/install/moveit_core/share/ament_index/resource_index/parent_prefix_path/moveit_core
[146.634s] -- Installing: /home/zx/ws_moveit2/install/moveit_core/share/moveit_core/environment/ament_prefix_path.sh
[146.634s] -- Installing: /home/zx/ws_moveit2/install/moveit_core/share/moveit_core/environment/ament_prefix_path.dsv
[146.634s] -- Installing: /home/zx/ws_moveit2/install/moveit_core/share/moveit_core/environment/path.sh
[146.634s] -- Installing: /home/zx/ws_moveit2/install/moveit_core/share/moveit_core/environment/path.dsv
[146.634s] -- Installing: /home/zx/ws_moveit2/install/moveit_core/share/moveit_core/local_setup.bash
[146.634s] -- Installing: /home/zx/ws_moveit2/install/moveit_core/share/moveit_core/local_setup.sh
[146.634s] -- Installing: /home/zx/ws_moveit2/install/moveit_core/share/moveit_core/local_setup.zsh
[146.634s] -- Installing: /home/zx/ws_moveit2/install/moveit_core/share/moveit_core/local_setup.dsv
[146.634s] -- Installing: /home/zx/ws_moveit2/install/moveit_core/share/moveit_core/package.dsv
[146.634s] -- Installing: /home/zx/ws_moveit2/install/moveit_core/share/ament_index/resource_index/packages/moveit_core
[146.634s] -- Installing: /home/zx/ws_moveit2/install/moveit_core/share/ament_index/resource_index/moveit_core__pluginlib__plugin/moveit_core
[146.634s] -- Installing: /home/zx/ws_moveit2/install/moveit_core/share/moveit_core/cmake/export_moveit_coreExport.cmake
[146.634s] -- Installing: /home/zx/ws_moveit2/install/moveit_core/share/moveit_core/cmake/export_moveit_coreExport-release.cmake
[146.635s] -- Installing: /home/zx/ws_moveit2/install/moveit_core/share/moveit_core/cmake/ConfigExtras.cmake
[146.635s] -- Installing: /home/zx/ws_moveit2/install/moveit_core/share/moveit_core/cmake/ament_cmake_export_targets-extras.cmake
[146.635s] -- Installing: /home/zx/ws_moveit2/install/moveit_core/share/moveit_core/cmake/ament_cmake_export_dependencies-extras.cmake
[146.635s] -- Installing: /home/zx/ws_moveit2/install/moveit_core/share/moveit_core/cmake/moveit_coreConfig.cmake
[146.635s] -- Installing: /home/zx/ws_moveit2/install/moveit_core/share/moveit_core/cmake/moveit_coreConfig-version.cmake
[146.635s] -- Installing: /home/zx/ws_moveit2/install/moveit_core/share/moveit_core/package.xml
[146.638s] Invoked command in '/home/zx/ws_moveit2/build/moveit_core' returned '0': CMAKE_PREFIX_PATH=/home/zx/ws_moveit2/install/moveit_resources_panda_moveit_config:/home/zx/ws_moveit2/install/srdfdom:/home/zx/ws_moveit2/install/moveit_resources_pr2_description:/home/zx/ws_moveit2/install/moveit_resources_panda_description:/home/zx/ws_moveit2/install/moveit_common:/home/zx/ws_moveit2/install/urdf_2:/home/zx/ws_moveit2/install/pilz_industrial_motion_planner_testutils:/home/zx/ws_moveit2/install/moveit_runtime:/home/zx/ws_moveit2/install/moveit2_tutorials:/home/zx/ws_moveit2/install/moveit:/home/zx/ws_moveit2/install/moveit_planners:/home/zx/ws_moveit2/install/pilz_industrial_motion_planner:/home/zx/ws_moveit2/install/moveit_visual_tools:/home/zx/ws_moveit2/install/moveit_task_constructor_visualization:/home/zx/ws_moveit2/install/moveit_task_constructor_demo:/home/zx/ws_moveit2/install/moveit_task_constructor_capabilities:/home/zx/ws_moveit2/install/moveit_task_constructor_core:/home/zx/ws_moveit2/install/moveit_ros_control_interface:/home/zx/ws_moveit2/install/moveit_plugins:/home/zx/ws_moveit2/install/moveit_simple_controller_manager:/home/zx/ws_moveit2/install/moveit_setup_assistant:/home/zx/ws_moveit2/install/moveit_setup_srdf_plugins:/home/zx/ws_moveit2/install/moveit_setup_core_plugins:/home/zx/ws_moveit2/install/moveit_setup_controllers:/home/zx/ws_moveit2/install/moveit_setup_app_plugins:/home/zx/ws_moveit2/install/moveit_setup_framework:/home/zx/ws_moveit2/install/moveit_servo:/home/zx/ws_moveit2/install/moveit_ros:/home/zx/ws_moveit2/install/moveit_ros_visualization:/home/zx/ws_moveit2/install/moveit_hybrid_planning:/home/zx/ws_moveit2/install/moveit_ros_planning_interface:/home/zx/ws_moveit2/install/moveit_ros_benchmarks:/home/zx/ws_moveit2/install/moveit_ros_warehouse:/home/zx/ws_moveit2/install/moveit_ros_robot_interaction:/home/zx/ws_moveit2/install/moveit_ros_perception:/home/zx/ws_moveit2/install/moveit_resources_prbt_pg70_support:/home/zx/ws_moveit2/install/moveit_resources_prbt_moveit_config:/home/zx/ws_moveit2/install/moveit_ros_move_group:/home/zx/ws_moveit2/install/moveit_planners_ompl:/home/zx/ws_moveit2/install/moveit_ros_planning:/home/zx/ws_moveit2/install/moveit_ros_occupancy_map_monitor:/home/zx/ws_moveit2/install/moveit_resources_prbt_ikfast_manipulator_plugin:/home/zx/ws_moveit2/install/moveit_planners_chomp:/home/zx/ws_moveit2/install/moveit_kinematics:/home/zx/ws_moveit2/install/moveit_chomp_optimizer_adapter:/home/zx/ws_moveit2/install/chomp_motion_planner:/home/zx/ws_moveit2/install/moveit_core:/home/zx/ws_moveit2/install/rviz_marker_tools:/home/zx/ws_moveit2/install/rosparam_shortcuts:/home/zx/ws_moveit2/install/moveit_task_constructor_msgs:/home/zx/ws_moveit2/install/moveit_resources_prbt_support:/home/zx/ws_moveit2/install/moveit_resources:/home/zx/ws_moveit2/install/moveit_resources_fanuc_moveit_config:/home/zx/ws_moveit2/install/moveit_resources_fanuc_description:/home/zx/ws_moveit2/install/tihu_2:/home/zx/ws_moveit2/install/moveit_configs_utils:/home/zx/ws_moveit2/install/launch_param_builder:/opt/ros/humble LD_LIBRARY_PATH=/home/zx/ws_moveit2/install/srdfdom/lib:/home/zx/ws_moveit2/install/pilz_industrial_motion_planner_testutils/lib:/home/zx/ws_moveit2/install/pilz_industrial_motion_planner/lib:/home/zx/ws_moveit2/install/moveit_visual_tools/lib:/home/zx/ws_moveit2/install/moveit_task_constructor_visualization/lib:/home/zx/ws_moveit2/install/moveit_task_constructor_demo/lib:/home/zx/ws_moveit2/install/moveit_task_constructor_capabilities/lib:/home/zx/ws_moveit2/install/moveit_task_constructor_core/lib:/home/zx/ws_moveit2/install/moveit_ros_control_interface/lib:/home/zx/ws_moveit2/install/moveit_simple_controller_manager/lib:/home/zx/ws_moveit2/install/moveit_setup_assistant/lib:/home/zx/ws_moveit2/install/moveit_setup_srdf_plugins/lib:/home/zx/ws_moveit2/install/moveit_setup_core_plugins/lib:/home/zx/ws_moveit2/install/moveit_setup_controllers/lib:/home/zx/ws_moveit2/install/moveit_setup_app_plugins/lib:/home/zx/ws_moveit2/install/moveit_setup_framework/lib:/home/zx/ws_moveit2/install/moveit_servo/lib:/home/zx/ws_moveit2/install/moveit_ros_visualization/lib:/home/zx/ws_moveit2/install/moveit_hybrid_planning/lib:/home/zx/ws_moveit2/install/moveit_ros_planning_interface/lib:/home/zx/ws_moveit2/install/moveit_ros_benchmarks/lib:/home/zx/ws_moveit2/install/moveit_ros_warehouse/lib:/home/zx/ws_moveit2/install/moveit_ros_robot_interaction/lib:/home/zx/ws_moveit2/install/moveit_ros_perception/lib:/home/zx/ws_moveit2/install/moveit_ros_move_group/lib:/home/zx/ws_moveit2/install/moveit_planners_ompl/lib:/home/zx/ws_moveit2/install/moveit_ros_planning/lib:/home/zx/ws_moveit2/install/moveit_ros_occupancy_map_monitor/lib:/home/zx/ws_moveit2/install/moveit_resources_prbt_ikfast_manipulator_plugin/lib:/home/zx/ws_moveit2/install/moveit_planners_chomp/lib:/home/zx/ws_moveit2/install/moveit_kinematics/lib:/home/zx/ws_moveit2/install/moveit_chomp_optimizer_adapter/lib:/home/zx/ws_moveit2/install/chomp_motion_planner/lib:/home/zx/ws_moveit2/install/moveit_core/lib:/home/zx/ws_moveit2/install/rviz_marker_tools/lib:/home/zx/ws_moveit2/install/rosparam_shortcuts/lib:/home/zx/ws_moveit2/install/moveit_task_constructor_msgs/lib:/opt/ros/humble/opt/rviz_ogre_vendor/lib:/opt/ros/humble/lib/x86_64-linux-gnu:/opt/ros/humble/lib /usr/bin/cmake --install /home/zx/ws_moveit2/build/moveit_core
