[0.015s] Invoking command in '/home/zx/ws_moveit2/build/chomp_motion_planner': AMENT_PREFIX_PATH=/home/zx/ws_moveit2/install/moveit_core:/home/zx/ws_moveit2/install/srdfdom:/home/zx/ws_moveit2/install/moveit_common:${AMENT_PREFIX_PATH} CMAKE_PREFIX_PATH=/home/zx/ws_moveit2/install/moveit_core:/home/zx/ws_moveit2/install/srdfdom:/home/zx/ws_moveit2/install/moveit_common:/opt/ros/humble LD_LIBRARY_PATH=/home/zx/ws_moveit2/install/moveit_core/lib:/home/zx/ws_moveit2/install/srdfdom/lib:${LD_LIBRARY_PATH} PATH=/home/zx/ws_moveit2/install/moveit_core/bin:${PATH} PYTHONPATH=/home/zx/ws_moveit2/install/srdfdom/local/lib/python3.10/dist-packages:${PYTHONPATH} /usr/bin/cmake /home/zx/ws_moveit2/src/moveit2/moveit_planners/chomp/chomp_motion_planner -DCMAKE_INSTALL_PREFIX=/home/zx/ws_moveit2/install/chomp_motion_planner
[0.023s] -- Found moveit_common: 2.5.4 (/home/zx/ws_moveit2/install/moveit_common/share/moveit_common/cmake)
[0.023s] -- Found ament_cmake: 1.3.5 (/opt/ros/humble/share/ament_cmake/cmake)
[0.207s] -- Could NOT find libbfd (missing: LIBBFD_LIBRARY LIBBFD_INCLUDE_DIR) 
[0.207s] -- BACKWARD_HAS_UNWIND=1
[0.207s] -- BACKWARD_HAS_BACKTRACE=0
[0.207s] -- BACKWARD_HAS_BACKTRACE_SYMBOL=0
[0.207s] -- BACKWARD_HAS_DW=1
[0.208s] -- BACKWARD_HAS_BFD=0
[0.208s] -- Found Backward: /opt/ros/humble/share/backward_ros/cmake  
[0.209s] -- Found moveit_core: 2.5.4 (/home/zx/ws_moveit2/install/moveit_core/share/moveit_core/cmake)
[0.226s] -- Found Boost: /usr/lib/x86_64-linux-gnu/cmake/Boost-1.74.0/BoostConfig.cmake (found version "1.74.0") found components: chrono date_time filesystem iostreams program_options regex serialization system thread 
[0.235s] -- Found parameter_traits: 0.3.6 (/opt/ros/humble/share/parameter_traits/cmake)
[0.263s] -- Found rosidl_generator_c: 3.1.5 (/opt/ros/humble/share/rosidl_generator_c/cmake)
[0.266s] -- Found rosidl_adapter: 3.1.5 (/opt/ros/humble/share/rosidl_adapter/cmake)
[0.272s] -- Found rosidl_generator_cpp: 3.1.5 (/opt/ros/humble/share/rosidl_generator_cpp/cmake)
[0.281s] -- Using all available rosidl_typesupport_c: rosidl_typesupport_fastrtps_c;rosidl_typesupport_introspection_c
[0.293s] -- Using all available rosidl_typesupport_cpp: rosidl_typesupport_fastrtps_cpp;rosidl_typesupport_introspection_cpp
[0.337s] -- Found rmw_implementation_cmake: 6.1.1 (/opt/ros/humble/share/rmw_implementation_cmake/cmake)
[0.338s] -- Found rmw_fastrtps_cpp: 6.2.3 (/opt/ros/humble/share/rmw_fastrtps_cpp/cmake)
[0.426s] -- Using RMW implementation 'rmw_fastrtps_cpp' as default
[0.551s] -- Found rclcpp_lifecycle: 16.0.5 (/opt/ros/humble/share/rclcpp_lifecycle/cmake)
[0.582s] -- Found Boost: /usr/lib/x86_64-linux-gnu/cmake/Boost-1.74.0/BoostConfig.cmake (found version "1.74.0") found components: filesystem 
[0.644s] -- library: /usr/lib/x86_64-linux-gnu/libcurl.so
[0.984s] -- Ensuring Eigen3 include directory is part of orocos-kdl CMake target
[2.156s] -- Found ament_lint_auto: 0.12.7 (/opt/ros/humble/share/ament_lint_auto/cmake)
[2.166s] -- Added test 'cppcheck' to perform static code analysis on C / C++ code
[2.166s] -- Configured cppcheck include dirs: /home/zx/ws_moveit2/src/moveit2/moveit_planners/chomp/chomp_motion_planner/include
[2.166s] -- Configured cppcheck exclude dirs and/or files: 
[2.167s] -- Added test 'xmllint' to check XML markup files
[2.169s] -- Configuring done
[2.197s] -- Generating done
[2.199s] -- Build files have been written to: /home/zx/ws_moveit2/build/chomp_motion_planner
[2.208s] Invoked command in '/home/zx/ws_moveit2/build/chomp_motion_planner' returned '0': AMENT_PREFIX_PATH=/home/zx/ws_moveit2/install/moveit_core:/home/zx/ws_moveit2/install/srdfdom:/home/zx/ws_moveit2/install/moveit_common:${AMENT_PREFIX_PATH} CMAKE_PREFIX_PATH=/home/zx/ws_moveit2/install/moveit_core:/home/zx/ws_moveit2/install/srdfdom:/home/zx/ws_moveit2/install/moveit_common:/opt/ros/humble LD_LIBRARY_PATH=/home/zx/ws_moveit2/install/moveit_core/lib:/home/zx/ws_moveit2/install/srdfdom/lib:${LD_LIBRARY_PATH} PATH=/home/zx/ws_moveit2/install/moveit_core/bin:${PATH} PYTHONPATH=/home/zx/ws_moveit2/install/srdfdom/local/lib/python3.10/dist-packages:${PYTHONPATH} /usr/bin/cmake /home/zx/ws_moveit2/src/moveit2/moveit_planners/chomp/chomp_motion_planner -DCMAKE_INSTALL_PREFIX=/home/zx/ws_moveit2/install/chomp_motion_planner
[2.210s] Invoking command in '/home/zx/ws_moveit2/build/chomp_motion_planner': AMENT_PREFIX_PATH=/home/zx/ws_moveit2/install/moveit_core:/home/zx/ws_moveit2/install/srdfdom:/home/zx/ws_moveit2/install/moveit_common:${AMENT_PREFIX_PATH} CMAKE_PREFIX_PATH=/home/zx/ws_moveit2/install/moveit_core:/home/zx/ws_moveit2/install/srdfdom:/home/zx/ws_moveit2/install/moveit_common:/opt/ros/humble LD_LIBRARY_PATH=/home/zx/ws_moveit2/install/moveit_core/lib:/home/zx/ws_moveit2/install/srdfdom/lib:${LD_LIBRARY_PATH} PATH=/home/zx/ws_moveit2/install/moveit_core/bin:${PATH} PYTHONPATH=/home/zx/ws_moveit2/install/srdfdom/local/lib/python3.10/dist-packages:${PYTHONPATH} /usr/bin/cmake --build /home/zx/ws_moveit2/build/chomp_motion_planner -- -j12 -l12
[2.242s] [35m[1mConsolidate compiler generated dependencies of target chomp_motion_planner[0m
[2.271s] [100%] Built target chomp_motion_planner
[2.278s] Invoked command in '/home/zx/ws_moveit2/build/chomp_motion_planner' returned '0': AMENT_PREFIX_PATH=/home/zx/ws_moveit2/install/moveit_core:/home/zx/ws_moveit2/install/srdfdom:/home/zx/ws_moveit2/install/moveit_common:${AMENT_PREFIX_PATH} CMAKE_PREFIX_PATH=/home/zx/ws_moveit2/install/moveit_core:/home/zx/ws_moveit2/install/srdfdom:/home/zx/ws_moveit2/install/moveit_common:/opt/ros/humble LD_LIBRARY_PATH=/home/zx/ws_moveit2/install/moveit_core/lib:/home/zx/ws_moveit2/install/srdfdom/lib:${LD_LIBRARY_PATH} PATH=/home/zx/ws_moveit2/install/moveit_core/bin:${PATH} PYTHONPATH=/home/zx/ws_moveit2/install/srdfdom/local/lib/python3.10/dist-packages:${PYTHONPATH} /usr/bin/cmake --build /home/zx/ws_moveit2/build/chomp_motion_planner -- -j12 -l12
[2.300s] Invoking command in '/home/zx/ws_moveit2/build/chomp_motion_planner': AMENT_PREFIX_PATH=/home/zx/ws_moveit2/install/moveit_core:/home/zx/ws_moveit2/install/srdfdom:/home/zx/ws_moveit2/install/moveit_common:${AMENT_PREFIX_PATH} CMAKE_PREFIX_PATH=/home/zx/ws_moveit2/install/moveit_core:/home/zx/ws_moveit2/install/srdfdom:/home/zx/ws_moveit2/install/moveit_common:/opt/ros/humble LD_LIBRARY_PATH=/home/zx/ws_moveit2/install/moveit_core/lib:/home/zx/ws_moveit2/install/srdfdom/lib:${LD_LIBRARY_PATH} PATH=/home/zx/ws_moveit2/install/moveit_core/bin:${PATH} PYTHONPATH=/home/zx/ws_moveit2/install/srdfdom/local/lib/python3.10/dist-packages:${PYTHONPATH} /usr/bin/cmake --install /home/zx/ws_moveit2/build/chomp_motion_planner
[2.304s] -- Install configuration: "Release"
[2.305s] -- Up-to-date: /home/zx/ws_moveit2/install/chomp_motion_planner/lib/libchomp_motion_planner.so.2.5.4
[2.305s] -- Up-to-date: /home/zx/ws_moveit2/install/chomp_motion_planner/lib/libchomp_motion_planner.so
[2.305s] -- Up-to-date: /home/zx/ws_moveit2/install/chomp_motion_planner/include
[2.305s] -- Up-to-date: /home/zx/ws_moveit2/install/chomp_motion_planner/include/chomp_motion_planner
[2.305s] -- Up-to-date: /home/zx/ws_moveit2/install/chomp_motion_planner/include/chomp_motion_planner/chomp_cost.h
[2.305s] -- Up-to-date: /home/zx/ws_moveit2/install/chomp_motion_planner/include/chomp_motion_planner/chomp_trajectory.h
[2.305s] -- Up-to-date: /home/zx/ws_moveit2/install/chomp_motion_planner/include/chomp_motion_planner/multivariate_gaussian.h
[2.305s] -- Up-to-date: /home/zx/ws_moveit2/install/chomp_motion_planner/include/chomp_motion_planner/chomp_parameters.h
[2.305s] -- Up-to-date: /home/zx/ws_moveit2/install/chomp_motion_planner/include/chomp_motion_planner/chomp_planner.h
[2.305s] -- Up-to-date: /home/zx/ws_moveit2/install/chomp_motion_planner/include/chomp_motion_planner/chomp_optimizer.h
[2.305s] -- Up-to-date: /home/zx/ws_moveit2/install/chomp_motion_planner/include/chomp_motion_planner/chomp_utils.h
[2.305s] -- Up-to-date: /home/zx/ws_moveit2/install/chomp_motion_planner/share/chomp_motion_planner/environment/library_path.sh
[2.305s] -- Installing: /home/zx/ws_moveit2/install/chomp_motion_planner/share/chomp_motion_planner/environment/library_path.dsv
[2.305s] -- Up-to-date: /home/zx/ws_moveit2/install/chomp_motion_planner/share/ament_index/resource_index/package_run_dependencies/chomp_motion_planner
[2.305s] -- Up-to-date: /home/zx/ws_moveit2/install/chomp_motion_planner/share/ament_index/resource_index/parent_prefix_path/chomp_motion_planner
[2.305s] -- Up-to-date: /home/zx/ws_moveit2/install/chomp_motion_planner/share/chomp_motion_planner/environment/ament_prefix_path.sh
[2.305s] -- Installing: /home/zx/ws_moveit2/install/chomp_motion_planner/share/chomp_motion_planner/environment/ament_prefix_path.dsv
[2.305s] -- Up-to-date: /home/zx/ws_moveit2/install/chomp_motion_planner/share/chomp_motion_planner/environment/path.sh
[2.305s] -- Installing: /home/zx/ws_moveit2/install/chomp_motion_planner/share/chomp_motion_planner/environment/path.dsv
[2.305s] -- Up-to-date: /home/zx/ws_moveit2/install/chomp_motion_planner/share/chomp_motion_planner/local_setup.bash
[2.306s] -- Up-to-date: /home/zx/ws_moveit2/install/chomp_motion_planner/share/chomp_motion_planner/local_setup.sh
[2.306s] -- Up-to-date: /home/zx/ws_moveit2/install/chomp_motion_planner/share/chomp_motion_planner/local_setup.zsh
[2.306s] -- Installing: /home/zx/ws_moveit2/install/chomp_motion_planner/share/chomp_motion_planner/local_setup.dsv
[2.306s] -- Installing: /home/zx/ws_moveit2/install/chomp_motion_planner/share/chomp_motion_planner/package.dsv
[2.306s] -- Up-to-date: /home/zx/ws_moveit2/install/chomp_motion_planner/share/ament_index/resource_index/packages/chomp_motion_planner
[2.306s] -- Up-to-date: /home/zx/ws_moveit2/install/chomp_motion_planner/share/chomp_motion_planner/cmake/chomp_motion_plannerTargetsExport.cmake
[2.306s] -- Up-to-date: /home/zx/ws_moveit2/install/chomp_motion_planner/share/chomp_motion_planner/cmake/chomp_motion_plannerTargetsExport-release.cmake
[2.306s] -- Up-to-date: /home/zx/ws_moveit2/install/chomp_motion_planner/share/chomp_motion_planner/cmake/ament_cmake_export_targets-extras.cmake
[2.306s] -- Up-to-date: /home/zx/ws_moveit2/install/chomp_motion_planner/share/chomp_motion_planner/cmake/chomp_motion_plannerConfig.cmake
[2.306s] -- Up-to-date: /home/zx/ws_moveit2/install/chomp_motion_planner/share/chomp_motion_planner/cmake/chomp_motion_plannerConfig-version.cmake
[2.306s] -- Up-to-date: /home/zx/ws_moveit2/install/chomp_motion_planner/share/chomp_motion_planner/package.xml
[2.309s] Invoked command in '/home/zx/ws_moveit2/build/chomp_motion_planner' returned '0': AMENT_PREFIX_PATH=/home/zx/ws_moveit2/install/moveit_core:/home/zx/ws_moveit2/install/srdfdom:/home/zx/ws_moveit2/install/moveit_common:${AMENT_PREFIX_PATH} CMAKE_PREFIX_PATH=/home/zx/ws_moveit2/install/moveit_core:/home/zx/ws_moveit2/install/srdfdom:/home/zx/ws_moveit2/install/moveit_common:/opt/ros/humble LD_LIBRARY_PATH=/home/zx/ws_moveit2/install/moveit_core/lib:/home/zx/ws_moveit2/install/srdfdom/lib:${LD_LIBRARY_PATH} PATH=/home/zx/ws_moveit2/install/moveit_core/bin:${PATH} PYTHONPATH=/home/zx/ws_moveit2/install/srdfdom/local/lib/python3.10/dist-packages:${PYTHONPATH} /usr/bin/cmake --install /home/zx/ws_moveit2/build/chomp_motion_planner
