[  5%] [32mBuilding CXX object cached_ik_kinematics_plugin/CMakeFiles/moveit_cached_ik_kinematics_base.dir/src/ik_cache.cpp.o[0m
[ 10%] [32m[1mLinking CXX shared library libmoveit_cached_ik_kinematics_base.so[0m
[ 10%] Built target moveit_cached_ik_kinematics_base
[ 15%] [32mBuilding CXX object test/CMakeFiles/benchmark_ik.dir/benchmark_ik.cpp.o[0m
[ 21%] [32m[1mLinking CXX executable benchmark_ik[0m
[ 21%] Built target benchmark_ik
[35m[1mConsolidate compiler generated dependencies of target gtest[0m
[ 31%] Built target gtest
[35m[1mConsolidate compiler generated dependencies of target gtest_main[0m
[ 42%] Built target gtest_main
[ 47%] [32mBuilding CXX object lma_kinematics_plugin/CMakeFiles/moveit_lma_kinematics_plugin.dir/src/lma_kinematics_plugin.cpp.o[0m
[ 52%] [32m[1mLinking CXX shared library libmoveit_lma_kinematics_plugin.so[0m
[ 52%] Built target moveit_lma_kinematics_plugin
[35m[1mConsolidate compiler generated dependencies of target moveit_kdl_kinematics_plugin[0m
[ 57%] [32mBuilding CXX object kdl_kinematics_plugin/CMakeFiles/moveit_kdl_kinematics_plugin.dir/src/kdl_kinematics_plugin.cpp.o[0m
[ 63%] [32m[1mLinking CXX shared library libmoveit_kdl_kinematics_plugin.so[0m
[ 68%] Built target moveit_kdl_kinematics_plugin
[ 73%] [32mBuilding CXX object srv_kinematics_plugin/CMakeFiles/moveit_srv_kinematics_plugin.dir/src/srv_kinematics_plugin.cpp.o[0m
[ 78%] [32m[1mLinking CXX shared library libmoveit_srv_kinematics_plugin.so[0m
[ 78%] Built target moveit_srv_kinematics_plugin
[ 84%] [32mBuilding CXX object test/CMakeFiles/test_kinematics_plugin.dir/test_kinematics_plugin.cpp.o[0m
[ 89%] [32m[1mLinking CXX executable test_kinematics_plugin[0m
[ 89%] Built target test_kinematics_plugin
[ 94%] [32mBuilding CXX object cached_ik_kinematics_plugin/CMakeFiles/moveit_cached_ik_kinematics_plugin.dir/src/cached_ik_kinematics_plugin.cpp.o[0m
[100%] [32m[1mLinking CXX shared library libmoveit_cached_ik_kinematics_plugin.so[0m
[100%] Built target moveit_cached_ik_kinematics_plugin
