[0.012s] Invoking command in '/home/zx/ws_moveit2/build/moveit_ros_planning': AMENT_PREFIX_PATH=/home/zx/ws_moveit2/install/moveit_ros_occupancy_map_monitor:/home/zx/ws_moveit2/install/moveit_core:/home/zx/ws_moveit2/install/moveit_resources_panda_moveit_config:/home/zx/ws_moveit2/install/srdfdom:/home/zx/ws_moveit2/install/moveit_resources_panda_description:/home/zx/ws_moveit2/install/moveit_common:${AMENT_PREFIX_PATH} CMAKE_PREFIX_PATH=/home/zx/ws_moveit2/install/moveit_ros_occupancy_map_monitor:/home/zx/ws_moveit2/install/moveit_core:/home/zx/ws_moveit2/install/moveit_resources_panda_moveit_config:/home/zx/ws_moveit2/install/srdfdom:/home/zx/ws_moveit2/install/moveit_resources_panda_description:/home/zx/ws_moveit2/install/moveit_common:/opt/ros/humble LD_LIBRARY_PATH=/home/zx/ws_moveit2/install/moveit_ros_occupancy_map_monitor/lib:/home/zx/ws_moveit2/install/moveit_core/lib:/home/zx/ws_moveit2/install/srdfdom/lib:${LD_LIBRARY_PATH} PATH=/home/zx/ws_moveit2/install/moveit_core/bin:${PATH} PYTHONPATH=/home/zx/ws_moveit2/install/srdfdom/local/lib/python3.10/dist-packages:${PYTHONPATH} /usr/bin/cmake /home/zx/ws_moveit2/src/moveit2/moveit_ros/planning -DCMAKE_BUILD_TYPE=Release -DCMAKE_INSTALL_PREFIX=/home/zx/ws_moveit2/install/moveit_ros_planning
[0.022s] -- Found moveit_common: 2.5.4 (/home/zx/ws_moveit2/install/moveit_common/share/moveit_common/cmake)
[0.023s] -- Found ament_cmake: 1.3.5 (/opt/ros/humble/share/ament_cmake/cmake)
[0.205s] -- Could NOT find libbfd (missing: LIBBFD_LIBRARY LIBBFD_INCLUDE_DIR) 
[0.205s] -- BACKWARD_HAS_UNWIND=1
[0.205s] -- BACKWARD_HAS_BACKTRACE=0
[0.205s] -- BACKWARD_HAS_BACKTRACE_SYMBOL=0
[0.205s] -- BACKWARD_HAS_DW=1
[0.205s] -- BACKWARD_HAS_BFD=0
[0.206s] -- Found Backward: /opt/ros/humble/share/backward_ros/cmake  
[0.206s] -- Found moveit_msgs: 2.2.1 (/opt/ros/humble/share/moveit_msgs/cmake)
[0.221s] -- Found rosidl_generator_c: 3.1.5 (/opt/ros/humble/share/rosidl_generator_c/cmake)
[0.223s] -- Found rosidl_adapter: 3.1.5 (/opt/ros/humble/share/rosidl_adapter/cmake)
[0.227s] -- Found rosidl_generator_cpp: 3.1.5 (/opt/ros/humble/share/rosidl_generator_cpp/cmake)
[0.236s] -- Using all available rosidl_typesupport_c: rosidl_typesupport_fastrtps_c;rosidl_typesupport_introspection_c
[0.248s] -- Using all available rosidl_typesupport_cpp: rosidl_typesupport_fastrtps_cpp;rosidl_typesupport_introspection_cpp
[0.873s] -- Found pluginlib: 5.1.0 (/opt/ros/humble/share/pluginlib/cmake)
[0.887s] -- Found rclcpp: 16.0.5 (/opt/ros/humble/share/rclcpp/cmake)
[0.921s] -- Found rmw_implementation_cmake: 6.1.1 (/opt/ros/humble/share/rmw_implementation_cmake/cmake)
[0.922s] -- Found rmw_fastrtps_cpp: 6.2.3 (/opt/ros/humble/share/rmw_fastrtps_cpp/cmake)
[1.015s] -- Using RMW implementation 'rmw_fastrtps_cpp' as default
[1.107s] -- Found message_filters: 4.3.3 (/opt/ros/humble/share/message_filters/cmake)
[1.111s] -- Found srdfdom: 2.0.4 (/home/zx/ws_moveit2/install/srdfdom/share/srdfdom/cmake)
[1.117s] -- Found tf2: 0.25.3 (/opt/ros/humble/share/tf2/cmake)
[1.122s] -- Found tf2_geometry_msgs: 0.25.3 (/opt/ros/humble/share/tf2_geometry_msgs/cmake)
[1.125s] -- Found eigen3_cmake_module: 0.1.1 (/opt/ros/humble/share/eigen3_cmake_module/cmake)
[1.126s] -- Ensuring Eigen3 include directory is part of orocos-kdl CMake target
[1.329s] -- Found tf2_eigen: 0.25.3 (/opt/ros/humble/share/tf2_eigen/cmake)
[1.334s] -- Found moveit_core: 2.5.4 (/home/zx/ws_moveit2/install/moveit_core/share/moveit_core/cmake)
[1.345s] -- Found Boost: /usr/lib/x86_64-linux-gnu/cmake/Boost-1.74.0/BoostConfig.cmake (found version "1.74.0") found components: chrono date_time filesystem iostreams program_options regex serialization system thread 
[1.351s] -- Found parameter_traits: 0.3.6 (/opt/ros/humble/share/parameter_traits/cmake)
[1.362s] -- Found rclcpp_lifecycle: 16.0.5 (/opt/ros/humble/share/rclcpp_lifecycle/cmake)
[1.395s] -- Found Boost: /usr/lib/x86_64-linux-gnu/cmake/Boost-1.74.0/BoostConfig.cmake (found version "1.74.0") found components: filesystem 
[1.424s] -- library: /usr/lib/x86_64-linux-gnu/libcurl.so
[1.700s] -- Found moveit_ros_occupancy_map_monitor: 2.5.4 (/home/zx/ws_moveit2/install/moveit_ros_occupancy_map_monitor/share/moveit_ros_occupancy_map_monitor/cmake)
[1.851s] -- Found Boost: /usr/lib/x86_64-linux-gnu/cmake/Boost-1.74.0/BoostConfig.cmake (found version "1.74.0") found components: system filesystem date_time program_options thread chrono 
[1.893s] -- Found ament_cmake_gtest: 1.3.5 (/opt/ros/humble/share/ament_cmake_gtest/cmake)
[1.893s] -- Found ament_cmake_gmock: 1.3.5 (/opt/ros/humble/share/ament_cmake_gmock/cmake)
[1.894s] -- Found gmock sources under '/opt/ros/humble/src/gmock_vendor': C++ tests using 'Google Mock' will be built
[1.896s] -- Found gtest sources under '/opt/ros/humble/src/gtest_vendor': C++ tests using 'Google Test' will be built
[1.919s] -- Found ament_lint_auto: 0.12.7 (/opt/ros/humble/share/ament_lint_auto/cmake)
[1.922s] -- Found launch_testing_ament_cmake: 1.0.4 (/opt/ros/humble/share/launch_testing_ament_cmake/cmake)
[1.923s] -- Found python_cmake_module: 0.10.0 (/opt/ros/humble/share/python_cmake_module/cmake)
[1.942s] -- Using PYTHON_EXECUTABLE: /usr/bin/python3
[1.942s] -- Using PYTHON_INCLUDE_DIRS: /usr/include/python3.10
[1.942s] -- Using PYTHON_LIBRARIES: /usr/lib/x86_64-linux-gnu/libpython3.10.so
[1.954s] -- Added test 'cppcheck' to perform static code analysis on C / C++ code
[1.954s] -- Configured cppcheck include dirs: /home/zx/ws_moveit2/src/moveit2/moveit_ros/planning/rdf_loader/include;/home/zx/ws_moveit2/src/moveit2/moveit_ros/planning/kinematics_plugin_loader/include;/home/zx/ws_moveit2/src/moveit2/moveit_ros/planning/robot_model_loader/include;/home/zx/ws_moveit2/src/moveit2/moveit_ros/planning/constraint_sampler_manager_loader/include;/home/zx/ws_moveit2/src/moveit2/moveit_ros/planning/planning_pipeline/include;/home/zx/ws_moveit2/src/moveit2/moveit_ros/planning/planning_scene_monitor/include;/home/zx/ws_moveit2/src/moveit2/moveit_ros/planning/trajectory_execution_manager/include;/home/zx/ws_moveit2/src/moveit2/moveit_ros/planning/plan_execution/include;/home/zx/ws_moveit2/src/moveit2/moveit_ros/planning/collision_plugin_loader/include;/home/zx/ws_moveit2/src/moveit2/moveit_ros/planning/moveit_cpp/include
[1.954s] -- Configured cppcheck exclude dirs and/or files: 
[1.956s] -- Added test 'lint_cmake' to check CMake code style
[1.957s] -- Added test 'pep257' to check Python code against some of the docstring style conventions in PEP 257
[1.957s] -- Added test 'xmllint' to check XML markup files
[1.959s] -- Configuring done
[2.310s] -- Generating done
[2.316s] -- Build files have been written to: /home/zx/ws_moveit2/build/moveit_ros_planning
[2.340s] Invoked command in '/home/zx/ws_moveit2/build/moveit_ros_planning' returned '0': AMENT_PREFIX_PATH=/home/zx/ws_moveit2/install/moveit_ros_occupancy_map_monitor:/home/zx/ws_moveit2/install/moveit_core:/home/zx/ws_moveit2/install/moveit_resources_panda_moveit_config:/home/zx/ws_moveit2/install/srdfdom:/home/zx/ws_moveit2/install/moveit_resources_panda_description:/home/zx/ws_moveit2/install/moveit_common:${AMENT_PREFIX_PATH} CMAKE_PREFIX_PATH=/home/zx/ws_moveit2/install/moveit_ros_occupancy_map_monitor:/home/zx/ws_moveit2/install/moveit_core:/home/zx/ws_moveit2/install/moveit_resources_panda_moveit_config:/home/zx/ws_moveit2/install/srdfdom:/home/zx/ws_moveit2/install/moveit_resources_panda_description:/home/zx/ws_moveit2/install/moveit_common:/opt/ros/humble LD_LIBRARY_PATH=/home/zx/ws_moveit2/install/moveit_ros_occupancy_map_monitor/lib:/home/zx/ws_moveit2/install/moveit_core/lib:/home/zx/ws_moveit2/install/srdfdom/lib:${LD_LIBRARY_PATH} PATH=/home/zx/ws_moveit2/install/moveit_core/bin:${PATH} PYTHONPATH=/home/zx/ws_moveit2/install/srdfdom/local/lib/python3.10/dist-packages:${PYTHONPATH} /usr/bin/cmake /home/zx/ws_moveit2/src/moveit2/moveit_ros/planning -DCMAKE_BUILD_TYPE=Release -DCMAKE_INSTALL_PREFIX=/home/zx/ws_moveit2/install/moveit_ros_planning
[2.341s] Invoking command in '/home/zx/ws_moveit2/build/moveit_ros_planning': AMENT_PREFIX_PATH=/home/zx/ws_moveit2/install/moveit_ros_occupancy_map_monitor:/home/zx/ws_moveit2/install/moveit_core:/home/zx/ws_moveit2/install/moveit_resources_panda_moveit_config:/home/zx/ws_moveit2/install/srdfdom:/home/zx/ws_moveit2/install/moveit_resources_panda_description:/home/zx/ws_moveit2/install/moveit_common:${AMENT_PREFIX_PATH} CMAKE_PREFIX_PATH=/home/zx/ws_moveit2/install/moveit_ros_occupancy_map_monitor:/home/zx/ws_moveit2/install/moveit_core:/home/zx/ws_moveit2/install/moveit_resources_panda_moveit_config:/home/zx/ws_moveit2/install/srdfdom:/home/zx/ws_moveit2/install/moveit_resources_panda_description:/home/zx/ws_moveit2/install/moveit_common:/opt/ros/humble LD_LIBRARY_PATH=/home/zx/ws_moveit2/install/moveit_ros_occupancy_map_monitor/lib:/home/zx/ws_moveit2/install/moveit_core/lib:/home/zx/ws_moveit2/install/srdfdom/lib:${LD_LIBRARY_PATH} PATH=/home/zx/ws_moveit2/install/moveit_core/bin:${PATH} PYTHONPATH=/home/zx/ws_moveit2/install/srdfdom/local/lib/python3.10/dist-packages:${PYTHONPATH} /usr/bin/cmake --build /home/zx/ws_moveit2/build/moveit_ros_planning -- -j12 -l12
[2.373s] [35m[1mConsolidate compiler generated dependencies of target moveit_rdf_loader[0m
[2.387s] [  1%] [32m[1mLinking CXX shared library libmoveit_rdf_loader.so[0m
[2.553s] [  4%] Built target moveit_rdf_loader
[2.561s] [35m[1mConsolidate compiler generated dependencies of target gmock[0m
[2.571s] [  9%] Built target gmock
[2.579s] [35m[1mConsolidate compiler generated dependencies of target moveit_constraint_sampler_manager_loader[0m
[2.594s] [ 11%] [32m[1mLinking CXX shared library libmoveit_constraint_sampler_manager_loader.so[0m
[2.760s] [ 12%] Built target moveit_constraint_sampler_manager_loader
[2.768s] [35m[1mConsolidate compiler generated dependencies of target moveit_kinematics_plugin_loader[0m
[2.782s] [ 14%] [32m[1mLinking CXX shared library libmoveit_kinematics_plugin_loader.so[0m
[2.916s] [ 16%] Built target moveit_kinematics_plugin_loader
[2.923s] [35m[1mConsolidate compiler generated dependencies of target gmock_main[0m
[2.932s] [ 19%] Built target gmock_main
[2.940s] [35m[1mConsolidate compiler generated dependencies of target moveit_robot_model_loader[0m
[2.954s] [ 20%] [32m[1mLinking CXX shared library libmoveit_robot_model_loader.so[0m
[3.084s] [ 22%] Built target moveit_robot_model_loader
[3.092s] [35m[1mConsolidate compiler generated dependencies of target moveit_list_request_adapter_plugins[0m
[3.107s] [ 24%] [32m[1mLinking CXX executable moveit_list_request_adapter_plugins[0m
[3.234s] [ 25%] Built target moveit_list_request_adapter_plugins
[3.242s] [35m[1mConsolidate compiler generated dependencies of target moveit_print_planning_model_info[0m
[3.256s] [ 27%] [32m[1mLinking CXX executable moveit_print_planning_model_info[0m
[3.416s] [ 29%] Built target moveit_print_planning_model_info
[3.432s] [35m[1mConsolidate compiler generated dependencies of target moveit_default_planning_request_adapter_plugins[0m
[3.473s] [ 30%] [32m[1mLinking CXX shared library libmoveit_default_planning_request_adapter_plugins.so[0m
[3.615s] [ 46%] Built target moveit_default_planning_request_adapter_plugins
[3.623s] [35m[1mConsolidate compiler generated dependencies of target moveit_planning_pipeline[0m
[3.639s] [ 48%] [32m[1mLinking CXX shared library libmoveit_planning_pipeline.so[0m
[3.790s] [ 50%] Built target moveit_planning_pipeline
[3.798s] [35m[1mConsolidate compiler generated dependencies of target moveit_collision_plugin_loader[0m
[3.813s] [ 51%] [32m[1mLinking CXX shared library libmoveit_collision_plugin_loader.so[0m
[3.925s] [ 53%] Built target moveit_collision_plugin_loader
[3.937s] [35m[1mConsolidate compiler generated dependencies of target moveit_planning_scene_monitor[0m
[3.971s] [ 54%] [32m[1mLinking CXX shared library libmoveit_planning_scene_monitor.so[0m
[4.257s] [ 62%] Built target moveit_planning_scene_monitor
[4.266s] [35m[1mConsolidate compiler generated dependencies of target demo_scene[0m
[4.284s] [ 64%] [32m[1mLinking CXX executable demo_scene[0m
[4.415s] [ 66%] Built target demo_scene
[4.423s] [35m[1mConsolidate compiler generated dependencies of target moveit_trajectory_execution_manager[0m
[4.441s] [ 67%] [32m[1mLinking CXX shared library libmoveit_trajectory_execution_manager.so[0m
[4.646s] [ 69%] Built target moveit_trajectory_execution_manager
[4.655s] [35m[1mConsolidate compiler generated dependencies of target moveit_publish_scene_from_text[0m
[4.675s] [ 70%] [32m[1mLinking CXX executable moveit_publish_scene_from_text[0m
[4.918s] [ 72%] Built target moveit_publish_scene_from_text
[4.927s] [35m[1mConsolidate compiler generated dependencies of target moveit_cpp[0m
[4.949s] [ 74%] [32m[1mLinking CXX shared library libmoveit_cpp.so[0m
[5.153s] [ 77%] Built target moveit_cpp
[5.161s] [35m[1mConsolidate compiler generated dependencies of target moveit_plan_execution[0m
[5.181s] [ 79%] [32m[1mLinking CXX shared library libmoveit_plan_execution.so[0m
[5.353s] [ 80%] Built target moveit_plan_execution
[5.362s] [35m[1mConsolidate compiler generated dependencies of target moveit_evaluate_collision_checking_speed[0m
[5.383s] [ 82%] [32m[1mLinking CXX executable moveit_evaluate_collision_checking_speed[0m
[5.608s] [ 83%] Built target moveit_evaluate_collision_checking_speed
[5.616s] [35m[1mConsolidate compiler generated dependencies of target moveit_visualize_robot_collision_volume[0m
[5.634s] [ 85%] [32m[1mLinking CXX executable moveit_visualize_robot_collision_volume[0m
[5.867s] [ 87%] Built target moveit_visualize_robot_collision_volume
[5.876s] [35m[1mConsolidate compiler generated dependencies of target moveit_display_random_state[0m
[5.895s] [ 88%] [32m[1mLinking CXX executable moveit_display_random_state[0m
[6.127s] [ 90%] Built target moveit_display_random_state
[6.135s] [35m[1mConsolidate compiler generated dependencies of target moveit_print_planning_scene_info[0m
[6.155s] [ 91%] [32m[1mLinking CXX executable moveit_print_planning_scene_info[0m
[6.369s] [ 93%] Built target moveit_print_planning_scene_info
[6.377s] [35m[1mConsolidate compiler generated dependencies of target trajectory_monitor_tests[0m
[6.395s] [ 95%] [32m[1mLinking CXX executable trajectory_monitor_tests[0m
[6.658s] [ 96%] Built target trajectory_monitor_tests
[6.666s] [35m[1mConsolidate compiler generated dependencies of target current_state_monitor_tests[0m
[6.684s] [ 98%] [32m[1mLinking CXX executable current_state_monitor_tests[0m
[6.954s] [100%] Built target current_state_monitor_tests
[6.963s] Invoked command in '/home/zx/ws_moveit2/build/moveit_ros_planning' returned '0': AMENT_PREFIX_PATH=/home/zx/ws_moveit2/install/moveit_ros_occupancy_map_monitor:/home/zx/ws_moveit2/install/moveit_core:/home/zx/ws_moveit2/install/moveit_resources_panda_moveit_config:/home/zx/ws_moveit2/install/srdfdom:/home/zx/ws_moveit2/install/moveit_resources_panda_description:/home/zx/ws_moveit2/install/moveit_common:${AMENT_PREFIX_PATH} CMAKE_PREFIX_PATH=/home/zx/ws_moveit2/install/moveit_ros_occupancy_map_monitor:/home/zx/ws_moveit2/install/moveit_core:/home/zx/ws_moveit2/install/moveit_resources_panda_moveit_config:/home/zx/ws_moveit2/install/srdfdom:/home/zx/ws_moveit2/install/moveit_resources_panda_description:/home/zx/ws_moveit2/install/moveit_common:/opt/ros/humble LD_LIBRARY_PATH=/home/zx/ws_moveit2/install/moveit_ros_occupancy_map_monitor/lib:/home/zx/ws_moveit2/install/moveit_core/lib:/home/zx/ws_moveit2/install/srdfdom/lib:${LD_LIBRARY_PATH} PATH=/home/zx/ws_moveit2/install/moveit_core/bin:${PATH} PYTHONPATH=/home/zx/ws_moveit2/install/srdfdom/local/lib/python3.10/dist-packages:${PYTHONPATH} /usr/bin/cmake --build /home/zx/ws_moveit2/build/moveit_ros_planning -- -j12 -l12
[6.990s] Invoking command in '/home/zx/ws_moveit2/build/moveit_ros_planning': AMENT_PREFIX_PATH=/home/zx/ws_moveit2/install/moveit_ros_occupancy_map_monitor:/home/zx/ws_moveit2/install/moveit_core:/home/zx/ws_moveit2/install/moveit_resources_panda_moveit_config:/home/zx/ws_moveit2/install/srdfdom:/home/zx/ws_moveit2/install/moveit_resources_panda_description:/home/zx/ws_moveit2/install/moveit_common:${AMENT_PREFIX_PATH} CMAKE_PREFIX_PATH=/home/zx/ws_moveit2/install/moveit_ros_occupancy_map_monitor:/home/zx/ws_moveit2/install/moveit_core:/home/zx/ws_moveit2/install/moveit_resources_panda_moveit_config:/home/zx/ws_moveit2/install/srdfdom:/home/zx/ws_moveit2/install/moveit_resources_panda_description:/home/zx/ws_moveit2/install/moveit_common:/opt/ros/humble LD_LIBRARY_PATH=/home/zx/ws_moveit2/install/moveit_ros_occupancy_map_monitor/lib:/home/zx/ws_moveit2/install/moveit_core/lib:/home/zx/ws_moveit2/install/srdfdom/lib:${LD_LIBRARY_PATH} PATH=/home/zx/ws_moveit2/install/moveit_core/bin:${PATH} PYTHONPATH=/home/zx/ws_moveit2/install/srdfdom/local/lib/python3.10/dist-packages:${PYTHONPATH} /usr/bin/cmake --install /home/zx/ws_moveit2/build/moveit_ros_planning
[6.995s] -- Install configuration: "Release"
[6.995s] -- Up-to-date: /home/zx/ws_moveit2/install/moveit_ros_planning/include
[6.995s] -- Up-to-date: /home/zx/ws_moveit2/install/moveit_ros_planning/include/moveit
[6.998s] -- Up-to-date: /home/zx/ws_moveit2/install/moveit_ros_planning/include/moveit/rdf_loader
[6.998s] -- Up-to-date: /home/zx/ws_moveit2/install/moveit_ros_planning/include/moveit/rdf_loader/rdf_loader.h
[6.998s] -- Up-to-date: /home/zx/ws_moveit2/install/moveit_ros_planning/include/moveit/rdf_loader/synchronized_string_parameter.h
[6.998s] -- Up-to-date: /home/zx/ws_moveit2/install/moveit_ros_planning/share/moveit_ros_planning/rdf_loader/test/data
[6.998s] -- Up-to-date: /home/zx/ws_moveit2/install/moveit_ros_planning/share/moveit_ros_planning/rdf_loader/test/data/kermit.urdf
[6.998s] -- Up-to-date: /home/zx/ws_moveit2/install/moveit_ros_planning/share/moveit_ros_planning/rdf_loader/test/data/robin.srdf.xacro
[6.998s] -- Up-to-date: /home/zx/ws_moveit2/install/moveit_ros_planning/share/moveit_ros_planning/rdf_loader/test/data/gonzo.urdf
[6.998s] -- Up-to-date: /home/zx/ws_moveit2/install/moveit_ros_planning/share/moveit_ros_planning/rdf_loader/test/data/kermit.srdf
[6.998s] -- Up-to-date: /home/zx/ws_moveit2/install/moveit_ros_planning/share/moveit_ros_planning/rdf_loader/test/data/gonzo.srdf
[6.998s] -- Up-to-date: /home/zx/ws_moveit2/install/moveit_ros_planning/share/moveit_ros_planning/rdf_loader/test/launch
[6.999s] -- Up-to-date: /home/zx/ws_moveit2/install/moveit_ros_planning/share/moveit_ros_planning/rdf_loader/test/launch/test_rdf_integration.test.py
[6.999s] -- Up-to-date: /home/zx/ws_moveit2/install/moveit_ros_planning/include
[6.999s] -- Up-to-date: /home/zx/ws_moveit2/install/moveit_ros_planning/include/moveit
[6.999s] -- Up-to-date: /home/zx/ws_moveit2/install/moveit_ros_planning/include/moveit/collision_plugin_loader
[6.999s] -- Up-to-date: /home/zx/ws_moveit2/install/moveit_ros_planning/include/moveit/collision_plugin_loader/collision_plugin_loader.h
[6.999s] -- Up-to-date: /home/zx/ws_moveit2/install/moveit_ros_planning/include
[6.999s] -- Up-to-date: /home/zx/ws_moveit2/install/moveit_ros_planning/include/moveit
[6.999s] -- Up-to-date: /home/zx/ws_moveit2/install/moveit_ros_planning/include/moveit/kinematics_plugin_loader
[6.999s] -- Up-to-date: /home/zx/ws_moveit2/install/moveit_ros_planning/include/moveit/kinematics_plugin_loader/kinematics_plugin_loader.h
[6.999s] -- Up-to-date: /home/zx/ws_moveit2/install/moveit_ros_planning/include
[6.999s] -- Up-to-date: /home/zx/ws_moveit2/install/moveit_ros_planning/include/moveit
[6.999s] -- Up-to-date: /home/zx/ws_moveit2/install/moveit_ros_planning/include/moveit/robot_model_loader
[6.999s] -- Up-to-date: /home/zx/ws_moveit2/install/moveit_ros_planning/include/moveit/robot_model_loader/robot_model_loader.h
[6.999s] -- Up-to-date: /home/zx/ws_moveit2/install/moveit_ros_planning/include
[6.999s] -- Up-to-date: /home/zx/ws_moveit2/install/moveit_ros_planning/include/moveit
[6.999s] -- Up-to-date: /home/zx/ws_moveit2/install/moveit_ros_planning/include/moveit/constraint_sampler_manager_loader
[6.999s] -- Up-to-date: /home/zx/ws_moveit2/install/moveit_ros_planning/include/moveit/constraint_sampler_manager_loader/constraint_sampler_manager_loader.h
[6.999s] -- Up-to-date: /home/zx/ws_moveit2/install/moveit_ros_planning/include
[6.999s] -- Up-to-date: /home/zx/ws_moveit2/install/moveit_ros_planning/include/moveit
[6.999s] -- Up-to-date: /home/zx/ws_moveit2/install/moveit_ros_planning/include/moveit/planning_pipeline
[6.999s] -- Up-to-date: /home/zx/ws_moveit2/install/moveit_ros_planning/include/moveit/planning_pipeline/planning_pipeline.h
[6.999s] -- Up-to-date: /home/zx/ws_moveit2/install/moveit_ros_planning/include/moveit_planning_pipeline_export.h
[7.000s] -- Installing: /home/zx/ws_moveit2/install/moveit_ros_planning/lib/moveit_ros_planning/moveit_list_request_adapter_plugins
[7.001s] -- Set runtime path of "/home/zx/ws_moveit2/install/moveit_ros_planning/lib/moveit_ros_planning/moveit_list_request_adapter_plugins" to ""
[7.001s] -- Installing: /home/zx/ws_moveit2/install/moveit_ros_planning/lib/moveit_ros_planning/demo_scene
[7.002s] -- Set runtime path of "/home/zx/ws_moveit2/install/moveit_ros_planning/lib/moveit_ros_planning/demo_scene" to ""
[7.002s] -- Up-to-date: /home/zx/ws_moveit2/install/moveit_ros_planning/include
[7.002s] -- Up-to-date: /home/zx/ws_moveit2/install/moveit_ros_planning/include/moveit
[7.002s] -- Up-to-date: /home/zx/ws_moveit2/install/moveit_ros_planning/include/moveit/planning_scene_monitor
[7.002s] -- Up-to-date: /home/zx/ws_moveit2/install/moveit_ros_planning/include/moveit/planning_scene_monitor/trajectory_monitor.h
[7.002s] -- Up-to-date: /home/zx/ws_moveit2/install/moveit_ros_planning/include/moveit/planning_scene_monitor/current_state_monitor.h
[7.002s] -- Up-to-date: /home/zx/ws_moveit2/install/moveit_ros_planning/include/moveit/planning_scene_monitor/current_state_monitor_middleware_handle.hpp
[7.002s] -- Up-to-date: /home/zx/ws_moveit2/install/moveit_ros_planning/include/moveit/planning_scene_monitor/planning_scene_monitor.h
[7.002s] -- Up-to-date: /home/zx/ws_moveit2/install/moveit_ros_planning/include/moveit/planning_scene_monitor/trajectory_monitor_middleware_handle.hpp
[7.002s] -- Up-to-date: /home/zx/ws_moveit2/install/moveit_ros_planning/include/moveit_planning_scene_monitor_export.h
[7.002s] -- Installing: /home/zx/ws_moveit2/install/moveit_ros_planning/lib/moveit_ros_planning/moveit_print_planning_model_info
[7.002s] -- Set runtime path of "/home/zx/ws_moveit2/install/moveit_ros_planning/lib/moveit_ros_planning/moveit_print_planning_model_info" to ""
[7.003s] -- Installing: /home/zx/ws_moveit2/install/moveit_ros_planning/lib/moveit_ros_planning/moveit_print_planning_scene_info
[7.003s] -- Set runtime path of "/home/zx/ws_moveit2/install/moveit_ros_planning/lib/moveit_ros_planning/moveit_print_planning_scene_info" to ""
[7.003s] -- Installing: /home/zx/ws_moveit2/install/moveit_ros_planning/lib/moveit_ros_planning/moveit_display_random_state
[7.004s] -- Set runtime path of "/home/zx/ws_moveit2/install/moveit_ros_planning/lib/moveit_ros_planning/moveit_display_random_state" to ""
[7.004s] -- Installing: /home/zx/ws_moveit2/install/moveit_ros_planning/lib/moveit_ros_planning/moveit_visualize_robot_collision_volume
[7.005s] -- Set runtime path of "/home/zx/ws_moveit2/install/moveit_ros_planning/lib/moveit_ros_planning/moveit_visualize_robot_collision_volume" to ""
[7.005s] -- Installing: /home/zx/ws_moveit2/install/moveit_ros_planning/lib/moveit_ros_planning/moveit_evaluate_collision_checking_speed
[7.005s] -- Set runtime path of "/home/zx/ws_moveit2/install/moveit_ros_planning/lib/moveit_ros_planning/moveit_evaluate_collision_checking_speed" to ""
[7.005s] -- Installing: /home/zx/ws_moveit2/install/moveit_ros_planning/lib/moveit_ros_planning/moveit_publish_scene_from_text
[7.006s] -- Set runtime path of "/home/zx/ws_moveit2/install/moveit_ros_planning/lib/moveit_ros_planning/moveit_publish_scene_from_text" to ""
[7.006s] -- Up-to-date: /home/zx/ws_moveit2/install/moveit_ros_planning/include
[7.006s] -- Up-to-date: /home/zx/ws_moveit2/install/moveit_ros_planning/include/moveit
[7.006s] -- Up-to-date: /home/zx/ws_moveit2/install/moveit_ros_planning/include/moveit/trajectory_execution_manager
[7.006s] -- Up-to-date: /home/zx/ws_moveit2/install/moveit_ros_planning/include/moveit/trajectory_execution_manager/trajectory_execution_manager.h
[7.006s] -- Up-to-date: /home/zx/ws_moveit2/install/moveit_ros_planning/include/moveit_trajectory_execution_manager_export.h
[7.006s] -- Up-to-date: /home/zx/ws_moveit2/install/moveit_ros_planning/include
[7.006s] -- Up-to-date: /home/zx/ws_moveit2/install/moveit_ros_planning/include/moveit
[7.006s] -- Up-to-date: /home/zx/ws_moveit2/install/moveit_ros_planning/include/moveit/plan_execution
[7.006s] -- Up-to-date: /home/zx/ws_moveit2/install/moveit_ros_planning/include/moveit/plan_execution/plan_execution.h
[7.006s] -- Up-to-date: /home/zx/ws_moveit2/install/moveit_ros_planning/include/moveit/plan_execution/plan_representation.h
[7.007s] -- Up-to-date: /home/zx/ws_moveit2/install/moveit_ros_planning/include
[7.007s] -- Up-to-date: /home/zx/ws_moveit2/install/moveit_ros_planning/include/moveit
[7.007s] -- Up-to-date: /home/zx/ws_moveit2/install/moveit_ros_planning/include/moveit/moveit_cpp
[7.007s] -- Up-to-date: /home/zx/ws_moveit2/install/moveit_ros_planning/include/moveit/moveit_cpp/planning_component.h
[7.007s] -- Up-to-date: /home/zx/ws_moveit2/install/moveit_ros_planning/include/moveit/moveit_cpp/moveit_cpp.h
[7.007s] -- Installing: /home/zx/ws_moveit2/install/moveit_ros_planning/lib/libmoveit_rdf_loader.so.2.5.4
[7.008s] -- Set runtime path of "/home/zx/ws_moveit2/install/moveit_ros_planning/lib/libmoveit_rdf_loader.so.2.5.4" to ""
[7.008s] -- Up-to-date: /home/zx/ws_moveit2/install/moveit_ros_planning/lib/libmoveit_rdf_loader.so
[7.008s] -- Installing: /home/zx/ws_moveit2/install/moveit_ros_planning/lib/libmoveit_kinematics_plugin_loader.so.2.5.4
[7.009s] -- Set runtime path of "/home/zx/ws_moveit2/install/moveit_ros_planning/lib/libmoveit_kinematics_plugin_loader.so.2.5.4" to ""
[7.009s] -- Up-to-date: /home/zx/ws_moveit2/install/moveit_ros_planning/lib/libmoveit_kinematics_plugin_loader.so
[7.009s] -- Installing: /home/zx/ws_moveit2/install/moveit_ros_planning/lib/libmoveit_robot_model_loader.so.2.5.4
[7.010s] -- Set runtime path of "/home/zx/ws_moveit2/install/moveit_ros_planning/lib/libmoveit_robot_model_loader.so.2.5.4" to ""
[7.010s] -- Up-to-date: /home/zx/ws_moveit2/install/moveit_ros_planning/lib/libmoveit_robot_model_loader.so
[7.010s] -- Installing: /home/zx/ws_moveit2/install/moveit_ros_planning/lib/libmoveit_constraint_sampler_manager_loader.so.2.5.4
[7.010s] -- Set runtime path of "/home/zx/ws_moveit2/install/moveit_ros_planning/lib/libmoveit_constraint_sampler_manager_loader.so.2.5.4" to ""
[7.010s] -- Up-to-date: /home/zx/ws_moveit2/install/moveit_ros_planning/lib/libmoveit_constraint_sampler_manager_loader.so
[7.011s] -- Installing: /home/zx/ws_moveit2/install/moveit_ros_planning/lib/libmoveit_planning_pipeline.so.2.5.4
[7.012s] -- Set runtime path of "/home/zx/ws_moveit2/install/moveit_ros_planning/lib/libmoveit_planning_pipeline.so.2.5.4" to ""
[7.012s] -- Up-to-date: /home/zx/ws_moveit2/install/moveit_ros_planning/lib/libmoveit_planning_pipeline.so
[7.012s] -- Installing: /home/zx/ws_moveit2/install/moveit_ros_planning/lib/libmoveit_trajectory_execution_manager.so.2.5.4
[7.014s] -- Set runtime path of "/home/zx/ws_moveit2/install/moveit_ros_planning/lib/libmoveit_trajectory_execution_manager.so.2.5.4" to ""
[7.014s] -- Up-to-date: /home/zx/ws_moveit2/install/moveit_ros_planning/lib/libmoveit_trajectory_execution_manager.so
[7.014s] -- Installing: /home/zx/ws_moveit2/install/moveit_ros_planning/lib/libmoveit_plan_execution.so.2.5.4
[7.014s] -- Set runtime path of "/home/zx/ws_moveit2/install/moveit_ros_planning/lib/libmoveit_plan_execution.so.2.5.4" to ""
[7.014s] -- Up-to-date: /home/zx/ws_moveit2/install/moveit_ros_planning/lib/libmoveit_plan_execution.so
[7.015s] -- Installing: /home/zx/ws_moveit2/install/moveit_ros_planning/lib/libmoveit_planning_scene_monitor.so.2.5.4
[7.018s] -- Set runtime path of "/home/zx/ws_moveit2/install/moveit_ros_planning/lib/libmoveit_planning_scene_monitor.so.2.5.4" to ""
[7.018s] -- Up-to-date: /home/zx/ws_moveit2/install/moveit_ros_planning/lib/libmoveit_planning_scene_monitor.so
[7.018s] -- Installing: /home/zx/ws_moveit2/install/moveit_ros_planning/lib/libmoveit_collision_plugin_loader.so.2.5.4
[7.018s] -- Set runtime path of "/home/zx/ws_moveit2/install/moveit_ros_planning/lib/libmoveit_collision_plugin_loader.so.2.5.4" to ""
[7.018s] -- Up-to-date: /home/zx/ws_moveit2/install/moveit_ros_planning/lib/libmoveit_collision_plugin_loader.so
[7.019s] -- Installing: /home/zx/ws_moveit2/install/moveit_ros_planning/lib/libmoveit_default_planning_request_adapter_plugins.so.2.5.4
[7.019s] -- Set runtime path of "/home/zx/ws_moveit2/install/moveit_ros_planning/lib/libmoveit_default_planning_request_adapter_plugins.so.2.5.4" to ""
[7.019s] -- Up-to-date: /home/zx/ws_moveit2/install/moveit_ros_planning/lib/libmoveit_default_planning_request_adapter_plugins.so
[7.020s] -- Installing: /home/zx/ws_moveit2/install/moveit_ros_planning/lib/libmoveit_cpp.so.2.5.4
[7.020s] -- Set runtime path of "/home/zx/ws_moveit2/install/moveit_ros_planning/lib/libmoveit_cpp.so.2.5.4" to ""
[7.020s] -- Up-to-date: /home/zx/ws_moveit2/install/moveit_ros_planning/lib/libmoveit_cpp.so
[7.020s] -- Up-to-date: /home/zx/ws_moveit2/install/moveit_ros_planning/share/moveit_ros_planning/environment/library_path.sh
[7.020s] -- Installing: /home/zx/ws_moveit2/install/moveit_ros_planning/share/moveit_ros_planning/environment/library_path.dsv
[7.021s] -- Up-to-date: /home/zx/ws_moveit2/install/moveit_ros_planning/share/moveit_ros_planning/planning_request_adapters_plugin_description.xml
[7.021s] -- Up-to-date: /home/zx/ws_moveit2/install/moveit_ros_planning/share/ament_index/resource_index/package_run_dependencies/moveit_ros_planning
[7.021s] -- Installing: /home/zx/ws_moveit2/install/moveit_ros_planning/share/ament_index/resource_index/parent_prefix_path/moveit_ros_planning
[7.021s] -- Up-to-date: /home/zx/ws_moveit2/install/moveit_ros_planning/share/moveit_ros_planning/environment/ament_prefix_path.sh
[7.021s] -- Installing: /home/zx/ws_moveit2/install/moveit_ros_planning/share/moveit_ros_planning/environment/ament_prefix_path.dsv
[7.021s] -- Up-to-date: /home/zx/ws_moveit2/install/moveit_ros_planning/share/moveit_ros_planning/environment/path.sh
[7.021s] -- Installing: /home/zx/ws_moveit2/install/moveit_ros_planning/share/moveit_ros_planning/environment/path.dsv
[7.021s] -- Up-to-date: /home/zx/ws_moveit2/install/moveit_ros_planning/share/moveit_ros_planning/local_setup.bash
[7.021s] -- Up-to-date: /home/zx/ws_moveit2/install/moveit_ros_planning/share/moveit_ros_planning/local_setup.sh
[7.021s] -- Up-to-date: /home/zx/ws_moveit2/install/moveit_ros_planning/share/moveit_ros_planning/local_setup.zsh
[7.021s] -- Installing: /home/zx/ws_moveit2/install/moveit_ros_planning/share/moveit_ros_planning/local_setup.dsv
[7.021s] -- Installing: /home/zx/ws_moveit2/install/moveit_ros_planning/share/moveit_ros_planning/package.dsv
[7.021s] -- Up-to-date: /home/zx/ws_moveit2/install/moveit_ros_planning/share/ament_index/resource_index/packages/moveit_ros_planning
[7.021s] -- Up-to-date: /home/zx/ws_moveit2/install/moveit_ros_planning/share/ament_index/resource_index/moveit_core__pluginlib__plugin/moveit_ros_planning
[7.021s] -- Up-to-date: /home/zx/ws_moveit2/install/moveit_ros_planning/share/moveit_ros_planning/cmake/export_moveit_ros_planningExport.cmake
[7.022s] -- Up-to-date: /home/zx/ws_moveit2/install/moveit_ros_planning/share/moveit_ros_planning/cmake/export_moveit_ros_planningExport-release.cmake
[7.022s] -- Up-to-date: /home/zx/ws_moveit2/install/moveit_ros_planning/share/moveit_ros_planning/cmake/ConfigExtras.cmake
[7.022s] -- Up-to-date: /home/zx/ws_moveit2/install/moveit_ros_planning/share/moveit_ros_planning/cmake/ament_cmake_export_targets-extras.cmake
[7.022s] -- Up-to-date: /home/zx/ws_moveit2/install/moveit_ros_planning/share/moveit_ros_planning/cmake/ament_cmake_export_dependencies-extras.cmake
[7.022s] -- Up-to-date: /home/zx/ws_moveit2/install/moveit_ros_planning/share/moveit_ros_planning/cmake/moveit_ros_planningConfig.cmake
[7.022s] -- Up-to-date: /home/zx/ws_moveit2/install/moveit_ros_planning/share/moveit_ros_planning/cmake/moveit_ros_planningConfig-version.cmake
[7.022s] -- Up-to-date: /home/zx/ws_moveit2/install/moveit_ros_planning/share/moveit_ros_planning/package.xml
[7.023s] Invoked command in '/home/zx/ws_moveit2/build/moveit_ros_planning' returned '0': AMENT_PREFIX_PATH=/home/zx/ws_moveit2/install/moveit_ros_occupancy_map_monitor:/home/zx/ws_moveit2/install/moveit_core:/home/zx/ws_moveit2/install/moveit_resources_panda_moveit_config:/home/zx/ws_moveit2/install/srdfdom:/home/zx/ws_moveit2/install/moveit_resources_panda_description:/home/zx/ws_moveit2/install/moveit_common:${AMENT_PREFIX_PATH} CMAKE_PREFIX_PATH=/home/zx/ws_moveit2/install/moveit_ros_occupancy_map_monitor:/home/zx/ws_moveit2/install/moveit_core:/home/zx/ws_moveit2/install/moveit_resources_panda_moveit_config:/home/zx/ws_moveit2/install/srdfdom:/home/zx/ws_moveit2/install/moveit_resources_panda_description:/home/zx/ws_moveit2/install/moveit_common:/opt/ros/humble LD_LIBRARY_PATH=/home/zx/ws_moveit2/install/moveit_ros_occupancy_map_monitor/lib:/home/zx/ws_moveit2/install/moveit_core/lib:/home/zx/ws_moveit2/install/srdfdom/lib:${LD_LIBRARY_PATH} PATH=/home/zx/ws_moveit2/install/moveit_core/bin:${PATH} PYTHONPATH=/home/zx/ws_moveit2/install/srdfdom/local/lib/python3.10/dist-packages:${PYTHONPATH} /usr/bin/cmake --install /home/zx/ws_moveit2/build/moveit_ros_planning
