[0.040s] Invoking command in '/home/zx/ws_moveit2/build/pilz_industrial_motion_planner': AMENT_PREFIX_PATH=/home/zx/ws_moveit2/install/moveit_configs_utils:/home/zx/ws_moveit2/install/launch_param_builder:/home/zx/ws_moveit2/install/urdf_2:/home/zx/ws_moveit2/install/tihu_2:/home/zx/ws_moveit2/install/pilz_industrial_motion_planner_testutils:/home/zx/ws_moveit2/install/moveit_runtime:/home/zx/ws_moveit2/install/moveit2_tutorials:/home/zx/ws_moveit2/install/moveit:/home/zx/ws_moveit2/install/moveit_planners:/home/zx/ws_moveit2/install/pilz_industrial_motion_planner:/home/zx/ws_moveit2/install/moveit_visual_tools:/home/zx/ws_moveit2/install/moveit_task_constructor_visualization:/home/zx/ws_moveit2/install/moveit_task_constructor_demo:/home/zx/ws_moveit2/install/moveit_task_constructor_capabilities:/home/zx/ws_moveit2/install/moveit_task_constructor_core:/home/zx/ws_moveit2/install/moveit_ros_control_interface:/home/zx/ws_moveit2/install/moveit_plugins:/home/zx/ws_moveit2/install/moveit_simple_controller_manager:/home/zx/ws_moveit2/install/moveit_setup_assistant:/home/zx/ws_moveit2/install/moveit_setup_srdf_plugins:/home/zx/ws_moveit2/install/moveit_setup_core_plugins:/home/zx/ws_moveit2/install/moveit_setup_controllers:/home/zx/ws_moveit2/install/moveit_setup_app_plugins:/home/zx/ws_moveit2/install/moveit_setup_framework:/home/zx/ws_moveit2/install/moveit_servo:/home/zx/ws_moveit2/install/moveit_ros:/home/zx/ws_moveit2/install/moveit_ros_visualization:/home/zx/ws_moveit2/install/moveit_hybrid_planning:/home/zx/ws_moveit2/install/moveit_ros_planning_interface:/home/zx/ws_moveit2/install/moveit_ros_benchmarks:/home/zx/ws_moveit2/install/moveit_ros_warehouse:/home/zx/ws_moveit2/install/moveit_ros_robot_interaction:/home/zx/ws_moveit2/install/moveit_ros_perception:/home/zx/ws_moveit2/install/moveit_resources_prbt_pg70_support:/home/zx/ws_moveit2/install/moveit_resources_prbt_moveit_config:/home/zx/ws_moveit2/install/moveit_ros_move_group:/home/zx/ws_moveit2/install/moveit_planners_ompl:/home/zx/ws_moveit2/install/moveit_ros_planning:/home/zx/ws_moveit2/install/moveit_ros_occupancy_map_monitor:/home/zx/ws_moveit2/install/moveit_resources_prbt_ikfast_manipulator_plugin:/home/zx/ws_moveit2/install/moveit_planners_chomp:/home/zx/ws_moveit2/install/moveit_kinematics:/home/zx/ws_moveit2/install/moveit_chomp_optimizer_adapter:/home/zx/ws_moveit2/install/chomp_motion_planner:/home/zx/ws_moveit2/install/moveit_core:/home/zx/ws_moveit2/install/srdfdom:/home/zx/ws_moveit2/install/serial_demo:/home/zx/ws_moveit2/install/serial_can:/home/zx/ws_moveit2/install/serial:/home/zx/ws_moveit2/install/rviz_marker_tools:/home/zx/ws_moveit2/install/rosparam_shortcuts:/home/zx/ws_moveit2/install/moveit_task_constructor_msgs:/home/zx/ws_moveit2/install/moveit_resources_prbt_support:/home/zx/ws_moveit2/install/moveit_resources:/home/zx/ws_moveit2/install/moveit_resources_pr2_description:/home/zx/ws_moveit2/install/moveit_resources_panda_moveit_config:/home/zx/ws_moveit2/install/moveit_resources_panda_description:/home/zx/ws_moveit2/install/moveit_resources_fanuc_moveit_config:/home/zx/ws_moveit2/install/moveit_resources_fanuc_description:/home/zx/ws_moveit2/install/moveit_common:/opt/ros/humble CMAKE_PREFIX_PATH=/home/zx/ws_moveit2/install/moveit_resources_prbt_pg70_support:/home/zx/ws_moveit2/install/moveit_ros_planning_interface:/home/zx/ws_moveit2/install/moveit_resources_prbt_moveit_config:/home/zx/ws_moveit2/install/moveit_ros_move_group:/home/zx/ws_moveit2/install/moveit_ros_warehouse:/home/zx/ws_moveit2/install/moveit_kinematics:/home/zx/ws_moveit2/install/moveit_ros_planning:/home/zx/ws_moveit2/install/pilz_industrial_motion_planner_testutils:/home/zx/ws_moveit2/install/moveit_ros_occupancy_map_monitor:/home/zx/ws_moveit2/install/moveit_resources_prbt_ikfast_manipulator_plugin:/home/zx/ws_moveit2/install/moveit_core:/home/zx/ws_moveit2/install/moveit_resources_panda_moveit_config:/home/zx/ws_moveit2/install/srdfdom:/home/zx/ws_moveit2/install/moveit_resources_prbt_support:/home/zx/ws_moveit2/install/moveit_resources_panda_description:/home/zx/ws_moveit2/install/moveit_common:/home/zx/ws_moveit2/install/urdf_2:/home/zx/ws_moveit2/install/moveit_runtime:/home/zx/ws_moveit2/install/moveit2_tutorials:/home/zx/ws_moveit2/install/moveit:/home/zx/ws_moveit2/install/moveit_planners:/home/zx/ws_moveit2/install/pilz_industrial_motion_planner:/home/zx/ws_moveit2/install/moveit_visual_tools:/home/zx/ws_moveit2/install/moveit_task_constructor_visualization:/home/zx/ws_moveit2/install/moveit_task_constructor_demo:/home/zx/ws_moveit2/install/moveit_task_constructor_capabilities:/home/zx/ws_moveit2/install/moveit_task_constructor_core:/home/zx/ws_moveit2/install/moveit_ros_control_interface:/home/zx/ws_moveit2/install/moveit_plugins:/home/zx/ws_moveit2/install/moveit_simple_controller_manager:/home/zx/ws_moveit2/install/moveit_setup_assistant:/home/zx/ws_moveit2/install/moveit_setup_srdf_plugins:/home/zx/ws_moveit2/install/moveit_setup_core_plugins:/home/zx/ws_moveit2/install/moveit_setup_controllers:/home/zx/ws_moveit2/install/moveit_setup_app_plugins:/home/zx/ws_moveit2/install/moveit_setup_framework:/home/zx/ws_moveit2/install/moveit_servo:/home/zx/ws_moveit2/install/moveit_ros:/home/zx/ws_moveit2/install/moveit_ros_visualization:/home/zx/ws_moveit2/install/moveit_hybrid_planning:/home/zx/ws_moveit2/install/moveit_ros_benchmarks:/home/zx/ws_moveit2/install/moveit_ros_robot_interaction:/home/zx/ws_moveit2/install/moveit_ros_perception:/home/zx/ws_moveit2/install/moveit_planners_ompl:/home/zx/ws_moveit2/install/moveit_planners_chomp:/home/zx/ws_moveit2/install/moveit_chomp_optimizer_adapter:/home/zx/ws_moveit2/install/chomp_motion_planner:/home/zx/ws_moveit2/install/serial_demo:/home/zx/ws_moveit2/install/serial_can:/home/zx/ws_moveit2/install/serial:/home/zx/ws_moveit2/install/rviz_marker_tools:/home/zx/ws_moveit2/install/rosparam_shortcuts:/home/zx/ws_moveit2/install/moveit_task_constructor_msgs:/home/zx/ws_moveit2/install/moveit_resources:/home/zx/ws_moveit2/install/moveit_resources_pr2_description:/home/zx/ws_moveit2/install/moveit_resources_fanuc_moveit_config:/home/zx/ws_moveit2/install/moveit_resources_fanuc_description:/home/zx/ws_moveit2/install/tihu_2:/home/zx/ws_moveit2/install/moveit_configs_utils:/home/zx/ws_moveit2/install/launch_param_builder:/opt/ros/humble LD_LIBRARY_PATH=/home/zx/ws_moveit2/install/moveit_ros_planning_interface/lib:/home/zx/ws_moveit2/install/moveit_ros_move_group/lib:/home/zx/ws_moveit2/install/moveit_ros_warehouse/lib:/home/zx/ws_moveit2/install/moveit_kinematics/lib:/home/zx/ws_moveit2/install/moveit_ros_planning/lib:/home/zx/ws_moveit2/install/pilz_industrial_motion_planner_testutils/lib:/home/zx/ws_moveit2/install/moveit_ros_occupancy_map_monitor/lib:/home/zx/ws_moveit2/install/moveit_resources_prbt_ikfast_manipulator_plugin/lib:/home/zx/ws_moveit2/install/moveit_core/lib:/home/zx/ws_moveit2/install/srdfdom/lib:/home/zx/ws_moveit2/install/pilz_industrial_motion_planner/lib:/home/zx/ws_moveit2/install/moveit_visual_tools/lib:/home/zx/ws_moveit2/install/moveit_task_constructor_visualization/lib:/home/zx/ws_moveit2/install/moveit_task_constructor_demo/lib:/home/zx/ws_moveit2/install/moveit_task_constructor_capabilities/lib:/home/zx/ws_moveit2/install/moveit_task_constructor_core/lib:/home/zx/ws_moveit2/install/moveit_ros_control_interface/lib:/home/zx/ws_moveit2/install/moveit_simple_controller_manager/lib:/home/zx/ws_moveit2/install/moveit_setup_assistant/lib:/home/zx/ws_moveit2/install/moveit_setup_srdf_plugins/lib:/home/zx/ws_moveit2/install/moveit_setup_core_plugins/lib:/home/zx/ws_moveit2/install/moveit_setup_controllers/lib:/home/zx/ws_moveit2/install/moveit_setup_app_plugins/lib:/home/zx/ws_moveit2/install/moveit_setup_framework/lib:/home/zx/ws_moveit2/install/moveit_servo/lib:/home/zx/ws_moveit2/install/moveit_ros_visualization/lib:/home/zx/ws_moveit2/install/moveit_hybrid_planning/lib:/home/zx/ws_moveit2/install/moveit_ros_benchmarks/lib:/home/zx/ws_moveit2/install/moveit_ros_robot_interaction/lib:/home/zx/ws_moveit2/install/moveit_ros_perception/lib:/home/zx/ws_moveit2/install/moveit_planners_ompl/lib:/home/zx/ws_moveit2/install/moveit_planners_chomp/lib:/home/zx/ws_moveit2/install/moveit_chomp_optimizer_adapter/lib:/home/zx/ws_moveit2/install/chomp_motion_planner/lib:/home/zx/ws_moveit2/install/serial_can/lib:/home/zx/ws_moveit2/install/serial/lib:/home/zx/ws_moveit2/install/rviz_marker_tools/lib:/home/zx/ws_moveit2/install/rosparam_shortcuts/lib:/home/zx/ws_moveit2/install/moveit_task_constructor_msgs/lib:/opt/ros/humble/opt/rviz_ogre_vendor/lib:/opt/ros/humble/lib/x86_64-linux-gnu:/opt/ros/humble/lib PYTHONPATH=/home/zx/ws_moveit2/install/moveit_configs_utils/lib/python3.10/site-packages:/home/zx/ws_moveit2/install/launch_param_builder/lib/python3.10/site-packages:/home/zx/ws_moveit2/install/tihu_2/lib/python3.10/site-packages:/home/zx/ws_moveit2/install/srdfdom/local/lib/python3.10/dist-packages:/home/zx/ws_moveit2/install/moveit_task_constructor_msgs/local/lib/python3.10/dist-packages:/opt/ros/humble/lib/python3.10/site-packages:/opt/ros/humble/local/lib/python3.10/dist-packages /usr/bin/cmake /home/zx/ws_moveit2/src/moveit2/moveit_planners/pilz_industrial_motion_planner -DCMAKE_BUILD_TYPE=Release -DCMAKE_INSTALL_PREFIX=/home/zx/ws_moveit2/install/pilz_industrial_motion_planner
[0.089s] -- The C compiler identification is GNU 11.4.0
[0.137s] -- The CXX compiler identification is GNU 11.4.0
[0.144s] -- Detecting C compiler ABI info
[0.208s] -- Detecting C compiler ABI info - done
[0.214s] -- Check for working C compiler: /usr/bin/cc - skipped
[0.214s] -- Detecting C compile features
[0.215s] -- Detecting C compile features - done
[0.217s] -- Detecting CXX compiler ABI info
[0.294s] -- Detecting CXX compiler ABI info - done
[0.300s] -- Check for working CXX compiler: /usr/bin/c++ - skipped
[0.300s] -- Detecting CXX compile features
[0.300s] -- Detecting CXX compile features - done
[0.302s] -- Found moveit_common: 2.5.4 (/home/zx/ws_moveit2/install/moveit_common/share/moveit_common/cmake)
[0.307s] -- Found ament_cmake: 1.3.5 (/opt/ros/humble/share/ament_cmake/cmake)
[0.525s] -- Found Python3: /usr/bin/python3.10 (found version "3.10.12") found components: Interpreter 
[0.754s] -- Found libdw: /usr/lib/x86_64-linux-gnu/libdw.so  
[0.760s] -- Could NOT find libbfd (missing: LIBBFD_LIBRARY LIBBFD_INCLUDE_DIR) 
[0.760s] -- BACKWARD_HAS_UNWIND=1
[0.760s] -- BACKWARD_HAS_BACKTRACE=0
[0.760s] -- BACKWARD_HAS_BACKTRACE_SYMBOL=0
[0.760s] -- BACKWARD_HAS_DW=1
[0.760s] -- BACKWARD_HAS_BFD=0
[0.760s] -- Found Backward: /opt/ros/humble/share/backward_ros/cmake  
[0.766s] -- Found eigen3_cmake_module: 0.1.1 (/opt/ros/humble/share/eigen3_cmake_module/cmake)
[0.774s] -- Found Eigen3: TRUE (found version "3.4.0") 
[0.779s] -- Found geometry_msgs: 4.2.3 (/opt/ros/humble/share/geometry_msgs/cmake)
[0.844s] -- Found rosidl_generator_c: 3.1.5 (/opt/ros/humble/share/rosidl_generator_c/cmake)
[0.856s] -- Found rosidl_adapter: 3.1.5 (/opt/ros/humble/share/rosidl_adapter/cmake)
[0.871s] -- Found rosidl_generator_cpp: 3.1.5 (/opt/ros/humble/share/rosidl_generator_cpp/cmake)
[0.890s] -- Using all available rosidl_typesupport_c: rosidl_typesupport_fastrtps_c;rosidl_typesupport_introspection_c
[0.919s] -- Using all available rosidl_typesupport_cpp: rosidl_typesupport_fastrtps_cpp;rosidl_typesupport_introspection_cpp
[1.015s] -- Found moveit_core: 2.5.4 (/home/zx/ws_moveit2/install/moveit_core/share/moveit_core/cmake)
[1.269s] -- Found Boost: /usr/lib/x86_64-linux-gnu/cmake/Boost-1.74.0/BoostConfig.cmake (found version "1.74.0") found components: chrono date_time filesystem iostreams program_options regex serialization system thread 
[1.301s] -- Found parameter_traits: 0.3.6 (/opt/ros/humble/share/parameter_traits/cmake)
[1.396s] -- Found rmw_implementation_cmake: 6.1.1 (/opt/ros/humble/share/rmw_implementation_cmake/cmake)
[1.407s] -- Found rmw_fastrtps_cpp: 6.2.3 (/opt/ros/humble/share/rmw_fastrtps_cpp/cmake)
[1.525s] -- Found OpenSSL: /usr/lib/x86_64-linux-gnu/libcrypto.so (found version "3.0.2")  
[1.550s] -- Found FastRTPS: /opt/ros/humble/include  
[1.605s] -- Using RMW implementation 'rmw_fastrtps_cpp' as default
[1.632s] -- Found Threads: TRUE  
[1.817s] -- Found rclcpp_lifecycle: 16.0.5 (/opt/ros/humble/share/rclcpp_lifecycle/cmake)
[1.861s] -- Found Boost: /usr/lib/x86_64-linux-gnu/cmake/Boost-1.74.0/BoostConfig.cmake (found version "1.74.0") found components: filesystem 
[1.972s] -- library: /usr/lib/x86_64-linux-gnu/libcurl.so
[2.213s] -- Ensuring Eigen3 include directory is part of orocos-kdl CMake target
[3.077s] -- Found moveit_ros_move_group: 2.5.4 (/home/zx/ws_moveit2/install/moveit_ros_move_group/share/moveit_ros_move_group/cmake)
[3.081s] -- Found Boost: /usr/lib/x86_64-linux-gnu/cmake/Boost-1.74.0/BoostConfig.cmake (found version "1.74.0") found components: system filesystem date_time program_options thread 
[3.330s] -- Found Boost: /usr/lib/x86_64-linux-gnu/cmake/Boost-1.74.0/BoostConfig.cmake (found version "1.74.0") found components: system filesystem date_time program_options thread chrono 
[3.582s] -- Found moveit_ros_planning_interface: 2.5.4 (/home/zx/ws_moveit2/install/moveit_ros_planning_interface/share/moveit_ros_planning_interface/cmake)
[3.586s] -- Found Boost: /usr/lib/x86_64-linux-gnu/cmake/Boost-1.74.0/BoostConfig.cmake (found version "1.74.0") found components: date_time filesystem program_options system thread 
[3.726s] -- Found Boost: /usr/lib/x86_64-linux-gnu/cmake/Boost-1.74.0/BoostConfig.cmake (found version "1.74.0") found components: thread system filesystem regex date_time program_options 
[4.014s] -- Found tf2_eigen_kdl: 0.25.3 (/opt/ros/humble/share/tf2_eigen_kdl/cmake)
[4.020s] -- Found tf2_kdl: 0.25.3 (/opt/ros/humble/share/tf2_kdl/cmake)
[4.036s] -- Found Boost: /usr/lib/x86_64-linux-gnu/cmake/Boost-1.74.0/BoostConfig.cmake (found version "1.74.0")  
[4.259s] -- Found ament_cmake_gtest: 1.3.5 (/opt/ros/humble/share/ament_cmake_gtest/cmake)
[4.266s] -- Found ament_cmake_gmock: 1.3.5 (/opt/ros/humble/share/ament_cmake_gmock/cmake)
[4.271s] -- Found ros_testing: 0.4.0 (/opt/ros/humble/share/ros_testing/cmake)
[4.275s] -- Found launch_testing_ament_cmake: 1.0.4 (/opt/ros/humble/share/launch_testing_ament_cmake/cmake)
[4.279s] -- Found python_cmake_module: 0.10.0 (/opt/ros/humble/share/python_cmake_module/cmake)
[4.299s] -- Found PythonInterp: /usr/bin/python3 (found suitable version "3.10.12", minimum required is "3.6") 
[4.305s] -- Found PythonLibs: /usr/lib/x86_64-linux-gnu/libpython3.10.so (found suitable version "3.10.12", minimum required is "3.5") 
[4.305s] -- Using PYTHON_EXECUTABLE: /usr/bin/python3
[4.305s] -- Using PYTHON_INCLUDE_DIRS: /usr/include/python3.10
[4.305s] -- Using PYTHON_LIBRARIES: /usr/lib/x86_64-linux-gnu/libpython3.10.so
[4.324s] -- Found PythonExtra: .so  
[4.326s] -- Found moveit_resources_prbt_support: 2.5.4 (/home/zx/ws_moveit2/install/moveit_resources_prbt_support/share/moveit_resources_prbt_support/cmake)
[4.326s] -- Found moveit_resources_prbt_moveit_config: 2.5.4 (/home/zx/ws_moveit2/install/moveit_resources_prbt_moveit_config/share/moveit_resources_prbt_moveit_config/cmake)
[4.330s] -- Found Boost: /usr/lib/x86_64-linux-gnu/cmake/Boost-1.74.0/BoostConfig.cmake (found version "1.74.0") found components: thread 
[4.332s] -- Found pilz_industrial_motion_planner_testutils: 2.5.4 (/home/zx/ws_moveit2/install/pilz_industrial_motion_planner_testutils/share/pilz_industrial_motion_planner_testutils/cmake)
[4.450s] -- Found gtest sources under '/opt/ros/humble/src/gtest_vendor': C++ tests using 'Google Test' will be built
[4.491s] -- Found gmock sources under '/opt/ros/humble/src/gmock_vendor': C++ tests using 'Google Mock' will be built
[4.499s] -- Found ament_lint_auto: 0.12.7 (/opt/ros/humble/share/ament_lint_auto/cmake)
[4.733s] -- Found launch_testing_ament_cmake: 1.0.4 (/opt/ros/humble/share/launch_testing_ament_cmake/cmake)
[4.733s] -- Found python_cmake_module: 0.10.0 (/opt/ros/humble/share/python_cmake_module/cmake)
[4.766s] -- Using PYTHON_EXECUTABLE: /usr/bin/python3
[4.767s] -- Using PYTHON_INCLUDE_DIRS: /usr/include/python3.10
[4.768s] -- Using PYTHON_LIBRARIES: /usr/lib/x86_64-linux-gnu/libpython3.10.so
[4.793s] -- Added test 'cppcheck' to perform static code analysis on C / C++ code
[4.795s] -- Configured cppcheck include dirs: /home/zx/ws_moveit2/src/moveit2/moveit_planners/pilz_industrial_motion_planner/include
[4.796s] -- Configured cppcheck exclude dirs and/or files: 
[4.800s] -- Added test 'pep257' to check Python code against some of the docstring style conventions in PEP 257
[4.803s] -- Added test 'xmllint' to check XML markup files
[4.817s] -- Configuring done
[5.559s] -- Generating done
[5.568s] -- Build files have been written to: /home/zx/ws_moveit2/build/pilz_industrial_motion_planner
[5.621s] Invoked command in '/home/zx/ws_moveit2/build/pilz_industrial_motion_planner' returned '0': AMENT_PREFIX_PATH=/home/zx/ws_moveit2/install/moveit_configs_utils:/home/zx/ws_moveit2/install/launch_param_builder:/home/zx/ws_moveit2/install/urdf_2:/home/zx/ws_moveit2/install/tihu_2:/home/zx/ws_moveit2/install/pilz_industrial_motion_planner_testutils:/home/zx/ws_moveit2/install/moveit_runtime:/home/zx/ws_moveit2/install/moveit2_tutorials:/home/zx/ws_moveit2/install/moveit:/home/zx/ws_moveit2/install/moveit_planners:/home/zx/ws_moveit2/install/pilz_industrial_motion_planner:/home/zx/ws_moveit2/install/moveit_visual_tools:/home/zx/ws_moveit2/install/moveit_task_constructor_visualization:/home/zx/ws_moveit2/install/moveit_task_constructor_demo:/home/zx/ws_moveit2/install/moveit_task_constructor_capabilities:/home/zx/ws_moveit2/install/moveit_task_constructor_core:/home/zx/ws_moveit2/install/moveit_ros_control_interface:/home/zx/ws_moveit2/install/moveit_plugins:/home/zx/ws_moveit2/install/moveit_simple_controller_manager:/home/zx/ws_moveit2/install/moveit_setup_assistant:/home/zx/ws_moveit2/install/moveit_setup_srdf_plugins:/home/zx/ws_moveit2/install/moveit_setup_core_plugins:/home/zx/ws_moveit2/install/moveit_setup_controllers:/home/zx/ws_moveit2/install/moveit_setup_app_plugins:/home/zx/ws_moveit2/install/moveit_setup_framework:/home/zx/ws_moveit2/install/moveit_servo:/home/zx/ws_moveit2/install/moveit_ros:/home/zx/ws_moveit2/install/moveit_ros_visualization:/home/zx/ws_moveit2/install/moveit_hybrid_planning:/home/zx/ws_moveit2/install/moveit_ros_planning_interface:/home/zx/ws_moveit2/install/moveit_ros_benchmarks:/home/zx/ws_moveit2/install/moveit_ros_warehouse:/home/zx/ws_moveit2/install/moveit_ros_robot_interaction:/home/zx/ws_moveit2/install/moveit_ros_perception:/home/zx/ws_moveit2/install/moveit_resources_prbt_pg70_support:/home/zx/ws_moveit2/install/moveit_resources_prbt_moveit_config:/home/zx/ws_moveit2/install/moveit_ros_move_group:/home/zx/ws_moveit2/install/moveit_planners_ompl:/home/zx/ws_moveit2/install/moveit_ros_planning:/home/zx/ws_moveit2/install/moveit_ros_occupancy_map_monitor:/home/zx/ws_moveit2/install/moveit_resources_prbt_ikfast_manipulator_plugin:/home/zx/ws_moveit2/install/moveit_planners_chomp:/home/zx/ws_moveit2/install/moveit_kinematics:/home/zx/ws_moveit2/install/moveit_chomp_optimizer_adapter:/home/zx/ws_moveit2/install/chomp_motion_planner:/home/zx/ws_moveit2/install/moveit_core:/home/zx/ws_moveit2/install/srdfdom:/home/zx/ws_moveit2/install/serial_demo:/home/zx/ws_moveit2/install/serial_can:/home/zx/ws_moveit2/install/serial:/home/zx/ws_moveit2/install/rviz_marker_tools:/home/zx/ws_moveit2/install/rosparam_shortcuts:/home/zx/ws_moveit2/install/moveit_task_constructor_msgs:/home/zx/ws_moveit2/install/moveit_resources_prbt_support:/home/zx/ws_moveit2/install/moveit_resources:/home/zx/ws_moveit2/install/moveit_resources_pr2_description:/home/zx/ws_moveit2/install/moveit_resources_panda_moveit_config:/home/zx/ws_moveit2/install/moveit_resources_panda_description:/home/zx/ws_moveit2/install/moveit_resources_fanuc_moveit_config:/home/zx/ws_moveit2/install/moveit_resources_fanuc_description:/home/zx/ws_moveit2/install/moveit_common:/opt/ros/humble CMAKE_PREFIX_PATH=/home/zx/ws_moveit2/install/moveit_resources_prbt_pg70_support:/home/zx/ws_moveit2/install/moveit_ros_planning_interface:/home/zx/ws_moveit2/install/moveit_resources_prbt_moveit_config:/home/zx/ws_moveit2/install/moveit_ros_move_group:/home/zx/ws_moveit2/install/moveit_ros_warehouse:/home/zx/ws_moveit2/install/moveit_kinematics:/home/zx/ws_moveit2/install/moveit_ros_planning:/home/zx/ws_moveit2/install/pilz_industrial_motion_planner_testutils:/home/zx/ws_moveit2/install/moveit_ros_occupancy_map_monitor:/home/zx/ws_moveit2/install/moveit_resources_prbt_ikfast_manipulator_plugin:/home/zx/ws_moveit2/install/moveit_core:/home/zx/ws_moveit2/install/moveit_resources_panda_moveit_config:/home/zx/ws_moveit2/install/srdfdom:/home/zx/ws_moveit2/install/moveit_resources_prbt_support:/home/zx/ws_moveit2/install/moveit_resources_panda_description:/home/zx/ws_moveit2/install/moveit_common:/home/zx/ws_moveit2/install/urdf_2:/home/zx/ws_moveit2/install/moveit_runtime:/home/zx/ws_moveit2/install/moveit2_tutorials:/home/zx/ws_moveit2/install/moveit:/home/zx/ws_moveit2/install/moveit_planners:/home/zx/ws_moveit2/install/pilz_industrial_motion_planner:/home/zx/ws_moveit2/install/moveit_visual_tools:/home/zx/ws_moveit2/install/moveit_task_constructor_visualization:/home/zx/ws_moveit2/install/moveit_task_constructor_demo:/home/zx/ws_moveit2/install/moveit_task_constructor_capabilities:/home/zx/ws_moveit2/install/moveit_task_constructor_core:/home/zx/ws_moveit2/install/moveit_ros_control_interface:/home/zx/ws_moveit2/install/moveit_plugins:/home/zx/ws_moveit2/install/moveit_simple_controller_manager:/home/zx/ws_moveit2/install/moveit_setup_assistant:/home/zx/ws_moveit2/install/moveit_setup_srdf_plugins:/home/zx/ws_moveit2/install/moveit_setup_core_plugins:/home/zx/ws_moveit2/install/moveit_setup_controllers:/home/zx/ws_moveit2/install/moveit_setup_app_plugins:/home/zx/ws_moveit2/install/moveit_setup_framework:/home/zx/ws_moveit2/install/moveit_servo:/home/zx/ws_moveit2/install/moveit_ros:/home/zx/ws_moveit2/install/moveit_ros_visualization:/home/zx/ws_moveit2/install/moveit_hybrid_planning:/home/zx/ws_moveit2/install/moveit_ros_benchmarks:/home/zx/ws_moveit2/install/moveit_ros_robot_interaction:/home/zx/ws_moveit2/install/moveit_ros_perception:/home/zx/ws_moveit2/install/moveit_planners_ompl:/home/zx/ws_moveit2/install/moveit_planners_chomp:/home/zx/ws_moveit2/install/moveit_chomp_optimizer_adapter:/home/zx/ws_moveit2/install/chomp_motion_planner:/home/zx/ws_moveit2/install/serial_demo:/home/zx/ws_moveit2/install/serial_can:/home/zx/ws_moveit2/install/serial:/home/zx/ws_moveit2/install/rviz_marker_tools:/home/zx/ws_moveit2/install/rosparam_shortcuts:/home/zx/ws_moveit2/install/moveit_task_constructor_msgs:/home/zx/ws_moveit2/install/moveit_resources:/home/zx/ws_moveit2/install/moveit_resources_pr2_description:/home/zx/ws_moveit2/install/moveit_resources_fanuc_moveit_config:/home/zx/ws_moveit2/install/moveit_resources_fanuc_description:/home/zx/ws_moveit2/install/tihu_2:/home/zx/ws_moveit2/install/moveit_configs_utils:/home/zx/ws_moveit2/install/launch_param_builder:/opt/ros/humble LD_LIBRARY_PATH=/home/zx/ws_moveit2/install/moveit_ros_planning_interface/lib:/home/zx/ws_moveit2/install/moveit_ros_move_group/lib:/home/zx/ws_moveit2/install/moveit_ros_warehouse/lib:/home/zx/ws_moveit2/install/moveit_kinematics/lib:/home/zx/ws_moveit2/install/moveit_ros_planning/lib:/home/zx/ws_moveit2/install/pilz_industrial_motion_planner_testutils/lib:/home/zx/ws_moveit2/install/moveit_ros_occupancy_map_monitor/lib:/home/zx/ws_moveit2/install/moveit_resources_prbt_ikfast_manipulator_plugin/lib:/home/zx/ws_moveit2/install/moveit_core/lib:/home/zx/ws_moveit2/install/srdfdom/lib:/home/zx/ws_moveit2/install/pilz_industrial_motion_planner/lib:/home/zx/ws_moveit2/install/moveit_visual_tools/lib:/home/zx/ws_moveit2/install/moveit_task_constructor_visualization/lib:/home/zx/ws_moveit2/install/moveit_task_constructor_demo/lib:/home/zx/ws_moveit2/install/moveit_task_constructor_capabilities/lib:/home/zx/ws_moveit2/install/moveit_task_constructor_core/lib:/home/zx/ws_moveit2/install/moveit_ros_control_interface/lib:/home/zx/ws_moveit2/install/moveit_simple_controller_manager/lib:/home/zx/ws_moveit2/install/moveit_setup_assistant/lib:/home/zx/ws_moveit2/install/moveit_setup_srdf_plugins/lib:/home/zx/ws_moveit2/install/moveit_setup_core_plugins/lib:/home/zx/ws_moveit2/install/moveit_setup_controllers/lib:/home/zx/ws_moveit2/install/moveit_setup_app_plugins/lib:/home/zx/ws_moveit2/install/moveit_setup_framework/lib:/home/zx/ws_moveit2/install/moveit_servo/lib:/home/zx/ws_moveit2/install/moveit_ros_visualization/lib:/home/zx/ws_moveit2/install/moveit_hybrid_planning/lib:/home/zx/ws_moveit2/install/moveit_ros_benchmarks/lib:/home/zx/ws_moveit2/install/moveit_ros_robot_interaction/lib:/home/zx/ws_moveit2/install/moveit_ros_perception/lib:/home/zx/ws_moveit2/install/moveit_planners_ompl/lib:/home/zx/ws_moveit2/install/moveit_planners_chomp/lib:/home/zx/ws_moveit2/install/moveit_chomp_optimizer_adapter/lib:/home/zx/ws_moveit2/install/chomp_motion_planner/lib:/home/zx/ws_moveit2/install/serial_can/lib:/home/zx/ws_moveit2/install/serial/lib:/home/zx/ws_moveit2/install/rviz_marker_tools/lib:/home/zx/ws_moveit2/install/rosparam_shortcuts/lib:/home/zx/ws_moveit2/install/moveit_task_constructor_msgs/lib:/opt/ros/humble/opt/rviz_ogre_vendor/lib:/opt/ros/humble/lib/x86_64-linux-gnu:/opt/ros/humble/lib PYTHONPATH=/home/zx/ws_moveit2/install/moveit_configs_utils/lib/python3.10/site-packages:/home/zx/ws_moveit2/install/launch_param_builder/lib/python3.10/site-packages:/home/zx/ws_moveit2/install/tihu_2/lib/python3.10/site-packages:/home/zx/ws_moveit2/install/srdfdom/local/lib/python3.10/dist-packages:/home/zx/ws_moveit2/install/moveit_task_constructor_msgs/local/lib/python3.10/dist-packages:/opt/ros/humble/lib/python3.10/site-packages:/opt/ros/humble/local/lib/python3.10/dist-packages /usr/bin/cmake /home/zx/ws_moveit2/src/moveit2/moveit_planners/pilz_industrial_motion_planner -DCMAKE_BUILD_TYPE=Release -DCMAKE_INSTALL_PREFIX=/home/zx/ws_moveit2/install/pilz_industrial_motion_planner
[5.622s] Invoking command in '/home/zx/ws_moveit2/build/pilz_industrial_motion_planner': AMENT_PREFIX_PATH=/home/zx/ws_moveit2/install/moveit_configs_utils:/home/zx/ws_moveit2/install/launch_param_builder:/home/zx/ws_moveit2/install/urdf_2:/home/zx/ws_moveit2/install/tihu_2:/home/zx/ws_moveit2/install/pilz_industrial_motion_planner_testutils:/home/zx/ws_moveit2/install/moveit_runtime:/home/zx/ws_moveit2/install/moveit2_tutorials:/home/zx/ws_moveit2/install/moveit:/home/zx/ws_moveit2/install/moveit_planners:/home/zx/ws_moveit2/install/pilz_industrial_motion_planner:/home/zx/ws_moveit2/install/moveit_visual_tools:/home/zx/ws_moveit2/install/moveit_task_constructor_visualization:/home/zx/ws_moveit2/install/moveit_task_constructor_demo:/home/zx/ws_moveit2/install/moveit_task_constructor_capabilities:/home/zx/ws_moveit2/install/moveit_task_constructor_core:/home/zx/ws_moveit2/install/moveit_ros_control_interface:/home/zx/ws_moveit2/install/moveit_plugins:/home/zx/ws_moveit2/install/moveit_simple_controller_manager:/home/zx/ws_moveit2/install/moveit_setup_assistant:/home/zx/ws_moveit2/install/moveit_setup_srdf_plugins:/home/zx/ws_moveit2/install/moveit_setup_core_plugins:/home/zx/ws_moveit2/install/moveit_setup_controllers:/home/zx/ws_moveit2/install/moveit_setup_app_plugins:/home/zx/ws_moveit2/install/moveit_setup_framework:/home/zx/ws_moveit2/install/moveit_servo:/home/zx/ws_moveit2/install/moveit_ros:/home/zx/ws_moveit2/install/moveit_ros_visualization:/home/zx/ws_moveit2/install/moveit_hybrid_planning:/home/zx/ws_moveit2/install/moveit_ros_planning_interface:/home/zx/ws_moveit2/install/moveit_ros_benchmarks:/home/zx/ws_moveit2/install/moveit_ros_warehouse:/home/zx/ws_moveit2/install/moveit_ros_robot_interaction:/home/zx/ws_moveit2/install/moveit_ros_perception:/home/zx/ws_moveit2/install/moveit_resources_prbt_pg70_support:/home/zx/ws_moveit2/install/moveit_resources_prbt_moveit_config:/home/zx/ws_moveit2/install/moveit_ros_move_group:/home/zx/ws_moveit2/install/moveit_planners_ompl:/home/zx/ws_moveit2/install/moveit_ros_planning:/home/zx/ws_moveit2/install/moveit_ros_occupancy_map_monitor:/home/zx/ws_moveit2/install/moveit_resources_prbt_ikfast_manipulator_plugin:/home/zx/ws_moveit2/install/moveit_planners_chomp:/home/zx/ws_moveit2/install/moveit_kinematics:/home/zx/ws_moveit2/install/moveit_chomp_optimizer_adapter:/home/zx/ws_moveit2/install/chomp_motion_planner:/home/zx/ws_moveit2/install/moveit_core:/home/zx/ws_moveit2/install/srdfdom:/home/zx/ws_moveit2/install/serial_demo:/home/zx/ws_moveit2/install/serial_can:/home/zx/ws_moveit2/install/serial:/home/zx/ws_moveit2/install/rviz_marker_tools:/home/zx/ws_moveit2/install/rosparam_shortcuts:/home/zx/ws_moveit2/install/moveit_task_constructor_msgs:/home/zx/ws_moveit2/install/moveit_resources_prbt_support:/home/zx/ws_moveit2/install/moveit_resources:/home/zx/ws_moveit2/install/moveit_resources_pr2_description:/home/zx/ws_moveit2/install/moveit_resources_panda_moveit_config:/home/zx/ws_moveit2/install/moveit_resources_panda_description:/home/zx/ws_moveit2/install/moveit_resources_fanuc_moveit_config:/home/zx/ws_moveit2/install/moveit_resources_fanuc_description:/home/zx/ws_moveit2/install/moveit_common:/opt/ros/humble CMAKE_PREFIX_PATH=/home/zx/ws_moveit2/install/moveit_resources_prbt_pg70_support:/home/zx/ws_moveit2/install/moveit_ros_planning_interface:/home/zx/ws_moveit2/install/moveit_resources_prbt_moveit_config:/home/zx/ws_moveit2/install/moveit_ros_move_group:/home/zx/ws_moveit2/install/moveit_ros_warehouse:/home/zx/ws_moveit2/install/moveit_kinematics:/home/zx/ws_moveit2/install/moveit_ros_planning:/home/zx/ws_moveit2/install/pilz_industrial_motion_planner_testutils:/home/zx/ws_moveit2/install/moveit_ros_occupancy_map_monitor:/home/zx/ws_moveit2/install/moveit_resources_prbt_ikfast_manipulator_plugin:/home/zx/ws_moveit2/install/moveit_core:/home/zx/ws_moveit2/install/moveit_resources_panda_moveit_config:/home/zx/ws_moveit2/install/srdfdom:/home/zx/ws_moveit2/install/moveit_resources_prbt_support:/home/zx/ws_moveit2/install/moveit_resources_panda_description:/home/zx/ws_moveit2/install/moveit_common:/home/zx/ws_moveit2/install/urdf_2:/home/zx/ws_moveit2/install/moveit_runtime:/home/zx/ws_moveit2/install/moveit2_tutorials:/home/zx/ws_moveit2/install/moveit:/home/zx/ws_moveit2/install/moveit_planners:/home/zx/ws_moveit2/install/pilz_industrial_motion_planner:/home/zx/ws_moveit2/install/moveit_visual_tools:/home/zx/ws_moveit2/install/moveit_task_constructor_visualization:/home/zx/ws_moveit2/install/moveit_task_constructor_demo:/home/zx/ws_moveit2/install/moveit_task_constructor_capabilities:/home/zx/ws_moveit2/install/moveit_task_constructor_core:/home/zx/ws_moveit2/install/moveit_ros_control_interface:/home/zx/ws_moveit2/install/moveit_plugins:/home/zx/ws_moveit2/install/moveit_simple_controller_manager:/home/zx/ws_moveit2/install/moveit_setup_assistant:/home/zx/ws_moveit2/install/moveit_setup_srdf_plugins:/home/zx/ws_moveit2/install/moveit_setup_core_plugins:/home/zx/ws_moveit2/install/moveit_setup_controllers:/home/zx/ws_moveit2/install/moveit_setup_app_plugins:/home/zx/ws_moveit2/install/moveit_setup_framework:/home/zx/ws_moveit2/install/moveit_servo:/home/zx/ws_moveit2/install/moveit_ros:/home/zx/ws_moveit2/install/moveit_ros_visualization:/home/zx/ws_moveit2/install/moveit_hybrid_planning:/home/zx/ws_moveit2/install/moveit_ros_benchmarks:/home/zx/ws_moveit2/install/moveit_ros_robot_interaction:/home/zx/ws_moveit2/install/moveit_ros_perception:/home/zx/ws_moveit2/install/moveit_planners_ompl:/home/zx/ws_moveit2/install/moveit_planners_chomp:/home/zx/ws_moveit2/install/moveit_chomp_optimizer_adapter:/home/zx/ws_moveit2/install/chomp_motion_planner:/home/zx/ws_moveit2/install/serial_demo:/home/zx/ws_moveit2/install/serial_can:/home/zx/ws_moveit2/install/serial:/home/zx/ws_moveit2/install/rviz_marker_tools:/home/zx/ws_moveit2/install/rosparam_shortcuts:/home/zx/ws_moveit2/install/moveit_task_constructor_msgs:/home/zx/ws_moveit2/install/moveit_resources:/home/zx/ws_moveit2/install/moveit_resources_pr2_description:/home/zx/ws_moveit2/install/moveit_resources_fanuc_moveit_config:/home/zx/ws_moveit2/install/moveit_resources_fanuc_description:/home/zx/ws_moveit2/install/tihu_2:/home/zx/ws_moveit2/install/moveit_configs_utils:/home/zx/ws_moveit2/install/launch_param_builder:/opt/ros/humble LD_LIBRARY_PATH=/home/zx/ws_moveit2/install/moveit_ros_planning_interface/lib:/home/zx/ws_moveit2/install/moveit_ros_move_group/lib:/home/zx/ws_moveit2/install/moveit_ros_warehouse/lib:/home/zx/ws_moveit2/install/moveit_kinematics/lib:/home/zx/ws_moveit2/install/moveit_ros_planning/lib:/home/zx/ws_moveit2/install/pilz_industrial_motion_planner_testutils/lib:/home/zx/ws_moveit2/install/moveit_ros_occupancy_map_monitor/lib:/home/zx/ws_moveit2/install/moveit_resources_prbt_ikfast_manipulator_plugin/lib:/home/zx/ws_moveit2/install/moveit_core/lib:/home/zx/ws_moveit2/install/srdfdom/lib:/home/zx/ws_moveit2/install/pilz_industrial_motion_planner/lib:/home/zx/ws_moveit2/install/moveit_visual_tools/lib:/home/zx/ws_moveit2/install/moveit_task_constructor_visualization/lib:/home/zx/ws_moveit2/install/moveit_task_constructor_demo/lib:/home/zx/ws_moveit2/install/moveit_task_constructor_capabilities/lib:/home/zx/ws_moveit2/install/moveit_task_constructor_core/lib:/home/zx/ws_moveit2/install/moveit_ros_control_interface/lib:/home/zx/ws_moveit2/install/moveit_simple_controller_manager/lib:/home/zx/ws_moveit2/install/moveit_setup_assistant/lib:/home/zx/ws_moveit2/install/moveit_setup_srdf_plugins/lib:/home/zx/ws_moveit2/install/moveit_setup_core_plugins/lib:/home/zx/ws_moveit2/install/moveit_setup_controllers/lib:/home/zx/ws_moveit2/install/moveit_setup_app_plugins/lib:/home/zx/ws_moveit2/install/moveit_setup_framework/lib:/home/zx/ws_moveit2/install/moveit_servo/lib:/home/zx/ws_moveit2/install/moveit_ros_visualization/lib:/home/zx/ws_moveit2/install/moveit_hybrid_planning/lib:/home/zx/ws_moveit2/install/moveit_ros_benchmarks/lib:/home/zx/ws_moveit2/install/moveit_ros_robot_interaction/lib:/home/zx/ws_moveit2/install/moveit_ros_perception/lib:/home/zx/ws_moveit2/install/moveit_planners_ompl/lib:/home/zx/ws_moveit2/install/moveit_planners_chomp/lib:/home/zx/ws_moveit2/install/moveit_chomp_optimizer_adapter/lib:/home/zx/ws_moveit2/install/chomp_motion_planner/lib:/home/zx/ws_moveit2/install/serial_can/lib:/home/zx/ws_moveit2/install/serial/lib:/home/zx/ws_moveit2/install/rviz_marker_tools/lib:/home/zx/ws_moveit2/install/rosparam_shortcuts/lib:/home/zx/ws_moveit2/install/moveit_task_constructor_msgs/lib:/opt/ros/humble/opt/rviz_ogre_vendor/lib:/opt/ros/humble/lib/x86_64-linux-gnu:/opt/ros/humble/lib PYTHONPATH=/home/zx/ws_moveit2/install/moveit_configs_utils/lib/python3.10/site-packages:/home/zx/ws_moveit2/install/launch_param_builder/lib/python3.10/site-packages:/home/zx/ws_moveit2/install/tihu_2/lib/python3.10/site-packages:/home/zx/ws_moveit2/install/srdfdom/local/lib/python3.10/dist-packages:/home/zx/ws_moveit2/install/moveit_task_constructor_msgs/local/lib/python3.10/dist-packages:/opt/ros/humble/lib/python3.10/site-packages:/opt/ros/humble/local/lib/python3.10/dist-packages /usr/bin/cmake --build /home/zx/ws_moveit2/build/pilz_industrial_motion_planner -- -j12 -l12
[5.715s] [  1%] [32mBuilding CXX object gtest/CMakeFiles/gtest_main.dir/src/gtest_main.cc.o[0m
[5.725s] [  2%] [32mBuilding CXX object CMakeFiles/joint_limits_common.dir/src/joint_limits_container.cpp.o[0m
[5.728s] [  3%] [32mBuilding CXX object CMakeFiles/joint_limits_common.dir/src/joint_limits_aggregator.cpp.o[0m
[5.744s] [  4%] [32mBuilding CXX object gtest/CMakeFiles/gtest.dir/src/gtest-all.cc.o[0m
[5.753s] [  6%] [32mBuilding CXX object CMakeFiles/joint_limits_common.dir/src/joint_limits_validator.cpp.o[0m
[5.754s] [  7%] [32mBuilding CXX object CMakeFiles/joint_limits_common.dir/src/limits_container.cpp.o[0m
[5.759s] [  8%] [32mBuilding CXX object CMakeFiles/planning_context_loader_base.dir/src/planning_context_loader.cpp.o[0m
[5.766s] [  9%] [32mBuilding CXX object gmock/CMakeFiles/gmock.dir/opt/ros/humble/src/gtest_vendor/src/gtest-all.cc.o[0m
[5.771s] [ 10%] [32mBuilding CXX object gmock/CMakeFiles/gmock_main.dir/src/gmock_main.cc.o[0m
[5.783s] [ 12%] [32mBuilding CXX object CMakeFiles/trajectory_generation_common.dir/src/trajectory_functions.cpp.o[0m
[5.789s] [ 13%] [32mBuilding CXX object CMakeFiles/joint_limits_common.dir/src/cartesian_limit.cpp.o[0m
[5.805s] [ 14%] [32mBuilding CXX object CMakeFiles/joint_limits_common.dir/src/cartesian_limits_aggregator.cpp.o[0m
[5.914s] [ 15%] [32mBuilding CXX object CMakeFiles/trajectory_generation_common.dir/src/trajectory_generator.cpp.o[0m
[7.088s] [ 16%] [32m[1mLinking CXX static library libgtest_main.a[0m
[7.170s] [ 16%] Built target gtest_main
[7.189s] [ 18%] [32mBuilding CXX object CMakeFiles/trajectory_generation_common.dir/src/trajectory_blender_transition_window.cpp.o[0m
[7.498s] [ 19%] [32m[1mLinking CXX static library libgmock_main.a[0m
[7.552s] [ 19%] Built target gmock_main
[7.566s] [ 20%] [32mBuilding CXX object gmock/CMakeFiles/gmock.dir/src/gmock-all.cc.o[0m
[14.427s] [ 21%] [32m[1mLinking CXX static library libgmock.a[0m
[14.484s] [ 21%] Built target gmock
[14.703s] [ 22%] [32m[1mLinking CXX static library libgtest.a[0m
[14.758s] [ 22%] Built target gtest
[27.600s] [ 24%] [32m[1mLinking CXX shared library libplanning_context_loader_base.so[0m
[31.233s] [ 25%] [32m[1mLinking CXX shared library libjoint_limits_common.so[0m
[33.790s] [ 25%] Built target joint_limits_common
[40.217s] [ 26%] [32m[1mLinking CXX shared library libtrajectory_generation_common.so[0m
[40.841s] [ 26%] Built target trajectory_generation_common
[47.842s] [ 26%] Built target planning_context_loader_base
[47.870s] [ 27%] [32mBuilding CXX object test/CMakeFiles/pilz_industrial_motion_planner_test_utils.dir/test_utils.cpp.o[0m
[65.720s] [ 28%] [32m[1mLinking CXX static library libpilz_industrial_motion_planner_test_utils.a[0m
[65.762s] [ 28%] Built target pilz_industrial_motion_planner_test_utils
[65.789s] [ 30%] [32mBuilding CXX object CMakeFiles/planning_context_loader_circ.dir/src/planning_context_loader_circ.cpp.o[0m
[75.119s] [ 31%] [32mBuilding CXX object CMakeFiles/planning_context_loader_circ.dir/src/trajectory_generator_circ.cpp.o[0m
[81.668s] [ 32%] [32mBuilding CXX object CMakeFiles/planning_context_loader_circ.dir/src/path_circle_generator.cpp.o[0m
[82.723s] [ 33%] [32m[1mLinking CXX shared library libplanning_context_loader_circ.so[0m
[82.941s] [ 33%] Built target planning_context_loader_circ
[82.968s] [ 34%] [32mBuilding CXX object test/unit_tests/CMakeFiles/unittest_trajectory_functions.dir/src/unittest_trajectory_functions.cpp.o[0m
[95.001s] [ 36%] [32m[1mLinking CXX executable unittest_trajectory_functions[0m
[95.321s] [ 36%] Built target unittest_trajectory_functions
[95.347s] [ 37%] [32mBuilding CXX object test/unit_tests/CMakeFiles/unittest_trajectory_generator_circ.dir/src/unittest_trajectory_generator_circ.cpp.o[0m
[108.119s] [ 38%] [32m[1mLinking CXX executable unittest_trajectory_generator_circ[0m
[108.434s] [ 38%] Built target unittest_trajectory_generator_circ
[108.460s] [ 40%] [32mBuilding CXX object CMakeFiles/pilz_industrial_motion_planner.dir/src/pilz_industrial_motion_planner.cpp.o[0m
[108.460s] [ 40%] [32mBuilding CXX object CMakeFiles/planning_context_loader_lin.dir/src/planning_context_loader_lin.cpp.o[0m
[108.461s] [ 42%] [32mBuilding CXX object CMakeFiles/command_list_manager.dir/src/command_list_manager.cpp.o[0m
[108.461s] [ 43%] [32mBuilding CXX object CMakeFiles/planning_context_loader_ptp.dir/src/planning_context_loader_ptp.cpp.o[0m
[108.462s] [ 44%] [32mBuilding CXX object CMakeFiles/planning_context_loader_ptp.dir/src/trajectory_generator_ptp.cpp.o[0m
[108.463s] [ 46%] [32mBuilding CXX object CMakeFiles/planning_context_loader_lin.dir/src/trajectory_generator_lin.cpp.o[0m
[108.464s] [ 46%] [32mBuilding CXX object CMakeFiles/command_list_manager.dir/src/plan_components_builder.cpp.o[0m
[123.587s] [ 48%] [32mBuilding CXX object CMakeFiles/planning_context_loader_ptp.dir/src/velocity_profile_atrap.cpp.o[0m
[123.766s] [ 49%] [32mBuilding CXX object CMakeFiles/planning_context_loader_lin.dir/src/velocity_profile_atrap.cpp.o[0m
[123.860s] [ 50%] [32m[1mLinking CXX shared library libcommand_list_manager.so[0m
[124.195s] [ 50%] Built target command_list_manager
[124.467s] [ 51%] [32m[1mLinking CXX shared library libplanning_context_loader_lin.so[0m
[124.498s] [ 53%] [32m[1mLinking CXX shared library libplanning_context_loader_ptp.so[0m
[124.752s] [ 53%] Built target planning_context_loader_lin
[124.851s] [ 53%] Built target planning_context_loader_ptp
[127.015s] [ 54%] [32m[1mLinking CXX shared library libpilz_industrial_motion_planner.so[0m
[127.243s] [ 54%] Built target pilz_industrial_motion_planner
[127.269s] [ 55%] [32mBuilding CXX object test/unit_tests/CMakeFiles/unittest_trajectory_generator_ptp.dir/src/unittest_trajectory_generator_ptp.cpp.o[0m
[138.291s] [ 56%] [32mBuilding CXX object test/unit_tests/CMakeFiles/unittest_velocity_profile_atrap.dir/src/unittest_velocity_profile_atrap.cpp.o[0m
[140.308s] [ 57%] [32mBuilding CXX object test/unit_tests/CMakeFiles/unittest_pilz_industrial_motion_planner_direct.dir/src/unittest_pilz_industrial_motion_planner_direct.cpp.o[0m
[140.585s] [ 59%] [32mBuilding CXX object test/unit_tests/CMakeFiles/unittest_velocity_profile_atrap.dir/__/__/src/velocity_profile_atrap.cpp.o[0m
[141.123s] [ 60%] [32m[1mLinking CXX executable unittest_velocity_profile_atrap[0m
[141.198s] [ 61%] [32m[1mLinking CXX executable unittest_trajectory_generator_ptp[0m
[141.357s] [ 61%] Built target unittest_velocity_profile_atrap
[141.609s] [ 61%] Built target unittest_trajectory_generator_ptp
[142.633s] [ 62%] [32mBuilding CXX object test/unit_tests/CMakeFiles/unittest_pilz_industrial_motion_planner.dir/src/unittest_pilz_industrial_motion_planner.cpp.o[0m
[143.650s] [ 65%] [32mBuilding CXX object test/unit_tests/CMakeFiles/unittest_trajectory_generator.dir/src/unittest_trajectory_generator.cpp.o[0m
[143.650s] [ 65%] [32mBuilding CXX object test/unit_tests/CMakeFiles/unittest_trajectory_generator_common.dir/src/unittest_trajectory_generator_common.cpp.o[0m
[144.681s] [ 66%] [32mBuilding CXX object test/unit_tests/CMakeFiles/unittest_trajectory_generator_lin.dir/src/unittest_trajectory_generator_lin.cpp.o[0m
[144.682s] [ 67%] [32mBuilding CXX object test/unit_tests/CMakeFiles/unittest_trajectory_blender_transition_window.dir/src/unittest_trajectory_blender_transition_window.cpp.o[0m
[145.711s] [ 69%] [32mBuilding CXX object CMakeFiles/sequence_capability.dir/src/move_group_sequence_action.cpp.o[0m
[145.711s] [ 69%] [32mBuilding CXX object test/unit_tests/CMakeFiles/unittest_cartesian_limits_aggregator.dir/src/unittest_cartesian_limits_aggregator.cpp.o[0m
[146.748s] [ 71%] [32mBuilding CXX object test/unit_tests/CMakeFiles/unittest_joint_limits_validator.dir/src/unittest_joint_limits_validator.cpp.o[0m
[146.753s] [ 72%] [32mBuilding CXX object test/unit_tests/CMakeFiles/unittest_joint_limits_container.dir/src/unittest_joint_limits_container.cpp.o[0m
[147.929s] [ 74%] [32mBuilding CXX object test/unit_tests/CMakeFiles/unittest_joint_limits_aggregator.dir/src/unittest_joint_limits_aggregator.cpp.o[0m
[147.930s] [ 74%] [32mBuilding CXX object test/unit_tests/CMakeFiles/unittest_joint_limit.dir/src/unittest_joint_limit.cpp.o[0m
[149.632s] [ 75%] [32m[1mLinking CXX executable unittest_joint_limits_container[0m
[150.414s] [ 75%] Built target unittest_joint_limits_container
[150.483s] [ 77%] [32mBuilding CXX object CMakeFiles/sequence_capability.dir/src/move_group_sequence_service.cpp.o[0m
[151.170s] [ 78%] [32m[1mLinking CXX executable unittest_joint_limits_validator[0m
[152.082s] [ 78%] Built target unittest_joint_limits_validator
[152.146s] [ 79%] [32mBuilding CXX object test/unit_tests/CMakeFiles/unittest_trajectory_blender_transition_window.dir/__/__/src/trajectory_blender_transition_window.cpp.o[0m
[152.513s] [ 80%] [32m[1mLinking CXX executable unittest_cartesian_limits_aggregator[0m
[153.274s] [ 80%] Built target unittest_cartesian_limits_aggregator
[157.661s] [ 81%] [32m[1mLinking CXX executable unittest_joint_limit[0m
[157.755s] [ 83%] [32m[1mLinking CXX executable unittest_pilz_industrial_motion_planner_direct[0m
[158.600s] [ 83%] Built target unittest_joint_limit
[158.755s] [ 83%] Built target unittest_pilz_industrial_motion_planner_direct
[158.940s] [ 84%] [32mBuilding CXX object test/unit_tests/CMakeFiles/unittest_trajectory_generator.dir/__/__/src/trajectory_generator.cpp.o[0m
[163.932s] [ 85%] [32m[1mLinking CXX executable unittest_joint_limits_aggregator[0m
[164.524s] [ 85%] Built target unittest_joint_limits_aggregator
[166.205s] [ 86%] [32m[1mLinking CXX executable unittest_trajectory_generator_lin[0m
[166.851s] [ 86%] Built target unittest_trajectory_generator_lin
[167.554s] [ 87%] [32m[1mLinking CXX executable unittest_pilz_industrial_motion_planner[0m
[167.921s] [ 87%] Built target unittest_pilz_industrial_motion_planner
[169.427s] [ 89%] [32m[1mLinking CXX executable unittest_trajectory_blender_transition_window[0m
[169.828s] [ 89%] Built target unittest_trajectory_blender_transition_window
[170.179s] [ 90%] [32m[1mLinking CXX shared library libsequence_capability.so[0m
[170.454s] [ 90%] Built target sequence_capability
[172.161s] [ 91%] [32m[1mLinking CXX executable unittest_trajectory_generator_common[0m
[172.252s] [ 92%] [32m[1mLinking CXX executable unittest_trajectory_generator[0m
[172.551s] [ 92%] Built target unittest_trajectory_generator_common
[172.589s] [ 92%] Built target unittest_trajectory_generator
[172.614s] [ 93%] [32mBuilding CXX object test/unit_tests/CMakeFiles/unittest_get_solver_tip_frame.dir/src/unittest_get_solver_tip_frame.cpp.o[0m
[178.121s] [ 95%] [32m[1mLinking CXX executable unittest_get_solver_tip_frame[0m
[178.319s] [ 95%] Built target unittest_get_solver_tip_frame
[178.343s] [ 96%] [32mBuilding CXX object test/unit_tests/CMakeFiles/unittest_planning_context.dir/src/unittest_planning_context.cpp.o[0m
[191.630s] [ 97%] [32m[1mLinking CXX executable unittest_planning_context[0m
[192.052s] [ 97%] Built target unittest_planning_context
[192.074s] [ 98%] [32mBuilding CXX object test/unit_tests/CMakeFiles/unittest_planning_context_loaders.dir/src/unittest_planning_context_loaders.cpp.o[0m
[202.527s] [100%] [32m[1mLinking CXX executable unittest_planning_context_loaders[0m
[202.822s] [100%] Built target unittest_planning_context_loaders
[202.835s] Invoked command in '/home/zx/ws_moveit2/build/pilz_industrial_motion_planner' returned '0': AMENT_PREFIX_PATH=/home/zx/ws_moveit2/install/moveit_configs_utils:/home/zx/ws_moveit2/install/launch_param_builder:/home/zx/ws_moveit2/install/urdf_2:/home/zx/ws_moveit2/install/tihu_2:/home/zx/ws_moveit2/install/pilz_industrial_motion_planner_testutils:/home/zx/ws_moveit2/install/moveit_runtime:/home/zx/ws_moveit2/install/moveit2_tutorials:/home/zx/ws_moveit2/install/moveit:/home/zx/ws_moveit2/install/moveit_planners:/home/zx/ws_moveit2/install/pilz_industrial_motion_planner:/home/zx/ws_moveit2/install/moveit_visual_tools:/home/zx/ws_moveit2/install/moveit_task_constructor_visualization:/home/zx/ws_moveit2/install/moveit_task_constructor_demo:/home/zx/ws_moveit2/install/moveit_task_constructor_capabilities:/home/zx/ws_moveit2/install/moveit_task_constructor_core:/home/zx/ws_moveit2/install/moveit_ros_control_interface:/home/zx/ws_moveit2/install/moveit_plugins:/home/zx/ws_moveit2/install/moveit_simple_controller_manager:/home/zx/ws_moveit2/install/moveit_setup_assistant:/home/zx/ws_moveit2/install/moveit_setup_srdf_plugins:/home/zx/ws_moveit2/install/moveit_setup_core_plugins:/home/zx/ws_moveit2/install/moveit_setup_controllers:/home/zx/ws_moveit2/install/moveit_setup_app_plugins:/home/zx/ws_moveit2/install/moveit_setup_framework:/home/zx/ws_moveit2/install/moveit_servo:/home/zx/ws_moveit2/install/moveit_ros:/home/zx/ws_moveit2/install/moveit_ros_visualization:/home/zx/ws_moveit2/install/moveit_hybrid_planning:/home/zx/ws_moveit2/install/moveit_ros_planning_interface:/home/zx/ws_moveit2/install/moveit_ros_benchmarks:/home/zx/ws_moveit2/install/moveit_ros_warehouse:/home/zx/ws_moveit2/install/moveit_ros_robot_interaction:/home/zx/ws_moveit2/install/moveit_ros_perception:/home/zx/ws_moveit2/install/moveit_resources_prbt_pg70_support:/home/zx/ws_moveit2/install/moveit_resources_prbt_moveit_config:/home/zx/ws_moveit2/install/moveit_ros_move_group:/home/zx/ws_moveit2/install/moveit_planners_ompl:/home/zx/ws_moveit2/install/moveit_ros_planning:/home/zx/ws_moveit2/install/moveit_ros_occupancy_map_monitor:/home/zx/ws_moveit2/install/moveit_resources_prbt_ikfast_manipulator_plugin:/home/zx/ws_moveit2/install/moveit_planners_chomp:/home/zx/ws_moveit2/install/moveit_kinematics:/home/zx/ws_moveit2/install/moveit_chomp_optimizer_adapter:/home/zx/ws_moveit2/install/chomp_motion_planner:/home/zx/ws_moveit2/install/moveit_core:/home/zx/ws_moveit2/install/srdfdom:/home/zx/ws_moveit2/install/serial_demo:/home/zx/ws_moveit2/install/serial_can:/home/zx/ws_moveit2/install/serial:/home/zx/ws_moveit2/install/rviz_marker_tools:/home/zx/ws_moveit2/install/rosparam_shortcuts:/home/zx/ws_moveit2/install/moveit_task_constructor_msgs:/home/zx/ws_moveit2/install/moveit_resources_prbt_support:/home/zx/ws_moveit2/install/moveit_resources:/home/zx/ws_moveit2/install/moveit_resources_pr2_description:/home/zx/ws_moveit2/install/moveit_resources_panda_moveit_config:/home/zx/ws_moveit2/install/moveit_resources_panda_description:/home/zx/ws_moveit2/install/moveit_resources_fanuc_moveit_config:/home/zx/ws_moveit2/install/moveit_resources_fanuc_description:/home/zx/ws_moveit2/install/moveit_common:/opt/ros/humble CMAKE_PREFIX_PATH=/home/zx/ws_moveit2/install/moveit_resources_prbt_pg70_support:/home/zx/ws_moveit2/install/moveit_ros_planning_interface:/home/zx/ws_moveit2/install/moveit_resources_prbt_moveit_config:/home/zx/ws_moveit2/install/moveit_ros_move_group:/home/zx/ws_moveit2/install/moveit_ros_warehouse:/home/zx/ws_moveit2/install/moveit_kinematics:/home/zx/ws_moveit2/install/moveit_ros_planning:/home/zx/ws_moveit2/install/pilz_industrial_motion_planner_testutils:/home/zx/ws_moveit2/install/moveit_ros_occupancy_map_monitor:/home/zx/ws_moveit2/install/moveit_resources_prbt_ikfast_manipulator_plugin:/home/zx/ws_moveit2/install/moveit_core:/home/zx/ws_moveit2/install/moveit_resources_panda_moveit_config:/home/zx/ws_moveit2/install/srdfdom:/home/zx/ws_moveit2/install/moveit_resources_prbt_support:/home/zx/ws_moveit2/install/moveit_resources_panda_description:/home/zx/ws_moveit2/install/moveit_common:/home/zx/ws_moveit2/install/urdf_2:/home/zx/ws_moveit2/install/moveit_runtime:/home/zx/ws_moveit2/install/moveit2_tutorials:/home/zx/ws_moveit2/install/moveit:/home/zx/ws_moveit2/install/moveit_planners:/home/zx/ws_moveit2/install/pilz_industrial_motion_planner:/home/zx/ws_moveit2/install/moveit_visual_tools:/home/zx/ws_moveit2/install/moveit_task_constructor_visualization:/home/zx/ws_moveit2/install/moveit_task_constructor_demo:/home/zx/ws_moveit2/install/moveit_task_constructor_capabilities:/home/zx/ws_moveit2/install/moveit_task_constructor_core:/home/zx/ws_moveit2/install/moveit_ros_control_interface:/home/zx/ws_moveit2/install/moveit_plugins:/home/zx/ws_moveit2/install/moveit_simple_controller_manager:/home/zx/ws_moveit2/install/moveit_setup_assistant:/home/zx/ws_moveit2/install/moveit_setup_srdf_plugins:/home/zx/ws_moveit2/install/moveit_setup_core_plugins:/home/zx/ws_moveit2/install/moveit_setup_controllers:/home/zx/ws_moveit2/install/moveit_setup_app_plugins:/home/zx/ws_moveit2/install/moveit_setup_framework:/home/zx/ws_moveit2/install/moveit_servo:/home/zx/ws_moveit2/install/moveit_ros:/home/zx/ws_moveit2/install/moveit_ros_visualization:/home/zx/ws_moveit2/install/moveit_hybrid_planning:/home/zx/ws_moveit2/install/moveit_ros_benchmarks:/home/zx/ws_moveit2/install/moveit_ros_robot_interaction:/home/zx/ws_moveit2/install/moveit_ros_perception:/home/zx/ws_moveit2/install/moveit_planners_ompl:/home/zx/ws_moveit2/install/moveit_planners_chomp:/home/zx/ws_moveit2/install/moveit_chomp_optimizer_adapter:/home/zx/ws_moveit2/install/chomp_motion_planner:/home/zx/ws_moveit2/install/serial_demo:/home/zx/ws_moveit2/install/serial_can:/home/zx/ws_moveit2/install/serial:/home/zx/ws_moveit2/install/rviz_marker_tools:/home/zx/ws_moveit2/install/rosparam_shortcuts:/home/zx/ws_moveit2/install/moveit_task_constructor_msgs:/home/zx/ws_moveit2/install/moveit_resources:/home/zx/ws_moveit2/install/moveit_resources_pr2_description:/home/zx/ws_moveit2/install/moveit_resources_fanuc_moveit_config:/home/zx/ws_moveit2/install/moveit_resources_fanuc_description:/home/zx/ws_moveit2/install/tihu_2:/home/zx/ws_moveit2/install/moveit_configs_utils:/home/zx/ws_moveit2/install/launch_param_builder:/opt/ros/humble LD_LIBRARY_PATH=/home/zx/ws_moveit2/install/moveit_ros_planning_interface/lib:/home/zx/ws_moveit2/install/moveit_ros_move_group/lib:/home/zx/ws_moveit2/install/moveit_ros_warehouse/lib:/home/zx/ws_moveit2/install/moveit_kinematics/lib:/home/zx/ws_moveit2/install/moveit_ros_planning/lib:/home/zx/ws_moveit2/install/pilz_industrial_motion_planner_testutils/lib:/home/zx/ws_moveit2/install/moveit_ros_occupancy_map_monitor/lib:/home/zx/ws_moveit2/install/moveit_resources_prbt_ikfast_manipulator_plugin/lib:/home/zx/ws_moveit2/install/moveit_core/lib:/home/zx/ws_moveit2/install/srdfdom/lib:/home/zx/ws_moveit2/install/pilz_industrial_motion_planner/lib:/home/zx/ws_moveit2/install/moveit_visual_tools/lib:/home/zx/ws_moveit2/install/moveit_task_constructor_visualization/lib:/home/zx/ws_moveit2/install/moveit_task_constructor_demo/lib:/home/zx/ws_moveit2/install/moveit_task_constructor_capabilities/lib:/home/zx/ws_moveit2/install/moveit_task_constructor_core/lib:/home/zx/ws_moveit2/install/moveit_ros_control_interface/lib:/home/zx/ws_moveit2/install/moveit_simple_controller_manager/lib:/home/zx/ws_moveit2/install/moveit_setup_assistant/lib:/home/zx/ws_moveit2/install/moveit_setup_srdf_plugins/lib:/home/zx/ws_moveit2/install/moveit_setup_core_plugins/lib:/home/zx/ws_moveit2/install/moveit_setup_controllers/lib:/home/zx/ws_moveit2/install/moveit_setup_app_plugins/lib:/home/zx/ws_moveit2/install/moveit_setup_framework/lib:/home/zx/ws_moveit2/install/moveit_servo/lib:/home/zx/ws_moveit2/install/moveit_ros_visualization/lib:/home/zx/ws_moveit2/install/moveit_hybrid_planning/lib:/home/zx/ws_moveit2/install/moveit_ros_benchmarks/lib:/home/zx/ws_moveit2/install/moveit_ros_robot_interaction/lib:/home/zx/ws_moveit2/install/moveit_ros_perception/lib:/home/zx/ws_moveit2/install/moveit_planners_ompl/lib:/home/zx/ws_moveit2/install/moveit_planners_chomp/lib:/home/zx/ws_moveit2/install/moveit_chomp_optimizer_adapter/lib:/home/zx/ws_moveit2/install/chomp_motion_planner/lib:/home/zx/ws_moveit2/install/serial_can/lib:/home/zx/ws_moveit2/install/serial/lib:/home/zx/ws_moveit2/install/rviz_marker_tools/lib:/home/zx/ws_moveit2/install/rosparam_shortcuts/lib:/home/zx/ws_moveit2/install/moveit_task_constructor_msgs/lib:/opt/ros/humble/opt/rviz_ogre_vendor/lib:/opt/ros/humble/lib/x86_64-linux-gnu:/opt/ros/humble/lib PYTHONPATH=/home/zx/ws_moveit2/install/moveit_configs_utils/lib/python3.10/site-packages:/home/zx/ws_moveit2/install/launch_param_builder/lib/python3.10/site-packages:/home/zx/ws_moveit2/install/tihu_2/lib/python3.10/site-packages:/home/zx/ws_moveit2/install/srdfdom/local/lib/python3.10/dist-packages:/home/zx/ws_moveit2/install/moveit_task_constructor_msgs/local/lib/python3.10/dist-packages:/opt/ros/humble/lib/python3.10/site-packages:/opt/ros/humble/local/lib/python3.10/dist-packages /usr/bin/cmake --build /home/zx/ws_moveit2/build/pilz_industrial_motion_planner -- -j12 -l12
[202.996s] Invoking command in '/home/zx/ws_moveit2/build/pilz_industrial_motion_planner': AMENT_PREFIX_PATH=/home/zx/ws_moveit2/install/moveit_configs_utils:/home/zx/ws_moveit2/install/launch_param_builder:/home/zx/ws_moveit2/install/urdf_2:/home/zx/ws_moveit2/install/tihu_2:/home/zx/ws_moveit2/install/pilz_industrial_motion_planner_testutils:/home/zx/ws_moveit2/install/moveit_runtime:/home/zx/ws_moveit2/install/moveit2_tutorials:/home/zx/ws_moveit2/install/moveit:/home/zx/ws_moveit2/install/moveit_planners:/home/zx/ws_moveit2/install/pilz_industrial_motion_planner:/home/zx/ws_moveit2/install/moveit_visual_tools:/home/zx/ws_moveit2/install/moveit_task_constructor_visualization:/home/zx/ws_moveit2/install/moveit_task_constructor_demo:/home/zx/ws_moveit2/install/moveit_task_constructor_capabilities:/home/zx/ws_moveit2/install/moveit_task_constructor_core:/home/zx/ws_moveit2/install/moveit_ros_control_interface:/home/zx/ws_moveit2/install/moveit_plugins:/home/zx/ws_moveit2/install/moveit_simple_controller_manager:/home/zx/ws_moveit2/install/moveit_setup_assistant:/home/zx/ws_moveit2/install/moveit_setup_srdf_plugins:/home/zx/ws_moveit2/install/moveit_setup_core_plugins:/home/zx/ws_moveit2/install/moveit_setup_controllers:/home/zx/ws_moveit2/install/moveit_setup_app_plugins:/home/zx/ws_moveit2/install/moveit_setup_framework:/home/zx/ws_moveit2/install/moveit_servo:/home/zx/ws_moveit2/install/moveit_ros:/home/zx/ws_moveit2/install/moveit_ros_visualization:/home/zx/ws_moveit2/install/moveit_hybrid_planning:/home/zx/ws_moveit2/install/moveit_ros_planning_interface:/home/zx/ws_moveit2/install/moveit_ros_benchmarks:/home/zx/ws_moveit2/install/moveit_ros_warehouse:/home/zx/ws_moveit2/install/moveit_ros_robot_interaction:/home/zx/ws_moveit2/install/moveit_ros_perception:/home/zx/ws_moveit2/install/moveit_resources_prbt_pg70_support:/home/zx/ws_moveit2/install/moveit_resources_prbt_moveit_config:/home/zx/ws_moveit2/install/moveit_ros_move_group:/home/zx/ws_moveit2/install/moveit_planners_ompl:/home/zx/ws_moveit2/install/moveit_ros_planning:/home/zx/ws_moveit2/install/moveit_ros_occupancy_map_monitor:/home/zx/ws_moveit2/install/moveit_resources_prbt_ikfast_manipulator_plugin:/home/zx/ws_moveit2/install/moveit_planners_chomp:/home/zx/ws_moveit2/install/moveit_kinematics:/home/zx/ws_moveit2/install/moveit_chomp_optimizer_adapter:/home/zx/ws_moveit2/install/chomp_motion_planner:/home/zx/ws_moveit2/install/moveit_core:/home/zx/ws_moveit2/install/srdfdom:/home/zx/ws_moveit2/install/serial_demo:/home/zx/ws_moveit2/install/serial_can:/home/zx/ws_moveit2/install/serial:/home/zx/ws_moveit2/install/rviz_marker_tools:/home/zx/ws_moveit2/install/rosparam_shortcuts:/home/zx/ws_moveit2/install/moveit_task_constructor_msgs:/home/zx/ws_moveit2/install/moveit_resources_prbt_support:/home/zx/ws_moveit2/install/moveit_resources:/home/zx/ws_moveit2/install/moveit_resources_pr2_description:/home/zx/ws_moveit2/install/moveit_resources_panda_moveit_config:/home/zx/ws_moveit2/install/moveit_resources_panda_description:/home/zx/ws_moveit2/install/moveit_resources_fanuc_moveit_config:/home/zx/ws_moveit2/install/moveit_resources_fanuc_description:/home/zx/ws_moveit2/install/moveit_common:/opt/ros/humble CMAKE_PREFIX_PATH=/home/zx/ws_moveit2/install/moveit_resources_prbt_pg70_support:/home/zx/ws_moveit2/install/moveit_ros_planning_interface:/home/zx/ws_moveit2/install/moveit_resources_prbt_moveit_config:/home/zx/ws_moveit2/install/moveit_ros_move_group:/home/zx/ws_moveit2/install/moveit_ros_warehouse:/home/zx/ws_moveit2/install/moveit_kinematics:/home/zx/ws_moveit2/install/moveit_ros_planning:/home/zx/ws_moveit2/install/pilz_industrial_motion_planner_testutils:/home/zx/ws_moveit2/install/moveit_ros_occupancy_map_monitor:/home/zx/ws_moveit2/install/moveit_resources_prbt_ikfast_manipulator_plugin:/home/zx/ws_moveit2/install/moveit_core:/home/zx/ws_moveit2/install/moveit_resources_panda_moveit_config:/home/zx/ws_moveit2/install/srdfdom:/home/zx/ws_moveit2/install/moveit_resources_prbt_support:/home/zx/ws_moveit2/install/moveit_resources_panda_description:/home/zx/ws_moveit2/install/moveit_common:/home/zx/ws_moveit2/install/urdf_2:/home/zx/ws_moveit2/install/moveit_runtime:/home/zx/ws_moveit2/install/moveit2_tutorials:/home/zx/ws_moveit2/install/moveit:/home/zx/ws_moveit2/install/moveit_planners:/home/zx/ws_moveit2/install/pilz_industrial_motion_planner:/home/zx/ws_moveit2/install/moveit_visual_tools:/home/zx/ws_moveit2/install/moveit_task_constructor_visualization:/home/zx/ws_moveit2/install/moveit_task_constructor_demo:/home/zx/ws_moveit2/install/moveit_task_constructor_capabilities:/home/zx/ws_moveit2/install/moveit_task_constructor_core:/home/zx/ws_moveit2/install/moveit_ros_control_interface:/home/zx/ws_moveit2/install/moveit_plugins:/home/zx/ws_moveit2/install/moveit_simple_controller_manager:/home/zx/ws_moveit2/install/moveit_setup_assistant:/home/zx/ws_moveit2/install/moveit_setup_srdf_plugins:/home/zx/ws_moveit2/install/moveit_setup_core_plugins:/home/zx/ws_moveit2/install/moveit_setup_controllers:/home/zx/ws_moveit2/install/moveit_setup_app_plugins:/home/zx/ws_moveit2/install/moveit_setup_framework:/home/zx/ws_moveit2/install/moveit_servo:/home/zx/ws_moveit2/install/moveit_ros:/home/zx/ws_moveit2/install/moveit_ros_visualization:/home/zx/ws_moveit2/install/moveit_hybrid_planning:/home/zx/ws_moveit2/install/moveit_ros_benchmarks:/home/zx/ws_moveit2/install/moveit_ros_robot_interaction:/home/zx/ws_moveit2/install/moveit_ros_perception:/home/zx/ws_moveit2/install/moveit_planners_ompl:/home/zx/ws_moveit2/install/moveit_planners_chomp:/home/zx/ws_moveit2/install/moveit_chomp_optimizer_adapter:/home/zx/ws_moveit2/install/chomp_motion_planner:/home/zx/ws_moveit2/install/serial_demo:/home/zx/ws_moveit2/install/serial_can:/home/zx/ws_moveit2/install/serial:/home/zx/ws_moveit2/install/rviz_marker_tools:/home/zx/ws_moveit2/install/rosparam_shortcuts:/home/zx/ws_moveit2/install/moveit_task_constructor_msgs:/home/zx/ws_moveit2/install/moveit_resources:/home/zx/ws_moveit2/install/moveit_resources_pr2_description:/home/zx/ws_moveit2/install/moveit_resources_fanuc_moveit_config:/home/zx/ws_moveit2/install/moveit_resources_fanuc_description:/home/zx/ws_moveit2/install/tihu_2:/home/zx/ws_moveit2/install/moveit_configs_utils:/home/zx/ws_moveit2/install/launch_param_builder:/opt/ros/humble LD_LIBRARY_PATH=/home/zx/ws_moveit2/install/moveit_ros_planning_interface/lib:/home/zx/ws_moveit2/install/moveit_ros_move_group/lib:/home/zx/ws_moveit2/install/moveit_ros_warehouse/lib:/home/zx/ws_moveit2/install/moveit_kinematics/lib:/home/zx/ws_moveit2/install/moveit_ros_planning/lib:/home/zx/ws_moveit2/install/pilz_industrial_motion_planner_testutils/lib:/home/zx/ws_moveit2/install/moveit_ros_occupancy_map_monitor/lib:/home/zx/ws_moveit2/install/moveit_resources_prbt_ikfast_manipulator_plugin/lib:/home/zx/ws_moveit2/install/moveit_core/lib:/home/zx/ws_moveit2/install/srdfdom/lib:/home/zx/ws_moveit2/install/pilz_industrial_motion_planner/lib:/home/zx/ws_moveit2/install/moveit_visual_tools/lib:/home/zx/ws_moveit2/install/moveit_task_constructor_visualization/lib:/home/zx/ws_moveit2/install/moveit_task_constructor_demo/lib:/home/zx/ws_moveit2/install/moveit_task_constructor_capabilities/lib:/home/zx/ws_moveit2/install/moveit_task_constructor_core/lib:/home/zx/ws_moveit2/install/moveit_ros_control_interface/lib:/home/zx/ws_moveit2/install/moveit_simple_controller_manager/lib:/home/zx/ws_moveit2/install/moveit_setup_assistant/lib:/home/zx/ws_moveit2/install/moveit_setup_srdf_plugins/lib:/home/zx/ws_moveit2/install/moveit_setup_core_plugins/lib:/home/zx/ws_moveit2/install/moveit_setup_controllers/lib:/home/zx/ws_moveit2/install/moveit_setup_app_plugins/lib:/home/zx/ws_moveit2/install/moveit_setup_framework/lib:/home/zx/ws_moveit2/install/moveit_servo/lib:/home/zx/ws_moveit2/install/moveit_ros_visualization/lib:/home/zx/ws_moveit2/install/moveit_hybrid_planning/lib:/home/zx/ws_moveit2/install/moveit_ros_benchmarks/lib:/home/zx/ws_moveit2/install/moveit_ros_robot_interaction/lib:/home/zx/ws_moveit2/install/moveit_ros_perception/lib:/home/zx/ws_moveit2/install/moveit_planners_ompl/lib:/home/zx/ws_moveit2/install/moveit_planners_chomp/lib:/home/zx/ws_moveit2/install/moveit_chomp_optimizer_adapter/lib:/home/zx/ws_moveit2/install/chomp_motion_planner/lib:/home/zx/ws_moveit2/install/serial_can/lib:/home/zx/ws_moveit2/install/serial/lib:/home/zx/ws_moveit2/install/rviz_marker_tools/lib:/home/zx/ws_moveit2/install/rosparam_shortcuts/lib:/home/zx/ws_moveit2/install/moveit_task_constructor_msgs/lib:/opt/ros/humble/opt/rviz_ogre_vendor/lib:/opt/ros/humble/lib/x86_64-linux-gnu:/opt/ros/humble/lib PYTHONPATH=/home/zx/ws_moveit2/install/moveit_configs_utils/lib/python3.10/site-packages:/home/zx/ws_moveit2/install/launch_param_builder/lib/python3.10/site-packages:/home/zx/ws_moveit2/install/tihu_2/lib/python3.10/site-packages:/home/zx/ws_moveit2/install/srdfdom/local/lib/python3.10/dist-packages:/home/zx/ws_moveit2/install/moveit_task_constructor_msgs/local/lib/python3.10/dist-packages:/opt/ros/humble/lib/python3.10/site-packages:/opt/ros/humble/local/lib/python3.10/dist-packages /usr/bin/cmake --install /home/zx/ws_moveit2/build/pilz_industrial_motion_planner
[203.004s] -- Install configuration: "Release"
[203.004s] -- Installing: /home/zx/ws_moveit2/install/pilz_industrial_motion_planner/share/pilz_industrial_motion_planner/plugins/pilz_industrial_motion_planner_plugin_description.xml
[203.007s] -- Installing: /home/zx/ws_moveit2/install/pilz_industrial_motion_planner/share/pilz_industrial_motion_planner/plugins/sequence_capability_plugin_description.xml
[203.007s] -- Installing: /home/zx/ws_moveit2/install/pilz_industrial_motion_planner/share/pilz_industrial_motion_planner/plugins/planning_context_plugin_description.xml
[203.007s] -- Installing: /home/zx/ws_moveit2/install/pilz_industrial_motion_planner/lib/libpilz_industrial_motion_planner.so
[203.008s] -- Set runtime path of "/home/zx/ws_moveit2/install/pilz_industrial_motion_planner/lib/libpilz_industrial_motion_planner.so" to ""
[203.008s] -- Installing: /home/zx/ws_moveit2/install/pilz_industrial_motion_planner/lib/libjoint_limits_common.so
[203.009s] -- Set runtime path of "/home/zx/ws_moveit2/install/pilz_industrial_motion_planner/lib/libjoint_limits_common.so" to ""
[203.009s] -- Installing: /home/zx/ws_moveit2/install/pilz_industrial_motion_planner/lib/libplanning_context_loader_base.so
[203.009s] -- Set runtime path of "/home/zx/ws_moveit2/install/pilz_industrial_motion_planner/lib/libplanning_context_loader_base.so" to ""
[203.009s] -- Installing: /home/zx/ws_moveit2/install/pilz_industrial_motion_planner/lib/libplanning_context_loader_ptp.so
[203.010s] -- Set runtime path of "/home/zx/ws_moveit2/install/pilz_industrial_motion_planner/lib/libplanning_context_loader_ptp.so" to ""
[203.010s] -- Installing: /home/zx/ws_moveit2/install/pilz_industrial_motion_planner/lib/libplanning_context_loader_lin.so
[203.010s] -- Set runtime path of "/home/zx/ws_moveit2/install/pilz_industrial_motion_planner/lib/libplanning_context_loader_lin.so" to ""
[203.010s] -- Installing: /home/zx/ws_moveit2/install/pilz_industrial_motion_planner/lib/libplanning_context_loader_circ.so
[203.011s] -- Set runtime path of "/home/zx/ws_moveit2/install/pilz_industrial_motion_planner/lib/libplanning_context_loader_circ.so" to ""
[203.011s] -- Installing: /home/zx/ws_moveit2/install/pilz_industrial_motion_planner/lib/libcommand_list_manager.so
[203.011s] -- Set runtime path of "/home/zx/ws_moveit2/install/pilz_industrial_motion_planner/lib/libcommand_list_manager.so" to ""
[203.011s] -- Installing: /home/zx/ws_moveit2/install/pilz_industrial_motion_planner/lib/libsequence_capability.so
[203.012s] -- Set runtime path of "/home/zx/ws_moveit2/install/pilz_industrial_motion_planner/lib/libsequence_capability.so" to ""
[203.012s] -- Installing: /home/zx/ws_moveit2/install/pilz_industrial_motion_planner/lib/libtrajectory_generation_common.so
[203.013s] -- Set runtime path of "/home/zx/ws_moveit2/install/pilz_industrial_motion_planner/lib/libtrajectory_generation_common.so" to ""
[203.013s] -- Installing: /home/zx/ws_moveit2/install/pilz_industrial_motion_planner/include
[203.013s] -- Installing: /home/zx/ws_moveit2/install/pilz_industrial_motion_planner/include/joint_limits_copy
[203.013s] -- Installing: /home/zx/ws_moveit2/install/pilz_industrial_motion_planner/include/joint_limits_copy/joint_limits.hpp
[203.013s] -- Installing: /home/zx/ws_moveit2/install/pilz_industrial_motion_planner/include/joint_limits_copy/joint_limits_rosparam.hpp
[203.013s] -- Installing: /home/zx/ws_moveit2/install/pilz_industrial_motion_planner/include/pilz_industrial_motion_planner
[203.013s] -- Installing: /home/zx/ws_moveit2/install/pilz_industrial_motion_planner/include/pilz_industrial_motion_planner/joint_limits_validator.h
[203.013s] -- Installing: /home/zx/ws_moveit2/install/pilz_industrial_motion_planner/include/pilz_industrial_motion_planner/move_group_sequence_action.h
[203.013s] -- Installing: /home/zx/ws_moveit2/install/pilz_industrial_motion_planner/include/pilz_industrial_motion_planner/plan_components_builder.h
[203.013s] -- Installing: /home/zx/ws_moveit2/install/pilz_industrial_motion_planner/include/pilz_industrial_motion_planner/trajectory_functions.h
[203.013s] -- Installing: /home/zx/ws_moveit2/install/pilz_industrial_motion_planner/include/pilz_industrial_motion_planner/planning_context_lin.h
[203.013s] -- Installing: /home/zx/ws_moveit2/install/pilz_industrial_motion_planner/include/pilz_industrial_motion_planner/path_circle_generator.h
[203.014s] -- Installing: /home/zx/ws_moveit2/install/pilz_industrial_motion_planner/include/pilz_industrial_motion_planner/planning_context_base.h
[203.014s] -- Installing: /home/zx/ws_moveit2/install/pilz_industrial_motion_planner/include/pilz_industrial_motion_planner/joint_limits_extension.h
[203.014s] -- Installing: /home/zx/ws_moveit2/install/pilz_industrial_motion_planner/include/pilz_industrial_motion_planner/trajectory_blender_transition_window.h
[203.014s] -- Installing: /home/zx/ws_moveit2/install/pilz_industrial_motion_planner/include/pilz_industrial_motion_planner/cartesian_trajectory_point.h
[203.014s] -- Installing: /home/zx/ws_moveit2/install/pilz_industrial_motion_planner/include/pilz_industrial_motion_planner/trajectory_generation_exceptions.h
[203.014s] -- Installing: /home/zx/ws_moveit2/install/pilz_industrial_motion_planner/include/pilz_industrial_motion_planner/pilz_industrial_motion_planner.h
[203.014s] -- Installing: /home/zx/ws_moveit2/install/pilz_industrial_motion_planner/include/pilz_industrial_motion_planner/planning_context_circ.h
[203.014s] -- Installing: /home/zx/ws_moveit2/install/pilz_industrial_motion_planner/include/pilz_industrial_motion_planner/trajectory_generator_circ.h
[203.014s] -- Installing: /home/zx/ws_moveit2/install/pilz_industrial_motion_planner/include/pilz_industrial_motion_planner/cartesian_limit.h
[203.014s] -- Installing: /home/zx/ws_moveit2/install/pilz_industrial_motion_planner/include/pilz_industrial_motion_planner/capability_names.h
[203.014s] -- Installing: /home/zx/ws_moveit2/install/pilz_industrial_motion_planner/include/pilz_industrial_motion_planner/planning_context_loader_circ.h
[203.014s] -- Installing: /home/zx/ws_moveit2/install/pilz_industrial_motion_planner/include/pilz_industrial_motion_planner/planning_context_loader.h
[203.014s] -- Installing: /home/zx/ws_moveit2/install/pilz_industrial_motion_planner/include/pilz_industrial_motion_planner/cartesian_trajectory.h
[203.014s] -- Installing: /home/zx/ws_moveit2/install/pilz_industrial_motion_planner/include/pilz_industrial_motion_planner/trajectory_blender.h
[203.014s] -- Installing: /home/zx/ws_moveit2/install/pilz_industrial_motion_planner/include/pilz_industrial_motion_planner/planning_context_loader_lin.h
[203.014s] -- Installing: /home/zx/ws_moveit2/install/pilz_industrial_motion_planner/include/pilz_industrial_motion_planner/limits_container.h
[203.015s] -- Installing: /home/zx/ws_moveit2/install/pilz_industrial_motion_planner/include/pilz_industrial_motion_planner/velocity_profile_atrap.h
[203.015s] -- Installing: /home/zx/ws_moveit2/install/pilz_industrial_motion_planner/include/pilz_industrial_motion_planner/joint_limits_interface_extension.h
[203.015s] -- Installing: /home/zx/ws_moveit2/install/pilz_industrial_motion_planner/include/pilz_industrial_motion_planner/trajectory_generator.h
[203.015s] -- Installing: /home/zx/ws_moveit2/install/pilz_industrial_motion_planner/include/pilz_industrial_motion_planner/command_list_manager.h
[203.015s] -- Installing: /home/zx/ws_moveit2/install/pilz_industrial_motion_planner/include/pilz_industrial_motion_planner/joint_limits_aggregator.h
[203.015s] -- Installing: /home/zx/ws_moveit2/install/pilz_industrial_motion_planner/include/pilz_industrial_motion_planner/planning_context_loader_ptp.h
[203.015s] -- Installing: /home/zx/ws_moveit2/install/pilz_industrial_motion_planner/include/pilz_industrial_motion_planner/planning_context_ptp.h
[203.015s] -- Installing: /home/zx/ws_moveit2/install/pilz_industrial_motion_planner/include/pilz_industrial_motion_planner/cartesian_limits_aggregator.h
[203.015s] -- Installing: /home/zx/ws_moveit2/install/pilz_industrial_motion_planner/include/pilz_industrial_motion_planner/joint_limits_container.h
[203.015s] -- Installing: /home/zx/ws_moveit2/install/pilz_industrial_motion_planner/include/pilz_industrial_motion_planner/planning_exceptions.h
[203.015s] -- Installing: /home/zx/ws_moveit2/install/pilz_industrial_motion_planner/include/pilz_industrial_motion_planner/tip_frame_getter.h
[203.015s] -- Installing: /home/zx/ws_moveit2/install/pilz_industrial_motion_planner/include/pilz_industrial_motion_planner/trajectory_blend_request.h
[203.015s] -- Installing: /home/zx/ws_moveit2/install/pilz_industrial_motion_planner/include/pilz_industrial_motion_planner/trajectory_generator_lin.h
[203.015s] -- Installing: /home/zx/ws_moveit2/install/pilz_industrial_motion_planner/include/pilz_industrial_motion_planner/trajectory_blend_response.h
[203.015s] -- Installing: /home/zx/ws_moveit2/install/pilz_industrial_motion_planner/include/pilz_industrial_motion_planner/move_group_sequence_service.h
[203.015s] -- Installing: /home/zx/ws_moveit2/install/pilz_industrial_motion_planner/include/pilz_industrial_motion_planner/trajectory_generator_ptp.h
[203.016s] -- Installing: /home/zx/ws_moveit2/install/pilz_industrial_motion_planner/share/pilz_industrial_motion_planner/environment/library_path.sh
[203.016s] -- Installing: /home/zx/ws_moveit2/install/pilz_industrial_motion_planner/share/pilz_industrial_motion_planner/environment/library_path.dsv
[203.017s] -- Installing: /home/zx/ws_moveit2/install/pilz_industrial_motion_planner/lib/pilz_industrial_motion_planner/unittest_pilz_industrial_motion_planner_direct
[203.018s] -- Set runtime path of "/home/zx/ws_moveit2/install/pilz_industrial_motion_planner/lib/pilz_industrial_motion_planner/unittest_pilz_industrial_motion_planner_direct" to ""
[203.018s] -- Installing: /home/zx/ws_moveit2/install/pilz_industrial_motion_planner/lib/pilz_industrial_motion_planner/unittest_velocity_profile_atrap
[203.019s] -- Set runtime path of "/home/zx/ws_moveit2/install/pilz_industrial_motion_planner/lib/pilz_industrial_motion_planner/unittest_velocity_profile_atrap" to ""
[203.019s] -- Installing: /home/zx/ws_moveit2/install/pilz_industrial_motion_planner/lib/pilz_industrial_motion_planner/unittest_trajectory_generator
[203.020s] -- Set runtime path of "/home/zx/ws_moveit2/install/pilz_industrial_motion_planner/lib/pilz_industrial_motion_planner/unittest_trajectory_generator" to ""
[203.020s] -- Installing: /home/zx/ws_moveit2/install/pilz_industrial_motion_planner/lib/pilz_industrial_motion_planner/unittest_trajectory_functions
[203.021s] -- Set runtime path of "/home/zx/ws_moveit2/install/pilz_industrial_motion_planner/lib/pilz_industrial_motion_planner/unittest_trajectory_functions" to ""
[203.021s] -- Installing: /home/zx/ws_moveit2/install/pilz_industrial_motion_planner/lib/pilz_industrial_motion_planner/unittest_trajectory_blender_transition_window
[203.022s] -- Set runtime path of "/home/zx/ws_moveit2/install/pilz_industrial_motion_planner/lib/pilz_industrial_motion_planner/unittest_trajectory_blender_transition_window" to ""
[203.022s] -- Installing: /home/zx/ws_moveit2/install/pilz_industrial_motion_planner/lib/pilz_industrial_motion_planner/unittest_trajectory_generator_common
[203.024s] -- Set runtime path of "/home/zx/ws_moveit2/install/pilz_industrial_motion_planner/lib/pilz_industrial_motion_planner/unittest_trajectory_generator_common" to ""
[203.024s] -- Installing: /home/zx/ws_moveit2/install/pilz_industrial_motion_planner/lib/pilz_industrial_motion_planner/unittest_trajectory_generator_circ
[203.025s] -- Set runtime path of "/home/zx/ws_moveit2/install/pilz_industrial_motion_planner/lib/pilz_industrial_motion_planner/unittest_trajectory_generator_circ" to ""
[203.025s] -- Installing: /home/zx/ws_moveit2/install/pilz_industrial_motion_planner/lib/pilz_industrial_motion_planner/unittest_trajectory_generator_lin
[203.026s] -- Set runtime path of "/home/zx/ws_moveit2/install/pilz_industrial_motion_planner/lib/pilz_industrial_motion_planner/unittest_trajectory_generator_lin" to ""
[203.026s] -- Installing: /home/zx/ws_moveit2/install/pilz_industrial_motion_planner/lib/pilz_industrial_motion_planner/unittest_trajectory_generator_ptp
[203.028s] -- Set runtime path of "/home/zx/ws_moveit2/install/pilz_industrial_motion_planner/lib/pilz_industrial_motion_planner/unittest_trajectory_generator_ptp" to ""
[203.028s] -- Installing: /home/zx/ws_moveit2/install/pilz_industrial_motion_planner/lib/pilz_industrial_motion_planner/unittest_pilz_industrial_motion_planner
[203.030s] -- Set runtime path of "/home/zx/ws_moveit2/install/pilz_industrial_motion_planner/lib/pilz_industrial_motion_planner/unittest_pilz_industrial_motion_planner" to ""
[203.030s] -- Installing: /home/zx/ws_moveit2/install/pilz_industrial_motion_planner/lib/pilz_industrial_motion_planner/unittest_joint_limit
[203.031s] -- Set runtime path of "/home/zx/ws_moveit2/install/pilz_industrial_motion_planner/lib/pilz_industrial_motion_planner/unittest_joint_limit" to ""
[203.031s] -- Installing: /home/zx/ws_moveit2/install/pilz_industrial_motion_planner/lib/pilz_industrial_motion_planner/unittest_joint_limits_aggregator
[203.032s] -- Set runtime path of "/home/zx/ws_moveit2/install/pilz_industrial_motion_planner/lib/pilz_industrial_motion_planner/unittest_joint_limits_aggregator" to ""
[203.032s] -- Installing: /home/zx/ws_moveit2/install/pilz_industrial_motion_planner/lib/pilz_industrial_motion_planner/unittest_joint_limits_container
[203.033s] -- Set runtime path of "/home/zx/ws_moveit2/install/pilz_industrial_motion_planner/lib/pilz_industrial_motion_planner/unittest_joint_limits_container" to ""
[203.033s] -- Installing: /home/zx/ws_moveit2/install/pilz_industrial_motion_planner/lib/pilz_industrial_motion_planner/unittest_joint_limits_validator
[203.034s] -- Set runtime path of "/home/zx/ws_moveit2/install/pilz_industrial_motion_planner/lib/pilz_industrial_motion_planner/unittest_joint_limits_validator" to ""
[203.034s] -- Installing: /home/zx/ws_moveit2/install/pilz_industrial_motion_planner/lib/pilz_industrial_motion_planner/unittest_cartesian_limits_aggregator
[203.035s] -- Set runtime path of "/home/zx/ws_moveit2/install/pilz_industrial_motion_planner/lib/pilz_industrial_motion_planner/unittest_cartesian_limits_aggregator" to ""
[203.035s] -- Installing: /home/zx/ws_moveit2/install/pilz_industrial_motion_planner/lib/pilz_industrial_motion_planner/unittest_planning_context_loaders
[203.037s] -- Set runtime path of "/home/zx/ws_moveit2/install/pilz_industrial_motion_planner/lib/pilz_industrial_motion_planner/unittest_planning_context_loaders" to ""
[203.037s] -- Installing: /home/zx/ws_moveit2/install/pilz_industrial_motion_planner/lib/pilz_industrial_motion_planner/unittest_planning_context
[203.039s] -- Set runtime path of "/home/zx/ws_moveit2/install/pilz_industrial_motion_planner/lib/pilz_industrial_motion_planner/unittest_planning_context" to ""
[203.039s] -- Installing: /home/zx/ws_moveit2/install/pilz_industrial_motion_planner/lib/pilz_industrial_motion_planner/unittest_get_solver_tip_frame
[203.041s] -- Set runtime path of "/home/zx/ws_moveit2/install/pilz_industrial_motion_planner/lib/pilz_industrial_motion_planner/unittest_get_solver_tip_frame" to ""
[203.041s] -- Installing: /home/zx/ws_moveit2/install/pilz_industrial_motion_planner/share/pilz_industrial_motion_planner/config
[203.041s] -- Installing: /home/zx/ws_moveit2/install/pilz_industrial_motion_planner/share/pilz_industrial_motion_planner/config/unittest_trajectory_generator_circ.yaml
[203.041s] -- Installing: /home/zx/ws_moveit2/install/pilz_industrial_motion_planner/share/pilz_industrial_motion_planner/config/unittest_cartesian_limits_aggregator.yaml
[203.041s] -- Installing: /home/zx/ws_moveit2/install/pilz_industrial_motion_planner/share/pilz_industrial_motion_planner/config/unittest_trajectory_blender_transition_window.yaml
[203.041s] -- Installing: /home/zx/ws_moveit2/install/pilz_industrial_motion_planner/share/pilz_industrial_motion_planner/config/unittest_joint_limit_config.yaml
[203.041s] -- Installing: /home/zx/ws_moveit2/install/pilz_industrial_motion_planner/share/pilz_industrial_motion_planner/config/unittest_trajectory_generator_lin.yaml
[203.041s] -- Installing: /home/zx/ws_moveit2/install/pilz_industrial_motion_planner/share/pilz_industrial_motion_planner/config/unittest_trajectory_generator_common.yaml
[203.042s] -- Installing: /home/zx/ws_moveit2/install/pilz_industrial_motion_planner/share/pilz_industrial_motion_planner/config/unittest_trajectory_generator_ptp.yaml
[203.042s] -- Installing: /home/zx/ws_moveit2/install/pilz_industrial_motion_planner/share/pilz_industrial_motion_planner/config/unittest_trajectory_functions.yaml
[203.042s] -- Installing: /home/zx/ws_moveit2/install/pilz_industrial_motion_planner/share/pilz_industrial_motion_planner/config/unittest_joint_limits_aggregator.yaml
[203.042s] -- Installing: /home/zx/ws_moveit2/install/pilz_industrial_motion_planner/share/pilz_industrial_motion_planner/launch
[203.042s] -- Installing: /home/zx/ws_moveit2/install/pilz_industrial_motion_planner/share/pilz_industrial_motion_planner/launch/unittest_pilz_industrial_motion_planner.test.py
[203.042s] -- Installing: /home/zx/ws_moveit2/install/pilz_industrial_motion_planner/share/pilz_industrial_motion_planner/launch/unittest_trajectory_functions.test.py
[203.042s] -- Installing: /home/zx/ws_moveit2/install/pilz_industrial_motion_planner/share/pilz_industrial_motion_planner/launch/unittest_planning_context_loaders.test.py
[203.042s] -- Installing: /home/zx/ws_moveit2/install/pilz_industrial_motion_planner/share/pilz_industrial_motion_planner/launch/unittest_joint_limits_aggregator.test.py
[203.042s] -- Installing: /home/zx/ws_moveit2/install/pilz_industrial_motion_planner/share/pilz_industrial_motion_planner/launch/unittest_planning_context.test.py
[203.043s] -- Installing: /home/zx/ws_moveit2/install/pilz_industrial_motion_planner/share/pilz_industrial_motion_planner/launch/unittest_trajectory_generator_common.test.py
[203.043s] -- Installing: /home/zx/ws_moveit2/install/pilz_industrial_motion_planner/share/pilz_industrial_motion_planner/launch/unittest_cartesian_limits_aggregator.test.py
[203.043s] -- Installing: /home/zx/ws_moveit2/install/pilz_industrial_motion_planner/share/pilz_industrial_motion_planner/launch/unittest_trajectory_blender_transition_window.test.py
[203.043s] -- Installing: /home/zx/ws_moveit2/install/pilz_industrial_motion_planner/share/pilz_industrial_motion_planner/launch/unittest_trajectory_generator_circ.test.py
[203.043s] -- Installing: /home/zx/ws_moveit2/install/pilz_industrial_motion_planner/share/pilz_industrial_motion_planner/launch/unittest_trajectory_generator_lin.test.py
[203.043s] -- Installing: /home/zx/ws_moveit2/install/pilz_industrial_motion_planner/share/pilz_industrial_motion_planner/launch/common_parameters.py
[203.043s] -- Installing: /home/zx/ws_moveit2/install/pilz_industrial_motion_planner/share/pilz_industrial_motion_planner/launch/unittest_trajectory_generator_ptp.test.py
[203.043s] -- Installing: /home/zx/ws_moveit2/install/pilz_industrial_motion_planner/share/pilz_industrial_motion_planner/launch/unittest_joint_limit.test.py
[203.044s] -- Installing: /home/zx/ws_moveit2/install/pilz_industrial_motion_planner/share/pilz_industrial_motion_planner/test_data
[203.044s] -- Installing: /home/zx/ws_moveit2/install/pilz_industrial_motion_planner/share/pilz_industrial_motion_planner/test_data/frankaemika_panda
[203.044s] -- Installing: /home/zx/ws_moveit2/install/pilz_industrial_motion_planner/share/pilz_industrial_motion_planner/test_data/frankaemika_panda/testdata_sequence.xml
[203.044s] -- Installing: /home/zx/ws_moveit2/install/pilz_industrial_motion_planner/share/pilz_industrial_motion_planner/test_data/prbt
[203.044s] -- Installing: /home/zx/ws_moveit2/install/pilz_industrial_motion_planner/share/pilz_industrial_motion_planner/test_data/prbt/testdata_with_gripper.xml
[203.044s] -- Installing: /home/zx/ws_moveit2/install/pilz_industrial_motion_planner/share/pilz_industrial_motion_planner/test_data/prbt/testdata_deprecated.xml
[203.044s] -- Installing: /home/zx/ws_moveit2/install/pilz_industrial_motion_planner/share/pilz_industrial_motion_planner/test_data/prbt/testdata_sequence.xml
[203.044s] -- Installing: /home/zx/ws_moveit2/install/pilz_industrial_motion_planner/share/pilz_industrial_motion_planner/test_data/concept_testdata.png
[203.045s] -- Installing: /home/zx/ws_moveit2/install/pilz_industrial_motion_planner/share/pilz_industrial_motion_planner/test_data/concept_testdata.odp
[203.045s] -- Installing: /home/zx/ws_moveit2/install/pilz_industrial_motion_planner/share/pilz_industrial_motion_planner/test_data/testpoints.py
[203.045s] -- Installing: /home/zx/ws_moveit2/install/pilz_industrial_motion_planner/share/ament_index/resource_index/package_run_dependencies/pilz_industrial_motion_planner
[203.045s] -- Installing: /home/zx/ws_moveit2/install/pilz_industrial_motion_planner/share/ament_index/resource_index/parent_prefix_path/pilz_industrial_motion_planner
[203.045s] -- Installing: /home/zx/ws_moveit2/install/pilz_industrial_motion_planner/share/pilz_industrial_motion_planner/environment/ament_prefix_path.sh
[203.045s] -- Installing: /home/zx/ws_moveit2/install/pilz_industrial_motion_planner/share/pilz_industrial_motion_planner/environment/ament_prefix_path.dsv
[203.045s] -- Installing: /home/zx/ws_moveit2/install/pilz_industrial_motion_planner/share/pilz_industrial_motion_planner/environment/path.sh
[203.045s] -- Installing: /home/zx/ws_moveit2/install/pilz_industrial_motion_planner/share/pilz_industrial_motion_planner/environment/path.dsv
[203.045s] -- Installing: /home/zx/ws_moveit2/install/pilz_industrial_motion_planner/share/pilz_industrial_motion_planner/local_setup.bash
[203.046s] -- Installing: /home/zx/ws_moveit2/install/pilz_industrial_motion_planner/share/pilz_industrial_motion_planner/local_setup.sh
[203.046s] -- Installing: /home/zx/ws_moveit2/install/pilz_industrial_motion_planner/share/pilz_industrial_motion_planner/local_setup.zsh
[203.046s] -- Installing: /home/zx/ws_moveit2/install/pilz_industrial_motion_planner/share/pilz_industrial_motion_planner/local_setup.dsv
[203.046s] -- Installing: /home/zx/ws_moveit2/install/pilz_industrial_motion_planner/share/pilz_industrial_motion_planner/package.dsv
[203.046s] -- Installing: /home/zx/ws_moveit2/install/pilz_industrial_motion_planner/share/ament_index/resource_index/packages/pilz_industrial_motion_planner
[203.046s] -- Installing: /home/zx/ws_moveit2/install/pilz_industrial_motion_planner/share/ament_index/resource_index/moveit_core__pluginlib__plugin/pilz_industrial_motion_planner
[203.046s] -- Installing: /home/zx/ws_moveit2/install/pilz_industrial_motion_planner/share/ament_index/resource_index/moveit_ros_move_group__pluginlib__plugin/pilz_industrial_motion_planner
[203.046s] -- Installing: /home/zx/ws_moveit2/install/pilz_industrial_motion_planner/share/ament_index/resource_index/pilz_industrial_motion_planner__pluginlib__plugin/pilz_industrial_motion_planner
[203.046s] -- Installing: /home/zx/ws_moveit2/install/pilz_industrial_motion_planner/share/pilz_industrial_motion_planner/cmake/pilz_industrial_motion_plannerTargetsExport.cmake
[203.047s] -- Installing: /home/zx/ws_moveit2/install/pilz_industrial_motion_planner/share/pilz_industrial_motion_planner/cmake/pilz_industrial_motion_plannerTargetsExport-release.cmake
[203.047s] -- Installing: /home/zx/ws_moveit2/install/pilz_industrial_motion_planner/share/pilz_industrial_motion_planner/cmake/ament_cmake_export_include_directories-extras.cmake
[203.047s] -- Installing: /home/zx/ws_moveit2/install/pilz_industrial_motion_planner/share/pilz_industrial_motion_planner/cmake/ament_cmake_export_targets-extras.cmake
[203.047s] -- Installing: /home/zx/ws_moveit2/install/pilz_industrial_motion_planner/share/pilz_industrial_motion_planner/cmake/ament_cmake_export_dependencies-extras.cmake
[203.047s] -- Installing: /home/zx/ws_moveit2/install/pilz_industrial_motion_planner/share/pilz_industrial_motion_planner/cmake/pilz_industrial_motion_plannerConfig.cmake
[203.047s] -- Installing: /home/zx/ws_moveit2/install/pilz_industrial_motion_planner/share/pilz_industrial_motion_planner/cmake/pilz_industrial_motion_plannerConfig-version.cmake
[203.047s] -- Installing: /home/zx/ws_moveit2/install/pilz_industrial_motion_planner/share/pilz_industrial_motion_planner/package.xml
[203.050s] Invoked command in '/home/zx/ws_moveit2/build/pilz_industrial_motion_planner' returned '0': AMENT_PREFIX_PATH=/home/zx/ws_moveit2/install/moveit_configs_utils:/home/zx/ws_moveit2/install/launch_param_builder:/home/zx/ws_moveit2/install/urdf_2:/home/zx/ws_moveit2/install/tihu_2:/home/zx/ws_moveit2/install/pilz_industrial_motion_planner_testutils:/home/zx/ws_moveit2/install/moveit_runtime:/home/zx/ws_moveit2/install/moveit2_tutorials:/home/zx/ws_moveit2/install/moveit:/home/zx/ws_moveit2/install/moveit_planners:/home/zx/ws_moveit2/install/pilz_industrial_motion_planner:/home/zx/ws_moveit2/install/moveit_visual_tools:/home/zx/ws_moveit2/install/moveit_task_constructor_visualization:/home/zx/ws_moveit2/install/moveit_task_constructor_demo:/home/zx/ws_moveit2/install/moveit_task_constructor_capabilities:/home/zx/ws_moveit2/install/moveit_task_constructor_core:/home/zx/ws_moveit2/install/moveit_ros_control_interface:/home/zx/ws_moveit2/install/moveit_plugins:/home/zx/ws_moveit2/install/moveit_simple_controller_manager:/home/zx/ws_moveit2/install/moveit_setup_assistant:/home/zx/ws_moveit2/install/moveit_setup_srdf_plugins:/home/zx/ws_moveit2/install/moveit_setup_core_plugins:/home/zx/ws_moveit2/install/moveit_setup_controllers:/home/zx/ws_moveit2/install/moveit_setup_app_plugins:/home/zx/ws_moveit2/install/moveit_setup_framework:/home/zx/ws_moveit2/install/moveit_servo:/home/zx/ws_moveit2/install/moveit_ros:/home/zx/ws_moveit2/install/moveit_ros_visualization:/home/zx/ws_moveit2/install/moveit_hybrid_planning:/home/zx/ws_moveit2/install/moveit_ros_planning_interface:/home/zx/ws_moveit2/install/moveit_ros_benchmarks:/home/zx/ws_moveit2/install/moveit_ros_warehouse:/home/zx/ws_moveit2/install/moveit_ros_robot_interaction:/home/zx/ws_moveit2/install/moveit_ros_perception:/home/zx/ws_moveit2/install/moveit_resources_prbt_pg70_support:/home/zx/ws_moveit2/install/moveit_resources_prbt_moveit_config:/home/zx/ws_moveit2/install/moveit_ros_move_group:/home/zx/ws_moveit2/install/moveit_planners_ompl:/home/zx/ws_moveit2/install/moveit_ros_planning:/home/zx/ws_moveit2/install/moveit_ros_occupancy_map_monitor:/home/zx/ws_moveit2/install/moveit_resources_prbt_ikfast_manipulator_plugin:/home/zx/ws_moveit2/install/moveit_planners_chomp:/home/zx/ws_moveit2/install/moveit_kinematics:/home/zx/ws_moveit2/install/moveit_chomp_optimizer_adapter:/home/zx/ws_moveit2/install/chomp_motion_planner:/home/zx/ws_moveit2/install/moveit_core:/home/zx/ws_moveit2/install/srdfdom:/home/zx/ws_moveit2/install/serial_demo:/home/zx/ws_moveit2/install/serial_can:/home/zx/ws_moveit2/install/serial:/home/zx/ws_moveit2/install/rviz_marker_tools:/home/zx/ws_moveit2/install/rosparam_shortcuts:/home/zx/ws_moveit2/install/moveit_task_constructor_msgs:/home/zx/ws_moveit2/install/moveit_resources_prbt_support:/home/zx/ws_moveit2/install/moveit_resources:/home/zx/ws_moveit2/install/moveit_resources_pr2_description:/home/zx/ws_moveit2/install/moveit_resources_panda_moveit_config:/home/zx/ws_moveit2/install/moveit_resources_panda_description:/home/zx/ws_moveit2/install/moveit_resources_fanuc_moveit_config:/home/zx/ws_moveit2/install/moveit_resources_fanuc_description:/home/zx/ws_moveit2/install/moveit_common:/opt/ros/humble CMAKE_PREFIX_PATH=/home/zx/ws_moveit2/install/moveit_resources_prbt_pg70_support:/home/zx/ws_moveit2/install/moveit_ros_planning_interface:/home/zx/ws_moveit2/install/moveit_resources_prbt_moveit_config:/home/zx/ws_moveit2/install/moveit_ros_move_group:/home/zx/ws_moveit2/install/moveit_ros_warehouse:/home/zx/ws_moveit2/install/moveit_kinematics:/home/zx/ws_moveit2/install/moveit_ros_planning:/home/zx/ws_moveit2/install/pilz_industrial_motion_planner_testutils:/home/zx/ws_moveit2/install/moveit_ros_occupancy_map_monitor:/home/zx/ws_moveit2/install/moveit_resources_prbt_ikfast_manipulator_plugin:/home/zx/ws_moveit2/install/moveit_core:/home/zx/ws_moveit2/install/moveit_resources_panda_moveit_config:/home/zx/ws_moveit2/install/srdfdom:/home/zx/ws_moveit2/install/moveit_resources_prbt_support:/home/zx/ws_moveit2/install/moveit_resources_panda_description:/home/zx/ws_moveit2/install/moveit_common:/home/zx/ws_moveit2/install/urdf_2:/home/zx/ws_moveit2/install/moveit_runtime:/home/zx/ws_moveit2/install/moveit2_tutorials:/home/zx/ws_moveit2/install/moveit:/home/zx/ws_moveit2/install/moveit_planners:/home/zx/ws_moveit2/install/pilz_industrial_motion_planner:/home/zx/ws_moveit2/install/moveit_visual_tools:/home/zx/ws_moveit2/install/moveit_task_constructor_visualization:/home/zx/ws_moveit2/install/moveit_task_constructor_demo:/home/zx/ws_moveit2/install/moveit_task_constructor_capabilities:/home/zx/ws_moveit2/install/moveit_task_constructor_core:/home/zx/ws_moveit2/install/moveit_ros_control_interface:/home/zx/ws_moveit2/install/moveit_plugins:/home/zx/ws_moveit2/install/moveit_simple_controller_manager:/home/zx/ws_moveit2/install/moveit_setup_assistant:/home/zx/ws_moveit2/install/moveit_setup_srdf_plugins:/home/zx/ws_moveit2/install/moveit_setup_core_plugins:/home/zx/ws_moveit2/install/moveit_setup_controllers:/home/zx/ws_moveit2/install/moveit_setup_app_plugins:/home/zx/ws_moveit2/install/moveit_setup_framework:/home/zx/ws_moveit2/install/moveit_servo:/home/zx/ws_moveit2/install/moveit_ros:/home/zx/ws_moveit2/install/moveit_ros_visualization:/home/zx/ws_moveit2/install/moveit_hybrid_planning:/home/zx/ws_moveit2/install/moveit_ros_benchmarks:/home/zx/ws_moveit2/install/moveit_ros_robot_interaction:/home/zx/ws_moveit2/install/moveit_ros_perception:/home/zx/ws_moveit2/install/moveit_planners_ompl:/home/zx/ws_moveit2/install/moveit_planners_chomp:/home/zx/ws_moveit2/install/moveit_chomp_optimizer_adapter:/home/zx/ws_moveit2/install/chomp_motion_planner:/home/zx/ws_moveit2/install/serial_demo:/home/zx/ws_moveit2/install/serial_can:/home/zx/ws_moveit2/install/serial:/home/zx/ws_moveit2/install/rviz_marker_tools:/home/zx/ws_moveit2/install/rosparam_shortcuts:/home/zx/ws_moveit2/install/moveit_task_constructor_msgs:/home/zx/ws_moveit2/install/moveit_resources:/home/zx/ws_moveit2/install/moveit_resources_pr2_description:/home/zx/ws_moveit2/install/moveit_resources_fanuc_moveit_config:/home/zx/ws_moveit2/install/moveit_resources_fanuc_description:/home/zx/ws_moveit2/install/tihu_2:/home/zx/ws_moveit2/install/moveit_configs_utils:/home/zx/ws_moveit2/install/launch_param_builder:/opt/ros/humble LD_LIBRARY_PATH=/home/zx/ws_moveit2/install/moveit_ros_planning_interface/lib:/home/zx/ws_moveit2/install/moveit_ros_move_group/lib:/home/zx/ws_moveit2/install/moveit_ros_warehouse/lib:/home/zx/ws_moveit2/install/moveit_kinematics/lib:/home/zx/ws_moveit2/install/moveit_ros_planning/lib:/home/zx/ws_moveit2/install/pilz_industrial_motion_planner_testutils/lib:/home/zx/ws_moveit2/install/moveit_ros_occupancy_map_monitor/lib:/home/zx/ws_moveit2/install/moveit_resources_prbt_ikfast_manipulator_plugin/lib:/home/zx/ws_moveit2/install/moveit_core/lib:/home/zx/ws_moveit2/install/srdfdom/lib:/home/zx/ws_moveit2/install/pilz_industrial_motion_planner/lib:/home/zx/ws_moveit2/install/moveit_visual_tools/lib:/home/zx/ws_moveit2/install/moveit_task_constructor_visualization/lib:/home/zx/ws_moveit2/install/moveit_task_constructor_demo/lib:/home/zx/ws_moveit2/install/moveit_task_constructor_capabilities/lib:/home/zx/ws_moveit2/install/moveit_task_constructor_core/lib:/home/zx/ws_moveit2/install/moveit_ros_control_interface/lib:/home/zx/ws_moveit2/install/moveit_simple_controller_manager/lib:/home/zx/ws_moveit2/install/moveit_setup_assistant/lib:/home/zx/ws_moveit2/install/moveit_setup_srdf_plugins/lib:/home/zx/ws_moveit2/install/moveit_setup_core_plugins/lib:/home/zx/ws_moveit2/install/moveit_setup_controllers/lib:/home/zx/ws_moveit2/install/moveit_setup_app_plugins/lib:/home/zx/ws_moveit2/install/moveit_setup_framework/lib:/home/zx/ws_moveit2/install/moveit_servo/lib:/home/zx/ws_moveit2/install/moveit_ros_visualization/lib:/home/zx/ws_moveit2/install/moveit_hybrid_planning/lib:/home/zx/ws_moveit2/install/moveit_ros_benchmarks/lib:/home/zx/ws_moveit2/install/moveit_ros_robot_interaction/lib:/home/zx/ws_moveit2/install/moveit_ros_perception/lib:/home/zx/ws_moveit2/install/moveit_planners_ompl/lib:/home/zx/ws_moveit2/install/moveit_planners_chomp/lib:/home/zx/ws_moveit2/install/moveit_chomp_optimizer_adapter/lib:/home/zx/ws_moveit2/install/chomp_motion_planner/lib:/home/zx/ws_moveit2/install/serial_can/lib:/home/zx/ws_moveit2/install/serial/lib:/home/zx/ws_moveit2/install/rviz_marker_tools/lib:/home/zx/ws_moveit2/install/rosparam_shortcuts/lib:/home/zx/ws_moveit2/install/moveit_task_constructor_msgs/lib:/opt/ros/humble/opt/rviz_ogre_vendor/lib:/opt/ros/humble/lib/x86_64-linux-gnu:/opt/ros/humble/lib PYTHONPATH=/home/zx/ws_moveit2/install/moveit_configs_utils/lib/python3.10/site-packages:/home/zx/ws_moveit2/install/launch_param_builder/lib/python3.10/site-packages:/home/zx/ws_moveit2/install/tihu_2/lib/python3.10/site-packages:/home/zx/ws_moveit2/install/srdfdom/local/lib/python3.10/dist-packages:/home/zx/ws_moveit2/install/moveit_task_constructor_msgs/local/lib/python3.10/dist-packages:/opt/ros/humble/lib/python3.10/site-packages:/opt/ros/humble/local/lib/python3.10/dist-packages /usr/bin/cmake --install /home/zx/ws_moveit2/build/pilz_industrial_motion_planner
